2022-09-08 09:09:56 [com.xxl.job.core.thread.JobThread#run]-[133]-[xxl-job, JobThread-5-1662599396074] <br>----------- xxl-job job execute start -----------<br>----------- Param:
2022-09-08 09:09:56 [com.tq.yuxuan.xxljob.task.MyTask#demoJobHandler]-[29]-[xxl-job, JobThread-5-1662599396074] TransQuant tick回测任务启动.
2022-09-08 09:09:56 [com.tq.yuxuan.xxljob.task.MyTask#demoJobHandler]-[34]-[xxl-job, JobThread-5-1662599396074] 分片参数：当前分片序号 = 0, 总分片数 = 2
2022-09-08 09:10:06 [com.tq.yuxuan.xxljob.task.MyTask#demoJobHandler]-[42]-[xxl-job, JobThread-5-1662599396074] inserting match-info timestep events...
2022-09-08 09:10:06 [com.tq.yuxuan.xxljob.task.MyTask#demoJobHandler]-[42]-[xxl-job, JobThread-5-1662599396074] inserting market timestep events...
2022-09-08 09:10:06 [com.tq.yuxuan.xxljob.task.MyTask#demoJobHandler]-[42]-[xxl-job, JobThread-5-1662599396074] inserting match-info timestep events...
2022-09-08 09:10:06 [com.tq.yuxuan.xxljob.task.MyTask#demoJobHandler]-[42]-[xxl-job, JobThread-5-1662599396074] 2022-02-28 21:00:00.100000 account insert order, id = strategy0_0, price = 4712.0, direction = ORDER_DIRECTION.SELL, code = rb999.shfe
2022-09-08 09:10:06 [com.tq.yuxuan.xxljob.task.MyTask#demoJobHandler]-[42]-[xxl-job, JobThread-5-1662599396074] 2022-02-28 21:00:00.200000 market receive order, id = strategy0_0, price = 4712.0, direction = ORDER_DIRECTION.SELL, code = rb999.shfe
2022-09-08 09:10:06 [com.tq.yuxuan.xxljob.task.MyTask#demoJobHandler]-[42]-[xxl-job, JobThread-5-1662599396074] 2022-02-28 21:00:01.100000 account cancel order, id = strategy0_0, price = 4712.0, direction = ORDER_DIRECTION.SELL, code = rb999.shfe
2022-09-08 09:10:06 [com.tq.yuxuan.xxljob.task.MyTask#demoJobHandler]-[42]-[xxl-job, JobThread-5-1662599396074] 2022-02-28 21:00:01.200000 market match order, id = strategy0_0, info = ('strategy0_0', 5, None, None), code = rb999.shfe
2022-09-08 09:10:06 [com.tq.yuxuan.xxljob.task.MyTask#demoJobHandler]-[42]-[xxl-job, JobThread-5-1662599396074] 2022-02-28 21:00:12.100000 account insert order, id = strategy1_0, price = 4715.0, direction = ORDER_DIRECTION.BUY, code = rb999.shfe
2022-09-08 09:10:06 [com.tq.yuxuan.xxljob.task.MyTask#demoJobHandler]-[42]-[xxl-job, JobThread-5-1662599396074] 2022-02-28 21:00:12.200000 market receive order, id = strategy1_0, price = 4715.0, direction = ORDER_DIRECTION.BUY, code = rb999.shfe
2022-09-08 09:10:06 [com.tq.yuxuan.xxljob.task.MyTask#demoJobHandler]-[42]-[xxl-job, JobThread-5-1662599396074] 2022-02-28 21:00:18.100000 account cancel order, id = strategy1_0, price = 4715.0, direction = ORDER_DIRECTION.BUY, code = rb999.shfe
2022-09-08 09:10:06 [com.tq.yuxuan.xxljob.task.MyTask#demoJobHandler]-[42]-[xxl-job, JobThread-5-1662599396074] 2022-02-28 21:00:18.200000 market match order, id = strategy1_0, info = ('strategy1_0', 5, None, None), code = rb999.shfe
2022-09-08 09:10:06 [com.tq.yuxuan.xxljob.task.MyTask#demoJobHandler]-[42]-[xxl-job, JobThread-5-1662599396074] 2022-02-28 21:00:21.100000 account insert order, id = strategy0_1, price = 4720.0, direction = ORDER_DIRECTION.SELL, code = rb888.shfe
2022-09-08 09:10:06 [com.tq.yuxuan.xxljob.task.MyTask#demoJobHandler]-[42]-[xxl-job, JobThread-5-1662599396074] 2022-02-28 21:00:21.200000 market receive order, id = strategy0_1, price = 4720.0, direction = ORDER_DIRECTION.SELL, code = rb888.shfe
2022-09-08 09:10:06 [com.tq.yuxuan.xxljob.task.MyTask#demoJobHandler]-[42]-[xxl-job, JobThread-5-1662599396074] 2022-02-28 21:00:24.100000 account cancel order, id = strategy0_1, price = 4720.0, direction = ORDER_DIRECTION.SELL, code = rb888.shfe
2022-09-08 09:10:06 [com.tq.yuxuan.xxljob.task.MyTask#demoJobHandler]-[42]-[xxl-job, JobThread-5-1662599396074] 2022-02-28 21:00:24.200000 market match order, id = strategy0_1, info = ('strategy0_1', 5, None, None), code = rb888.shfe
2022-09-08 09:10:06 [com.tq.yuxuan.xxljob.task.MyTask#demoJobHandler]-[42]-[xxl-job, JobThread-5-1662599396074] 2022-02-28 21:00:51.100000 account insert order, id = strategy0_2, price = 4716.0, direction = ORDER_DIRECTION.BUY, code = rb888.shfe
2022-09-08 09:10:06 [com.tq.yuxuan.xxljob.task.MyTask#demoJobHandler]-[42]-[xxl-job, JobThread-5-1662599396074] 2022-02-28 21:00:51.200000 market receive order, id = strategy0_2, price = 4716.0, direction = ORDER_DIRECTION.BUY, code = rb888.shfe
2022-09-08 09:10:06 [com.tq.yuxuan.xxljob.task.MyTask#demoJobHandler]-[42]-[xxl-job, JobThread-5-1662599396074] 2022-02-28 21:00:53.100000 missing order strategy0_2 @ cancelling...
2022-09-08 09:10:06 [com.tq.yuxuan.xxljob.task.MyTask#demoJobHandler]-[42]-[xxl-job, JobThread-5-1662599396074] 2022-02-28 21:00:53.100000 account cancel order, id = strategy0_2, price = 4716.0, direction = ORDER_DIRECTION.BUY, code = rb888.shfe
2022-09-08 09:10:06 [com.tq.yuxuan.xxljob.task.MyTask#demoJobHandler]-[42]-[xxl-job, JobThread-5-1662599396074] 2022-02-28 21:00:53.100000 market match order, id = strategy0_2, info = ('strategy0_2', 4, 4716.0, 1), code = rb888.shfe
2022-09-08 09:10:06 [com.tq.yuxuan.xxljob.task.MyTask#demoJobHandler]-[42]-[xxl-job, JobThread-5-1662599396074] 2022-02-28 21:01:09.100000 account insert order, id = strategy1_1, price = 4720.0, direction = ORDER_DIRECTION.SELL, code = rb999.shfe
2022-09-08 09:10:06 [com.tq.yuxuan.xxljob.task.MyTask#demoJobHandler]-[42]-[xxl-job, JobThread-5-1662599396074] 2022-02-28 21:01:09.200000 market receive order, id = strategy1_1, price = 4720.0, direction = ORDER_DIRECTION.SELL, code = rb999.shfe
2022-09-08 09:10:06 [com.tq.yuxuan.xxljob.task.MyTask#demoJobHandler]-[42]-[xxl-job, JobThread-5-1662599396074] 2022-02-28 21:01:09.200000 market match order, id = strategy1_1, info = ('strategy1_1', 4, 4720.0, 1), code = rb999.shfe
2022-09-08 09:10:06 [com.tq.yuxuan.xxljob.task.MyTask#demoJobHandler]-[42]-[xxl-job, JobThread-5-1662599396074] 2022-02-28 21:01:23.100000 account insert order, id = strategy0_3, price = 4723.0, direction = ORDER_DIRECTION.SELL, code = rb888.shfe
2022-09-08 09:10:06 [com.tq.yuxuan.xxljob.task.MyTask#demoJobHandler]-[42]-[xxl-job, JobThread-5-1662599396074] 2022-02-28 21:01:23.200000 market receive order, id = strategy0_3, price = 4723.0, direction = ORDER_DIRECTION.SELL, code = rb888.shfe
2022-09-08 09:10:06 [com.tq.yuxuan.xxljob.task.MyTask#demoJobHandler]-[42]-[xxl-job, JobThread-5-1662599396074] 2022-02-28 21:01:23.200000 market match order, id = strategy0_3, info = ('strategy0_3', 4, 4723.0, 1), code = rb888.shfe
2022-09-08 09:10:06 [com.tq.yuxuan.xxljob.task.MyTask#demoJobHandler]-[42]-[xxl-job, JobThread-5-1662599396074] 2022-02-28 21:01:28.100000 account insert order, id = strategy0_4, price = 4723.0, direction = ORDER_DIRECTION.BUY, code = rb888.shfe
2022-09-08 09:10:06 [com.tq.yuxuan.xxljob.task.MyTask#demoJobHandler]-[42]-[xxl-job, JobThread-5-1662599396074] 2022-02-28 21:01:28.200000 market receive order, id = strategy0_4, price = 4723.0, direction = ORDER_DIRECTION.BUY, code = rb888.shfe
2022-09-08 09:10:06 [com.tq.yuxuan.xxljob.task.MyTask#demoJobHandler]-[42]-[xxl-job, JobThread-5-1662599396074] 2022-02-28 21:01:30.100000 account cancel order, id = strategy0_4, price = 4723.0, direction = ORDER_DIRECTION.BUY, code = rb888.shfe
2022-09-08 09:10:06 [com.tq.yuxuan.xxljob.task.MyTask#demoJobHandler]-[42]-[xxl-job, JobThread-5-1662599396074] 2022-02-28 21:01:30.200000 market match order, id = strategy0_4, info = ('strategy0_4', 5, None, None), code = rb888.shfe
2022-09-08 09:10:06 [com.tq.yuxuan.xxljob.task.MyTask#demoJobHandler]-[42]-[xxl-job, JobThread-5-1662599396074] 2022-02-28 21:01:31.100000 account insert order, id = strategy1_2, price = 4723.0, direction = ORDER_DIRECTION.BUY, code = rb999.shfe
2022-09-08 09:10:06 [com.tq.yuxuan.xxljob.task.MyTask#demoJobHandler]-[42]-[xxl-job, JobThread-5-1662599396074] 2022-02-28 21:01:31.200000 market receive order, id = strategy1_2, price = 4723.0, direction = ORDER_DIRECTION.BUY, code = rb999.shfe
2022-09-08 09:10:06 [com.tq.yuxuan.xxljob.task.MyTask#demoJobHandler]-[42]-[xxl-job, JobThread-5-1662599396074] 2022-02-28 21:01:32.100000 account cancel order, id = strategy1_2, price = 4723.0, direction = ORDER_DIRECTION.BUY, code = rb999.shfe
2022-09-08 09:10:06 [com.tq.yuxuan.xxljob.task.MyTask#demoJobHandler]-[42]-[xxl-job, JobThread-5-1662599396074] 2022-02-28 21:01:32.200000 market match order, id = strategy1_2, info = ('strategy1_2', 5, None, None), code = rb999.shfe
2022-09-08 09:10:06 [com.tq.yuxuan.xxljob.task.MyTask#demoJobHandler]-[42]-[xxl-job, JobThread-5-1662599396074] 2022-02-28 21:02:02.100000 account insert order, id = strategy0_5, price = 4724.0, direction = ORDER_DIRECTION.BUY, code = rb888.shfe
2022-09-08 09:10:06 [com.tq.yuxuan.xxljob.task.MyTask#demoJobHandler]-[42]-[xxl-job, JobThread-5-1662599396074] 2022-02-28 21:02:02.200000 market receive order, id = strategy0_5, price = 4724.0, direction = ORDER_DIRECTION.BUY, code = rb888.shfe
2022-09-08 09:10:06 [com.tq.yuxuan.xxljob.task.MyTask#demoJobHandler]-[42]-[xxl-job, JobThread-5-1662599396074] 2022-02-28 21:02:02.200000 market match order, id = strategy0_5, info = ('strategy0_5', 4, 4724.0, 1), code = rb888.shfe
2022-09-08 09:10:06 [com.tq.yuxuan.xxljob.task.MyTask#demoJobHandler]-[42]-[xxl-job, JobThread-5-1662599396074] 2022-02-28 21:02:36.100000 account insert order, id = strategy1_3, price = 4728.0, direction = ORDER_DIRECTION.SELL, code = rb999.shfe
2022-09-08 09:10:06 [com.tq.yuxuan.xxljob.task.MyTask#demoJobHandler]-[42]-[xxl-job, JobThread-5-1662599396074] 2022-02-28 21:02:36.200000 market receive order, id = strategy1_3, price = 4728.0, direction = ORDER_DIRECTION.SELL, code = rb999.shfe
2022-09-08 09:10:06 [com.tq.yuxuan.xxljob.task.MyTask#demoJobHandler]-[42]-[xxl-job, JobThread-5-1662599396074] 2022-02-28 21:02:38.100000 account cancel order, id = strategy1_3, price = 4728.0, direction = ORDER_DIRECTION.SELL, code = rb999.shfe
2022-09-08 09:10:06 [com.tq.yuxuan.xxljob.task.MyTask#demoJobHandler]-[42]-[xxl-job, JobThread-5-1662599396074] 2022-02-28 21:02:38.200000 market match order, id = strategy1_3, info = ('strategy1_3', 5, None, None), code = rb999.shfe
2022-09-08 09:10:06 [com.tq.yuxuan.xxljob.task.MyTask#demoJobHandler]-[42]-[xxl-job, JobThread-5-1662599396074] 2022-02-28 21:02:48.100000 account insert order, id = strategy1_4, price = 4726.0, direction = ORDER_DIRECTION.BUY, code = rb999.shfe
2022-09-08 09:10:06 [com.tq.yuxuan.xxljob.task.MyTask#demoJobHandler]-[42]-[xxl-job, JobThread-5-1662599396074] 2022-02-28 21:02:48.200000 market receive order, id = strategy1_4, price = 4726.0, direction = ORDER_DIRECTION.BUY, code = rb999.shfe
2022-09-08 09:10:06 [com.tq.yuxuan.xxljob.task.MyTask#demoJobHandler]-[42]-[xxl-job, JobThread-5-1662599396074] 2022-02-28 21:02:49.100000 market match order, id = strategy1_4, info = ('strategy1_4', 4, 4726.0, 1), code = rb999.shfe
2022-09-08 09:10:06 [com.tq.yuxuan.xxljob.task.MyTask#demoJobHandler]-[42]-[xxl-job, JobThread-5-1662599396074] 2022-02-28 21:03:17.100000 account insert order, id = strategy1_5, price = 4727.0, direction = ORDER_DIRECTION.BUY, code = rb888.shfe
2022-09-08 09:10:06 [com.tq.yuxuan.xxljob.task.MyTask#demoJobHandler]-[42]-[xxl-job, JobThread-5-1662599396074] 2022-02-28 21:03:17.200000 market receive order, id = strategy1_5, price = 4727.0, direction = ORDER_DIRECTION.BUY, code = rb888.shfe
2022-09-08 09:10:06 [com.tq.yuxuan.xxljob.task.MyTask#demoJobHandler]-[42]-[xxl-job, JobThread-5-1662599396074] 2022-02-28 21:03:19.100000 account insert order, id = strategy1_6, price = 4728.0, direction = ORDER_DIRECTION.SELL, code = rb999.shfe
2022-09-08 09:10:06 [com.tq.yuxuan.xxljob.task.MyTask#demoJobHandler]-[42]-[xxl-job, JobThread-5-1662599396074] 2022-02-28 21:03:19.100000 market match order, id = strategy1_5, info = ('strategy1_5', 4, 4727.0, 1), code = rb888.shfe
2022-09-08 09:10:06 [com.tq.yuxuan.xxljob.task.MyTask#demoJobHandler]-[42]-[xxl-job, JobThread-5-1662599396074] 2022-02-28 21:03:19.200000 market receive order, id = strategy1_6, price = 4728.0, direction = ORDER_DIRECTION.SELL, code = rb999.shfe
2022-09-08 09:10:06 [com.tq.yuxuan.xxljob.task.MyTask#demoJobHandler]-[42]-[xxl-job, JobThread-5-1662599396074] 2022-02-28 21:03:28.100000 account cancel order, id = strategy1_6, price = 4728.0, direction = ORDER_DIRECTION.SELL, code = rb999.shfe
2022-09-08 09:10:06 [com.tq.yuxuan.xxljob.task.MyTask#demoJobHandler]-[42]-[xxl-job, JobThread-5-1662599396074] 2022-02-28 21:03:28.200000 market match order, id = strategy1_6, info = ('strategy1_6', 5, None, None), code = rb999.shfe
2022-09-08 09:10:06 [com.tq.yuxuan.xxljob.task.MyTask#demoJobHandler]-[42]-[xxl-job, JobThread-5-1662599396074] 2022-02-28 21:04:02.100000 account insert order, id = strategy1_7, price = 4728.0, direction = ORDER_DIRECTION.BUY, code = rb888.shfe
2022-09-08 09:10:06 [com.tq.yuxuan.xxljob.task.MyTask#demoJobHandler]-[42]-[xxl-job, JobThread-5-1662599396074] 2022-02-28 21:04:02.200000 market receive order, id = strategy1_7, price = 4728.0, direction = ORDER_DIRECTION.BUY, code = rb888.shfe
2022-09-08 09:10:06 [com.tq.yuxuan.xxljob.task.MyTask#demoJobHandler]-[42]-[xxl-job, JobThread-5-1662599396074] 2022-02-28 21:04:03.100000 market match order, id = strategy1_7, info = ('strategy1_7', 4, 4728.0, 1), code = rb888.shfe
2022-09-08 09:10:06 [com.tq.yuxuan.xxljob.task.MyTask#demoJobHandler]-[42]-[xxl-job, JobThread-5-1662599396074] 2022-02-28 21:04:06.100000 account insert order, id = strategy0_6, price = 4727.0, direction = ORDER_DIRECTION.BUY, code = rb888.shfe
2022-09-08 09:10:06 [com.tq.yuxuan.xxljob.task.MyTask#demoJobHandler]-[42]-[xxl-job, JobThread-5-1662599396074] 2022-02-28 21:04:06.200000 market receive order, id = strategy0_6, price = 4727.0, direction = ORDER_DIRECTION.BUY, code = rb888.shfe
2022-09-08 09:10:06 [com.tq.yuxuan.xxljob.task.MyTask#demoJobHandler]-[42]-[xxl-job, JobThread-5-1662599396074] 2022-02-28 21:04:08.100000 missing order strategy0_6 @ cancelling...
2022-09-08 09:10:06 [com.tq.yuxuan.xxljob.task.MyTask#demoJobHandler]-[42]-[xxl-job, JobThread-5-1662599396074] 2022-02-28 21:04:08.100000 account cancel order, id = strategy0_6, price = 4727.0, direction = ORDER_DIRECTION.BUY, code = rb888.shfe
2022-09-08 09:10:06 [com.tq.yuxuan.xxljob.task.MyTask#demoJobHandler]-[42]-[xxl-job, JobThread-5-1662599396074] 2022-02-28 21:04:08.100000 market match order, id = strategy0_6, info = ('strategy0_6', 4, 4727.0, 1), code = rb888.shfe
2022-09-08 09:10:06 [com.tq.yuxuan.xxljob.task.MyTask#demoJobHandler]-[42]-[xxl-job, JobThread-5-1662599396074] 2022-02-28 21:04:20.100000 account insert order, id = strategy1_8, price = 4726.0, direction = ORDER_DIRECTION.BUY, code = rb999.shfe
2022-09-08 09:10:06 [com.tq.yuxuan.xxljob.task.MyTask#demoJobHandler]-[42]-[xxl-job, JobThread-5-1662599396074] 2022-02-28 21:04:20.200000 market receive order, id = strategy1_8, price = 4726.0, direction = ORDER_DIRECTION.BUY, code = rb999.shfe
2022-09-08 09:10:06 [com.tq.yuxuan.xxljob.task.MyTask#demoJobHandler]-[42]-[xxl-job, JobThread-5-1662599396074] 2022-02-28 21:04:21.100000 missing order strategy1_8 @ cancelling...
2022-09-08 09:10:06 [com.tq.yuxuan.xxljob.task.MyTask#demoJobHandler]-[42]-[xxl-job, JobThread-5-1662599396074] 2022-02-28 21:04:21.100000 account cancel order, id = strategy1_8, price = 4726.0, direction = ORDER_DIRECTION.BUY, code = rb999.shfe
2022-09-08 09:10:06 [com.tq.yuxuan.xxljob.task.MyTask#demoJobHandler]-[42]-[xxl-job, JobThread-5-1662599396074] 2022-02-28 21:04:21.100000 market match order, id = strategy1_8, info = ('strategy1_8', 4, 4726.0, 1), code = rb999.shfe
2022-09-08 09:10:06 [com.tq.yuxuan.xxljob.task.MyTask#demoJobHandler]-[42]-[xxl-job, JobThread-5-1662599396074] 2022-02-28 21:04:25.100000 account insert order, id = strategy0_7, price = 4725.0, direction = ORDER_DIRECTION.BUY, code = rb888.shfe
2022-09-08 09:10:06 [com.tq.yuxuan.xxljob.task.MyTask#demoJobHandler]-[42]-[xxl-job, JobThread-5-1662599396074] 2022-02-28 21:04:25.200000 market receive order, id = strategy0_7, price = 4725.0, direction = ORDER_DIRECTION.BUY, code = rb888.shfe
2022-09-08 09:10:06 [com.tq.yuxuan.xxljob.task.MyTask#demoJobHandler]-[42]-[xxl-job, JobThread-5-1662599396074] 2022-02-28 21:04:27.100000 account insert order, id = strategy0_8, price = 4728.0, direction = ORDER_DIRECTION.SELL, code = rb888.shfe
2022-09-08 09:10:06 [com.tq.yuxuan.xxljob.task.MyTask#demoJobHandler]-[42]-[xxl-job, JobThread-5-1662599396074] 2022-02-28 21:04:27.200000 market receive order, id = strategy0_8, price = 4728.0, direction = ORDER_DIRECTION.SELL, code = rb888.shfe
2022-09-08 09:10:06 [com.tq.yuxuan.xxljob.task.MyTask#demoJobHandler]-[42]-[xxl-job, JobThread-5-1662599396074] 2022-02-28 21:04:32.100000 missing order strategy0_8 @ cancelling...
2022-09-08 09:10:06 [com.tq.yuxuan.xxljob.task.MyTask#demoJobHandler]-[42]-[xxl-job, JobThread-5-1662599396074] 2022-02-28 21:04:32.100000 account cancel order, id = strategy0_8, price = 4728.0, direction = ORDER_DIRECTION.SELL, code = rb888.shfe
2022-09-08 09:10:06 [com.tq.yuxuan.xxljob.task.MyTask#demoJobHandler]-[42]-[xxl-job, JobThread-5-1662599396074] 2022-02-28 21:04:32.100000 market match order, id = strategy0_8, info = ('strategy0_8', 4, 4728.0, 1), code = rb888.shfe
2022-09-08 09:10:06 [com.tq.yuxuan.xxljob.task.MyTask#demoJobHandler]-[42]-[xxl-job, JobThread-5-1662599396074] 2022-02-28 21:04:33.100000 account cancel order, id = strategy0_7, price = 4725.0, direction = ORDER_DIRECTION.BUY, code = rb888.shfe
2022-09-08 09:10:06 [com.tq.yuxuan.xxljob.task.MyTask#demoJobHandler]-[42]-[xxl-job, JobThread-5-1662599396074] 2022-02-28 21:04:33.200000 market match order, id = strategy0_7, info = ('strategy0_7', 5, None, None), code = rb888.shfe
2022-09-08 09:10:06 [com.tq.yuxuan.xxljob.task.MyTask#demoJobHandler]-[42]-[xxl-job, JobThread-5-1662599396074] 2022-02-28 21:05:03.100000 account insert order, id = strategy1_9, price = 4726.0, direction = ORDER_DIRECTION.SELL, code = rb888.shfe
2022-09-08 09:10:06 [com.tq.yuxuan.xxljob.task.MyTask#demoJobHandler]-[42]-[xxl-job, JobThread-5-1662599396074] 2022-02-28 21:05:03.200000 market receive order, id = strategy1_9, price = 4726.0, direction = ORDER_DIRECTION.SELL, code = rb888.shfe
2022-09-08 09:10:06 [com.tq.yuxuan.xxljob.task.MyTask#demoJobHandler]-[42]-[xxl-job, JobThread-5-1662599396074] 2022-02-28 21:05:05.100000 account insert order, id = strategy1_10, price = 4724.0, direction = ORDER_DIRECTION.BUY, code = rb999.shfe
2022-09-08 09:10:06 [com.tq.yuxuan.xxljob.task.MyTask#demoJobHandler]-[42]-[xxl-job, JobThread-5-1662599396074] 2022-02-28 21:05:05.200000 market receive order, id = strategy1_10, price = 4724.0, direction = ORDER_DIRECTION.BUY, code = rb999.shfe
2022-09-08 09:10:06 [com.tq.yuxuan.xxljob.task.MyTask#demoJobHandler]-[42]-[xxl-job, JobThread-5-1662599396074] 2022-02-28 21:05:06.100000 market match order, id = strategy1_9, info = ('strategy1_9', 4, 4727.0, 1), code = rb888.shfe
2022-09-08 09:10:06 [com.tq.yuxuan.xxljob.task.MyTask#demoJobHandler]-[42]-[xxl-job, JobThread-5-1662599396074] 2022-02-28 21:05:07.100000 account insert order, id = strategy0_9, price = 4728.0, direction = ORDER_DIRECTION.SELL, code = rb999.shfe
2022-09-08 09:10:06 [com.tq.yuxuan.xxljob.task.MyTask#demoJobHandler]-[42]-[xxl-job, JobThread-5-1662599396074] 2022-02-28 21:05:07.200000 market receive order, id = strategy0_9, price = 4728.0, direction = ORDER_DIRECTION.SELL, code = rb999.shfe
2022-09-08 09:10:06 [com.tq.yuxuan.xxljob.task.MyTask#demoJobHandler]-[42]-[xxl-job, JobThread-5-1662599396074] 2022-02-28 21:05:07.200000 market match order, id = strategy0_9, info = ('strategy0_9', 4, 4728.0, 1), code = rb999.shfe
2022-09-08 09:10:06 [com.tq.yuxuan.xxljob.task.MyTask#demoJobHandler]-[42]-[xxl-job, JobThread-5-1662599396074] 2022-02-28 21:05:14.100000 account cancel order, id = strategy1_10, price = 4724.0, direction = ORDER_DIRECTION.BUY, code = rb999.shfe
2022-09-08 09:10:06 [com.tq.yuxuan.xxljob.task.MyTask#demoJobHandler]-[42]-[xxl-job, JobThread-5-1662599396074] 2022-02-28 21:05:14.200000 market match order, id = strategy1_10, info = ('strategy1_10', 5, None, None), code = rb999.shfe
2022-09-08 09:10:06 [com.tq.yuxuan.xxljob.task.MyTask#demoJobHandler]-[42]-[xxl-job, JobThread-5-1662599396074] 2022-02-28 21:05:15.100000 account insert order, id = strategy1_11, price = 4728.0, direction = ORDER_DIRECTION.BUY, code = rb999.shfe
2022-09-08 09:10:06 [com.tq.yuxuan.xxljob.task.MyTask#demoJobHandler]-[42]-[xxl-job, JobThread-5-1662599396074] 2022-02-28 21:05:15.200000 market receive order, id = strategy1_11, price = 4728.0, direction = ORDER_DIRECTION.BUY, code = rb999.shfe
2022-09-08 09:10:06 [com.tq.yuxuan.xxljob.task.MyTask#demoJobHandler]-[42]-[xxl-job, JobThread-5-1662599396074] 2022-02-28 21:05:17.100000 account cancel order, id = strategy1_11, price = 4728.0, direction = ORDER_DIRECTION.BUY, code = rb999.shfe
2022-09-08 09:10:06 [com.tq.yuxuan.xxljob.task.MyTask#demoJobHandler]-[42]-[xxl-job, JobThread-5-1662599396074] 2022-02-28 21:05:17.200000 market match order, id = strategy1_11, info = ('strategy1_11', 5, None, None), code = rb999.shfe
2022-09-08 09:10:06 [com.tq.yuxuan.xxljob.task.MyTask#demoJobHandler]-[42]-[xxl-job, JobThread-5-1662599396074] 2022-02-28 21:05:19.100000 account insert order, id = strategy0_10, price = 4729.0, direction = ORDER_DIRECTION.BUY, code = rb888.shfe
2022-09-08 09:10:06 [com.tq.yuxuan.xxljob.task.MyTask#demoJobHandler]-[42]-[xxl-job, JobThread-5-1662599396074] 2022-02-28 21:05:19.200000 market receive order, id = strategy0_10, price = 4729.0, direction = ORDER_DIRECTION.BUY, code = rb888.shfe
2022-09-08 09:10:06 [com.tq.yuxuan.xxljob.task.MyTask#demoJobHandler]-[42]-[xxl-job, JobThread-5-1662599396074] 2022-02-28 21:05:21.100000 market match order, id = strategy0_10, info = ('strategy0_10', 4, 4729.0, 1), code = rb888.shfe
2022-09-08 09:10:06 [com.tq.yuxuan.xxljob.task.MyTask#demoJobHandler]-[42]-[xxl-job, JobThread-5-1662599396074] 2022-02-28 21:05:32.100000 account insert order, id = strategy1_12, price = 4729.0, direction = ORDER_DIRECTION.SELL, code = rb999.shfe
2022-09-08 09:10:06 [com.tq.yuxuan.xxljob.task.MyTask#demoJobHandler]-[42]-[xxl-job, JobThread-5-1662599396074] 2022-02-28 21:05:32.200000 market receive order, id = strategy1_12, price = 4729.0, direction = ORDER_DIRECTION.SELL, code = rb999.shfe
2022-09-08 09:10:06 [com.tq.yuxuan.xxljob.task.MyTask#demoJobHandler]-[42]-[xxl-job, JobThread-5-1662599396074] 2022-02-28 21:05:33.100000 account cancel order, id = strategy1_12, price = 4729.0, direction = ORDER_DIRECTION.SELL, code = rb999.shfe
2022-09-08 09:10:06 [com.tq.yuxuan.xxljob.task.MyTask#demoJobHandler]-[42]-[xxl-job, JobThread-5-1662599396074] 2022-02-28 21:05:33.200000 market match order, id = strategy1_12, info = ('strategy1_12', 5, None, None), code = rb999.shfe
2022-09-08 09:10:06 [com.tq.yuxuan.xxljob.task.MyTask#demoJobHandler]-[42]-[xxl-job, JobThread-5-1662599396074] 2022-02-28 21:05:53.100000 account insert order, id = strategy0_11, price = 4729.0, direction = ORDER_DIRECTION.SELL, code = rb888.shfe
2022-09-08 09:10:06 [com.tq.yuxuan.xxljob.task.MyTask#demoJobHandler]-[42]-[xxl-job, JobThread-5-1662599396074] 2022-02-28 21:05:53.200000 market receive order, id = strategy0_11, price = 4729.0, direction = ORDER_DIRECTION.SELL, code = rb888.shfe
2022-09-08 09:10:06 [com.tq.yuxuan.xxljob.task.MyTask#demoJobHandler]-[42]-[xxl-job, JobThread-5-1662599396074] 2022-02-28 21:05:53.200000 market match order, id = strategy0_11, info = ('strategy0_11', 4, 4729.0, 1), code = rb888.shfe
2022-09-08 09:10:06 [com.tq.yuxuan.xxljob.task.MyTask#demoJobHandler]-[42]-[xxl-job, JobThread-5-1662599396074] 2022-02-28 21:05:59.100000 account insert order, id = strategy0_12, price = 4728.0, direction = ORDER_DIRECTION.BUY, code = rb999.shfe
2022-09-08 09:10:06 [com.tq.yuxuan.xxljob.task.MyTask#demoJobHandler]-[42]-[xxl-job, JobThread-5-1662599396074] 2022-02-28 21:05:59.200000 market receive order, id = strategy0_12, price = 4728.0, direction = ORDER_DIRECTION.BUY, code = rb999.shfe
2022-09-08 09:10:06 [com.tq.yuxuan.xxljob.task.MyTask#demoJobHandler]-[42]-[xxl-job, JobThread-5-1662599396074] 2022-02-28 21:06:00.100000 account cancel order, id = strategy0_12, price = 4728.0, direction = ORDER_DIRECTION.BUY, code = rb999.shfe
2022-09-08 09:10:06 [com.tq.yuxuan.xxljob.task.MyTask#demoJobHandler]-[42]-[xxl-job, JobThread-5-1662599396074] 2022-02-28 21:06:00.200000 market match order, id = strategy0_12, info = ('strategy0_12', 5, None, None), code = rb999.shfe
2022-09-08 09:10:06 [com.tq.yuxuan.xxljob.task.MyTask#demoJobHandler]-[42]-[xxl-job, JobThread-5-1662599396074] 2022-02-28 21:06:02.100000 account insert order, id = strategy1_13, price = 4730.0, direction = ORDER_DIRECTION.BUY, code = rb888.shfe
2022-09-08 09:10:06 [com.tq.yuxuan.xxljob.task.MyTask#demoJobHandler]-[42]-[xxl-job, JobThread-5-1662599396074] 2022-02-28 21:06:02.200000 market receive order, id = strategy1_13, price = 4730.0, direction = ORDER_DIRECTION.BUY, code = rb888.shfe
2022-09-08 09:10:06 [com.tq.yuxuan.xxljob.task.MyTask#demoJobHandler]-[42]-[xxl-job, JobThread-5-1662599396074] 2022-02-28 21:06:03.100000 account cancel order, id = strategy1_13, price = 4730.0, direction = ORDER_DIRECTION.BUY, code = rb888.shfe
2022-09-08 09:10:06 [com.tq.yuxuan.xxljob.task.MyTask#demoJobHandler]-[42]-[xxl-job, JobThread-5-1662599396074] 2022-02-28 21:06:03.200000 market match order, id = strategy1_13, info = ('strategy1_13', 5, None, None), code = rb888.shfe
2022-09-08 09:10:06 [com.tq.yuxuan.xxljob.task.MyTask#demoJobHandler]-[42]-[xxl-job, JobThread-5-1662599396074] 2022-02-28 21:06:05.100000 account insert order, id = strategy0_13, price = 4729.0, direction = ORDER_DIRECTION.BUY, code = rb888.shfe
2022-09-08 09:10:06 [com.tq.yuxuan.xxljob.task.MyTask#demoJobHandler]-[42]-[xxl-job, JobThread-5-1662599396074] 2022-02-28 21:06:05.200000 market receive order, id = strategy0_13, price = 4729.0, direction = ORDER_DIRECTION.BUY, code = rb888.shfe
2022-09-08 09:10:06 [com.tq.yuxuan.xxljob.task.MyTask#demoJobHandler]-[42]-[xxl-job, JobThread-5-1662599396074] 2022-02-28 21:06:06.100000 account cancel order, id = strategy0_13, price = 4729.0, direction = ORDER_DIRECTION.BUY, code = rb888.shfe
2022-09-08 09:10:06 [com.tq.yuxuan.xxljob.task.MyTask#demoJobHandler]-[42]-[xxl-job, JobThread-5-1662599396074] 2022-02-28 21:06:06.200000 market match order, id = strategy0_13, info = ('strategy0_13', 5, None, None), code = rb888.shfe
2022-09-08 09:10:06 [com.tq.yuxuan.xxljob.task.MyTask#demoJobHandler]-[42]-[xxl-job, JobThread-5-1662599396074] 2022-02-28 21:06:14.100000 account insert order, id = strategy1_14, price = 4729.0, direction = ORDER_DIRECTION.BUY, code = rb999.shfe
2022-09-08 09:10:06 [com.tq.yuxuan.xxljob.task.MyTask#demoJobHandler]-[42]-[xxl-job, JobThread-5-1662599396074] 2022-02-28 21:06:14.200000 market receive order, id = strategy1_14, price = 4729.0, direction = ORDER_DIRECTION.BUY, code = rb999.shfe
2022-09-08 09:10:06 [com.tq.yuxuan.xxljob.task.MyTask#demoJobHandler]-[42]-[xxl-job, JobThread-5-1662599396074] 2022-02-28 21:06:15.100000 market match order, id = strategy1_14, info = ('strategy1_14', 4, 4729.0, 1), code = rb999.shfe
2022-09-08 09:10:06 [com.tq.yuxuan.xxljob.task.MyTask#demoJobHandler]-[42]-[xxl-job, JobThread-5-1662599396074] 2022-02-28 21:06:47.100000 account insert order, id = strategy0_14, price = 4726.0, direction = ORDER_DIRECTION.SELL, code = rb888.shfe
2022-09-08 09:10:06 [com.tq.yuxuan.xxljob.task.MyTask#demoJobHandler]-[42]-[xxl-job, JobThread-5-1662599396074] 2022-02-28 21:06:47.200000 market receive order, id = strategy0_14, price = 4726.0, direction = ORDER_DIRECTION.SELL, code = rb888.shfe
2022-09-08 09:10:06 [com.tq.yuxuan.xxljob.task.MyTask#demoJobHandler]-[42]-[xxl-job, JobThread-5-1662599396074] 2022-02-28 21:06:48.100000 account insert order, id = strategy0_15, price = 4726.0, direction = ORDER_DIRECTION.SELL, code = rb888.shfe
2022-09-08 09:10:06 [com.tq.yuxuan.xxljob.task.MyTask#demoJobHandler]-[42]-[xxl-job, JobThread-5-1662599396074] 2022-02-28 21:06:48.200000 market receive order, id = strategy0_15, price = 4726.0, direction = ORDER_DIRECTION.SELL, code = rb888.shfe
2022-09-08 09:10:06 [com.tq.yuxuan.xxljob.task.MyTask#demoJobHandler]-[42]-[xxl-job, JobThread-5-1662599396074] 2022-02-28 21:06:49.100000 missing order strategy0_15 @ cancelling...
2022-09-08 09:10:06 [com.tq.yuxuan.xxljob.task.MyTask#demoJobHandler]-[42]-[xxl-job, JobThread-5-1662599396074] 2022-02-28 21:06:49.100000 account cancel order, id = strategy0_15, price = 4726.0, direction = ORDER_DIRECTION.SELL, code = rb888.shfe
2022-09-08 09:10:06 [com.tq.yuxuan.xxljob.task.MyTask#demoJobHandler]-[42]-[xxl-job, JobThread-5-1662599396074] 2022-02-28 21:06:49.100000 market match order, id = strategy0_14, info = ('strategy0_14', 4, 4726.0, 1), code = rb888.shfe
2022-09-08 09:10:06 [com.tq.yuxuan.xxljob.task.MyTask#demoJobHandler]-[42]-[xxl-job, JobThread-5-1662599396074] 2022-02-28 21:06:49.100000 market match order, id = strategy0_15, info = ('strategy0_15', 4, 4726.0, 1), code = rb888.shfe
2022-09-08 09:10:06 [com.tq.yuxuan.xxljob.task.MyTask#demoJobHandler]-[42]-[xxl-job, JobThread-5-1662599396074] 2022-02-28 21:07:05.100000 account insert order, id = strategy0_16, price = 4723.0, direction = ORDER_DIRECTION.SELL, code = rb888.shfe
2022-09-08 09:10:06 [com.tq.yuxuan.xxljob.task.MyTask#demoJobHandler]-[42]-[xxl-job, JobThread-5-1662599396074] 2022-02-28 21:07:05.200000 market receive order, id = strategy0_16, price = 4723.0, direction = ORDER_DIRECTION.SELL, code = rb888.shfe
2022-09-08 09:10:06 [com.tq.yuxuan.xxljob.task.MyTask#demoJobHandler]-[42]-[xxl-job, JobThread-5-1662599396074] 2022-02-28 21:07:06.100000 account cancel order, id = strategy0_16, price = 4723.0, direction = ORDER_DIRECTION.SELL, code = rb888.shfe
2022-09-08 09:10:06 [com.tq.yuxuan.xxljob.task.MyTask#demoJobHandler]-[42]-[xxl-job, JobThread-5-1662599396074] 2022-02-28 21:07:06.200000 market match order, id = strategy0_16, info = ('strategy0_16', 5, None, None), code = rb888.shfe
2022-09-08 09:10:06 [com.tq.yuxuan.xxljob.task.MyTask#demoJobHandler]-[42]-[xxl-job, JobThread-5-1662599396074] 2022-02-28 21:08:05.100000 account insert order, id = strategy1_15, price = 4721.0, direction = ORDER_DIRECTION.BUY, code = rb999.shfe
2022-09-08 09:10:06 [com.tq.yuxuan.xxljob.task.MyTask#demoJobHandler]-[42]-[xxl-job, JobThread-5-1662599396074] 2022-02-28 21:08:05.200000 market receive order, id = strategy1_15, price = 4721.0, direction = ORDER_DIRECTION.BUY, code = rb999.shfe
2022-09-08 09:10:06 [com.tq.yuxuan.xxljob.task.MyTask#demoJobHandler]-[42]-[xxl-job, JobThread-5-1662599396074] 2022-02-28 21:08:06.100000 account cancel order, id = strategy1_15, price = 4721.0, direction = ORDER_DIRECTION.BUY, code = rb999.shfe
2022-09-08 09:10:06 [com.tq.yuxuan.xxljob.task.MyTask#demoJobHandler]-[42]-[xxl-job, JobThread-5-1662599396074] 2022-02-28 21:08:06.200000 market match order, id = strategy1_15, info = ('strategy1_15', 5, None, None), code = rb999.shfe
2022-09-08 09:10:06 [com.tq.yuxuan.xxljob.task.MyTask#demoJobHandler]-[42]-[xxl-job, JobThread-5-1662599396074] 2022-02-28 21:08:42.100000 account insert order, id = strategy0_17, price = 4723.0, direction = ORDER_DIRECTION.SELL, code = rb999.shfe
2022-09-08 09:10:06 [com.tq.yuxuan.xxljob.task.MyTask#demoJobHandler]-[42]-[xxl-job, JobThread-5-1662599396074] 2022-02-28 21:08:42.200000 market receive order, id = strategy0_17, price = 4723.0, direction = ORDER_DIRECTION.SELL, code = rb999.shfe
2022-09-08 09:10:06 [com.tq.yuxuan.xxljob.task.MyTask#demoJobHandler]-[42]-[xxl-job, JobThread-5-1662599396074] 2022-02-28 21:08:46.100000 account insert order, id = strategy0_18, price = 4722.0, direction = ORDER_DIRECTION.SELL, code = rb888.shfe
2022-09-08 09:10:06 [com.tq.yuxuan.xxljob.task.MyTask#demoJobHandler]-[42]-[xxl-job, JobThread-5-1662599396074] 2022-02-28 21:08:46.200000 market receive order, id = strategy0_18, price = 4722.0, direction = ORDER_DIRECTION.SELL, code = rb888.shfe
2022-09-08 09:10:06 [com.tq.yuxuan.xxljob.task.MyTask#demoJobHandler]-[42]-[xxl-job, JobThread-5-1662599396074] 2022-02-28 21:08:46.200000 market match order, id = strategy0_18, info = ('strategy0_18', 4, 4722.0, 1), code = rb888.shfe
2022-09-08 09:10:06 [com.tq.yuxuan.xxljob.task.MyTask#demoJobHandler]-[42]-[xxl-job, JobThread-5-1662599396074] 2022-02-28 21:08:48.100000 account cancel order, id = strategy0_17, price = 4723.0, direction = ORDER_DIRECTION.SELL, code = rb999.shfe
2022-09-08 09:10:06 [com.tq.yuxuan.xxljob.task.MyTask#demoJobHandler]-[42]-[xxl-job, JobThread-5-1662599396074] 2022-02-28 21:08:48.200000 market match order, id = strategy0_17, info = ('strategy0_17', 5, None, None), code = rb999.shfe
2022-09-08 09:10:06 [com.tq.yuxuan.xxljob.task.MyTask#demoJobHandler]-[42]-[xxl-job, JobThread-5-1662599396074] 2022-02-28 21:09:10.100000 account insert order, id = strategy0_19, price = 4718.0, direction = ORDER_DIRECTION.BUY, code = rb999.shfe
2022-09-08 09:10:06 [com.tq.yuxuan.xxljob.task.MyTask#demoJobHandler]-[42]-[xxl-job, JobThread-5-1662599396074] 2022-02-28 21:09:10.200000 market receive order, id = strategy0_19, price = 4718.0, direction = ORDER_DIRECTION.BUY, code = rb999.shfe
2022-09-08 09:10:06 [com.tq.yuxuan.xxljob.task.MyTask#demoJobHandler]-[42]-[xxl-job, JobThread-5-1662599396074] 2022-02-28 21:09:12.100000 account cancel order, id = strategy0_19, price = 4718.0, direction = ORDER_DIRECTION.BUY, code = rb999.shfe
2022-09-08 09:10:06 [com.tq.yuxuan.xxljob.task.MyTask#demoJobHandler]-[42]-[xxl-job, JobThread-5-1662599396074] 2022-02-28 21:09:12.200000 market match order, id = strategy0_19, info = ('strategy0_19', 5, None, None), code = rb999.shfe
2022-09-08 09:10:06 [com.tq.yuxuan.xxljob.task.MyTask#demoJobHandler]-[42]-[xxl-job, JobThread-5-1662599396074] 2022-02-28 21:09:30.100000 account insert order, id = strategy0_20, price = 4720.0, direction = ORDER_DIRECTION.SELL, code = rb888.shfe
2022-09-08 09:10:06 [com.tq.yuxuan.xxljob.task.MyTask#demoJobHandler]-[42]-[xxl-job, JobThread-5-1662599396074] 2022-02-28 21:09:30.200000 market receive order, id = strategy0_20, price = 4720.0, direction = ORDER_DIRECTION.SELL, code = rb888.shfe
2022-09-08 09:10:06 [com.tq.yuxuan.xxljob.task.MyTask#demoJobHandler]-[42]-[xxl-job, JobThread-5-1662599396074] 2022-02-28 21:09:31.100000 account insert order, id = strategy1_16, price = 4718.0, direction = ORDER_DIRECTION.BUY, code = rb888.shfe
2022-09-08 09:10:06 [com.tq.yuxuan.xxljob.task.MyTask#demoJobHandler]-[42]-[xxl-job, JobThread-5-1662599396074] 2022-02-28 21:09:31.200000 market receive order, id = strategy1_16, price = 4718.0, direction = ORDER_DIRECTION.BUY, code = rb888.shfe
2022-09-08 09:10:06 [com.tq.yuxuan.xxljob.task.MyTask#demoJobHandler]-[42]-[xxl-job, JobThread-5-1662599396074] 2022-02-28 21:09:33.100000 account cancel order, id = strategy1_16, price = 4718.0, direction = ORDER_DIRECTION.BUY, code = rb888.shfe
2022-09-08 09:10:06 [com.tq.yuxuan.xxljob.task.MyTask#demoJobHandler]-[42]-[xxl-job, JobThread-5-1662599396074] 2022-02-28 21:09:33.200000 market match order, id = strategy1_16, info = ('strategy1_16', 5, None, None), code = rb888.shfe
2022-09-08 09:10:06 [com.tq.yuxuan.xxljob.task.MyTask#demoJobHandler]-[42]-[xxl-job, JobThread-5-1662599396074] 2022-02-28 21:09:35.100000 account cancel order, id = strategy0_20, price = 4720.0, direction = ORDER_DIRECTION.SELL, code = rb888.shfe
2022-09-08 09:10:06 [com.tq.yuxuan.xxljob.task.MyTask#demoJobHandler]-[42]-[xxl-job, JobThread-5-1662599396074] 2022-02-28 21:09:35.200000 market match order, id = strategy0_20, info = ('strategy0_20', 5, None, None), code = rb888.shfe
2022-09-08 09:10:06 [com.tq.yuxuan.xxljob.task.MyTask#demoJobHandler]-[42]-[xxl-job, JobThread-5-1662599396074] 2022-02-28 21:09:43.100000 account insert order, id = strategy0_21, price = 4718.0, direction = ORDER_DIRECTION.SELL, code = rb999.shfe
2022-09-08 09:10:06 [com.tq.yuxuan.xxljob.task.MyTask#demoJobHandler]-[42]-[xxl-job, JobThread-5-1662599396074] 2022-02-28 21:09:43.100000 account insert order, id = strategy0_22, price = 4717.0, direction = ORDER_DIRECTION.BUY, code = rb888.shfe
2022-09-08 09:10:06 [com.tq.yuxuan.xxljob.task.MyTask#demoJobHandler]-[42]-[xxl-job, JobThread-5-1662599396074] 2022-02-28 21:09:43.200000 market receive order, id = strategy0_21, price = 4718.0, direction = ORDER_DIRECTION.SELL, code = rb999.shfe
2022-09-08 09:10:06 [com.tq.yuxuan.xxljob.task.MyTask#demoJobHandler]-[42]-[xxl-job, JobThread-5-1662599396074] 2022-02-28 21:09:43.200000 market receive order, id = strategy0_22, price = 4717.0, direction = ORDER_DIRECTION.BUY, code = rb888.shfe
2022-09-08 09:10:06 [com.tq.yuxuan.xxljob.task.MyTask#demoJobHandler]-[42]-[xxl-job, JobThread-5-1662599396074] 2022-02-28 21:09:43.200000 market match order, id = strategy0_21, info = ('strategy0_21', 4, 4718.0, 1), code = rb999.shfe
2022-09-08 09:10:06 [com.tq.yuxuan.xxljob.task.MyTask#demoJobHandler]-[42]-[xxl-job, JobThread-5-1662599396074] 2022-02-28 21:09:46.100000 account cancel order, id = strategy0_22, price = 4717.0, direction = ORDER_DIRECTION.BUY, code = rb888.shfe
2022-09-08 09:10:06 [com.tq.yuxuan.xxljob.task.MyTask#demoJobHandler]-[42]-[xxl-job, JobThread-5-1662599396074] 2022-02-28 21:09:46.200000 market match order, id = strategy0_22, info = ('strategy0_22', 5, None, None), code = rb888.shfe
2022-09-08 09:10:06 [com.tq.yuxuan.xxljob.task.MyTask#demoJobHandler]-[42]-[xxl-job, JobThread-5-1662599396074] 2022-02-28 21:09:56.100000 account insert order, id = strategy0_23, price = 4721.0, direction = ORDER_DIRECTION.SELL, code = rb888.shfe
2022-09-08 09:10:06 [com.tq.yuxuan.xxljob.task.MyTask#demoJobHandler]-[42]-[xxl-job, JobThread-5-1662599396074] 2022-02-28 21:09:56.200000 market receive order, id = strategy0_23, price = 4721.0, direction = ORDER_DIRECTION.SELL, code = rb888.shfe
2022-09-08 09:10:06 [com.tq.yuxuan.xxljob.task.MyTask#demoJobHandler]-[42]-[xxl-job, JobThread-5-1662599396074] 2022-02-28 21:09:56.200000 market match order, id = strategy0_23, info = ('strategy0_23', 4, 4721.0, 1), code = rb888.shfe
2022-09-08 09:10:07 [com.tq.yuxuan.xxljob.task.MyTask#demoJobHandler]-[42]-[xxl-job, JobThread-5-1662599396074] 2022-02-28 21:10:37.100000 account insert order, id = strategy0_24, price = 4725.0, direction = ORDER_DIRECTION.BUY, code = rb888.shfe
2022-09-08 09:10:07 [com.tq.yuxuan.xxljob.task.MyTask#demoJobHandler]-[42]-[xxl-job, JobThread-5-1662599396074] 2022-02-28 21:10:37.200000 market receive order, id = strategy0_24, price = 4725.0, direction = ORDER_DIRECTION.BUY, code = rb888.shfe
2022-09-08 09:10:07 [com.tq.yuxuan.xxljob.task.MyTask#demoJobHandler]-[42]-[xxl-job, JobThread-5-1662599396074] 2022-02-28 21:10:38.100000 account cancel order, id = strategy0_24, price = 4725.0, direction = ORDER_DIRECTION.BUY, code = rb888.shfe
2022-09-08 09:10:07 [com.tq.yuxuan.xxljob.task.MyTask#demoJobHandler]-[42]-[xxl-job, JobThread-5-1662599396074] 2022-02-28 21:10:38.200000 market match order, id = strategy0_24, info = ('strategy0_24', 5, None, None), code = rb888.shfe
2022-09-08 09:10:07 [com.tq.yuxuan.xxljob.task.MyTask#demoJobHandler]-[42]-[xxl-job, JobThread-5-1662599396074] 2022-02-28 21:10:52.100000 account insert order, id = strategy1_17, price = 4728.0, direction = ORDER_DIRECTION.SELL, code = rb888.shfe
2022-09-08 09:10:07 [com.tq.yuxuan.xxljob.task.MyTask#demoJobHandler]-[42]-[xxl-job, JobThread-5-1662599396074] 2022-02-28 21:10:52.200000 market receive order, id = strategy1_17, price = 4728.0, direction = ORDER_DIRECTION.SELL, code = rb888.shfe
2022-09-08 09:10:07 [com.tq.yuxuan.xxljob.task.MyTask#demoJobHandler]-[42]-[xxl-job, JobThread-5-1662599396074] 2022-02-28 21:11:04.100000 account cancel order, id = strategy1_17, price = 4728.0, direction = ORDER_DIRECTION.SELL, code = rb888.shfe
2022-09-08 09:10:07 [com.tq.yuxuan.xxljob.task.MyTask#demoJobHandler]-[42]-[xxl-job, JobThread-5-1662599396074] 2022-02-28 21:11:04.200000 market match order, id = strategy1_17, info = ('strategy1_17', 5, None, None), code = rb888.shfe
2022-09-08 09:10:07 [com.tq.yuxuan.xxljob.task.MyTask#demoJobHandler]-[42]-[xxl-job, JobThread-5-1662599396074] 2022-02-28 21:11:19.100000 account insert order, id = strategy0_25, price = 4725.0, direction = ORDER_DIRECTION.BUY, code = rb888.shfe
2022-09-08 09:10:07 [com.tq.yuxuan.xxljob.task.MyTask#demoJobHandler]-[42]-[xxl-job, JobThread-5-1662599396074] 2022-02-28 21:11:19.200000 market receive order, id = strategy0_25, price = 4725.0, direction = ORDER_DIRECTION.BUY, code = rb888.shfe
2022-09-08 09:10:07 [com.tq.yuxuan.xxljob.task.MyTask#demoJobHandler]-[42]-[xxl-job, JobThread-5-1662599396074] 2022-02-28 21:11:22.100000 market match order, id = strategy0_25, info = ('strategy0_25', 4, 4725.0, 1), code = rb888.shfe
2022-09-08 09:10:07 [com.tq.yuxuan.xxljob.task.MyTask#demoJobHandler]-[42]-[xxl-job, JobThread-5-1662599396074] 2022-02-28 21:11:29.100000 account insert order, id = strategy0_26, price = 4724.0, direction = ORDER_DIRECTION.BUY, code = rb999.shfe
2022-09-08 09:10:07 [com.tq.yuxuan.xxljob.task.MyTask#demoJobHandler]-[42]-[xxl-job, JobThread-5-1662599396074] 2022-02-28 21:11:29.200000 market receive order, id = strategy0_26, price = 4724.0, direction = ORDER_DIRECTION.BUY, code = rb999.shfe
2022-09-08 09:10:07 [com.tq.yuxuan.xxljob.task.MyTask#demoJobHandler]-[42]-[xxl-job, JobThread-5-1662599396074] 2022-02-28 21:11:30.100000 account cancel order, id = strategy0_26, price = 4724.0, direction = ORDER_DIRECTION.BUY, code = rb999.shfe
2022-09-08 09:10:07 [com.tq.yuxuan.xxljob.task.MyTask#demoJobHandler]-[42]-[xxl-job, JobThread-5-1662599396074] 2022-02-28 21:11:30.200000 market match order, id = strategy0_26, info = ('strategy0_26', 5, None, None), code = rb999.shfe
2022-09-08 09:10:07 [com.tq.yuxuan.xxljob.task.MyTask#demoJobHandler]-[42]-[xxl-job, JobThread-5-1662599396074] 2022-02-28 21:11:34.100000 account insert order, id = strategy0_27, price = 4724.0, direction = ORDER_DIRECTION.BUY, code = rb888.shfe
2022-09-08 09:10:07 [com.tq.yuxuan.xxljob.task.MyTask#demoJobHandler]-[42]-[xxl-job, JobThread-5-1662599396074] 2022-02-28 21:11:34.200000 market receive order, id = strategy0_27, price = 4724.0, direction = ORDER_DIRECTION.BUY, code = rb888.shfe
2022-09-08 09:10:07 [com.tq.yuxuan.xxljob.task.MyTask#demoJobHandler]-[42]-[xxl-job, JobThread-5-1662599396074] 2022-02-28 21:11:35.100000 account cancel order, id = strategy0_27, price = 4724.0, direction = ORDER_DIRECTION.BUY, code = rb888.shfe
2022-09-08 09:10:07 [com.tq.yuxuan.xxljob.task.MyTask#demoJobHandler]-[42]-[xxl-job, JobThread-5-1662599396074] 2022-02-28 21:11:35.200000 market match order, id = strategy0_27, info = ('strategy0_27', 5, None, None), code = rb888.shfe
2022-09-08 09:10:07 [com.tq.yuxuan.xxljob.task.MyTask#demoJobHandler]-[42]-[xxl-job, JobThread-5-1662599396074] 2022-02-28 21:11:37.100000 account insert order, id = strategy1_18, price = 4724.0, direction = ORDER_DIRECTION.BUY, code = rb888.shfe
2022-09-08 09:10:07 [com.tq.yuxuan.xxljob.task.MyTask#demoJobHandler]-[42]-[xxl-job, JobThread-5-1662599396074] 2022-02-28 21:11:37.200000 market receive order, id = strategy1_18, price = 4724.0, direction = ORDER_DIRECTION.BUY, code = rb888.shfe
2022-09-08 09:10:07 [com.tq.yuxuan.xxljob.task.MyTask#demoJobHandler]-[42]-[xxl-job, JobThread-5-1662599396074] 2022-02-28 21:11:39.100000 account cancel order, id = strategy1_18, price = 4724.0, direction = ORDER_DIRECTION.BUY, code = rb888.shfe
2022-09-08 09:10:07 [com.tq.yuxuan.xxljob.task.MyTask#demoJobHandler]-[42]-[xxl-job, JobThread-5-1662599396074] 2022-02-28 21:11:39.200000 market match order, id = strategy1_18, info = ('strategy1_18', 5, None, None), code = rb888.shfe
2022-09-08 09:10:07 [com.tq.yuxuan.xxljob.task.MyTask#demoJobHandler]-[42]-[xxl-job, JobThread-5-1662599396074] 2022-02-28 21:12:08.100000 account insert order, id = strategy1_19, price = 4726.0, direction = ORDER_DIRECTION.BUY, code = rb999.shfe
2022-09-08 09:10:07 [com.tq.yuxuan.xxljob.task.MyTask#demoJobHandler]-[42]-[xxl-job, JobThread-5-1662599396074] 2022-02-28 21:12:08.200000 market receive order, id = strategy1_19, price = 4726.0, direction = ORDER_DIRECTION.BUY, code = rb999.shfe
2022-09-08 09:10:07 [com.tq.yuxuan.xxljob.task.MyTask#demoJobHandler]-[42]-[xxl-job, JobThread-5-1662599396074] 2022-02-28 21:12:09.100000 account cancel order, id = strategy1_19, price = 4726.0, direction = ORDER_DIRECTION.BUY, code = rb999.shfe
2022-09-08 09:10:07 [com.tq.yuxuan.xxljob.task.MyTask#demoJobHandler]-[42]-[xxl-job, JobThread-5-1662599396074] 2022-02-28 21:12:09.200000 market match order, id = strategy1_19, info = ('strategy1_19', 5, None, None), code = rb999.shfe
2022-09-08 09:10:07 [com.tq.yuxuan.xxljob.task.MyTask#demoJobHandler]-[42]-[xxl-job, JobThread-5-1662599396074] 2022-02-28 21:13:54.100000 account insert order, id = strategy1_20, price = 4725.0, direction = ORDER_DIRECTION.SELL, code = rb999.shfe
2022-09-08 09:10:07 [com.tq.yuxuan.xxljob.task.MyTask#demoJobHandler]-[42]-[xxl-job, JobThread-5-1662599396074] 2022-02-28 21:13:54.200000 market receive order, id = strategy1_20, price = 4725.0, direction = ORDER_DIRECTION.SELL, code = rb999.shfe
2022-09-08 09:10:07 [com.tq.yuxuan.xxljob.task.MyTask#demoJobHandler]-[42]-[xxl-job, JobThread-5-1662599396074] 2022-02-28 21:13:55.100000 account cancel order, id = strategy1_20, price = 4725.0, direction = ORDER_DIRECTION.SELL, code = rb999.shfe
2022-09-08 09:10:07 [com.tq.yuxuan.xxljob.task.MyTask#demoJobHandler]-[42]-[xxl-job, JobThread-5-1662599396074] 2022-02-28 21:13:55.200000 market match order, id = strategy1_20, info = ('strategy1_20', 5, None, None), code = rb999.shfe
2022-09-08 09:10:07 [com.tq.yuxuan.xxljob.task.MyTask#demoJobHandler]-[42]-[xxl-job, JobThread-5-1662599396074] 2022-02-28 21:14:04.100000 account insert order, id = strategy1_21, price = 4727.0, direction = ORDER_DIRECTION.SELL, code = rb999.shfe
2022-09-08 09:10:07 [com.tq.yuxuan.xxljob.task.MyTask#demoJobHandler]-[42]-[xxl-job, JobThread-5-1662599396074] 2022-02-28 21:14:04.200000 market receive order, id = strategy1_21, price = 4727.0, direction = ORDER_DIRECTION.SELL, code = rb999.shfe
2022-09-08 09:10:07 [com.tq.yuxuan.xxljob.task.MyTask#demoJobHandler]-[42]-[xxl-job, JobThread-5-1662599396074] 2022-02-28 21:14:11.100000 account insert order, id = strategy1_22, price = 4725.0, direction = ORDER_DIRECTION.SELL, code = rb888.shfe
2022-09-08 09:10:07 [com.tq.yuxuan.xxljob.task.MyTask#demoJobHandler]-[42]-[xxl-job, JobThread-5-1662599396074] 2022-02-28 21:14:11.100000 account cancel order, id = strategy1_21, price = 4727.0, direction = ORDER_DIRECTION.SELL, code = rb999.shfe
2022-09-08 09:10:07 [com.tq.yuxuan.xxljob.task.MyTask#demoJobHandler]-[42]-[xxl-job, JobThread-5-1662599396074] 2022-02-28 21:14:11.200000 market receive order, id = strategy1_22, price = 4725.0, direction = ORDER_DIRECTION.SELL, code = rb888.shfe
2022-09-08 09:10:07 [com.tq.yuxuan.xxljob.task.MyTask#demoJobHandler]-[42]-[xxl-job, JobThread-5-1662599396074] 2022-02-28 21:14:11.200000 market match order, id = strategy1_21, info = ('strategy1_21', 5, None, None), code = rb999.shfe
2022-09-08 09:10:07 [com.tq.yuxuan.xxljob.task.MyTask#demoJobHandler]-[42]-[xxl-job, JobThread-5-1662599396074] 2022-02-28 21:14:12.100000 market match order, id = strategy1_22, info = ('strategy1_22', 4, 4725.0, 1), code = rb888.shfe
2022-09-08 09:10:07 [com.tq.yuxuan.xxljob.task.MyTask#demoJobHandler]-[42]-[xxl-job, JobThread-5-1662599396074] 2022-02-28 21:14:40.100000 account insert order, id = strategy1_23, price = 4727.0, direction = ORDER_DIRECTION.SELL, code = rb999.shfe
2022-09-08 09:10:07 [com.tq.yuxuan.xxljob.task.MyTask#demoJobHandler]-[42]-[xxl-job, JobThread-5-1662599396074] 2022-02-28 21:14:40.200000 market receive order, id = strategy1_23, price = 4727.0, direction = ORDER_DIRECTION.SELL, code = rb999.shfe
2022-09-08 09:10:07 [com.tq.yuxuan.xxljob.task.MyTask#demoJobHandler]-[42]-[xxl-job, JobThread-5-1662599396074] 2022-02-28 21:14:41.100000 account cancel order, id = strategy1_23, price = 4727.0, direction = ORDER_DIRECTION.SELL, code = rb999.shfe
2022-09-08 09:10:07 [com.tq.yuxuan.xxljob.task.MyTask#demoJobHandler]-[42]-[xxl-job, JobThread-5-1662599396074] 2022-02-28 21:14:41.200000 market match order, id = strategy1_23, info = ('strategy1_23', 5, None, None), code = rb999.shfe
2022-09-08 09:10:07 [com.tq.yuxuan.xxljob.task.MyTask#demoJobHandler]-[42]-[xxl-job, JobThread-5-1662599396074] 2022-02-28 21:14:59.100000 account insert order, id = strategy0_28, price = 4727.0, direction = ORDER_DIRECTION.SELL, code = rb999.shfe
2022-09-08 09:10:07 [com.tq.yuxuan.xxljob.task.MyTask#demoJobHandler]-[42]-[xxl-job, JobThread-5-1662599396074] 2022-02-28 21:14:59.200000 market receive order, id = strategy0_28, price = 4727.0, direction = ORDER_DIRECTION.SELL, code = rb999.shfe
2022-09-08 09:10:07 [com.tq.yuxuan.xxljob.task.MyTask#demoJobHandler]-[42]-[xxl-job, JobThread-5-1662599396074] 2022-02-28 21:15:01.100000 market match order, id = strategy0_28, info = ('strategy0_28', 4, 4727.0, 1), code = rb999.shfe
2022-09-08 09:10:07 [com.tq.yuxuan.xxljob.task.MyTask#demoJobHandler]-[42]-[xxl-job, JobThread-5-1662599396074] 2022-02-28 21:15:19.100000 account insert order, id = strategy0_29, price = 4727.0, direction = ORDER_DIRECTION.BUY, code = rb999.shfe
2022-09-08 09:10:07 [com.tq.yuxuan.xxljob.task.MyTask#demoJobHandler]-[42]-[xxl-job, JobThread-5-1662599396074] 2022-02-28 21:15:19.200000 market receive order, id = strategy0_29, price = 4727.0, direction = ORDER_DIRECTION.BUY, code = rb999.shfe
2022-09-08 09:10:07 [com.tq.yuxuan.xxljob.task.MyTask#demoJobHandler]-[42]-[xxl-job, JobThread-5-1662599396074] 2022-02-28 21:15:22.100000 account cancel order, id = strategy0_29, price = 4727.0, direction = ORDER_DIRECTION.BUY, code = rb999.shfe
2022-09-08 09:10:07 [com.tq.yuxuan.xxljob.task.MyTask#demoJobHandler]-[42]-[xxl-job, JobThread-5-1662599396074] 2022-02-28 21:15:22.200000 market match order, id = strategy0_29, info = ('strategy0_29', 5, None, None), code = rb999.shfe
2022-09-08 09:10:07 [com.tq.yuxuan.xxljob.task.MyTask#demoJobHandler]-[42]-[xxl-job, JobThread-5-1662599396074] 2022-02-28 21:15:29.100000 account insert order, id = strategy0_30, price = 4729.0, direction = ORDER_DIRECTION.SELL, code = rb888.shfe
2022-09-08 09:10:07 [com.tq.yuxuan.xxljob.task.MyTask#demoJobHandler]-[42]-[xxl-job, JobThread-5-1662599396074] 2022-02-28 21:15:29.200000 market receive order, id = strategy0_30, price = 4729.0, direction = ORDER_DIRECTION.SELL, code = rb888.shfe
2022-09-08 09:10:07 [com.tq.yuxuan.xxljob.task.MyTask#demoJobHandler]-[42]-[xxl-job, JobThread-5-1662599396074] 2022-02-28 21:15:34.100000 account cancel order, id = strategy0_30, price = 4729.0, direction = ORDER_DIRECTION.SELL, code = rb888.shfe
2022-09-08 09:10:07 [com.tq.yuxuan.xxljob.task.MyTask#demoJobHandler]-[42]-[xxl-job, JobThread-5-1662599396074] 2022-02-28 21:15:34.200000 market match order, id = strategy0_30, info = ('strategy0_30', 5, None, None), code = rb888.shfe
2022-09-08 09:10:07 [com.tq.yuxuan.xxljob.task.MyTask#demoJobHandler]-[42]-[xxl-job, JobThread-5-1662599396074] 2022-02-28 21:15:49.100000 account insert order, id = strategy1_24, price = 4729.0, direction = ORDER_DIRECTION.BUY, code = rb999.shfe
2022-09-08 09:10:07 [com.tq.yuxuan.xxljob.task.MyTask#demoJobHandler]-[42]-[xxl-job, JobThread-5-1662599396074] 2022-02-28 21:15:49.200000 market receive order, id = strategy1_24, price = 4729.0, direction = ORDER_DIRECTION.BUY, code = rb999.shfe
2022-09-08 09:10:07 [com.tq.yuxuan.xxljob.task.MyTask#demoJobHandler]-[42]-[xxl-job, JobThread-5-1662599396074] 2022-02-28 21:15:53.100000 account cancel order, id = strategy1_24, price = 4729.0, direction = ORDER_DIRECTION.BUY, code = rb999.shfe
2022-09-08 09:10:07 [com.tq.yuxuan.xxljob.task.MyTask#demoJobHandler]-[42]-[xxl-job, JobThread-5-1662599396074] 2022-02-28 21:15:53.200000 market match order, id = strategy1_24, info = ('strategy1_24', 5, None, None), code = rb999.shfe
2022-09-08 09:10:07 [com.tq.yuxuan.xxljob.task.MyTask#demoJobHandler]-[42]-[xxl-job, JobThread-5-1662599396074] 2022-02-28 21:16:04.100000 account insert order, id = strategy0_31, price = 4735.0, direction = ORDER_DIRECTION.SELL, code = rb999.shfe
2022-09-08 09:10:07 [com.tq.yuxuan.xxljob.task.MyTask#demoJobHandler]-[42]-[xxl-job, JobThread-5-1662599396074] 2022-02-28 21:16:04.200000 market receive order, id = strategy0_31, price = 4735.0, direction = ORDER_DIRECTION.SELL, code = rb999.shfe
2022-09-08 09:10:07 [com.tq.yuxuan.xxljob.task.MyTask#demoJobHandler]-[42]-[xxl-job, JobThread-5-1662599396074] 2022-02-28 21:16:08.100000 account cancel order, id = strategy0_31, price = 4735.0, direction = ORDER_DIRECTION.SELL, code = rb999.shfe
2022-09-08 09:10:07 [com.tq.yuxuan.xxljob.task.MyTask#demoJobHandler]-[42]-[xxl-job, JobThread-5-1662599396074] 2022-02-28 21:16:08.200000 market match order, id = strategy0_31, info = ('strategy0_31', 5, None, None), code = rb999.shfe
2022-09-08 09:10:07 [com.tq.yuxuan.xxljob.task.MyTask#demoJobHandler]-[42]-[xxl-job, JobThread-5-1662599396074] 2022-02-28 21:16:57.100000 account insert order, id = strategy1_25, price = 4730.0, direction = ORDER_DIRECTION.BUY, code = rb888.shfe
2022-09-08 09:10:07 [com.tq.yuxuan.xxljob.task.MyTask#demoJobHandler]-[42]-[xxl-job, JobThread-5-1662599396074] 2022-02-28 21:16:57.200000 market receive order, id = strategy1_25, price = 4730.0, direction = ORDER_DIRECTION.BUY, code = rb888.shfe
2022-09-08 09:10:07 [com.tq.yuxuan.xxljob.task.MyTask#demoJobHandler]-[42]-[xxl-job, JobThread-5-1662599396074] 2022-02-28 21:16:58.100000 account cancel order, id = strategy1_25, price = 4730.0, direction = ORDER_DIRECTION.BUY, code = rb888.shfe
2022-09-08 09:10:07 [com.tq.yuxuan.xxljob.task.MyTask#demoJobHandler]-[42]-[xxl-job, JobThread-5-1662599396074] 2022-02-28 21:16:58.200000 market match order, id = strategy1_25, info = ('strategy1_25', 5, None, None), code = rb888.shfe
2022-09-08 09:10:07 [com.tq.yuxuan.xxljob.task.MyTask#demoJobHandler]-[42]-[xxl-job, JobThread-5-1662599396074] 2022-02-28 21:17:00.100000 account insert order, id = strategy0_32, price = 4729.0, direction = ORDER_DIRECTION.BUY, code = rb888.shfe
2022-09-08 09:10:07 [com.tq.yuxuan.xxljob.task.MyTask#demoJobHandler]-[42]-[xxl-job, JobThread-5-1662599396074] 2022-02-28 21:17:00.200000 market receive order, id = strategy0_32, price = 4729.0, direction = ORDER_DIRECTION.BUY, code = rb888.shfe
2022-09-08 09:10:07 [com.tq.yuxuan.xxljob.task.MyTask#demoJobHandler]-[42]-[xxl-job, JobThread-5-1662599396074] 2022-02-28 21:17:05.100000 account cancel order, id = strategy0_32, price = 4729.0, direction = ORDER_DIRECTION.BUY, code = rb888.shfe
2022-09-08 09:10:07 [com.tq.yuxuan.xxljob.task.MyTask#demoJobHandler]-[42]-[xxl-job, JobThread-5-1662599396074] 2022-02-28 21:17:05.200000 market match order, id = strategy0_32, info = ('strategy0_32', 5, None, None), code = rb888.shfe
2022-09-08 09:10:07 [com.tq.yuxuan.xxljob.task.MyTask#demoJobHandler]-[42]-[xxl-job, JobThread-5-1662599396074] 2022-02-28 21:17:21.100000 account insert order, id = strategy1_26, price = 4728.0, direction = ORDER_DIRECTION.BUY, code = rb999.shfe
2022-09-08 09:10:07 [com.tq.yuxuan.xxljob.task.MyTask#demoJobHandler]-[42]-[xxl-job, JobThread-5-1662599396074] 2022-02-28 21:17:21.200000 market receive order, id = strategy1_26, price = 4728.0, direction = ORDER_DIRECTION.BUY, code = rb999.shfe
2022-09-08 09:10:07 [com.tq.yuxuan.xxljob.task.MyTask#demoJobHandler]-[42]-[xxl-job, JobThread-5-1662599396074] 2022-02-28 21:17:21.200000 market match order, id = strategy1_26, info = ('strategy1_26', 4, 4728.0, 1), code = rb999.shfe
2022-09-08 09:10:07 [com.tq.yuxuan.xxljob.task.MyTask#demoJobHandler]-[42]-[xxl-job, JobThread-5-1662599396074] 2022-02-28 21:18:09.100000 account insert order, id = strategy0_33, price = 4729.0, direction = ORDER_DIRECTION.BUY, code = rb888.shfe
2022-09-08 09:10:07 [com.tq.yuxuan.xxljob.task.MyTask#demoJobHandler]-[42]-[xxl-job, JobThread-5-1662599396074] 2022-02-28 21:18:09.200000 market receive order, id = strategy0_33, price = 4729.0, direction = ORDER_DIRECTION.BUY, code = rb888.shfe
2022-09-08 09:10:07 [com.tq.yuxuan.xxljob.task.MyTask#demoJobHandler]-[42]-[xxl-job, JobThread-5-1662599396074] 2022-02-28 21:18:11.100000 account insert order, id = strategy1_27, price = 4729.0, direction = ORDER_DIRECTION.BUY, code = rb888.shfe
2022-09-08 09:10:07 [com.tq.yuxuan.xxljob.task.MyTask#demoJobHandler]-[42]-[xxl-job, JobThread-5-1662599396074] 2022-02-28 21:18:11.200000 market receive order, id = strategy1_27, price = 4729.0, direction = ORDER_DIRECTION.BUY, code = rb888.shfe
2022-09-08 09:10:07 [com.tq.yuxuan.xxljob.task.MyTask#demoJobHandler]-[42]-[xxl-job, JobThread-5-1662599396074] 2022-02-28 21:18:13.100000 account cancel order, id = strategy1_27, price = 4729.0, direction = ORDER_DIRECTION.BUY, code = rb888.shfe
2022-09-08 09:10:07 [com.tq.yuxuan.xxljob.task.MyTask#demoJobHandler]-[42]-[xxl-job, JobThread-5-1662599396074] 2022-02-28 21:18:13.200000 market match order, id = strategy1_27, info = ('strategy1_27', 5, None, None), code = rb888.shfe
2022-09-08 09:10:07 [com.tq.yuxuan.xxljob.task.MyTask#demoJobHandler]-[42]-[xxl-job, JobThread-5-1662599396074] 2022-02-28 21:18:14.100000 market match order, id = strategy0_33, info = ('strategy0_33', 4, 4729.0, 1), code = rb888.shfe
2022-09-08 09:10:07 [com.tq.yuxuan.xxljob.task.MyTask#demoJobHandler]-[42]-[xxl-job, JobThread-5-1662599396074] 2022-02-28 21:18:54.100000 account insert order, id = strategy0_34, price = 4728.0, direction = ORDER_DIRECTION.BUY, code = rb999.shfe
2022-09-08 09:10:07 [com.tq.yuxuan.xxljob.task.MyTask#demoJobHandler]-[42]-[xxl-job, JobThread-5-1662599396074] 2022-02-28 21:18:54.200000 market receive order, id = strategy0_34, price = 4728.0, direction = ORDER_DIRECTION.BUY, code = rb999.shfe
2022-09-08 09:10:07 [com.tq.yuxuan.xxljob.task.MyTask#demoJobHandler]-[42]-[xxl-job, JobThread-5-1662599396074] 2022-02-28 21:18:58.100000 account cancel order, id = strategy0_34, price = 4728.0, direction = ORDER_DIRECTION.BUY, code = rb999.shfe
2022-09-08 09:10:07 [com.tq.yuxuan.xxljob.task.MyTask#demoJobHandler]-[42]-[xxl-job, JobThread-5-1662599396074] 2022-02-28 21:18:58.200000 market match order, id = strategy0_34, info = ('strategy0_34', 5, None, None), code = rb999.shfe
2022-09-08 09:10:07 [com.tq.yuxuan.xxljob.task.MyTask#demoJobHandler]-[42]-[xxl-job, JobThread-5-1662599396074] 2022-02-28 21:19:15.100000 account insert order, id = strategy0_35, price = 4730.0, direction = ORDER_DIRECTION.SELL, code = rb888.shfe
2022-09-08 09:10:07 [com.tq.yuxuan.xxljob.task.MyTask#demoJobHandler]-[42]-[xxl-job, JobThread-5-1662599396074] 2022-02-28 21:19:15.200000 market receive order, id = strategy0_35, price = 4730.0, direction = ORDER_DIRECTION.SELL, code = rb888.shfe
2022-09-08 09:10:07 [com.tq.yuxuan.xxljob.task.MyTask#demoJobHandler]-[42]-[xxl-job, JobThread-5-1662599396074] 2022-02-28 21:19:18.100000 market match order, id = strategy0_35, info = ('strategy0_35', 4, 4730.0, 1), code = rb888.shfe
2022-09-08 09:10:07 [com.tq.yuxuan.xxljob.task.MyTask#demoJobHandler]-[42]-[xxl-job, JobThread-5-1662599396074] 2022-02-28 21:19:23.100000 account insert order, id = strategy1_28, price = 4730.0, direction = ORDER_DIRECTION.BUY, code = rb999.shfe
2022-09-08 09:10:07 [com.tq.yuxuan.xxljob.task.MyTask#demoJobHandler]-[42]-[xxl-job, JobThread-5-1662599396074] 2022-02-28 21:19:23.200000 market receive order, id = strategy1_28, price = 4730.0, direction = ORDER_DIRECTION.BUY, code = rb999.shfe
2022-09-08 09:10:07 [com.tq.yuxuan.xxljob.task.MyTask#demoJobHandler]-[42]-[xxl-job, JobThread-5-1662599396074] 2022-02-28 21:19:26.100000 account cancel order, id = strategy1_28, price = 4730.0, direction = ORDER_DIRECTION.BUY, code = rb999.shfe
2022-09-08 09:10:07 [com.tq.yuxuan.xxljob.task.MyTask#demoJobHandler]-[42]-[xxl-job, JobThread-5-1662599396074] 2022-02-28 21:19:26.200000 market match order, id = strategy1_28, info = ('strategy1_28', 5, None, None), code = rb999.shfe
2022-09-08 09:10:07 [com.tq.yuxuan.xxljob.task.MyTask#demoJobHandler]-[42]-[xxl-job, JobThread-5-1662599396074] 2022-02-28 21:19:36.100000 account insert order, id = strategy1_29, price = 4729.0, direction = ORDER_DIRECTION.BUY, code = rb888.shfe
2022-09-08 09:10:07 [com.tq.yuxuan.xxljob.task.MyTask#demoJobHandler]-[42]-[xxl-job, JobThread-5-1662599396074] 2022-02-28 21:19:36.200000 market receive order, id = strategy1_29, price = 4729.0, direction = ORDER_DIRECTION.BUY, code = rb888.shfe
2022-09-08 09:10:07 [com.tq.yuxuan.xxljob.task.MyTask#demoJobHandler]-[42]-[xxl-job, JobThread-5-1662599396074] 2022-02-28 21:19:37.100000 account cancel order, id = strategy1_29, price = 4729.0, direction = ORDER_DIRECTION.BUY, code = rb888.shfe
2022-09-08 09:10:07 [com.tq.yuxuan.xxljob.task.MyTask#demoJobHandler]-[42]-[xxl-job, JobThread-5-1662599396074] 2022-02-28 21:19:37.200000 market match order, id = strategy1_29, info = ('strategy1_29', 5, None, None), code = rb888.shfe
2022-09-08 09:10:07 [com.tq.yuxuan.xxljob.task.MyTask#demoJobHandler]-[42]-[xxl-job, JobThread-5-1662599396074] 2022-02-28 21:19:52.100000 account insert order, id = strategy1_30, price = 4730.0, direction = ORDER_DIRECTION.SELL, code = rb888.shfe
2022-09-08 09:10:07 [com.tq.yuxuan.xxljob.task.MyTask#demoJobHandler]-[42]-[xxl-job, JobThread-5-1662599396074] 2022-02-28 21:19:52.200000 market receive order, id = strategy1_30, price = 4730.0, direction = ORDER_DIRECTION.SELL, code = rb888.shfe
2022-09-08 09:10:07 [com.tq.yuxuan.xxljob.task.MyTask#demoJobHandler]-[42]-[xxl-job, JobThread-5-1662599396074] 2022-02-28 21:19:54.100000 account cancel order, id = strategy1_30, price = 4730.0, direction = ORDER_DIRECTION.SELL, code = rb888.shfe
2022-09-08 09:10:07 [com.tq.yuxuan.xxljob.task.MyTask#demoJobHandler]-[42]-[xxl-job, JobThread-5-1662599396074] 2022-02-28 21:19:54.200000 market match order, id = strategy1_30, info = ('strategy1_30', 5, None, None), code = rb888.shfe
2022-09-08 09:10:07 [com.tq.yuxuan.xxljob.task.MyTask#demoJobHandler]-[42]-[xxl-job, JobThread-5-1662599396074] 2022-02-28 21:19:56.100000 account insert order, id = strategy1_31, price = 4729.0, direction = ORDER_DIRECTION.BUY, code = rb999.shfe
2022-09-08 09:10:07 [com.tq.yuxuan.xxljob.task.MyTask#demoJobHandler]-[42]-[xxl-job, JobThread-5-1662599396074] 2022-02-28 21:19:56.200000 market receive order, id = strategy1_31, price = 4729.0, direction = ORDER_DIRECTION.BUY, code = rb999.shfe
2022-09-08 09:10:07 [com.tq.yuxuan.xxljob.task.MyTask#demoJobHandler]-[42]-[xxl-job, JobThread-5-1662599396074] 2022-02-28 21:20:01.100000 account cancel order, id = strategy1_31, price = 4729.0, direction = ORDER_DIRECTION.BUY, code = rb999.shfe
2022-09-08 09:10:07 [com.tq.yuxuan.xxljob.task.MyTask#demoJobHandler]-[42]-[xxl-job, JobThread-5-1662599396074] 2022-02-28 21:20:01.200000 market match order, id = strategy1_31, info = ('strategy1_31', 5, None, None), code = rb999.shfe
2022-09-08 09:10:07 [com.tq.yuxuan.xxljob.task.MyTask#demoJobHandler]-[42]-[xxl-job, JobThread-5-1662599396074] 2022-02-28 21:21:08.100000 account insert order, id = strategy0_36, price = 4726.0, direction = ORDER_DIRECTION.SELL, code = rb999.shfe
2022-09-08 09:10:07 [com.tq.yuxuan.xxljob.task.MyTask#demoJobHandler]-[42]-[xxl-job, JobThread-5-1662599396074] 2022-02-28 21:21:08.200000 market receive order, id = strategy0_36, price = 4726.0, direction = ORDER_DIRECTION.SELL, code = rb999.shfe
2022-09-08 09:10:07 [com.tq.yuxuan.xxljob.task.MyTask#demoJobHandler]-[42]-[xxl-job, JobThread-5-1662599396074] 2022-02-28 21:21:08.200000 market match order, id = strategy0_36, info = ('strategy0_36', 4, 4726.0, 1), code = rb999.shfe
2022-09-08 09:10:07 [com.tq.yuxuan.xxljob.task.MyTask#demoJobHandler]-[42]-[xxl-job, JobThread-5-1662599396074] 2022-02-28 21:21:17.100000 account insert order, id = strategy0_37, price = 4729.0, direction = ORDER_DIRECTION.BUY, code = rb888.shfe
2022-09-08 09:10:07 [com.tq.yuxuan.xxljob.task.MyTask#demoJobHandler]-[42]-[xxl-job, JobThread-5-1662599396074] 2022-02-28 21:21:17.200000 market receive order, id = strategy0_37, price = 4729.0, direction = ORDER_DIRECTION.BUY, code = rb888.shfe
2022-09-08 09:10:07 [com.tq.yuxuan.xxljob.task.MyTask#demoJobHandler]-[42]-[xxl-job, JobThread-5-1662599396074] 2022-02-28 21:21:17.200000 market match order, id = strategy0_37, info = ('strategy0_37', 4, 4729.0, 1), code = rb888.shfe
2022-09-08 09:10:07 [com.tq.yuxuan.xxljob.task.MyTask#demoJobHandler]-[42]-[xxl-job, JobThread-5-1662599396074] 2022-02-28 21:21:49.100000 account insert order, id = strategy0_38, price = 4730.0, direction = ORDER_DIRECTION.BUY, code = rb888.shfe
2022-09-08 09:10:07 [com.tq.yuxuan.xxljob.task.MyTask#demoJobHandler]-[42]-[xxl-job, JobThread-5-1662599396074] 2022-02-28 21:21:49.200000 market receive order, id = strategy0_38, price = 4730.0, direction = ORDER_DIRECTION.BUY, code = rb888.shfe
2022-09-08 09:10:07 [com.tq.yuxuan.xxljob.task.MyTask#demoJobHandler]-[42]-[xxl-job, JobThread-5-1662599396074] 2022-02-28 21:21:53.100000 account cancel order, id = strategy0_38, price = 4730.0, direction = ORDER_DIRECTION.BUY, code = rb888.shfe
2022-09-08 09:10:07 [com.tq.yuxuan.xxljob.task.MyTask#demoJobHandler]-[42]-[xxl-job, JobThread-5-1662599396074] 2022-02-28 21:21:53.200000 market match order, id = strategy0_38, info = ('strategy0_38', 5, None, None), code = rb888.shfe
2022-09-08 09:10:07 [com.tq.yuxuan.xxljob.task.MyTask#demoJobHandler]-[42]-[xxl-job, JobThread-5-1662599396074] 2022-02-28 21:22:11.100000 account insert order, id = strategy0_39, price = 4730.0, direction = ORDER_DIRECTION.BUY, code = rb999.shfe
2022-09-08 09:10:07 [com.tq.yuxuan.xxljob.task.MyTask#demoJobHandler]-[42]-[xxl-job, JobThread-5-1662599396074] 2022-02-28 21:22:11.200000 market receive order, id = strategy0_39, price = 4730.0, direction = ORDER_DIRECTION.BUY, code = rb999.shfe
2022-09-08 09:10:07 [com.tq.yuxuan.xxljob.task.MyTask#demoJobHandler]-[42]-[xxl-job, JobThread-5-1662599396074] 2022-02-28 21:22:12.100000 account cancel order, id = strategy0_39, price = 4730.0, direction = ORDER_DIRECTION.BUY, code = rb999.shfe
2022-09-08 09:10:07 [com.tq.yuxuan.xxljob.task.MyTask#demoJobHandler]-[42]-[xxl-job, JobThread-5-1662599396074] 2022-02-28 21:22:12.200000 market match order, id = strategy0_39, info = ('strategy0_39', 5, None, None), code = rb999.shfe
2022-09-08 09:10:07 [com.tq.yuxuan.xxljob.task.MyTask#demoJobHandler]-[42]-[xxl-job, JobThread-5-1662599396074] 2022-02-28 21:22:13.100000 account insert order, id = strategy1_32, price = 4731.0, direction = ORDER_DIRECTION.BUY, code = rb888.shfe
2022-09-08 09:10:07 [com.tq.yuxuan.xxljob.task.MyTask#demoJobHandler]-[42]-[xxl-job, JobThread-5-1662599396074] 2022-02-28 21:22:13.200000 market receive order, id = strategy1_32, price = 4731.0, direction = ORDER_DIRECTION.BUY, code = rb888.shfe
2022-09-08 09:10:07 [com.tq.yuxuan.xxljob.task.MyTask#demoJobHandler]-[42]-[xxl-job, JobThread-5-1662599396074] 2022-02-28 21:22:15.100000 missing order strategy1_32 @ cancelling...
2022-09-08 09:10:07 [com.tq.yuxuan.xxljob.task.MyTask#demoJobHandler]-[42]-[xxl-job, JobThread-5-1662599396074] 2022-02-28 21:22:15.100000 account cancel order, id = strategy1_32, price = 4731.0, direction = ORDER_DIRECTION.BUY, code = rb888.shfe
2022-09-08 09:10:07 [com.tq.yuxuan.xxljob.task.MyTask#demoJobHandler]-[42]-[xxl-job, JobThread-5-1662599396074] 2022-02-28 21:22:15.100000 market match order, id = strategy1_32, info = ('strategy1_32', 4, 4731.0, 1), code = rb888.shfe
2022-09-08 09:10:07 [com.tq.yuxuan.xxljob.task.MyTask#demoJobHandler]-[42]-[xxl-job, JobThread-5-1662599396074] 2022-02-28 21:24:02.100000 account insert order, id = strategy1_33, price = 4732.0, direction = ORDER_DIRECTION.BUY, code = rb999.shfe
2022-09-08 09:10:07 [com.tq.yuxuan.xxljob.task.MyTask#demoJobHandler]-[42]-[xxl-job, JobThread-5-1662599396074] 2022-02-28 21:24:02.200000 market receive order, id = strategy1_33, price = 4732.0, direction = ORDER_DIRECTION.BUY, code = rb999.shfe
2022-09-08 09:10:07 [com.tq.yuxuan.xxljob.task.MyTask#demoJobHandler]-[42]-[xxl-job, JobThread-5-1662599396074] 2022-02-28 21:24:04.100000 account cancel order, id = strategy1_33, price = 4732.0, direction = ORDER_DIRECTION.BUY, code = rb999.shfe
2022-09-08 09:10:07 [com.tq.yuxuan.xxljob.task.MyTask#demoJobHandler]-[42]-[xxl-job, JobThread-5-1662599396074] 2022-02-28 21:24:04.200000 market match order, id = strategy1_33, info = ('strategy1_33', 5, None, None), code = rb999.shfe
2022-09-08 09:10:07 [com.tq.yuxuan.xxljob.task.MyTask#demoJobHandler]-[42]-[xxl-job, JobThread-5-1662599396074] 2022-02-28 21:24:06.100000 account insert order, id = strategy1_34, price = 4733.0, direction = ORDER_DIRECTION.BUY, code = rb888.shfe
2022-09-08 09:10:07 [com.tq.yuxuan.xxljob.task.MyTask#demoJobHandler]-[42]-[xxl-job, JobThread-5-1662599396074] 2022-02-28 21:24:06.200000 market receive order, id = strategy1_34, price = 4733.0, direction = ORDER_DIRECTION.BUY, code = rb888.shfe
2022-09-08 09:10:07 [com.tq.yuxuan.xxljob.task.MyTask#demoJobHandler]-[42]-[xxl-job, JobThread-5-1662599396074] 2022-02-28 21:24:07.100000 account cancel order, id = strategy1_34, price = 4733.0, direction = ORDER_DIRECTION.BUY, code = rb888.shfe
2022-09-08 09:10:07 [com.tq.yuxuan.xxljob.task.MyTask#demoJobHandler]-[42]-[xxl-job, JobThread-5-1662599396074] 2022-02-28 21:24:07.200000 market match order, id = strategy1_34, info = ('strategy1_34', 5, None, None), code = rb888.shfe
2022-09-08 09:10:07 [com.tq.yuxuan.xxljob.task.MyTask#demoJobHandler]-[42]-[xxl-job, JobThread-5-1662599396074] 2022-02-28 21:24:12.100000 account insert order, id = strategy0_40, price = 4732.0, direction = ORDER_DIRECTION.BUY, code = rb999.shfe
2022-09-08 09:10:07 [com.tq.yuxuan.xxljob.task.MyTask#demoJobHandler]-[42]-[xxl-job, JobThread-5-1662599396074] 2022-02-28 21:24:12.100000 account insert order, id = strategy1_35, price = 4733.0, direction = ORDER_DIRECTION.SELL, code = rb999.shfe
2022-09-08 09:10:07 [com.tq.yuxuan.xxljob.task.MyTask#demoJobHandler]-[42]-[xxl-job, JobThread-5-1662599396074] 2022-02-28 21:24:12.200000 market receive order, id = strategy0_40, price = 4732.0, direction = ORDER_DIRECTION.BUY, code = rb999.shfe
2022-09-08 09:10:07 [com.tq.yuxuan.xxljob.task.MyTask#demoJobHandler]-[42]-[xxl-job, JobThread-5-1662599396074] 2022-02-28 21:24:12.200000 market receive order, id = strategy1_35, price = 4733.0, direction = ORDER_DIRECTION.SELL, code = rb999.shfe
2022-09-08 09:10:07 [com.tq.yuxuan.xxljob.task.MyTask#demoJobHandler]-[42]-[xxl-job, JobThread-5-1662599396074] 2022-02-28 21:24:13.100000 market match order, id = strategy0_40, info = ('strategy0_40', 4, 4732.0, 1), code = rb999.shfe
2022-09-08 09:10:07 [com.tq.yuxuan.xxljob.task.MyTask#demoJobHandler]-[42]-[xxl-job, JobThread-5-1662599396074] 2022-02-28 21:24:14.100000 account insert order, id = strategy1_36, price = 4731.0, direction = ORDER_DIRECTION.BUY, code = rb888.shfe
2022-09-08 09:10:07 [com.tq.yuxuan.xxljob.task.MyTask#demoJobHandler]-[42]-[xxl-job, JobThread-5-1662599396074] 2022-02-28 21:24:14.100000 account cancel order, id = strategy1_35, price = 4733.0, direction = ORDER_DIRECTION.SELL, code = rb999.shfe
2022-09-08 09:10:07 [com.tq.yuxuan.xxljob.task.MyTask#demoJobHandler]-[42]-[xxl-job, JobThread-5-1662599396074] 2022-02-28 21:24:14.200000 market receive order, id = strategy1_36, price = 4731.0, direction = ORDER_DIRECTION.BUY, code = rb888.shfe
2022-09-08 09:10:07 [com.tq.yuxuan.xxljob.task.MyTask#demoJobHandler]-[42]-[xxl-job, JobThread-5-1662599396074] 2022-02-28 21:24:14.200000 market match order, id = strategy1_35, info = ('strategy1_35', 5, None, None), code = rb999.shfe
2022-09-08 09:10:07 [com.tq.yuxuan.xxljob.task.MyTask#demoJobHandler]-[42]-[xxl-job, JobThread-5-1662599396074] 2022-02-28 21:24:20.100000 account cancel order, id = strategy1_36, price = 4731.0, direction = ORDER_DIRECTION.BUY, code = rb888.shfe
2022-09-08 09:10:07 [com.tq.yuxuan.xxljob.task.MyTask#demoJobHandler]-[42]-[xxl-job, JobThread-5-1662599396074] 2022-02-28 21:24:20.200000 market match order, id = strategy1_36, info = ('strategy1_36', 5, None, None), code = rb888.shfe
2022-09-08 09:10:07 [com.tq.yuxuan.xxljob.task.MyTask#demoJobHandler]-[42]-[xxl-job, JobThread-5-1662599396074] 2022-02-28 21:24:30.100000 account insert order, id = strategy1_37, price = 4731.0, direction = ORDER_DIRECTION.SELL, code = rb999.shfe
2022-09-08 09:10:07 [com.tq.yuxuan.xxljob.task.MyTask#demoJobHandler]-[42]-[xxl-job, JobThread-5-1662599396074] 2022-02-28 21:24:30.200000 market receive order, id = strategy1_37, price = 4731.0, direction = ORDER_DIRECTION.SELL, code = rb999.shfe
2022-09-08 09:10:07 [com.tq.yuxuan.xxljob.task.MyTask#demoJobHandler]-[42]-[xxl-job, JobThread-5-1662599396074] 2022-02-28 21:24:33.100000 account insert order, id = strategy0_41, price = 4731.0, direction = ORDER_DIRECTION.SELL, code = rb999.shfe
2022-09-08 09:10:07 [com.tq.yuxuan.xxljob.task.MyTask#demoJobHandler]-[42]-[xxl-job, JobThread-5-1662599396074] 2022-02-28 21:24:33.100000 market match order, id = strategy1_37, info = ('strategy1_37', 4, 4731.0, 1), code = rb999.shfe
2022-09-08 09:10:07 [com.tq.yuxuan.xxljob.task.MyTask#demoJobHandler]-[42]-[xxl-job, JobThread-5-1662599396074] 2022-02-28 21:24:33.200000 market receive order, id = strategy0_41, price = 4731.0, direction = ORDER_DIRECTION.SELL, code = rb999.shfe
2022-09-08 09:10:07 [com.tq.yuxuan.xxljob.task.MyTask#demoJobHandler]-[42]-[xxl-job, JobThread-5-1662599396074] 2022-02-28 21:24:33.200000 market match order, id = strategy0_41, info = ('strategy0_41', 4, 4731.0, 1), code = rb999.shfe
2022-09-08 09:10:07 [com.tq.yuxuan.xxljob.task.MyTask#demoJobHandler]-[42]-[xxl-job, JobThread-5-1662599396074] 2022-02-28 21:24:39.100000 account insert order, id = strategy1_38, price = 4731.0, direction = ORDER_DIRECTION.BUY, code = rb888.shfe
2022-09-08 09:10:07 [com.tq.yuxuan.xxljob.task.MyTask#demoJobHandler]-[42]-[xxl-job, JobThread-5-1662599396074] 2022-02-28 21:24:39.200000 market receive order, id = strategy1_38, price = 4731.0, direction = ORDER_DIRECTION.BUY, code = rb888.shfe
2022-09-08 09:10:07 [com.tq.yuxuan.xxljob.task.MyTask#demoJobHandler]-[42]-[xxl-job, JobThread-5-1662599396074] 2022-02-28 21:24:40.100000 account cancel order, id = strategy1_38, price = 4731.0, direction = ORDER_DIRECTION.BUY, code = rb888.shfe
2022-09-08 09:10:07 [com.tq.yuxuan.xxljob.task.MyTask#demoJobHandler]-[42]-[xxl-job, JobThread-5-1662599396074] 2022-02-28 21:24:40.200000 market match order, id = strategy1_38, info = ('strategy1_38', 5, None, None), code = rb888.shfe
2022-09-08 09:10:07 [com.tq.yuxuan.xxljob.task.MyTask#demoJobHandler]-[42]-[xxl-job, JobThread-5-1662599396074] 2022-02-28 21:26:15.100000 account insert order, id = strategy1_39, price = 4729.0, direction = ORDER_DIRECTION.SELL, code = rb888.shfe
2022-09-08 09:10:07 [com.tq.yuxuan.xxljob.task.MyTask#demoJobHandler]-[42]-[xxl-job, JobThread-5-1662599396074] 2022-02-28 21:26:15.200000 market receive order, id = strategy1_39, price = 4729.0, direction = ORDER_DIRECTION.SELL, code = rb888.shfe
2022-09-08 09:10:07 [com.tq.yuxuan.xxljob.task.MyTask#demoJobHandler]-[42]-[xxl-job, JobThread-5-1662599396074] 2022-02-28 21:26:17.100000 account cancel order, id = strategy1_39, price = 4729.0, direction = ORDER_DIRECTION.SELL, code = rb888.shfe
2022-09-08 09:10:07 [com.tq.yuxuan.xxljob.task.MyTask#demoJobHandler]-[42]-[xxl-job, JobThread-5-1662599396074] 2022-02-28 21:26:17.200000 market match order, id = strategy1_39, info = ('strategy1_39', 5, None, None), code = rb888.shfe
2022-09-08 09:10:07 [com.tq.yuxuan.xxljob.task.MyTask#demoJobHandler]-[42]-[xxl-job, JobThread-5-1662599396074] 2022-02-28 21:26:30.100000 account insert order, id = strategy1_40, price = 4726.0, direction = ORDER_DIRECTION.SELL, code = rb888.shfe
2022-09-08 09:10:07 [com.tq.yuxuan.xxljob.task.MyTask#demoJobHandler]-[42]-[xxl-job, JobThread-5-1662599396074] 2022-02-28 21:26:30.200000 market receive order, id = strategy1_40, price = 4726.0, direction = ORDER_DIRECTION.SELL, code = rb888.shfe
2022-09-08 09:10:07 [com.tq.yuxuan.xxljob.task.MyTask#demoJobHandler]-[42]-[xxl-job, JobThread-5-1662599396074] 2022-02-28 21:26:34.100000 account cancel order, id = strategy1_40, price = 4726.0, direction = ORDER_DIRECTION.SELL, code = rb888.shfe
2022-09-08 09:10:07 [com.tq.yuxuan.xxljob.task.MyTask#demoJobHandler]-[42]-[xxl-job, JobThread-5-1662599396074] 2022-02-28 21:26:34.200000 market match order, id = strategy1_40, info = ('strategy1_40', 5, None, None), code = rb888.shfe
2022-09-08 09:10:07 [com.tq.yuxuan.xxljob.task.MyTask#demoJobHandler]-[42]-[xxl-job, JobThread-5-1662599396074] 2022-02-28 21:26:56.100000 account insert order, id = strategy1_41, price = 4728.0, direction = ORDER_DIRECTION.SELL, code = rb999.shfe
2022-09-08 09:10:07 [com.tq.yuxuan.xxljob.task.MyTask#demoJobHandler]-[42]-[xxl-job, JobThread-5-1662599396074] 2022-02-28 21:26:56.200000 market receive order, id = strategy1_41, price = 4728.0, direction = ORDER_DIRECTION.SELL, code = rb999.shfe
2022-09-08 09:10:07 [com.tq.yuxuan.xxljob.task.MyTask#demoJobHandler]-[42]-[xxl-job, JobThread-5-1662599396074] 2022-02-28 21:26:58.100000 account cancel order, id = strategy1_41, price = 4728.0, direction = ORDER_DIRECTION.SELL, code = rb999.shfe
2022-09-08 09:10:07 [com.tq.yuxuan.xxljob.task.MyTask#demoJobHandler]-[42]-[xxl-job, JobThread-5-1662599396074] 2022-02-28 21:26:58.200000 market match order, id = strategy1_41, info = ('strategy1_41', 5, None, None), code = rb999.shfe
2022-09-08 09:10:07 [com.tq.yuxuan.xxljob.task.MyTask#demoJobHandler]-[42]-[xxl-job, JobThread-5-1662599396074] 2022-02-28 21:27:14.100000 account insert order, id = strategy1_42, price = 4729.0, direction = ORDER_DIRECTION.SELL, code = rb888.shfe
2022-09-08 09:10:07 [com.tq.yuxuan.xxljob.task.MyTask#demoJobHandler]-[42]-[xxl-job, JobThread-5-1662599396074] 2022-02-28 21:27:14.200000 market receive order, id = strategy1_42, price = 4729.0, direction = ORDER_DIRECTION.SELL, code = rb888.shfe
2022-09-08 09:10:07 [com.tq.yuxuan.xxljob.task.MyTask#demoJobHandler]-[42]-[xxl-job, JobThread-5-1662599396074] 2022-02-28 21:27:16.100000 account cancel order, id = strategy1_42, price = 4729.0, direction = ORDER_DIRECTION.SELL, code = rb888.shfe
2022-09-08 09:10:07 [com.tq.yuxuan.xxljob.task.MyTask#demoJobHandler]-[42]-[xxl-job, JobThread-5-1662599396074] 2022-02-28 21:27:16.200000 market match order, id = strategy1_42, info = ('strategy1_42', 5, None, None), code = rb888.shfe
2022-09-08 09:10:07 [com.tq.yuxuan.xxljob.task.MyTask#demoJobHandler]-[42]-[xxl-job, JobThread-5-1662599396074] 2022-02-28 21:27:38.100000 account insert order, id = strategy1_43, price = 4727.0, direction = ORDER_DIRECTION.BUY, code = rb999.shfe
2022-09-08 09:10:07 [com.tq.yuxuan.xxljob.task.MyTask#demoJobHandler]-[42]-[xxl-job, JobThread-5-1662599396074] 2022-02-28 21:27:38.200000 market receive order, id = strategy1_43, price = 4727.0, direction = ORDER_DIRECTION.BUY, code = rb999.shfe
2022-09-08 09:10:07 [com.tq.yuxuan.xxljob.task.MyTask#demoJobHandler]-[42]-[xxl-job, JobThread-5-1662599396074] 2022-02-28 21:27:46.100000 account cancel order, id = strategy1_43, price = 4727.0, direction = ORDER_DIRECTION.BUY, code = rb999.shfe
2022-09-08 09:10:07 [com.tq.yuxuan.xxljob.task.MyTask#demoJobHandler]-[42]-[xxl-job, JobThread-5-1662599396074] 2022-02-28 21:27:46.200000 market match order, id = strategy1_43, info = ('strategy1_43', 5, None, None), code = rb999.shfe
2022-09-08 09:10:07 [com.tq.yuxuan.xxljob.task.MyTask#demoJobHandler]-[42]-[xxl-job, JobThread-5-1662599396074] 2022-02-28 21:28:45.100000 account insert order, id = strategy0_42, price = 4726.0, direction = ORDER_DIRECTION.SELL, code = rb999.shfe
2022-09-08 09:10:07 [com.tq.yuxuan.xxljob.task.MyTask#demoJobHandler]-[42]-[xxl-job, JobThread-5-1662599396074] 2022-02-28 21:28:45.200000 market receive order, id = strategy0_42, price = 4726.0, direction = ORDER_DIRECTION.SELL, code = rb999.shfe
2022-09-08 09:10:07 [com.tq.yuxuan.xxljob.task.MyTask#demoJobHandler]-[42]-[xxl-job, JobThread-5-1662599396074] 2022-02-28 21:28:48.100000 account cancel order, id = strategy0_42, price = 4726.0, direction = ORDER_DIRECTION.SELL, code = rb999.shfe
2022-09-08 09:10:07 [com.tq.yuxuan.xxljob.task.MyTask#demoJobHandler]-[42]-[xxl-job, JobThread-5-1662599396074] 2022-02-28 21:28:48.200000 market match order, id = strategy0_42, info = ('strategy0_42', 5, None, None), code = rb999.shfe
2022-09-08 09:10:07 [com.tq.yuxuan.xxljob.task.MyTask#demoJobHandler]-[42]-[xxl-job, JobThread-5-1662599396074] strategy0 {'rb888.shfe': [('strategy0_1', 5, None, None), ('strategy0_2', 4, 4716.0, 1), ('strategy0_3', 4, 4723.0, 1), ('strategy0_4', 5, None, None), ('strategy0_5', 4, 4724.0, 1), ('strategy0_6', 4, 4727.0, 1), ('strategy0_8', 4, 4728.0, 1), ('strategy0_7', 5, None, None), ('strategy0_10', 4, 4729.0, 1), ('strategy0_11', 4, 4729.0, 1), ('strategy0_13', 5, None, None), ('strategy0_14', 4, 4726.0, 1), ('strategy0_15', 4, 4726.0, 1), ('strategy0_16', 5, None, None), ('strategy0_18', 4, 4722.0, 1), ('strategy0_20', 5, None, None), ('strategy0_22', 5, None, None), ('strategy0_23', 4, 4721.0, 1), ('strategy0_24', 5, None, None), ('strategy0_25', 4, 4725.0, 1), ('strategy0_27', 5, None, None), ('strategy0_30', 5, None, None), ('strategy0_32', 5, None, None), ('strategy0_33', 4, 4729.0, 1), ('strategy0_35', 4, 4730.0, 1), ('strategy0_37', 4, 4729.0, 1), ('strategy0_38', 5, None, None)], 'rb999.shfe': [('strategy0_0', 5, None, None), ('strategy0_9', 4, 4728.0, 1), ('strategy0_12', 5, None, None), ('strategy0_17', 5, None, None), ('strategy0_19', 5, None, None), ('strategy0_21', 4, 4718.0, 1), ('strategy0_26', 5, None, None), ('strategy0_28', 4, 4727.0, 1), ('strategy0_29', 5, None, None), ('strategy0_31', 5, None, None), ('strategy0_34', 5, None, None), ('strategy0_36', 4, 4726.0, 1), ('strategy0_39', 5, None, None), ('strategy0_40', 4, 4732.0, 1), ('strategy0_41', 4, 4731.0, 1), ('strategy0_42', 5, None, None)]}
2022-09-08 09:10:07 [com.tq.yuxuan.xxljob.task.MyTask#demoJobHandler]-[42]-[xxl-job, JobThread-5-1662599396074] strategy1 {'rb888.shfe': [('strategy1_5', 4, 4727.0, 1), ('strategy1_7', 4, 4728.0, 1), ('strategy1_9', 4, 4727.0, 1), ('strategy1_13', 5, None, None), ('strategy1_16', 5, None, None), ('strategy1_17', 5, None, None), ('strategy1_18', 5, None, None), ('strategy1_22', 4, 4725.0, 1), ('strategy1_25', 5, None, None), ('strategy1_27', 5, None, None), ('strategy1_29', 5, None, None), ('strategy1_30', 5, None, None), ('strategy1_32', 4, 4731.0, 1), ('strategy1_34', 5, None, None), ('strategy1_36', 5, None, None), ('strategy1_38', 5, None, None), ('strategy1_39', 5, None, None), ('strategy1_40', 5, None, None), ('strategy1_42', 5, None, None)], 'rb999.shfe': [('strategy1_0', 5, None, None), ('strategy1_1', 4, 4720.0, 1), ('strategy1_2', 5, None, None), ('strategy1_3', 5, None, None), ('strategy1_4', 4, 4726.0, 1), ('strategy1_6', 5, None, None), ('strategy1_8', 4, 4726.0, 1), ('strategy1_10', 5, None, None), ('strategy1_11', 5, None, None), ('strategy1_12', 5, None, None), ('strategy1_14', 4, 4729.0, 1), ('strategy1_15', 5, None, None), ('strategy1_19', 5, None, None), ('strategy1_20', 5, None, None), ('strategy1_21', 5, None, None), ('strategy1_23', 5, None, None), ('strategy1_24', 5, None, None), ('strategy1_26', 4, 4728.0, 1), ('strategy1_28', 5, None, None), ('strategy1_31', 5, None, None), ('strategy1_33', 5, None, None), ('strategy1_35', 5, None, None), ('strategy1_37', 4, 4731.0, 1), ('strategy1_41', 5, None, None), ('strategy1_43', 5, None, None)]}
2022-09-08 09:10:07 [com.tq.yuxuan.xxljob.task.MyTask#demoJobHandler]-[52]-[xxl-job, JobThread-5-1662599396074] TransQuant tick回测任务完成.
2022-09-08 09:10:07 [com.xxl.job.core.thread.JobThread#run]-[179]-[xxl-job, JobThread-5-1662599396074] <br>----------- xxl-job job execute end(finish) -----------<br>----------- Result: handleCode=200, handleMsg = null
2022-09-08 09:10:07 [com.xxl.job.core.thread.TriggerCallbackThread#callbackLog]-[197]-[xxl-job, executor TriggerCallbackThread] <br>----------- xxl-job job callback finish.
