2022-09-08 09:10:01 [com.xxl.job.core.thread.JobThread#run]-[133]-[xxl-job, JobThread-5-1662599401302] <br>----------- xxl-job job execute start -----------<br>----------- Param:
2022-09-08 09:10:01 [com.tq.yuxuan.xxljob.task.MyTask#demoJobHandler]-[29]-[xxl-job, JobThread-5-1662599401302] TransQuant tick回测任务启动.
2022-09-08 09:10:01 [com.tq.yuxuan.xxljob.task.MyTask#demoJobHandler]-[34]-[xxl-job, JobThread-5-1662599401302] 分片参数：当前分片序号 = 1, 总分片数 = 2
2022-09-08 09:10:09 [com.tq.yuxuan.xxljob.task.MyTask#demoJobHandler]-[42]-[xxl-job, JobThread-5-1662599401302] inserting match-info timestep events...
2022-09-08 09:10:09 [com.tq.yuxuan.xxljob.task.MyTask#demoJobHandler]-[42]-[xxl-job, JobThread-5-1662599401302] inserting market timestep events...
2022-09-08 09:10:09 [com.tq.yuxuan.xxljob.task.MyTask#demoJobHandler]-[42]-[xxl-job, JobThread-5-1662599401302] inserting match-info timestep events...
2022-09-08 09:10:09 [com.tq.yuxuan.xxljob.task.MyTask#demoJobHandler]-[42]-[xxl-job, JobThread-5-1662599401302] 2022-02-28 21:00:13.100000 account insert order, id = strategy0_0, price = 4718.0, direction = ORDER_DIRECTION.SELL, code = rb888.shfe
2022-09-08 09:10:09 [com.tq.yuxuan.xxljob.task.MyTask#demoJobHandler]-[42]-[xxl-job, JobThread-5-1662599401302] 2022-02-28 21:00:13.200000 market receive order, id = strategy0_0, price = 4718.0, direction = ORDER_DIRECTION.SELL, code = rb888.shfe
2022-09-08 09:10:09 [com.tq.yuxuan.xxljob.task.MyTask#demoJobHandler]-[42]-[xxl-job, JobThread-5-1662599401302] 2022-02-28 21:00:14.100000 missing order strategy0_0 @ cancelling...
2022-09-08 09:10:09 [com.tq.yuxuan.xxljob.task.MyTask#demoJobHandler]-[42]-[xxl-job, JobThread-5-1662599401302] 2022-02-28 21:00:14.100000 account cancel order, id = strategy0_0, price = 4718.0, direction = ORDER_DIRECTION.SELL, code = rb888.shfe
2022-09-08 09:10:09 [com.tq.yuxuan.xxljob.task.MyTask#demoJobHandler]-[42]-[xxl-job, JobThread-5-1662599401302] 2022-02-28 21:00:14.100000 market match order, id = strategy0_0, info = ('strategy0_0', 4, 4718.0, 1), code = rb888.shfe
2022-09-08 09:10:09 [com.tq.yuxuan.xxljob.task.MyTask#demoJobHandler]-[42]-[xxl-job, JobThread-5-1662599401302] 2022-02-28 21:00:21.100000 account insert order, id = strategy1_0, price = 4719.0, direction = ORDER_DIRECTION.BUY, code = rb888.shfe
2022-09-08 09:10:09 [com.tq.yuxuan.xxljob.task.MyTask#demoJobHandler]-[42]-[xxl-job, JobThread-5-1662599401302] 2022-02-28 21:00:21.200000 market receive order, id = strategy1_0, price = 4719.0, direction = ORDER_DIRECTION.BUY, code = rb888.shfe
2022-09-08 09:10:09 [com.tq.yuxuan.xxljob.task.MyTask#demoJobHandler]-[42]-[xxl-job, JobThread-5-1662599401302] 2022-02-28 21:00:21.200000 market match order, id = strategy1_0, info = ('strategy1_0', 4, 4718.0, 1), code = rb888.shfe
2022-09-08 09:10:09 [com.tq.yuxuan.xxljob.task.MyTask#demoJobHandler]-[42]-[xxl-job, JobThread-5-1662599401302] 2022-02-28 21:00:58.100000 account insert order, id = strategy0_1, price = 4715.0, direction = ORDER_DIRECTION.BUY, code = rb888.shfe
2022-09-08 09:10:09 [com.tq.yuxuan.xxljob.task.MyTask#demoJobHandler]-[42]-[xxl-job, JobThread-5-1662599401302] 2022-02-28 21:00:58.200000 market receive order, id = strategy0_1, price = 4715.0, direction = ORDER_DIRECTION.BUY, code = rb888.shfe
2022-09-08 09:10:09 [com.tq.yuxuan.xxljob.task.MyTask#demoJobHandler]-[42]-[xxl-job, JobThread-5-1662599401302] 2022-02-28 21:01:05.100000 account cancel order, id = strategy0_1, price = 4715.0, direction = ORDER_DIRECTION.BUY, code = rb888.shfe
2022-09-08 09:10:09 [com.tq.yuxuan.xxljob.task.MyTask#demoJobHandler]-[42]-[xxl-job, JobThread-5-1662599401302] 2022-02-28 21:01:05.200000 market match order, id = strategy0_1, info = ('strategy0_1', 5, None, None), code = rb888.shfe
2022-09-08 09:10:09 [com.tq.yuxuan.xxljob.task.MyTask#demoJobHandler]-[42]-[xxl-job, JobThread-5-1662599401302] 2022-02-28 21:01:13.100000 account insert order, id = strategy0_2, price = 4721.0, direction = ORDER_DIRECTION.BUY, code = rb888.shfe
2022-09-08 09:10:09 [com.tq.yuxuan.xxljob.task.MyTask#demoJobHandler]-[42]-[xxl-job, JobThread-5-1662599401302] 2022-02-28 21:01:13.200000 market receive order, id = strategy0_2, price = 4721.0, direction = ORDER_DIRECTION.BUY, code = rb888.shfe
2022-09-08 09:10:09 [com.tq.yuxuan.xxljob.task.MyTask#demoJobHandler]-[42]-[xxl-job, JobThread-5-1662599401302] 2022-02-28 21:01:18.100000 account cancel order, id = strategy0_2, price = 4721.0, direction = ORDER_DIRECTION.BUY, code = rb888.shfe
2022-09-08 09:10:09 [com.tq.yuxuan.xxljob.task.MyTask#demoJobHandler]-[42]-[xxl-job, JobThread-5-1662599401302] 2022-02-28 21:01:18.200000 market match order, id = strategy0_2, info = ('strategy0_2', 5, None, None), code = rb888.shfe
2022-09-08 09:10:09 [com.tq.yuxuan.xxljob.task.MyTask#demoJobHandler]-[42]-[xxl-job, JobThread-5-1662599401302] 2022-02-28 21:01:50.100000 account insert order, id = strategy0_3, price = 4725.0, direction = ORDER_DIRECTION.SELL, code = rb888.shfe
2022-09-08 09:10:09 [com.tq.yuxuan.xxljob.task.MyTask#demoJobHandler]-[42]-[xxl-job, JobThread-5-1662599401302] 2022-02-28 21:01:50.200000 market receive order, id = strategy0_3, price = 4725.0, direction = ORDER_DIRECTION.SELL, code = rb888.shfe
2022-09-08 09:10:09 [com.tq.yuxuan.xxljob.task.MyTask#demoJobHandler]-[42]-[xxl-job, JobThread-5-1662599401302] 2022-02-28 21:01:54.100000 account insert order, id = strategy1_1, price = 4724.0, direction = ORDER_DIRECTION.BUY, code = rb999.shfe
2022-09-08 09:10:09 [com.tq.yuxuan.xxljob.task.MyTask#demoJobHandler]-[42]-[xxl-job, JobThread-5-1662599401302] 2022-02-28 21:01:54.200000 market receive order, id = strategy1_1, price = 4724.0, direction = ORDER_DIRECTION.BUY, code = rb999.shfe
2022-09-08 09:10:09 [com.tq.yuxuan.xxljob.task.MyTask#demoJobHandler]-[42]-[xxl-job, JobThread-5-1662599401302] 2022-02-28 21:01:54.200000 market match order, id = strategy1_1, info = ('strategy1_1', 4, 4724.0, 1), code = rb999.shfe
2022-09-08 09:10:09 [com.tq.yuxuan.xxljob.task.MyTask#demoJobHandler]-[42]-[xxl-job, JobThread-5-1662599401302] 2022-02-28 21:01:56.100000 account insert order, id = strategy1_2, price = 4724.0, direction = ORDER_DIRECTION.SELL, code = rb888.shfe
2022-09-08 09:10:09 [com.tq.yuxuan.xxljob.task.MyTask#demoJobHandler]-[42]-[xxl-job, JobThread-5-1662599401302] 2022-02-28 21:01:56.100000 account cancel order, id = strategy0_3, price = 4725.0, direction = ORDER_DIRECTION.SELL, code = rb888.shfe
2022-09-08 09:10:09 [com.tq.yuxuan.xxljob.task.MyTask#demoJobHandler]-[42]-[xxl-job, JobThread-5-1662599401302] 2022-02-28 21:01:56.200000 market receive order, id = strategy1_2, price = 4724.0, direction = ORDER_DIRECTION.SELL, code = rb888.shfe
2022-09-08 09:10:09 [com.tq.yuxuan.xxljob.task.MyTask#demoJobHandler]-[42]-[xxl-job, JobThread-5-1662599401302] 2022-02-28 21:01:56.200000 market match order, id = strategy1_2, info = ('strategy1_2', 4, 4724.0, 1), code = rb888.shfe
2022-09-08 09:10:09 [com.tq.yuxuan.xxljob.task.MyTask#demoJobHandler]-[42]-[xxl-job, JobThread-5-1662599401302] 2022-02-28 21:01:56.200000 market match order, id = strategy0_3, info = ('strategy0_3', 5, None, None), code = rb888.shfe
2022-09-08 09:10:09 [com.tq.yuxuan.xxljob.task.MyTask#demoJobHandler]-[42]-[xxl-job, JobThread-5-1662599401302] 2022-02-28 21:02:09.100000 account insert order, id = strategy0_4, price = 4725.0, direction = ORDER_DIRECTION.SELL, code = rb999.shfe
2022-09-08 09:10:09 [com.tq.yuxuan.xxljob.task.MyTask#demoJobHandler]-[42]-[xxl-job, JobThread-5-1662599401302] 2022-02-28 21:02:09.200000 market receive order, id = strategy0_4, price = 4725.0, direction = ORDER_DIRECTION.SELL, code = rb999.shfe
2022-09-08 09:10:09 [com.tq.yuxuan.xxljob.task.MyTask#demoJobHandler]-[42]-[xxl-job, JobThread-5-1662599401302] 2022-02-28 21:02:12.100000 account cancel order, id = strategy0_4, price = 4725.0, direction = ORDER_DIRECTION.SELL, code = rb999.shfe
2022-09-08 09:10:09 [com.tq.yuxuan.xxljob.task.MyTask#demoJobHandler]-[42]-[xxl-job, JobThread-5-1662599401302] 2022-02-28 21:02:12.200000 market match order, id = strategy0_4, info = ('strategy0_4', 5, None, None), code = rb999.shfe
2022-09-08 09:10:09 [com.tq.yuxuan.xxljob.task.MyTask#demoJobHandler]-[42]-[xxl-job, JobThread-5-1662599401302] 2022-02-28 21:02:29.100000 account insert order, id = strategy0_5, price = 4725.0, direction = ORDER_DIRECTION.SELL, code = rb888.shfe
2022-09-08 09:10:09 [com.tq.yuxuan.xxljob.task.MyTask#demoJobHandler]-[42]-[xxl-job, JobThread-5-1662599401302] 2022-02-28 21:02:29.200000 market receive order, id = strategy0_5, price = 4725.0, direction = ORDER_DIRECTION.SELL, code = rb888.shfe
2022-09-08 09:10:09 [com.tq.yuxuan.xxljob.task.MyTask#demoJobHandler]-[42]-[xxl-job, JobThread-5-1662599401302] 2022-02-28 21:02:29.200000 market match order, id = strategy0_5, info = ('strategy0_5', 4, 4725.0, 1), code = rb888.shfe
2022-09-08 09:10:09 [com.tq.yuxuan.xxljob.task.MyTask#demoJobHandler]-[42]-[xxl-job, JobThread-5-1662599401302] 2022-02-28 21:02:37.100000 account insert order, id = strategy0_6, price = 4728.0, direction = ORDER_DIRECTION.SELL, code = rb999.shfe
2022-09-08 09:10:09 [com.tq.yuxuan.xxljob.task.MyTask#demoJobHandler]-[42]-[xxl-job, JobThread-5-1662599401302] 2022-02-28 21:02:37.100000 account insert order, id = strategy1_3, price = 4728.0, direction = ORDER_DIRECTION.SELL, code = rb999.shfe
2022-09-08 09:10:09 [com.tq.yuxuan.xxljob.task.MyTask#demoJobHandler]-[42]-[xxl-job, JobThread-5-1662599401302] 2022-02-28 21:02:37.200000 market receive order, id = strategy0_6, price = 4728.0, direction = ORDER_DIRECTION.SELL, code = rb999.shfe
2022-09-08 09:10:09 [com.tq.yuxuan.xxljob.task.MyTask#demoJobHandler]-[42]-[xxl-job, JobThread-5-1662599401302] 2022-02-28 21:02:37.200000 market receive order, id = strategy1_3, price = 4728.0, direction = ORDER_DIRECTION.SELL, code = rb999.shfe
2022-09-08 09:10:09 [com.tq.yuxuan.xxljob.task.MyTask#demoJobHandler]-[42]-[xxl-job, JobThread-5-1662599401302] 2022-02-28 21:02:38.100000 account cancel order, id = strategy0_6, price = 4728.0, direction = ORDER_DIRECTION.SELL, code = rb999.shfe
2022-09-08 09:10:09 [com.tq.yuxuan.xxljob.task.MyTask#demoJobHandler]-[42]-[xxl-job, JobThread-5-1662599401302] 2022-02-28 21:02:38.200000 market match order, id = strategy0_6, info = ('strategy0_6', 5, None, None), code = rb999.shfe
2022-09-08 09:10:09 [com.tq.yuxuan.xxljob.task.MyTask#demoJobHandler]-[42]-[xxl-job, JobThread-5-1662599401302] 2022-02-28 21:02:39.100000 account cancel order, id = strategy1_3, price = 4728.0, direction = ORDER_DIRECTION.SELL, code = rb999.shfe
2022-09-08 09:10:09 [com.tq.yuxuan.xxljob.task.MyTask#demoJobHandler]-[42]-[xxl-job, JobThread-5-1662599401302] 2022-02-28 21:02:39.200000 market match order, id = strategy1_3, info = ('strategy1_3', 5, None, None), code = rb999.shfe
2022-09-08 09:10:09 [com.tq.yuxuan.xxljob.task.MyTask#demoJobHandler]-[42]-[xxl-job, JobThread-5-1662599401302] 2022-02-28 21:02:44.100000 account insert order, id = strategy0_7, price = 4726.0, direction = ORDER_DIRECTION.BUY, code = rb999.shfe
2022-09-08 09:10:09 [com.tq.yuxuan.xxljob.task.MyTask#demoJobHandler]-[42]-[xxl-job, JobThread-5-1662599401302] 2022-02-28 21:02:44.200000 market receive order, id = strategy0_7, price = 4726.0, direction = ORDER_DIRECTION.BUY, code = rb999.shfe
2022-09-08 09:10:09 [com.tq.yuxuan.xxljob.task.MyTask#demoJobHandler]-[42]-[xxl-job, JobThread-5-1662599401302] 2022-02-28 21:02:44.200000 market match order, id = strategy0_7, info = ('strategy0_7', 4, 4726.0, 1), code = rb999.shfe
2022-09-08 09:10:09 [com.tq.yuxuan.xxljob.task.MyTask#demoJobHandler]-[42]-[xxl-job, JobThread-5-1662599401302] 2022-02-28 21:02:53.100000 account insert order, id = strategy0_8, price = 4727.0, direction = ORDER_DIRECTION.SELL, code = rb999.shfe
2022-09-08 09:10:09 [com.tq.yuxuan.xxljob.task.MyTask#demoJobHandler]-[42]-[xxl-job, JobThread-5-1662599401302] 2022-02-28 21:02:53.200000 market receive order, id = strategy0_8, price = 4727.0, direction = ORDER_DIRECTION.SELL, code = rb999.shfe
2022-09-08 09:10:09 [com.tq.yuxuan.xxljob.task.MyTask#demoJobHandler]-[42]-[xxl-job, JobThread-5-1662599401302] 2022-02-28 21:02:58.100000 account cancel order, id = strategy0_8, price = 4727.0, direction = ORDER_DIRECTION.SELL, code = rb999.shfe
2022-09-08 09:10:09 [com.tq.yuxuan.xxljob.task.MyTask#demoJobHandler]-[42]-[xxl-job, JobThread-5-1662599401302] 2022-02-28 21:02:58.200000 market match order, id = strategy0_8, info = ('strategy0_8', 5, None, None), code = rb999.shfe
2022-09-08 09:10:09 [com.tq.yuxuan.xxljob.task.MyTask#demoJobHandler]-[42]-[xxl-job, JobThread-5-1662599401302] 2022-02-28 21:03:54.100000 account insert order, id = strategy0_9, price = 4727.0, direction = ORDER_DIRECTION.BUY, code = rb888.shfe
2022-09-08 09:10:09 [com.tq.yuxuan.xxljob.task.MyTask#demoJobHandler]-[42]-[xxl-job, JobThread-5-1662599401302] 2022-02-28 21:03:54.200000 market receive order, id = strategy0_9, price = 4727.0, direction = ORDER_DIRECTION.BUY, code = rb888.shfe
2022-09-08 09:10:09 [com.tq.yuxuan.xxljob.task.MyTask#demoJobHandler]-[42]-[xxl-job, JobThread-5-1662599401302] 2022-02-28 21:03:54.200000 market match order, id = strategy0_9, info = ('strategy0_9', 4, 4727.0, 1), code = rb888.shfe
2022-09-08 09:10:09 [com.tq.yuxuan.xxljob.task.MyTask#demoJobHandler]-[42]-[xxl-job, JobThread-5-1662599401302] 2022-02-28 21:04:01.100000 account insert order, id = strategy0_10, price = 4728.0, direction = ORDER_DIRECTION.SELL, code = rb888.shfe
2022-09-08 09:10:09 [com.tq.yuxuan.xxljob.task.MyTask#demoJobHandler]-[42]-[xxl-job, JobThread-5-1662599401302] 2022-02-28 21:04:01.200000 market receive order, id = strategy0_10, price = 4728.0, direction = ORDER_DIRECTION.SELL, code = rb888.shfe
2022-09-08 09:10:10 [com.tq.yuxuan.xxljob.task.MyTask#demoJobHandler]-[42]-[xxl-job, JobThread-5-1662599401302] 2022-02-28 21:04:01.200000 market match order, id = strategy0_10, info = ('strategy0_10', 4, 4728.0, 1), code = rb888.shfe
2022-09-08 09:10:10 [com.tq.yuxuan.xxljob.task.MyTask#demoJobHandler]-[42]-[xxl-job, JobThread-5-1662599401302] 2022-02-28 21:04:02.100000 account insert order, id = strategy0_11, price = 4729.0, direction = ORDER_DIRECTION.SELL, code = rb888.shfe
2022-09-08 09:10:10 [com.tq.yuxuan.xxljob.task.MyTask#demoJobHandler]-[42]-[xxl-job, JobThread-5-1662599401302] 2022-02-28 21:04:02.200000 market receive order, id = strategy0_11, price = 4729.0, direction = ORDER_DIRECTION.SELL, code = rb888.shfe
2022-09-08 09:10:10 [com.tq.yuxuan.xxljob.task.MyTask#demoJobHandler]-[42]-[xxl-job, JobThread-5-1662599401302] 2022-02-28 21:04:09.100000 account cancel order, id = strategy0_11, price = 4729.0, direction = ORDER_DIRECTION.SELL, code = rb888.shfe
2022-09-08 09:10:10 [com.tq.yuxuan.xxljob.task.MyTask#demoJobHandler]-[42]-[xxl-job, JobThread-5-1662599401302] 2022-02-28 21:04:09.200000 market match order, id = strategy0_11, info = ('strategy0_11', 5, None, None), code = rb888.shfe
2022-09-08 09:10:10 [com.tq.yuxuan.xxljob.task.MyTask#demoJobHandler]-[42]-[xxl-job, JobThread-5-1662599401302] 2022-02-28 21:05:15.100000 account insert order, id = strategy0_12, price = 4729.0, direction = ORDER_DIRECTION.SELL, code = rb888.shfe
2022-09-08 09:10:10 [com.tq.yuxuan.xxljob.task.MyTask#demoJobHandler]-[42]-[xxl-job, JobThread-5-1662599401302] 2022-02-28 21:05:15.200000 market receive order, id = strategy0_12, price = 4729.0, direction = ORDER_DIRECTION.SELL, code = rb888.shfe
2022-09-08 09:10:10 [com.tq.yuxuan.xxljob.task.MyTask#demoJobHandler]-[42]-[xxl-job, JobThread-5-1662599401302] 2022-02-28 21:05:15.200000 market match order, id = strategy0_12, info = ('strategy0_12', 4, 4729.0, 1), code = rb888.shfe
2022-09-08 09:10:10 [com.tq.yuxuan.xxljob.task.MyTask#demoJobHandler]-[42]-[xxl-job, JobThread-5-1662599401302] 2022-02-28 21:05:32.100000 account insert order, id = strategy1_4, price = 4728.0, direction = ORDER_DIRECTION.BUY, code = rb999.shfe
2022-09-08 09:10:10 [com.tq.yuxuan.xxljob.task.MyTask#demoJobHandler]-[42]-[xxl-job, JobThread-5-1662599401302] 2022-02-28 21:05:32.200000 market receive order, id = strategy1_4, price = 4728.0, direction = ORDER_DIRECTION.BUY, code = rb999.shfe
2022-09-08 09:10:10 [com.tq.yuxuan.xxljob.task.MyTask#demoJobHandler]-[42]-[xxl-job, JobThread-5-1662599401302] 2022-02-28 21:05:36.100000 account cancel order, id = strategy1_4, price = 4728.0, direction = ORDER_DIRECTION.BUY, code = rb999.shfe
2022-09-08 09:10:10 [com.tq.yuxuan.xxljob.task.MyTask#demoJobHandler]-[42]-[xxl-job, JobThread-5-1662599401302] 2022-02-28 21:05:36.200000 market match order, id = strategy1_4, info = ('strategy1_4', 5, None, None), code = rb999.shfe
2022-09-08 09:10:10 [com.tq.yuxuan.xxljob.task.MyTask#demoJobHandler]-[42]-[xxl-job, JobThread-5-1662599401302] 2022-02-28 21:05:46.100000 account insert order, id = strategy1_5, price = 4730.0, direction = ORDER_DIRECTION.SELL, code = rb888.shfe
2022-09-08 09:10:10 [com.tq.yuxuan.xxljob.task.MyTask#demoJobHandler]-[42]-[xxl-job, JobThread-5-1662599401302] 2022-02-28 21:05:46.200000 market receive order, id = strategy1_5, price = 4730.0, direction = ORDER_DIRECTION.SELL, code = rb888.shfe
2022-09-08 09:10:10 [com.tq.yuxuan.xxljob.task.MyTask#demoJobHandler]-[42]-[xxl-job, JobThread-5-1662599401302] 2022-02-28 21:05:47.100000 account cancel order, id = strategy1_5, price = 4730.0, direction = ORDER_DIRECTION.SELL, code = rb888.shfe
2022-09-08 09:10:10 [com.tq.yuxuan.xxljob.task.MyTask#demoJobHandler]-[42]-[xxl-job, JobThread-5-1662599401302] 2022-02-28 21:05:47.200000 market match order, id = strategy1_5, info = ('strategy1_5', 5, None, None), code = rb888.shfe
2022-09-08 09:10:10 [com.tq.yuxuan.xxljob.task.MyTask#demoJobHandler]-[42]-[xxl-job, JobThread-5-1662599401302] 2022-02-28 21:05:51.100000 account insert order, id = strategy0_13, price = 4729.0, direction = ORDER_DIRECTION.BUY, code = rb888.shfe
2022-09-08 09:10:10 [com.tq.yuxuan.xxljob.task.MyTask#demoJobHandler]-[42]-[xxl-job, JobThread-5-1662599401302] 2022-02-28 21:05:51.200000 market receive order, id = strategy0_13, price = 4729.0, direction = ORDER_DIRECTION.BUY, code = rb888.shfe
2022-09-08 09:10:10 [com.tq.yuxuan.xxljob.task.MyTask#demoJobHandler]-[42]-[xxl-job, JobThread-5-1662599401302] 2022-02-28 21:05:52.100000 market match order, id = strategy0_13, info = ('strategy0_13', 4, 4729.0, 1), code = rb888.shfe
2022-09-08 09:10:10 [com.tq.yuxuan.xxljob.task.MyTask#demoJobHandler]-[42]-[xxl-job, JobThread-5-1662599401302] 2022-02-28 21:05:54.100000 account insert order, id = strategy1_6, price = 4729.0, direction = ORDER_DIRECTION.BUY, code = rb999.shfe
2022-09-08 09:10:10 [com.tq.yuxuan.xxljob.task.MyTask#demoJobHandler]-[42]-[xxl-job, JobThread-5-1662599401302] 2022-02-28 21:05:54.200000 market receive order, id = strategy1_6, price = 4729.0, direction = ORDER_DIRECTION.BUY, code = rb999.shfe
2022-09-08 09:10:10 [com.tq.yuxuan.xxljob.task.MyTask#demoJobHandler]-[42]-[xxl-job, JobThread-5-1662599401302] 2022-02-28 21:05:54.200000 market match order, id = strategy1_6, info = ('strategy1_6', 4, 4729.0, 1), code = rb999.shfe
2022-09-08 09:10:10 [com.tq.yuxuan.xxljob.task.MyTask#demoJobHandler]-[42]-[xxl-job, JobThread-5-1662599401302] 2022-02-28 21:06:28.100000 account insert order, id = strategy1_7, price = 4727.0, direction = ORDER_DIRECTION.SELL, code = rb888.shfe
2022-09-08 09:10:10 [com.tq.yuxuan.xxljob.task.MyTask#demoJobHandler]-[42]-[xxl-job, JobThread-5-1662599401302] 2022-02-28 21:06:28.200000 market receive order, id = strategy1_7, price = 4727.0, direction = ORDER_DIRECTION.SELL, code = rb888.shfe
2022-09-08 09:10:10 [com.tq.yuxuan.xxljob.task.MyTask#demoJobHandler]-[42]-[xxl-job, JobThread-5-1662599401302] 2022-02-28 21:06:33.100000 account cancel order, id = strategy1_7, price = 4727.0, direction = ORDER_DIRECTION.SELL, code = rb888.shfe
2022-09-08 09:10:10 [com.tq.yuxuan.xxljob.task.MyTask#demoJobHandler]-[42]-[xxl-job, JobThread-5-1662599401302] 2022-02-28 21:06:33.200000 market match order, id = strategy1_7, info = ('strategy1_7', 5, None, None), code = rb888.shfe
2022-09-08 09:10:10 [com.tq.yuxuan.xxljob.task.MyTask#demoJobHandler]-[42]-[xxl-job, JobThread-5-1662599401302] 2022-02-28 21:06:37.100000 account insert order, id = strategy0_14, price = 4727.0, direction = ORDER_DIRECTION.SELL, code = rb888.shfe
2022-09-08 09:10:10 [com.tq.yuxuan.xxljob.task.MyTask#demoJobHandler]-[42]-[xxl-job, JobThread-5-1662599401302] 2022-02-28 21:06:37.200000 market receive order, id = strategy0_14, price = 4727.0, direction = ORDER_DIRECTION.SELL, code = rb888.shfe
2022-09-08 09:10:10 [com.tq.yuxuan.xxljob.task.MyTask#demoJobHandler]-[42]-[xxl-job, JobThread-5-1662599401302] 2022-02-28 21:06:38.100000 account cancel order, id = strategy0_14, price = 4727.0, direction = ORDER_DIRECTION.SELL, code = rb888.shfe
2022-09-08 09:10:10 [com.tq.yuxuan.xxljob.task.MyTask#demoJobHandler]-[42]-[xxl-job, JobThread-5-1662599401302] 2022-02-28 21:06:38.200000 market match order, id = strategy0_14, info = ('strategy0_14', 5, None, None), code = rb888.shfe
2022-09-08 09:10:10 [com.tq.yuxuan.xxljob.task.MyTask#demoJobHandler]-[42]-[xxl-job, JobThread-5-1662599401302] 2022-02-28 21:08:15.100000 account insert order, id = strategy0_15, price = 4722.0, direction = ORDER_DIRECTION.SELL, code = rb999.shfe
2022-09-08 09:10:10 [com.tq.yuxuan.xxljob.task.MyTask#demoJobHandler]-[42]-[xxl-job, JobThread-5-1662599401302] 2022-02-28 21:08:15.200000 market receive order, id = strategy0_15, price = 4722.0, direction = ORDER_DIRECTION.SELL, code = rb999.shfe
2022-09-08 09:10:10 [com.tq.yuxuan.xxljob.task.MyTask#demoJobHandler]-[42]-[xxl-job, JobThread-5-1662599401302] 2022-02-28 21:08:15.200000 market match order, id = strategy0_15, info = ('strategy0_15', 4, 4722.0, 1), code = rb999.shfe
2022-09-08 09:10:10 [com.tq.yuxuan.xxljob.task.MyTask#demoJobHandler]-[42]-[xxl-job, JobThread-5-1662599401302] 2022-02-28 21:08:31.100000 account insert order, id = strategy1_8, price = 4723.0, direction = ORDER_DIRECTION.SELL, code = rb999.shfe
2022-09-08 09:10:10 [com.tq.yuxuan.xxljob.task.MyTask#demoJobHandler]-[42]-[xxl-job, JobThread-5-1662599401302] 2022-02-28 21:08:31.200000 market receive order, id = strategy1_8, price = 4723.0, direction = ORDER_DIRECTION.SELL, code = rb999.shfe
2022-09-08 09:10:10 [com.tq.yuxuan.xxljob.task.MyTask#demoJobHandler]-[42]-[xxl-job, JobThread-5-1662599401302] 2022-02-28 21:08:34.100000 account cancel order, id = strategy1_8, price = 4723.0, direction = ORDER_DIRECTION.SELL, code = rb999.shfe
2022-09-08 09:10:10 [com.tq.yuxuan.xxljob.task.MyTask#demoJobHandler]-[42]-[xxl-job, JobThread-5-1662599401302] 2022-02-28 21:08:34.200000 market match order, id = strategy1_8, info = ('strategy1_8', 5, None, None), code = rb999.shfe
2022-09-08 09:10:10 [com.tq.yuxuan.xxljob.task.MyTask#demoJobHandler]-[42]-[xxl-job, JobThread-5-1662599401302] 2022-02-28 21:08:35.100000 account insert order, id = strategy1_9, price = 4721.0, direction = ORDER_DIRECTION.BUY, code = rb999.shfe
2022-09-08 09:10:10 [com.tq.yuxuan.xxljob.task.MyTask#demoJobHandler]-[42]-[xxl-job, JobThread-5-1662599401302] 2022-02-28 21:08:35.200000 market receive order, id = strategy1_9, price = 4721.0, direction = ORDER_DIRECTION.BUY, code = rb999.shfe
2022-09-08 09:10:10 [com.tq.yuxuan.xxljob.task.MyTask#demoJobHandler]-[42]-[xxl-job, JobThread-5-1662599401302] 2022-02-28 21:08:36.100000 account cancel order, id = strategy1_9, price = 4721.0, direction = ORDER_DIRECTION.BUY, code = rb999.shfe
2022-09-08 09:10:10 [com.tq.yuxuan.xxljob.task.MyTask#demoJobHandler]-[42]-[xxl-job, JobThread-5-1662599401302] 2022-02-28 21:08:36.200000 market match order, id = strategy1_9, info = ('strategy1_9', 5, None, None), code = rb999.shfe
2022-09-08 09:10:10 [com.tq.yuxuan.xxljob.task.MyTask#demoJobHandler]-[42]-[xxl-job, JobThread-5-1662599401302] 2022-02-28 21:09:40.100000 account insert order, id = strategy1_10, price = 4717.0, direction = ORDER_DIRECTION.BUY, code = rb999.shfe
2022-09-08 09:10:10 [com.tq.yuxuan.xxljob.task.MyTask#demoJobHandler]-[42]-[xxl-job, JobThread-5-1662599401302] 2022-02-28 21:09:40.200000 market receive order, id = strategy1_10, price = 4717.0, direction = ORDER_DIRECTION.BUY, code = rb999.shfe
2022-09-08 09:10:10 [com.tq.yuxuan.xxljob.task.MyTask#demoJobHandler]-[42]-[xxl-job, JobThread-5-1662599401302] 2022-02-28 21:09:45.100000 account cancel order, id = strategy1_10, price = 4717.0, direction = ORDER_DIRECTION.BUY, code = rb999.shfe
2022-09-08 09:10:10 [com.tq.yuxuan.xxljob.task.MyTask#demoJobHandler]-[42]-[xxl-job, JobThread-5-1662599401302] 2022-02-28 21:09:45.200000 market match order, id = strategy1_10, info = ('strategy1_10', 5, None, None), code = rb999.shfe
2022-09-08 09:10:10 [com.tq.yuxuan.xxljob.task.MyTask#demoJobHandler]-[42]-[xxl-job, JobThread-5-1662599401302] 2022-02-28 21:10:02.100000 account insert order, id = strategy1_11, price = 4723.0, direction = ORDER_DIRECTION.SELL, code = rb888.shfe
2022-09-08 09:10:10 [com.tq.yuxuan.xxljob.task.MyTask#demoJobHandler]-[42]-[xxl-job, JobThread-5-1662599401302] 2022-02-28 21:10:02.200000 market receive order, id = strategy1_11, price = 4723.0, direction = ORDER_DIRECTION.SELL, code = rb888.shfe
2022-09-08 09:10:10 [com.tq.yuxuan.xxljob.task.MyTask#demoJobHandler]-[42]-[xxl-job, JobThread-5-1662599401302] 2022-02-28 21:10:04.100000 missing order strategy1_11 @ cancelling...
2022-09-08 09:10:10 [com.tq.yuxuan.xxljob.task.MyTask#demoJobHandler]-[42]-[xxl-job, JobThread-5-1662599401302] 2022-02-28 21:10:04.100000 account cancel order, id = strategy1_11, price = 4723.0, direction = ORDER_DIRECTION.SELL, code = rb888.shfe
2022-09-08 09:10:10 [com.tq.yuxuan.xxljob.task.MyTask#demoJobHandler]-[42]-[xxl-job, JobThread-5-1662599401302] 2022-02-28 21:10:04.100000 market match order, id = strategy1_11, info = ('strategy1_11', 4, 4723.0, 1), code = rb888.shfe
2022-09-08 09:10:10 [com.tq.yuxuan.xxljob.task.MyTask#demoJobHandler]-[42]-[xxl-job, JobThread-5-1662599401302] 2022-02-28 21:10:30.100000 account insert order, id = strategy0_16, price = 4726.0, direction = ORDER_DIRECTION.BUY, code = rb888.shfe
2022-09-08 09:10:10 [com.tq.yuxuan.xxljob.task.MyTask#demoJobHandler]-[42]-[xxl-job, JobThread-5-1662599401302] 2022-02-28 21:10:30.200000 market receive order, id = strategy0_16, price = 4726.0, direction = ORDER_DIRECTION.BUY, code = rb888.shfe
2022-09-08 09:10:10 [com.tq.yuxuan.xxljob.task.MyTask#demoJobHandler]-[42]-[xxl-job, JobThread-5-1662599401302] 2022-02-28 21:10:30.200000 market match order, id = strategy0_16, info = ('strategy0_16', 4, 4726.0, 1), code = rb888.shfe
2022-09-08 09:10:10 [com.tq.yuxuan.xxljob.task.MyTask#demoJobHandler]-[42]-[xxl-job, JobThread-5-1662599401302] 2022-02-28 21:11:21.100000 account insert order, id = strategy1_12, price = 4725.0, direction = ORDER_DIRECTION.BUY, code = rb888.shfe
2022-09-08 09:10:10 [com.tq.yuxuan.xxljob.task.MyTask#demoJobHandler]-[42]-[xxl-job, JobThread-5-1662599401302] 2022-02-28 21:11:21.200000 market receive order, id = strategy1_12, price = 4725.0, direction = ORDER_DIRECTION.BUY, code = rb888.shfe
2022-09-08 09:10:10 [com.tq.yuxuan.xxljob.task.MyTask#demoJobHandler]-[42]-[xxl-job, JobThread-5-1662599401302] 2022-02-28 21:11:22.100000 missing order strategy1_12 @ cancelling...
2022-09-08 09:10:10 [com.tq.yuxuan.xxljob.task.MyTask#demoJobHandler]-[42]-[xxl-job, JobThread-5-1662599401302] 2022-02-28 21:11:22.100000 account cancel order, id = strategy1_12, price = 4725.0, direction = ORDER_DIRECTION.BUY, code = rb888.shfe
2022-09-08 09:10:10 [com.tq.yuxuan.xxljob.task.MyTask#demoJobHandler]-[42]-[xxl-job, JobThread-5-1662599401302] 2022-02-28 21:11:22.100000 market match order, id = strategy1_12, info = ('strategy1_12', 4, 4725.0, 1), code = rb888.shfe
2022-09-08 09:10:10 [com.tq.yuxuan.xxljob.task.MyTask#demoJobHandler]-[42]-[xxl-job, JobThread-5-1662599401302] 2022-02-28 21:12:00.100000 account insert order, id = strategy0_17, price = 4727.0, direction = ORDER_DIRECTION.SELL, code = rb888.shfe
2022-09-08 09:10:10 [com.tq.yuxuan.xxljob.task.MyTask#demoJobHandler]-[42]-[xxl-job, JobThread-5-1662599401302] 2022-02-28 21:12:00.200000 market receive order, id = strategy0_17, price = 4727.0, direction = ORDER_DIRECTION.SELL, code = rb888.shfe
2022-09-08 09:10:10 [com.tq.yuxuan.xxljob.task.MyTask#demoJobHandler]-[42]-[xxl-job, JobThread-5-1662599401302] 2022-02-28 21:12:00.200000 market match order, id = strategy0_17, info = ('strategy0_17', 4, 4727.0, 1), code = rb888.shfe
2022-09-08 09:10:10 [com.tq.yuxuan.xxljob.task.MyTask#demoJobHandler]-[42]-[xxl-job, JobThread-5-1662599401302] 2022-02-28 21:12:40.100000 account insert order, id = strategy0_18, price = 4721.0, direction = ORDER_DIRECTION.BUY, code = rb888.shfe
2022-09-08 09:10:10 [com.tq.yuxuan.xxljob.task.MyTask#demoJobHandler]-[42]-[xxl-job, JobThread-5-1662599401302] 2022-02-28 21:12:40.200000 market receive order, id = strategy0_18, price = 4721.0, direction = ORDER_DIRECTION.BUY, code = rb888.shfe
2022-09-08 09:10:10 [com.tq.yuxuan.xxljob.task.MyTask#demoJobHandler]-[42]-[xxl-job, JobThread-5-1662599401302] 2022-02-28 21:12:42.100000 account cancel order, id = strategy0_18, price = 4721.0, direction = ORDER_DIRECTION.BUY, code = rb888.shfe
2022-09-08 09:10:10 [com.tq.yuxuan.xxljob.task.MyTask#demoJobHandler]-[42]-[xxl-job, JobThread-5-1662599401302] 2022-02-28 21:12:42.200000 market match order, id = strategy0_18, info = ('strategy0_18', 5, None, None), code = rb888.shfe
2022-09-08 09:10:10 [com.tq.yuxuan.xxljob.task.MyTask#demoJobHandler]-[42]-[xxl-job, JobThread-5-1662599401302] 2022-02-28 21:12:48.100000 account insert order, id = strategy1_13, price = 4722.0, direction = ORDER_DIRECTION.BUY, code = rb888.shfe
2022-09-08 09:10:10 [com.tq.yuxuan.xxljob.task.MyTask#demoJobHandler]-[42]-[xxl-job, JobThread-5-1662599401302] 2022-02-28 21:12:48.200000 market receive order, id = strategy1_13, price = 4722.0, direction = ORDER_DIRECTION.BUY, code = rb888.shfe
2022-09-08 09:10:10 [com.tq.yuxuan.xxljob.task.MyTask#demoJobHandler]-[42]-[xxl-job, JobThread-5-1662599401302] 2022-02-28 21:12:49.100000 account cancel order, id = strategy1_13, price = 4722.0, direction = ORDER_DIRECTION.BUY, code = rb888.shfe
2022-09-08 09:10:10 [com.tq.yuxuan.xxljob.task.MyTask#demoJobHandler]-[42]-[xxl-job, JobThread-5-1662599401302] 2022-02-28 21:12:49.200000 market match order, id = strategy1_13, info = ('strategy1_13', 5, None, None), code = rb888.shfe
2022-09-08 09:10:10 [com.tq.yuxuan.xxljob.task.MyTask#demoJobHandler]-[42]-[xxl-job, JobThread-5-1662599401302] 2022-02-28 21:12:57.100000 account insert order, id = strategy1_14, price = 4723.0, direction = ORDER_DIRECTION.BUY, code = rb999.shfe
2022-09-08 09:10:10 [com.tq.yuxuan.xxljob.task.MyTask#demoJobHandler]-[42]-[xxl-job, JobThread-5-1662599401302] 2022-02-28 21:12:57.200000 market receive order, id = strategy1_14, price = 4723.0, direction = ORDER_DIRECTION.BUY, code = rb999.shfe
2022-09-08 09:10:10 [com.tq.yuxuan.xxljob.task.MyTask#demoJobHandler]-[42]-[xxl-job, JobThread-5-1662599401302] 2022-02-28 21:12:59.100000 account cancel order, id = strategy1_14, price = 4723.0, direction = ORDER_DIRECTION.BUY, code = rb999.shfe
2022-09-08 09:10:10 [com.tq.yuxuan.xxljob.task.MyTask#demoJobHandler]-[42]-[xxl-job, JobThread-5-1662599401302] 2022-02-28 21:12:59.200000 market match order, id = strategy1_14, info = ('strategy1_14', 5, None, None), code = rb999.shfe
2022-09-08 09:10:10 [com.tq.yuxuan.xxljob.task.MyTask#demoJobHandler]-[42]-[xxl-job, JobThread-5-1662599401302] 2022-02-28 21:13:05.100000 account insert order, id = strategy0_19, price = 4723.0, direction = ORDER_DIRECTION.SELL, code = rb888.shfe
2022-09-08 09:10:10 [com.tq.yuxuan.xxljob.task.MyTask#demoJobHandler]-[42]-[xxl-job, JobThread-5-1662599401302] 2022-02-28 21:13:05.200000 market receive order, id = strategy0_19, price = 4723.0, direction = ORDER_DIRECTION.SELL, code = rb888.shfe
2022-09-08 09:10:10 [com.tq.yuxuan.xxljob.task.MyTask#demoJobHandler]-[42]-[xxl-job, JobThread-5-1662599401302] 2022-02-28 21:13:06.100000 account cancel order, id = strategy0_19, price = 4723.0, direction = ORDER_DIRECTION.SELL, code = rb888.shfe
2022-09-08 09:10:10 [com.tq.yuxuan.xxljob.task.MyTask#demoJobHandler]-[42]-[xxl-job, JobThread-5-1662599401302] 2022-02-28 21:13:06.200000 market match order, id = strategy0_19, info = ('strategy0_19', 5, None, None), code = rb888.shfe
2022-09-08 09:10:10 [com.tq.yuxuan.xxljob.task.MyTask#demoJobHandler]-[42]-[xxl-job, JobThread-5-1662599401302] 2022-02-28 21:13:14.100000 account insert order, id = strategy0_20, price = 4725.0, direction = ORDER_DIRECTION.SELL, code = rb888.shfe
2022-09-08 09:10:10 [com.tq.yuxuan.xxljob.task.MyTask#demoJobHandler]-[42]-[xxl-job, JobThread-5-1662599401302] 2022-02-28 21:13:14.200000 market receive order, id = strategy0_20, price = 4725.0, direction = ORDER_DIRECTION.SELL, code = rb888.shfe
2022-09-08 09:10:10 [com.tq.yuxuan.xxljob.task.MyTask#demoJobHandler]-[42]-[xxl-job, JobThread-5-1662599401302] 2022-02-28 21:13:15.100000 account cancel order, id = strategy0_20, price = 4725.0, direction = ORDER_DIRECTION.SELL, code = rb888.shfe
2022-09-08 09:10:10 [com.tq.yuxuan.xxljob.task.MyTask#demoJobHandler]-[42]-[xxl-job, JobThread-5-1662599401302] 2022-02-28 21:13:15.200000 market match order, id = strategy0_20, info = ('strategy0_20', 5, None, None), code = rb888.shfe
2022-09-08 09:10:10 [com.tq.yuxuan.xxljob.task.MyTask#demoJobHandler]-[42]-[xxl-job, JobThread-5-1662599401302] 2022-02-28 21:13:16.100000 account insert order, id = strategy1_15, price = 4724.0, direction = ORDER_DIRECTION.SELL, code = rb999.shfe
2022-09-08 09:10:10 [com.tq.yuxuan.xxljob.task.MyTask#demoJobHandler]-[42]-[xxl-job, JobThread-5-1662599401302] 2022-02-28 21:13:16.200000 market receive order, id = strategy1_15, price = 4724.0, direction = ORDER_DIRECTION.SELL, code = rb999.shfe
2022-09-08 09:10:10 [com.tq.yuxuan.xxljob.task.MyTask#demoJobHandler]-[42]-[xxl-job, JobThread-5-1662599401302] 2022-02-28 21:13:19.100000 market match order, id = strategy1_15, info = ('strategy1_15', 4, 4724.0, 1), code = rb999.shfe
2022-09-08 09:10:10 [com.tq.yuxuan.xxljob.task.MyTask#demoJobHandler]-[42]-[xxl-job, JobThread-5-1662599401302] 2022-02-28 21:13:47.100000 account insert order, id = strategy1_16, price = 4724.0, direction = ORDER_DIRECTION.BUY, code = rb999.shfe
2022-09-08 09:10:10 [com.tq.yuxuan.xxljob.task.MyTask#demoJobHandler]-[42]-[xxl-job, JobThread-5-1662599401302] 2022-02-28 21:13:47.200000 market receive order, id = strategy1_16, price = 4724.0, direction = ORDER_DIRECTION.BUY, code = rb999.shfe
2022-09-08 09:10:10 [com.tq.yuxuan.xxljob.task.MyTask#demoJobHandler]-[42]-[xxl-job, JobThread-5-1662599401302] 2022-02-28 21:13:48.100000 account cancel order, id = strategy1_16, price = 4724.0, direction = ORDER_DIRECTION.BUY, code = rb999.shfe
2022-09-08 09:10:10 [com.tq.yuxuan.xxljob.task.MyTask#demoJobHandler]-[42]-[xxl-job, JobThread-5-1662599401302] 2022-02-28 21:13:48.200000 market match order, id = strategy1_16, info = ('strategy1_16', 5, None, None), code = rb999.shfe
2022-09-08 09:10:10 [com.tq.yuxuan.xxljob.task.MyTask#demoJobHandler]-[42]-[xxl-job, JobThread-5-1662599401302] 2022-02-28 21:14:04.100000 account insert order, id = strategy0_21, price = 4726.0, direction = ORDER_DIRECTION.BUY, code = rb999.shfe
2022-09-08 09:10:10 [com.tq.yuxuan.xxljob.task.MyTask#demoJobHandler]-[42]-[xxl-job, JobThread-5-1662599401302] 2022-02-28 21:14:04.200000 market receive order, id = strategy0_21, price = 4726.0, direction = ORDER_DIRECTION.BUY, code = rb999.shfe
2022-09-08 09:10:10 [com.tq.yuxuan.xxljob.task.MyTask#demoJobHandler]-[42]-[xxl-job, JobThread-5-1662599401302] 2022-02-28 21:14:04.200000 market match order, id = strategy0_21, info = ('strategy0_21', 4, 4726.0, 1), code = rb999.shfe
2022-09-08 09:10:10 [com.tq.yuxuan.xxljob.task.MyTask#demoJobHandler]-[42]-[xxl-job, JobThread-5-1662599401302] 2022-02-28 21:15:31.100000 account insert order, id = strategy1_17, price = 4728.0, direction = ORDER_DIRECTION.SELL, code = rb888.shfe
2022-09-08 09:10:10 [com.tq.yuxuan.xxljob.task.MyTask#demoJobHandler]-[42]-[xxl-job, JobThread-5-1662599401302] 2022-02-28 21:15:31.200000 market receive order, id = strategy1_17, price = 4728.0, direction = ORDER_DIRECTION.SELL, code = rb888.shfe
2022-09-08 09:10:10 [com.tq.yuxuan.xxljob.task.MyTask#demoJobHandler]-[42]-[xxl-job, JobThread-5-1662599401302] 2022-02-28 21:15:32.100000 account cancel order, id = strategy1_17, price = 4728.0, direction = ORDER_DIRECTION.SELL, code = rb888.shfe
2022-09-08 09:10:10 [com.tq.yuxuan.xxljob.task.MyTask#demoJobHandler]-[42]-[xxl-job, JobThread-5-1662599401302] 2022-02-28 21:15:32.200000 market match order, id = strategy1_17, info = ('strategy1_17', 5, None, None), code = rb888.shfe
2022-09-08 09:10:10 [com.tq.yuxuan.xxljob.task.MyTask#demoJobHandler]-[42]-[xxl-job, JobThread-5-1662599401302] 2022-02-28 21:15:41.100000 account insert order, id = strategy0_22, price = 4729.0, direction = ORDER_DIRECTION.SELL, code = rb888.shfe
2022-09-08 09:10:10 [com.tq.yuxuan.xxljob.task.MyTask#demoJobHandler]-[42]-[xxl-job, JobThread-5-1662599401302] 2022-02-28 21:15:41.200000 market receive order, id = strategy0_22, price = 4729.0, direction = ORDER_DIRECTION.SELL, code = rb888.shfe
2022-09-08 09:10:10 [com.tq.yuxuan.xxljob.task.MyTask#demoJobHandler]-[42]-[xxl-job, JobThread-5-1662599401302] 2022-02-28 21:15:41.200000 market match order, id = strategy0_22, info = ('strategy0_22', 4, 4729.0, 1), code = rb888.shfe
2022-09-08 09:10:10 [com.tq.yuxuan.xxljob.task.MyTask#demoJobHandler]-[42]-[xxl-job, JobThread-5-1662599401302] 2022-02-28 21:16:36.100000 account insert order, id = strategy1_18, price = 4728.0, direction = ORDER_DIRECTION.BUY, code = rb888.shfe
2022-09-08 09:10:10 [com.tq.yuxuan.xxljob.task.MyTask#demoJobHandler]-[42]-[xxl-job, JobThread-5-1662599401302] 2022-02-28 21:16:36.200000 market receive order, id = strategy1_18, price = 4728.0, direction = ORDER_DIRECTION.BUY, code = rb888.shfe
2022-09-08 09:10:10 [com.tq.yuxuan.xxljob.task.MyTask#demoJobHandler]-[42]-[xxl-job, JobThread-5-1662599401302] 2022-02-28 21:16:42.100000 account cancel order, id = strategy1_18, price = 4728.0, direction = ORDER_DIRECTION.BUY, code = rb888.shfe
2022-09-08 09:10:10 [com.tq.yuxuan.xxljob.task.MyTask#demoJobHandler]-[42]-[xxl-job, JobThread-5-1662599401302] 2022-02-28 21:16:42.200000 market match order, id = strategy1_18, info = ('strategy1_18', 5, None, None), code = rb888.shfe
2022-09-08 09:10:10 [com.tq.yuxuan.xxljob.task.MyTask#demoJobHandler]-[42]-[xxl-job, JobThread-5-1662599401302] 2022-02-28 21:17:16.100000 account insert order, id = strategy1_19, price = 4730.0, direction = ORDER_DIRECTION.SELL, code = rb888.shfe
2022-09-08 09:10:10 [com.tq.yuxuan.xxljob.task.MyTask#demoJobHandler]-[42]-[xxl-job, JobThread-5-1662599401302] 2022-02-28 21:17:16.200000 market receive order, id = strategy1_19, price = 4730.0, direction = ORDER_DIRECTION.SELL, code = rb888.shfe
2022-09-08 09:10:10 [com.tq.yuxuan.xxljob.task.MyTask#demoJobHandler]-[42]-[xxl-job, JobThread-5-1662599401302] 2022-02-28 21:17:19.100000 account cancel order, id = strategy1_19, price = 4730.0, direction = ORDER_DIRECTION.SELL, code = rb888.shfe
2022-09-08 09:10:10 [com.tq.yuxuan.xxljob.task.MyTask#demoJobHandler]-[42]-[xxl-job, JobThread-5-1662599401302] 2022-02-28 21:17:19.200000 market match order, id = strategy1_19, info = ('strategy1_19', 5, None, None), code = rb888.shfe
2022-09-08 09:10:10 [com.tq.yuxuan.xxljob.task.MyTask#demoJobHandler]-[42]-[xxl-job, JobThread-5-1662599401302] 2022-02-28 21:17:25.100000 account insert order, id = strategy1_20, price = 4728.0, direction = ORDER_DIRECTION.BUY, code = rb888.shfe
2022-09-08 09:10:10 [com.tq.yuxuan.xxljob.task.MyTask#demoJobHandler]-[42]-[xxl-job, JobThread-5-1662599401302] 2022-02-28 21:17:25.200000 market receive order, id = strategy1_20, price = 4728.0, direction = ORDER_DIRECTION.BUY, code = rb888.shfe
2022-09-08 09:10:10 [com.tq.yuxuan.xxljob.task.MyTask#demoJobHandler]-[42]-[xxl-job, JobThread-5-1662599401302] 2022-02-28 21:17:26.100000 market match order, id = strategy1_20, info = ('strategy1_20', 4, 4728.0, 1), code = rb888.shfe
2022-09-08 09:10:10 [com.tq.yuxuan.xxljob.task.MyTask#demoJobHandler]-[42]-[xxl-job, JobThread-5-1662599401302] 2022-02-28 21:17:29.100000 account insert order, id = strategy1_21, price = 4728.0, direction = ORDER_DIRECTION.SELL, code = rb888.shfe
2022-09-08 09:10:10 [com.tq.yuxuan.xxljob.task.MyTask#demoJobHandler]-[42]-[xxl-job, JobThread-5-1662599401302] 2022-02-28 21:17:29.200000 market receive order, id = strategy1_21, price = 4728.0, direction = ORDER_DIRECTION.SELL, code = rb888.shfe
2022-09-08 09:10:10 [com.tq.yuxuan.xxljob.task.MyTask#demoJobHandler]-[42]-[xxl-job, JobThread-5-1662599401302] 2022-02-28 21:17:37.100000 market match order, id = strategy1_21, info = ('strategy1_21', 4, 4729.0, 1), code = rb888.shfe
2022-09-08 09:10:10 [com.tq.yuxuan.xxljob.task.MyTask#demoJobHandler]-[42]-[xxl-job, JobThread-5-1662599401302] 2022-02-28 21:17:48.100000 account insert order, id = strategy1_22, price = 4730.0, direction = ORDER_DIRECTION.SELL, code = rb999.shfe
2022-09-08 09:10:10 [com.tq.yuxuan.xxljob.task.MyTask#demoJobHandler]-[42]-[xxl-job, JobThread-5-1662599401302] 2022-02-28 21:17:48.200000 market receive order, id = strategy1_22, price = 4730.0, direction = ORDER_DIRECTION.SELL, code = rb999.shfe
2022-09-08 09:10:10 [com.tq.yuxuan.xxljob.task.MyTask#demoJobHandler]-[42]-[xxl-job, JobThread-5-1662599401302] 2022-02-28 21:17:48.200000 market match order, id = strategy1_22, info = ('strategy1_22', 4, 4730.0, 1), code = rb999.shfe
2022-09-08 09:10:10 [com.tq.yuxuan.xxljob.task.MyTask#demoJobHandler]-[42]-[xxl-job, JobThread-5-1662599401302] 2022-02-28 21:18:05.100000 account insert order, id = strategy1_23, price = 4729.0, direction = ORDER_DIRECTION.BUY, code = rb888.shfe
2022-09-08 09:10:10 [com.tq.yuxuan.xxljob.task.MyTask#demoJobHandler]-[42]-[xxl-job, JobThread-5-1662599401302] 2022-02-28 21:18:05.200000 market receive order, id = strategy1_23, price = 4729.0, direction = ORDER_DIRECTION.BUY, code = rb888.shfe
2022-09-08 09:10:10 [com.tq.yuxuan.xxljob.task.MyTask#demoJobHandler]-[42]-[xxl-job, JobThread-5-1662599401302] 2022-02-28 21:18:06.100000 account cancel order, id = strategy1_23, price = 4729.0, direction = ORDER_DIRECTION.BUY, code = rb888.shfe
2022-09-08 09:10:10 [com.tq.yuxuan.xxljob.task.MyTask#demoJobHandler]-[42]-[xxl-job, JobThread-5-1662599401302] 2022-02-28 21:18:06.200000 market match order, id = strategy1_23, info = ('strategy1_23', 5, None, None), code = rb888.shfe
2022-09-08 09:10:10 [com.tq.yuxuan.xxljob.task.MyTask#demoJobHandler]-[42]-[xxl-job, JobThread-5-1662599401302] 2022-02-28 21:18:08.100000 account insert order, id = strategy1_24, price = 4729.0, direction = ORDER_DIRECTION.BUY, code = rb888.shfe
2022-09-08 09:10:10 [com.tq.yuxuan.xxljob.task.MyTask#demoJobHandler]-[42]-[xxl-job, JobThread-5-1662599401302] 2022-02-28 21:18:08.200000 market receive order, id = strategy1_24, price = 4729.0, direction = ORDER_DIRECTION.BUY, code = rb888.shfe
2022-09-08 09:10:10 [com.tq.yuxuan.xxljob.task.MyTask#demoJobHandler]-[42]-[xxl-job, JobThread-5-1662599401302] 2022-02-28 21:18:12.100000 account cancel order, id = strategy1_24, price = 4729.0, direction = ORDER_DIRECTION.BUY, code = rb888.shfe
2022-09-08 09:10:10 [com.tq.yuxuan.xxljob.task.MyTask#demoJobHandler]-[42]-[xxl-job, JobThread-5-1662599401302] 2022-02-28 21:18:12.200000 market match order, id = strategy1_24, info = ('strategy1_24', 5, None, None), code = rb888.shfe
2022-09-08 09:10:10 [com.tq.yuxuan.xxljob.task.MyTask#demoJobHandler]-[42]-[xxl-job, JobThread-5-1662599401302] 2022-02-28 21:18:22.100000 account insert order, id = strategy1_25, price = 4730.0, direction = ORDER_DIRECTION.SELL, code = rb888.shfe
2022-09-08 09:10:10 [com.tq.yuxuan.xxljob.task.MyTask#demoJobHandler]-[42]-[xxl-job, JobThread-5-1662599401302] 2022-02-28 21:18:22.200000 market receive order, id = strategy1_25, price = 4730.0, direction = ORDER_DIRECTION.SELL, code = rb888.shfe
2022-09-08 09:10:10 [com.tq.yuxuan.xxljob.task.MyTask#demoJobHandler]-[42]-[xxl-job, JobThread-5-1662599401302] 2022-02-28 21:18:23.100000 account insert order, id = strategy0_23, price = 4729.0, direction = ORDER_DIRECTION.BUY, code = rb999.shfe
2022-09-08 09:10:10 [com.tq.yuxuan.xxljob.task.MyTask#demoJobHandler]-[42]-[xxl-job, JobThread-5-1662599401302] 2022-02-28 21:18:23.200000 market receive order, id = strategy0_23, price = 4729.0, direction = ORDER_DIRECTION.BUY, code = rb999.shfe
2022-09-08 09:10:10 [com.tq.yuxuan.xxljob.task.MyTask#demoJobHandler]-[42]-[xxl-job, JobThread-5-1662599401302] 2022-02-28 21:18:24.100000 account cancel order, id = strategy1_25, price = 4730.0, direction = ORDER_DIRECTION.SELL, code = rb888.shfe
2022-09-08 09:10:10 [com.tq.yuxuan.xxljob.task.MyTask#demoJobHandler]-[42]-[xxl-job, JobThread-5-1662599401302] 2022-02-28 21:18:24.200000 market match order, id = strategy1_25, info = ('strategy1_25', 5, None, None), code = rb888.shfe
2022-09-08 09:10:10 [com.tq.yuxuan.xxljob.task.MyTask#demoJobHandler]-[42]-[xxl-job, JobThread-5-1662599401302] 2022-02-28 21:18:31.100000 account insert order, id = strategy1_26, price = 4731.0, direction = ORDER_DIRECTION.SELL, code = rb999.shfe
2022-09-08 09:10:10 [com.tq.yuxuan.xxljob.task.MyTask#demoJobHandler]-[42]-[xxl-job, JobThread-5-1662599401302] 2022-02-28 21:18:31.100000 account cancel order, id = strategy0_23, price = 4729.0, direction = ORDER_DIRECTION.BUY, code = rb999.shfe
2022-09-08 09:10:10 [com.tq.yuxuan.xxljob.task.MyTask#demoJobHandler]-[42]-[xxl-job, JobThread-5-1662599401302] 2022-02-28 21:18:31.200000 market receive order, id = strategy1_26, price = 4731.0, direction = ORDER_DIRECTION.SELL, code = rb999.shfe
2022-09-08 09:10:10 [com.tq.yuxuan.xxljob.task.MyTask#demoJobHandler]-[42]-[xxl-job, JobThread-5-1662599401302] 2022-02-28 21:18:31.200000 market match order, id = strategy0_23, info = ('strategy0_23', 5, None, None), code = rb999.shfe
2022-09-08 09:10:10 [com.tq.yuxuan.xxljob.task.MyTask#demoJobHandler]-[42]-[xxl-job, JobThread-5-1662599401302] 2022-02-28 21:18:32.100000 account cancel order, id = strategy1_26, price = 4731.0, direction = ORDER_DIRECTION.SELL, code = rb999.shfe
2022-09-08 09:10:10 [com.tq.yuxuan.xxljob.task.MyTask#demoJobHandler]-[42]-[xxl-job, JobThread-5-1662599401302] 2022-02-28 21:18:32.200000 market match order, id = strategy1_26, info = ('strategy1_26', 5, None, None), code = rb999.shfe
2022-09-08 09:10:10 [com.tq.yuxuan.xxljob.task.MyTask#demoJobHandler]-[42]-[xxl-job, JobThread-5-1662599401302] 2022-02-28 21:19:12.100000 account insert order, id = strategy1_27, price = 4729.0, direction = ORDER_DIRECTION.BUY, code = rb888.shfe
2022-09-08 09:10:10 [com.tq.yuxuan.xxljob.task.MyTask#demoJobHandler]-[42]-[xxl-job, JobThread-5-1662599401302] 2022-02-28 21:19:12.200000 market receive order, id = strategy1_27, price = 4729.0, direction = ORDER_DIRECTION.BUY, code = rb888.shfe
2022-09-08 09:10:10 [com.tq.yuxuan.xxljob.task.MyTask#demoJobHandler]-[42]-[xxl-job, JobThread-5-1662599401302] 2022-02-28 21:19:13.100000 account cancel order, id = strategy1_27, price = 4729.0, direction = ORDER_DIRECTION.BUY, code = rb888.shfe
2022-09-08 09:10:10 [com.tq.yuxuan.xxljob.task.MyTask#demoJobHandler]-[42]-[xxl-job, JobThread-5-1662599401302] 2022-02-28 21:19:13.200000 market match order, id = strategy1_27, info = ('strategy1_27', 5, None, None), code = rb888.shfe
2022-09-08 09:10:10 [com.tq.yuxuan.xxljob.task.MyTask#demoJobHandler]-[42]-[xxl-job, JobThread-5-1662599401302] 2022-02-28 21:19:27.100000 account insert order, id = strategy1_28, price = 4731.0, direction = ORDER_DIRECTION.SELL, code = rb999.shfe
2022-09-08 09:10:10 [com.tq.yuxuan.xxljob.task.MyTask#demoJobHandler]-[42]-[xxl-job, JobThread-5-1662599401302] 2022-02-28 21:19:27.200000 market receive order, id = strategy1_28, price = 4731.0, direction = ORDER_DIRECTION.SELL, code = rb999.shfe
2022-09-08 09:10:10 [com.tq.yuxuan.xxljob.task.MyTask#demoJobHandler]-[42]-[xxl-job, JobThread-5-1662599401302] 2022-02-28 21:19:30.100000 account cancel order, id = strategy1_28, price = 4731.0, direction = ORDER_DIRECTION.SELL, code = rb999.shfe
2022-09-08 09:10:10 [com.tq.yuxuan.xxljob.task.MyTask#demoJobHandler]-[42]-[xxl-job, JobThread-5-1662599401302] 2022-02-28 21:19:30.200000 market match order, id = strategy1_28, info = ('strategy1_28', 5, None, None), code = rb999.shfe
2022-09-08 09:10:10 [com.tq.yuxuan.xxljob.task.MyTask#demoJobHandler]-[42]-[xxl-job, JobThread-5-1662599401302] 2022-02-28 21:20:24.100000 account insert order, id = strategy0_24, price = 4730.0, direction = ORDER_DIRECTION.SELL, code = rb888.shfe
2022-09-08 09:10:10 [com.tq.yuxuan.xxljob.task.MyTask#demoJobHandler]-[42]-[xxl-job, JobThread-5-1662599401302] 2022-02-28 21:20:24.200000 market receive order, id = strategy0_24, price = 4730.0, direction = ORDER_DIRECTION.SELL, code = rb888.shfe
2022-09-08 09:10:10 [com.tq.yuxuan.xxljob.task.MyTask#demoJobHandler]-[42]-[xxl-job, JobThread-5-1662599401302] 2022-02-28 21:20:32.100000 account cancel order, id = strategy0_24, price = 4730.0, direction = ORDER_DIRECTION.SELL, code = rb888.shfe
2022-09-08 09:10:10 [com.tq.yuxuan.xxljob.task.MyTask#demoJobHandler]-[42]-[xxl-job, JobThread-5-1662599401302] 2022-02-28 21:20:32.200000 market match order, id = strategy0_24, info = ('strategy0_24', 5, None, None), code = rb888.shfe
2022-09-08 09:10:10 [com.tq.yuxuan.xxljob.task.MyTask#demoJobHandler]-[42]-[xxl-job, JobThread-5-1662599401302] 2022-02-28 21:21:14.100000 account insert order, id = strategy0_25, price = 4729.0, direction = ORDER_DIRECTION.SELL, code = rb999.shfe
2022-09-08 09:10:10 [com.tq.yuxuan.xxljob.task.MyTask#demoJobHandler]-[42]-[xxl-job, JobThread-5-1662599401302] 2022-02-28 21:21:14.200000 market receive order, id = strategy0_25, price = 4729.0, direction = ORDER_DIRECTION.SELL, code = rb999.shfe
2022-09-08 09:10:10 [com.tq.yuxuan.xxljob.task.MyTask#demoJobHandler]-[42]-[xxl-job, JobThread-5-1662599401302] 2022-02-28 21:21:15.100000 account cancel order, id = strategy0_25, price = 4729.0, direction = ORDER_DIRECTION.SELL, code = rb999.shfe
2022-09-08 09:10:10 [com.tq.yuxuan.xxljob.task.MyTask#demoJobHandler]-[42]-[xxl-job, JobThread-5-1662599401302] 2022-02-28 21:21:15.200000 market match order, id = strategy0_25, info = ('strategy0_25', 5, None, None), code = rb999.shfe
2022-09-08 09:10:10 [com.tq.yuxuan.xxljob.task.MyTask#demoJobHandler]-[42]-[xxl-job, JobThread-5-1662599401302] 2022-02-28 21:22:19.100000 account insert order, id = strategy1_29, price = 4732.0, direction = ORDER_DIRECTION.SELL, code = rb999.shfe
2022-09-08 09:10:10 [com.tq.yuxuan.xxljob.task.MyTask#demoJobHandler]-[42]-[xxl-job, JobThread-5-1662599401302] 2022-02-28 21:22:19.200000 market receive order, id = strategy1_29, price = 4732.0, direction = ORDER_DIRECTION.SELL, code = rb999.shfe
2022-09-08 09:10:10 [com.tq.yuxuan.xxljob.task.MyTask#demoJobHandler]-[42]-[xxl-job, JobThread-5-1662599401302] 2022-02-28 21:22:21.100000 account cancel order, id = strategy1_29, price = 4732.0, direction = ORDER_DIRECTION.SELL, code = rb999.shfe
2022-09-08 09:10:10 [com.tq.yuxuan.xxljob.task.MyTask#demoJobHandler]-[42]-[xxl-job, JobThread-5-1662599401302] 2022-02-28 21:22:21.200000 market match order, id = strategy1_29, info = ('strategy1_29', 5, None, None), code = rb999.shfe
2022-09-08 09:10:10 [com.tq.yuxuan.xxljob.task.MyTask#demoJobHandler]-[42]-[xxl-job, JobThread-5-1662599401302] 2022-02-28 21:23:11.100000 account insert order, id = strategy1_30, price = 4731.0, direction = ORDER_DIRECTION.BUY, code = rb888.shfe
2022-09-08 09:10:10 [com.tq.yuxuan.xxljob.task.MyTask#demoJobHandler]-[42]-[xxl-job, JobThread-5-1662599401302] 2022-02-28 21:23:11.200000 market receive order, id = strategy1_30, price = 4731.0, direction = ORDER_DIRECTION.BUY, code = rb888.shfe
2022-09-08 09:10:10 [com.tq.yuxuan.xxljob.task.MyTask#demoJobHandler]-[42]-[xxl-job, JobThread-5-1662599401302] 2022-02-28 21:23:11.200000 market match order, id = strategy1_30, info = ('strategy1_30', 4, 4731.0, 1), code = rb888.shfe
2022-09-08 09:10:10 [com.tq.yuxuan.xxljob.task.MyTask#demoJobHandler]-[42]-[xxl-job, JobThread-5-1662599401302] 2022-02-28 21:23:46.100000 account insert order, id = strategy1_31, price = 4733.0, direction = ORDER_DIRECTION.SELL, code = rb999.shfe
2022-09-08 09:10:10 [com.tq.yuxuan.xxljob.task.MyTask#demoJobHandler]-[42]-[xxl-job, JobThread-5-1662599401302] 2022-02-28 21:23:46.200000 market receive order, id = strategy1_31, price = 4733.0, direction = ORDER_DIRECTION.SELL, code = rb999.shfe
2022-09-08 09:10:10 [com.tq.yuxuan.xxljob.task.MyTask#demoJobHandler]-[42]-[xxl-job, JobThread-5-1662599401302] 2022-02-28 21:23:46.200000 market match order, id = strategy1_31, info = ('strategy1_31', 4, 4733.0, 1), code = rb999.shfe
2022-09-08 09:10:10 [com.tq.yuxuan.xxljob.task.MyTask#demoJobHandler]-[42]-[xxl-job, JobThread-5-1662599401302] 2022-02-28 21:23:54.100000 account insert order, id = strategy0_26, price = 4732.0, direction = ORDER_DIRECTION.BUY, code = rb999.shfe
2022-09-08 09:10:10 [com.tq.yuxuan.xxljob.task.MyTask#demoJobHandler]-[42]-[xxl-job, JobThread-5-1662599401302] 2022-02-28 21:23:54.200000 market receive order, id = strategy0_26, price = 4732.0, direction = ORDER_DIRECTION.BUY, code = rb999.shfe
2022-09-08 09:10:10 [com.tq.yuxuan.xxljob.task.MyTask#demoJobHandler]-[42]-[xxl-job, JobThread-5-1662599401302] 2022-02-28 21:23:56.100000 account cancel order, id = strategy0_26, price = 4732.0, direction = ORDER_DIRECTION.BUY, code = rb999.shfe
2022-09-08 09:10:10 [com.tq.yuxuan.xxljob.task.MyTask#demoJobHandler]-[42]-[xxl-job, JobThread-5-1662599401302] 2022-02-28 21:23:56.200000 market match order, id = strategy0_26, info = ('strategy0_26', 5, None, None), code = rb999.shfe
2022-09-08 09:10:10 [com.tq.yuxuan.xxljob.task.MyTask#demoJobHandler]-[42]-[xxl-job, JobThread-5-1662599401302] 2022-02-28 21:23:58.100000 account insert order, id = strategy1_32, price = 4732.0, direction = ORDER_DIRECTION.BUY, code = rb888.shfe
2022-09-08 09:10:10 [com.tq.yuxuan.xxljob.task.MyTask#demoJobHandler]-[42]-[xxl-job, JobThread-5-1662599401302] 2022-02-28 21:23:58.200000 market receive order, id = strategy1_32, price = 4732.0, direction = ORDER_DIRECTION.BUY, code = rb888.shfe
2022-09-08 09:10:10 [com.tq.yuxuan.xxljob.task.MyTask#demoJobHandler]-[42]-[xxl-job, JobThread-5-1662599401302] 2022-02-28 21:23:58.200000 market match order, id = strategy1_32, info = ('strategy1_32', 4, 4732.0, 1), code = rb888.shfe
2022-09-08 09:10:10 [com.tq.yuxuan.xxljob.task.MyTask#demoJobHandler]-[42]-[xxl-job, JobThread-5-1662599401302] 2022-02-28 21:24:14.100000 account insert order, id = strategy0_27, price = 4731.0, direction = ORDER_DIRECTION.BUY, code = rb999.shfe
2022-09-08 09:10:10 [com.tq.yuxuan.xxljob.task.MyTask#demoJobHandler]-[42]-[xxl-job, JobThread-5-1662599401302] 2022-02-28 21:24:14.100000 account insert order, id = strategy0_28, price = 4731.0, direction = ORDER_DIRECTION.BUY, code = rb888.shfe
2022-09-08 09:10:10 [com.tq.yuxuan.xxljob.task.MyTask#demoJobHandler]-[42]-[xxl-job, JobThread-5-1662599401302] 2022-02-28 21:24:14.200000 market receive order, id = strategy0_27, price = 4731.0, direction = ORDER_DIRECTION.BUY, code = rb999.shfe
2022-09-08 09:10:10 [com.tq.yuxuan.xxljob.task.MyTask#demoJobHandler]-[42]-[xxl-job, JobThread-5-1662599401302] 2022-02-28 21:24:14.200000 market receive order, id = strategy0_28, price = 4731.0, direction = ORDER_DIRECTION.BUY, code = rb888.shfe
2022-09-08 09:10:10 [com.tq.yuxuan.xxljob.task.MyTask#demoJobHandler]-[42]-[xxl-job, JobThread-5-1662599401302] 2022-02-28 21:24:15.100000 account cancel order, id = strategy0_27, price = 4731.0, direction = ORDER_DIRECTION.BUY, code = rb999.shfe
2022-09-08 09:10:10 [com.tq.yuxuan.xxljob.task.MyTask#demoJobHandler]-[42]-[xxl-job, JobThread-5-1662599401302] 2022-02-28 21:24:15.200000 market match order, id = strategy0_27, info = ('strategy0_27', 5, None, None), code = rb999.shfe
2022-09-08 09:10:10 [com.tq.yuxuan.xxljob.task.MyTask#demoJobHandler]-[42]-[xxl-job, JobThread-5-1662599401302] 2022-02-28 21:24:19.100000 account cancel order, id = strategy0_28, price = 4731.0, direction = ORDER_DIRECTION.BUY, code = rb888.shfe
2022-09-08 09:10:10 [com.tq.yuxuan.xxljob.task.MyTask#demoJobHandler]-[42]-[xxl-job, JobThread-5-1662599401302] 2022-02-28 21:24:19.200000 market match order, id = strategy0_28, info = ('strategy0_28', 5, None, None), code = rb888.shfe
2022-09-08 09:10:10 [com.tq.yuxuan.xxljob.task.MyTask#demoJobHandler]-[42]-[xxl-job, JobThread-5-1662599401302] 2022-02-28 21:24:36.100000 account insert order, id = strategy0_29, price = 4731.0, direction = ORDER_DIRECTION.BUY, code = rb999.shfe
2022-09-08 09:10:10 [com.tq.yuxuan.xxljob.task.MyTask#demoJobHandler]-[42]-[xxl-job, JobThread-5-1662599401302] 2022-02-28 21:24:36.200000 market receive order, id = strategy0_29, price = 4731.0, direction = ORDER_DIRECTION.BUY, code = rb999.shfe
2022-09-08 09:10:10 [com.tq.yuxuan.xxljob.task.MyTask#demoJobHandler]-[42]-[xxl-job, JobThread-5-1662599401302] 2022-02-28 21:24:41.100000 account insert order, id = strategy1_33, price = 4732.0, direction = ORDER_DIRECTION.SELL, code = rb999.shfe
2022-09-08 09:10:10 [com.tq.yuxuan.xxljob.task.MyTask#demoJobHandler]-[42]-[xxl-job, JobThread-5-1662599401302] 2022-02-28 21:24:41.100000 market match order, id = strategy0_29, info = ('strategy0_29', 4, 4731.0, 1), code = rb999.shfe
2022-09-08 09:10:10 [com.tq.yuxuan.xxljob.task.MyTask#demoJobHandler]-[42]-[xxl-job, JobThread-5-1662599401302] 2022-02-28 21:24:41.200000 market receive order, id = strategy1_33, price = 4732.0, direction = ORDER_DIRECTION.SELL, code = rb999.shfe
2022-09-08 09:10:10 [com.tq.yuxuan.xxljob.task.MyTask#demoJobHandler]-[42]-[xxl-job, JobThread-5-1662599401302] 2022-02-28 21:24:43.100000 account cancel order, id = strategy1_33, price = 4732.0, direction = ORDER_DIRECTION.SELL, code = rb999.shfe
2022-09-08 09:10:10 [com.tq.yuxuan.xxljob.task.MyTask#demoJobHandler]-[42]-[xxl-job, JobThread-5-1662599401302] 2022-02-28 21:24:43.200000 market match order, id = strategy1_33, info = ('strategy1_33', 5, None, None), code = rb999.shfe
2022-09-08 09:10:10 [com.tq.yuxuan.xxljob.task.MyTask#demoJobHandler]-[42]-[xxl-job, JobThread-5-1662599401302] 2022-02-28 21:25:19.100000 account insert order, id = strategy1_34, price = 4731.0, direction = ORDER_DIRECTION.SELL, code = rb888.shfe
2022-09-08 09:10:10 [com.tq.yuxuan.xxljob.task.MyTask#demoJobHandler]-[42]-[xxl-job, JobThread-5-1662599401302] 2022-02-28 21:25:19.200000 market receive order, id = strategy1_34, price = 4731.0, direction = ORDER_DIRECTION.SELL, code = rb888.shfe
2022-09-08 09:10:10 [com.tq.yuxuan.xxljob.task.MyTask#demoJobHandler]-[42]-[xxl-job, JobThread-5-1662599401302] 2022-02-28 21:25:21.100000 account cancel order, id = strategy1_34, price = 4731.0, direction = ORDER_DIRECTION.SELL, code = rb888.shfe
2022-09-08 09:10:10 [com.tq.yuxuan.xxljob.task.MyTask#demoJobHandler]-[42]-[xxl-job, JobThread-5-1662599401302] 2022-02-28 21:25:21.200000 market match order, id = strategy1_34, info = ('strategy1_34', 5, None, None), code = rb888.shfe
2022-09-08 09:10:10 [com.tq.yuxuan.xxljob.task.MyTask#demoJobHandler]-[42]-[xxl-job, JobThread-5-1662599401302] 2022-02-28 21:25:37.100000 account insert order, id = strategy1_35, price = 4731.0, direction = ORDER_DIRECTION.BUY, code = rb999.shfe
2022-09-08 09:10:10 [com.tq.yuxuan.xxljob.task.MyTask#demoJobHandler]-[42]-[xxl-job, JobThread-5-1662599401302] 2022-02-28 21:25:37.200000 market receive order, id = strategy1_35, price = 4731.0, direction = ORDER_DIRECTION.BUY, code = rb999.shfe
2022-09-08 09:10:10 [com.tq.yuxuan.xxljob.task.MyTask#demoJobHandler]-[42]-[xxl-job, JobThread-5-1662599401302] 2022-02-28 21:25:38.100000 missing order strategy1_35 @ cancelling...
2022-09-08 09:10:10 [com.tq.yuxuan.xxljob.task.MyTask#demoJobHandler]-[42]-[xxl-job, JobThread-5-1662599401302] 2022-02-28 21:25:38.100000 account cancel order, id = strategy1_35, price = 4731.0, direction = ORDER_DIRECTION.BUY, code = rb999.shfe
2022-09-08 09:10:10 [com.tq.yuxuan.xxljob.task.MyTask#demoJobHandler]-[42]-[xxl-job, JobThread-5-1662599401302] 2022-02-28 21:25:38.100000 market match order, id = strategy1_35, info = ('strategy1_35', 4, 4731.0, 1), code = rb999.shfe
2022-09-08 09:10:10 [com.tq.yuxuan.xxljob.task.MyTask#demoJobHandler]-[42]-[xxl-job, JobThread-5-1662599401302] 2022-02-28 21:25:40.100000 account insert order, id = strategy0_30, price = 4731.0, direction = ORDER_DIRECTION.SELL, code = rb999.shfe
2022-09-08 09:10:10 [com.tq.yuxuan.xxljob.task.MyTask#demoJobHandler]-[42]-[xxl-job, JobThread-5-1662599401302] 2022-02-28 21:25:40.200000 market receive order, id = strategy0_30, price = 4731.0, direction = ORDER_DIRECTION.SELL, code = rb999.shfe
2022-09-08 09:10:10 [com.tq.yuxuan.xxljob.task.MyTask#demoJobHandler]-[42]-[xxl-job, JobThread-5-1662599401302] 2022-02-28 21:25:41.100000 account cancel order, id = strategy0_30, price = 4731.0, direction = ORDER_DIRECTION.SELL, code = rb999.shfe
2022-09-08 09:10:10 [com.tq.yuxuan.xxljob.task.MyTask#demoJobHandler]-[42]-[xxl-job, JobThread-5-1662599401302] 2022-02-28 21:25:41.200000 market match order, id = strategy0_30, info = ('strategy0_30', 5, None, None), code = rb999.shfe
2022-09-08 09:10:10 [com.tq.yuxuan.xxljob.task.MyTask#demoJobHandler]-[42]-[xxl-job, JobThread-5-1662599401302] 2022-02-28 21:26:19.100000 account insert order, id = strategy0_31, price = 4726.0, direction = ORDER_DIRECTION.BUY, code = rb999.shfe
2022-09-08 09:10:10 [com.tq.yuxuan.xxljob.task.MyTask#demoJobHandler]-[42]-[xxl-job, JobThread-5-1662599401302] 2022-02-28 21:26:19.200000 market receive order, id = strategy0_31, price = 4726.0, direction = ORDER_DIRECTION.BUY, code = rb999.shfe
2022-09-08 09:10:10 [com.tq.yuxuan.xxljob.task.MyTask#demoJobHandler]-[42]-[xxl-job, JobThread-5-1662599401302] 2022-02-28 21:26:20.100000 account cancel order, id = strategy0_31, price = 4726.0, direction = ORDER_DIRECTION.BUY, code = rb999.shfe
2022-09-08 09:10:10 [com.tq.yuxuan.xxljob.task.MyTask#demoJobHandler]-[42]-[xxl-job, JobThread-5-1662599401302] 2022-02-28 21:26:20.200000 market match order, id = strategy0_31, info = ('strategy0_31', 5, None, None), code = rb999.shfe
2022-09-08 09:10:10 [com.tq.yuxuan.xxljob.task.MyTask#demoJobHandler]-[42]-[xxl-job, JobThread-5-1662599401302] 2022-02-28 21:26:23.100000 account insert order, id = strategy0_32, price = 4727.0, direction = ORDER_DIRECTION.SELL, code = rb888.shfe
2022-09-08 09:10:10 [com.tq.yuxuan.xxljob.task.MyTask#demoJobHandler]-[42]-[xxl-job, JobThread-5-1662599401302] 2022-02-28 21:26:23.200000 market receive order, id = strategy0_32, price = 4727.0, direction = ORDER_DIRECTION.SELL, code = rb888.shfe
2022-09-08 09:10:10 [com.tq.yuxuan.xxljob.task.MyTask#demoJobHandler]-[42]-[xxl-job, JobThread-5-1662599401302] 2022-02-28 21:26:38.100000 account cancel order, id = strategy0_32, price = 4727.0, direction = ORDER_DIRECTION.SELL, code = rb888.shfe
2022-09-08 09:10:10 [com.tq.yuxuan.xxljob.task.MyTask#demoJobHandler]-[42]-[xxl-job, JobThread-5-1662599401302] 2022-02-28 21:26:38.200000 market match order, id = strategy0_32, info = ('strategy0_32', 5, None, None), code = rb888.shfe
2022-09-08 09:10:10 [com.tq.yuxuan.xxljob.task.MyTask#demoJobHandler]-[42]-[xxl-job, JobThread-5-1662599401302] 2022-02-28 21:26:45.100000 account insert order, id = strategy1_36, price = 4726.0, direction = ORDER_DIRECTION.BUY, code = rb888.shfe
2022-09-08 09:10:10 [com.tq.yuxuan.xxljob.task.MyTask#demoJobHandler]-[42]-[xxl-job, JobThread-5-1662599401302] 2022-02-28 21:26:45.200000 market receive order, id = strategy1_36, price = 4726.0, direction = ORDER_DIRECTION.BUY, code = rb888.shfe
2022-09-08 09:10:10 [com.tq.yuxuan.xxljob.task.MyTask#demoJobHandler]-[42]-[xxl-job, JobThread-5-1662599401302] 2022-02-28 21:26:48.100000 account cancel order, id = strategy1_36, price = 4726.0, direction = ORDER_DIRECTION.BUY, code = rb888.shfe
2022-09-08 09:10:10 [com.tq.yuxuan.xxljob.task.MyTask#demoJobHandler]-[42]-[xxl-job, JobThread-5-1662599401302] 2022-02-28 21:26:48.200000 market match order, id = strategy1_36, info = ('strategy1_36', 5, None, None), code = rb888.shfe
2022-09-08 09:10:10 [com.tq.yuxuan.xxljob.task.MyTask#demoJobHandler]-[42]-[xxl-job, JobThread-5-1662599401302] 2022-02-28 21:26:49.100000 account insert order, id = strategy1_37, price = 4727.0, direction = ORDER_DIRECTION.SELL, code = rb999.shfe
2022-09-08 09:10:10 [com.tq.yuxuan.xxljob.task.MyTask#demoJobHandler]-[42]-[xxl-job, JobThread-5-1662599401302] 2022-02-28 21:26:49.200000 market receive order, id = strategy1_37, price = 4727.0, direction = ORDER_DIRECTION.SELL, code = rb999.shfe
2022-09-08 09:10:10 [com.tq.yuxuan.xxljob.task.MyTask#demoJobHandler]-[42]-[xxl-job, JobThread-5-1662599401302] 2022-02-28 21:26:49.200000 market match order, id = strategy1_37, info = ('strategy1_37', 4, 4727.0, 1), code = rb999.shfe
2022-09-08 09:10:10 [com.tq.yuxuan.xxljob.task.MyTask#demoJobHandler]-[42]-[xxl-job, JobThread-5-1662599401302] 2022-02-28 21:27:01.100000 account insert order, id = strategy1_38, price = 4727.0, direction = ORDER_DIRECTION.BUY, code = rb888.shfe
2022-09-08 09:10:10 [com.tq.yuxuan.xxljob.task.MyTask#demoJobHandler]-[42]-[xxl-job, JobThread-5-1662599401302] 2022-02-28 21:27:01.200000 market receive order, id = strategy1_38, price = 4727.0, direction = ORDER_DIRECTION.BUY, code = rb888.shfe
2022-09-08 09:10:10 [com.tq.yuxuan.xxljob.task.MyTask#demoJobHandler]-[42]-[xxl-job, JobThread-5-1662599401302] 2022-02-28 21:27:02.100000 account insert order, id = strategy0_33, price = 4727.0, direction = ORDER_DIRECTION.BUY, code = rb999.shfe
2022-09-08 09:10:10 [com.tq.yuxuan.xxljob.task.MyTask#demoJobHandler]-[42]-[xxl-job, JobThread-5-1662599401302] 2022-02-28 21:27:02.200000 market receive order, id = strategy0_33, price = 4727.0, direction = ORDER_DIRECTION.BUY, code = rb999.shfe
2022-09-08 09:10:10 [com.tq.yuxuan.xxljob.task.MyTask#demoJobHandler]-[42]-[xxl-job, JobThread-5-1662599401302] 2022-02-28 21:27:04.100000 account cancel order, id = strategy0_33, price = 4727.0, direction = ORDER_DIRECTION.BUY, code = rb999.shfe
2022-09-08 09:10:10 [com.tq.yuxuan.xxljob.task.MyTask#demoJobHandler]-[42]-[xxl-job, JobThread-5-1662599401302] 2022-02-28 21:27:04.100000 account cancel order, id = strategy1_38, price = 4727.0, direction = ORDER_DIRECTION.BUY, code = rb888.shfe
2022-09-08 09:10:10 [com.tq.yuxuan.xxljob.task.MyTask#demoJobHandler]-[42]-[xxl-job, JobThread-5-1662599401302] 2022-02-28 21:27:04.200000 market match order, id = strategy0_33, info = ('strategy0_33', 5, None, None), code = rb999.shfe
2022-09-08 09:10:10 [com.tq.yuxuan.xxljob.task.MyTask#demoJobHandler]-[42]-[xxl-job, JobThread-5-1662599401302] 2022-02-28 21:27:04.200000 market match order, id = strategy1_38, info = ('strategy1_38', 5, None, None), code = rb888.shfe
2022-09-08 09:10:10 [com.tq.yuxuan.xxljob.task.MyTask#demoJobHandler]-[42]-[xxl-job, JobThread-5-1662599401302] 2022-02-28 21:27:10.100000 account insert order, id = strategy0_34, price = 4729.0, direction = ORDER_DIRECTION.SELL, code = rb888.shfe
2022-09-08 09:10:10 [com.tq.yuxuan.xxljob.task.MyTask#demoJobHandler]-[42]-[xxl-job, JobThread-5-1662599401302] 2022-02-28 21:27:10.200000 market receive order, id = strategy0_34, price = 4729.0, direction = ORDER_DIRECTION.SELL, code = rb888.shfe
2022-09-08 09:10:10 [com.tq.yuxuan.xxljob.task.MyTask#demoJobHandler]-[42]-[xxl-job, JobThread-5-1662599401302] 2022-02-28 21:27:19.100000 account cancel order, id = strategy0_34, price = 4729.0, direction = ORDER_DIRECTION.SELL, code = rb888.shfe
2022-09-08 09:10:10 [com.tq.yuxuan.xxljob.task.MyTask#demoJobHandler]-[42]-[xxl-job, JobThread-5-1662599401302] 2022-02-28 21:27:19.200000 market match order, id = strategy0_34, info = ('strategy0_34', 5, None, None), code = rb888.shfe
2022-09-08 09:10:10 [com.tq.yuxuan.xxljob.task.MyTask#demoJobHandler]-[42]-[xxl-job, JobThread-5-1662599401302] 2022-02-28 21:27:22.100000 account insert order, id = strategy1_39, price = 4727.0, direction = ORDER_DIRECTION.SELL, code = rb999.shfe
2022-09-08 09:10:10 [com.tq.yuxuan.xxljob.task.MyTask#demoJobHandler]-[42]-[xxl-job, JobThread-5-1662599401302] 2022-02-28 21:27:22.200000 market receive order, id = strategy1_39, price = 4727.0, direction = ORDER_DIRECTION.SELL, code = rb999.shfe
2022-09-08 09:10:10 [com.tq.yuxuan.xxljob.task.MyTask#demoJobHandler]-[42]-[xxl-job, JobThread-5-1662599401302] 2022-02-28 21:27:23.100000 account cancel order, id = strategy1_39, price = 4727.0, direction = ORDER_DIRECTION.SELL, code = rb999.shfe
2022-09-08 09:10:10 [com.tq.yuxuan.xxljob.task.MyTask#demoJobHandler]-[42]-[xxl-job, JobThread-5-1662599401302] 2022-02-28 21:27:23.200000 market match order, id = strategy1_39, info = ('strategy1_39', 5, None, None), code = rb999.shfe
2022-09-08 09:10:10 [com.tq.yuxuan.xxljob.task.MyTask#demoJobHandler]-[42]-[xxl-job, JobThread-5-1662599401302] 2022-02-28 21:27:34.100000 account insert order, id = strategy0_35, price = 4726.0, direction = ORDER_DIRECTION.BUY, code = rb888.shfe
2022-09-08 09:10:10 [com.tq.yuxuan.xxljob.task.MyTask#demoJobHandler]-[42]-[xxl-job, JobThread-5-1662599401302] 2022-02-28 21:27:34.200000 market receive order, id = strategy0_35, price = 4726.0, direction = ORDER_DIRECTION.BUY, code = rb888.shfe
2022-09-08 09:10:10 [com.tq.yuxuan.xxljob.task.MyTask#demoJobHandler]-[42]-[xxl-job, JobThread-5-1662599401302] 2022-02-28 21:27:36.100000 account cancel order, id = strategy0_35, price = 4726.0, direction = ORDER_DIRECTION.BUY, code = rb888.shfe
2022-09-08 09:10:10 [com.tq.yuxuan.xxljob.task.MyTask#demoJobHandler]-[42]-[xxl-job, JobThread-5-1662599401302] 2022-02-28 21:27:36.200000 market match order, id = strategy0_35, info = ('strategy0_35', 5, None, None), code = rb888.shfe
2022-09-08 09:10:10 [com.tq.yuxuan.xxljob.task.MyTask#demoJobHandler]-[42]-[xxl-job, JobThread-5-1662599401302] 2022-02-28 21:27:55.100000 account insert order, id = strategy1_40, price = 4727.0, direction = ORDER_DIRECTION.BUY, code = rb999.shfe
2022-09-08 09:10:10 [com.tq.yuxuan.xxljob.task.MyTask#demoJobHandler]-[42]-[xxl-job, JobThread-5-1662599401302] 2022-02-28 21:27:55.200000 market receive order, id = strategy1_40, price = 4727.0, direction = ORDER_DIRECTION.BUY, code = rb999.shfe
2022-09-08 09:10:10 [com.tq.yuxuan.xxljob.task.MyTask#demoJobHandler]-[42]-[xxl-job, JobThread-5-1662599401302] 2022-02-28 21:27:59.100000 account cancel order, id = strategy1_40, price = 4727.0, direction = ORDER_DIRECTION.BUY, code = rb999.shfe
2022-09-08 09:10:10 [com.tq.yuxuan.xxljob.task.MyTask#demoJobHandler]-[42]-[xxl-job, JobThread-5-1662599401302] 2022-02-28 21:27:59.200000 market match order, id = strategy1_40, info = ('strategy1_40', 5, None, None), code = rb999.shfe
2022-09-08 09:10:10 [com.tq.yuxuan.xxljob.task.MyTask#demoJobHandler]-[42]-[xxl-job, JobThread-5-1662599401302] 2022-02-28 21:28:18.100000 account insert order, id = strategy0_36, price = 4727.0, direction = ORDER_DIRECTION.BUY, code = rb888.shfe
2022-09-08 09:10:10 [com.tq.yuxuan.xxljob.task.MyTask#demoJobHandler]-[42]-[xxl-job, JobThread-5-1662599401302] 2022-02-28 21:28:18.200000 market receive order, id = strategy0_36, price = 4727.0, direction = ORDER_DIRECTION.BUY, code = rb888.shfe
2022-09-08 09:10:10 [com.tq.yuxuan.xxljob.task.MyTask#demoJobHandler]-[42]-[xxl-job, JobThread-5-1662599401302] 2022-02-28 21:28:19.100000 account cancel order, id = strategy0_36, price = 4727.0, direction = ORDER_DIRECTION.BUY, code = rb888.shfe
2022-09-08 09:10:10 [com.tq.yuxuan.xxljob.task.MyTask#demoJobHandler]-[42]-[xxl-job, JobThread-5-1662599401302] 2022-02-28 21:28:19.200000 market match order, id = strategy0_36, info = ('strategy0_36', 5, None, None), code = rb888.shfe
2022-09-08 09:10:10 [com.tq.yuxuan.xxljob.task.MyTask#demoJobHandler]-[42]-[xxl-job, JobThread-5-1662599401302] 2022-02-28 21:28:26.100000 account insert order, id = strategy0_37, price = 4726.0, direction = ORDER_DIRECTION.BUY, code = rb999.shfe
2022-09-08 09:10:10 [com.tq.yuxuan.xxljob.task.MyTask#demoJobHandler]-[42]-[xxl-job, JobThread-5-1662599401302] 2022-02-28 21:28:26.100000 account insert order, id = strategy1_41, price = 4727.0, direction = ORDER_DIRECTION.SELL, code = rb999.shfe
2022-09-08 09:10:10 [com.tq.yuxuan.xxljob.task.MyTask#demoJobHandler]-[42]-[xxl-job, JobThread-5-1662599401302] 2022-02-28 21:28:26.200000 market receive order, id = strategy0_37, price = 4726.0, direction = ORDER_DIRECTION.BUY, code = rb999.shfe
2022-09-08 09:10:10 [com.tq.yuxuan.xxljob.task.MyTask#demoJobHandler]-[42]-[xxl-job, JobThread-5-1662599401302] 2022-02-28 21:28:26.200000 market receive order, id = strategy1_41, price = 4727.0, direction = ORDER_DIRECTION.SELL, code = rb999.shfe
2022-09-08 09:10:10 [com.tq.yuxuan.xxljob.task.MyTask#demoJobHandler]-[42]-[xxl-job, JobThread-5-1662599401302] 2022-02-28 21:28:26.200000 market match order, id = strategy0_37, info = ('strategy0_37', 4, 4726.0, 1), code = rb999.shfe
2022-09-08 09:10:10 [com.tq.yuxuan.xxljob.task.MyTask#demoJobHandler]-[42]-[xxl-job, JobThread-5-1662599401302] 2022-02-28 21:28:27.100000 account cancel order, id = strategy1_41, price = 4727.0, direction = ORDER_DIRECTION.SELL, code = rb999.shfe
2022-09-08 09:10:10 [com.tq.yuxuan.xxljob.task.MyTask#demoJobHandler]-[42]-[xxl-job, JobThread-5-1662599401302] 2022-02-28 21:28:27.200000 market match order, id = strategy1_41, info = ('strategy1_41', 5, None, None), code = rb999.shfe
2022-09-08 09:10:10 [com.tq.yuxuan.xxljob.task.MyTask#demoJobHandler]-[42]-[xxl-job, JobThread-5-1662599401302] 2022-02-28 21:29:03.100000 account insert order, id = strategy1_42, price = 4728.0, direction = ORDER_DIRECTION.SELL, code = rb888.shfe
2022-09-08 09:10:10 [com.tq.yuxuan.xxljob.task.MyTask#demoJobHandler]-[42]-[xxl-job, JobThread-5-1662599401302] 2022-02-28 21:29:03.200000 market receive order, id = strategy1_42, price = 4728.0, direction = ORDER_DIRECTION.SELL, code = rb888.shfe
2022-09-08 09:10:10 [com.tq.yuxuan.xxljob.task.MyTask#demoJobHandler]-[42]-[xxl-job, JobThread-5-1662599401302] 2022-02-28 21:29:04.100000 missing order strategy1_42 @ cancelling...
2022-09-08 09:10:10 [com.tq.yuxuan.xxljob.task.MyTask#demoJobHandler]-[42]-[xxl-job, JobThread-5-1662599401302] 2022-02-28 21:29:04.100000 account cancel order, id = strategy1_42, price = 4728.0, direction = ORDER_DIRECTION.SELL, code = rb888.shfe
2022-09-08 09:10:10 [com.tq.yuxuan.xxljob.task.MyTask#demoJobHandler]-[42]-[xxl-job, JobThread-5-1662599401302] 2022-02-28 21:29:04.100000 market match order, id = strategy1_42, info = ('strategy1_42', 4, 4728.0, 1), code = rb888.shfe
2022-09-08 09:10:10 [com.tq.yuxuan.xxljob.task.MyTask#demoJobHandler]-[42]-[xxl-job, JobThread-5-1662599401302] 2022-02-28 21:29:50.100000 account insert order, id = strategy1_43, price = 4731.0, direction = ORDER_DIRECTION.SELL, code = rb999.shfe
2022-09-08 09:10:10 [com.tq.yuxuan.xxljob.task.MyTask#demoJobHandler]-[42]-[xxl-job, JobThread-5-1662599401302] 2022-02-28 21:29:50.200000 market receive order, id = strategy1_43, price = 4731.0, direction = ORDER_DIRECTION.SELL, code = rb999.shfe
2022-09-08 09:10:10 [com.tq.yuxuan.xxljob.task.MyTask#demoJobHandler]-[42]-[xxl-job, JobThread-5-1662599401302] 2022-02-28 21:29:51.100000 account cancel order, id = strategy1_43, price = 4731.0, direction = ORDER_DIRECTION.SELL, code = rb999.shfe
2022-09-08 09:10:10 [com.tq.yuxuan.xxljob.task.MyTask#demoJobHandler]-[42]-[xxl-job, JobThread-5-1662599401302] 2022-02-28 21:29:51.200000 market match order, id = strategy1_43, info = ('strategy1_43', 5, None, None), code = rb999.shfe
2022-09-08 09:10:10 [com.tq.yuxuan.xxljob.task.MyTask#demoJobHandler]-[42]-[xxl-job, JobThread-5-1662599401302] 2022-02-28 21:29:58.100000 account insert order, id = strategy0_38, price = 4731.0, direction = ORDER_DIRECTION.SELL, code = rb888.shfe
2022-09-08 09:10:10 [com.tq.yuxuan.xxljob.task.MyTask#demoJobHandler]-[42]-[xxl-job, JobThread-5-1662599401302] 2022-02-28 21:29:58.200000 market receive order, id = strategy0_38, price = 4731.0, direction = ORDER_DIRECTION.SELL, code = rb888.shfe
2022-09-08 09:10:10 [com.tq.yuxuan.xxljob.task.MyTask#demoJobHandler]-[42]-[xxl-job, JobThread-5-1662599401302] 2022-02-28 21:29:58.200000 market match order, id = strategy0_38, info = ('strategy0_38', 4, 4731.0, 1), code = rb888.shfe
2022-09-08 09:10:10 [com.tq.yuxuan.xxljob.task.MyTask#demoJobHandler]-[42]-[xxl-job, JobThread-5-1662599401302] strategy0 {'rb888.shfe': [('strategy0_0', 4, 4718.0, 1), ('strategy0_1', 5, None, None), ('strategy0_2', 5, None, None), ('strategy0_3', 5, None, None), ('strategy0_5', 4, 4725.0, 1), ('strategy0_9', 4, 4727.0, 1), ('strategy0_10', 4, 4728.0, 1), ('strategy0_11', 5, None, None), ('strategy0_12', 4, 4729.0, 1), ('strategy0_13', 4, 4729.0, 1), ('strategy0_14', 5, None, None), ('strategy0_16', 4, 4726.0, 1), ('strategy0_17', 4, 4727.0, 1), ('strategy0_18', 5, None, None), ('strategy0_19', 5, None, None), ('strategy0_20', 5, None, None), ('strategy0_22', 4, 4729.0, 1), ('strategy0_24', 5, None, None), ('strategy0_28', 5, None, None), ('strategy0_32', 5, None, None), ('strategy0_34', 5, None, None), ('strategy0_35', 5, None, None), ('strategy0_36', 5, None, None), ('strategy0_38', 4, 4731.0, 1)], 'rb999.shfe': [('strategy0_4', 5, None, None), ('strategy0_6', 5, None, None), ('strategy0_7', 4, 4726.0, 1), ('strategy0_8', 5, None, None), ('strategy0_15', 4, 4722.0, 1), ('strategy0_21', 4, 4726.0, 1), ('strategy0_23', 5, None, None), ('strategy0_25', 5, None, None), ('strategy0_26', 5, None, None), ('strategy0_27', 5, None, None), ('strategy0_29', 4, 4731.0, 1), ('strategy0_30', 5, None, None), ('strategy0_31', 5, None, None), ('strategy0_33', 5, None, None), ('strategy0_37', 4, 4726.0, 1)]}
2022-09-08 09:10:10 [com.tq.yuxuan.xxljob.task.MyTask#demoJobHandler]-[42]-[xxl-job, JobThread-5-1662599401302] strategy1 {'rb888.shfe': [('strategy1_0', 4, 4718.0, 1), ('strategy1_2', 4, 4724.0, 1), ('strategy1_5', 5, None, None), ('strategy1_7', 5, None, None), ('strategy1_11', 4, 4723.0, 1), ('strategy1_12', 4, 4725.0, 1), ('strategy1_13', 5, None, None), ('strategy1_17', 5, None, None), ('strategy1_18', 5, None, None), ('strategy1_19', 5, None, None), ('strategy1_20', 4, 4728.0, 1), ('strategy1_21', 4, 4729.0, 1), ('strategy1_23', 5, None, None), ('strategy1_24', 5, None, None), ('strategy1_25', 5, None, None), ('strategy1_27', 5, None, None), ('strategy1_30', 4, 4731.0, 1), ('strategy1_32', 4, 4732.0, 1), ('strategy1_34', 5, None, None), ('strategy1_36', 5, None, None), ('strategy1_38', 5, None, None), ('strategy1_42', 4, 4728.0, 1)], 'rb999.shfe': [('strategy1_1', 4, 4724.0, 1), ('strategy1_3', 5, None, None), ('strategy1_4', 5, None, None), ('strategy1_6', 4, 4729.0, 1), ('strategy1_8', 5, None, None), ('strategy1_9', 5, None, None), ('strategy1_10', 5, None, None), ('strategy1_14', 5, None, None), ('strategy1_15', 4, 4724.0, 1), ('strategy1_16', 5, None, None), ('strategy1_22', 4, 4730.0, 1), ('strategy1_26', 5, None, None), ('strategy1_28', 5, None, None), ('strategy1_29', 5, None, None), ('strategy1_31', 4, 4733.0, 1), ('strategy1_33', 5, None, None), ('strategy1_35', 4, 4731.0, 1), ('strategy1_37', 4, 4727.0, 1), ('strategy1_39', 5, None, None), ('strategy1_40', 5, None, None), ('strategy1_41', 5, None, None), ('strategy1_43', 5, None, None)]}
2022-09-08 09:10:10 [com.tq.yuxuan.xxljob.task.MyTask#demoJobHandler]-[52]-[xxl-job, JobThread-5-1662599401302] TransQuant tick回测任务完成.
2022-09-08 09:10:10 [com.xxl.job.core.thread.JobThread#run]-[179]-[xxl-job, JobThread-5-1662599401302] <br>----------- xxl-job job execute end(finish) -----------<br>----------- Result: handleCode=200, handleMsg = null
2022-09-08 09:10:10 [com.xxl.job.core.thread.TriggerCallbackThread#callbackLog]-[197]-[xxl-job, executor TriggerCallbackThread] <br>----------- xxl-job job callback finish.
