2022-09-08 09:14:14 [com.xxl.job.core.thread.JobThread#run]-[133]-[xxl-job, JobThread-5-1662599654690] <br>----------- xxl-job job execute start -----------<br>----------- Param:
2022-09-08 09:14:14 [com.tq.yuxuan.xxljob.task.MyTask#demoJobHandler]-[29]-[xxl-job, JobThread-5-1662599654690] TransQuant tick回测任务启动.
2022-09-08 09:14:14 [com.tq.yuxuan.xxljob.task.MyTask#demoJobHandler]-[35]-[xxl-job, JobThread-5-1662599654690] 分片参数：当前分片序号 = 0, 总分片数 = 2
2022-09-08 09:14:27 [com.tq.yuxuan.xxljob.task.MyTask#demoJobHandler]-[44]-[xxl-job, JobThread-5-1662599654690] inserting match-info timestep events...
2022-09-08 09:14:27 [com.tq.yuxuan.xxljob.task.MyTask#demoJobHandler]-[44]-[xxl-job, JobThread-5-1662599654690] inserting market timestep events...
2022-09-08 09:14:27 [com.tq.yuxuan.xxljob.task.MyTask#demoJobHandler]-[44]-[xxl-job, JobThread-5-1662599654690] inserting match-info timestep events...
2022-09-08 09:14:27 [com.tq.yuxuan.xxljob.task.MyTask#demoJobHandler]-[44]-[xxl-job, JobThread-5-1662599654690] 2022-02-28 21:00:13.100000 account insert order, id = strategy0_0, price = 4716.0, direction = ORDER_DIRECTION.BUY, code = rb999.shfe
2022-09-08 09:14:27 [com.tq.yuxuan.xxljob.task.MyTask#demoJobHandler]-[44]-[xxl-job, JobThread-5-1662599654690] 2022-02-28 21:00:13.200000 market receive order, id = strategy0_0, price = 4716.0, direction = ORDER_DIRECTION.BUY, code = rb999.shfe
2022-09-08 09:14:27 [com.tq.yuxuan.xxljob.task.MyTask#demoJobHandler]-[44]-[xxl-job, JobThread-5-1662599654690] 2022-02-28 21:00:15.100000 account cancel order, id = strategy0_0, price = 4716.0, direction = ORDER_DIRECTION.BUY, code = rb999.shfe
2022-09-08 09:14:27 [com.tq.yuxuan.xxljob.task.MyTask#demoJobHandler]-[44]-[xxl-job, JobThread-5-1662599654690] 2022-02-28 21:00:15.200000 market match order, id = strategy0_0, info = ('strategy0_0', 5, None, None), code = rb999.shfe
2022-09-08 09:14:27 [com.tq.yuxuan.xxljob.task.MyTask#demoJobHandler]-[44]-[xxl-job, JobThread-5-1662599654690] 2022-02-28 21:00:49.100000 account insert order, id = strategy1_0, price = 4716.0, direction = ORDER_DIRECTION.SELL, code = rb888.shfe
2022-09-08 09:14:27 [com.tq.yuxuan.xxljob.task.MyTask#demoJobHandler]-[44]-[xxl-job, JobThread-5-1662599654690] 2022-02-28 21:00:49.200000 market receive order, id = strategy1_0, price = 4716.0, direction = ORDER_DIRECTION.SELL, code = rb888.shfe
2022-09-08 09:14:27 [com.tq.yuxuan.xxljob.task.MyTask#demoJobHandler]-[44]-[xxl-job, JobThread-5-1662599654690] 2022-02-28 21:00:50.100000 market match order, id = strategy1_0, info = ('strategy1_0', 4, 4716.0, 1), code = rb888.shfe
2022-09-08 09:14:27 [com.tq.yuxuan.xxljob.task.MyTask#demoJobHandler]-[44]-[xxl-job, JobThread-5-1662599654690] 2022-02-28 21:01:34.100000 account insert order, id = strategy0_1, price = 4725.0, direction = ORDER_DIRECTION.SELL, code = rb888.shfe
2022-09-08 09:14:27 [com.tq.yuxuan.xxljob.task.MyTask#demoJobHandler]-[44]-[xxl-job, JobThread-5-1662599654690] 2022-02-28 21:01:34.200000 market receive order, id = strategy0_1, price = 4725.0, direction = ORDER_DIRECTION.SELL, code = rb888.shfe
2022-09-08 09:14:27 [com.tq.yuxuan.xxljob.task.MyTask#demoJobHandler]-[44]-[xxl-job, JobThread-5-1662599654690] 2022-02-28 21:01:41.100000 account cancel order, id = strategy0_1, price = 4725.0, direction = ORDER_DIRECTION.SELL, code = rb888.shfe
2022-09-08 09:14:27 [com.tq.yuxuan.xxljob.task.MyTask#demoJobHandler]-[44]-[xxl-job, JobThread-5-1662599654690] 2022-02-28 21:01:41.200000 market match order, id = strategy0_1, info = ('strategy0_1', 5, None, None), code = rb888.shfe
2022-09-08 09:14:27 [com.tq.yuxuan.xxljob.task.MyTask#demoJobHandler]-[44]-[xxl-job, JobThread-5-1662599654690] 2022-02-28 21:01:49.100000 account insert order, id = strategy0_2, price = 4724.0, direction = ORDER_DIRECTION.SELL, code = rb888.shfe
2022-09-08 09:14:27 [com.tq.yuxuan.xxljob.task.MyTask#demoJobHandler]-[44]-[xxl-job, JobThread-5-1662599654690] 2022-02-28 21:01:49.200000 market receive order, id = strategy0_2, price = 4724.0, direction = ORDER_DIRECTION.SELL, code = rb888.shfe
2022-09-08 09:14:27 [com.tq.yuxuan.xxljob.task.MyTask#demoJobHandler]-[44]-[xxl-job, JobThread-5-1662599654690] 2022-02-28 21:01:49.200000 market match order, id = strategy0_2, info = ('strategy0_2', 4, 4724.0, 1), code = rb888.shfe
2022-09-08 09:14:27 [com.tq.yuxuan.xxljob.task.MyTask#demoJobHandler]-[44]-[xxl-job, JobThread-5-1662599654690] 2022-02-28 21:02:01.100000 account insert order, id = strategy0_3, price = 4724.0, direction = ORDER_DIRECTION.BUY, code = rb999.shfe
2022-09-08 09:14:27 [com.tq.yuxuan.xxljob.task.MyTask#demoJobHandler]-[44]-[xxl-job, JobThread-5-1662599654690] 2022-02-28 21:02:01.200000 market receive order, id = strategy0_3, price = 4724.0, direction = ORDER_DIRECTION.BUY, code = rb999.shfe
2022-09-08 09:14:27 [com.tq.yuxuan.xxljob.task.MyTask#demoJobHandler]-[44]-[xxl-job, JobThread-5-1662599654690] 2022-02-28 21:02:02.100000 market match order, id = strategy0_3, info = ('strategy0_3', 4, 4724.0, 1), code = rb999.shfe
2022-09-08 09:14:27 [com.tq.yuxuan.xxljob.task.MyTask#demoJobHandler]-[44]-[xxl-job, JobThread-5-1662599654690] 2022-02-28 21:02:30.100000 account insert order, id = strategy0_4, price = 4725.0, direction = ORDER_DIRECTION.BUY, code = rb888.shfe
2022-09-08 09:14:27 [com.tq.yuxuan.xxljob.task.MyTask#demoJobHandler]-[44]-[xxl-job, JobThread-5-1662599654690] 2022-02-28 21:02:30.200000 market receive order, id = strategy0_4, price = 4725.0, direction = ORDER_DIRECTION.BUY, code = rb888.shfe
2022-09-08 09:14:27 [com.tq.yuxuan.xxljob.task.MyTask#demoJobHandler]-[44]-[xxl-job, JobThread-5-1662599654690] 2022-02-28 21:02:35.100000 account cancel order, id = strategy0_4, price = 4725.0, direction = ORDER_DIRECTION.BUY, code = rb888.shfe
2022-09-08 09:14:27 [com.tq.yuxuan.xxljob.task.MyTask#demoJobHandler]-[44]-[xxl-job, JobThread-5-1662599654690] 2022-02-28 21:02:35.200000 market match order, id = strategy0_4, info = ('strategy0_4', 5, None, None), code = rb888.shfe
2022-09-08 09:14:27 [com.tq.yuxuan.xxljob.task.MyTask#demoJobHandler]-[44]-[xxl-job, JobThread-5-1662599654690] 2022-02-28 21:03:01.100000 account insert order, id = strategy0_5, price = 4726.0, direction = ORDER_DIRECTION.BUY, code = rb888.shfe
2022-09-08 09:14:27 [com.tq.yuxuan.xxljob.task.MyTask#demoJobHandler]-[44]-[xxl-job, JobThread-5-1662599654690] 2022-02-28 21:03:01.200000 market receive order, id = strategy0_5, price = 4726.0, direction = ORDER_DIRECTION.BUY, code = rb888.shfe
2022-09-08 09:14:27 [com.tq.yuxuan.xxljob.task.MyTask#demoJobHandler]-[44]-[xxl-job, JobThread-5-1662599654690] 2022-02-28 21:03:03.100000 account cancel order, id = strategy0_5, price = 4726.0, direction = ORDER_DIRECTION.BUY, code = rb888.shfe
2022-09-08 09:14:27 [com.tq.yuxuan.xxljob.task.MyTask#demoJobHandler]-[44]-[xxl-job, JobThread-5-1662599654690] 2022-02-28 21:03:03.200000 market match order, id = strategy0_5, info = ('strategy0_5', 5, None, None), code = rb888.shfe
2022-09-08 09:14:27 [com.tq.yuxuan.xxljob.task.MyTask#demoJobHandler]-[44]-[xxl-job, JobThread-5-1662599654690] 2022-02-28 21:03:26.100000 account insert order, id = strategy0_6, price = 4724.0, direction = ORDER_DIRECTION.BUY, code = rb888.shfe
2022-09-08 09:14:27 [com.tq.yuxuan.xxljob.task.MyTask#demoJobHandler]-[44]-[xxl-job, JobThread-5-1662599654690] 2022-02-28 21:03:26.200000 market receive order, id = strategy0_6, price = 4724.0, direction = ORDER_DIRECTION.BUY, code = rb888.shfe
2022-09-08 09:14:27 [com.tq.yuxuan.xxljob.task.MyTask#demoJobHandler]-[44]-[xxl-job, JobThread-5-1662599654690] 2022-02-28 21:03:27.100000 account cancel order, id = strategy0_6, price = 4724.0, direction = ORDER_DIRECTION.BUY, code = rb888.shfe
2022-09-08 09:14:27 [com.tq.yuxuan.xxljob.task.MyTask#demoJobHandler]-[44]-[xxl-job, JobThread-5-1662599654690] 2022-02-28 21:03:27.200000 market match order, id = strategy0_6, info = ('strategy0_6', 5, None, None), code = rb888.shfe
2022-09-08 09:14:27 [com.tq.yuxuan.xxljob.task.MyTask#demoJobHandler]-[44]-[xxl-job, JobThread-5-1662599654690] 2022-02-28 21:03:35.100000 account insert order, id = strategy1_1, price = 4725.0, direction = ORDER_DIRECTION.SELL, code = rb888.shfe
2022-09-08 09:14:27 [com.tq.yuxuan.xxljob.task.MyTask#demoJobHandler]-[44]-[xxl-job, JobThread-5-1662599654690] 2022-02-28 21:03:35.200000 market receive order, id = strategy1_1, price = 4725.0, direction = ORDER_DIRECTION.SELL, code = rb888.shfe
2022-09-08 09:14:27 [com.tq.yuxuan.xxljob.task.MyTask#demoJobHandler]-[44]-[xxl-job, JobThread-5-1662599654690] 2022-02-28 21:03:35.200000 market match order, id = strategy1_1, info = ('strategy1_1', 4, 4725.0, 1), code = rb888.shfe
2022-09-08 09:14:27 [com.tq.yuxuan.xxljob.task.MyTask#demoJobHandler]-[44]-[xxl-job, JobThread-5-1662599654690] 2022-02-28 21:03:48.100000 account insert order, id = strategy1_2, price = 4727.0, direction = ORDER_DIRECTION.SELL, code = rb888.shfe
2022-09-08 09:14:27 [com.tq.yuxuan.xxljob.task.MyTask#demoJobHandler]-[44]-[xxl-job, JobThread-5-1662599654690] 2022-02-28 21:03:48.200000 market receive order, id = strategy1_2, price = 4727.0, direction = ORDER_DIRECTION.SELL, code = rb888.shfe
2022-09-08 09:14:27 [com.tq.yuxuan.xxljob.task.MyTask#demoJobHandler]-[44]-[xxl-job, JobThread-5-1662599654690] 2022-02-28 21:03:49.100000 market match order, id = strategy1_2, info = ('strategy1_2', 4, 4727.0, 1), code = rb888.shfe
2022-09-08 09:14:27 [com.tq.yuxuan.xxljob.task.MyTask#demoJobHandler]-[44]-[xxl-job, JobThread-5-1662599654690] 2022-02-28 21:04:32.100000 account insert order, id = strategy0_7, price = 4727.0, direction = ORDER_DIRECTION.SELL, code = rb999.shfe
2022-09-08 09:14:27 [com.tq.yuxuan.xxljob.task.MyTask#demoJobHandler]-[44]-[xxl-job, JobThread-5-1662599654690] 2022-02-28 21:04:32.200000 market receive order, id = strategy0_7, price = 4727.0, direction = ORDER_DIRECTION.SELL, code = rb999.shfe
2022-09-08 09:14:27 [com.tq.yuxuan.xxljob.task.MyTask#demoJobHandler]-[44]-[xxl-job, JobThread-5-1662599654690] 2022-02-28 21:04:32.200000 market match order, id = strategy0_7, info = ('strategy0_7', 4, 4728.0, 1), code = rb999.shfe
2022-09-08 09:14:27 [com.tq.yuxuan.xxljob.task.MyTask#demoJobHandler]-[44]-[xxl-job, JobThread-5-1662599654690] 2022-02-28 21:05:10.100000 account insert order, id = strategy1_3, price = 4729.0, direction = ORDER_DIRECTION.BUY, code = rb888.shfe
2022-09-08 09:14:27 [com.tq.yuxuan.xxljob.task.MyTask#demoJobHandler]-[44]-[xxl-job, JobThread-5-1662599654690] 2022-02-28 21:05:10.200000 market receive order, id = strategy1_3, price = 4729.0, direction = ORDER_DIRECTION.BUY, code = rb888.shfe
2022-09-08 09:14:27 [com.tq.yuxuan.xxljob.task.MyTask#demoJobHandler]-[44]-[xxl-job, JobThread-5-1662599654690] 2022-02-28 21:05:11.100000 missing order strategy1_3 @ cancelling...
2022-09-08 09:14:27 [com.tq.yuxuan.xxljob.task.MyTask#demoJobHandler]-[44]-[xxl-job, JobThread-5-1662599654690] 2022-02-28 21:05:11.100000 account cancel order, id = strategy1_3, price = 4729.0, direction = ORDER_DIRECTION.BUY, code = rb888.shfe
2022-09-08 09:14:27 [com.tq.yuxuan.xxljob.task.MyTask#demoJobHandler]-[44]-[xxl-job, JobThread-5-1662599654690] 2022-02-28 21:05:11.100000 market match order, id = strategy1_3, info = ('strategy1_3', 4, 4729.0, 1), code = rb888.shfe
2022-09-08 09:14:27 [com.tq.yuxuan.xxljob.task.MyTask#demoJobHandler]-[44]-[xxl-job, JobThread-5-1662599654690] 2022-02-28 21:05:33.100000 account insert order, id = strategy1_4, price = 4728.0, direction = ORDER_DIRECTION.BUY, code = rb999.shfe
2022-09-08 09:14:27 [com.tq.yuxuan.xxljob.task.MyTask#demoJobHandler]-[44]-[xxl-job, JobThread-5-1662599654690] 2022-02-28 21:05:33.200000 market receive order, id = strategy1_4, price = 4728.0, direction = ORDER_DIRECTION.BUY, code = rb999.shfe
2022-09-08 09:14:27 [com.tq.yuxuan.xxljob.task.MyTask#demoJobHandler]-[44]-[xxl-job, JobThread-5-1662599654690] 2022-02-28 21:05:34.100000 account cancel order, id = strategy1_4, price = 4728.0, direction = ORDER_DIRECTION.BUY, code = rb999.shfe
2022-09-08 09:14:27 [com.tq.yuxuan.xxljob.task.MyTask#demoJobHandler]-[44]-[xxl-job, JobThread-5-1662599654690] 2022-02-28 21:05:34.200000 market match order, id = strategy1_4, info = ('strategy1_4', 5, None, None), code = rb999.shfe
2022-09-08 09:14:27 [com.tq.yuxuan.xxljob.task.MyTask#demoJobHandler]-[44]-[xxl-job, JobThread-5-1662599654690] 2022-02-28 21:05:52.100000 account insert order, id = strategy1_5, price = 4730.0, direction = ORDER_DIRECTION.SELL, code = rb999.shfe
2022-09-08 09:14:27 [com.tq.yuxuan.xxljob.task.MyTask#demoJobHandler]-[44]-[xxl-job, JobThread-5-1662599654690] 2022-02-28 21:05:52.200000 market receive order, id = strategy1_5, price = 4730.0, direction = ORDER_DIRECTION.SELL, code = rb999.shfe
2022-09-08 09:14:27 [com.tq.yuxuan.xxljob.task.MyTask#demoJobHandler]-[44]-[xxl-job, JobThread-5-1662599654690] 2022-02-28 21:05:57.100000 account cancel order, id = strategy1_5, price = 4730.0, direction = ORDER_DIRECTION.SELL, code = rb999.shfe
2022-09-08 09:14:27 [com.tq.yuxuan.xxljob.task.MyTask#demoJobHandler]-[44]-[xxl-job, JobThread-5-1662599654690] 2022-02-28 21:05:57.200000 market match order, id = strategy1_5, info = ('strategy1_5', 5, None, None), code = rb999.shfe
2022-09-08 09:14:27 [com.tq.yuxuan.xxljob.task.MyTask#demoJobHandler]-[44]-[xxl-job, JobThread-5-1662599654690] 2022-02-28 21:06:38.100000 account insert order, id = strategy1_6, price = 4725.0, direction = ORDER_DIRECTION.BUY, code = rb999.shfe
2022-09-08 09:14:27 [com.tq.yuxuan.xxljob.task.MyTask#demoJobHandler]-[44]-[xxl-job, JobThread-5-1662599654690] 2022-02-28 21:06:38.200000 market receive order, id = strategy1_6, price = 4725.0, direction = ORDER_DIRECTION.BUY, code = rb999.shfe
2022-09-08 09:14:27 [com.tq.yuxuan.xxljob.task.MyTask#demoJobHandler]-[44]-[xxl-job, JobThread-5-1662599654690] 2022-02-28 21:06:40.100000 account cancel order, id = strategy1_6, price = 4725.0, direction = ORDER_DIRECTION.BUY, code = rb999.shfe
2022-09-08 09:14:27 [com.tq.yuxuan.xxljob.task.MyTask#demoJobHandler]-[44]-[xxl-job, JobThread-5-1662599654690] 2022-02-28 21:06:40.200000 market match order, id = strategy1_6, info = ('strategy1_6', 5, None, None), code = rb999.shfe
2022-09-08 09:14:27 [com.tq.yuxuan.xxljob.task.MyTask#demoJobHandler]-[44]-[xxl-job, JobThread-5-1662599654690] 2022-02-28 21:07:04.100000 account insert order, id = strategy0_8, price = 4724.0, direction = ORDER_DIRECTION.SELL, code = rb999.shfe
2022-09-08 09:14:27 [com.tq.yuxuan.xxljob.task.MyTask#demoJobHandler]-[44]-[xxl-job, JobThread-5-1662599654690] 2022-02-28 21:07:04.200000 market receive order, id = strategy0_8, price = 4724.0, direction = ORDER_DIRECTION.SELL, code = rb999.shfe
2022-09-08 09:14:27 [com.tq.yuxuan.xxljob.task.MyTask#demoJobHandler]-[44]-[xxl-job, JobThread-5-1662599654690] 2022-02-28 21:07:05.100000 account cancel order, id = strategy0_8, price = 4724.0, direction = ORDER_DIRECTION.SELL, code = rb999.shfe
2022-09-08 09:14:27 [com.tq.yuxuan.xxljob.task.MyTask#demoJobHandler]-[44]-[xxl-job, JobThread-5-1662599654690] 2022-02-28 21:07:05.200000 market match order, id = strategy0_8, info = ('strategy0_8', 5, None, None), code = rb999.shfe
2022-09-08 09:14:27 [com.tq.yuxuan.xxljob.task.MyTask#demoJobHandler]-[44]-[xxl-job, JobThread-5-1662599654690] 2022-02-28 21:07:10.100000 account insert order, id = strategy1_7, price = 4721.0, direction = ORDER_DIRECTION.BUY, code = rb999.shfe
2022-09-08 09:14:27 [com.tq.yuxuan.xxljob.task.MyTask#demoJobHandler]-[44]-[xxl-job, JobThread-5-1662599654690] 2022-02-28 21:07:10.200000 market receive order, id = strategy1_7, price = 4721.0, direction = ORDER_DIRECTION.BUY, code = rb999.shfe
2022-09-08 09:14:27 [com.tq.yuxuan.xxljob.task.MyTask#demoJobHandler]-[44]-[xxl-job, JobThread-5-1662599654690] 2022-02-28 21:07:10.200000 market match order, id = strategy1_7, info = ('strategy1_7', 4, 4721.0, 1), code = rb999.shfe
2022-09-08 09:14:27 [com.tq.yuxuan.xxljob.task.MyTask#demoJobHandler]-[44]-[xxl-job, JobThread-5-1662599654690] 2022-02-28 21:07:42.100000 account insert order, id = strategy1_8, price = 4726.0, direction = ORDER_DIRECTION.SELL, code = rb999.shfe
2022-09-08 09:14:27 [com.tq.yuxuan.xxljob.task.MyTask#demoJobHandler]-[44]-[xxl-job, JobThread-5-1662599654690] 2022-02-28 21:07:42.200000 market receive order, id = strategy1_8, price = 4726.0, direction = ORDER_DIRECTION.SELL, code = rb999.shfe
2022-09-08 09:14:27 [com.tq.yuxuan.xxljob.task.MyTask#demoJobHandler]-[44]-[xxl-job, JobThread-5-1662599654690] 2022-02-28 21:07:49.100000 account cancel order, id = strategy1_8, price = 4726.0, direction = ORDER_DIRECTION.SELL, code = rb999.shfe
2022-09-08 09:14:27 [com.tq.yuxuan.xxljob.task.MyTask#demoJobHandler]-[44]-[xxl-job, JobThread-5-1662599654690] 2022-02-28 21:07:49.200000 market match order, id = strategy1_8, info = ('strategy1_8', 5, None, None), code = rb999.shfe
2022-09-08 09:14:27 [com.tq.yuxuan.xxljob.task.MyTask#demoJobHandler]-[44]-[xxl-job, JobThread-5-1662599654690] 2022-02-28 21:08:01.100000 account insert order, id = strategy0_9, price = 4723.0, direction = ORDER_DIRECTION.BUY, code = rb999.shfe
2022-09-08 09:14:27 [com.tq.yuxuan.xxljob.task.MyTask#demoJobHandler]-[44]-[xxl-job, JobThread-5-1662599654690] 2022-02-28 21:08:01.200000 market receive order, id = strategy0_9, price = 4723.0, direction = ORDER_DIRECTION.BUY, code = rb999.shfe
2022-09-08 09:14:27 [com.tq.yuxuan.xxljob.task.MyTask#demoJobHandler]-[44]-[xxl-job, JobThread-5-1662599654690] 2022-02-28 21:08:02.100000 market match order, id = strategy0_9, info = ('strategy0_9', 4, 4723.0, 1), code = rb999.shfe
2022-09-08 09:14:27 [com.tq.yuxuan.xxljob.task.MyTask#demoJobHandler]-[44]-[xxl-job, JobThread-5-1662599654690] 2022-02-28 21:08:25.100000 account insert order, id = strategy0_10, price = 4722.0, direction = ORDER_DIRECTION.SELL, code = rb999.shfe
2022-09-08 09:14:27 [com.tq.yuxuan.xxljob.task.MyTask#demoJobHandler]-[44]-[xxl-job, JobThread-5-1662599654690] 2022-02-28 21:08:25.200000 market receive order, id = strategy0_10, price = 4722.0, direction = ORDER_DIRECTION.SELL, code = rb999.shfe
2022-09-08 09:14:27 [com.tq.yuxuan.xxljob.task.MyTask#demoJobHandler]-[44]-[xxl-job, JobThread-5-1662599654690] 2022-02-28 21:08:26.100000 market match order, id = strategy0_10, info = ('strategy0_10', 4, 4722.0, 1), code = rb999.shfe
2022-09-08 09:14:27 [com.tq.yuxuan.xxljob.task.MyTask#demoJobHandler]-[44]-[xxl-job, JobThread-5-1662599654690] 2022-02-28 21:08:57.100000 account insert order, id = strategy1_9, price = 4720.0, direction = ORDER_DIRECTION.BUY, code = rb999.shfe
2022-09-08 09:14:27 [com.tq.yuxuan.xxljob.task.MyTask#demoJobHandler]-[44]-[xxl-job, JobThread-5-1662599654690] 2022-02-28 21:08:57.200000 market receive order, id = strategy1_9, price = 4720.0, direction = ORDER_DIRECTION.BUY, code = rb999.shfe
2022-09-08 09:14:27 [com.tq.yuxuan.xxljob.task.MyTask#demoJobHandler]-[44]-[xxl-job, JobThread-5-1662599654690] 2022-02-28 21:09:01.100000 account cancel order, id = strategy1_9, price = 4720.0, direction = ORDER_DIRECTION.BUY, code = rb999.shfe
2022-09-08 09:14:27 [com.tq.yuxuan.xxljob.task.MyTask#demoJobHandler]-[44]-[xxl-job, JobThread-5-1662599654690] 2022-02-28 21:09:01.200000 market match order, id = strategy1_9, info = ('strategy1_9', 5, None, None), code = rb999.shfe
2022-09-08 09:14:27 [com.tq.yuxuan.xxljob.task.MyTask#demoJobHandler]-[44]-[xxl-job, JobThread-5-1662599654690] 2022-02-28 21:09:07.100000 account insert order, id = strategy0_11, price = 4720.0, direction = ORDER_DIRECTION.SELL, code = rb888.shfe
2022-09-08 09:14:27 [com.tq.yuxuan.xxljob.task.MyTask#demoJobHandler]-[44]-[xxl-job, JobThread-5-1662599654690] 2022-02-28 21:09:07.200000 market receive order, id = strategy0_11, price = 4720.0, direction = ORDER_DIRECTION.SELL, code = rb888.shfe
2022-09-08 09:14:27 [com.tq.yuxuan.xxljob.task.MyTask#demoJobHandler]-[44]-[xxl-job, JobThread-5-1662599654690] 2022-02-28 21:09:09.100000 account cancel order, id = strategy0_11, price = 4720.0, direction = ORDER_DIRECTION.SELL, code = rb888.shfe
2022-09-08 09:14:27 [com.tq.yuxuan.xxljob.task.MyTask#demoJobHandler]-[44]-[xxl-job, JobThread-5-1662599654690] 2022-02-28 21:09:09.200000 market match order, id = strategy0_11, info = ('strategy0_11', 5, None, None), code = rb888.shfe
2022-09-08 09:14:27 [com.tq.yuxuan.xxljob.task.MyTask#demoJobHandler]-[44]-[xxl-job, JobThread-5-1662599654690] 2022-02-28 21:09:20.100000 account insert order, id = strategy1_10, price = 4718.0, direction = ORDER_DIRECTION.BUY, code = rb888.shfe
2022-09-08 09:14:27 [com.tq.yuxuan.xxljob.task.MyTask#demoJobHandler]-[44]-[xxl-job, JobThread-5-1662599654690] 2022-02-28 21:09:20.200000 market receive order, id = strategy1_10, price = 4718.0, direction = ORDER_DIRECTION.BUY, code = rb888.shfe
2022-09-08 09:14:27 [com.tq.yuxuan.xxljob.task.MyTask#demoJobHandler]-[44]-[xxl-job, JobThread-5-1662599654690] 2022-02-28 21:09:23.100000 account cancel order, id = strategy1_10, price = 4718.0, direction = ORDER_DIRECTION.BUY, code = rb888.shfe
2022-09-08 09:14:27 [com.tq.yuxuan.xxljob.task.MyTask#demoJobHandler]-[44]-[xxl-job, JobThread-5-1662599654690] 2022-02-28 21:09:23.200000 market match order, id = strategy1_10, info = ('strategy1_10', 5, None, None), code = rb888.shfe
2022-09-08 09:14:27 [com.tq.yuxuan.xxljob.task.MyTask#demoJobHandler]-[44]-[xxl-job, JobThread-5-1662599654690] 2022-02-28 21:10:08.100000 account insert order, id = strategy0_12, price = 4724.0, direction = ORDER_DIRECTION.BUY, code = rb888.shfe
2022-09-08 09:14:27 [com.tq.yuxuan.xxljob.task.MyTask#demoJobHandler]-[44]-[xxl-job, JobThread-5-1662599654690] 2022-02-28 21:10:08.200000 market receive order, id = strategy0_12, price = 4724.0, direction = ORDER_DIRECTION.BUY, code = rb888.shfe
2022-09-08 09:14:27 [com.tq.yuxuan.xxljob.task.MyTask#demoJobHandler]-[44]-[xxl-job, JobThread-5-1662599654690] 2022-02-28 21:10:08.200000 market match order, id = strategy0_12, info = ('strategy0_12', 4, 4724.0, 1), code = rb888.shfe
2022-09-08 09:14:27 [com.tq.yuxuan.xxljob.task.MyTask#demoJobHandler]-[44]-[xxl-job, JobThread-5-1662599654690] 2022-02-28 21:10:22.100000 account insert order, id = strategy0_13, price = 4723.0, direction = ORDER_DIRECTION.BUY, code = rb888.shfe
2022-09-08 09:14:27 [com.tq.yuxuan.xxljob.task.MyTask#demoJobHandler]-[44]-[xxl-job, JobThread-5-1662599654690] 2022-02-28 21:10:22.200000 market receive order, id = strategy0_13, price = 4723.0, direction = ORDER_DIRECTION.BUY, code = rb888.shfe
2022-09-08 09:14:27 [com.tq.yuxuan.xxljob.task.MyTask#demoJobHandler]-[44]-[xxl-job, JobThread-5-1662599654690] 2022-02-28 21:10:30.100000 account cancel order, id = strategy0_13, price = 4723.0, direction = ORDER_DIRECTION.BUY, code = rb888.shfe
2022-09-08 09:14:27 [com.tq.yuxuan.xxljob.task.MyTask#demoJobHandler]-[44]-[xxl-job, JobThread-5-1662599654690] 2022-02-28 21:10:30.200000 market match order, id = strategy0_13, info = ('strategy0_13', 5, None, None), code = rb888.shfe
2022-09-08 09:14:27 [com.tq.yuxuan.xxljob.task.MyTask#demoJobHandler]-[44]-[xxl-job, JobThread-5-1662599654690] 2022-02-28 21:10:53.100000 account insert order, id = strategy0_14, price = 4727.0, direction = ORDER_DIRECTION.SELL, code = rb888.shfe
2022-09-08 09:14:27 [com.tq.yuxuan.xxljob.task.MyTask#demoJobHandler]-[44]-[xxl-job, JobThread-5-1662599654690] 2022-02-28 21:10:53.200000 market receive order, id = strategy0_14, price = 4727.0, direction = ORDER_DIRECTION.SELL, code = rb888.shfe
2022-09-08 09:14:27 [com.tq.yuxuan.xxljob.task.MyTask#demoJobHandler]-[44]-[xxl-job, JobThread-5-1662599654690] 2022-02-28 21:10:54.100000 missing order strategy0_14 @ cancelling...
2022-09-08 09:14:27 [com.tq.yuxuan.xxljob.task.MyTask#demoJobHandler]-[44]-[xxl-job, JobThread-5-1662599654690] 2022-02-28 21:10:54.100000 account cancel order, id = strategy0_14, price = 4727.0, direction = ORDER_DIRECTION.SELL, code = rb888.shfe
2022-09-08 09:14:27 [com.tq.yuxuan.xxljob.task.MyTask#demoJobHandler]-[44]-[xxl-job, JobThread-5-1662599654690] 2022-02-28 21:10:54.100000 market match order, id = strategy0_14, info = ('strategy0_14', 4, 4727.0, 1), code = rb888.shfe
2022-09-08 09:14:27 [com.tq.yuxuan.xxljob.task.MyTask#demoJobHandler]-[44]-[xxl-job, JobThread-5-1662599654690] 2022-02-28 21:11:14.100000 account insert order, id = strategy0_15, price = 4726.0, direction = ORDER_DIRECTION.SELL, code = rb999.shfe
2022-09-08 09:14:27 [com.tq.yuxuan.xxljob.task.MyTask#demoJobHandler]-[44]-[xxl-job, JobThread-5-1662599654690] 2022-02-28 21:11:14.200000 market receive order, id = strategy0_15, price = 4726.0, direction = ORDER_DIRECTION.SELL, code = rb999.shfe
2022-09-08 09:14:27 [com.tq.yuxuan.xxljob.task.MyTask#demoJobHandler]-[44]-[xxl-job, JobThread-5-1662599654690] 2022-02-28 21:11:14.200000 market match order, id = strategy0_15, info = ('strategy0_15', 4, 4726.0, 1), code = rb999.shfe
2022-09-08 09:14:27 [com.tq.yuxuan.xxljob.task.MyTask#demoJobHandler]-[44]-[xxl-job, JobThread-5-1662599654690] 2022-02-28 21:11:57.100000 account insert order, id = strategy1_11, price = 4726.0, direction = ORDER_DIRECTION.SELL, code = rb888.shfe
2022-09-08 09:14:27 [com.tq.yuxuan.xxljob.task.MyTask#demoJobHandler]-[44]-[xxl-job, JobThread-5-1662599654690] 2022-02-28 21:11:57.200000 market receive order, id = strategy1_11, price = 4726.0, direction = ORDER_DIRECTION.SELL, code = rb888.shfe
2022-09-08 09:14:27 [com.tq.yuxuan.xxljob.task.MyTask#demoJobHandler]-[44]-[xxl-job, JobThread-5-1662599654690] 2022-02-28 21:11:58.100000 market match order, id = strategy1_11, info = ('strategy1_11', 4, 4726.0, 1), code = rb888.shfe
2022-09-08 09:14:27 [com.tq.yuxuan.xxljob.task.MyTask#demoJobHandler]-[44]-[xxl-job, JobThread-5-1662599654690] 2022-02-28 21:12:12.100000 account insert order, id = strategy1_12, price = 4727.0, direction = ORDER_DIRECTION.SELL, code = rb999.shfe
2022-09-08 09:14:27 [com.tq.yuxuan.xxljob.task.MyTask#demoJobHandler]-[44]-[xxl-job, JobThread-5-1662599654690] 2022-02-28 21:12:12.200000 market receive order, id = strategy1_12, price = 4727.0, direction = ORDER_DIRECTION.SELL, code = rb999.shfe
2022-09-08 09:14:27 [com.tq.yuxuan.xxljob.task.MyTask#demoJobHandler]-[44]-[xxl-job, JobThread-5-1662599654690] 2022-02-28 21:12:17.100000 account insert order, id = strategy1_13, price = 4726.0, direction = ORDER_DIRECTION.SELL, code = rb888.shfe
2022-09-08 09:14:27 [com.tq.yuxuan.xxljob.task.MyTask#demoJobHandler]-[44]-[xxl-job, JobThread-5-1662599654690] 2022-02-28 21:12:17.100000 account cancel order, id = strategy1_12, price = 4727.0, direction = ORDER_DIRECTION.SELL, code = rb999.shfe
2022-09-08 09:14:27 [com.tq.yuxuan.xxljob.task.MyTask#demoJobHandler]-[44]-[xxl-job, JobThread-5-1662599654690] 2022-02-28 21:12:17.200000 market receive order, id = strategy1_13, price = 4726.0, direction = ORDER_DIRECTION.SELL, code = rb888.shfe
2022-09-08 09:14:27 [com.tq.yuxuan.xxljob.task.MyTask#demoJobHandler]-[44]-[xxl-job, JobThread-5-1662599654690] 2022-02-28 21:12:17.200000 market match order, id = strategy1_12, info = ('strategy1_12', 5, None, None), code = rb999.shfe
2022-09-08 09:14:27 [com.tq.yuxuan.xxljob.task.MyTask#demoJobHandler]-[44]-[xxl-job, JobThread-5-1662599654690] 2022-02-28 21:12:33.100000 account cancel order, id = strategy1_13, price = 4726.0, direction = ORDER_DIRECTION.SELL, code = rb888.shfe
2022-09-08 09:14:27 [com.tq.yuxuan.xxljob.task.MyTask#demoJobHandler]-[44]-[xxl-job, JobThread-5-1662599654690] 2022-02-28 21:12:33.200000 market match order, id = strategy1_13, info = ('strategy1_13', 5, None, None), code = rb888.shfe
2022-09-08 09:14:27 [com.tq.yuxuan.xxljob.task.MyTask#demoJobHandler]-[44]-[xxl-job, JobThread-5-1662599654690] 2022-02-28 21:12:49.100000 account insert order, id = strategy0_16, price = 4724.0, direction = ORDER_DIRECTION.SELL, code = rb888.shfe
2022-09-08 09:14:27 [com.tq.yuxuan.xxljob.task.MyTask#demoJobHandler]-[44]-[xxl-job, JobThread-5-1662599654690] 2022-02-28 21:12:49.200000 market receive order, id = strategy0_16, price = 4724.0, direction = ORDER_DIRECTION.SELL, code = rb888.shfe
2022-09-08 09:14:27 [com.tq.yuxuan.xxljob.task.MyTask#demoJobHandler]-[44]-[xxl-job, JobThread-5-1662599654690] 2022-02-28 21:12:52.100000 account cancel order, id = strategy0_16, price = 4724.0, direction = ORDER_DIRECTION.SELL, code = rb888.shfe
2022-09-08 09:14:27 [com.tq.yuxuan.xxljob.task.MyTask#demoJobHandler]-[44]-[xxl-job, JobThread-5-1662599654690] 2022-02-28 21:12:52.200000 market match order, id = strategy0_16, info = ('strategy0_16', 5, None, None), code = rb888.shfe
2022-09-08 09:14:27 [com.tq.yuxuan.xxljob.task.MyTask#demoJobHandler]-[44]-[xxl-job, JobThread-5-1662599654690] 2022-02-28 21:13:07.100000 account insert order, id = strategy1_14, price = 4721.0, direction = ORDER_DIRECTION.BUY, code = rb999.shfe
2022-09-08 09:14:27 [com.tq.yuxuan.xxljob.task.MyTask#demoJobHandler]-[44]-[xxl-job, JobThread-5-1662599654690] 2022-02-28 21:13:07.200000 market receive order, id = strategy1_14, price = 4721.0, direction = ORDER_DIRECTION.BUY, code = rb999.shfe
2022-09-08 09:14:27 [com.tq.yuxuan.xxljob.task.MyTask#demoJobHandler]-[44]-[xxl-job, JobThread-5-1662599654690] 2022-02-28 21:13:08.100000 account cancel order, id = strategy1_14, price = 4721.0, direction = ORDER_DIRECTION.BUY, code = rb999.shfe
2022-09-08 09:14:27 [com.tq.yuxuan.xxljob.task.MyTask#demoJobHandler]-[44]-[xxl-job, JobThread-5-1662599654690] 2022-02-28 21:13:08.200000 market match order, id = strategy1_14, info = ('strategy1_14', 5, None, None), code = rb999.shfe
2022-09-08 09:14:27 [com.tq.yuxuan.xxljob.task.MyTask#demoJobHandler]-[44]-[xxl-job, JobThread-5-1662599654690] 2022-02-28 21:13:27.100000 account insert order, id = strategy0_17, price = 4724.0, direction = ORDER_DIRECTION.BUY, code = rb888.shfe
2022-09-08 09:14:27 [com.tq.yuxuan.xxljob.task.MyTask#demoJobHandler]-[44]-[xxl-job, JobThread-5-1662599654690] 2022-02-28 21:13:27.200000 market receive order, id = strategy0_17, price = 4724.0, direction = ORDER_DIRECTION.BUY, code = rb888.shfe
2022-09-08 09:14:27 [com.tq.yuxuan.xxljob.task.MyTask#demoJobHandler]-[44]-[xxl-job, JobThread-5-1662599654690] 2022-02-28 21:13:29.100000 missing order strategy0_17 @ cancelling...
2022-09-08 09:14:27 [com.tq.yuxuan.xxljob.task.MyTask#demoJobHandler]-[44]-[xxl-job, JobThread-5-1662599654690] 2022-02-28 21:13:29.100000 account cancel order, id = strategy0_17, price = 4724.0, direction = ORDER_DIRECTION.BUY, code = rb888.shfe
2022-09-08 09:14:27 [com.tq.yuxuan.xxljob.task.MyTask#demoJobHandler]-[44]-[xxl-job, JobThread-5-1662599654690] 2022-02-28 21:13:29.100000 market match order, id = strategy0_17, info = ('strategy0_17', 4, 4724.0, 1), code = rb888.shfe
2022-09-08 09:14:27 [com.tq.yuxuan.xxljob.task.MyTask#demoJobHandler]-[44]-[xxl-job, JobThread-5-1662599654690] 2022-02-28 21:13:57.100000 account insert order, id = strategy1_15, price = 4723.0, direction = ORDER_DIRECTION.BUY, code = rb888.shfe
2022-09-08 09:14:27 [com.tq.yuxuan.xxljob.task.MyTask#demoJobHandler]-[44]-[xxl-job, JobThread-5-1662599654690] 2022-02-28 21:13:57.200000 market receive order, id = strategy1_15, price = 4723.0, direction = ORDER_DIRECTION.BUY, code = rb888.shfe
2022-09-08 09:14:27 [com.tq.yuxuan.xxljob.task.MyTask#demoJobHandler]-[44]-[xxl-job, JobThread-5-1662599654690] 2022-02-28 21:13:58.100000 account cancel order, id = strategy1_15, price = 4723.0, direction = ORDER_DIRECTION.BUY, code = rb888.shfe
2022-09-08 09:14:27 [com.tq.yuxuan.xxljob.task.MyTask#demoJobHandler]-[44]-[xxl-job, JobThread-5-1662599654690] 2022-02-28 21:13:58.200000 market match order, id = strategy1_15, info = ('strategy1_15', 5, None, None), code = rb888.shfe
2022-09-08 09:14:27 [com.tq.yuxuan.xxljob.task.MyTask#demoJobHandler]-[44]-[xxl-job, JobThread-5-1662599654690] 2022-02-28 21:14:13.100000 account insert order, id = strategy1_16, price = 4726.0, direction = ORDER_DIRECTION.SELL, code = rb999.shfe
2022-09-08 09:14:27 [com.tq.yuxuan.xxljob.task.MyTask#demoJobHandler]-[44]-[xxl-job, JobThread-5-1662599654690] 2022-02-28 21:14:13.200000 market receive order, id = strategy1_16, price = 4726.0, direction = ORDER_DIRECTION.SELL, code = rb999.shfe
2022-09-08 09:14:27 [com.tq.yuxuan.xxljob.task.MyTask#demoJobHandler]-[44]-[xxl-job, JobThread-5-1662599654690] 2022-02-28 21:14:18.100000 account cancel order, id = strategy1_16, price = 4726.0, direction = ORDER_DIRECTION.SELL, code = rb999.shfe
2022-09-08 09:14:27 [com.tq.yuxuan.xxljob.task.MyTask#demoJobHandler]-[44]-[xxl-job, JobThread-5-1662599654690] 2022-02-28 21:14:18.200000 market match order, id = strategy1_16, info = ('strategy1_16', 5, None, None), code = rb999.shfe
2022-09-08 09:14:27 [com.tq.yuxuan.xxljob.task.MyTask#demoJobHandler]-[44]-[xxl-job, JobThread-5-1662599654690] 2022-02-28 21:14:32.100000 account insert order, id = strategy1_17, price = 4726.0, direction = ORDER_DIRECTION.SELL, code = rb999.shfe
2022-09-08 09:14:27 [com.tq.yuxuan.xxljob.task.MyTask#demoJobHandler]-[44]-[xxl-job, JobThread-5-1662599654690] 2022-02-28 21:14:32.200000 market receive order, id = strategy1_17, price = 4726.0, direction = ORDER_DIRECTION.SELL, code = rb999.shfe
2022-09-08 09:14:27 [com.tq.yuxuan.xxljob.task.MyTask#demoJobHandler]-[44]-[xxl-job, JobThread-5-1662599654690] 2022-02-28 21:14:32.200000 market match order, id = strategy1_17, info = ('strategy1_17', 4, 4726.0, 1), code = rb999.shfe
2022-09-08 09:14:27 [com.tq.yuxuan.xxljob.task.MyTask#demoJobHandler]-[44]-[xxl-job, JobThread-5-1662599654690] 2022-02-28 21:15:20.100000 account insert order, id = strategy0_18, price = 4727.0, direction = ORDER_DIRECTION.BUY, code = rb888.shfe
2022-09-08 09:14:27 [com.tq.yuxuan.xxljob.task.MyTask#demoJobHandler]-[44]-[xxl-job, JobThread-5-1662599654690] 2022-02-28 21:15:20.200000 market receive order, id = strategy0_18, price = 4727.0, direction = ORDER_DIRECTION.BUY, code = rb888.shfe
2022-09-08 09:14:27 [com.tq.yuxuan.xxljob.task.MyTask#demoJobHandler]-[44]-[xxl-job, JobThread-5-1662599654690] 2022-02-28 21:15:25.100000 account cancel order, id = strategy0_18, price = 4727.0, direction = ORDER_DIRECTION.BUY, code = rb888.shfe
2022-09-08 09:14:27 [com.tq.yuxuan.xxljob.task.MyTask#demoJobHandler]-[44]-[xxl-job, JobThread-5-1662599654690] 2022-02-28 21:15:25.200000 market match order, id = strategy0_18, info = ('strategy0_18', 5, None, None), code = rb888.shfe
2022-09-08 09:14:27 [com.tq.yuxuan.xxljob.task.MyTask#demoJobHandler]-[44]-[xxl-job, JobThread-5-1662599654690] 2022-02-28 21:15:26.100000 account insert order, id = strategy0_19, price = 4728.0, direction = ORDER_DIRECTION.BUY, code = rb888.shfe
2022-09-08 09:14:27 [com.tq.yuxuan.xxljob.task.MyTask#demoJobHandler]-[44]-[xxl-job, JobThread-5-1662599654690] 2022-02-28 21:15:26.200000 market receive order, id = strategy0_19, price = 4728.0, direction = ORDER_DIRECTION.BUY, code = rb888.shfe
2022-09-08 09:14:27 [com.tq.yuxuan.xxljob.task.MyTask#demoJobHandler]-[44]-[xxl-job, JobThread-5-1662599654690] 2022-02-28 21:15:27.100000 account cancel order, id = strategy0_19, price = 4728.0, direction = ORDER_DIRECTION.BUY, code = rb888.shfe
2022-09-08 09:14:27 [com.tq.yuxuan.xxljob.task.MyTask#demoJobHandler]-[44]-[xxl-job, JobThread-5-1662599654690] 2022-02-28 21:15:27.200000 market match order, id = strategy0_19, info = ('strategy0_19', 5, None, None), code = rb888.shfe
2022-09-08 09:14:27 [com.tq.yuxuan.xxljob.task.MyTask#demoJobHandler]-[44]-[xxl-job, JobThread-5-1662599654690] 2022-02-28 21:15:34.100000 account insert order, id = strategy0_20, price = 4727.0, direction = ORDER_DIRECTION.BUY, code = rb888.shfe
2022-09-08 09:14:27 [com.tq.yuxuan.xxljob.task.MyTask#demoJobHandler]-[44]-[xxl-job, JobThread-5-1662599654690] 2022-02-28 21:15:34.200000 market receive order, id = strategy0_20, price = 4727.0, direction = ORDER_DIRECTION.BUY, code = rb888.shfe
2022-09-08 09:14:27 [com.tq.yuxuan.xxljob.task.MyTask#demoJobHandler]-[44]-[xxl-job, JobThread-5-1662599654690] 2022-02-28 21:15:36.100000 account cancel order, id = strategy0_20, price = 4727.0, direction = ORDER_DIRECTION.BUY, code = rb888.shfe
2022-09-08 09:14:27 [com.tq.yuxuan.xxljob.task.MyTask#demoJobHandler]-[44]-[xxl-job, JobThread-5-1662599654690] 2022-02-28 21:15:36.200000 market match order, id = strategy0_20, info = ('strategy0_20', 5, None, None), code = rb888.shfe
2022-09-08 09:14:27 [com.tq.yuxuan.xxljob.task.MyTask#demoJobHandler]-[44]-[xxl-job, JobThread-5-1662599654690] 2022-02-28 21:15:56.100000 account insert order, id = strategy1_18, price = 4732.0, direction = ORDER_DIRECTION.SELL, code = rb888.shfe
2022-09-08 09:14:27 [com.tq.yuxuan.xxljob.task.MyTask#demoJobHandler]-[44]-[xxl-job, JobThread-5-1662599654690] 2022-02-28 21:15:56.200000 market receive order, id = strategy1_18, price = 4732.0, direction = ORDER_DIRECTION.SELL, code = rb888.shfe
2022-09-08 09:14:27 [com.tq.yuxuan.xxljob.task.MyTask#demoJobHandler]-[44]-[xxl-job, JobThread-5-1662599654690] 2022-02-28 21:15:58.100000 market match order, id = strategy1_18, info = ('strategy1_18', 4, 4732.0, 1), code = rb888.shfe
2022-09-08 09:14:27 [com.tq.yuxuan.xxljob.task.MyTask#demoJobHandler]-[44]-[xxl-job, JobThread-5-1662599654690] 2022-02-28 21:16:01.100000 account insert order, id = strategy1_19, price = 4733.0, direction = ORDER_DIRECTION.BUY, code = rb888.shfe
2022-09-08 09:14:27 [com.tq.yuxuan.xxljob.task.MyTask#demoJobHandler]-[44]-[xxl-job, JobThread-5-1662599654690] 2022-02-28 21:16:01.200000 market receive order, id = strategy1_19, price = 4733.0, direction = ORDER_DIRECTION.BUY, code = rb888.shfe
2022-09-08 09:14:27 [com.tq.yuxuan.xxljob.task.MyTask#demoJobHandler]-[44]-[xxl-job, JobThread-5-1662599654690] 2022-02-28 21:16:02.100000 account cancel order, id = strategy1_19, price = 4733.0, direction = ORDER_DIRECTION.BUY, code = rb888.shfe
2022-09-08 09:14:27 [com.tq.yuxuan.xxljob.task.MyTask#demoJobHandler]-[44]-[xxl-job, JobThread-5-1662599654690] 2022-02-28 21:16:02.200000 market match order, id = strategy1_19, info = ('strategy1_19', 5, None, None), code = rb888.shfe
2022-09-08 09:14:27 [com.tq.yuxuan.xxljob.task.MyTask#demoJobHandler]-[44]-[xxl-job, JobThread-5-1662599654690] 2022-02-28 21:16:24.100000 account insert order, id = strategy0_21, price = 4732.0, direction = ORDER_DIRECTION.SELL, code = rb999.shfe
2022-09-08 09:14:27 [com.tq.yuxuan.xxljob.task.MyTask#demoJobHandler]-[44]-[xxl-job, JobThread-5-1662599654690] 2022-02-28 21:16:24.200000 market receive order, id = strategy0_21, price = 4732.0, direction = ORDER_DIRECTION.SELL, code = rb999.shfe
2022-09-08 09:14:27 [com.tq.yuxuan.xxljob.task.MyTask#demoJobHandler]-[44]-[xxl-job, JobThread-5-1662599654690] 2022-02-28 21:16:25.100000 account insert order, id = strategy1_20, price = 4730.0, direction = ORDER_DIRECTION.BUY, code = rb888.shfe
2022-09-08 09:14:27 [com.tq.yuxuan.xxljob.task.MyTask#demoJobHandler]-[44]-[xxl-job, JobThread-5-1662599654690] 2022-02-28 21:16:25.200000 market receive order, id = strategy1_20, price = 4730.0, direction = ORDER_DIRECTION.BUY, code = rb888.shfe
2022-09-08 09:14:27 [com.tq.yuxuan.xxljob.task.MyTask#demoJobHandler]-[44]-[xxl-job, JobThread-5-1662599654690] 2022-02-28 21:16:27.100000 account cancel order, id = strategy0_21, price = 4732.0, direction = ORDER_DIRECTION.SELL, code = rb999.shfe
2022-09-08 09:14:27 [com.tq.yuxuan.xxljob.task.MyTask#demoJobHandler]-[44]-[xxl-job, JobThread-5-1662599654690] 2022-02-28 21:16:27.100000 market match order, id = strategy1_20, info = ('strategy1_20', 4, 4730.0, 1), code = rb888.shfe
2022-09-08 09:14:27 [com.tq.yuxuan.xxljob.task.MyTask#demoJobHandler]-[44]-[xxl-job, JobThread-5-1662599654690] 2022-02-28 21:16:27.200000 market match order, id = strategy0_21, info = ('strategy0_21', 5, None, None), code = rb999.shfe
2022-09-08 09:14:27 [com.tq.yuxuan.xxljob.task.MyTask#demoJobHandler]-[44]-[xxl-job, JobThread-5-1662599654690] 2022-02-28 21:17:16.100000 account insert order, id = strategy0_22, price = 4729.0, direction = ORDER_DIRECTION.BUY, code = rb999.shfe
2022-09-08 09:14:27 [com.tq.yuxuan.xxljob.task.MyTask#demoJobHandler]-[44]-[xxl-job, JobThread-5-1662599654690] 2022-02-28 21:17:16.200000 market receive order, id = strategy0_22, price = 4729.0, direction = ORDER_DIRECTION.BUY, code = rb999.shfe
2022-09-08 09:14:27 [com.tq.yuxuan.xxljob.task.MyTask#demoJobHandler]-[44]-[xxl-job, JobThread-5-1662599654690] 2022-02-28 21:17:17.100000 account cancel order, id = strategy0_22, price = 4729.0, direction = ORDER_DIRECTION.BUY, code = rb999.shfe
2022-09-08 09:14:27 [com.tq.yuxuan.xxljob.task.MyTask#demoJobHandler]-[44]-[xxl-job, JobThread-5-1662599654690] 2022-02-28 21:17:17.200000 market match order, id = strategy0_22, info = ('strategy0_22', 5, None, None), code = rb999.shfe
2022-09-08 09:14:27 [com.tq.yuxuan.xxljob.task.MyTask#demoJobHandler]-[44]-[xxl-job, JobThread-5-1662599654690] 2022-02-28 21:17:19.100000 account insert order, id = strategy1_21, price = 4729.0, direction = ORDER_DIRECTION.BUY, code = rb888.shfe
2022-09-08 09:14:27 [com.tq.yuxuan.xxljob.task.MyTask#demoJobHandler]-[44]-[xxl-job, JobThread-5-1662599654690] 2022-02-28 21:17:19.100000 account insert order, id = strategy1_22, price = 4730.0, direction = ORDER_DIRECTION.SELL, code = rb999.shfe
2022-09-08 09:14:27 [com.tq.yuxuan.xxljob.task.MyTask#demoJobHandler]-[44]-[xxl-job, JobThread-5-1662599654690] 2022-02-28 21:17:19.200000 market receive order, id = strategy1_21, price = 4729.0, direction = ORDER_DIRECTION.BUY, code = rb888.shfe
2022-09-08 09:14:27 [com.tq.yuxuan.xxljob.task.MyTask#demoJobHandler]-[44]-[xxl-job, JobThread-5-1662599654690] 2022-02-28 21:17:19.200000 market receive order, id = strategy1_22, price = 4730.0, direction = ORDER_DIRECTION.SELL, code = rb999.shfe
2022-09-08 09:14:27 [com.tq.yuxuan.xxljob.task.MyTask#demoJobHandler]-[44]-[xxl-job, JobThread-5-1662599654690] 2022-02-28 21:17:19.200000 market match order, id = strategy1_21, info = ('strategy1_21', 4, 4729.0, 1), code = rb888.shfe
2022-09-08 09:14:27 [com.tq.yuxuan.xxljob.task.MyTask#demoJobHandler]-[44]-[xxl-job, JobThread-5-1662599654690] 2022-02-28 21:17:20.100000 account cancel order, id = strategy1_22, price = 4730.0, direction = ORDER_DIRECTION.SELL, code = rb999.shfe
2022-09-08 09:14:27 [com.tq.yuxuan.xxljob.task.MyTask#demoJobHandler]-[44]-[xxl-job, JobThread-5-1662599654690] 2022-02-28 21:17:20.200000 market match order, id = strategy1_22, info = ('strategy1_22', 5, None, None), code = rb999.shfe
2022-09-08 09:14:27 [com.tq.yuxuan.xxljob.task.MyTask#demoJobHandler]-[44]-[xxl-job, JobThread-5-1662599654690] 2022-02-28 21:17:35.100000 account insert order, id = strategy1_23, price = 4728.0, direction = ORDER_DIRECTION.SELL, code = rb999.shfe
2022-09-08 09:14:27 [com.tq.yuxuan.xxljob.task.MyTask#demoJobHandler]-[44]-[xxl-job, JobThread-5-1662599654690] 2022-02-28 21:17:35.200000 market receive order, id = strategy1_23, price = 4728.0, direction = ORDER_DIRECTION.SELL, code = rb999.shfe
2022-09-08 09:14:27 [com.tq.yuxuan.xxljob.task.MyTask#demoJobHandler]-[44]-[xxl-job, JobThread-5-1662599654690] 2022-02-28 21:17:37.100000 missing order strategy1_23 @ cancelling...
2022-09-08 09:14:27 [com.tq.yuxuan.xxljob.task.MyTask#demoJobHandler]-[44]-[xxl-job, JobThread-5-1662599654690] 2022-02-28 21:17:37.100000 account cancel order, id = strategy1_23, price = 4728.0, direction = ORDER_DIRECTION.SELL, code = rb999.shfe
2022-09-08 09:14:27 [com.tq.yuxuan.xxljob.task.MyTask#demoJobHandler]-[44]-[xxl-job, JobThread-5-1662599654690] 2022-02-28 21:17:37.100000 market match order, id = strategy1_23, info = ('strategy1_23', 4, 4729.0, 1), code = rb999.shfe
2022-09-08 09:14:27 [com.tq.yuxuan.xxljob.task.MyTask#demoJobHandler]-[44]-[xxl-job, JobThread-5-1662599654690] 2022-02-28 21:17:39.100000 account insert order, id = strategy1_24, price = 4729.0, direction = ORDER_DIRECTION.BUY, code = rb999.shfe
2022-09-08 09:14:27 [com.tq.yuxuan.xxljob.task.MyTask#demoJobHandler]-[44]-[xxl-job, JobThread-5-1662599654690] 2022-02-28 21:17:39.200000 market receive order, id = strategy1_24, price = 4729.0, direction = ORDER_DIRECTION.BUY, code = rb999.shfe
2022-09-08 09:14:27 [com.tq.yuxuan.xxljob.task.MyTask#demoJobHandler]-[44]-[xxl-job, JobThread-5-1662599654690] 2022-02-28 21:17:40.100000 account cancel order, id = strategy1_24, price = 4729.0, direction = ORDER_DIRECTION.BUY, code = rb999.shfe
2022-09-08 09:14:27 [com.tq.yuxuan.xxljob.task.MyTask#demoJobHandler]-[44]-[xxl-job, JobThread-5-1662599654690] 2022-02-28 21:17:40.200000 market match order, id = strategy1_24, info = ('strategy1_24', 5, None, None), code = rb999.shfe
2022-09-08 09:14:27 [com.tq.yuxuan.xxljob.task.MyTask#demoJobHandler]-[44]-[xxl-job, JobThread-5-1662599654690] 2022-02-28 21:17:59.100000 account insert order, id = strategy1_25, price = 4729.0, direction = ORDER_DIRECTION.BUY, code = rb888.shfe
2022-09-08 09:14:27 [com.tq.yuxuan.xxljob.task.MyTask#demoJobHandler]-[44]-[xxl-job, JobThread-5-1662599654690] 2022-02-28 21:17:59.200000 market receive order, id = strategy1_25, price = 4729.0, direction = ORDER_DIRECTION.BUY, code = rb888.shfe
2022-09-08 09:14:27 [com.tq.yuxuan.xxljob.task.MyTask#demoJobHandler]-[44]-[xxl-job, JobThread-5-1662599654690] 2022-02-28 21:18:00.100000 account cancel order, id = strategy1_25, price = 4729.0, direction = ORDER_DIRECTION.BUY, code = rb888.shfe
2022-09-08 09:14:27 [com.tq.yuxuan.xxljob.task.MyTask#demoJobHandler]-[44]-[xxl-job, JobThread-5-1662599654690] 2022-02-28 21:18:00.200000 market match order, id = strategy1_25, info = ('strategy1_25', 5, None, None), code = rb888.shfe
2022-09-08 09:14:27 [com.tq.yuxuan.xxljob.task.MyTask#demoJobHandler]-[44]-[xxl-job, JobThread-5-1662599654690] 2022-02-28 21:18:17.100000 account insert order, id = strategy1_26, price = 4729.0, direction = ORDER_DIRECTION.BUY, code = rb888.shfe
2022-09-08 09:14:27 [com.tq.yuxuan.xxljob.task.MyTask#demoJobHandler]-[44]-[xxl-job, JobThread-5-1662599654690] 2022-02-28 21:18:17.200000 market receive order, id = strategy1_26, price = 4729.0, direction = ORDER_DIRECTION.BUY, code = rb888.shfe
2022-09-08 09:14:27 [com.tq.yuxuan.xxljob.task.MyTask#demoJobHandler]-[44]-[xxl-job, JobThread-5-1662599654690] 2022-02-28 21:18:20.100000 account cancel order, id = strategy1_26, price = 4729.0, direction = ORDER_DIRECTION.BUY, code = rb888.shfe
2022-09-08 09:14:27 [com.tq.yuxuan.xxljob.task.MyTask#demoJobHandler]-[44]-[xxl-job, JobThread-5-1662599654690] 2022-02-28 21:18:20.200000 market match order, id = strategy1_26, info = ('strategy1_26', 5, None, None), code = rb888.shfe
2022-09-08 09:14:27 [com.tq.yuxuan.xxljob.task.MyTask#demoJobHandler]-[44]-[xxl-job, JobThread-5-1662599654690] 2022-02-28 21:18:56.100000 account insert order, id = strategy1_27, price = 4729.0, direction = ORDER_DIRECTION.BUY, code = rb999.shfe
2022-09-08 09:14:27 [com.tq.yuxuan.xxljob.task.MyTask#demoJobHandler]-[44]-[xxl-job, JobThread-5-1662599654690] 2022-02-28 21:18:56.200000 market receive order, id = strategy1_27, price = 4729.0, direction = ORDER_DIRECTION.BUY, code = rb999.shfe
2022-09-08 09:14:27 [com.tq.yuxuan.xxljob.task.MyTask#demoJobHandler]-[44]-[xxl-job, JobThread-5-1662599654690] 2022-02-28 21:18:57.100000 account cancel order, id = strategy1_27, price = 4729.0, direction = ORDER_DIRECTION.BUY, code = rb999.shfe
2022-09-08 09:14:27 [com.tq.yuxuan.xxljob.task.MyTask#demoJobHandler]-[44]-[xxl-job, JobThread-5-1662599654690] 2022-02-28 21:18:57.200000 market match order, id = strategy1_27, info = ('strategy1_27', 5, None, None), code = rb999.shfe
2022-09-08 09:14:27 [com.tq.yuxuan.xxljob.task.MyTask#demoJobHandler]-[44]-[xxl-job, JobThread-5-1662599654690] 2022-02-28 21:19:02.100000 account insert order, id = strategy0_23, price = 4730.0, direction = ORDER_DIRECTION.BUY, code = rb999.shfe
2022-09-08 09:14:27 [com.tq.yuxuan.xxljob.task.MyTask#demoJobHandler]-[44]-[xxl-job, JobThread-5-1662599654690] 2022-02-28 21:19:02.200000 market receive order, id = strategy0_23, price = 4730.0, direction = ORDER_DIRECTION.BUY, code = rb999.shfe
2022-09-08 09:14:27 [com.tq.yuxuan.xxljob.task.MyTask#demoJobHandler]-[44]-[xxl-job, JobThread-5-1662599654690] 2022-02-28 21:19:02.200000 market match order, id = strategy0_23, info = ('strategy0_23', 4, 4730.0, 1), code = rb999.shfe
2022-09-08 09:14:27 [com.tq.yuxuan.xxljob.task.MyTask#demoJobHandler]-[44]-[xxl-job, JobThread-5-1662599654690] 2022-02-28 21:19:31.100000 account insert order, id = strategy0_24, price = 4730.0, direction = ORDER_DIRECTION.BUY, code = rb999.shfe
2022-09-08 09:14:27 [com.tq.yuxuan.xxljob.task.MyTask#demoJobHandler]-[44]-[xxl-job, JobThread-5-1662599654690] 2022-02-28 21:19:31.200000 market receive order, id = strategy0_24, price = 4730.0, direction = ORDER_DIRECTION.BUY, code = rb999.shfe
2022-09-08 09:14:27 [com.tq.yuxuan.xxljob.task.MyTask#demoJobHandler]-[44]-[xxl-job, JobThread-5-1662599654690] 2022-02-28 21:19:31.200000 market match order, id = strategy0_24, info = ('strategy0_24', 4, 4730.0, 1), code = rb999.shfe
2022-09-08 09:14:27 [com.tq.yuxuan.xxljob.task.MyTask#demoJobHandler]-[44]-[xxl-job, JobThread-5-1662599654690] 2022-02-28 21:19:53.100000 account insert order, id = strategy0_25, price = 4729.0, direction = ORDER_DIRECTION.BUY, code = rb888.shfe
2022-09-08 09:14:27 [com.tq.yuxuan.xxljob.task.MyTask#demoJobHandler]-[44]-[xxl-job, JobThread-5-1662599654690] 2022-02-28 21:19:53.200000 market receive order, id = strategy0_25, price = 4729.0, direction = ORDER_DIRECTION.BUY, code = rb888.shfe
2022-09-08 09:14:27 [com.tq.yuxuan.xxljob.task.MyTask#demoJobHandler]-[44]-[xxl-job, JobThread-5-1662599654690] 2022-02-28 21:19:58.100000 account cancel order, id = strategy0_25, price = 4729.0, direction = ORDER_DIRECTION.BUY, code = rb888.shfe
2022-09-08 09:14:27 [com.tq.yuxuan.xxljob.task.MyTask#demoJobHandler]-[44]-[xxl-job, JobThread-5-1662599654690] 2022-02-28 21:19:58.200000 market match order, id = strategy0_25, info = ('strategy0_25', 5, None, None), code = rb888.shfe
2022-09-08 09:14:27 [com.tq.yuxuan.xxljob.task.MyTask#demoJobHandler]-[44]-[xxl-job, JobThread-5-1662599654690] 2022-02-28 21:20:16.100000 account insert order, id = strategy0_26, price = 4731.0, direction = ORDER_DIRECTION.SELL, code = rb999.shfe
2022-09-08 09:14:27 [com.tq.yuxuan.xxljob.task.MyTask#demoJobHandler]-[44]-[xxl-job, JobThread-5-1662599654690] 2022-02-28 21:20:16.200000 market receive order, id = strategy0_26, price = 4731.0, direction = ORDER_DIRECTION.SELL, code = rb999.shfe
2022-09-08 09:14:27 [com.tq.yuxuan.xxljob.task.MyTask#demoJobHandler]-[44]-[xxl-job, JobThread-5-1662599654690] 2022-02-28 21:20:17.100000 account cancel order, id = strategy0_26, price = 4731.0, direction = ORDER_DIRECTION.SELL, code = rb999.shfe
2022-09-08 09:14:27 [com.tq.yuxuan.xxljob.task.MyTask#demoJobHandler]-[44]-[xxl-job, JobThread-5-1662599654690] 2022-02-28 21:20:17.200000 market match order, id = strategy0_26, info = ('strategy0_26', 5, None, None), code = rb999.shfe
2022-09-08 09:14:27 [com.tq.yuxuan.xxljob.task.MyTask#demoJobHandler]-[44]-[xxl-job, JobThread-5-1662599654690] 2022-02-28 21:20:22.100000 account insert order, id = strategy1_28, price = 4729.0, direction = ORDER_DIRECTION.BUY, code = rb888.shfe
2022-09-08 09:14:27 [com.tq.yuxuan.xxljob.task.MyTask#demoJobHandler]-[44]-[xxl-job, JobThread-5-1662599654690] 2022-02-28 21:20:22.200000 market receive order, id = strategy1_28, price = 4729.0, direction = ORDER_DIRECTION.BUY, code = rb888.shfe
2022-09-08 09:14:27 [com.tq.yuxuan.xxljob.task.MyTask#demoJobHandler]-[44]-[xxl-job, JobThread-5-1662599654690] 2022-02-28 21:20:34.100000 market match order, id = strategy1_28, info = ('strategy1_28', 4, 4729.0, 1), code = rb888.shfe
2022-09-08 09:14:27 [com.tq.yuxuan.xxljob.task.MyTask#demoJobHandler]-[44]-[xxl-job, JobThread-5-1662599654690] 2022-02-28 21:21:01.100000 account insert order, id = strategy1_29, price = 4725.0, direction = ORDER_DIRECTION.BUY, code = rb999.shfe
2022-09-08 09:14:27 [com.tq.yuxuan.xxljob.task.MyTask#demoJobHandler]-[44]-[xxl-job, JobThread-5-1662599654690] 2022-02-28 21:21:01.200000 market receive order, id = strategy1_29, price = 4725.0, direction = ORDER_DIRECTION.BUY, code = rb999.shfe
2022-09-08 09:14:27 [com.tq.yuxuan.xxljob.task.MyTask#demoJobHandler]-[44]-[xxl-job, JobThread-5-1662599654690] 2022-02-28 21:21:02.100000 account cancel order, id = strategy1_29, price = 4725.0, direction = ORDER_DIRECTION.BUY, code = rb999.shfe
2022-09-08 09:14:27 [com.tq.yuxuan.xxljob.task.MyTask#demoJobHandler]-[44]-[xxl-job, JobThread-5-1662599654690] 2022-02-28 21:21:02.200000 market match order, id = strategy1_29, info = ('strategy1_29', 5, None, None), code = rb999.shfe
2022-09-08 09:14:27 [com.tq.yuxuan.xxljob.task.MyTask#demoJobHandler]-[44]-[xxl-job, JobThread-5-1662599654690] 2022-02-28 21:21:51.100000 account insert order, id = strategy0_27, price = 4730.0, direction = ORDER_DIRECTION.BUY, code = rb999.shfe
2022-09-08 09:14:27 [com.tq.yuxuan.xxljob.task.MyTask#demoJobHandler]-[44]-[xxl-job, JobThread-5-1662599654690] 2022-02-28 21:21:51.200000 market receive order, id = strategy0_27, price = 4730.0, direction = ORDER_DIRECTION.BUY, code = rb999.shfe
2022-09-08 09:14:27 [com.tq.yuxuan.xxljob.task.MyTask#demoJobHandler]-[44]-[xxl-job, JobThread-5-1662599654690] 2022-02-28 21:21:52.100000 account cancel order, id = strategy0_27, price = 4730.0, direction = ORDER_DIRECTION.BUY, code = rb999.shfe
2022-09-08 09:14:27 [com.tq.yuxuan.xxljob.task.MyTask#demoJobHandler]-[44]-[xxl-job, JobThread-5-1662599654690] 2022-02-28 21:21:52.200000 market match order, id = strategy0_27, info = ('strategy0_27', 5, None, None), code = rb999.shfe
2022-09-08 09:14:27 [com.tq.yuxuan.xxljob.task.MyTask#demoJobHandler]-[44]-[xxl-job, JobThread-5-1662599654690] 2022-02-28 21:22:37.100000 account insert order, id = strategy0_28, price = 4731.0, direction = ORDER_DIRECTION.BUY, code = rb999.shfe
2022-09-08 09:14:27 [com.tq.yuxuan.xxljob.task.MyTask#demoJobHandler]-[44]-[xxl-job, JobThread-5-1662599654690] 2022-02-28 21:22:37.200000 market receive order, id = strategy0_28, price = 4731.0, direction = ORDER_DIRECTION.BUY, code = rb999.shfe
2022-09-08 09:14:27 [com.tq.yuxuan.xxljob.task.MyTask#demoJobHandler]-[44]-[xxl-job, JobThread-5-1662599654690] 2022-02-28 21:22:39.100000 account cancel order, id = strategy0_28, price = 4731.0, direction = ORDER_DIRECTION.BUY, code = rb999.shfe
2022-09-08 09:14:27 [com.tq.yuxuan.xxljob.task.MyTask#demoJobHandler]-[44]-[xxl-job, JobThread-5-1662599654690] 2022-02-28 21:22:39.200000 market match order, id = strategy0_28, info = ('strategy0_28', 5, None, None), code = rb999.shfe
2022-09-08 09:14:27 [com.tq.yuxuan.xxljob.task.MyTask#demoJobHandler]-[44]-[xxl-job, JobThread-5-1662599654690] 2022-02-28 21:23:24.100000 account insert order, id = strategy1_30, price = 4731.0, direction = ORDER_DIRECTION.BUY, code = rb888.shfe
2022-09-08 09:14:27 [com.tq.yuxuan.xxljob.task.MyTask#demoJobHandler]-[44]-[xxl-job, JobThread-5-1662599654690] 2022-02-28 21:23:24.200000 market receive order, id = strategy1_30, price = 4731.0, direction = ORDER_DIRECTION.BUY, code = rb888.shfe
2022-09-08 09:14:27 [com.tq.yuxuan.xxljob.task.MyTask#demoJobHandler]-[44]-[xxl-job, JobThread-5-1662599654690] 2022-02-28 21:23:26.100000 market match order, id = strategy1_30, info = ('strategy1_30', 4, 4731.0, 1), code = rb888.shfe
2022-09-08 09:14:27 [com.tq.yuxuan.xxljob.task.MyTask#demoJobHandler]-[44]-[xxl-job, JobThread-5-1662599654690] 2022-02-28 21:24:05.100000 account insert order, id = strategy0_29, price = 4734.0, direction = ORDER_DIRECTION.SELL, code = rb999.shfe
2022-09-08 09:14:27 [com.tq.yuxuan.xxljob.task.MyTask#demoJobHandler]-[44]-[xxl-job, JobThread-5-1662599654690] 2022-02-28 21:24:05.200000 market receive order, id = strategy0_29, price = 4734.0, direction = ORDER_DIRECTION.SELL, code = rb999.shfe
2022-09-08 09:14:27 [com.tq.yuxuan.xxljob.task.MyTask#demoJobHandler]-[44]-[xxl-job, JobThread-5-1662599654690] 2022-02-28 21:24:08.100000 account cancel order, id = strategy0_29, price = 4734.0, direction = ORDER_DIRECTION.SELL, code = rb999.shfe
2022-09-08 09:14:27 [com.tq.yuxuan.xxljob.task.MyTask#demoJobHandler]-[44]-[xxl-job, JobThread-5-1662599654690] 2022-02-28 21:24:08.200000 market match order, id = strategy0_29, info = ('strategy0_29', 5, None, None), code = rb999.shfe
2022-09-08 09:14:27 [com.tq.yuxuan.xxljob.task.MyTask#demoJobHandler]-[44]-[xxl-job, JobThread-5-1662599654690] 2022-02-28 21:24:15.100000 account insert order, id = strategy1_31, price = 4733.0, direction = ORDER_DIRECTION.SELL, code = rb888.shfe
2022-09-08 09:14:27 [com.tq.yuxuan.xxljob.task.MyTask#demoJobHandler]-[44]-[xxl-job, JobThread-5-1662599654690] 2022-02-28 21:24:15.200000 market receive order, id = strategy1_31, price = 4733.0, direction = ORDER_DIRECTION.SELL, code = rb888.shfe
2022-09-08 09:14:27 [com.tq.yuxuan.xxljob.task.MyTask#demoJobHandler]-[44]-[xxl-job, JobThread-5-1662599654690] 2022-02-28 21:24:16.100000 account cancel order, id = strategy1_31, price = 4733.0, direction = ORDER_DIRECTION.SELL, code = rb888.shfe
2022-09-08 09:14:27 [com.tq.yuxuan.xxljob.task.MyTask#demoJobHandler]-[44]-[xxl-job, JobThread-5-1662599654690] 2022-02-28 21:24:16.200000 market match order, id = strategy1_31, info = ('strategy1_31', 5, None, None), code = rb888.shfe
2022-09-08 09:14:27 [com.tq.yuxuan.xxljob.task.MyTask#demoJobHandler]-[44]-[xxl-job, JobThread-5-1662599654690] 2022-02-28 21:24:55.100000 account insert order, id = strategy0_30, price = 4731.0, direction = ORDER_DIRECTION.BUY, code = rb888.shfe
2022-09-08 09:14:27 [com.tq.yuxuan.xxljob.task.MyTask#demoJobHandler]-[44]-[xxl-job, JobThread-5-1662599654690] 2022-02-28 21:24:55.200000 market receive order, id = strategy0_30, price = 4731.0, direction = ORDER_DIRECTION.BUY, code = rb888.shfe
2022-09-08 09:14:27 [com.tq.yuxuan.xxljob.task.MyTask#demoJobHandler]-[44]-[xxl-job, JobThread-5-1662599654690] 2022-02-28 21:24:56.100000 account insert order, id = strategy1_32, price = 4731.0, direction = ORDER_DIRECTION.BUY, code = rb888.shfe
2022-09-08 09:14:27 [com.tq.yuxuan.xxljob.task.MyTask#demoJobHandler]-[44]-[xxl-job, JobThread-5-1662599654690] 2022-02-28 21:24:56.100000 account cancel order, id = strategy0_30, price = 4731.0, direction = ORDER_DIRECTION.BUY, code = rb888.shfe
2022-09-08 09:14:27 [com.tq.yuxuan.xxljob.task.MyTask#demoJobHandler]-[44]-[xxl-job, JobThread-5-1662599654690] 2022-02-28 21:24:56.200000 market receive order, id = strategy1_32, price = 4731.0, direction = ORDER_DIRECTION.BUY, code = rb888.shfe
2022-09-08 09:14:27 [com.tq.yuxuan.xxljob.task.MyTask#demoJobHandler]-[44]-[xxl-job, JobThread-5-1662599654690] 2022-02-28 21:24:56.200000 market match order, id = strategy0_30, info = ('strategy0_30', 5, None, None), code = rb888.shfe
2022-09-08 09:14:27 [com.tq.yuxuan.xxljob.task.MyTask#demoJobHandler]-[44]-[xxl-job, JobThread-5-1662599654690] 2022-02-28 21:24:59.100000 account cancel order, id = strategy1_32, price = 4731.0, direction = ORDER_DIRECTION.BUY, code = rb888.shfe
2022-09-08 09:14:27 [com.tq.yuxuan.xxljob.task.MyTask#demoJobHandler]-[44]-[xxl-job, JobThread-5-1662599654690] 2022-02-28 21:24:59.200000 market match order, id = strategy1_32, info = ('strategy1_32', 5, None, None), code = rb888.shfe
2022-09-08 09:14:27 [com.tq.yuxuan.xxljob.task.MyTask#demoJobHandler]-[44]-[xxl-job, JobThread-5-1662599654690] 2022-02-28 21:25:21.100000 account insert order, id = strategy1_33, price = 4730.0, direction = ORDER_DIRECTION.BUY, code = rb999.shfe
2022-09-08 09:14:27 [com.tq.yuxuan.xxljob.task.MyTask#demoJobHandler]-[44]-[xxl-job, JobThread-5-1662599654690] 2022-02-28 21:25:21.200000 market receive order, id = strategy1_33, price = 4730.0, direction = ORDER_DIRECTION.BUY, code = rb999.shfe
2022-09-08 09:14:27 [com.tq.yuxuan.xxljob.task.MyTask#demoJobHandler]-[44]-[xxl-job, JobThread-5-1662599654690] 2022-02-28 21:25:24.100000 account cancel order, id = strategy1_33, price = 4730.0, direction = ORDER_DIRECTION.BUY, code = rb999.shfe
2022-09-08 09:14:27 [com.tq.yuxuan.xxljob.task.MyTask#demoJobHandler]-[44]-[xxl-job, JobThread-5-1662599654690] 2022-02-28 21:25:24.200000 market match order, id = strategy1_33, info = ('strategy1_33', 5, None, None), code = rb999.shfe
2022-09-08 09:14:27 [com.tq.yuxuan.xxljob.task.MyTask#demoJobHandler]-[44]-[xxl-job, JobThread-5-1662599654690] 2022-02-28 21:25:57.100000 account insert order, id = strategy1_34, price = 4729.0, direction = ORDER_DIRECTION.SELL, code = rb999.shfe
2022-09-08 09:14:27 [com.tq.yuxuan.xxljob.task.MyTask#demoJobHandler]-[44]-[xxl-job, JobThread-5-1662599654690] 2022-02-28 21:25:57.200000 market receive order, id = strategy1_34, price = 4729.0, direction = ORDER_DIRECTION.SELL, code = rb999.shfe
2022-09-08 09:14:27 [com.tq.yuxuan.xxljob.task.MyTask#demoJobHandler]-[44]-[xxl-job, JobThread-5-1662599654690] 2022-02-28 21:25:57.200000 market match order, id = strategy1_34, info = ('strategy1_34', 4, 4729.0, 1), code = rb999.shfe
2022-09-08 09:14:27 [com.tq.yuxuan.xxljob.task.MyTask#demoJobHandler]-[44]-[xxl-job, JobThread-5-1662599654690] 2022-02-28 21:26:05.100000 account insert order, id = strategy0_31, price = 4730.0, direction = ORDER_DIRECTION.SELL, code = rb999.shfe
2022-09-08 09:14:27 [com.tq.yuxuan.xxljob.task.MyTask#demoJobHandler]-[44]-[xxl-job, JobThread-5-1662599654690] 2022-02-28 21:26:05.200000 market receive order, id = strategy0_31, price = 4730.0, direction = ORDER_DIRECTION.SELL, code = rb999.shfe
2022-09-08 09:14:27 [com.tq.yuxuan.xxljob.task.MyTask#demoJobHandler]-[44]-[xxl-job, JobThread-5-1662599654690] 2022-02-28 21:26:07.100000 account cancel order, id = strategy0_31, price = 4730.0, direction = ORDER_DIRECTION.SELL, code = rb999.shfe
2022-09-08 09:14:27 [com.tq.yuxuan.xxljob.task.MyTask#demoJobHandler]-[44]-[xxl-job, JobThread-5-1662599654690] 2022-02-28 21:26:07.200000 market match order, id = strategy0_31, info = ('strategy0_31', 5, None, None), code = rb999.shfe
2022-09-08 09:14:27 [com.tq.yuxuan.xxljob.task.MyTask#demoJobHandler]-[44]-[xxl-job, JobThread-5-1662599654690] 2022-02-28 21:26:31.100000 account insert order, id = strategy1_35, price = 4726.0, direction = ORDER_DIRECTION.SELL, code = rb888.shfe
2022-09-08 09:14:27 [com.tq.yuxuan.xxljob.task.MyTask#demoJobHandler]-[44]-[xxl-job, JobThread-5-1662599654690] 2022-02-28 21:26:31.200000 market receive order, id = strategy1_35, price = 4726.0, direction = ORDER_DIRECTION.SELL, code = rb888.shfe
2022-09-08 09:14:27 [com.tq.yuxuan.xxljob.task.MyTask#demoJobHandler]-[44]-[xxl-job, JobThread-5-1662599654690] 2022-02-28 21:26:35.100000 account cancel order, id = strategy1_35, price = 4726.0, direction = ORDER_DIRECTION.SELL, code = rb888.shfe
2022-09-08 09:14:27 [com.tq.yuxuan.xxljob.task.MyTask#demoJobHandler]-[44]-[xxl-job, JobThread-5-1662599654690] 2022-02-28 21:26:35.200000 market match order, id = strategy1_35, info = ('strategy1_35', 5, None, None), code = rb888.shfe
2022-09-08 09:14:27 [com.tq.yuxuan.xxljob.task.MyTask#demoJobHandler]-[44]-[xxl-job, JobThread-5-1662599654690] 2022-02-28 21:26:52.100000 account insert order, id = strategy1_36, price = 4727.0, direction = ORDER_DIRECTION.BUY, code = rb888.shfe
2022-09-08 09:14:27 [com.tq.yuxuan.xxljob.task.MyTask#demoJobHandler]-[44]-[xxl-job, JobThread-5-1662599654690] 2022-02-28 21:26:52.200000 market receive order, id = strategy1_36, price = 4727.0, direction = ORDER_DIRECTION.BUY, code = rb888.shfe
2022-09-08 09:14:27 [com.tq.yuxuan.xxljob.task.MyTask#demoJobHandler]-[44]-[xxl-job, JobThread-5-1662599654690] 2022-02-28 21:26:55.100000 account cancel order, id = strategy1_36, price = 4727.0, direction = ORDER_DIRECTION.BUY, code = rb888.shfe
2022-09-08 09:14:27 [com.tq.yuxuan.xxljob.task.MyTask#demoJobHandler]-[44]-[xxl-job, JobThread-5-1662599654690] 2022-02-28 21:26:55.200000 market match order, id = strategy1_36, info = ('strategy1_36', 5, None, None), code = rb888.shfe
2022-09-08 09:14:27 [com.tq.yuxuan.xxljob.task.MyTask#demoJobHandler]-[44]-[xxl-job, JobThread-5-1662599654690] 2022-02-28 21:26:59.100000 account insert order, id = strategy0_32, price = 4727.0, direction = ORDER_DIRECTION.SELL, code = rb888.shfe
2022-09-08 09:14:27 [com.tq.yuxuan.xxljob.task.MyTask#demoJobHandler]-[44]-[xxl-job, JobThread-5-1662599654690] 2022-02-28 21:26:59.200000 market receive order, id = strategy0_32, price = 4727.0, direction = ORDER_DIRECTION.SELL, code = rb888.shfe
2022-09-08 09:14:27 [com.tq.yuxuan.xxljob.task.MyTask#demoJobHandler]-[44]-[xxl-job, JobThread-5-1662599654690] 2022-02-28 21:27:00.100000 market match order, id = strategy0_32, info = ('strategy0_32', 4, 4727.0, 1), code = rb888.shfe
2022-09-08 09:14:27 [com.tq.yuxuan.xxljob.task.MyTask#demoJobHandler]-[44]-[xxl-job, JobThread-5-1662599654690] 2022-02-28 21:27:07.100000 account insert order, id = strategy1_37, price = 4729.0, direction = ORDER_DIRECTION.SELL, code = rb999.shfe
2022-09-08 09:14:27 [com.tq.yuxuan.xxljob.task.MyTask#demoJobHandler]-[44]-[xxl-job, JobThread-5-1662599654690] 2022-02-28 21:27:07.200000 market receive order, id = strategy1_37, price = 4729.0, direction = ORDER_DIRECTION.SELL, code = rb999.shfe
2022-09-08 09:14:27 [com.tq.yuxuan.xxljob.task.MyTask#demoJobHandler]-[44]-[xxl-job, JobThread-5-1662599654690] 2022-02-28 21:27:16.100000 account cancel order, id = strategy1_37, price = 4729.0, direction = ORDER_DIRECTION.SELL, code = rb999.shfe
2022-09-08 09:14:27 [com.tq.yuxuan.xxljob.task.MyTask#demoJobHandler]-[44]-[xxl-job, JobThread-5-1662599654690] 2022-02-28 21:27:16.200000 market match order, id = strategy1_37, info = ('strategy1_37', 5, None, None), code = rb999.shfe
2022-09-08 09:14:27 [com.tq.yuxuan.xxljob.task.MyTask#demoJobHandler]-[44]-[xxl-job, JobThread-5-1662599654690] 2022-02-28 21:27:19.100000 account insert order, id = strategy0_33, price = 4726.0, direction = ORDER_DIRECTION.BUY, code = rb888.shfe
2022-09-08 09:14:27 [com.tq.yuxuan.xxljob.task.MyTask#demoJobHandler]-[44]-[xxl-job, JobThread-5-1662599654690] 2022-02-28 21:27:19.200000 market receive order, id = strategy0_33, price = 4726.0, direction = ORDER_DIRECTION.BUY, code = rb888.shfe
2022-09-08 09:14:27 [com.tq.yuxuan.xxljob.task.MyTask#demoJobHandler]-[44]-[xxl-job, JobThread-5-1662599654690] 2022-02-28 21:27:21.100000 account cancel order, id = strategy0_33, price = 4726.0, direction = ORDER_DIRECTION.BUY, code = rb888.shfe
2022-09-08 09:14:27 [com.tq.yuxuan.xxljob.task.MyTask#demoJobHandler]-[44]-[xxl-job, JobThread-5-1662599654690] 2022-02-28 21:27:21.200000 market match order, id = strategy0_33, info = ('strategy0_33', 5, None, None), code = rb888.shfe
2022-09-08 09:14:27 [com.tq.yuxuan.xxljob.task.MyTask#demoJobHandler]-[44]-[xxl-job, JobThread-5-1662599654690] 2022-02-28 21:27:48.100000 account insert order, id = strategy1_38, price = 4728.0, direction = ORDER_DIRECTION.SELL, code = rb999.shfe
2022-09-08 09:14:27 [com.tq.yuxuan.xxljob.task.MyTask#demoJobHandler]-[44]-[xxl-job, JobThread-5-1662599654690] 2022-02-28 21:27:48.200000 market receive order, id = strategy1_38, price = 4728.0, direction = ORDER_DIRECTION.SELL, code = rb999.shfe
2022-09-08 09:14:27 [com.tq.yuxuan.xxljob.task.MyTask#demoJobHandler]-[44]-[xxl-job, JobThread-5-1662599654690] 2022-02-28 21:27:49.100000 market match order, id = strategy1_38, info = ('strategy1_38', 4, 4728.0, 1), code = rb999.shfe
2022-09-08 09:14:27 [com.tq.yuxuan.xxljob.task.MyTask#demoJobHandler]-[44]-[xxl-job, JobThread-5-1662599654690] 2022-02-28 21:27:52.100000 account insert order, id = strategy1_39, price = 4728.0, direction = ORDER_DIRECTION.BUY, code = rb888.shfe
2022-09-08 09:14:27 [com.tq.yuxuan.xxljob.task.MyTask#demoJobHandler]-[44]-[xxl-job, JobThread-5-1662599654690] 2022-02-28 21:27:52.200000 market receive order, id = strategy1_39, price = 4728.0, direction = ORDER_DIRECTION.BUY, code = rb888.shfe
2022-09-08 09:14:27 [com.tq.yuxuan.xxljob.task.MyTask#demoJobHandler]-[44]-[xxl-job, JobThread-5-1662599654690] 2022-02-28 21:27:52.200000 market match order, id = strategy1_39, info = ('strategy1_39', 4, 4728.0, 1), code = rb888.shfe
2022-09-08 09:14:27 [com.tq.yuxuan.xxljob.task.MyTask#demoJobHandler]-[44]-[xxl-job, JobThread-5-1662599654690] 2022-02-28 21:28:24.100000 account insert order, id = strategy0_34, price = 4726.0, direction = ORDER_DIRECTION.BUY, code = rb888.shfe
2022-09-08 09:14:27 [com.tq.yuxuan.xxljob.task.MyTask#demoJobHandler]-[44]-[xxl-job, JobThread-5-1662599654690] 2022-02-28 21:28:24.200000 market receive order, id = strategy0_34, price = 4726.0, direction = ORDER_DIRECTION.BUY, code = rb888.shfe
2022-09-08 09:14:27 [com.tq.yuxuan.xxljob.task.MyTask#demoJobHandler]-[44]-[xxl-job, JobThread-5-1662599654690] 2022-02-28 21:28:25.100000 account cancel order, id = strategy0_34, price = 4726.0, direction = ORDER_DIRECTION.BUY, code = rb888.shfe
2022-09-08 09:14:27 [com.tq.yuxuan.xxljob.task.MyTask#demoJobHandler]-[44]-[xxl-job, JobThread-5-1662599654690] 2022-02-28 21:28:25.200000 market match order, id = strategy0_34, info = ('strategy0_34', 5, None, None), code = rb888.shfe
2022-09-08 09:14:27 [com.tq.yuxuan.xxljob.task.MyTask#demoJobHandler]-[44]-[xxl-job, JobThread-5-1662599654690] 2022-02-28 21:28:32.100000 account insert order, id = strategy1_40, price = 4726.0, direction = ORDER_DIRECTION.BUY, code = rb999.shfe
2022-09-08 09:14:27 [com.tq.yuxuan.xxljob.task.MyTask#demoJobHandler]-[44]-[xxl-job, JobThread-5-1662599654690] 2022-02-28 21:28:32.200000 market receive order, id = strategy1_40, price = 4726.0, direction = ORDER_DIRECTION.BUY, code = rb999.shfe
2022-09-08 09:14:27 [com.tq.yuxuan.xxljob.task.MyTask#demoJobHandler]-[44]-[xxl-job, JobThread-5-1662599654690] 2022-02-28 21:28:35.100000 account insert order, id = strategy1_41, price = 4727.0, direction = ORDER_DIRECTION.SELL, code = rb999.shfe
2022-09-08 09:14:27 [com.tq.yuxuan.xxljob.task.MyTask#demoJobHandler]-[44]-[xxl-job, JobThread-5-1662599654690] 2022-02-28 21:28:35.200000 market receive order, id = strategy1_41, price = 4727.0, direction = ORDER_DIRECTION.SELL, code = rb999.shfe
2022-09-08 09:14:27 [com.tq.yuxuan.xxljob.task.MyTask#demoJobHandler]-[44]-[xxl-job, JobThread-5-1662599654690] 2022-02-28 21:28:36.100000 account cancel order, id = strategy1_41, price = 4727.0, direction = ORDER_DIRECTION.SELL, code = rb999.shfe
2022-09-08 09:14:27 [com.tq.yuxuan.xxljob.task.MyTask#demoJobHandler]-[44]-[xxl-job, JobThread-5-1662599654690] 2022-02-28 21:28:36.200000 market match order, id = strategy1_41, info = ('strategy1_41', 5, None, None), code = rb999.shfe
2022-09-08 09:14:27 [com.tq.yuxuan.xxljob.task.MyTask#demoJobHandler]-[44]-[xxl-job, JobThread-5-1662599654690] 2022-02-28 21:28:37.100000 account insert order, id = strategy0_35, price = 4725.0, direction = ORDER_DIRECTION.BUY, code = rb999.shfe
2022-09-08 09:14:27 [com.tq.yuxuan.xxljob.task.MyTask#demoJobHandler]-[44]-[xxl-job, JobThread-5-1662599654690] 2022-02-28 21:28:37.200000 market receive order, id = strategy0_35, price = 4725.0, direction = ORDER_DIRECTION.BUY, code = rb999.shfe
2022-09-08 09:14:27 [com.tq.yuxuan.xxljob.task.MyTask#demoJobHandler]-[44]-[xxl-job, JobThread-5-1662599654690] 2022-02-28 21:28:38.100000 account cancel order, id = strategy0_35, price = 4725.0, direction = ORDER_DIRECTION.BUY, code = rb999.shfe
2022-09-08 09:14:27 [com.tq.yuxuan.xxljob.task.MyTask#demoJobHandler]-[44]-[xxl-job, JobThread-5-1662599654690] 2022-02-28 21:28:38.200000 market match order, id = strategy0_35, info = ('strategy0_35', 5, None, None), code = rb999.shfe
2022-09-08 09:14:27 [com.tq.yuxuan.xxljob.task.MyTask#demoJobHandler]-[44]-[xxl-job, JobThread-5-1662599654690] 2022-02-28 21:28:39.100000 account cancel order, id = strategy1_40, price = 4726.0, direction = ORDER_DIRECTION.BUY, code = rb999.shfe
2022-09-08 09:14:27 [com.tq.yuxuan.xxljob.task.MyTask#demoJobHandler]-[44]-[xxl-job, JobThread-5-1662599654690] 2022-02-28 21:28:39.200000 market match order, id = strategy1_40, info = ('strategy1_40', 5, None, None), code = rb999.shfe
2022-09-08 09:14:27 [com.tq.yuxuan.xxljob.task.MyTask#demoJobHandler]-[44]-[xxl-job, JobThread-5-1662599654690] strategy0 {'rb888.shfe': [('strategy0_1', 5, None, None), ('strategy0_2', 4, 4724.0, 1), ('strategy0_4', 5, None, None), ('strategy0_5', 5, None, None), ('strategy0_6', 5, None, None), ('strategy0_11', 5, None, None), ('strategy0_12', 4, 4724.0, 1), ('strategy0_13', 5, None, None), ('strategy0_14', 4, 4727.0, 1), ('strategy0_16', 5, None, None), ('strategy0_17', 4, 4724.0, 1), ('strategy0_18', 5, None, None), ('strategy0_19', 5, None, None), ('strategy0_20', 5, None, None), ('strategy0_25', 5, None, None), ('strategy0_30', 5, None, None), ('strategy0_32', 4, 4727.0, 1), ('strategy0_33', 5, None, None), ('strategy0_34', 5, None, None)], 'rb999.shfe': [('strategy0_0', 5, None, None), ('strategy0_3', 4, 4724.0, 1), ('strategy0_7', 4, 4728.0, 1), ('strategy0_8', 5, None, None), ('strategy0_9', 4, 4723.0, 1), ('strategy0_10', 4, 4722.0, 1), ('strategy0_15', 4, 4726.0, 1), ('strategy0_21', 5, None, None), ('strategy0_22', 5, None, None), ('strategy0_23', 4, 4730.0, 1), ('strategy0_24', 4, 4730.0, 1), ('strategy0_26', 5, None, None), ('strategy0_27', 5, None, None), ('strategy0_28', 5, None, None), ('strategy0_29', 5, None, None), ('strategy0_31', 5, None, None), ('strategy0_35', 5, None, None)]}
2022-09-08 09:14:27 [com.tq.yuxuan.xxljob.task.MyTask#demoJobHandler]-[44]-[xxl-job, JobThread-5-1662599654690] strategy1 {'rb888.shfe': [('strategy1_0', 4, 4716.0, 1), ('strategy1_1', 4, 4725.0, 1), ('strategy1_2', 4, 4727.0, 1), ('strategy1_3', 4, 4729.0, 1), ('strategy1_10', 5, None, None), ('strategy1_11', 4, 4726.0, 1), ('strategy1_13', 5, None, None), ('strategy1_15', 5, None, None), ('strategy1_18', 4, 4732.0, 1), ('strategy1_19', 5, None, None), ('strategy1_20', 4, 4730.0, 1), ('strategy1_21', 4, 4729.0, 1), ('strategy1_25', 5, None, None), ('strategy1_26', 5, None, None), ('strategy1_28', 4, 4729.0, 1), ('strategy1_30', 4, 4731.0, 1), ('strategy1_31', 5, None, None), ('strategy1_32', 5, None, None), ('strategy1_35', 5, None, None), ('strategy1_36', 5, None, None), ('strategy1_39', 4, 4728.0, 1)], 'rb999.shfe': [('strategy1_4', 5, None, None), ('strategy1_5', 5, None, None), ('strategy1_6', 5, None, None), ('strategy1_7', 4, 4721.0, 1), ('strategy1_8', 5, None, None), ('strategy1_9', 5, None, None), ('strategy1_12', 5, None, None), ('strategy1_14', 5, None, None), ('strategy1_16', 5, None, None), ('strategy1_17', 4, 4726.0, 1), ('strategy1_22', 5, None, None), ('strategy1_23', 4, 4729.0, 1), ('strategy1_24', 5, None, None), ('strategy1_27', 5, None, None), ('strategy1_29', 5, None, None), ('strategy1_33', 5, None, None), ('strategy1_34', 4, 4729.0, 1), ('strategy1_37', 5, None, None), ('strategy1_38', 4, 4728.0, 1), ('strategy1_41', 5, None, None), ('strategy1_40', 5, None, None)]}
2022-09-08 09:14:28 [com.tq.yuxuan.xxljob.task.MyTask#demoJobHandler]-[54]-[xxl-job, JobThread-5-1662599654690] TransQuant tick回测任务完成.
2022-09-08 09:14:28 [com.xxl.job.core.thread.JobThread#run]-[179]-[xxl-job, JobThread-5-1662599654690] <br>----------- xxl-job job execute end(finish) -----------<br>----------- Result: handleCode=200, handleMsg = null
2022-09-08 09:14:28 [com.xxl.job.core.thread.TriggerCallbackThread#callbackLog]-[197]-[xxl-job, executor TriggerCallbackThread] <br>----------- xxl-job job callback finish.
