2022-09-08 09:14:14 [com.xxl.job.core.thread.JobThread#run]-[133]-[xxl-job, JobThread-5-1662599654818] <br>----------- xxl-job job execute start -----------<br>----------- Param:
2022-09-08 09:14:14 [com.tq.yuxuan.xxljob.task.MyTask#demoJobHandler]-[29]-[xxl-job, JobThread-5-1662599654818] TransQuant tick回测任务启动.
2022-09-08 09:14:14 [com.tq.yuxuan.xxljob.task.MyTask#demoJobHandler]-[35]-[xxl-job, JobThread-5-1662599654818] 分片参数：当前分片序号 = 1, 总分片数 = 2
2022-09-08 09:14:27 [com.tq.yuxuan.xxljob.task.MyTask#demoJobHandler]-[44]-[xxl-job, JobThread-5-1662599654818] inserting match-info timestep events...
2022-09-08 09:14:27 [com.tq.yuxuan.xxljob.task.MyTask#demoJobHandler]-[44]-[xxl-job, JobThread-5-1662599654818] inserting market timestep events...
2022-09-08 09:14:27 [com.tq.yuxuan.xxljob.task.MyTask#demoJobHandler]-[44]-[xxl-job, JobThread-5-1662599654818] inserting match-info timestep events...
2022-09-08 09:14:27 [com.tq.yuxuan.xxljob.task.MyTask#demoJobHandler]-[44]-[xxl-job, JobThread-5-1662599654818] 2022-02-28 21:00:04.100000 account insert order, id = strategy0_0, price = 4716.0, direction = ORDER_DIRECTION.BUY, code = rb888.shfe
2022-09-08 09:14:27 [com.tq.yuxuan.xxljob.task.MyTask#demoJobHandler]-[44]-[xxl-job, JobThread-5-1662599654818] 2022-02-28 21:00:04.200000 market receive order, id = strategy0_0, price = 4716.0, direction = ORDER_DIRECTION.BUY, code = rb888.shfe
2022-09-08 09:14:27 [com.tq.yuxuan.xxljob.task.MyTask#demoJobHandler]-[44]-[xxl-job, JobThread-5-1662599654818] 2022-02-28 21:00:04.200000 market match order, id = strategy0_0, info = ('strategy0_0', 4, 4716.0, 1), code = rb888.shfe
2022-09-08 09:14:27 [com.tq.yuxuan.xxljob.task.MyTask#demoJobHandler]-[44]-[xxl-job, JobThread-5-1662599654818] 2022-02-28 21:00:08.100000 account insert order, id = strategy0_1, price = 4715.0, direction = ORDER_DIRECTION.SELL, code = rb999.shfe
2022-09-08 09:14:27 [com.tq.yuxuan.xxljob.task.MyTask#demoJobHandler]-[44]-[xxl-job, JobThread-5-1662599654818] 2022-02-28 21:00:08.200000 market receive order, id = strategy0_1, price = 4715.0, direction = ORDER_DIRECTION.SELL, code = rb999.shfe
2022-09-08 09:14:27 [com.tq.yuxuan.xxljob.task.MyTask#demoJobHandler]-[44]-[xxl-job, JobThread-5-1662599654818] 2022-02-28 21:00:08.200000 market match order, id = strategy0_1, info = ('strategy0_1', 4, 4716.0, 1), code = rb999.shfe
2022-09-08 09:14:27 [com.tq.yuxuan.xxljob.task.MyTask#demoJobHandler]-[44]-[xxl-job, JobThread-5-1662599654818] 2022-02-28 21:00:28.100000 account insert order, id = strategy0_2, price = 4715.0, direction = ORDER_DIRECTION.BUY, code = rb999.shfe
2022-09-08 09:14:27 [com.tq.yuxuan.xxljob.task.MyTask#demoJobHandler]-[44]-[xxl-job, JobThread-5-1662599654818] 2022-02-28 21:00:28.200000 market receive order, id = strategy0_2, price = 4715.0, direction = ORDER_DIRECTION.BUY, code = rb999.shfe
2022-09-08 09:14:27 [com.tq.yuxuan.xxljob.task.MyTask#demoJobHandler]-[44]-[xxl-job, JobThread-5-1662599654818] 2022-02-28 21:00:32.100000 account insert order, id = strategy0_3, price = 4717.0, direction = ORDER_DIRECTION.SELL, code = rb999.shfe
2022-09-08 09:14:27 [com.tq.yuxuan.xxljob.task.MyTask#demoJobHandler]-[44]-[xxl-job, JobThread-5-1662599654818] 2022-02-28 21:00:32.200000 market receive order, id = strategy0_3, price = 4717.0, direction = ORDER_DIRECTION.SELL, code = rb999.shfe
2022-09-08 09:14:27 [com.tq.yuxuan.xxljob.task.MyTask#demoJobHandler]-[44]-[xxl-job, JobThread-5-1662599654818] 2022-02-28 21:00:32.200000 market match order, id = strategy0_3, info = ('strategy0_3', 4, 4717.0, 1), code = rb999.shfe
2022-09-08 09:14:27 [com.tq.yuxuan.xxljob.task.MyTask#demoJobHandler]-[44]-[xxl-job, JobThread-5-1662599654818] 2022-02-28 21:00:33.100000 account cancel order, id = strategy0_2, price = 4715.0, direction = ORDER_DIRECTION.BUY, code = rb999.shfe
2022-09-08 09:14:27 [com.tq.yuxuan.xxljob.task.MyTask#demoJobHandler]-[44]-[xxl-job, JobThread-5-1662599654818] 2022-02-28 21:00:33.200000 market match order, id = strategy0_2, info = ('strategy0_2', 5, None, None), code = rb999.shfe
2022-09-08 09:14:27 [com.tq.yuxuan.xxljob.task.MyTask#demoJobHandler]-[44]-[xxl-job, JobThread-5-1662599654818] 2022-02-28 21:01:17.100000 account insert order, id = strategy1_0, price = 4723.0, direction = ORDER_DIRECTION.BUY, code = rb999.shfe
2022-09-08 09:14:27 [com.tq.yuxuan.xxljob.task.MyTask#demoJobHandler]-[44]-[xxl-job, JobThread-5-1662599654818] 2022-02-28 21:01:17.200000 market receive order, id = strategy1_0, price = 4723.0, direction = ORDER_DIRECTION.BUY, code = rb999.shfe
2022-09-08 09:14:27 [com.tq.yuxuan.xxljob.task.MyTask#demoJobHandler]-[44]-[xxl-job, JobThread-5-1662599654818] 2022-02-28 21:01:19.100000 account cancel order, id = strategy1_0, price = 4723.0, direction = ORDER_DIRECTION.BUY, code = rb999.shfe
2022-09-08 09:14:27 [com.tq.yuxuan.xxljob.task.MyTask#demoJobHandler]-[44]-[xxl-job, JobThread-5-1662599654818] 2022-02-28 21:01:19.200000 market match order, id = strategy1_0, info = ('strategy1_0', 5, None, None), code = rb999.shfe
2022-09-08 09:14:27 [com.tq.yuxuan.xxljob.task.MyTask#demoJobHandler]-[44]-[xxl-job, JobThread-5-1662599654818] 2022-02-28 21:01:40.100000 account insert order, id = strategy0_4, price = 4723.0, direction = ORDER_DIRECTION.SELL, code = rb999.shfe
2022-09-08 09:14:27 [com.tq.yuxuan.xxljob.task.MyTask#demoJobHandler]-[44]-[xxl-job, JobThread-5-1662599654818] 2022-02-28 21:01:40.200000 market receive order, id = strategy0_4, price = 4723.0, direction = ORDER_DIRECTION.SELL, code = rb999.shfe
2022-09-08 09:14:27 [com.tq.yuxuan.xxljob.task.MyTask#demoJobHandler]-[44]-[xxl-job, JobThread-5-1662599654818] 2022-02-28 21:01:40.200000 market match order, id = strategy0_4, info = ('strategy0_4', 4, 4723.0, 1), code = rb999.shfe
2022-09-08 09:14:27 [com.tq.yuxuan.xxljob.task.MyTask#demoJobHandler]-[44]-[xxl-job, JobThread-5-1662599654818] 2022-02-28 21:03:02.100000 account insert order, id = strategy1_1, price = 4727.0, direction = ORDER_DIRECTION.BUY, code = rb999.shfe
2022-09-08 09:14:27 [com.tq.yuxuan.xxljob.task.MyTask#demoJobHandler]-[44]-[xxl-job, JobThread-5-1662599654818] 2022-02-28 21:03:02.200000 market receive order, id = strategy1_1, price = 4727.0, direction = ORDER_DIRECTION.BUY, code = rb999.shfe
2022-09-08 09:14:27 [com.tq.yuxuan.xxljob.task.MyTask#demoJobHandler]-[44]-[xxl-job, JobThread-5-1662599654818] 2022-02-28 21:03:05.100000 account cancel order, id = strategy1_1, price = 4727.0, direction = ORDER_DIRECTION.BUY, code = rb999.shfe
2022-09-08 09:14:27 [com.tq.yuxuan.xxljob.task.MyTask#demoJobHandler]-[44]-[xxl-job, JobThread-5-1662599654818] 2022-02-28 21:03:05.200000 market match order, id = strategy1_1, info = ('strategy1_1', 5, None, None), code = rb999.shfe
2022-09-08 09:14:27 [com.tq.yuxuan.xxljob.task.MyTask#demoJobHandler]-[44]-[xxl-job, JobThread-5-1662599654818] 2022-02-28 21:03:30.100000 account insert order, id = strategy1_2, price = 4726.0, direction = ORDER_DIRECTION.SELL, code = rb888.shfe
2022-09-08 09:14:27 [com.tq.yuxuan.xxljob.task.MyTask#demoJobHandler]-[44]-[xxl-job, JobThread-5-1662599654818] 2022-02-28 21:03:30.200000 market receive order, id = strategy1_2, price = 4726.0, direction = ORDER_DIRECTION.SELL, code = rb888.shfe
2022-09-08 09:14:27 [com.tq.yuxuan.xxljob.task.MyTask#demoJobHandler]-[44]-[xxl-job, JobThread-5-1662599654818] 2022-02-28 21:03:33.100000 account cancel order, id = strategy1_2, price = 4726.0, direction = ORDER_DIRECTION.SELL, code = rb888.shfe
2022-09-08 09:14:27 [com.tq.yuxuan.xxljob.task.MyTask#demoJobHandler]-[44]-[xxl-job, JobThread-5-1662599654818] 2022-02-28 21:03:33.200000 market match order, id = strategy1_2, info = ('strategy1_2', 5, None, None), code = rb888.shfe
2022-09-08 09:14:27 [com.tq.yuxuan.xxljob.task.MyTask#demoJobHandler]-[44]-[xxl-job, JobThread-5-1662599654818] 2022-02-28 21:04:07.100000 account insert order, id = strategy0_5, price = 4728.0, direction = ORDER_DIRECTION.SELL, code = rb888.shfe
2022-09-08 09:14:27 [com.tq.yuxuan.xxljob.task.MyTask#demoJobHandler]-[44]-[xxl-job, JobThread-5-1662599654818] 2022-02-28 21:04:07.200000 market receive order, id = strategy0_5, price = 4728.0, direction = ORDER_DIRECTION.SELL, code = rb888.shfe
2022-09-08 09:14:27 [com.tq.yuxuan.xxljob.task.MyTask#demoJobHandler]-[44]-[xxl-job, JobThread-5-1662599654818] 2022-02-28 21:04:11.100000 account cancel order, id = strategy0_5, price = 4728.0, direction = ORDER_DIRECTION.SELL, code = rb888.shfe
2022-09-08 09:14:27 [com.tq.yuxuan.xxljob.task.MyTask#demoJobHandler]-[44]-[xxl-job, JobThread-5-1662599654818] 2022-02-28 21:04:11.200000 market match order, id = strategy0_5, info = ('strategy0_5', 5, None, None), code = rb888.shfe
2022-09-08 09:14:27 [com.tq.yuxuan.xxljob.task.MyTask#demoJobHandler]-[44]-[xxl-job, JobThread-5-1662599654818] 2022-02-28 21:04:15.100000 account insert order, id = strategy0_6, price = 4726.0, direction = ORDER_DIRECTION.BUY, code = rb999.shfe
2022-09-08 09:14:27 [com.tq.yuxuan.xxljob.task.MyTask#demoJobHandler]-[44]-[xxl-job, JobThread-5-1662599654818] 2022-02-28 21:04:15.200000 market receive order, id = strategy0_6, price = 4726.0, direction = ORDER_DIRECTION.BUY, code = rb999.shfe
2022-09-08 09:14:27 [com.tq.yuxuan.xxljob.task.MyTask#demoJobHandler]-[44]-[xxl-job, JobThread-5-1662599654818] 2022-02-28 21:04:15.200000 market match order, id = strategy0_6, info = ('strategy0_6', 4, 4726.0, 1), code = rb999.shfe
2022-09-08 09:14:27 [com.tq.yuxuan.xxljob.task.MyTask#demoJobHandler]-[44]-[xxl-job, JobThread-5-1662599654818] 2022-02-28 21:04:27.100000 account insert order, id = strategy1_3, price = 4726.0, direction = ORDER_DIRECTION.BUY, code = rb888.shfe
2022-09-08 09:14:27 [com.tq.yuxuan.xxljob.task.MyTask#demoJobHandler]-[44]-[xxl-job, JobThread-5-1662599654818] 2022-02-28 21:04:27.200000 market receive order, id = strategy1_3, price = 4726.0, direction = ORDER_DIRECTION.BUY, code = rb888.shfe
2022-09-08 09:14:27 [com.tq.yuxuan.xxljob.task.MyTask#demoJobHandler]-[44]-[xxl-job, JobThread-5-1662599654818] 2022-02-28 21:04:28.100000 account cancel order, id = strategy1_3, price = 4726.0, direction = ORDER_DIRECTION.BUY, code = rb888.shfe
2022-09-08 09:14:27 [com.tq.yuxuan.xxljob.task.MyTask#demoJobHandler]-[44]-[xxl-job, JobThread-5-1662599654818] 2022-02-28 21:04:28.200000 market match order, id = strategy1_3, info = ('strategy1_3', 5, None, None), code = rb888.shfe
2022-09-08 09:14:27 [com.tq.yuxuan.xxljob.task.MyTask#demoJobHandler]-[44]-[xxl-job, JobThread-5-1662599654818] 2022-02-28 21:04:54.100000 account insert order, id = strategy1_4, price = 4724.0, direction = ORDER_DIRECTION.BUY, code = rb888.shfe
2022-09-08 09:14:27 [com.tq.yuxuan.xxljob.task.MyTask#demoJobHandler]-[44]-[xxl-job, JobThread-5-1662599654818] 2022-02-28 21:04:54.200000 market receive order, id = strategy1_4, price = 4724.0, direction = ORDER_DIRECTION.BUY, code = rb888.shfe
2022-09-08 09:14:27 [com.tq.yuxuan.xxljob.task.MyTask#demoJobHandler]-[44]-[xxl-job, JobThread-5-1662599654818] 2022-02-28 21:04:56.100000 account cancel order, id = strategy1_4, price = 4724.0, direction = ORDER_DIRECTION.BUY, code = rb888.shfe
2022-09-08 09:14:27 [com.tq.yuxuan.xxljob.task.MyTask#demoJobHandler]-[44]-[xxl-job, JobThread-5-1662599654818] 2022-02-28 21:04:56.200000 market match order, id = strategy1_4, info = ('strategy1_4', 5, None, None), code = rb888.shfe
2022-09-08 09:14:27 [com.tq.yuxuan.xxljob.task.MyTask#demoJobHandler]-[44]-[xxl-job, JobThread-5-1662599654818] 2022-02-28 21:05:12.100000 account insert order, id = strategy1_5, price = 4729.0, direction = ORDER_DIRECTION.SELL, code = rb888.shfe
2022-09-08 09:14:27 [com.tq.yuxuan.xxljob.task.MyTask#demoJobHandler]-[44]-[xxl-job, JobThread-5-1662599654818] 2022-02-28 21:05:12.200000 market receive order, id = strategy1_5, price = 4729.0, direction = ORDER_DIRECTION.SELL, code = rb888.shfe
2022-09-08 09:14:27 [com.tq.yuxuan.xxljob.task.MyTask#demoJobHandler]-[44]-[xxl-job, JobThread-5-1662599654818] 2022-02-28 21:05:13.100000 account cancel order, id = strategy1_5, price = 4729.0, direction = ORDER_DIRECTION.SELL, code = rb888.shfe
2022-09-08 09:14:27 [com.tq.yuxuan.xxljob.task.MyTask#demoJobHandler]-[44]-[xxl-job, JobThread-5-1662599654818] 2022-02-28 21:05:13.200000 market match order, id = strategy1_5, info = ('strategy1_5', 5, None, None), code = rb888.shfe
2022-09-08 09:14:27 [com.tq.yuxuan.xxljob.task.MyTask#demoJobHandler]-[44]-[xxl-job, JobThread-5-1662599654818] 2022-02-28 21:05:14.100000 account insert order, id = strategy1_6, price = 4729.0, direction = ORDER_DIRECTION.SELL, code = rb999.shfe
2022-09-08 09:14:27 [com.tq.yuxuan.xxljob.task.MyTask#demoJobHandler]-[44]-[xxl-job, JobThread-5-1662599654818] 2022-02-28 21:05:14.200000 market receive order, id = strategy1_6, price = 4729.0, direction = ORDER_DIRECTION.SELL, code = rb999.shfe
2022-09-08 09:14:27 [com.tq.yuxuan.xxljob.task.MyTask#demoJobHandler]-[44]-[xxl-job, JobThread-5-1662599654818] 2022-02-28 21:05:15.100000 market match order, id = strategy1_6, info = ('strategy1_6', 4, 4729.0, 1), code = rb999.shfe
2022-09-08 09:14:27 [com.tq.yuxuan.xxljob.task.MyTask#demoJobHandler]-[44]-[xxl-job, JobThread-5-1662599654818] 2022-02-28 21:05:22.100000 account insert order, id = strategy1_7, price = 4728.0, direction = ORDER_DIRECTION.BUY, code = rb999.shfe
2022-09-08 09:14:27 [com.tq.yuxuan.xxljob.task.MyTask#demoJobHandler]-[44]-[xxl-job, JobThread-5-1662599654818] 2022-02-28 21:05:22.200000 market receive order, id = strategy1_7, price = 4728.0, direction = ORDER_DIRECTION.BUY, code = rb999.shfe
2022-09-08 09:14:27 [com.tq.yuxuan.xxljob.task.MyTask#demoJobHandler]-[44]-[xxl-job, JobThread-5-1662599654818] 2022-02-28 21:05:26.100000 account insert order, id = strategy0_7, price = 4731.0, direction = ORDER_DIRECTION.SELL, code = rb888.shfe
2022-09-08 09:14:27 [com.tq.yuxuan.xxljob.task.MyTask#demoJobHandler]-[44]-[xxl-job, JobThread-5-1662599654818] 2022-02-28 21:05:26.100000 account cancel order, id = strategy1_7, price = 4728.0, direction = ORDER_DIRECTION.BUY, code = rb999.shfe
2022-09-08 09:14:27 [com.tq.yuxuan.xxljob.task.MyTask#demoJobHandler]-[44]-[xxl-job, JobThread-5-1662599654818] 2022-02-28 21:05:26.200000 market receive order, id = strategy0_7, price = 4731.0, direction = ORDER_DIRECTION.SELL, code = rb888.shfe
2022-09-08 09:14:27 [com.tq.yuxuan.xxljob.task.MyTask#demoJobHandler]-[44]-[xxl-job, JobThread-5-1662599654818] 2022-02-28 21:05:26.200000 market match order, id = strategy1_7, info = ('strategy1_7', 5, None, None), code = rb999.shfe
2022-09-08 09:14:27 [com.tq.yuxuan.xxljob.task.MyTask#demoJobHandler]-[44]-[xxl-job, JobThread-5-1662599654818] 2022-02-28 21:05:28.100000 account cancel order, id = strategy0_7, price = 4731.0, direction = ORDER_DIRECTION.SELL, code = rb888.shfe
2022-09-08 09:14:27 [com.tq.yuxuan.xxljob.task.MyTask#demoJobHandler]-[44]-[xxl-job, JobThread-5-1662599654818] 2022-02-28 21:05:28.200000 market match order, id = strategy0_7, info = ('strategy0_7', 5, None, None), code = rb888.shfe
2022-09-08 09:14:27 [com.tq.yuxuan.xxljob.task.MyTask#demoJobHandler]-[44]-[xxl-job, JobThread-5-1662599654818] 2022-02-28 21:06:26.100000 account insert order, id = strategy1_8, price = 4728.0, direction = ORDER_DIRECTION.BUY, code = rb888.shfe
2022-09-08 09:14:27 [com.tq.yuxuan.xxljob.task.MyTask#demoJobHandler]-[44]-[xxl-job, JobThread-5-1662599654818] 2022-02-28 21:06:26.200000 market receive order, id = strategy1_8, price = 4728.0, direction = ORDER_DIRECTION.BUY, code = rb888.shfe
2022-09-08 09:14:27 [com.tq.yuxuan.xxljob.task.MyTask#demoJobHandler]-[44]-[xxl-job, JobThread-5-1662599654818] 2022-02-28 21:06:26.200000 market match order, id = strategy1_8, info = ('strategy1_8', 4, 4728.0, 1), code = rb888.shfe
2022-09-08 09:14:27 [com.tq.yuxuan.xxljob.task.MyTask#demoJobHandler]-[44]-[xxl-job, JobThread-5-1662599654818] 2022-02-28 21:06:33.100000 account insert order, id = strategy1_9, price = 4727.0, direction = ORDER_DIRECTION.SELL, code = rb888.shfe
2022-09-08 09:14:27 [com.tq.yuxuan.xxljob.task.MyTask#demoJobHandler]-[44]-[xxl-job, JobThread-5-1662599654818] 2022-02-28 21:06:33.200000 market receive order, id = strategy1_9, price = 4727.0, direction = ORDER_DIRECTION.SELL, code = rb888.shfe
2022-09-08 09:14:27 [com.tq.yuxuan.xxljob.task.MyTask#demoJobHandler]-[44]-[xxl-job, JobThread-5-1662599654818] 2022-02-28 21:06:34.100000 account cancel order, id = strategy1_9, price = 4727.0, direction = ORDER_DIRECTION.SELL, code = rb888.shfe
2022-09-08 09:14:27 [com.tq.yuxuan.xxljob.task.MyTask#demoJobHandler]-[44]-[xxl-job, JobThread-5-1662599654818] 2022-02-28 21:06:34.200000 market match order, id = strategy1_9, info = ('strategy1_9', 5, None, None), code = rb888.shfe
2022-09-08 09:14:27 [com.tq.yuxuan.xxljob.task.MyTask#demoJobHandler]-[44]-[xxl-job, JobThread-5-1662599654818] 2022-02-28 21:07:06.100000 account insert order, id = strategy1_10, price = 4722.0, direction = ORDER_DIRECTION.BUY, code = rb999.shfe
2022-09-08 09:14:27 [com.tq.yuxuan.xxljob.task.MyTask#demoJobHandler]-[44]-[xxl-job, JobThread-5-1662599654818] 2022-02-28 21:07:06.200000 market receive order, id = strategy1_10, price = 4722.0, direction = ORDER_DIRECTION.BUY, code = rb999.shfe
2022-09-08 09:14:27 [com.tq.yuxuan.xxljob.task.MyTask#demoJobHandler]-[44]-[xxl-job, JobThread-5-1662599654818] 2022-02-28 21:07:06.200000 market match order, id = strategy1_10, info = ('strategy1_10', 4, 4722.0, 1), code = rb999.shfe
2022-09-08 09:14:27 [com.tq.yuxuan.xxljob.task.MyTask#demoJobHandler]-[44]-[xxl-job, JobThread-5-1662599654818] 2022-02-28 21:07:23.100000 account insert order, id = strategy0_8, price = 4724.0, direction = ORDER_DIRECTION.SELL, code = rb999.shfe
2022-09-08 09:14:27 [com.tq.yuxuan.xxljob.task.MyTask#demoJobHandler]-[44]-[xxl-job, JobThread-5-1662599654818] 2022-02-28 21:07:23.200000 market receive order, id = strategy0_8, price = 4724.0, direction = ORDER_DIRECTION.SELL, code = rb999.shfe
2022-09-08 09:14:27 [com.tq.yuxuan.xxljob.task.MyTask#demoJobHandler]-[44]-[xxl-job, JobThread-5-1662599654818] 2022-02-28 21:07:23.200000 market match order, id = strategy0_8, info = ('strategy0_8', 4, 4724.0, 1), code = rb999.shfe
2022-09-08 09:14:27 [com.tq.yuxuan.xxljob.task.MyTask#demoJobHandler]-[44]-[xxl-job, JobThread-5-1662599654818] 2022-02-28 21:07:32.100000 account insert order, id = strategy1_11, price = 4726.0, direction = ORDER_DIRECTION.BUY, code = rb999.shfe
2022-09-08 09:14:27 [com.tq.yuxuan.xxljob.task.MyTask#demoJobHandler]-[44]-[xxl-job, JobThread-5-1662599654818] 2022-02-28 21:07:32.200000 market receive order, id = strategy1_11, price = 4726.0, direction = ORDER_DIRECTION.BUY, code = rb999.shfe
2022-09-08 09:14:27 [com.tq.yuxuan.xxljob.task.MyTask#demoJobHandler]-[44]-[xxl-job, JobThread-5-1662599654818] 2022-02-28 21:07:32.200000 market match order, id = strategy1_11, info = ('strategy1_11', 4, 4725.0, 1), code = rb999.shfe
2022-09-08 09:14:27 [com.tq.yuxuan.xxljob.task.MyTask#demoJobHandler]-[44]-[xxl-job, JobThread-5-1662599654818] 2022-02-28 21:07:38.100000 account insert order, id = strategy1_12, price = 4724.0, direction = ORDER_DIRECTION.SELL, code = rb888.shfe
2022-09-08 09:14:27 [com.tq.yuxuan.xxljob.task.MyTask#demoJobHandler]-[44]-[xxl-job, JobThread-5-1662599654818] 2022-02-28 21:07:38.200000 market receive order, id = strategy1_12, price = 4724.0, direction = ORDER_DIRECTION.SELL, code = rb888.shfe
2022-09-08 09:14:27 [com.tq.yuxuan.xxljob.task.MyTask#demoJobHandler]-[44]-[xxl-job, JobThread-5-1662599654818] 2022-02-28 21:07:38.200000 market match order, id = strategy1_12, info = ('strategy1_12', 4, 4724.0, 1), code = rb888.shfe
2022-09-08 09:14:27 [com.tq.yuxuan.xxljob.task.MyTask#demoJobHandler]-[44]-[xxl-job, JobThread-5-1662599654818] 2022-02-28 21:07:51.100000 account insert order, id = strategy0_9, price = 4724.0, direction = ORDER_DIRECTION.BUY, code = rb999.shfe
2022-09-08 09:14:27 [com.tq.yuxuan.xxljob.task.MyTask#demoJobHandler]-[44]-[xxl-job, JobThread-5-1662599654818] 2022-02-28 21:07:51.200000 market receive order, id = strategy0_9, price = 4724.0, direction = ORDER_DIRECTION.BUY, code = rb999.shfe
2022-09-08 09:14:27 [com.tq.yuxuan.xxljob.task.MyTask#demoJobHandler]-[44]-[xxl-job, JobThread-5-1662599654818] 2022-02-28 21:07:53.100000 account cancel order, id = strategy0_9, price = 4724.0, direction = ORDER_DIRECTION.BUY, code = rb999.shfe
2022-09-08 09:14:27 [com.tq.yuxuan.xxljob.task.MyTask#demoJobHandler]-[44]-[xxl-job, JobThread-5-1662599654818] 2022-02-28 21:07:53.200000 market match order, id = strategy0_9, info = ('strategy0_9', 5, None, None), code = rb999.shfe
2022-09-08 09:14:27 [com.tq.yuxuan.xxljob.task.MyTask#demoJobHandler]-[44]-[xxl-job, JobThread-5-1662599654818] 2022-02-28 21:08:40.100000 account insert order, id = strategy0_10, price = 4722.0, direction = ORDER_DIRECTION.BUY, code = rb888.shfe
2022-09-08 09:14:27 [com.tq.yuxuan.xxljob.task.MyTask#demoJobHandler]-[44]-[xxl-job, JobThread-5-1662599654818] 2022-02-28 21:08:40.200000 market receive order, id = strategy0_10, price = 4722.0, direction = ORDER_DIRECTION.BUY, code = rb888.shfe
2022-09-08 09:14:27 [com.tq.yuxuan.xxljob.task.MyTask#demoJobHandler]-[44]-[xxl-job, JobThread-5-1662599654818] 2022-02-28 21:08:42.100000 account cancel order, id = strategy0_10, price = 4722.0, direction = ORDER_DIRECTION.BUY, code = rb888.shfe
2022-09-08 09:14:27 [com.tq.yuxuan.xxljob.task.MyTask#demoJobHandler]-[44]-[xxl-job, JobThread-5-1662599654818] 2022-02-28 21:08:42.200000 market match order, id = strategy0_10, info = ('strategy0_10', 5, None, None), code = rb888.shfe
2022-09-08 09:14:27 [com.tq.yuxuan.xxljob.task.MyTask#demoJobHandler]-[44]-[xxl-job, JobThread-5-1662599654818] 2022-02-28 21:08:50.100000 account insert order, id = strategy1_13, price = 4723.0, direction = ORDER_DIRECTION.SELL, code = rb888.shfe
2022-09-08 09:14:27 [com.tq.yuxuan.xxljob.task.MyTask#demoJobHandler]-[44]-[xxl-job, JobThread-5-1662599654818] 2022-02-28 21:08:50.200000 market receive order, id = strategy1_13, price = 4723.0, direction = ORDER_DIRECTION.SELL, code = rb888.shfe
2022-09-08 09:14:27 [com.tq.yuxuan.xxljob.task.MyTask#demoJobHandler]-[44]-[xxl-job, JobThread-5-1662599654818] 2022-02-28 21:08:52.100000 account cancel order, id = strategy1_13, price = 4723.0, direction = ORDER_DIRECTION.SELL, code = rb888.shfe
2022-09-08 09:14:27 [com.tq.yuxuan.xxljob.task.MyTask#demoJobHandler]-[44]-[xxl-job, JobThread-5-1662599654818] 2022-02-28 21:08:52.200000 market match order, id = strategy1_13, info = ('strategy1_13', 5, None, None), code = rb888.shfe
2022-09-08 09:14:27 [com.tq.yuxuan.xxljob.task.MyTask#demoJobHandler]-[44]-[xxl-job, JobThread-5-1662599654818] 2022-02-28 21:09:15.100000 account insert order, id = strategy1_14, price = 4718.0, direction = ORDER_DIRECTION.BUY, code = rb999.shfe
2022-09-08 09:14:27 [com.tq.yuxuan.xxljob.task.MyTask#demoJobHandler]-[44]-[xxl-job, JobThread-5-1662599654818] 2022-02-28 21:09:15.200000 market receive order, id = strategy1_14, price = 4718.0, direction = ORDER_DIRECTION.BUY, code = rb999.shfe
2022-09-08 09:14:27 [com.tq.yuxuan.xxljob.task.MyTask#demoJobHandler]-[44]-[xxl-job, JobThread-5-1662599654818] 2022-02-28 21:09:16.100000 account cancel order, id = strategy1_14, price = 4718.0, direction = ORDER_DIRECTION.BUY, code = rb999.shfe
2022-09-08 09:14:27 [com.tq.yuxuan.xxljob.task.MyTask#demoJobHandler]-[44]-[xxl-job, JobThread-5-1662599654818] 2022-02-28 21:09:16.200000 market match order, id = strategy1_14, info = ('strategy1_14', 5, None, None), code = rb999.shfe
2022-09-08 09:14:27 [com.tq.yuxuan.xxljob.task.MyTask#demoJobHandler]-[44]-[xxl-job, JobThread-5-1662599654818] 2022-02-28 21:09:21.100000 account insert order, id = strategy1_15, price = 4720.0, direction = ORDER_DIRECTION.SELL, code = rb888.shfe
2022-09-08 09:14:27 [com.tq.yuxuan.xxljob.task.MyTask#demoJobHandler]-[44]-[xxl-job, JobThread-5-1662599654818] 2022-02-28 21:09:21.100000 account insert order, id = strategy1_16, price = 4719.0, direction = ORDER_DIRECTION.BUY, code = rb888.shfe
2022-09-08 09:14:27 [com.tq.yuxuan.xxljob.task.MyTask#demoJobHandler]-[44]-[xxl-job, JobThread-5-1662599654818] 2022-02-28 21:09:21.200000 market receive order, id = strategy1_15, price = 4720.0, direction = ORDER_DIRECTION.SELL, code = rb888.shfe
2022-09-08 09:14:27 [com.tq.yuxuan.xxljob.task.MyTask#demoJobHandler]-[44]-[xxl-job, JobThread-5-1662599654818] 2022-02-28 21:09:21.200000 market receive order, id = strategy1_16, price = 4719.0, direction = ORDER_DIRECTION.BUY, code = rb888.shfe
2022-09-08 09:14:27 [com.tq.yuxuan.xxljob.task.MyTask#demoJobHandler]-[44]-[xxl-job, JobThread-5-1662599654818] 2022-02-28 21:09:21.200000 market match order, id = strategy1_16, info = ('strategy1_16', 4, 4719.0, 1), code = rb888.shfe
2022-09-08 09:14:27 [com.tq.yuxuan.xxljob.task.MyTask#demoJobHandler]-[44]-[xxl-job, JobThread-5-1662599654818] 2022-02-28 21:09:24.100000 account insert order, id = strategy1_17, price = 4718.0, direction = ORDER_DIRECTION.BUY, code = rb999.shfe
2022-09-08 09:14:27 [com.tq.yuxuan.xxljob.task.MyTask#demoJobHandler]-[44]-[xxl-job, JobThread-5-1662599654818] 2022-02-28 21:09:24.200000 market receive order, id = strategy1_17, price = 4718.0, direction = ORDER_DIRECTION.BUY, code = rb999.shfe
2022-09-08 09:14:27 [com.tq.yuxuan.xxljob.task.MyTask#demoJobHandler]-[44]-[xxl-job, JobThread-5-1662599654818] 2022-02-28 21:09:25.100000 account cancel order, id = strategy1_17, price = 4718.0, direction = ORDER_DIRECTION.BUY, code = rb999.shfe
2022-09-08 09:14:27 [com.tq.yuxuan.xxljob.task.MyTask#demoJobHandler]-[44]-[xxl-job, JobThread-5-1662599654818] 2022-02-28 21:09:25.200000 market match order, id = strategy1_17, info = ('strategy1_17', 5, None, None), code = rb999.shfe
2022-09-08 09:14:27 [com.tq.yuxuan.xxljob.task.MyTask#demoJobHandler]-[44]-[xxl-job, JobThread-5-1662599654818] 2022-02-28 21:09:32.100000 account cancel order, id = strategy1_15, price = 4720.0, direction = ORDER_DIRECTION.SELL, code = rb888.shfe
2022-09-08 09:14:27 [com.tq.yuxuan.xxljob.task.MyTask#demoJobHandler]-[44]-[xxl-job, JobThread-5-1662599654818] 2022-02-28 21:09:32.200000 market match order, id = strategy1_15, info = ('strategy1_15', 5, None, None), code = rb888.shfe
2022-09-08 09:14:27 [com.tq.yuxuan.xxljob.task.MyTask#demoJobHandler]-[44]-[xxl-job, JobThread-5-1662599654818] 2022-02-28 21:09:39.100000 account insert order, id = strategy1_18, price = 4718.0, direction = ORDER_DIRECTION.SELL, code = rb999.shfe
2022-09-08 09:14:27 [com.tq.yuxuan.xxljob.task.MyTask#demoJobHandler]-[44]-[xxl-job, JobThread-5-1662599654818] 2022-02-28 21:09:39.200000 market receive order, id = strategy1_18, price = 4718.0, direction = ORDER_DIRECTION.SELL, code = rb999.shfe
2022-09-08 09:14:27 [com.tq.yuxuan.xxljob.task.MyTask#demoJobHandler]-[44]-[xxl-job, JobThread-5-1662599654818] 2022-02-28 21:09:43.100000 market match order, id = strategy1_18, info = ('strategy1_18', 4, 4718.0, 1), code = rb999.shfe
2022-09-08 09:14:27 [com.tq.yuxuan.xxljob.task.MyTask#demoJobHandler]-[44]-[xxl-job, JobThread-5-1662599654818] 2022-02-28 21:10:00.100000 account insert order, id = strategy0_11, price = 4723.0, direction = ORDER_DIRECTION.BUY, code = rb999.shfe
2022-09-08 09:14:27 [com.tq.yuxuan.xxljob.task.MyTask#demoJobHandler]-[44]-[xxl-job, JobThread-5-1662599654818] 2022-02-28 21:10:00.200000 market receive order, id = strategy0_11, price = 4723.0, direction = ORDER_DIRECTION.BUY, code = rb999.shfe
2022-09-08 09:14:27 [com.tq.yuxuan.xxljob.task.MyTask#demoJobHandler]-[44]-[xxl-job, JobThread-5-1662599654818] 2022-02-28 21:10:01.100000 market match order, id = strategy0_11, info = ('strategy0_11', 4, 4723.0, 1), code = rb999.shfe
2022-09-08 09:14:27 [com.tq.yuxuan.xxljob.task.MyTask#demoJobHandler]-[44]-[xxl-job, JobThread-5-1662599654818] 2022-02-28 21:10:16.100000 account insert order, id = strategy1_19, price = 4725.0, direction = ORDER_DIRECTION.SELL, code = rb888.shfe
2022-09-08 09:14:27 [com.tq.yuxuan.xxljob.task.MyTask#demoJobHandler]-[44]-[xxl-job, JobThread-5-1662599654818] 2022-02-28 21:10:16.200000 market receive order, id = strategy1_19, price = 4725.0, direction = ORDER_DIRECTION.SELL, code = rb888.shfe
2022-09-08 09:14:27 [com.tq.yuxuan.xxljob.task.MyTask#demoJobHandler]-[44]-[xxl-job, JobThread-5-1662599654818] 2022-02-28 21:10:19.100000 account cancel order, id = strategy1_19, price = 4725.0, direction = ORDER_DIRECTION.SELL, code = rb888.shfe
2022-09-08 09:14:27 [com.tq.yuxuan.xxljob.task.MyTask#demoJobHandler]-[44]-[xxl-job, JobThread-5-1662599654818] 2022-02-28 21:10:19.200000 market match order, id = strategy1_19, info = ('strategy1_19', 5, None, None), code = rb888.shfe
2022-09-08 09:14:27 [com.tq.yuxuan.xxljob.task.MyTask#demoJobHandler]-[44]-[xxl-job, JobThread-5-1662599654818] 2022-02-28 21:11:15.100000 account insert order, id = strategy0_12, price = 4727.0, direction = ORDER_DIRECTION.SELL, code = rb888.shfe
2022-09-08 09:14:27 [com.tq.yuxuan.xxljob.task.MyTask#demoJobHandler]-[44]-[xxl-job, JobThread-5-1662599654818] 2022-02-28 21:11:15.200000 market receive order, id = strategy0_12, price = 4727.0, direction = ORDER_DIRECTION.SELL, code = rb888.shfe
2022-09-08 09:14:27 [com.tq.yuxuan.xxljob.task.MyTask#demoJobHandler]-[44]-[xxl-job, JobThread-5-1662599654818] 2022-02-28 21:11:17.100000 account cancel order, id = strategy0_12, price = 4727.0, direction = ORDER_DIRECTION.SELL, code = rb888.shfe
2022-09-08 09:14:27 [com.tq.yuxuan.xxljob.task.MyTask#demoJobHandler]-[44]-[xxl-job, JobThread-5-1662599654818] 2022-02-28 21:11:17.200000 market match order, id = strategy0_12, info = ('strategy0_12', 5, None, None), code = rb888.shfe
2022-09-08 09:14:27 [com.tq.yuxuan.xxljob.task.MyTask#demoJobHandler]-[44]-[xxl-job, JobThread-5-1662599654818] 2022-02-28 21:12:02.100000 account insert order, id = strategy0_13, price = 4727.0, direction = ORDER_DIRECTION.SELL, code = rb888.shfe
2022-09-08 09:14:27 [com.tq.yuxuan.xxljob.task.MyTask#demoJobHandler]-[44]-[xxl-job, JobThread-5-1662599654818] 2022-02-28 21:12:02.200000 market receive order, id = strategy0_13, price = 4727.0, direction = ORDER_DIRECTION.SELL, code = rb888.shfe
2022-09-08 09:14:27 [com.tq.yuxuan.xxljob.task.MyTask#demoJobHandler]-[44]-[xxl-job, JobThread-5-1662599654818] 2022-02-28 21:12:09.100000 account cancel order, id = strategy0_13, price = 4727.0, direction = ORDER_DIRECTION.SELL, code = rb888.shfe
2022-09-08 09:14:27 [com.tq.yuxuan.xxljob.task.MyTask#demoJobHandler]-[44]-[xxl-job, JobThread-5-1662599654818] 2022-02-28 21:12:09.200000 market match order, id = strategy0_13, info = ('strategy0_13', 5, None, None), code = rb888.shfe
2022-09-08 09:14:27 [com.tq.yuxuan.xxljob.task.MyTask#demoJobHandler]-[44]-[xxl-job, JobThread-5-1662599654818] 2022-02-28 21:12:40.100000 account insert order, id = strategy0_14, price = 4721.0, direction = ORDER_DIRECTION.BUY, code = rb888.shfe
2022-09-08 09:14:27 [com.tq.yuxuan.xxljob.task.MyTask#demoJobHandler]-[44]-[xxl-job, JobThread-5-1662599654818] 2022-02-28 21:12:40.200000 market receive order, id = strategy0_14, price = 4721.0, direction = ORDER_DIRECTION.BUY, code = rb888.shfe
2022-09-08 09:14:27 [com.tq.yuxuan.xxljob.task.MyTask#demoJobHandler]-[44]-[xxl-job, JobThread-5-1662599654818] 2022-02-28 21:12:42.100000 account cancel order, id = strategy0_14, price = 4721.0, direction = ORDER_DIRECTION.BUY, code = rb888.shfe
2022-09-08 09:14:27 [com.tq.yuxuan.xxljob.task.MyTask#demoJobHandler]-[44]-[xxl-job, JobThread-5-1662599654818] 2022-02-28 21:12:42.200000 market match order, id = strategy0_14, info = ('strategy0_14', 5, None, None), code = rb888.shfe
2022-09-08 09:14:27 [com.tq.yuxuan.xxljob.task.MyTask#demoJobHandler]-[44]-[xxl-job, JobThread-5-1662599654818] 2022-02-28 21:13:15.100000 account insert order, id = strategy0_15, price = 4725.0, direction = ORDER_DIRECTION.SELL, code = rb888.shfe
2022-09-08 09:14:27 [com.tq.yuxuan.xxljob.task.MyTask#demoJobHandler]-[44]-[xxl-job, JobThread-5-1662599654818] 2022-02-28 21:13:15.200000 market receive order, id = strategy0_15, price = 4725.0, direction = ORDER_DIRECTION.SELL, code = rb888.shfe
2022-09-08 09:14:27 [com.tq.yuxuan.xxljob.task.MyTask#demoJobHandler]-[44]-[xxl-job, JobThread-5-1662599654818] 2022-02-28 21:13:17.100000 account cancel order, id = strategy0_15, price = 4725.0, direction = ORDER_DIRECTION.SELL, code = rb888.shfe
2022-09-08 09:14:27 [com.tq.yuxuan.xxljob.task.MyTask#demoJobHandler]-[44]-[xxl-job, JobThread-5-1662599654818] 2022-02-28 21:13:17.200000 market match order, id = strategy0_15, info = ('strategy0_15', 5, None, None), code = rb888.shfe
2022-09-08 09:14:27 [com.tq.yuxuan.xxljob.task.MyTask#demoJobHandler]-[44]-[xxl-job, JobThread-5-1662599654818] 2022-02-28 21:13:19.100000 account insert order, id = strategy0_16, price = 4724.0, direction = ORDER_DIRECTION.SELL, code = rb888.shfe
2022-09-08 09:14:27 [com.tq.yuxuan.xxljob.task.MyTask#demoJobHandler]-[44]-[xxl-job, JobThread-5-1662599654818] 2022-02-28 21:13:19.200000 market receive order, id = strategy0_16, price = 4724.0, direction = ORDER_DIRECTION.SELL, code = rb888.shfe
2022-09-08 09:14:27 [com.tq.yuxuan.xxljob.task.MyTask#demoJobHandler]-[44]-[xxl-job, JobThread-5-1662599654818] 2022-02-28 21:13:19.200000 market match order, id = strategy0_16, info = ('strategy0_16', 4, 4724.0, 1), code = rb888.shfe
2022-09-08 09:14:27 [com.tq.yuxuan.xxljob.task.MyTask#demoJobHandler]-[44]-[xxl-job, JobThread-5-1662599654818] 2022-02-28 21:13:48.100000 account insert order, id = strategy1_20, price = 4724.0, direction = ORDER_DIRECTION.BUY, code = rb999.shfe
2022-09-08 09:14:27 [com.tq.yuxuan.xxljob.task.MyTask#demoJobHandler]-[44]-[xxl-job, JobThread-5-1662599654818] 2022-02-28 21:13:48.200000 market receive order, id = strategy1_20, price = 4724.0, direction = ORDER_DIRECTION.BUY, code = rb999.shfe
2022-09-08 09:14:27 [com.tq.yuxuan.xxljob.task.MyTask#demoJobHandler]-[44]-[xxl-job, JobThread-5-1662599654818] 2022-02-28 21:13:50.100000 account insert order, id = strategy0_17, price = 4724.0, direction = ORDER_DIRECTION.BUY, code = rb999.shfe
2022-09-08 09:14:27 [com.tq.yuxuan.xxljob.task.MyTask#demoJobHandler]-[44]-[xxl-job, JobThread-5-1662599654818] 2022-02-28 21:13:50.200000 market receive order, id = strategy0_17, price = 4724.0, direction = ORDER_DIRECTION.BUY, code = rb999.shfe
2022-09-08 09:14:27 [com.tq.yuxuan.xxljob.task.MyTask#demoJobHandler]-[44]-[xxl-job, JobThread-5-1662599654818] 2022-02-28 21:13:51.100000 account cancel order, id = strategy1_20, price = 4724.0, direction = ORDER_DIRECTION.BUY, code = rb999.shfe
2022-09-08 09:14:27 [com.tq.yuxuan.xxljob.task.MyTask#demoJobHandler]-[44]-[xxl-job, JobThread-5-1662599654818] 2022-02-28 21:13:51.200000 market match order, id = strategy1_20, info = ('strategy1_20', 5, None, None), code = rb999.shfe
2022-09-08 09:14:27 [com.tq.yuxuan.xxljob.task.MyTask#demoJobHandler]-[44]-[xxl-job, JobThread-5-1662599654818] 2022-02-28 21:13:53.100000 account cancel order, id = strategy0_17, price = 4724.0, direction = ORDER_DIRECTION.BUY, code = rb999.shfe
2022-09-08 09:14:27 [com.tq.yuxuan.xxljob.task.MyTask#demoJobHandler]-[44]-[xxl-job, JobThread-5-1662599654818] 2022-02-28 21:13:53.200000 market match order, id = strategy0_17, info = ('strategy0_17', 5, None, None), code = rb999.shfe
2022-09-08 09:14:27 [com.tq.yuxuan.xxljob.task.MyTask#demoJobHandler]-[44]-[xxl-job, JobThread-5-1662599654818] 2022-02-28 21:14:09.100000 account insert order, id = strategy0_18, price = 4725.0, direction = ORDER_DIRECTION.SELL, code = rb888.shfe
2022-09-08 09:14:27 [com.tq.yuxuan.xxljob.task.MyTask#demoJobHandler]-[44]-[xxl-job, JobThread-5-1662599654818] 2022-02-28 21:14:09.200000 market receive order, id = strategy0_18, price = 4725.0, direction = ORDER_DIRECTION.SELL, code = rb888.shfe
2022-09-08 09:14:27 [com.tq.yuxuan.xxljob.task.MyTask#demoJobHandler]-[44]-[xxl-job, JobThread-5-1662599654818] 2022-02-28 21:14:12.100000 market match order, id = strategy0_18, info = ('strategy0_18', 4, 4725.0, 1), code = rb888.shfe
2022-09-08 09:14:27 [com.tq.yuxuan.xxljob.task.MyTask#demoJobHandler]-[44]-[xxl-job, JobThread-5-1662599654818] 2022-02-28 21:14:50.100000 account insert order, id = strategy0_19, price = 4727.0, direction = ORDER_DIRECTION.SELL, code = rb888.shfe
2022-09-08 09:14:27 [com.tq.yuxuan.xxljob.task.MyTask#demoJobHandler]-[44]-[xxl-job, JobThread-5-1662599654818] 2022-02-28 21:14:50.200000 market receive order, id = strategy0_19, price = 4727.0, direction = ORDER_DIRECTION.SELL, code = rb888.shfe
2022-09-08 09:14:27 [com.tq.yuxuan.xxljob.task.MyTask#demoJobHandler]-[44]-[xxl-job, JobThread-5-1662599654818] 2022-02-28 21:14:51.100000 market match order, id = strategy0_19, info = ('strategy0_19', 4, 4727.0, 1), code = rb888.shfe
2022-09-08 09:14:27 [com.tq.yuxuan.xxljob.task.MyTask#demoJobHandler]-[44]-[xxl-job, JobThread-5-1662599654818] 2022-02-28 21:15:36.100000 account insert order, id = strategy0_20, price = 4727.0, direction = ORDER_DIRECTION.BUY, code = rb999.shfe
2022-09-08 09:14:27 [com.tq.yuxuan.xxljob.task.MyTask#demoJobHandler]-[44]-[xxl-job, JobThread-5-1662599654818] 2022-02-28 21:15:36.200000 market receive order, id = strategy0_20, price = 4727.0, direction = ORDER_DIRECTION.BUY, code = rb999.shfe
2022-09-08 09:14:27 [com.tq.yuxuan.xxljob.task.MyTask#demoJobHandler]-[44]-[xxl-job, JobThread-5-1662599654818] 2022-02-28 21:15:41.100000 account insert order, id = strategy0_21, price = 4729.0, direction = ORDER_DIRECTION.SELL, code = rb999.shfe
2022-09-08 09:14:27 [com.tq.yuxuan.xxljob.task.MyTask#demoJobHandler]-[44]-[xxl-job, JobThread-5-1662599654818] 2022-02-28 21:15:41.200000 market receive order, id = strategy0_21, price = 4729.0, direction = ORDER_DIRECTION.SELL, code = rb999.shfe
2022-09-08 09:14:27 [com.tq.yuxuan.xxljob.task.MyTask#demoJobHandler]-[44]-[xxl-job, JobThread-5-1662599654818] 2022-02-28 21:15:41.200000 market match order, id = strategy0_21, info = ('strategy0_21', 4, 4729.0, 1), code = rb999.shfe
2022-09-08 09:14:27 [com.tq.yuxuan.xxljob.task.MyTask#demoJobHandler]-[44]-[xxl-job, JobThread-5-1662599654818] 2022-02-28 21:15:42.100000 account insert order, id = strategy1_21, price = 4729.0, direction = ORDER_DIRECTION.BUY, code = rb888.shfe
2022-09-08 09:14:27 [com.tq.yuxuan.xxljob.task.MyTask#demoJobHandler]-[44]-[xxl-job, JobThread-5-1662599654818] 2022-02-28 21:15:42.100000 account cancel order, id = strategy0_20, price = 4727.0, direction = ORDER_DIRECTION.BUY, code = rb999.shfe
2022-09-08 09:14:27 [com.tq.yuxuan.xxljob.task.MyTask#demoJobHandler]-[44]-[xxl-job, JobThread-5-1662599654818] 2022-02-28 21:15:42.200000 market receive order, id = strategy1_21, price = 4729.0, direction = ORDER_DIRECTION.BUY, code = rb888.shfe
2022-09-08 09:14:27 [com.tq.yuxuan.xxljob.task.MyTask#demoJobHandler]-[44]-[xxl-job, JobThread-5-1662599654818] 2022-02-28 21:15:42.200000 market match order, id = strategy1_21, info = ('strategy1_21', 4, 4729.0, 1), code = rb888.shfe
2022-09-08 09:14:27 [com.tq.yuxuan.xxljob.task.MyTask#demoJobHandler]-[44]-[xxl-job, JobThread-5-1662599654818] 2022-02-28 21:15:42.200000 market match order, id = strategy0_20, info = ('strategy0_20', 5, None, None), code = rb999.shfe
2022-09-08 09:14:27 [com.tq.yuxuan.xxljob.task.MyTask#demoJobHandler]-[44]-[xxl-job, JobThread-5-1662599654818] 2022-02-28 21:15:46.100000 account insert order, id = strategy1_22, price = 4729.0, direction = ORDER_DIRECTION.BUY, code = rb888.shfe
2022-09-08 09:14:27 [com.tq.yuxuan.xxljob.task.MyTask#demoJobHandler]-[44]-[xxl-job, JobThread-5-1662599654818] 2022-02-28 21:15:46.200000 market receive order, id = strategy1_22, price = 4729.0, direction = ORDER_DIRECTION.BUY, code = rb888.shfe
2022-09-08 09:14:27 [com.tq.yuxuan.xxljob.task.MyTask#demoJobHandler]-[44]-[xxl-job, JobThread-5-1662599654818] 2022-02-28 21:15:47.100000 account insert order, id = strategy0_22, price = 4730.0, direction = ORDER_DIRECTION.SELL, code = rb888.shfe
2022-09-08 09:14:27 [com.tq.yuxuan.xxljob.task.MyTask#demoJobHandler]-[44]-[xxl-job, JobThread-5-1662599654818] 2022-02-28 21:15:47.200000 market receive order, id = strategy0_22, price = 4730.0, direction = ORDER_DIRECTION.SELL, code = rb888.shfe
2022-09-08 09:14:27 [com.tq.yuxuan.xxljob.task.MyTask#demoJobHandler]-[44]-[xxl-job, JobThread-5-1662599654818] 2022-02-28 21:15:48.100000 account cancel order, id = strategy1_22, price = 4729.0, direction = ORDER_DIRECTION.BUY, code = rb888.shfe
2022-09-08 09:14:27 [com.tq.yuxuan.xxljob.task.MyTask#demoJobHandler]-[44]-[xxl-job, JobThread-5-1662599654818] 2022-02-28 21:15:48.200000 market match order, id = strategy1_22, info = ('strategy1_22', 5, None, None), code = rb888.shfe
2022-09-08 09:14:27 [com.tq.yuxuan.xxljob.task.MyTask#demoJobHandler]-[44]-[xxl-job, JobThread-5-1662599654818] 2022-02-28 21:15:50.100000 account cancel order, id = strategy0_22, price = 4730.0, direction = ORDER_DIRECTION.SELL, code = rb888.shfe
2022-09-08 09:14:27 [com.tq.yuxuan.xxljob.task.MyTask#demoJobHandler]-[44]-[xxl-job, JobThread-5-1662599654818] 2022-02-28 21:15:50.200000 market match order, id = strategy0_22, info = ('strategy0_22', 5, None, None), code = rb888.shfe
2022-09-08 09:14:27 [com.tq.yuxuan.xxljob.task.MyTask#demoJobHandler]-[44]-[xxl-job, JobThread-5-1662599654818] 2022-02-28 21:16:01.100000 account insert order, id = strategy1_23, price = 4734.0, direction = ORDER_DIRECTION.SELL, code = rb999.shfe
2022-09-08 09:14:27 [com.tq.yuxuan.xxljob.task.MyTask#demoJobHandler]-[44]-[xxl-job, JobThread-5-1662599654818] 2022-02-28 21:16:01.200000 market receive order, id = strategy1_23, price = 4734.0, direction = ORDER_DIRECTION.SELL, code = rb999.shfe
2022-09-08 09:14:27 [com.tq.yuxuan.xxljob.task.MyTask#demoJobHandler]-[44]-[xxl-job, JobThread-5-1662599654818] 2022-02-28 21:16:03.100000 market match order, id = strategy1_23, info = ('strategy1_23', 4, 4734.0, 1), code = rb999.shfe
2022-09-08 09:14:27 [com.tq.yuxuan.xxljob.task.MyTask#demoJobHandler]-[44]-[xxl-job, JobThread-5-1662599654818] 2022-02-28 21:16:33.100000 account insert order, id = strategy0_23, price = 4729.0, direction = ORDER_DIRECTION.SELL, code = rb888.shfe
2022-09-08 09:14:27 [com.tq.yuxuan.xxljob.task.MyTask#demoJobHandler]-[44]-[xxl-job, JobThread-5-1662599654818] 2022-02-28 21:16:33.200000 market receive order, id = strategy0_23, price = 4729.0, direction = ORDER_DIRECTION.SELL, code = rb888.shfe
2022-09-08 09:14:27 [com.tq.yuxuan.xxljob.task.MyTask#demoJobHandler]-[44]-[xxl-job, JobThread-5-1662599654818] 2022-02-28 21:16:34.100000 account insert order, id = strategy0_24, price = 4728.0, direction = ORDER_DIRECTION.BUY, code = rb888.shfe
2022-09-08 09:14:27 [com.tq.yuxuan.xxljob.task.MyTask#demoJobHandler]-[44]-[xxl-job, JobThread-5-1662599654818] 2022-02-28 21:16:34.100000 account cancel order, id = strategy0_23, price = 4729.0, direction = ORDER_DIRECTION.SELL, code = rb888.shfe
2022-09-08 09:14:27 [com.tq.yuxuan.xxljob.task.MyTask#demoJobHandler]-[44]-[xxl-job, JobThread-5-1662599654818] 2022-02-28 21:16:34.200000 market receive order, id = strategy0_24, price = 4728.0, direction = ORDER_DIRECTION.BUY, code = rb888.shfe
2022-09-08 09:14:27 [com.tq.yuxuan.xxljob.task.MyTask#demoJobHandler]-[44]-[xxl-job, JobThread-5-1662599654818] 2022-02-28 21:16:34.200000 market match order, id = strategy0_23, info = ('strategy0_23', 5, None, None), code = rb888.shfe
2022-09-08 09:14:27 [com.tq.yuxuan.xxljob.task.MyTask#demoJobHandler]-[44]-[xxl-job, JobThread-5-1662599654818] 2022-02-28 21:16:37.100000 account cancel order, id = strategy0_24, price = 4728.0, direction = ORDER_DIRECTION.BUY, code = rb888.shfe
2022-09-08 09:14:27 [com.tq.yuxuan.xxljob.task.MyTask#demoJobHandler]-[44]-[xxl-job, JobThread-5-1662599654818] 2022-02-28 21:16:37.200000 market match order, id = strategy0_24, info = ('strategy0_24', 5, None, None), code = rb888.shfe
2022-09-08 09:14:27 [com.tq.yuxuan.xxljob.task.MyTask#demoJobHandler]-[44]-[xxl-job, JobThread-5-1662599654818] 2022-02-28 21:16:40.100000 account insert order, id = strategy1_24, price = 4730.0, direction = ORDER_DIRECTION.BUY, code = rb888.shfe
2022-09-08 09:14:27 [com.tq.yuxuan.xxljob.task.MyTask#demoJobHandler]-[44]-[xxl-job, JobThread-5-1662599654818] 2022-02-28 21:16:40.200000 market receive order, id = strategy1_24, price = 4730.0, direction = ORDER_DIRECTION.BUY, code = rb888.shfe
2022-09-08 09:14:27 [com.tq.yuxuan.xxljob.task.MyTask#demoJobHandler]-[44]-[xxl-job, JobThread-5-1662599654818] 2022-02-28 21:16:42.100000 market match order, id = strategy1_24, info = ('strategy1_24', 4, 4730.0, 1), code = rb888.shfe
2022-09-08 09:14:27 [com.tq.yuxuan.xxljob.task.MyTask#demoJobHandler]-[44]-[xxl-job, JobThread-5-1662599654818] 2022-02-28 21:16:43.100000 account insert order, id = strategy1_25, price = 4730.0, direction = ORDER_DIRECTION.SELL, code = rb888.shfe
2022-09-08 09:14:27 [com.tq.yuxuan.xxljob.task.MyTask#demoJobHandler]-[44]-[xxl-job, JobThread-5-1662599654818] 2022-02-28 21:16:43.200000 market receive order, id = strategy1_25, price = 4730.0, direction = ORDER_DIRECTION.SELL, code = rb888.shfe
2022-09-08 09:14:27 [com.tq.yuxuan.xxljob.task.MyTask#demoJobHandler]-[44]-[xxl-job, JobThread-5-1662599654818] 2022-02-28 21:16:44.100000 missing order strategy1_25 @ cancelling...
2022-09-08 09:14:27 [com.tq.yuxuan.xxljob.task.MyTask#demoJobHandler]-[44]-[xxl-job, JobThread-5-1662599654818] 2022-02-28 21:16:44.100000 account cancel order, id = strategy1_25, price = 4730.0, direction = ORDER_DIRECTION.SELL, code = rb888.shfe
2022-09-08 09:14:27 [com.tq.yuxuan.xxljob.task.MyTask#demoJobHandler]-[44]-[xxl-job, JobThread-5-1662599654818] 2022-02-28 21:16:44.100000 market match order, id = strategy1_25, info = ('strategy1_25', 4, 4730.0, 1), code = rb888.shfe
2022-09-08 09:14:27 [com.tq.yuxuan.xxljob.task.MyTask#demoJobHandler]-[44]-[xxl-job, JobThread-5-1662599654818] 2022-02-28 21:17:14.100000 account insert order, id = strategy1_26, price = 4728.0, direction = ORDER_DIRECTION.BUY, code = rb888.shfe
2022-09-08 09:14:27 [com.tq.yuxuan.xxljob.task.MyTask#demoJobHandler]-[44]-[xxl-job, JobThread-5-1662599654818] 2022-02-28 21:17:14.200000 market receive order, id = strategy1_26, price = 4728.0, direction = ORDER_DIRECTION.BUY, code = rb888.shfe
2022-09-08 09:14:27 [com.tq.yuxuan.xxljob.task.MyTask#demoJobHandler]-[44]-[xxl-job, JobThread-5-1662599654818] 2022-02-28 21:17:17.100000 account cancel order, id = strategy1_26, price = 4728.0, direction = ORDER_DIRECTION.BUY, code = rb888.shfe
2022-09-08 09:14:27 [com.tq.yuxuan.xxljob.task.MyTask#demoJobHandler]-[44]-[xxl-job, JobThread-5-1662599654818] 2022-02-28 21:17:17.200000 market match order, id = strategy1_26, info = ('strategy1_26', 5, None, None), code = rb888.shfe
2022-09-08 09:14:27 [com.tq.yuxuan.xxljob.task.MyTask#demoJobHandler]-[44]-[xxl-job, JobThread-5-1662599654818] 2022-02-28 21:17:23.100000 account insert order, id = strategy1_27, price = 4726.0, direction = ORDER_DIRECTION.BUY, code = rb999.shfe
2022-09-08 09:14:27 [com.tq.yuxuan.xxljob.task.MyTask#demoJobHandler]-[44]-[xxl-job, JobThread-5-1662599654818] 2022-02-28 21:17:23.200000 market receive order, id = strategy1_27, price = 4726.0, direction = ORDER_DIRECTION.BUY, code = rb999.shfe
2022-09-08 09:14:27 [com.tq.yuxuan.xxljob.task.MyTask#demoJobHandler]-[44]-[xxl-job, JobThread-5-1662599654818] 2022-02-28 21:17:24.100000 account cancel order, id = strategy1_27, price = 4726.0, direction = ORDER_DIRECTION.BUY, code = rb999.shfe
2022-09-08 09:14:27 [com.tq.yuxuan.xxljob.task.MyTask#demoJobHandler]-[44]-[xxl-job, JobThread-5-1662599654818] 2022-02-28 21:17:24.200000 market match order, id = strategy1_27, info = ('strategy1_27', 5, None, None), code = rb999.shfe
2022-09-08 09:14:27 [com.tq.yuxuan.xxljob.task.MyTask#demoJobHandler]-[44]-[xxl-job, JobThread-5-1662599654818] 2022-02-28 21:18:13.100000 account insert order, id = strategy0_25, price = 4729.0, direction = ORDER_DIRECTION.BUY, code = rb999.shfe
2022-09-08 09:14:27 [com.tq.yuxuan.xxljob.task.MyTask#demoJobHandler]-[44]-[xxl-job, JobThread-5-1662599654818] 2022-02-28 21:18:13.200000 market receive order, id = strategy0_25, price = 4729.0, direction = ORDER_DIRECTION.BUY, code = rb999.shfe
2022-09-08 09:14:27 [com.tq.yuxuan.xxljob.task.MyTask#demoJobHandler]-[44]-[xxl-job, JobThread-5-1662599654818] 2022-02-28 21:18:14.100000 missing order strategy0_25 @ cancelling...
2022-09-08 09:14:27 [com.tq.yuxuan.xxljob.task.MyTask#demoJobHandler]-[44]-[xxl-job, JobThread-5-1662599654818] 2022-02-28 21:18:14.100000 account cancel order, id = strategy0_25, price = 4729.0, direction = ORDER_DIRECTION.BUY, code = rb999.shfe
2022-09-08 09:14:27 [com.tq.yuxuan.xxljob.task.MyTask#demoJobHandler]-[44]-[xxl-job, JobThread-5-1662599654818] 2022-02-28 21:18:14.100000 market match order, id = strategy0_25, info = ('strategy0_25', 4, 4729.0, 1), code = rb999.shfe
2022-09-08 09:14:27 [com.tq.yuxuan.xxljob.task.MyTask#demoJobHandler]-[44]-[xxl-job, JobThread-5-1662599654818] 2022-02-28 21:18:33.100000 account insert order, id = strategy1_28, price = 4731.0, direction = ORDER_DIRECTION.SELL, code = rb888.shfe
2022-09-08 09:14:27 [com.tq.yuxuan.xxljob.task.MyTask#demoJobHandler]-[44]-[xxl-job, JobThread-5-1662599654818] 2022-02-28 21:18:33.200000 market receive order, id = strategy1_28, price = 4731.0, direction = ORDER_DIRECTION.SELL, code = rb888.shfe
2022-09-08 09:14:27 [com.tq.yuxuan.xxljob.task.MyTask#demoJobHandler]-[44]-[xxl-job, JobThread-5-1662599654818] 2022-02-28 21:18:38.100000 account cancel order, id = strategy1_28, price = 4731.0, direction = ORDER_DIRECTION.SELL, code = rb888.shfe
2022-09-08 09:14:27 [com.tq.yuxuan.xxljob.task.MyTask#demoJobHandler]-[44]-[xxl-job, JobThread-5-1662599654818] 2022-02-28 21:18:38.200000 market match order, id = strategy1_28, info = ('strategy1_28', 5, None, None), code = rb888.shfe
2022-09-08 09:14:27 [com.tq.yuxuan.xxljob.task.MyTask#demoJobHandler]-[44]-[xxl-job, JobThread-5-1662599654818] 2022-02-28 21:18:43.100000 account insert order, id = strategy0_26, price = 4730.0, direction = ORDER_DIRECTION.SELL, code = rb888.shfe
2022-09-08 09:14:27 [com.tq.yuxuan.xxljob.task.MyTask#demoJobHandler]-[44]-[xxl-job, JobThread-5-1662599654818] 2022-02-28 21:18:43.200000 market receive order, id = strategy0_26, price = 4730.0, direction = ORDER_DIRECTION.SELL, code = rb888.shfe
2022-09-08 09:14:27 [com.tq.yuxuan.xxljob.task.MyTask#demoJobHandler]-[44]-[xxl-job, JobThread-5-1662599654818] 2022-02-28 21:18:49.100000 account insert order, id = strategy1_29, price = 4729.0, direction = ORDER_DIRECTION.BUY, code = rb999.shfe
2022-09-08 09:14:27 [com.tq.yuxuan.xxljob.task.MyTask#demoJobHandler]-[44]-[xxl-job, JobThread-5-1662599654818] 2022-02-28 21:18:49.100000 market match order, id = strategy0_26, info = ('strategy0_26', 4, 4730.0, 1), code = rb888.shfe
2022-09-08 09:14:27 [com.tq.yuxuan.xxljob.task.MyTask#demoJobHandler]-[44]-[xxl-job, JobThread-5-1662599654818] 2022-02-28 21:18:49.200000 market receive order, id = strategy1_29, price = 4729.0, direction = ORDER_DIRECTION.BUY, code = rb999.shfe
2022-09-08 09:14:27 [com.tq.yuxuan.xxljob.task.MyTask#demoJobHandler]-[44]-[xxl-job, JobThread-5-1662599654818] 2022-02-28 21:18:53.100000 missing order strategy1_29 @ cancelling...
2022-09-08 09:14:27 [com.tq.yuxuan.xxljob.task.MyTask#demoJobHandler]-[44]-[xxl-job, JobThread-5-1662599654818] 2022-02-28 21:18:53.100000 account cancel order, id = strategy1_29, price = 4729.0, direction = ORDER_DIRECTION.BUY, code = rb999.shfe
2022-09-08 09:14:27 [com.tq.yuxuan.xxljob.task.MyTask#demoJobHandler]-[44]-[xxl-job, JobThread-5-1662599654818] 2022-02-28 21:18:53.100000 market match order, id = strategy1_29, info = ('strategy1_29', 4, 4729.0, 1), code = rb999.shfe
2022-09-08 09:14:27 [com.tq.yuxuan.xxljob.task.MyTask#demoJobHandler]-[44]-[xxl-job, JobThread-5-1662599654818] 2022-02-28 21:19:14.100000 account insert order, id = strategy1_30, price = 4729.0, direction = ORDER_DIRECTION.BUY, code = rb999.shfe
2022-09-08 09:14:27 [com.tq.yuxuan.xxljob.task.MyTask#demoJobHandler]-[44]-[xxl-job, JobThread-5-1662599654818] 2022-02-28 21:19:14.200000 market receive order, id = strategy1_30, price = 4729.0, direction = ORDER_DIRECTION.BUY, code = rb999.shfe
2022-09-08 09:14:27 [com.tq.yuxuan.xxljob.task.MyTask#demoJobHandler]-[44]-[xxl-job, JobThread-5-1662599654818] 2022-02-28 21:19:23.100000 account cancel order, id = strategy1_30, price = 4729.0, direction = ORDER_DIRECTION.BUY, code = rb999.shfe
2022-09-08 09:14:27 [com.tq.yuxuan.xxljob.task.MyTask#demoJobHandler]-[44]-[xxl-job, JobThread-5-1662599654818] 2022-02-28 21:19:23.200000 market match order, id = strategy1_30, info = ('strategy1_30', 5, None, None), code = rb999.shfe
2022-09-08 09:14:27 [com.tq.yuxuan.xxljob.task.MyTask#demoJobHandler]-[44]-[xxl-job, JobThread-5-1662599654818] 2022-02-28 21:19:34.100000 account insert order, id = strategy1_31, price = 4729.0, direction = ORDER_DIRECTION.BUY, code = rb999.shfe
2022-09-08 09:14:27 [com.tq.yuxuan.xxljob.task.MyTask#demoJobHandler]-[44]-[xxl-job, JobThread-5-1662599654818] 2022-02-28 21:19:34.200000 market receive order, id = strategy1_31, price = 4729.0, direction = ORDER_DIRECTION.BUY, code = rb999.shfe
2022-09-08 09:14:27 [com.tq.yuxuan.xxljob.task.MyTask#demoJobHandler]-[44]-[xxl-job, JobThread-5-1662599654818] 2022-02-28 21:19:35.100000 account cancel order, id = strategy1_31, price = 4729.0, direction = ORDER_DIRECTION.BUY, code = rb999.shfe
2022-09-08 09:14:27 [com.tq.yuxuan.xxljob.task.MyTask#demoJobHandler]-[44]-[xxl-job, JobThread-5-1662599654818] 2022-02-28 21:19:35.200000 market match order, id = strategy1_31, info = ('strategy1_31', 5, None, None), code = rb999.shfe
2022-09-08 09:14:27 [com.tq.yuxuan.xxljob.task.MyTask#demoJobHandler]-[44]-[xxl-job, JobThread-5-1662599654818] 2022-02-28 21:20:32.100000 account insert order, id = strategy1_32, price = 4731.0, direction = ORDER_DIRECTION.SELL, code = rb888.shfe
2022-09-08 09:14:27 [com.tq.yuxuan.xxljob.task.MyTask#demoJobHandler]-[44]-[xxl-job, JobThread-5-1662599654818] 2022-02-28 21:20:32.200000 market receive order, id = strategy1_32, price = 4731.0, direction = ORDER_DIRECTION.SELL, code = rb888.shfe
2022-09-08 09:14:27 [com.tq.yuxuan.xxljob.task.MyTask#demoJobHandler]-[44]-[xxl-job, JobThread-5-1662599654818] 2022-02-28 21:20:34.100000 account cancel order, id = strategy1_32, price = 4731.0, direction = ORDER_DIRECTION.SELL, code = rb888.shfe
2022-09-08 09:14:27 [com.tq.yuxuan.xxljob.task.MyTask#demoJobHandler]-[44]-[xxl-job, JobThread-5-1662599654818] 2022-02-28 21:20:34.200000 market match order, id = strategy1_32, info = ('strategy1_32', 5, None, None), code = rb888.shfe
2022-09-08 09:14:27 [com.tq.yuxuan.xxljob.task.MyTask#demoJobHandler]-[44]-[xxl-job, JobThread-5-1662599654818] 2022-02-28 21:20:37.100000 account insert order, id = strategy1_33, price = 4729.0, direction = ORDER_DIRECTION.SELL, code = rb888.shfe
2022-09-08 09:14:27 [com.tq.yuxuan.xxljob.task.MyTask#demoJobHandler]-[44]-[xxl-job, JobThread-5-1662599654818] 2022-02-28 21:20:37.200000 market receive order, id = strategy1_33, price = 4729.0, direction = ORDER_DIRECTION.SELL, code = rb888.shfe
2022-09-08 09:14:27 [com.tq.yuxuan.xxljob.task.MyTask#demoJobHandler]-[44]-[xxl-job, JobThread-5-1662599654818] 2022-02-28 21:20:37.200000 market match order, id = strategy1_33, info = ('strategy1_33', 4, 4729.0, 1), code = rb888.shfe
2022-09-08 09:14:27 [com.tq.yuxuan.xxljob.task.MyTask#demoJobHandler]-[44]-[xxl-job, JobThread-5-1662599654818] 2022-02-28 21:20:39.100000 account insert order, id = strategy1_34, price = 4729.0, direction = ORDER_DIRECTION.BUY, code = rb888.shfe
2022-09-08 09:14:27 [com.tq.yuxuan.xxljob.task.MyTask#demoJobHandler]-[44]-[xxl-job, JobThread-5-1662599654818] 2022-02-28 21:20:39.200000 market receive order, id = strategy1_34, price = 4729.0, direction = ORDER_DIRECTION.BUY, code = rb888.shfe
2022-09-08 09:14:27 [com.tq.yuxuan.xxljob.task.MyTask#demoJobHandler]-[44]-[xxl-job, JobThread-5-1662599654818] 2022-02-28 21:20:40.100000 market match order, id = strategy1_34, info = ('strategy1_34', 4, 4729.0, 1), code = rb888.shfe
2022-09-08 09:14:27 [com.tq.yuxuan.xxljob.task.MyTask#demoJobHandler]-[44]-[xxl-job, JobThread-5-1662599654818] 2022-02-28 21:20:41.100000 account insert order, id = strategy0_27, price = 4729.0, direction = ORDER_DIRECTION.SELL, code = rb999.shfe
2022-09-08 09:14:27 [com.tq.yuxuan.xxljob.task.MyTask#demoJobHandler]-[44]-[xxl-job, JobThread-5-1662599654818] 2022-02-28 21:20:41.200000 market receive order, id = strategy0_27, price = 4729.0, direction = ORDER_DIRECTION.SELL, code = rb999.shfe
2022-09-08 09:14:27 [com.tq.yuxuan.xxljob.task.MyTask#demoJobHandler]-[44]-[xxl-job, JobThread-5-1662599654818] 2022-02-28 21:20:42.100000 account insert order, id = strategy1_35, price = 4729.0, direction = ORDER_DIRECTION.SELL, code = rb888.shfe
2022-09-08 09:14:27 [com.tq.yuxuan.xxljob.task.MyTask#demoJobHandler]-[44]-[xxl-job, JobThread-5-1662599654818] 2022-02-28 21:20:42.100000 account cancel order, id = strategy0_27, price = 4729.0, direction = ORDER_DIRECTION.SELL, code = rb999.shfe
2022-09-08 09:14:27 [com.tq.yuxuan.xxljob.task.MyTask#demoJobHandler]-[44]-[xxl-job, JobThread-5-1662599654818] 2022-02-28 21:20:42.200000 market receive order, id = strategy1_35, price = 4729.0, direction = ORDER_DIRECTION.SELL, code = rb888.shfe
2022-09-08 09:14:27 [com.tq.yuxuan.xxljob.task.MyTask#demoJobHandler]-[44]-[xxl-job, JobThread-5-1662599654818] 2022-02-28 21:20:42.200000 market match order, id = strategy0_27, info = ('strategy0_27', 5, None, None), code = rb999.shfe
2022-09-08 09:14:27 [com.tq.yuxuan.xxljob.task.MyTask#demoJobHandler]-[44]-[xxl-job, JobThread-5-1662599654818] 2022-02-28 21:20:44.100000 market match order, id = strategy1_35, info = ('strategy1_35', 4, 4729.0, 1), code = rb888.shfe
2022-09-08 09:14:27 [com.tq.yuxuan.xxljob.task.MyTask#demoJobHandler]-[44]-[xxl-job, JobThread-5-1662599654818] 2022-02-28 21:20:52.100000 account insert order, id = strategy1_36, price = 4727.0, direction = ORDER_DIRECTION.SELL, code = rb888.shfe
2022-09-08 09:14:27 [com.tq.yuxuan.xxljob.task.MyTask#demoJobHandler]-[44]-[xxl-job, JobThread-5-1662599654818] 2022-02-28 21:20:52.200000 market receive order, id = strategy1_36, price = 4727.0, direction = ORDER_DIRECTION.SELL, code = rb888.shfe
2022-09-08 09:14:27 [com.tq.yuxuan.xxljob.task.MyTask#demoJobHandler]-[44]-[xxl-job, JobThread-5-1662599654818] 2022-02-28 21:20:53.100000 account cancel order, id = strategy1_36, price = 4727.0, direction = ORDER_DIRECTION.SELL, code = rb888.shfe
2022-09-08 09:14:27 [com.tq.yuxuan.xxljob.task.MyTask#demoJobHandler]-[44]-[xxl-job, JobThread-5-1662599654818] 2022-02-28 21:20:53.200000 market match order, id = strategy1_36, info = ('strategy1_36', 5, None, None), code = rb888.shfe
2022-09-08 09:14:27 [com.tq.yuxuan.xxljob.task.MyTask#demoJobHandler]-[44]-[xxl-job, JobThread-5-1662599654818] 2022-02-28 21:20:59.100000 account insert order, id = strategy0_28, price = 4725.0, direction = ORDER_DIRECTION.BUY, code = rb888.shfe
2022-09-08 09:14:27 [com.tq.yuxuan.xxljob.task.MyTask#demoJobHandler]-[44]-[xxl-job, JobThread-5-1662599654818] 2022-02-28 21:20:59.200000 market receive order, id = strategy0_28, price = 4725.0, direction = ORDER_DIRECTION.BUY, code = rb888.shfe
2022-09-08 09:14:27 [com.tq.yuxuan.xxljob.task.MyTask#demoJobHandler]-[44]-[xxl-job, JobThread-5-1662599654818] 2022-02-28 21:21:01.100000 account cancel order, id = strategy0_28, price = 4725.0, direction = ORDER_DIRECTION.BUY, code = rb888.shfe
2022-09-08 09:14:27 [com.tq.yuxuan.xxljob.task.MyTask#demoJobHandler]-[44]-[xxl-job, JobThread-5-1662599654818] 2022-02-28 21:21:01.200000 market match order, id = strategy0_28, info = ('strategy0_28', 5, None, None), code = rb888.shfe
2022-09-08 09:14:27 [com.tq.yuxuan.xxljob.task.MyTask#demoJobHandler]-[44]-[xxl-job, JobThread-5-1662599654818] 2022-02-28 21:21:14.100000 account insert order, id = strategy1_37, price = 4729.0, direction = ORDER_DIRECTION.SELL, code = rb888.shfe
2022-09-08 09:14:27 [com.tq.yuxuan.xxljob.task.MyTask#demoJobHandler]-[44]-[xxl-job, JobThread-5-1662599654818] 2022-02-28 21:21:14.200000 market receive order, id = strategy1_37, price = 4729.0, direction = ORDER_DIRECTION.SELL, code = rb888.shfe
2022-09-08 09:14:27 [com.tq.yuxuan.xxljob.task.MyTask#demoJobHandler]-[44]-[xxl-job, JobThread-5-1662599654818] 2022-02-28 21:21:16.100000 market match order, id = strategy1_37, info = ('strategy1_37', 4, 4729.0, 1), code = rb888.shfe
2022-09-08 09:14:27 [com.tq.yuxuan.xxljob.task.MyTask#demoJobHandler]-[44]-[xxl-job, JobThread-5-1662599654818] 2022-02-28 21:21:29.100000 account insert order, id = strategy1_38, price = 4729.0, direction = ORDER_DIRECTION.BUY, code = rb888.shfe
2022-09-08 09:14:27 [com.tq.yuxuan.xxljob.task.MyTask#demoJobHandler]-[44]-[xxl-job, JobThread-5-1662599654818] 2022-02-28 21:21:29.200000 market receive order, id = strategy1_38, price = 4729.0, direction = ORDER_DIRECTION.BUY, code = rb888.shfe
2022-09-08 09:14:27 [com.tq.yuxuan.xxljob.task.MyTask#demoJobHandler]-[44]-[xxl-job, JobThread-5-1662599654818] 2022-02-28 21:21:29.200000 market match order, id = strategy1_38, info = ('strategy1_38', 4, 4729.0, 1), code = rb888.shfe
2022-09-08 09:14:27 [com.tq.yuxuan.xxljob.task.MyTask#demoJobHandler]-[44]-[xxl-job, JobThread-5-1662599654818] 2022-02-28 21:22:09.100000 account insert order, id = strategy1_39, price = 4731.0, direction = ORDER_DIRECTION.SELL, code = rb888.shfe
2022-09-08 09:14:27 [com.tq.yuxuan.xxljob.task.MyTask#demoJobHandler]-[44]-[xxl-job, JobThread-5-1662599654818] 2022-02-28 21:22:09.200000 market receive order, id = strategy1_39, price = 4731.0, direction = ORDER_DIRECTION.SELL, code = rb888.shfe
2022-09-08 09:14:27 [com.tq.yuxuan.xxljob.task.MyTask#demoJobHandler]-[44]-[xxl-job, JobThread-5-1662599654818] 2022-02-28 21:22:11.100000 market match order, id = strategy1_39, info = ('strategy1_39', 4, 4731.0, 1), code = rb888.shfe
2022-09-08 09:14:27 [com.tq.yuxuan.xxljob.task.MyTask#demoJobHandler]-[44]-[xxl-job, JobThread-5-1662599654818] 2022-02-28 21:22:18.100000 account insert order, id = strategy0_29, price = 4731.0, direction = ORDER_DIRECTION.BUY, code = rb999.shfe
2022-09-08 09:14:27 [com.tq.yuxuan.xxljob.task.MyTask#demoJobHandler]-[44]-[xxl-job, JobThread-5-1662599654818] 2022-02-28 21:22:18.200000 market receive order, id = strategy0_29, price = 4731.0, direction = ORDER_DIRECTION.BUY, code = rb999.shfe
2022-09-08 09:14:27 [com.tq.yuxuan.xxljob.task.MyTask#demoJobHandler]-[44]-[xxl-job, JobThread-5-1662599654818] 2022-02-28 21:22:20.100000 account cancel order, id = strategy0_29, price = 4731.0, direction = ORDER_DIRECTION.BUY, code = rb999.shfe
2022-09-08 09:14:27 [com.tq.yuxuan.xxljob.task.MyTask#demoJobHandler]-[44]-[xxl-job, JobThread-5-1662599654818] 2022-02-28 21:22:20.200000 market match order, id = strategy0_29, info = ('strategy0_29', 5, None, None), code = rb999.shfe
2022-09-08 09:14:27 [com.tq.yuxuan.xxljob.task.MyTask#demoJobHandler]-[44]-[xxl-job, JobThread-5-1662599654818] 2022-02-28 21:24:00.100000 account insert order, id = strategy0_30, price = 4732.0, direction = ORDER_DIRECTION.SELL, code = rb999.shfe
2022-09-08 09:14:27 [com.tq.yuxuan.xxljob.task.MyTask#demoJobHandler]-[44]-[xxl-job, JobThread-5-1662599654818] 2022-02-28 21:24:00.200000 market receive order, id = strategy0_30, price = 4732.0, direction = ORDER_DIRECTION.SELL, code = rb999.shfe
2022-09-08 09:14:27 [com.tq.yuxuan.xxljob.task.MyTask#demoJobHandler]-[44]-[xxl-job, JobThread-5-1662599654818] 2022-02-28 21:24:00.200000 market match order, id = strategy0_30, info = ('strategy0_30', 4, 4732.0, 1), code = rb999.shfe
2022-09-08 09:14:27 [com.tq.yuxuan.xxljob.task.MyTask#demoJobHandler]-[44]-[xxl-job, JobThread-5-1662599654818] 2022-02-28 21:24:15.100000 account insert order, id = strategy0_31, price = 4733.0, direction = ORDER_DIRECTION.SELL, code = rb888.shfe
2022-09-08 09:14:27 [com.tq.yuxuan.xxljob.task.MyTask#demoJobHandler]-[44]-[xxl-job, JobThread-5-1662599654818] 2022-02-28 21:24:15.200000 market receive order, id = strategy0_31, price = 4733.0, direction = ORDER_DIRECTION.SELL, code = rb888.shfe
2022-09-08 09:14:27 [com.tq.yuxuan.xxljob.task.MyTask#demoJobHandler]-[44]-[xxl-job, JobThread-5-1662599654818] 2022-02-28 21:24:17.100000 account cancel order, id = strategy0_31, price = 4733.0, direction = ORDER_DIRECTION.SELL, code = rb888.shfe
2022-09-08 09:14:27 [com.tq.yuxuan.xxljob.task.MyTask#demoJobHandler]-[44]-[xxl-job, JobThread-5-1662599654818] 2022-02-28 21:24:17.200000 market match order, id = strategy0_31, info = ('strategy0_31', 5, None, None), code = rb888.shfe
2022-09-08 09:14:27 [com.tq.yuxuan.xxljob.task.MyTask#demoJobHandler]-[44]-[xxl-job, JobThread-5-1662599654818] 2022-02-28 21:24:38.100000 account insert order, id = strategy0_32, price = 4731.0, direction = ORDER_DIRECTION.BUY, code = rb888.shfe
2022-09-08 09:14:27 [com.tq.yuxuan.xxljob.task.MyTask#demoJobHandler]-[44]-[xxl-job, JobThread-5-1662599654818] 2022-02-28 21:24:38.200000 market receive order, id = strategy0_32, price = 4731.0, direction = ORDER_DIRECTION.BUY, code = rb888.shfe
2022-09-08 09:14:27 [com.tq.yuxuan.xxljob.task.MyTask#demoJobHandler]-[44]-[xxl-job, JobThread-5-1662599654818] 2022-02-28 21:24:41.100000 missing order strategy0_32 @ cancelling...
2022-09-08 09:14:27 [com.tq.yuxuan.xxljob.task.MyTask#demoJobHandler]-[44]-[xxl-job, JobThread-5-1662599654818] 2022-02-28 21:24:41.100000 account cancel order, id = strategy0_32, price = 4731.0, direction = ORDER_DIRECTION.BUY, code = rb888.shfe
2022-09-08 09:14:27 [com.tq.yuxuan.xxljob.task.MyTask#demoJobHandler]-[44]-[xxl-job, JobThread-5-1662599654818] 2022-02-28 21:24:41.100000 market match order, id = strategy0_32, info = ('strategy0_32', 4, 4731.0, 1), code = rb888.shfe
2022-09-08 09:14:27 [com.tq.yuxuan.xxljob.task.MyTask#demoJobHandler]-[44]-[xxl-job, JobThread-5-1662599654818] 2022-02-28 21:24:55.100000 account insert order, id = strategy0_33, price = 4732.0, direction = ORDER_DIRECTION.SELL, code = rb999.shfe
2022-09-08 09:14:27 [com.tq.yuxuan.xxljob.task.MyTask#demoJobHandler]-[44]-[xxl-job, JobThread-5-1662599654818] 2022-02-28 21:24:55.200000 market receive order, id = strategy0_33, price = 4732.0, direction = ORDER_DIRECTION.SELL, code = rb999.shfe
2022-09-08 09:14:27 [com.tq.yuxuan.xxljob.task.MyTask#demoJobHandler]-[44]-[xxl-job, JobThread-5-1662599654818] 2022-02-28 21:24:59.100000 account cancel order, id = strategy0_33, price = 4732.0, direction = ORDER_DIRECTION.SELL, code = rb999.shfe
2022-09-08 09:14:27 [com.tq.yuxuan.xxljob.task.MyTask#demoJobHandler]-[44]-[xxl-job, JobThread-5-1662599654818] 2022-02-28 21:24:59.200000 market match order, id = strategy0_33, info = ('strategy0_33', 5, None, None), code = rb999.shfe
2022-09-08 09:14:27 [com.tq.yuxuan.xxljob.task.MyTask#demoJobHandler]-[44]-[xxl-job, JobThread-5-1662599654818] 2022-02-28 21:26:17.100000 account insert order, id = strategy1_40, price = 4729.0, direction = ORDER_DIRECTION.SELL, code = rb888.shfe
2022-09-08 09:14:27 [com.tq.yuxuan.xxljob.task.MyTask#demoJobHandler]-[44]-[xxl-job, JobThread-5-1662599654818] 2022-02-28 21:26:17.200000 market receive order, id = strategy1_40, price = 4729.0, direction = ORDER_DIRECTION.SELL, code = rb888.shfe
2022-09-08 09:14:27 [com.tq.yuxuan.xxljob.task.MyTask#demoJobHandler]-[44]-[xxl-job, JobThread-5-1662599654818] 2022-02-28 21:26:18.100000 account cancel order, id = strategy1_40, price = 4729.0, direction = ORDER_DIRECTION.SELL, code = rb888.shfe
2022-09-08 09:14:27 [com.tq.yuxuan.xxljob.task.MyTask#demoJobHandler]-[44]-[xxl-job, JobThread-5-1662599654818] 2022-02-28 21:26:18.200000 market match order, id = strategy1_40, info = ('strategy1_40', 5, None, None), code = rb888.shfe
2022-09-08 09:14:27 [com.tq.yuxuan.xxljob.task.MyTask#demoJobHandler]-[44]-[xxl-job, JobThread-5-1662599654818] 2022-02-28 21:26:31.100000 account insert order, id = strategy1_41, price = 4726.0, direction = ORDER_DIRECTION.SELL, code = rb888.shfe
2022-09-08 09:14:27 [com.tq.yuxuan.xxljob.task.MyTask#demoJobHandler]-[44]-[xxl-job, JobThread-5-1662599654818] 2022-02-28 21:26:31.200000 market receive order, id = strategy1_41, price = 4726.0, direction = ORDER_DIRECTION.SELL, code = rb888.shfe
2022-09-08 09:14:27 [com.tq.yuxuan.xxljob.task.MyTask#demoJobHandler]-[44]-[xxl-job, JobThread-5-1662599654818] 2022-02-28 21:26:32.100000 account insert order, id = strategy1_42, price = 4725.0, direction = ORDER_DIRECTION.BUY, code = rb999.shfe
2022-09-08 09:14:27 [com.tq.yuxuan.xxljob.task.MyTask#demoJobHandler]-[44]-[xxl-job, JobThread-5-1662599654818] 2022-02-28 21:26:32.100000 account cancel order, id = strategy1_41, price = 4726.0, direction = ORDER_DIRECTION.SELL, code = rb888.shfe
2022-09-08 09:14:27 [com.tq.yuxuan.xxljob.task.MyTask#demoJobHandler]-[44]-[xxl-job, JobThread-5-1662599654818] 2022-02-28 21:26:32.200000 market receive order, id = strategy1_42, price = 4725.0, direction = ORDER_DIRECTION.BUY, code = rb999.shfe
2022-09-08 09:14:27 [com.tq.yuxuan.xxljob.task.MyTask#demoJobHandler]-[44]-[xxl-job, JobThread-5-1662599654818] 2022-02-28 21:26:32.200000 market match order, id = strategy1_41, info = ('strategy1_41', 5, None, None), code = rb888.shfe
2022-09-08 09:14:27 [com.tq.yuxuan.xxljob.task.MyTask#demoJobHandler]-[44]-[xxl-job, JobThread-5-1662599654818] 2022-02-28 21:26:34.100000 market match order, id = strategy1_42, info = ('strategy1_42', 4, 4725.0, 1), code = rb999.shfe
2022-09-08 09:14:27 [com.tq.yuxuan.xxljob.task.MyTask#demoJobHandler]-[44]-[xxl-job, JobThread-5-1662599654818] 2022-02-28 21:26:43.100000 account insert order, id = strategy0_34, price = 4726.0, direction = ORDER_DIRECTION.SELL, code = rb888.shfe
2022-09-08 09:14:27 [com.tq.yuxuan.xxljob.task.MyTask#demoJobHandler]-[44]-[xxl-job, JobThread-5-1662599654818] 2022-02-28 21:26:43.200000 market receive order, id = strategy0_34, price = 4726.0, direction = ORDER_DIRECTION.SELL, code = rb888.shfe
2022-09-08 09:14:27 [com.tq.yuxuan.xxljob.task.MyTask#demoJobHandler]-[44]-[xxl-job, JobThread-5-1662599654818] 2022-02-28 21:26:44.100000 market match order, id = strategy0_34, info = ('strategy0_34', 4, 4726.0, 1), code = rb888.shfe
2022-09-08 09:14:27 [com.tq.yuxuan.xxljob.task.MyTask#demoJobHandler]-[44]-[xxl-job, JobThread-5-1662599654818] 2022-02-28 21:26:46.100000 account insert order, id = strategy1_43, price = 4726.0, direction = ORDER_DIRECTION.BUY, code = rb888.shfe
2022-09-08 09:14:27 [com.tq.yuxuan.xxljob.task.MyTask#demoJobHandler]-[44]-[xxl-job, JobThread-5-1662599654818] 2022-02-28 21:26:46.200000 market receive order, id = strategy1_43, price = 4726.0, direction = ORDER_DIRECTION.BUY, code = rb888.shfe
2022-09-08 09:14:27 [com.tq.yuxuan.xxljob.task.MyTask#demoJobHandler]-[44]-[xxl-job, JobThread-5-1662599654818] 2022-02-28 21:26:47.100000 account cancel order, id = strategy1_43, price = 4726.0, direction = ORDER_DIRECTION.BUY, code = rb888.shfe
2022-09-08 09:14:27 [com.tq.yuxuan.xxljob.task.MyTask#demoJobHandler]-[44]-[xxl-job, JobThread-5-1662599654818] 2022-02-28 21:26:47.200000 market match order, id = strategy1_43, info = ('strategy1_43', 5, None, None), code = rb888.shfe
2022-09-08 09:14:27 [com.tq.yuxuan.xxljob.task.MyTask#demoJobHandler]-[44]-[xxl-job, JobThread-5-1662599654818] 2022-02-28 21:27:07.100000 account insert order, id = strategy0_35, price = 4729.0, direction = ORDER_DIRECTION.SELL, code = rb999.shfe
2022-09-08 09:14:27 [com.tq.yuxuan.xxljob.task.MyTask#demoJobHandler]-[44]-[xxl-job, JobThread-5-1662599654818] 2022-02-28 21:27:07.200000 market receive order, id = strategy0_35, price = 4729.0, direction = ORDER_DIRECTION.SELL, code = rb999.shfe
2022-09-08 09:14:27 [com.tq.yuxuan.xxljob.task.MyTask#demoJobHandler]-[44]-[xxl-job, JobThread-5-1662599654818] 2022-02-28 21:27:09.100000 account cancel order, id = strategy0_35, price = 4729.0, direction = ORDER_DIRECTION.SELL, code = rb999.shfe
2022-09-08 09:14:27 [com.tq.yuxuan.xxljob.task.MyTask#demoJobHandler]-[44]-[xxl-job, JobThread-5-1662599654818] 2022-02-28 21:27:09.200000 market match order, id = strategy0_35, info = ('strategy0_35', 5, None, None), code = rb999.shfe
2022-09-08 09:14:27 [com.tq.yuxuan.xxljob.task.MyTask#demoJobHandler]-[44]-[xxl-job, JobThread-5-1662599654818] 2022-02-28 21:27:13.100000 account insert order, id = strategy0_36, price = 4728.0, direction = ORDER_DIRECTION.BUY, code = rb999.shfe
2022-09-08 09:14:27 [com.tq.yuxuan.xxljob.task.MyTask#demoJobHandler]-[44]-[xxl-job, JobThread-5-1662599654818] 2022-02-28 21:27:13.200000 market receive order, id = strategy0_36, price = 4728.0, direction = ORDER_DIRECTION.BUY, code = rb999.shfe
2022-09-08 09:14:27 [com.tq.yuxuan.xxljob.task.MyTask#demoJobHandler]-[44]-[xxl-job, JobThread-5-1662599654818] 2022-02-28 21:27:14.100000 market match order, id = strategy0_36, info = ('strategy0_36', 4, 4728.0, 1), code = rb999.shfe
2022-09-08 09:14:27 [com.tq.yuxuan.xxljob.task.MyTask#demoJobHandler]-[44]-[xxl-job, JobThread-5-1662599654818] 2022-02-28 21:27:38.100000 account insert order, id = strategy0_37, price = 4728.0, direction = ORDER_DIRECTION.SELL, code = rb999.shfe
2022-09-08 09:14:27 [com.tq.yuxuan.xxljob.task.MyTask#demoJobHandler]-[44]-[xxl-job, JobThread-5-1662599654818] 2022-02-28 21:27:38.200000 market receive order, id = strategy0_37, price = 4728.0, direction = ORDER_DIRECTION.SELL, code = rb999.shfe
2022-09-08 09:14:27 [com.tq.yuxuan.xxljob.task.MyTask#demoJobHandler]-[44]-[xxl-job, JobThread-5-1662599654818] 2022-02-28 21:27:39.100000 account insert order, id = strategy1_44, price = 4727.0, direction = ORDER_DIRECTION.BUY, code = rb999.shfe
2022-09-08 09:14:27 [com.tq.yuxuan.xxljob.task.MyTask#demoJobHandler]-[44]-[xxl-job, JobThread-5-1662599654818] 2022-02-28 21:27:39.100000 account cancel order, id = strategy0_37, price = 4728.0, direction = ORDER_DIRECTION.SELL, code = rb999.shfe
2022-09-08 09:14:27 [com.tq.yuxuan.xxljob.task.MyTask#demoJobHandler]-[44]-[xxl-job, JobThread-5-1662599654818] 2022-02-28 21:27:39.200000 market receive order, id = strategy1_44, price = 4727.0, direction = ORDER_DIRECTION.BUY, code = rb999.shfe
2022-09-08 09:14:27 [com.tq.yuxuan.xxljob.task.MyTask#demoJobHandler]-[44]-[xxl-job, JobThread-5-1662599654818] 2022-02-28 21:27:39.200000 market match order, id = strategy0_37, info = ('strategy0_37', 5, None, None), code = rb999.shfe
2022-09-08 09:14:27 [com.tq.yuxuan.xxljob.task.MyTask#demoJobHandler]-[44]-[xxl-job, JobThread-5-1662599654818] 2022-02-28 21:27:40.100000 account cancel order, id = strategy1_44, price = 4727.0, direction = ORDER_DIRECTION.BUY, code = rb999.shfe
2022-09-08 09:14:27 [com.tq.yuxuan.xxljob.task.MyTask#demoJobHandler]-[44]-[xxl-job, JobThread-5-1662599654818] 2022-02-28 21:27:40.200000 market match order, id = strategy1_44, info = ('strategy1_44', 5, None, None), code = rb999.shfe
2022-09-08 09:14:27 [com.tq.yuxuan.xxljob.task.MyTask#demoJobHandler]-[44]-[xxl-job, JobThread-5-1662599654818] 2022-02-28 21:27:54.100000 account insert order, id = strategy0_38, price = 4729.0, direction = ORDER_DIRECTION.SELL, code = rb888.shfe
2022-09-08 09:14:27 [com.tq.yuxuan.xxljob.task.MyTask#demoJobHandler]-[44]-[xxl-job, JobThread-5-1662599654818] 2022-02-28 21:27:54.200000 market receive order, id = strategy0_38, price = 4729.0, direction = ORDER_DIRECTION.SELL, code = rb888.shfe
2022-09-08 09:14:27 [com.tq.yuxuan.xxljob.task.MyTask#demoJobHandler]-[44]-[xxl-job, JobThread-5-1662599654818] 2022-02-28 21:27:55.100000 account cancel order, id = strategy0_38, price = 4729.0, direction = ORDER_DIRECTION.SELL, code = rb888.shfe
2022-09-08 09:14:27 [com.tq.yuxuan.xxljob.task.MyTask#demoJobHandler]-[44]-[xxl-job, JobThread-5-1662599654818] 2022-02-28 21:27:55.200000 market match order, id = strategy0_38, info = ('strategy0_38', 5, None, None), code = rb888.shfe
2022-09-08 09:14:27 [com.tq.yuxuan.xxljob.task.MyTask#demoJobHandler]-[44]-[xxl-job, JobThread-5-1662599654818] 2022-02-28 21:27:56.100000 account insert order, id = strategy0_39, price = 4727.0, direction = ORDER_DIRECTION.BUY, code = rb999.shfe
2022-09-08 09:14:27 [com.tq.yuxuan.xxljob.task.MyTask#demoJobHandler]-[44]-[xxl-job, JobThread-5-1662599654818] 2022-02-28 21:27:56.200000 market receive order, id = strategy0_39, price = 4727.0, direction = ORDER_DIRECTION.BUY, code = rb999.shfe
2022-09-08 09:14:27 [com.tq.yuxuan.xxljob.task.MyTask#demoJobHandler]-[44]-[xxl-job, JobThread-5-1662599654818] 2022-02-28 21:27:58.100000 account insert order, id = strategy0_40, price = 4727.0, direction = ORDER_DIRECTION.BUY, code = rb999.shfe
2022-09-08 09:14:27 [com.tq.yuxuan.xxljob.task.MyTask#demoJobHandler]-[44]-[xxl-job, JobThread-5-1662599654818] 2022-02-28 21:27:58.200000 market receive order, id = strategy0_40, price = 4727.0, direction = ORDER_DIRECTION.BUY, code = rb999.shfe
2022-09-08 09:14:27 [com.tq.yuxuan.xxljob.task.MyTask#demoJobHandler]-[44]-[xxl-job, JobThread-5-1662599654818] 2022-02-28 21:28:01.100000 account insert order, id = strategy1_45, price = 4729.0, direction = ORDER_DIRECTION.SELL, code = rb999.shfe
2022-09-08 09:14:27 [com.tq.yuxuan.xxljob.task.MyTask#demoJobHandler]-[44]-[xxl-job, JobThread-5-1662599654818] 2022-02-28 21:28:01.100000 account cancel order, id = strategy0_40, price = 4727.0, direction = ORDER_DIRECTION.BUY, code = rb999.shfe
2022-09-08 09:14:27 [com.tq.yuxuan.xxljob.task.MyTask#demoJobHandler]-[44]-[xxl-job, JobThread-5-1662599654818] 2022-02-28 21:28:01.200000 market receive order, id = strategy1_45, price = 4729.0, direction = ORDER_DIRECTION.SELL, code = rb999.shfe
2022-09-08 09:14:27 [com.tq.yuxuan.xxljob.task.MyTask#demoJobHandler]-[44]-[xxl-job, JobThread-5-1662599654818] 2022-02-28 21:28:01.200000 market match order, id = strategy0_40, info = ('strategy0_40', 5, None, None), code = rb999.shfe
2022-09-08 09:14:27 [com.tq.yuxuan.xxljob.task.MyTask#demoJobHandler]-[44]-[xxl-job, JobThread-5-1662599654818] 2022-02-28 21:28:02.100000 account cancel order, id = strategy0_39, price = 4727.0, direction = ORDER_DIRECTION.BUY, code = rb999.shfe
2022-09-08 09:14:27 [com.tq.yuxuan.xxljob.task.MyTask#demoJobHandler]-[44]-[xxl-job, JobThread-5-1662599654818] 2022-02-28 21:28:02.100000 account cancel order, id = strategy1_45, price = 4729.0, direction = ORDER_DIRECTION.SELL, code = rb999.shfe
2022-09-08 09:14:27 [com.tq.yuxuan.xxljob.task.MyTask#demoJobHandler]-[44]-[xxl-job, JobThread-5-1662599654818] 2022-02-28 21:28:02.200000 market match order, id = strategy0_39, info = ('strategy0_39', 5, None, None), code = rb999.shfe
2022-09-08 09:14:27 [com.tq.yuxuan.xxljob.task.MyTask#demoJobHandler]-[44]-[xxl-job, JobThread-5-1662599654818] 2022-02-28 21:28:02.200000 market match order, id = strategy1_45, info = ('strategy1_45', 5, None, None), code = rb999.shfe
2022-09-08 09:14:27 [com.tq.yuxuan.xxljob.task.MyTask#demoJobHandler]-[44]-[xxl-job, JobThread-5-1662599654818] 2022-02-28 21:28:08.100000 account insert order, id = strategy1_46, price = 4729.0, direction = ORDER_DIRECTION.SELL, code = rb888.shfe
2022-09-08 09:14:27 [com.tq.yuxuan.xxljob.task.MyTask#demoJobHandler]-[44]-[xxl-job, JobThread-5-1662599654818] 2022-02-28 21:28:08.200000 market receive order, id = strategy1_46, price = 4729.0, direction = ORDER_DIRECTION.SELL, code = rb888.shfe
2022-09-08 09:14:27 [com.tq.yuxuan.xxljob.task.MyTask#demoJobHandler]-[44]-[xxl-job, JobThread-5-1662599654818] 2022-02-28 21:28:11.100000 account cancel order, id = strategy1_46, price = 4729.0, direction = ORDER_DIRECTION.SELL, code = rb888.shfe
2022-09-08 09:14:27 [com.tq.yuxuan.xxljob.task.MyTask#demoJobHandler]-[44]-[xxl-job, JobThread-5-1662599654818] 2022-02-28 21:28:11.200000 market match order, id = strategy1_46, info = ('strategy1_46', 5, None, None), code = rb888.shfe
2022-09-08 09:14:27 [com.tq.yuxuan.xxljob.task.MyTask#demoJobHandler]-[44]-[xxl-job, JobThread-5-1662599654818] 2022-02-28 21:28:15.100000 account insert order, id = strategy1_47, price = 4728.0, direction = ORDER_DIRECTION.SELL, code = rb999.shfe
2022-09-08 09:14:27 [com.tq.yuxuan.xxljob.task.MyTask#demoJobHandler]-[44]-[xxl-job, JobThread-5-1662599654818] 2022-02-28 21:28:15.200000 market receive order, id = strategy1_47, price = 4728.0, direction = ORDER_DIRECTION.SELL, code = rb999.shfe
2022-09-08 09:14:27 [com.tq.yuxuan.xxljob.task.MyTask#demoJobHandler]-[44]-[xxl-job, JobThread-5-1662599654818] 2022-02-28 21:28:17.100000 account cancel order, id = strategy1_47, price = 4728.0, direction = ORDER_DIRECTION.SELL, code = rb999.shfe
2022-09-08 09:14:27 [com.tq.yuxuan.xxljob.task.MyTask#demoJobHandler]-[44]-[xxl-job, JobThread-5-1662599654818] 2022-02-28 21:28:17.200000 market match order, id = strategy1_47, info = ('strategy1_47', 5, None, None), code = rb999.shfe
2022-09-08 09:14:27 [com.tq.yuxuan.xxljob.task.MyTask#demoJobHandler]-[44]-[xxl-job, JobThread-5-1662599654818] 2022-02-28 21:28:21.100000 account insert order, id = strategy0_41, price = 4728.0, direction = ORDER_DIRECTION.SELL, code = rb888.shfe
2022-09-08 09:14:27 [com.tq.yuxuan.xxljob.task.MyTask#demoJobHandler]-[44]-[xxl-job, JobThread-5-1662599654818] 2022-02-28 21:28:21.200000 market receive order, id = strategy0_41, price = 4728.0, direction = ORDER_DIRECTION.SELL, code = rb888.shfe
2022-09-08 09:14:27 [com.tq.yuxuan.xxljob.task.MyTask#demoJobHandler]-[44]-[xxl-job, JobThread-5-1662599654818] 2022-02-28 21:28:22.100000 account cancel order, id = strategy0_41, price = 4728.0, direction = ORDER_DIRECTION.SELL, code = rb888.shfe
2022-09-08 09:14:27 [com.tq.yuxuan.xxljob.task.MyTask#demoJobHandler]-[44]-[xxl-job, JobThread-5-1662599654818] 2022-02-28 21:28:22.200000 market match order, id = strategy0_41, info = ('strategy0_41', 5, None, None), code = rb888.shfe
2022-09-08 09:14:27 [com.tq.yuxuan.xxljob.task.MyTask#demoJobHandler]-[44]-[xxl-job, JobThread-5-1662599654818] 2022-02-28 21:28:26.100000 account insert order, id = strategy0_42, price = 4726.0, direction = ORDER_DIRECTION.BUY, code = rb888.shfe
2022-09-08 09:14:27 [com.tq.yuxuan.xxljob.task.MyTask#demoJobHandler]-[44]-[xxl-job, JobThread-5-1662599654818] 2022-02-28 21:28:26.200000 market receive order, id = strategy0_42, price = 4726.0, direction = ORDER_DIRECTION.BUY, code = rb888.shfe
2022-09-08 09:14:27 [com.tq.yuxuan.xxljob.task.MyTask#demoJobHandler]-[44]-[xxl-job, JobThread-5-1662599654818] 2022-02-28 21:28:26.200000 market match order, id = strategy0_42, info = ('strategy0_42', 4, 4726.0, 1), code = rb888.shfe
2022-09-08 09:14:27 [com.tq.yuxuan.xxljob.task.MyTask#demoJobHandler]-[44]-[xxl-job, JobThread-5-1662599654818] 2022-02-28 21:28:30.100000 account insert order, id = strategy0_43, price = 4726.0, direction = ORDER_DIRECTION.BUY, code = rb999.shfe
2022-09-08 09:14:27 [com.tq.yuxuan.xxljob.task.MyTask#demoJobHandler]-[44]-[xxl-job, JobThread-5-1662599654818] 2022-02-28 21:28:30.200000 market receive order, id = strategy0_43, price = 4726.0, direction = ORDER_DIRECTION.BUY, code = rb999.shfe
2022-09-08 09:14:27 [com.tq.yuxuan.xxljob.task.MyTask#demoJobHandler]-[44]-[xxl-job, JobThread-5-1662599654818] 2022-02-28 21:28:31.100000 account cancel order, id = strategy0_43, price = 4726.0, direction = ORDER_DIRECTION.BUY, code = rb999.shfe
2022-09-08 09:14:27 [com.tq.yuxuan.xxljob.task.MyTask#demoJobHandler]-[44]-[xxl-job, JobThread-5-1662599654818] 2022-02-28 21:28:31.200000 market match order, id = strategy0_43, info = ('strategy0_43', 5, None, None), code = rb999.shfe
2022-09-08 09:14:27 [com.tq.yuxuan.xxljob.task.MyTask#demoJobHandler]-[44]-[xxl-job, JobThread-5-1662599654818] 2022-02-28 21:28:39.100000 account insert order, id = strategy0_44, price = 4726.0, direction = ORDER_DIRECTION.BUY, code = rb888.shfe
2022-09-08 09:14:27 [com.tq.yuxuan.xxljob.task.MyTask#demoJobHandler]-[44]-[xxl-job, JobThread-5-1662599654818] 2022-02-28 21:28:39.200000 market receive order, id = strategy0_44, price = 4726.0, direction = ORDER_DIRECTION.BUY, code = rb888.shfe
2022-09-08 09:14:27 [com.tq.yuxuan.xxljob.task.MyTask#demoJobHandler]-[44]-[xxl-job, JobThread-5-1662599654818] 2022-02-28 21:28:41.100000 account insert order, id = strategy1_48, price = 4726.0, direction = ORDER_DIRECTION.BUY, code = rb999.shfe
2022-09-08 09:14:27 [com.tq.yuxuan.xxljob.task.MyTask#demoJobHandler]-[44]-[xxl-job, JobThread-5-1662599654818] 2022-02-28 21:28:41.100000 account cancel order, id = strategy0_44, price = 4726.0, direction = ORDER_DIRECTION.BUY, code = rb888.shfe
2022-09-08 09:14:27 [com.tq.yuxuan.xxljob.task.MyTask#demoJobHandler]-[44]-[xxl-job, JobThread-5-1662599654818] 2022-02-28 21:28:41.200000 market receive order, id = strategy1_48, price = 4726.0, direction = ORDER_DIRECTION.BUY, code = rb999.shfe
2022-09-08 09:14:27 [com.tq.yuxuan.xxljob.task.MyTask#demoJobHandler]-[44]-[xxl-job, JobThread-5-1662599654818] 2022-02-28 21:28:41.200000 market match order, id = strategy0_44, info = ('strategy0_44', 5, None, None), code = rb888.shfe
2022-09-08 09:14:27 [com.tq.yuxuan.xxljob.task.MyTask#demoJobHandler]-[44]-[xxl-job, JobThread-5-1662599654818] 2022-02-28 21:28:43.100000 market match order, id = strategy1_48, info = ('strategy1_48', 4, 4726.0, 1), code = rb999.shfe
2022-09-08 09:14:27 [com.tq.yuxuan.xxljob.task.MyTask#demoJobHandler]-[44]-[xxl-job, JobThread-5-1662599654818] 2022-02-28 21:28:57.100000 account insert order, id = strategy1_49, price = 4728.0, direction = ORDER_DIRECTION.SELL, code = rb999.shfe
2022-09-08 09:14:27 [com.tq.yuxuan.xxljob.task.MyTask#demoJobHandler]-[44]-[xxl-job, JobThread-5-1662599654818] 2022-02-28 21:28:57.200000 market receive order, id = strategy1_49, price = 4728.0, direction = ORDER_DIRECTION.SELL, code = rb999.shfe
2022-09-08 09:14:27 [com.tq.yuxuan.xxljob.task.MyTask#demoJobHandler]-[44]-[xxl-job, JobThread-5-1662599654818] 2022-02-28 21:29:01.100000 account insert order, id = strategy0_45, price = 4727.0, direction = ORDER_DIRECTION.BUY, code = rb888.shfe
2022-09-08 09:14:27 [com.tq.yuxuan.xxljob.task.MyTask#demoJobHandler]-[44]-[xxl-job, JobThread-5-1662599654818] 2022-02-28 21:29:01.200000 market receive order, id = strategy0_45, price = 4727.0, direction = ORDER_DIRECTION.BUY, code = rb888.shfe
2022-09-08 09:14:27 [com.tq.yuxuan.xxljob.task.MyTask#demoJobHandler]-[44]-[xxl-job, JobThread-5-1662599654818] 2022-02-28 21:29:02.100000 account cancel order, id = strategy1_49, price = 4728.0, direction = ORDER_DIRECTION.SELL, code = rb999.shfe
2022-09-08 09:14:27 [com.tq.yuxuan.xxljob.task.MyTask#demoJobHandler]-[44]-[xxl-job, JobThread-5-1662599654818] 2022-02-28 21:29:02.200000 market match order, id = strategy1_49, info = ('strategy1_49', 5, None, None), code = rb999.shfe
2022-09-08 09:14:27 [com.tq.yuxuan.xxljob.task.MyTask#demoJobHandler]-[44]-[xxl-job, JobThread-5-1662599654818] 2022-02-28 21:29:05.100000 account cancel order, id = strategy0_45, price = 4727.0, direction = ORDER_DIRECTION.BUY, code = rb888.shfe
2022-09-08 09:14:27 [com.tq.yuxuan.xxljob.task.MyTask#demoJobHandler]-[44]-[xxl-job, JobThread-5-1662599654818] 2022-02-28 21:29:05.200000 market match order, id = strategy0_45, info = ('strategy0_45', 5, None, None), code = rb888.shfe
2022-09-08 09:14:27 [com.tq.yuxuan.xxljob.task.MyTask#demoJobHandler]-[44]-[xxl-job, JobThread-5-1662599654818] 2022-02-28 21:29:46.100000 account insert order, id = strategy1_50, price = 4731.0, direction = ORDER_DIRECTION.SELL, code = rb888.shfe
2022-09-08 09:14:27 [com.tq.yuxuan.xxljob.task.MyTask#demoJobHandler]-[44]-[xxl-job, JobThread-5-1662599654818] 2022-02-28 21:29:46.200000 market receive order, id = strategy1_50, price = 4731.0, direction = ORDER_DIRECTION.SELL, code = rb888.shfe
2022-09-08 09:14:27 [com.tq.yuxuan.xxljob.task.MyTask#demoJobHandler]-[44]-[xxl-job, JobThread-5-1662599654818] 2022-02-28 21:29:46.200000 market match order, id = strategy1_50, info = ('strategy1_50', 4, 4731.0, 1), code = rb888.shfe
2022-09-08 09:14:27 [com.tq.yuxuan.xxljob.task.MyTask#demoJobHandler]-[44]-[xxl-job, JobThread-5-1662599654818] strategy0 {'rb888.shfe': [('strategy0_0', 4, 4716.0, 1), ('strategy0_5', 5, None, None), ('strategy0_7', 5, None, None), ('strategy0_10', 5, None, None), ('strategy0_12', 5, None, None), ('strategy0_13', 5, None, None), ('strategy0_14', 5, None, None), ('strategy0_15', 5, None, None), ('strategy0_16', 4, 4724.0, 1), ('strategy0_18', 4, 4725.0, 1), ('strategy0_19', 4, 4727.0, 1), ('strategy0_22', 5, None, None), ('strategy0_23', 5, None, None), ('strategy0_24', 5, None, None), ('strategy0_26', 4, 4730.0, 1), ('strategy0_28', 5, None, None), ('strategy0_31', 5, None, None), ('strategy0_32', 4, 4731.0, 1), ('strategy0_34', 4, 4726.0, 1), ('strategy0_38', 5, None, None), ('strategy0_41', 5, None, None), ('strategy0_42', 4, 4726.0, 1), ('strategy0_44', 5, None, None), ('strategy0_45', 5, None, None)], 'rb999.shfe': [('strategy0_1', 4, 4716.0, 1), ('strategy0_3', 4, 4717.0, 1), ('strategy0_2', 5, None, None), ('strategy0_4', 4, 4723.0, 1), ('strategy0_6', 4, 4726.0, 1), ('strategy0_8', 4, 4724.0, 1), ('strategy0_9', 5, None, None), ('strategy0_11', 4, 4723.0, 1), ('strategy0_17', 5, None, None), ('strategy0_21', 4, 4729.0, 1), ('strategy0_20', 5, None, None), ('strategy0_25', 4, 4729.0, 1), ('strategy0_27', 5, None, None), ('strategy0_29', 5, None, None), ('strategy0_30', 4, 4732.0, 1), ('strategy0_33', 5, None, None), ('strategy0_35', 5, None, None), ('strategy0_36', 4, 4728.0, 1), ('strategy0_37', 5, None, None), ('strategy0_40', 5, None, None), ('strategy0_39', 5, None, None), ('strategy0_43', 5, None, None)]}
2022-09-08 09:14:27 [com.tq.yuxuan.xxljob.task.MyTask#demoJobHandler]-[44]-[xxl-job, JobThread-5-1662599654818] strategy1 {'rb888.shfe': [('strategy1_2', 5, None, None), ('strategy1_3', 5, None, None), ('strategy1_4', 5, None, None), ('strategy1_5', 5, None, None), ('strategy1_8', 4, 4728.0, 1), ('strategy1_9', 5, None, None), ('strategy1_12', 4, 4724.0, 1), ('strategy1_13', 5, None, None), ('strategy1_16', 4, 4719.0, 1), ('strategy1_15', 5, None, None), ('strategy1_19', 5, None, None), ('strategy1_21', 4, 4729.0, 1), ('strategy1_22', 5, None, None), ('strategy1_24', 4, 4730.0, 1), ('strategy1_25', 4, 4730.0, 1), ('strategy1_26', 5, None, None), ('strategy1_28', 5, None, None), ('strategy1_32', 5, None, None), ('strategy1_33', 4, 4729.0, 1), ('strategy1_34', 4, 4729.0, 1), ('strategy1_35', 4, 4729.0, 1), ('strategy1_36', 5, None, None), ('strategy1_37', 4, 4729.0, 1), ('strategy1_38', 4, 4729.0, 1), ('strategy1_39', 4, 4731.0, 1), ('strategy1_40', 5, None, None), ('strategy1_41', 5, None, None), ('strategy1_43', 5, None, None), ('strategy1_46', 5, None, None), ('strategy1_50', 4, 4731.0, 1)], 'rb999.shfe': [('strategy1_0', 5, None, None), ('strategy1_1', 5, None, None), ('strategy1_6', 4, 4729.0, 1), ('strategy1_7', 5, None, None), ('strategy1_10', 4, 4722.0, 1), ('strategy1_11', 4, 4725.0, 1), ('strategy1_14', 5, None, None), ('strategy1_17', 5, None, None), ('strategy1_18', 4, 4718.0, 1), ('strategy1_20', 5, None, None), ('strategy1_23', 4, 4734.0, 1), ('strategy1_27', 5, None, None), ('strategy1_29', 4, 4729.0, 1), ('strategy1_30', 5, None, None), ('strategy1_31', 5, None, None), ('strategy1_42', 4, 4725.0, 1), ('strategy1_44', 5, None, None), ('strategy1_45', 5, None, None), ('strategy1_47', 5, None, None), ('strategy1_48', 4, 4726.0, 1), ('strategy1_49', 5, None, None)]}
2022-09-08 09:14:28 [com.tq.yuxuan.xxljob.task.MyTask#demoJobHandler]-[54]-[xxl-job, JobThread-5-1662599654818] TransQuant tick回测任务完成.
2022-09-08 09:14:28 [com.xxl.job.core.thread.JobThread#run]-[179]-[xxl-job, JobThread-5-1662599654818] <br>----------- xxl-job job execute end(finish) -----------<br>----------- Result: handleCode=200, handleMsg = null
2022-09-08 09:14:28 [com.xxl.job.core.thread.TriggerCallbackThread#callbackLog]-[197]-[xxl-job, executor TriggerCallbackThread] <br>----------- xxl-job job callback finish.
