2022-09-08 09:37:58 [com.xxl.job.core.thread.JobThread#run]-[133]-[xxl-job, JobThread-6-1662601078670] <br>----------- xxl-job job execute start -----------<br>----------- Param:
2022-09-08 09:37:58 [com.xxl.job.core.handler.impl.ScriptJobHandler#execute]-[80]-[xxl-job, JobThread-6-1662601078670] ----------- script file:./data/applogs/xxl-job/jobhandler/gluesource/6_1662601072000.py -----------
inserting match-info timestep events...
inserting market timestep events...
inserting match-info timestep events...
2021-07-01 10:30:00.100000 account insert order, id = strategy0_0, price = 240.8119, direction = ORDER_DIRECTION.BUY, code = 002594.SZSE
2021-07-01 10:30:00.100000 account insert order, id = strategy1_0, price = 23.1506, direction = ORDER_DIRECTION.SELL, code = 000002.SZSE
2021-07-01 10:30:00.200000 market receive order, id = strategy0_0, price = 240.8119, direction = ORDER_DIRECTION.BUY, code = 002594.SZSE
2021-07-01 10:30:00.200000 market receive order, id = strategy1_0, price = 23.1506, direction = ORDER_DIRECTION.SELL, code = 000002.SZSE
2021-07-01 11:00:00.100000 market match order, id = strategy0_0, info = ('strategy0_0', 4, 240.8119, 100), code = 002594.SZSE
2021-07-01 11:00:00.100000 market match order, id = strategy1_0, info = ('strategy1_0', 4, 23.1506, 100), code = 000002.SZSE
2021-07-01 14:00:00.100000 account insert order, id = strategy0_1, price = 23.8126, direction = ORDER_DIRECTION.SELL, code = 000002.SZSE
2021-07-01 14:00:00.200000 market receive order, id = strategy0_1, price = 23.8126, direction = ORDER_DIRECTION.SELL, code = 000002.SZSE
2021-07-01 15:00:00.100000 account insert order, id = strategy1_1, price = 23.6235, direction = ORDER_DIRECTION.BUY, code = 000002.SZSE
2021-07-01 15:00:00.100000 market match order, id = strategy0_1, info = ('strategy0_1', 4, 23.8126, 100), code = 000002.SZSE
2021-07-01 15:00:00.200000 market receive order, id = strategy1_1, price = 23.6235, direction = ORDER_DIRECTION.BUY, code = 000002.SZSE
2021-07-02 10:00:00.100000 market match order, id = strategy1_1, info = ('strategy1_1', 4, 23.6235, 100), code = 000002.SZSE
2021-07-02 14:00:00.100000 account insert order, id = strategy0_2, price = 22.7913, direction = ORDER_DIRECTION.SELL, code = 000002.SZSE
2021-07-02 14:00:00.100000 account insert order, id = strategy1_2, price = 240.9119, direction = ORDER_DIRECTION.SELL, code = 002594.SZSE
2021-07-02 14:00:00.200000 market receive order, id = strategy0_2, price = 22.7913, direction = ORDER_DIRECTION.SELL, code = 000002.SZSE
2021-07-02 14:00:00.200000 market receive order, id = strategy1_2, price = 240.9119, direction = ORDER_DIRECTION.SELL, code = 002594.SZSE
2021-07-02 14:30:00.100000 market match order, id = strategy0_2, info = ('strategy0_2', 4, 22.7913, 100), code = 000002.SZSE
2021-07-02 14:30:00.100000 market match order, id = strategy1_2, info = ('strategy1_2', 4, 240.9119, 100), code = 002594.SZSE
2021-07-05 15:00:00.100000 account insert order, id = strategy0_3, price = 22.5265, direction = ORDER_DIRECTION.BUY, code = 000002.SZSE
2021-07-05 15:00:00.200000 market receive order, id = strategy0_3, price = 22.5265, direction = ORDER_DIRECTION.BUY, code = 000002.SZSE
2021-07-06 10:00:00.100000 account insert order, id = strategy0_4, price = 258.973, direction = ORDER_DIRECTION.SELL, code = 002594.SZSE
2021-07-06 10:00:00.100000 market match order, id = strategy0_3, info = ('strategy0_3', 4, 22.5265, 100), code = 000002.SZSE
2021-07-06 10:00:00.200000 market receive order, id = strategy0_4, price = 258.973, direction = ORDER_DIRECTION.SELL, code = 002594.SZSE
2021-07-06 10:30:00.100000 account insert order, id = strategy0_5, price = 255.7846, direction = ORDER_DIRECTION.SELL, code = 002594.SZSE
2021-07-06 10:30:00.100000 market match order, id = strategy0_4, info = ('strategy0_4', 4, 258.973, 100), code = 002594.SZSE
2021-07-06 10:30:00.200000 market receive order, id = strategy0_5, price = 255.7846, direction = ORDER_DIRECTION.SELL, code = 002594.SZSE
2021-07-06 11:00:00.100000 market match order, id = strategy0_5, info = ('strategy0_5', 4, 255.7846, 100), code = 002594.SZSE
2021-07-06 14:30:00.100000 account insert order, id = strategy0_6, price = 247.0389, direction = ORDER_DIRECTION.BUY, code = 002594.SZSE
2021-07-06 14:30:00.200000 market receive order, id = strategy0_6, price = 247.0389, direction = ORDER_DIRECTION.BUY, code = 002594.SZSE
2021-07-06 15:00:00.100000 market match order, id = strategy0_6, info = ('strategy0_6', 4, 247.0389, 100), code = 002594.SZSE
2021-07-07 10:00:00.100000 account insert order, id = strategy1_3, price = 22.8386, direction = ORDER_DIRECTION.BUY, code = 000002.SZSE
2021-07-07 10:00:00.200000 market receive order, id = strategy1_3, price = 22.8386, direction = ORDER_DIRECTION.BUY, code = 000002.SZSE
2021-07-07 10:30:00.100000 market match order, id = strategy1_3, info = ('strategy1_3', 4, 22.8386, 100), code = 000002.SZSE
2021-07-08 11:00:00.100000 account insert order, id = strategy1_4, price = 258.8731, direction = ORDER_DIRECTION.SELL, code = 002594.SZSE
2021-07-08 11:00:00.200000 market receive order, id = strategy1_4, price = 258.8731, direction = ORDER_DIRECTION.SELL, code = 002594.SZSE
2021-07-08 11:30:00.100000 market match order, id = strategy1_4, info = ('strategy1_4', 4, 258.8731, 100), code = 002594.SZSE
2021-07-09 11:00:00.100000 account insert order, id = strategy0_7, price = 250.4772, direction = ORDER_DIRECTION.SELL, code = 002594.SZSE
2021-07-09 11:00:00.200000 market receive order, id = strategy0_7, price = 250.4772, direction = ORDER_DIRECTION.SELL, code = 002594.SZSE
2021-07-09 11:30:00.100000 market match order, id = strategy0_7, info = ('strategy0_7', 4, 250.4772, 100), code = 002594.SZSE
2021-07-09 15:00:00.100000 account insert order, id = strategy0_8, price = 22.7535, direction = ORDER_DIRECTION.BUY, code = 000002.SZSE
2021-07-09 15:00:00.200000 market receive order, id = strategy0_8, price = 22.7535, direction = ORDER_DIRECTION.BUY, code = 000002.SZSE
2021-07-12 10:00:00.100000 market match order, id = strategy0_8, info = ('strategy0_8', 4, 22.7535, 100), code = 000002.SZSE
2021-07-13 11:00:00.100000 account insert order, id = strategy0_9, price = 263.211, direction = ORDER_DIRECTION.BUY, code = 002594.SZSE
2021-07-13 11:00:00.200000 market receive order, id = strategy0_9, price = 263.211, direction = ORDER_DIRECTION.BUY, code = 002594.SZSE
2021-07-13 11:30:00.100000 market match order, id = strategy0_9, info = ('strategy0_9', 4, 263.211, 100), code = 002594.SZSE
2021-07-14 11:00:00.100000 account insert order, id = strategy0_10, price = 22.1388, direction = ORDER_DIRECTION.BUY, code = 000002.SZSE
2021-07-14 11:00:00.100000 account insert order, id = strategy1_5, price = 249.7576, direction = ORDER_DIRECTION.BUY, code = 002594.SZSE
2021-07-14 11:00:00.200000 market receive order, id = strategy0_10, price = 22.1388, direction = ORDER_DIRECTION.BUY, code = 000002.SZSE
2021-07-14 11:00:00.200000 market receive order, id = strategy1_5, price = 249.7576, direction = ORDER_DIRECTION.BUY, code = 002594.SZSE
2021-07-14 11:30:00.100000 market match order, id = strategy0_10, info = ('strategy0_10', 4, 22.1388, 100), code = 000002.SZSE
2021-07-14 11:30:00.100000 market match order, id = strategy1_5, info = ('strategy1_5', 4, 249.7576, 100), code = 002594.SZSE
2021-07-14 14:30:00.100000 account insert order, id = strategy0_11, price = 245.8795, direction = ORDER_DIRECTION.SELL, code = 002594.SZSE
2021-07-14 14:30:00.200000 market receive order, id = strategy0_11, price = 245.8795, direction = ORDER_DIRECTION.SELL, code = 002594.SZSE
2021-07-14 15:00:00.100000 market match order, id = strategy0_11, info = ('strategy0_11', 4, 245.8795, 100), code = 002594.SZSE
2021-07-15 11:30:00.100000 account insert order, id = strategy0_12, price = 22.2333, direction = ORDER_DIRECTION.SELL, code = 000002.SZSE
2021-07-15 11:30:00.200000 market receive order, id = strategy0_12, price = 22.2333, direction = ORDER_DIRECTION.SELL, code = 000002.SZSE
2021-07-15 13:30:00.100000 market match order, id = strategy0_12, info = ('strategy0_12', 4, 22.2333, 100), code = 000002.SZSE
2021-07-16 11:00:00.100000 account insert order, id = strategy0_13, price = 228.388, direction = ORDER_DIRECTION.SELL, code = 002594.SZSE
2021-07-16 11:00:00.200000 market receive order, id = strategy0_13, price = 228.388, direction = ORDER_DIRECTION.SELL, code = 002594.SZSE
2021-07-16 11:30:00.100000 account insert order, id = strategy0_14, price = 228.2381, direction = ORDER_DIRECTION.BUY, code = 002594.SZSE
2021-07-16 11:30:00.100000 market match order, id = strategy0_13, info = ('strategy0_13', 4, 228.388, 100), code = 002594.SZSE
2021-07-16 11:30:00.200000 market receive order, id = strategy0_14, price = 228.2381, direction = ORDER_DIRECTION.BUY, code = 002594.SZSE
2021-07-16 14:00:00.100000 market match order, id = strategy0_14, info = ('strategy0_14', 4, 228.2381, 100), code = 002594.SZSE
2021-07-19 14:30:00.100000 account insert order, id = strategy0_15, price = 224.0901, direction = ORDER_DIRECTION.BUY, code = 002594.SZSE
2021-07-19 14:30:00.100000 account insert order, id = strategy1_6, price = 22.2239, direction = ORDER_DIRECTION.SELL, code = 000002.SZSE
2021-07-19 14:30:00.200000 market receive order, id = strategy0_15, price = 224.0901, direction = ORDER_DIRECTION.BUY, code = 002594.SZSE
2021-07-19 14:30:00.200000 market receive order, id = strategy1_6, price = 22.2239, direction = ORDER_DIRECTION.SELL, code = 000002.SZSE
2021-07-19 15:00:00.100000 market match order, id = strategy0_15, info = ('strategy0_15', 4, 224.0901, 100), code = 002594.SZSE
2021-07-19 15:00:00.100000 market match order, id = strategy1_6, info = ('strategy1_6', 4, 22.2239, 100), code = 000002.SZSE
2021-07-20 14:00:00.100000 account insert order, id = strategy0_16, price = 21.7605, direction = ORDER_DIRECTION.SELL, code = 000002.SZSE
2021-07-20 14:00:00.200000 market receive order, id = strategy0_16, price = 21.7605, direction = ORDER_DIRECTION.SELL, code = 000002.SZSE
2021-07-20 14:30:00.100000 account insert order, id = strategy0_17, price = 21.855, direction = ORDER_DIRECTION.SELL, code = 000002.SZSE
2021-07-20 14:30:00.100000 market match order, id = strategy0_16, info = ('strategy0_16', 4, 21.7605, 100), code = 000002.SZSE
2021-07-20 14:30:00.200000 market receive order, id = strategy0_17, price = 21.855, direction = ORDER_DIRECTION.SELL, code = 000002.SZSE
2021-07-20 15:00:00.100000 market match order, id = strategy0_17, info = ('strategy0_17', 4, 21.855, 100), code = 000002.SZSE
2021-07-21 10:00:00.100000 account insert order, id = strategy0_18, price = 236.3841, direction = ORDER_DIRECTION.SELL, code = 002594.SZSE
2021-07-21 10:00:00.200000 market receive order, id = strategy0_18, price = 236.3841, direction = ORDER_DIRECTION.SELL, code = 002594.SZSE
2021-07-21 10:30:00.100000 market match order, id = strategy0_18, info = ('strategy0_18', 4, 236.3841, 100), code = 002594.SZSE
2021-07-21 11:00:00.100000 account insert order, id = strategy1_7, price = 21.5241, direction = ORDER_DIRECTION.BUY, code = 000002.SZSE
2021-07-21 11:00:00.200000 market receive order, id = strategy1_7, price = 21.5241, direction = ORDER_DIRECTION.BUY, code = 000002.SZSE
2021-07-21 11:30:00.100000 market match order, id = strategy1_7, info = ('strategy1_7', 4, 21.5241, 100), code = 000002.SZSE
2021-07-22 14:00:00.100000 account insert order, id = strategy1_8, price = 21.9023, direction = ORDER_DIRECTION.SELL, code = 000002.SZSE
2021-07-22 14:00:00.200000 market receive order, id = strategy1_8, price = 21.9023, direction = ORDER_DIRECTION.SELL, code = 000002.SZSE
2021-07-22 14:30:00.100000 market match order, id = strategy1_8, info = ('strategy1_8', 4, 21.9023, 100), code = 000002.SZSE
2021-07-22 15:00:00.100000 account insert order, id = strategy0_19, price = 248.838, direction = ORDER_DIRECTION.BUY, code = 002594.SZSE
2021-07-22 15:00:00.200000 market receive order, id = strategy0_19, price = 248.838, direction = ORDER_DIRECTION.BUY, code = 002594.SZSE
2021-07-23 10:00:00.100000 market match order, id = strategy0_19, info = ('strategy0_19', 4, 248.838, 100), code = 002594.SZSE
2021-07-23 13:30:00.100000 account insert order, id = strategy0_20, price = 258.0935, direction = ORDER_DIRECTION.BUY, code = 002594.SZSE
2021-07-23 13:30:00.200000 market receive order, id = strategy0_20, price = 258.0935, direction = ORDER_DIRECTION.BUY, code = 002594.SZSE
2021-07-23 14:00:00.100000 market match order, id = strategy0_20, info = ('strategy0_20', 4, 258.0935, 100), code = 002594.SZSE
2021-07-26 15:00:00.100000 account insert order, id = strategy1_9, price = 248.4282, direction = ORDER_DIRECTION.BUY, code = 002594.SZSE
2021-07-26 15:00:00.200000 market receive order, id = strategy1_9, price = 248.4282, direction = ORDER_DIRECTION.BUY, code = 002594.SZSE
2021-07-27 10:00:00.100000 account insert order, id = strategy0_21, price = 252.6661, direction = ORDER_DIRECTION.SELL, code = 002594.SZSE
2021-07-27 10:00:00.100000 account insert order, id = strategy1_10, price = 252.6661, direction = ORDER_DIRECTION.BUY, code = 002594.SZSE
2021-07-27 10:00:00.100000 market match order, id = strategy1_9, info = ('strategy1_9', 4, 248.4282, 100), code = 002594.SZSE
2021-07-27 10:00:00.200000 market receive order, id = strategy0_21, price = 252.6661, direction = ORDER_DIRECTION.SELL, code = 002594.SZSE
2021-07-27 10:00:00.200000 market receive order, id = strategy1_10, price = 252.6661, direction = ORDER_DIRECTION.BUY, code = 002594.SZSE
2021-07-27 10:30:00.100000 market match order, id = strategy0_21, info = ('strategy0_21', 4, 252.6661, 100), code = 002594.SZSE
2021-07-27 10:30:00.100000 market match order, id = strategy1_10, info = ('strategy1_10', 4, 252.6661, 100), code = 002594.SZSE
2021-07-27 11:00:00.100000 account insert order, id = strategy1_11, price = 252.3763, direction = ORDER_DIRECTION.BUY, code = 002594.SZSE
2021-07-27 11:00:00.200000 market receive order, id = strategy1_11, price = 252.3763, direction = ORDER_DIRECTION.BUY, code = 002594.SZSE
2021-07-27 11:30:00.100000 market match order, id = strategy1_11, info = ('strategy1_11', 4, 252.3763, 100), code = 002594.SZSE
2021-07-29 10:30:00.100000 account insert order, id = strategy0_22, price = 19.2733, direction = ORDER_DIRECTION.SELL, code = 000002.SZSE
2021-07-29 10:30:00.200000 market receive order, id = strategy0_22, price = 19.2733, direction = ORDER_DIRECTION.SELL, code = 000002.SZSE
2021-07-29 11:00:00.100000 market match order, id = strategy0_22, info = ('strategy0_22', 4, 19.2733, 100), code = 000002.SZSE
2022-09-08 09:38:04 [com.xxl.job.core.thread.JobThread#run]-[179]-[xxl-job, JobThread-6-1662601078670] <br>----------- xxl-job job execute end(finish) -----------<br>----------- Result: handleCode=200, handleMsg = null
2022-09-08 09:38:04 [com.xxl.job.core.thread.TriggerCallbackThread#callbackLog]-[197]-[xxl-job, executor TriggerCallbackThread] <br>----------- xxl-job job callback finish.
