2022-09-08 09:40:39 [com.xxl.job.core.thread.JobThread#run]-[133]-[xxl-job, JobThread-4-1662601239020] <br>----------- xxl-job job execute start -----------<br>----------- Param:
2022-09-08 09:40:39 [com.tq.yuxuan.xxljob.task.MyTask#demoJobHandler]-[29]-[xxl-job, JobThread-4-1662601239020] TransQuant tick回测任务启动.
2022-09-08 09:40:39 [com.tq.yuxuan.xxljob.task.MyTask#demoJobHandler]-[35]-[xxl-job, JobThread-4-1662601239020] 分片参数：当前分片序号 = 0, 总分片数 = 1
2022-09-08 09:40:47 [com.tq.yuxuan.xxljob.task.MyTask#demoJobHandler]-[44]-[xxl-job, JobThread-4-1662601239020] inserting match-info timestep events...
2022-09-08 09:40:47 [com.tq.yuxuan.xxljob.task.MyTask#demoJobHandler]-[44]-[xxl-job, JobThread-4-1662601239020] inserting market timestep events...
2022-09-08 09:40:47 [com.tq.yuxuan.xxljob.task.MyTask#demoJobHandler]-[44]-[xxl-job, JobThread-4-1662601239020] inserting match-info timestep events...
2022-09-08 09:40:47 [com.tq.yuxuan.xxljob.task.MyTask#demoJobHandler]-[44]-[xxl-job, JobThread-4-1662601239020] 2022-02-28 21:00:00.100000 account insert order, id = strategy1_0, price = 4711.0, direction = ORDER_DIRECTION.BUY, code = rb999.shfe
2022-09-08 09:40:47 [com.tq.yuxuan.xxljob.task.MyTask#demoJobHandler]-[44]-[xxl-job, JobThread-4-1662601239020] 2022-02-28 21:00:00.200000 market receive order, id = strategy1_0, price = 4711.0, direction = ORDER_DIRECTION.BUY, code = rb999.shfe
2022-09-08 09:40:47 [com.tq.yuxuan.xxljob.task.MyTask#demoJobHandler]-[44]-[xxl-job, JobThread-4-1662601239020] 2022-02-28 21:00:03.100000 account cancel order, id = strategy1_0, price = 4711.0, direction = ORDER_DIRECTION.BUY, code = rb999.shfe
2022-09-08 09:40:47 [com.tq.yuxuan.xxljob.task.MyTask#demoJobHandler]-[44]-[xxl-job, JobThread-4-1662601239020] 2022-02-28 21:00:03.200000 market match order, id = strategy1_0, info = ('strategy1_0', 5, None, None), code = rb999.shfe
2022-09-08 09:40:47 [com.tq.yuxuan.xxljob.task.MyTask#demoJobHandler]-[44]-[xxl-job, JobThread-4-1662601239020] 2022-02-28 21:00:07.100000 account insert order, id = strategy1_1, price = 4717.0, direction = ORDER_DIRECTION.SELL, code = rb888.shfe
2022-09-08 09:40:47 [com.tq.yuxuan.xxljob.task.MyTask#demoJobHandler]-[44]-[xxl-job, JobThread-4-1662601239020] 2022-02-28 21:00:07.200000 market receive order, id = strategy1_1, price = 4717.0, direction = ORDER_DIRECTION.SELL, code = rb888.shfe
2022-09-08 09:40:47 [com.tq.yuxuan.xxljob.task.MyTask#demoJobHandler]-[44]-[xxl-job, JobThread-4-1662601239020] 2022-02-28 21:00:09.100000 missing order strategy1_1 @ cancelling...
2022-09-08 09:40:47 [com.tq.yuxuan.xxljob.task.MyTask#demoJobHandler]-[44]-[xxl-job, JobThread-4-1662601239020] 2022-02-28 21:00:09.100000 account cancel order, id = strategy1_1, price = 4717.0, direction = ORDER_DIRECTION.SELL, code = rb888.shfe
2022-09-08 09:40:47 [com.tq.yuxuan.xxljob.task.MyTask#demoJobHandler]-[44]-[xxl-job, JobThread-4-1662601239020] 2022-02-28 21:00:09.100000 market match order, id = strategy1_1, info = ('strategy1_1', 4, 4717.0, 1), code = rb888.shfe
2022-09-08 09:40:47 [com.tq.yuxuan.xxljob.task.MyTask#demoJobHandler]-[44]-[xxl-job, JobThread-4-1662601239020] 2022-02-28 21:00:15.100000 account insert order, id = strategy1_2, price = 4719.0, direction = ORDER_DIRECTION.SELL, code = rb999.shfe
2022-09-08 09:40:47 [com.tq.yuxuan.xxljob.task.MyTask#demoJobHandler]-[44]-[xxl-job, JobThread-4-1662601239020] 2022-02-28 21:00:15.200000 market receive order, id = strategy1_2, price = 4719.0, direction = ORDER_DIRECTION.SELL, code = rb999.shfe
2022-09-08 09:40:47 [com.tq.yuxuan.xxljob.task.MyTask#demoJobHandler]-[44]-[xxl-job, JobThread-4-1662601239020] 2022-02-28 21:00:15.200000 market match order, id = strategy1_2, info = ('strategy1_2', 4, 4719.0, 1), code = rb999.shfe
2022-09-08 09:40:47 [com.tq.yuxuan.xxljob.task.MyTask#demoJobHandler]-[44]-[xxl-job, JobThread-4-1662601239020] 2022-02-28 21:00:25.100000 account insert order, id = strategy1_3, price = 4716.0, direction = ORDER_DIRECTION.BUY, code = rb888.shfe
2022-09-08 09:40:47 [com.tq.yuxuan.xxljob.task.MyTask#demoJobHandler]-[44]-[xxl-job, JobThread-4-1662601239020] 2022-02-28 21:00:25.200000 market receive order, id = strategy1_3, price = 4716.0, direction = ORDER_DIRECTION.BUY, code = rb888.shfe
2022-09-08 09:40:47 [com.tq.yuxuan.xxljob.task.MyTask#demoJobHandler]-[44]-[xxl-job, JobThread-4-1662601239020] 2022-02-28 21:00:27.100000 missing order strategy1_3 @ cancelling...
2022-09-08 09:40:47 [com.tq.yuxuan.xxljob.task.MyTask#demoJobHandler]-[44]-[xxl-job, JobThread-4-1662601239020] 2022-02-28 21:00:27.100000 account cancel order, id = strategy1_3, price = 4716.0, direction = ORDER_DIRECTION.BUY, code = rb888.shfe
2022-09-08 09:40:47 [com.tq.yuxuan.xxljob.task.MyTask#demoJobHandler]-[44]-[xxl-job, JobThread-4-1662601239020] 2022-02-28 21:00:27.100000 market match order, id = strategy1_3, info = ('strategy1_3', 4, 4716.0, 1), code = rb888.shfe
2022-09-08 09:40:47 [com.tq.yuxuan.xxljob.task.MyTask#demoJobHandler]-[44]-[xxl-job, JobThread-4-1662601239020] 2022-02-28 21:00:54.100000 account insert order, id = strategy1_4, price = 4716.0, direction = ORDER_DIRECTION.SELL, code = rb888.shfe
2022-09-08 09:40:47 [com.tq.yuxuan.xxljob.task.MyTask#demoJobHandler]-[44]-[xxl-job, JobThread-4-1662601239020] 2022-02-28 21:00:54.200000 market receive order, id = strategy1_4, price = 4716.0, direction = ORDER_DIRECTION.SELL, code = rb888.shfe
2022-09-08 09:40:47 [com.tq.yuxuan.xxljob.task.MyTask#demoJobHandler]-[44]-[xxl-job, JobThread-4-1662601239020] 2022-02-28 21:00:55.100000 missing order strategy1_4 @ cancelling...
2022-09-08 09:40:47 [com.tq.yuxuan.xxljob.task.MyTask#demoJobHandler]-[44]-[xxl-job, JobThread-4-1662601239020] 2022-02-28 21:00:55.100000 account cancel order, id = strategy1_4, price = 4716.0, direction = ORDER_DIRECTION.SELL, code = rb888.shfe
2022-09-08 09:40:47 [com.tq.yuxuan.xxljob.task.MyTask#demoJobHandler]-[44]-[xxl-job, JobThread-4-1662601239020] 2022-02-28 21:00:55.100000 market match order, id = strategy1_4, info = ('strategy1_4', 4, 4716.0, 1), code = rb888.shfe
2022-09-08 09:40:47 [com.tq.yuxuan.xxljob.task.MyTask#demoJobHandler]-[44]-[xxl-job, JobThread-4-1662601239020] 2022-02-28 21:01:01.100000 account insert order, id = strategy0_0, price = 4720.0, direction = ORDER_DIRECTION.SELL, code = rb888.shfe
2022-09-08 09:40:47 [com.tq.yuxuan.xxljob.task.MyTask#demoJobHandler]-[44]-[xxl-job, JobThread-4-1662601239020] 2022-02-28 21:01:01.200000 market receive order, id = strategy0_0, price = 4720.0, direction = ORDER_DIRECTION.SELL, code = rb888.shfe
2022-09-08 09:40:47 [com.tq.yuxuan.xxljob.task.MyTask#demoJobHandler]-[44]-[xxl-job, JobThread-4-1662601239020] 2022-02-28 21:01:01.200000 market match order, id = strategy0_0, info = ('strategy0_0', 4, 4721.0, 1), code = rb888.shfe
2022-09-08 09:40:47 [com.tq.yuxuan.xxljob.task.MyTask#demoJobHandler]-[44]-[xxl-job, JobThread-4-1662601239020] 2022-02-28 21:01:15.100000 account insert order, id = strategy0_1, price = 4723.0, direction = ORDER_DIRECTION.SELL, code = rb999.shfe
2022-09-08 09:40:47 [com.tq.yuxuan.xxljob.task.MyTask#demoJobHandler]-[44]-[xxl-job, JobThread-4-1662601239020] 2022-02-28 21:01:15.200000 market receive order, id = strategy0_1, price = 4723.0, direction = ORDER_DIRECTION.SELL, code = rb999.shfe
2022-09-08 09:40:47 [com.tq.yuxuan.xxljob.task.MyTask#demoJobHandler]-[44]-[xxl-job, JobThread-4-1662601239020] 2022-02-28 21:01:15.200000 market match order, id = strategy0_1, info = ('strategy0_1', 4, 4723.0, 1), code = rb999.shfe
2022-09-08 09:40:47 [com.tq.yuxuan.xxljob.task.MyTask#demoJobHandler]-[44]-[xxl-job, JobThread-4-1662601239020] 2022-02-28 21:01:17.100000 account insert order, id = strategy1_5, price = 4723.0, direction = ORDER_DIRECTION.BUY, code = rb999.shfe
2022-09-08 09:40:47 [com.tq.yuxuan.xxljob.task.MyTask#demoJobHandler]-[44]-[xxl-job, JobThread-4-1662601239020] 2022-02-28 21:01:17.200000 market receive order, id = strategy1_5, price = 4723.0, direction = ORDER_DIRECTION.BUY, code = rb999.shfe
2022-09-08 09:40:47 [com.tq.yuxuan.xxljob.task.MyTask#demoJobHandler]-[44]-[xxl-job, JobThread-4-1662601239020] 2022-02-28 21:01:18.100000 account cancel order, id = strategy1_5, price = 4723.0, direction = ORDER_DIRECTION.BUY, code = rb999.shfe
2022-09-08 09:40:47 [com.tq.yuxuan.xxljob.task.MyTask#demoJobHandler]-[44]-[xxl-job, JobThread-4-1662601239020] 2022-02-28 21:01:18.200000 market match order, id = strategy1_5, info = ('strategy1_5', 5, None, None), code = rb999.shfe
2022-09-08 09:40:47 [com.tq.yuxuan.xxljob.task.MyTask#demoJobHandler]-[44]-[xxl-job, JobThread-4-1662601239020] 2022-02-28 21:02:12.100000 account insert order, id = strategy0_2, price = 4725.0, direction = ORDER_DIRECTION.SELL, code = rb999.shfe
2022-09-08 09:40:47 [com.tq.yuxuan.xxljob.task.MyTask#demoJobHandler]-[44]-[xxl-job, JobThread-4-1662601239020] 2022-02-28 21:02:12.200000 market receive order, id = strategy0_2, price = 4725.0, direction = ORDER_DIRECTION.SELL, code = rb999.shfe
2022-09-08 09:40:47 [com.tq.yuxuan.xxljob.task.MyTask#demoJobHandler]-[44]-[xxl-job, JobThread-4-1662601239020] 2022-02-28 21:02:14.100000 account cancel order, id = strategy0_2, price = 4725.0, direction = ORDER_DIRECTION.SELL, code = rb999.shfe
2022-09-08 09:40:47 [com.tq.yuxuan.xxljob.task.MyTask#demoJobHandler]-[44]-[xxl-job, JobThread-4-1662601239020] 2022-02-28 21:02:14.200000 market match order, id = strategy0_2, info = ('strategy0_2', 5, None, None), code = rb999.shfe
2022-09-08 09:40:47 [com.tq.yuxuan.xxljob.task.MyTask#demoJobHandler]-[44]-[xxl-job, JobThread-4-1662601239020] 2022-02-28 21:02:37.100000 account insert order, id = strategy0_3, price = 4728.0, direction = ORDER_DIRECTION.SELL, code = rb888.shfe
2022-09-08 09:40:47 [com.tq.yuxuan.xxljob.task.MyTask#demoJobHandler]-[44]-[xxl-job, JobThread-4-1662601239020] 2022-02-28 21:02:37.200000 market receive order, id = strategy0_3, price = 4728.0, direction = ORDER_DIRECTION.SELL, code = rb888.shfe
2022-09-08 09:40:47 [com.tq.yuxuan.xxljob.task.MyTask#demoJobHandler]-[44]-[xxl-job, JobThread-4-1662601239020] 2022-02-28 21:02:38.100000 account cancel order, id = strategy0_3, price = 4728.0, direction = ORDER_DIRECTION.SELL, code = rb888.shfe
2022-09-08 09:40:47 [com.tq.yuxuan.xxljob.task.MyTask#demoJobHandler]-[44]-[xxl-job, JobThread-4-1662601239020] 2022-02-28 21:02:38.200000 market match order, id = strategy0_3, info = ('strategy0_3', 5, None, None), code = rb888.shfe
2022-09-08 09:40:47 [com.tq.yuxuan.xxljob.task.MyTask#demoJobHandler]-[44]-[xxl-job, JobThread-4-1662601239020] 2022-02-28 21:02:51.100000 account insert order, id = strategy1_6, price = 4725.0, direction = ORDER_DIRECTION.BUY, code = rb888.shfe
2022-09-08 09:40:47 [com.tq.yuxuan.xxljob.task.MyTask#demoJobHandler]-[44]-[xxl-job, JobThread-4-1662601239020] 2022-02-28 21:02:51.200000 market receive order, id = strategy1_6, price = 4725.0, direction = ORDER_DIRECTION.BUY, code = rb888.shfe
2022-09-08 09:40:47 [com.tq.yuxuan.xxljob.task.MyTask#demoJobHandler]-[44]-[xxl-job, JobThread-4-1662601239020] 2022-02-28 21:02:54.100000 account cancel order, id = strategy1_6, price = 4725.0, direction = ORDER_DIRECTION.BUY, code = rb888.shfe
2022-09-08 09:40:47 [com.tq.yuxuan.xxljob.task.MyTask#demoJobHandler]-[44]-[xxl-job, JobThread-4-1662601239020] 2022-02-28 21:02:54.200000 market match order, id = strategy1_6, info = ('strategy1_6', 5, None, None), code = rb888.shfe
2022-09-08 09:40:47 [com.tq.yuxuan.xxljob.task.MyTask#demoJobHandler]-[44]-[xxl-job, JobThread-4-1662601239020] 2022-02-28 21:03:20.100000 account insert order, id = strategy1_7, price = 4727.0, direction = ORDER_DIRECTION.SELL, code = rb999.shfe
2022-09-08 09:40:47 [com.tq.yuxuan.xxljob.task.MyTask#demoJobHandler]-[44]-[xxl-job, JobThread-4-1662601239020] 2022-02-28 21:03:20.200000 market receive order, id = strategy1_7, price = 4727.0, direction = ORDER_DIRECTION.SELL, code = rb999.shfe
2022-09-08 09:40:47 [com.tq.yuxuan.xxljob.task.MyTask#demoJobHandler]-[44]-[xxl-job, JobThread-4-1662601239020] 2022-02-28 21:03:20.200000 market match order, id = strategy1_7, info = ('strategy1_7', 4, 4727.0, 1), code = rb999.shfe
2022-09-08 09:40:47 [com.tq.yuxuan.xxljob.task.MyTask#demoJobHandler]-[44]-[xxl-job, JobThread-4-1662601239020] 2022-02-28 21:03:38.100000 account insert order, id = strategy0_4, price = 4725.0, direction = ORDER_DIRECTION.BUY, code = rb888.shfe
2022-09-08 09:40:47 [com.tq.yuxuan.xxljob.task.MyTask#demoJobHandler]-[44]-[xxl-job, JobThread-4-1662601239020] 2022-02-28 21:03:38.200000 market receive order, id = strategy0_4, price = 4725.0, direction = ORDER_DIRECTION.BUY, code = rb888.shfe
2022-09-08 09:40:47 [com.tq.yuxuan.xxljob.task.MyTask#demoJobHandler]-[44]-[xxl-job, JobThread-4-1662601239020] 2022-02-28 21:03:40.100000 account cancel order, id = strategy0_4, price = 4725.0, direction = ORDER_DIRECTION.BUY, code = rb888.shfe
2022-09-08 09:40:47 [com.tq.yuxuan.xxljob.task.MyTask#demoJobHandler]-[44]-[xxl-job, JobThread-4-1662601239020] 2022-02-28 21:03:40.200000 market match order, id = strategy0_4, info = ('strategy0_4', 5, None, None), code = rb888.shfe
2022-09-08 09:40:47 [com.tq.yuxuan.xxljob.task.MyTask#demoJobHandler]-[44]-[xxl-job, JobThread-4-1662601239020] 2022-02-28 21:04:09.100000 account insert order, id = strategy1_8, price = 4726.0, direction = ORDER_DIRECTION.BUY, code = rb888.shfe
2022-09-08 09:40:47 [com.tq.yuxuan.xxljob.task.MyTask#demoJobHandler]-[44]-[xxl-job, JobThread-4-1662601239020] 2022-02-28 21:04:09.200000 market receive order, id = strategy1_8, price = 4726.0, direction = ORDER_DIRECTION.BUY, code = rb888.shfe
2022-09-08 09:40:47 [com.tq.yuxuan.xxljob.task.MyTask#demoJobHandler]-[44]-[xxl-job, JobThread-4-1662601239020] 2022-02-28 21:04:11.100000 market match order, id = strategy1_8, info = ('strategy1_8', 4, 4726.0, 1), code = rb888.shfe
2022-09-08 09:40:47 [com.tq.yuxuan.xxljob.task.MyTask#demoJobHandler]-[44]-[xxl-job, JobThread-4-1662601239020] 2022-02-28 21:04:35.100000 account insert order, id = strategy1_9, price = 4729.0, direction = ORDER_DIRECTION.SELL, code = rb999.shfe
2022-09-08 09:40:47 [com.tq.yuxuan.xxljob.task.MyTask#demoJobHandler]-[44]-[xxl-job, JobThread-4-1662601239020] 2022-02-28 21:04:35.200000 market receive order, id = strategy1_9, price = 4729.0, direction = ORDER_DIRECTION.SELL, code = rb999.shfe
2022-09-08 09:40:47 [com.tq.yuxuan.xxljob.task.MyTask#demoJobHandler]-[44]-[xxl-job, JobThread-4-1662601239020] 2022-02-28 21:04:36.100000 market match order, id = strategy1_9, info = ('strategy1_9', 4, 4729.0, 1), code = rb999.shfe
2022-09-08 09:40:47 [com.tq.yuxuan.xxljob.task.MyTask#demoJobHandler]-[44]-[xxl-job, JobThread-4-1662601239020] 2022-02-28 21:05:06.100000 account insert order, id = strategy0_5, price = 4727.0, direction = ORDER_DIRECTION.SELL, code = rb999.shfe
2022-09-08 09:40:47 [com.tq.yuxuan.xxljob.task.MyTask#demoJobHandler]-[44]-[xxl-job, JobThread-4-1662601239020] 2022-02-28 21:05:06.200000 market receive order, id = strategy0_5, price = 4727.0, direction = ORDER_DIRECTION.SELL, code = rb999.shfe
2022-09-08 09:40:47 [com.tq.yuxuan.xxljob.task.MyTask#demoJobHandler]-[44]-[xxl-job, JobThread-4-1662601239020] 2022-02-28 21:05:06.200000 market match order, id = strategy0_5, info = ('strategy0_5', 4, 4727.0, 1), code = rb999.shfe
2022-09-08 09:40:47 [com.tq.yuxuan.xxljob.task.MyTask#demoJobHandler]-[44]-[xxl-job, JobThread-4-1662601239020] 2022-02-28 21:05:32.100000 account insert order, id = strategy0_6, price = 4729.0, direction = ORDER_DIRECTION.SELL, code = rb888.shfe
2022-09-08 09:40:47 [com.tq.yuxuan.xxljob.task.MyTask#demoJobHandler]-[44]-[xxl-job, JobThread-4-1662601239020] 2022-02-28 21:05:32.200000 market receive order, id = strategy0_6, price = 4729.0, direction = ORDER_DIRECTION.SELL, code = rb888.shfe
2022-09-08 09:40:47 [com.tq.yuxuan.xxljob.task.MyTask#demoJobHandler]-[44]-[xxl-job, JobThread-4-1662601239020] 2022-02-28 21:05:33.100000 account cancel order, id = strategy0_6, price = 4729.0, direction = ORDER_DIRECTION.SELL, code = rb888.shfe
2022-09-08 09:40:47 [com.tq.yuxuan.xxljob.task.MyTask#demoJobHandler]-[44]-[xxl-job, JobThread-4-1662601239020] 2022-02-28 21:05:33.200000 market match order, id = strategy0_6, info = ('strategy0_6', 5, None, None), code = rb888.shfe
2022-09-08 09:40:47 [com.tq.yuxuan.xxljob.task.MyTask#demoJobHandler]-[44]-[xxl-job, JobThread-4-1662601239020] 2022-02-28 21:05:42.100000 account insert order, id = strategy1_10, price = 4729.0, direction = ORDER_DIRECTION.BUY, code = rb888.shfe
2022-09-08 09:40:47 [com.tq.yuxuan.xxljob.task.MyTask#demoJobHandler]-[44]-[xxl-job, JobThread-4-1662601239020] 2022-02-28 21:05:42.200000 market receive order, id = strategy1_10, price = 4729.0, direction = ORDER_DIRECTION.BUY, code = rb888.shfe
2022-09-08 09:40:47 [com.tq.yuxuan.xxljob.task.MyTask#demoJobHandler]-[44]-[xxl-job, JobThread-4-1662601239020] 2022-02-28 21:05:44.100000 missing order strategy1_10 @ cancelling...
2022-09-08 09:40:47 [com.tq.yuxuan.xxljob.task.MyTask#demoJobHandler]-[44]-[xxl-job, JobThread-4-1662601239020] 2022-02-28 21:05:44.100000 account cancel order, id = strategy1_10, price = 4729.0, direction = ORDER_DIRECTION.BUY, code = rb888.shfe
2022-09-08 09:40:47 [com.tq.yuxuan.xxljob.task.MyTask#demoJobHandler]-[44]-[xxl-job, JobThread-4-1662601239020] 2022-02-28 21:05:44.100000 market match order, id = strategy1_10, info = ('strategy1_10', 4, 4729.0, 1), code = rb888.shfe
2022-09-08 09:40:47 [com.tq.yuxuan.xxljob.task.MyTask#demoJobHandler]-[44]-[xxl-job, JobThread-4-1662601239020] 2022-02-28 21:06:06.100000 account insert order, id = strategy0_7, price = 4730.0, direction = ORDER_DIRECTION.BUY, code = rb999.shfe
2022-09-08 09:40:47 [com.tq.yuxuan.xxljob.task.MyTask#demoJobHandler]-[44]-[xxl-job, JobThread-4-1662601239020] 2022-02-28 21:06:06.100000 account insert order, id = strategy1_11, price = 4731.0, direction = ORDER_DIRECTION.SELL, code = rb999.shfe
2022-09-08 09:40:47 [com.tq.yuxuan.xxljob.task.MyTask#demoJobHandler]-[44]-[xxl-job, JobThread-4-1662601239020] 2022-02-28 21:06:06.200000 market receive order, id = strategy0_7, price = 4730.0, direction = ORDER_DIRECTION.BUY, code = rb999.shfe
2022-09-08 09:40:47 [com.tq.yuxuan.xxljob.task.MyTask#demoJobHandler]-[44]-[xxl-job, JobThread-4-1662601239020] 2022-02-28 21:06:06.200000 market receive order, id = strategy1_11, price = 4731.0, direction = ORDER_DIRECTION.SELL, code = rb999.shfe
2022-09-08 09:40:47 [com.tq.yuxuan.xxljob.task.MyTask#demoJobHandler]-[44]-[xxl-job, JobThread-4-1662601239020] 2022-02-28 21:06:06.200000 market match order, id = strategy0_7, info = ('strategy0_7', 4, 4730.0, 1), code = rb999.shfe
2022-09-08 09:40:47 [com.tq.yuxuan.xxljob.task.MyTask#demoJobHandler]-[44]-[xxl-job, JobThread-4-1662601239020] 2022-02-28 21:06:07.100000 account cancel order, id = strategy1_11, price = 4731.0, direction = ORDER_DIRECTION.SELL, code = rb999.shfe
2022-09-08 09:40:47 [com.tq.yuxuan.xxljob.task.MyTask#demoJobHandler]-[44]-[xxl-job, JobThread-4-1662601239020] 2022-02-28 21:06:07.200000 market match order, id = strategy1_11, info = ('strategy1_11', 5, None, None), code = rb999.shfe
2022-09-08 09:40:47 [com.tq.yuxuan.xxljob.task.MyTask#demoJobHandler]-[44]-[xxl-job, JobThread-4-1662601239020] 2022-02-28 21:06:22.100000 account insert order, id = strategy0_8, price = 4728.0, direction = ORDER_DIRECTION.BUY, code = rb888.shfe
2022-09-08 09:40:47 [com.tq.yuxuan.xxljob.task.MyTask#demoJobHandler]-[44]-[xxl-job, JobThread-4-1662601239020] 2022-02-28 21:06:22.200000 market receive order, id = strategy0_8, price = 4728.0, direction = ORDER_DIRECTION.BUY, code = rb888.shfe
2022-09-08 09:40:47 [com.tq.yuxuan.xxljob.task.MyTask#demoJobHandler]-[44]-[xxl-job, JobThread-4-1662601239020] 2022-02-28 21:06:26.100000 market match order, id = strategy0_8, info = ('strategy0_8', 4, 4728.0, 1), code = rb888.shfe
2022-09-08 09:40:47 [com.tq.yuxuan.xxljob.task.MyTask#demoJobHandler]-[44]-[xxl-job, JobThread-4-1662601239020] 2022-02-28 21:06:38.100000 account insert order, id = strategy0_9, price = 4726.0, direction = ORDER_DIRECTION.SELL, code = rb888.shfe
2022-09-08 09:40:47 [com.tq.yuxuan.xxljob.task.MyTask#demoJobHandler]-[44]-[xxl-job, JobThread-4-1662601239020] 2022-02-28 21:06:38.200000 market receive order, id = strategy0_9, price = 4726.0, direction = ORDER_DIRECTION.SELL, code = rb888.shfe
2022-09-08 09:40:47 [com.tq.yuxuan.xxljob.task.MyTask#demoJobHandler]-[44]-[xxl-job, JobThread-4-1662601239020] 2022-02-28 21:06:38.200000 market match order, id = strategy0_9, info = ('strategy0_9', 4, 4726.0, 1), code = rb888.shfe
2022-09-08 09:40:47 [com.tq.yuxuan.xxljob.task.MyTask#demoJobHandler]-[44]-[xxl-job, JobThread-4-1662601239020] 2022-02-28 21:07:04.100000 account insert order, id = strategy1_12, price = 4724.0, direction = ORDER_DIRECTION.SELL, code = rb999.shfe
2022-09-08 09:40:47 [com.tq.yuxuan.xxljob.task.MyTask#demoJobHandler]-[44]-[xxl-job, JobThread-4-1662601239020] 2022-02-28 21:07:04.200000 market receive order, id = strategy1_12, price = 4724.0, direction = ORDER_DIRECTION.SELL, code = rb999.shfe
2022-09-08 09:40:47 [com.tq.yuxuan.xxljob.task.MyTask#demoJobHandler]-[44]-[xxl-job, JobThread-4-1662601239020] 2022-02-28 21:07:07.100000 account cancel order, id = strategy1_12, price = 4724.0, direction = ORDER_DIRECTION.SELL, code = rb999.shfe
2022-09-08 09:40:47 [com.tq.yuxuan.xxljob.task.MyTask#demoJobHandler]-[44]-[xxl-job, JobThread-4-1662601239020] 2022-02-28 21:07:07.200000 market match order, id = strategy1_12, info = ('strategy1_12', 5, None, None), code = rb999.shfe
2022-09-08 09:40:47 [com.tq.yuxuan.xxljob.task.MyTask#demoJobHandler]-[44]-[xxl-job, JobThread-4-1662601239020] 2022-02-28 21:07:31.100000 account insert order, id = strategy0_10, price = 4726.0, direction = ORDER_DIRECTION.SELL, code = rb888.shfe
2022-09-08 09:40:47 [com.tq.yuxuan.xxljob.task.MyTask#demoJobHandler]-[44]-[xxl-job, JobThread-4-1662601239020] 2022-02-28 21:07:31.200000 market receive order, id = strategy0_10, price = 4726.0, direction = ORDER_DIRECTION.SELL, code = rb888.shfe
2022-09-08 09:40:47 [com.tq.yuxuan.xxljob.task.MyTask#demoJobHandler]-[44]-[xxl-job, JobThread-4-1662601239020] 2022-02-28 21:07:31.200000 market match order, id = strategy0_10, info = ('strategy0_10', 4, 4726.0, 1), code = rb888.shfe
2022-09-08 09:40:47 [com.tq.yuxuan.xxljob.task.MyTask#demoJobHandler]-[44]-[xxl-job, JobThread-4-1662601239020] 2022-02-28 21:07:42.100000 account insert order, id = strategy0_11, price = 4724.0, direction = ORDER_DIRECTION.BUY, code = rb999.shfe
2022-09-08 09:40:47 [com.tq.yuxuan.xxljob.task.MyTask#demoJobHandler]-[44]-[xxl-job, JobThread-4-1662601239020] 2022-02-28 21:07:42.200000 market receive order, id = strategy0_11, price = 4724.0, direction = ORDER_DIRECTION.BUY, code = rb999.shfe
2022-09-08 09:40:47 [com.tq.yuxuan.xxljob.task.MyTask#demoJobHandler]-[44]-[xxl-job, JobThread-4-1662601239020] 2022-02-28 21:07:44.100000 account cancel order, id = strategy0_11, price = 4724.0, direction = ORDER_DIRECTION.BUY, code = rb999.shfe
2022-09-08 09:40:47 [com.tq.yuxuan.xxljob.task.MyTask#demoJobHandler]-[44]-[xxl-job, JobThread-4-1662601239020] 2022-02-28 21:07:44.200000 market match order, id = strategy0_11, info = ('strategy0_11', 5, None, None), code = rb999.shfe
2022-09-08 09:40:47 [com.tq.yuxuan.xxljob.task.MyTask#demoJobHandler]-[44]-[xxl-job, JobThread-4-1662601239020] 2022-02-28 21:07:57.100000 account insert order, id = strategy1_13, price = 4724.0, direction = ORDER_DIRECTION.BUY, code = rb999.shfe
2022-09-08 09:40:47 [com.tq.yuxuan.xxljob.task.MyTask#demoJobHandler]-[44]-[xxl-job, JobThread-4-1662601239020] 2022-02-28 21:07:57.200000 market receive order, id = strategy1_13, price = 4724.0, direction = ORDER_DIRECTION.BUY, code = rb999.shfe
2022-09-08 09:40:47 [com.tq.yuxuan.xxljob.task.MyTask#demoJobHandler]-[44]-[xxl-job, JobThread-4-1662601239020] 2022-02-28 21:07:57.200000 market match order, id = strategy1_13, info = ('strategy1_13', 4, 4724.0, 1), code = rb999.shfe
2022-09-08 09:40:47 [com.tq.yuxuan.xxljob.task.MyTask#demoJobHandler]-[44]-[xxl-job, JobThread-4-1662601239020] 2022-02-28 21:08:28.100000 account insert order, id = strategy0_12, price = 4722.0, direction = ORDER_DIRECTION.BUY, code = rb888.shfe
2022-09-08 09:40:47 [com.tq.yuxuan.xxljob.task.MyTask#demoJobHandler]-[44]-[xxl-job, JobThread-4-1662601239020] 2022-02-28 21:08:28.200000 market receive order, id = strategy0_12, price = 4722.0, direction = ORDER_DIRECTION.BUY, code = rb888.shfe
2022-09-08 09:40:47 [com.tq.yuxuan.xxljob.task.MyTask#demoJobHandler]-[44]-[xxl-job, JobThread-4-1662601239020] 2022-02-28 21:08:29.100000 missing order strategy0_12 @ cancelling...
2022-09-08 09:40:47 [com.tq.yuxuan.xxljob.task.MyTask#demoJobHandler]-[44]-[xxl-job, JobThread-4-1662601239020] 2022-02-28 21:08:29.100000 account cancel order, id = strategy0_12, price = 4722.0, direction = ORDER_DIRECTION.BUY, code = rb888.shfe
2022-09-08 09:40:47 [com.tq.yuxuan.xxljob.task.MyTask#demoJobHandler]-[44]-[xxl-job, JobThread-4-1662601239020] 2022-02-28 21:08:29.100000 market match order, id = strategy0_12, info = ('strategy0_12', 4, 4722.0, 1), code = rb888.shfe
2022-09-08 09:40:47 [com.tq.yuxuan.xxljob.task.MyTask#demoJobHandler]-[44]-[xxl-job, JobThread-4-1662601239020] 2022-02-28 21:09:17.100000 account insert order, id = strategy0_13, price = 4719.0, direction = ORDER_DIRECTION.BUY, code = rb999.shfe
2022-09-08 09:40:47 [com.tq.yuxuan.xxljob.task.MyTask#demoJobHandler]-[44]-[xxl-job, JobThread-4-1662601239020] 2022-02-28 21:09:17.200000 market receive order, id = strategy0_13, price = 4719.0, direction = ORDER_DIRECTION.BUY, code = rb999.shfe
2022-09-08 09:40:47 [com.tq.yuxuan.xxljob.task.MyTask#demoJobHandler]-[44]-[xxl-job, JobThread-4-1662601239020] 2022-02-28 21:09:18.100000 missing order strategy0_13 @ cancelling...
2022-09-08 09:40:47 [com.tq.yuxuan.xxljob.task.MyTask#demoJobHandler]-[44]-[xxl-job, JobThread-4-1662601239020] 2022-02-28 21:09:18.100000 account cancel order, id = strategy0_13, price = 4719.0, direction = ORDER_DIRECTION.BUY, code = rb999.shfe
2022-09-08 09:40:47 [com.tq.yuxuan.xxljob.task.MyTask#demoJobHandler]-[44]-[xxl-job, JobThread-4-1662601239020] 2022-02-28 21:09:18.100000 market match order, id = strategy0_13, info = ('strategy0_13', 4, 4719.0, 1), code = rb999.shfe
2022-09-08 09:40:47 [com.tq.yuxuan.xxljob.task.MyTask#demoJobHandler]-[44]-[xxl-job, JobThread-4-1662601239020] 2022-02-28 21:09:43.100000 account insert order, id = strategy1_14, price = 4717.0, direction = ORDER_DIRECTION.BUY, code = rb999.shfe
2022-09-08 09:40:47 [com.tq.yuxuan.xxljob.task.MyTask#demoJobHandler]-[44]-[xxl-job, JobThread-4-1662601239020] 2022-02-28 21:09:43.200000 market receive order, id = strategy1_14, price = 4717.0, direction = ORDER_DIRECTION.BUY, code = rb999.shfe
2022-09-08 09:40:47 [com.tq.yuxuan.xxljob.task.MyTask#demoJobHandler]-[44]-[xxl-job, JobThread-4-1662601239020] 2022-02-28 21:09:47.100000 account insert order, id = strategy1_15, price = 4719.0, direction = ORDER_DIRECTION.SELL, code = rb999.shfe
2022-09-08 09:40:47 [com.tq.yuxuan.xxljob.task.MyTask#demoJobHandler]-[44]-[xxl-job, JobThread-4-1662601239020] 2022-02-28 21:09:47.200000 market receive order, id = strategy1_15, price = 4719.0, direction = ORDER_DIRECTION.SELL, code = rb999.shfe
2022-09-08 09:40:47 [com.tq.yuxuan.xxljob.task.MyTask#demoJobHandler]-[44]-[xxl-job, JobThread-4-1662601239020] 2022-02-28 21:09:47.200000 market match order, id = strategy1_15, info = ('strategy1_15', 4, 4719.0, 1), code = rb999.shfe
2022-09-08 09:40:47 [com.tq.yuxuan.xxljob.task.MyTask#demoJobHandler]-[44]-[xxl-job, JobThread-4-1662601239020] 2022-02-28 21:09:53.100000 account cancel order, id = strategy1_14, price = 4717.0, direction = ORDER_DIRECTION.BUY, code = rb999.shfe
2022-09-08 09:40:47 [com.tq.yuxuan.xxljob.task.MyTask#demoJobHandler]-[44]-[xxl-job, JobThread-4-1662601239020] 2022-02-28 21:09:53.200000 market match order, id = strategy1_14, info = ('strategy1_14', 5, None, None), code = rb999.shfe
2022-09-08 09:40:47 [com.tq.yuxuan.xxljob.task.MyTask#demoJobHandler]-[44]-[xxl-job, JobThread-4-1662601239020] 2022-02-28 21:09:57.100000 account insert order, id = strategy1_16, price = 4722.0, direction = ORDER_DIRECTION.SELL, code = rb888.shfe
2022-09-08 09:40:47 [com.tq.yuxuan.xxljob.task.MyTask#demoJobHandler]-[44]-[xxl-job, JobThread-4-1662601239020] 2022-02-28 21:09:57.200000 market receive order, id = strategy1_16, price = 4722.0, direction = ORDER_DIRECTION.SELL, code = rb888.shfe
2022-09-08 09:40:47 [com.tq.yuxuan.xxljob.task.MyTask#demoJobHandler]-[44]-[xxl-job, JobThread-4-1662601239020] 2022-02-28 21:09:58.100000 market match order, id = strategy1_16, info = ('strategy1_16', 4, 4722.0, 1), code = rb888.shfe
2022-09-08 09:40:47 [com.tq.yuxuan.xxljob.task.MyTask#demoJobHandler]-[44]-[xxl-job, JobThread-4-1662601239020] 2022-02-28 21:10:02.100000 account insert order, id = strategy1_17, price = 4723.0, direction = ORDER_DIRECTION.SELL, code = rb999.shfe
2022-09-08 09:40:47 [com.tq.yuxuan.xxljob.task.MyTask#demoJobHandler]-[44]-[xxl-job, JobThread-4-1662601239020] 2022-02-28 21:10:02.200000 market receive order, id = strategy1_17, price = 4723.0, direction = ORDER_DIRECTION.SELL, code = rb999.shfe
2022-09-08 09:40:47 [com.tq.yuxuan.xxljob.task.MyTask#demoJobHandler]-[44]-[xxl-job, JobThread-4-1662601239020] 2022-02-28 21:10:04.100000 missing order strategy1_17 @ cancelling...
2022-09-08 09:40:47 [com.tq.yuxuan.xxljob.task.MyTask#demoJobHandler]-[44]-[xxl-job, JobThread-4-1662601239020] 2022-02-28 21:10:04.100000 account cancel order, id = strategy1_17, price = 4723.0, direction = ORDER_DIRECTION.SELL, code = rb999.shfe
2022-09-08 09:40:47 [com.tq.yuxuan.xxljob.task.MyTask#demoJobHandler]-[44]-[xxl-job, JobThread-4-1662601239020] 2022-02-28 21:10:04.100000 market match order, id = strategy1_17, info = ('strategy1_17', 4, 4723.0, 1), code = rb999.shfe
2022-09-08 09:40:47 [com.tq.yuxuan.xxljob.task.MyTask#demoJobHandler]-[44]-[xxl-job, JobThread-4-1662601239020] 2022-02-28 21:10:16.100000 account insert order, id = strategy0_14, price = 4725.0, direction = ORDER_DIRECTION.SELL, code = rb888.shfe
2022-09-08 09:40:47 [com.tq.yuxuan.xxljob.task.MyTask#demoJobHandler]-[44]-[xxl-job, JobThread-4-1662601239020] 2022-02-28 21:10:16.200000 market receive order, id = strategy0_14, price = 4725.0, direction = ORDER_DIRECTION.SELL, code = rb888.shfe
2022-09-08 09:40:47 [com.tq.yuxuan.xxljob.task.MyTask#demoJobHandler]-[44]-[xxl-job, JobThread-4-1662601239020] 2022-02-28 21:10:19.100000 account insert order, id = strategy1_18, price = 4724.0, direction = ORDER_DIRECTION.BUY, code = rb888.shfe
2022-09-08 09:40:47 [com.tq.yuxuan.xxljob.task.MyTask#demoJobHandler]-[44]-[xxl-job, JobThread-4-1662601239020] 2022-02-28 21:10:19.200000 market receive order, id = strategy1_18, price = 4724.0, direction = ORDER_DIRECTION.BUY, code = rb888.shfe
2022-09-08 09:40:47 [com.tq.yuxuan.xxljob.task.MyTask#demoJobHandler]-[44]-[xxl-job, JobThread-4-1662601239020] 2022-02-28 21:10:21.100000 market match order, id = strategy1_18, info = ('strategy1_18', 4, 4724.0, 1), code = rb888.shfe
2022-09-08 09:40:47 [com.tq.yuxuan.xxljob.task.MyTask#demoJobHandler]-[44]-[xxl-job, JobThread-4-1662601239020] 2022-02-28 21:10:22.100000 account cancel order, id = strategy0_14, price = 4725.0, direction = ORDER_DIRECTION.SELL, code = rb888.shfe
2022-09-08 09:40:47 [com.tq.yuxuan.xxljob.task.MyTask#demoJobHandler]-[44]-[xxl-job, JobThread-4-1662601239020] 2022-02-28 21:10:22.200000 market match order, id = strategy0_14, info = ('strategy0_14', 5, None, None), code = rb888.shfe
2022-09-08 09:40:47 [com.tq.yuxuan.xxljob.task.MyTask#demoJobHandler]-[44]-[xxl-job, JobThread-4-1662601239020] 2022-02-28 21:10:30.100000 account insert order, id = strategy1_19, price = 4727.0, direction = ORDER_DIRECTION.SELL, code = rb999.shfe
2022-09-08 09:40:47 [com.tq.yuxuan.xxljob.task.MyTask#demoJobHandler]-[44]-[xxl-job, JobThread-4-1662601239020] 2022-02-28 21:10:30.200000 market receive order, id = strategy1_19, price = 4727.0, direction = ORDER_DIRECTION.SELL, code = rb999.shfe
2022-09-08 09:40:47 [com.tq.yuxuan.xxljob.task.MyTask#demoJobHandler]-[44]-[xxl-job, JobThread-4-1662601239020] 2022-02-28 21:10:32.100000 account cancel order, id = strategy1_19, price = 4727.0, direction = ORDER_DIRECTION.SELL, code = rb999.shfe
2022-09-08 09:40:47 [com.tq.yuxuan.xxljob.task.MyTask#demoJobHandler]-[44]-[xxl-job, JobThread-4-1662601239020] 2022-02-28 21:10:32.200000 market match order, id = strategy1_19, info = ('strategy1_19', 5, None, None), code = rb999.shfe
2022-09-08 09:40:47 [com.tq.yuxuan.xxljob.task.MyTask#demoJobHandler]-[44]-[xxl-job, JobThread-4-1662601239020] 2022-02-28 21:11:02.100000 account insert order, id = strategy1_20, price = 4725.0, direction = ORDER_DIRECTION.BUY, code = rb888.shfe
2022-09-08 09:40:47 [com.tq.yuxuan.xxljob.task.MyTask#demoJobHandler]-[44]-[xxl-job, JobThread-4-1662601239020] 2022-02-28 21:11:02.200000 market receive order, id = strategy1_20, price = 4725.0, direction = ORDER_DIRECTION.BUY, code = rb888.shfe
2022-09-08 09:40:47 [com.tq.yuxuan.xxljob.task.MyTask#demoJobHandler]-[44]-[xxl-job, JobThread-4-1662601239020] 2022-02-28 21:11:04.100000 account cancel order, id = strategy1_20, price = 4725.0, direction = ORDER_DIRECTION.BUY, code = rb888.shfe
2022-09-08 09:40:47 [com.tq.yuxuan.xxljob.task.MyTask#demoJobHandler]-[44]-[xxl-job, JobThread-4-1662601239020] 2022-02-28 21:11:04.200000 market match order, id = strategy1_20, info = ('strategy1_20', 5, None, None), code = rb888.shfe
2022-09-08 09:40:47 [com.tq.yuxuan.xxljob.task.MyTask#demoJobHandler]-[44]-[xxl-job, JobThread-4-1662601239020] 2022-02-28 21:11:19.100000 account insert order, id = strategy1_21, price = 4726.0, direction = ORDER_DIRECTION.SELL, code = rb999.shfe
2022-09-08 09:40:47 [com.tq.yuxuan.xxljob.task.MyTask#demoJobHandler]-[44]-[xxl-job, JobThread-4-1662601239020] 2022-02-28 21:11:19.200000 market receive order, id = strategy1_21, price = 4726.0, direction = ORDER_DIRECTION.SELL, code = rb999.shfe
2022-09-08 09:40:47 [com.tq.yuxuan.xxljob.task.MyTask#demoJobHandler]-[44]-[xxl-job, JobThread-4-1662601239020] 2022-02-28 21:11:21.100000 missing order strategy1_21 @ cancelling...
2022-09-08 09:40:47 [com.tq.yuxuan.xxljob.task.MyTask#demoJobHandler]-[44]-[xxl-job, JobThread-4-1662601239020] 2022-02-28 21:11:21.100000 account cancel order, id = strategy1_21, price = 4726.0, direction = ORDER_DIRECTION.SELL, code = rb999.shfe
2022-09-08 09:40:47 [com.tq.yuxuan.xxljob.task.MyTask#demoJobHandler]-[44]-[xxl-job, JobThread-4-1662601239020] 2022-02-28 21:11:21.100000 market match order, id = strategy1_21, info = ('strategy1_21', 4, 4726.0, 1), code = rb999.shfe
2022-09-08 09:40:47 [com.tq.yuxuan.xxljob.task.MyTask#demoJobHandler]-[44]-[xxl-job, JobThread-4-1662601239020] 2022-02-28 21:12:50.100000 account insert order, id = strategy0_15, price = 4723.0, direction = ORDER_DIRECTION.BUY, code = rb888.shfe
2022-09-08 09:40:47 [com.tq.yuxuan.xxljob.task.MyTask#demoJobHandler]-[44]-[xxl-job, JobThread-4-1662601239020] 2022-02-28 21:12:50.200000 market receive order, id = strategy0_15, price = 4723.0, direction = ORDER_DIRECTION.BUY, code = rb888.shfe
2022-09-08 09:40:47 [com.tq.yuxuan.xxljob.task.MyTask#demoJobHandler]-[44]-[xxl-job, JobThread-4-1662601239020] 2022-02-28 21:12:53.100000 missing order strategy0_15 @ cancelling...
2022-09-08 09:40:47 [com.tq.yuxuan.xxljob.task.MyTask#demoJobHandler]-[44]-[xxl-job, JobThread-4-1662601239020] 2022-02-28 21:12:53.100000 account cancel order, id = strategy0_15, price = 4723.0, direction = ORDER_DIRECTION.BUY, code = rb888.shfe
2022-09-08 09:40:47 [com.tq.yuxuan.xxljob.task.MyTask#demoJobHandler]-[44]-[xxl-job, JobThread-4-1662601239020] 2022-02-28 21:12:53.100000 market match order, id = strategy0_15, info = ('strategy0_15', 4, 4723.0, 1), code = rb888.shfe
2022-09-08 09:40:47 [com.tq.yuxuan.xxljob.task.MyTask#demoJobHandler]-[44]-[xxl-job, JobThread-4-1662601239020] 2022-02-28 21:13:26.100000 account insert order, id = strategy0_16, price = 4724.0, direction = ORDER_DIRECTION.BUY, code = rb999.shfe
2022-09-08 09:40:47 [com.tq.yuxuan.xxljob.task.MyTask#demoJobHandler]-[44]-[xxl-job, JobThread-4-1662601239020] 2022-02-28 21:13:26.200000 market receive order, id = strategy0_16, price = 4724.0, direction = ORDER_DIRECTION.BUY, code = rb999.shfe
2022-09-08 09:40:47 [com.tq.yuxuan.xxljob.task.MyTask#demoJobHandler]-[44]-[xxl-job, JobThread-4-1662601239020] 2022-02-28 21:13:29.100000 missing order strategy0_16 @ cancelling...
2022-09-08 09:40:47 [com.tq.yuxuan.xxljob.task.MyTask#demoJobHandler]-[44]-[xxl-job, JobThread-4-1662601239020] 2022-02-28 21:13:29.100000 account cancel order, id = strategy0_16, price = 4724.0, direction = ORDER_DIRECTION.BUY, code = rb999.shfe
2022-09-08 09:40:47 [com.tq.yuxuan.xxljob.task.MyTask#demoJobHandler]-[44]-[xxl-job, JobThread-4-1662601239020] 2022-02-28 21:13:29.100000 market match order, id = strategy0_16, info = ('strategy0_16', 4, 4724.0, 1), code = rb999.shfe
2022-09-08 09:40:47 [com.tq.yuxuan.xxljob.task.MyTask#demoJobHandler]-[44]-[xxl-job, JobThread-4-1662601239020] 2022-02-28 21:14:22.100000 account insert order, id = strategy0_17, price = 4725.0, direction = ORDER_DIRECTION.SELL, code = rb888.shfe
2022-09-08 09:40:47 [com.tq.yuxuan.xxljob.task.MyTask#demoJobHandler]-[44]-[xxl-job, JobThread-4-1662601239020] 2022-02-28 21:14:22.200000 market receive order, id = strategy0_17, price = 4725.0, direction = ORDER_DIRECTION.SELL, code = rb888.shfe
2022-09-08 09:40:47 [com.tq.yuxuan.xxljob.task.MyTask#demoJobHandler]-[44]-[xxl-job, JobThread-4-1662601239020] 2022-02-28 21:14:22.200000 market match order, id = strategy0_17, info = ('strategy0_17', 4, 4725.0, 1), code = rb888.shfe
2022-09-08 09:40:47 [com.tq.yuxuan.xxljob.task.MyTask#demoJobHandler]-[44]-[xxl-job, JobThread-4-1662601239020] 2022-02-28 21:14:38.100000 account insert order, id = strategy1_22, price = 4727.0, direction = ORDER_DIRECTION.SELL, code = rb999.shfe
2022-09-08 09:40:47 [com.tq.yuxuan.xxljob.task.MyTask#demoJobHandler]-[44]-[xxl-job, JobThread-4-1662601239020] 2022-02-28 21:14:38.200000 market receive order, id = strategy1_22, price = 4727.0, direction = ORDER_DIRECTION.SELL, code = rb999.shfe
2022-09-08 09:40:47 [com.tq.yuxuan.xxljob.task.MyTask#demoJobHandler]-[44]-[xxl-job, JobThread-4-1662601239020] 2022-02-28 21:14:42.100000 account cancel order, id = strategy1_22, price = 4727.0, direction = ORDER_DIRECTION.SELL, code = rb999.shfe
2022-09-08 09:40:47 [com.tq.yuxuan.xxljob.task.MyTask#demoJobHandler]-[44]-[xxl-job, JobThread-4-1662601239020] 2022-02-28 21:14:42.200000 market match order, id = strategy1_22, info = ('strategy1_22', 5, None, None), code = rb999.shfe
2022-09-08 09:40:47 [com.tq.yuxuan.xxljob.task.MyTask#demoJobHandler]-[44]-[xxl-job, JobThread-4-1662601239020] 2022-02-28 21:14:58.100000 account insert order, id = strategy1_23, price = 4726.0, direction = ORDER_DIRECTION.BUY, code = rb999.shfe
2022-09-08 09:40:47 [com.tq.yuxuan.xxljob.task.MyTask#demoJobHandler]-[44]-[xxl-job, JobThread-4-1662601239020] 2022-02-28 21:14:58.200000 market receive order, id = strategy1_23, price = 4726.0, direction = ORDER_DIRECTION.BUY, code = rb999.shfe
2022-09-08 09:40:47 [com.tq.yuxuan.xxljob.task.MyTask#demoJobHandler]-[44]-[xxl-job, JobThread-4-1662601239020] 2022-02-28 21:14:59.100000 missing order strategy1_23 @ cancelling...
2022-09-08 09:40:47 [com.tq.yuxuan.xxljob.task.MyTask#demoJobHandler]-[44]-[xxl-job, JobThread-4-1662601239020] 2022-02-28 21:14:59.100000 account cancel order, id = strategy1_23, price = 4726.0, direction = ORDER_DIRECTION.BUY, code = rb999.shfe
2022-09-08 09:40:47 [com.tq.yuxuan.xxljob.task.MyTask#demoJobHandler]-[44]-[xxl-job, JobThread-4-1662601239020] 2022-02-28 21:14:59.100000 market match order, id = strategy1_23, info = ('strategy1_23', 4, 4726.0, 1), code = rb999.shfe
2022-09-08 09:40:47 [com.tq.yuxuan.xxljob.task.MyTask#demoJobHandler]-[44]-[xxl-job, JobThread-4-1662601239020] 2022-02-28 21:15:34.100000 account insert order, id = strategy1_24, price = 4727.0, direction = ORDER_DIRECTION.BUY, code = rb888.shfe
2022-09-08 09:40:47 [com.tq.yuxuan.xxljob.task.MyTask#demoJobHandler]-[44]-[xxl-job, JobThread-4-1662601239020] 2022-02-28 21:15:34.200000 market receive order, id = strategy1_24, price = 4727.0, direction = ORDER_DIRECTION.BUY, code = rb888.shfe
2022-09-08 09:40:47 [com.tq.yuxuan.xxljob.task.MyTask#demoJobHandler]-[44]-[xxl-job, JobThread-4-1662601239020] 2022-02-28 21:15:35.100000 account cancel order, id = strategy1_24, price = 4727.0, direction = ORDER_DIRECTION.BUY, code = rb888.shfe
2022-09-08 09:40:47 [com.tq.yuxuan.xxljob.task.MyTask#demoJobHandler]-[44]-[xxl-job, JobThread-4-1662601239020] 2022-02-28 21:15:35.200000 market match order, id = strategy1_24, info = ('strategy1_24', 5, None, None), code = rb888.shfe
2022-09-08 09:40:47 [com.tq.yuxuan.xxljob.task.MyTask#demoJobHandler]-[44]-[xxl-job, JobThread-4-1662601239020] 2022-02-28 21:15:49.100000 account insert order, id = strategy0_18, price = 4730.0, direction = ORDER_DIRECTION.SELL, code = rb999.shfe
2022-09-08 09:40:47 [com.tq.yuxuan.xxljob.task.MyTask#demoJobHandler]-[44]-[xxl-job, JobThread-4-1662601239020] 2022-02-28 21:15:49.200000 market receive order, id = strategy0_18, price = 4730.0, direction = ORDER_DIRECTION.SELL, code = rb999.shfe
2022-09-08 09:40:47 [com.tq.yuxuan.xxljob.task.MyTask#demoJobHandler]-[44]-[xxl-job, JobThread-4-1662601239020] 2022-02-28 21:15:52.100000 missing order strategy0_18 @ cancelling...
2022-09-08 09:40:47 [com.tq.yuxuan.xxljob.task.MyTask#demoJobHandler]-[44]-[xxl-job, JobThread-4-1662601239020] 2022-02-28 21:15:52.100000 account cancel order, id = strategy0_18, price = 4730.0, direction = ORDER_DIRECTION.SELL, code = rb999.shfe
2022-09-08 09:40:47 [com.tq.yuxuan.xxljob.task.MyTask#demoJobHandler]-[44]-[xxl-job, JobThread-4-1662601239020] 2022-02-28 21:15:52.100000 market match order, id = strategy0_18, info = ('strategy0_18', 4, 4730.0, 1), code = rb999.shfe
2022-09-08 09:40:47 [com.tq.yuxuan.xxljob.task.MyTask#demoJobHandler]-[44]-[xxl-job, JobThread-4-1662601239020] 2022-02-28 21:15:56.100000 account insert order, id = strategy0_19, price = 4732.0, direction = ORDER_DIRECTION.SELL, code = rb999.shfe
2022-09-08 09:40:47 [com.tq.yuxuan.xxljob.task.MyTask#demoJobHandler]-[44]-[xxl-job, JobThread-4-1662601239020] 2022-02-28 21:15:56.200000 market receive order, id = strategy0_19, price = 4732.0, direction = ORDER_DIRECTION.SELL, code = rb999.shfe
2022-09-08 09:40:47 [com.tq.yuxuan.xxljob.task.MyTask#demoJobHandler]-[44]-[xxl-job, JobThread-4-1662601239020] 2022-02-28 21:15:57.100000 account cancel order, id = strategy0_19, price = 4732.0, direction = ORDER_DIRECTION.SELL, code = rb999.shfe
2022-09-08 09:40:47 [com.tq.yuxuan.xxljob.task.MyTask#demoJobHandler]-[44]-[xxl-job, JobThread-4-1662601239020] 2022-02-28 21:15:57.200000 market match order, id = strategy0_19, info = ('strategy0_19', 5, None, None), code = rb999.shfe
2022-09-08 09:40:47 [com.tq.yuxuan.xxljob.task.MyTask#demoJobHandler]-[44]-[xxl-job, JobThread-4-1662601239020] 2022-02-28 21:16:27.100000 account insert order, id = strategy0_20, price = 4730.0, direction = ORDER_DIRECTION.BUY, code = rb888.shfe
2022-09-08 09:40:47 [com.tq.yuxuan.xxljob.task.MyTask#demoJobHandler]-[44]-[xxl-job, JobThread-4-1662601239020] 2022-02-28 21:16:27.200000 market receive order, id = strategy0_20, price = 4730.0, direction = ORDER_DIRECTION.BUY, code = rb888.shfe
2022-09-08 09:40:47 [com.tq.yuxuan.xxljob.task.MyTask#demoJobHandler]-[44]-[xxl-job, JobThread-4-1662601239020] 2022-02-28 21:16:27.200000 market match order, id = strategy0_20, info = ('strategy0_20', 4, 4730.0, 1), code = rb888.shfe
2022-09-08 09:40:47 [com.tq.yuxuan.xxljob.task.MyTask#demoJobHandler]-[44]-[xxl-job, JobThread-4-1662601239020] 2022-02-28 21:16:29.100000 account insert order, id = strategy0_21, price = 4730.0, direction = ORDER_DIRECTION.SELL, code = rb888.shfe
2022-09-08 09:40:47 [com.tq.yuxuan.xxljob.task.MyTask#demoJobHandler]-[44]-[xxl-job, JobThread-4-1662601239020] 2022-02-28 21:16:29.200000 market receive order, id = strategy0_21, price = 4730.0, direction = ORDER_DIRECTION.SELL, code = rb888.shfe
2022-09-08 09:40:47 [com.tq.yuxuan.xxljob.task.MyTask#demoJobHandler]-[44]-[xxl-job, JobThread-4-1662601239020] 2022-02-28 21:16:30.100000 account cancel order, id = strategy0_21, price = 4730.0, direction = ORDER_DIRECTION.SELL, code = rb888.shfe
2022-09-08 09:40:47 [com.tq.yuxuan.xxljob.task.MyTask#demoJobHandler]-[44]-[xxl-job, JobThread-4-1662601239020] 2022-02-28 21:16:30.200000 market match order, id = strategy0_21, info = ('strategy0_21', 5, None, None), code = rb888.shfe
2022-09-08 09:40:47 [com.tq.yuxuan.xxljob.task.MyTask#demoJobHandler]-[44]-[xxl-job, JobThread-4-1662601239020] 2022-02-28 21:16:53.100000 account insert order, id = strategy1_25, price = 4729.0, direction = ORDER_DIRECTION.BUY, code = rb999.shfe
2022-09-08 09:40:47 [com.tq.yuxuan.xxljob.task.MyTask#demoJobHandler]-[44]-[xxl-job, JobThread-4-1662601239020] 2022-02-28 21:16:53.200000 market receive order, id = strategy1_25, price = 4729.0, direction = ORDER_DIRECTION.BUY, code = rb999.shfe
2022-09-08 09:40:47 [com.tq.yuxuan.xxljob.task.MyTask#demoJobHandler]-[44]-[xxl-job, JobThread-4-1662601239020] 2022-02-28 21:16:55.100000 account cancel order, id = strategy1_25, price = 4729.0, direction = ORDER_DIRECTION.BUY, code = rb999.shfe
2022-09-08 09:40:47 [com.tq.yuxuan.xxljob.task.MyTask#demoJobHandler]-[44]-[xxl-job, JobThread-4-1662601239020] 2022-02-28 21:16:55.200000 market match order, id = strategy1_25, info = ('strategy1_25', 5, None, None), code = rb999.shfe
2022-09-08 09:40:47 [com.tq.yuxuan.xxljob.task.MyTask#demoJobHandler]-[44]-[xxl-job, JobThread-4-1662601239020] 2022-02-28 21:17:20.100000 account insert order, id = strategy0_22, price = 4728.0, direction = ORDER_DIRECTION.BUY, code = rb888.shfe
2022-09-08 09:40:47 [com.tq.yuxuan.xxljob.task.MyTask#demoJobHandler]-[44]-[xxl-job, JobThread-4-1662601239020] 2022-02-28 21:17:20.200000 market receive order, id = strategy0_22, price = 4728.0, direction = ORDER_DIRECTION.BUY, code = rb888.shfe
2022-09-08 09:40:47 [com.tq.yuxuan.xxljob.task.MyTask#demoJobHandler]-[44]-[xxl-job, JobThread-4-1662601239020] 2022-02-28 21:17:21.100000 missing order strategy0_22 @ cancelling...
2022-09-08 09:40:47 [com.tq.yuxuan.xxljob.task.MyTask#demoJobHandler]-[44]-[xxl-job, JobThread-4-1662601239020] 2022-02-28 21:17:21.100000 account cancel order, id = strategy0_22, price = 4728.0, direction = ORDER_DIRECTION.BUY, code = rb888.shfe
2022-09-08 09:40:47 [com.tq.yuxuan.xxljob.task.MyTask#demoJobHandler]-[44]-[xxl-job, JobThread-4-1662601239020] 2022-02-28 21:17:21.100000 market match order, id = strategy0_22, info = ('strategy0_22', 4, 4728.0, 1), code = rb888.shfe
2022-09-08 09:40:47 [com.tq.yuxuan.xxljob.task.MyTask#demoJobHandler]-[44]-[xxl-job, JobThread-4-1662601239020] 2022-02-28 21:17:23.100000 account insert order, id = strategy0_23, price = 4727.0, direction = ORDER_DIRECTION.SELL, code = rb999.shfe
2022-09-08 09:40:47 [com.tq.yuxuan.xxljob.task.MyTask#demoJobHandler]-[44]-[xxl-job, JobThread-4-1662601239020] 2022-02-28 21:17:23.200000 market receive order, id = strategy0_23, price = 4727.0, direction = ORDER_DIRECTION.SELL, code = rb999.shfe
2022-09-08 09:40:47 [com.tq.yuxuan.xxljob.task.MyTask#demoJobHandler]-[44]-[xxl-job, JobThread-4-1662601239020] 2022-02-28 21:17:23.200000 market match order, id = strategy0_23, info = ('strategy0_23', 4, 4728.0, 1), code = rb999.shfe
2022-09-08 09:40:47 [com.tq.yuxuan.xxljob.task.MyTask#demoJobHandler]-[44]-[xxl-job, JobThread-4-1662601239020] 2022-02-28 21:18:11.100000 account insert order, id = strategy0_24, price = 4730.0, direction = ORDER_DIRECTION.SELL, code = rb888.shfe
2022-09-08 09:40:47 [com.tq.yuxuan.xxljob.task.MyTask#demoJobHandler]-[44]-[xxl-job, JobThread-4-1662601239020] 2022-02-28 21:18:11.200000 market receive order, id = strategy0_24, price = 4730.0, direction = ORDER_DIRECTION.SELL, code = rb888.shfe
2022-09-08 09:40:47 [com.tq.yuxuan.xxljob.task.MyTask#demoJobHandler]-[44]-[xxl-job, JobThread-4-1662601239020] 2022-02-28 21:18:13.100000 account cancel order, id = strategy0_24, price = 4730.0, direction = ORDER_DIRECTION.SELL, code = rb888.shfe
2022-09-08 09:40:47 [com.tq.yuxuan.xxljob.task.MyTask#demoJobHandler]-[44]-[xxl-job, JobThread-4-1662601239020] 2022-02-28 21:18:13.200000 market match order, id = strategy0_24, info = ('strategy0_24', 5, None, None), code = rb888.shfe
2022-09-08 09:40:47 [com.tq.yuxuan.xxljob.task.MyTask#demoJobHandler]-[44]-[xxl-job, JobThread-4-1662601239020] 2022-02-28 21:18:19.100000 account insert order, id = strategy1_26, price = 4730.0, direction = ORDER_DIRECTION.SELL, code = rb888.shfe
2022-09-08 09:40:47 [com.tq.yuxuan.xxljob.task.MyTask#demoJobHandler]-[44]-[xxl-job, JobThread-4-1662601239020] 2022-02-28 21:18:19.200000 market receive order, id = strategy1_26, price = 4730.0, direction = ORDER_DIRECTION.SELL, code = rb888.shfe
2022-09-08 09:40:47 [com.tq.yuxuan.xxljob.task.MyTask#demoJobHandler]-[44]-[xxl-job, JobThread-4-1662601239020] 2022-02-28 21:18:27.100000 account cancel order, id = strategy1_26, price = 4730.0, direction = ORDER_DIRECTION.SELL, code = rb888.shfe
2022-09-08 09:40:47 [com.tq.yuxuan.xxljob.task.MyTask#demoJobHandler]-[44]-[xxl-job, JobThread-4-1662601239020] 2022-02-28 21:18:27.200000 market match order, id = strategy1_26, info = ('strategy1_26', 5, None, None), code = rb888.shfe
2022-09-08 09:40:47 [com.tq.yuxuan.xxljob.task.MyTask#demoJobHandler]-[44]-[xxl-job, JobThread-4-1662601239020] 2022-02-28 21:18:32.100000 account insert order, id = strategy0_25, price = 4730.0, direction = ORDER_DIRECTION.BUY, code = rb888.shfe
2022-09-08 09:40:47 [com.tq.yuxuan.xxljob.task.MyTask#demoJobHandler]-[44]-[xxl-job, JobThread-4-1662601239020] 2022-02-28 21:18:32.200000 market receive order, id = strategy0_25, price = 4730.0, direction = ORDER_DIRECTION.BUY, code = rb888.shfe
2022-09-08 09:40:47 [com.tq.yuxuan.xxljob.task.MyTask#demoJobHandler]-[44]-[xxl-job, JobThread-4-1662601239020] 2022-02-28 21:18:35.100000 account cancel order, id = strategy0_25, price = 4730.0, direction = ORDER_DIRECTION.BUY, code = rb888.shfe
2022-09-08 09:40:47 [com.tq.yuxuan.xxljob.task.MyTask#demoJobHandler]-[44]-[xxl-job, JobThread-4-1662601239020] 2022-02-28 21:18:35.200000 market match order, id = strategy0_25, info = ('strategy0_25', 5, None, None), code = rb888.shfe
2022-09-08 09:40:47 [com.tq.yuxuan.xxljob.task.MyTask#demoJobHandler]-[44]-[xxl-job, JobThread-4-1662601239020] 2022-02-28 21:19:06.100000 account insert order, id = strategy1_27, price = 4728.0, direction = ORDER_DIRECTION.BUY, code = rb888.shfe
2022-09-08 09:40:47 [com.tq.yuxuan.xxljob.task.MyTask#demoJobHandler]-[44]-[xxl-job, JobThread-4-1662601239020] 2022-02-28 21:19:06.200000 market receive order, id = strategy1_27, price = 4728.0, direction = ORDER_DIRECTION.BUY, code = rb888.shfe
2022-09-08 09:40:47 [com.tq.yuxuan.xxljob.task.MyTask#demoJobHandler]-[44]-[xxl-job, JobThread-4-1662601239020] 2022-02-28 21:19:07.100000 account cancel order, id = strategy1_27, price = 4728.0, direction = ORDER_DIRECTION.BUY, code = rb888.shfe
2022-09-08 09:40:47 [com.tq.yuxuan.xxljob.task.MyTask#demoJobHandler]-[44]-[xxl-job, JobThread-4-1662601239020] 2022-02-28 21:19:07.200000 market match order, id = strategy1_27, info = ('strategy1_27', 5, None, None), code = rb888.shfe
2022-09-08 09:40:47 [com.tq.yuxuan.xxljob.task.MyTask#demoJobHandler]-[44]-[xxl-job, JobThread-4-1662601239020] 2022-02-28 21:19:10.100000 account insert order, id = strategy1_28, price = 4729.0, direction = ORDER_DIRECTION.SELL, code = rb999.shfe
2022-09-08 09:40:47 [com.tq.yuxuan.xxljob.task.MyTask#demoJobHandler]-[44]-[xxl-job, JobThread-4-1662601239020] 2022-02-28 21:19:10.200000 market receive order, id = strategy1_28, price = 4729.0, direction = ORDER_DIRECTION.SELL, code = rb999.shfe
2022-09-08 09:40:47 [com.tq.yuxuan.xxljob.task.MyTask#demoJobHandler]-[44]-[xxl-job, JobThread-4-1662601239020] 2022-02-28 21:19:10.200000 market match order, id = strategy1_28, info = ('strategy1_28', 4, 4729.0, 1), code = rb999.shfe
2022-09-08 09:40:47 [com.tq.yuxuan.xxljob.task.MyTask#demoJobHandler]-[44]-[xxl-job, JobThread-4-1662601239020] 2022-02-28 21:19:30.100000 account insert order, id = strategy1_29, price = 4729.0, direction = ORDER_DIRECTION.BUY, code = rb999.shfe
2022-09-08 09:40:47 [com.tq.yuxuan.xxljob.task.MyTask#demoJobHandler]-[44]-[xxl-job, JobThread-4-1662601239020] 2022-02-28 21:19:30.200000 market receive order, id = strategy1_29, price = 4729.0, direction = ORDER_DIRECTION.BUY, code = rb999.shfe
2022-09-08 09:40:47 [com.tq.yuxuan.xxljob.task.MyTask#demoJobHandler]-[44]-[xxl-job, JobThread-4-1662601239020] 2022-02-28 21:19:31.100000 account cancel order, id = strategy1_29, price = 4729.0, direction = ORDER_DIRECTION.BUY, code = rb999.shfe
2022-09-08 09:40:47 [com.tq.yuxuan.xxljob.task.MyTask#demoJobHandler]-[44]-[xxl-job, JobThread-4-1662601239020] 2022-02-28 21:19:31.200000 market match order, id = strategy1_29, info = ('strategy1_29', 5, None, None), code = rb999.shfe
2022-09-08 09:40:47 [com.tq.yuxuan.xxljob.task.MyTask#demoJobHandler]-[44]-[xxl-job, JobThread-4-1662601239020] 2022-02-28 21:19:42.100000 account insert order, id = strategy0_26, price = 4730.0, direction = ORDER_DIRECTION.BUY, code = rb999.shfe
2022-09-08 09:40:47 [com.tq.yuxuan.xxljob.task.MyTask#demoJobHandler]-[44]-[xxl-job, JobThread-4-1662601239020] 2022-02-28 21:19:42.200000 market receive order, id = strategy0_26, price = 4730.0, direction = ORDER_DIRECTION.BUY, code = rb999.shfe
2022-09-08 09:40:47 [com.tq.yuxuan.xxljob.task.MyTask#demoJobHandler]-[44]-[xxl-job, JobThread-4-1662601239020] 2022-02-28 21:19:42.200000 market match order, id = strategy0_26, info = ('strategy0_26', 4, 4730.0, 1), code = rb999.shfe
2022-09-08 09:40:47 [com.tq.yuxuan.xxljob.task.MyTask#demoJobHandler]-[44]-[xxl-job, JobThread-4-1662601239020] 2022-02-28 21:20:07.100000 account insert order, id = strategy1_30, price = 4730.0, direction = ORDER_DIRECTION.BUY, code = rb999.shfe
2022-09-08 09:40:47 [com.tq.yuxuan.xxljob.task.MyTask#demoJobHandler]-[44]-[xxl-job, JobThread-4-1662601239020] 2022-02-28 21:20:07.200000 market receive order, id = strategy1_30, price = 4730.0, direction = ORDER_DIRECTION.BUY, code = rb999.shfe
2022-09-08 09:40:47 [com.tq.yuxuan.xxljob.task.MyTask#demoJobHandler]-[44]-[xxl-job, JobThread-4-1662601239020] 2022-02-28 21:20:09.100000 missing order strategy1_30 @ cancelling...
2022-09-08 09:40:47 [com.tq.yuxuan.xxljob.task.MyTask#demoJobHandler]-[44]-[xxl-job, JobThread-4-1662601239020] 2022-02-28 21:20:09.100000 account cancel order, id = strategy1_30, price = 4730.0, direction = ORDER_DIRECTION.BUY, code = rb999.shfe
2022-09-08 09:40:47 [com.tq.yuxuan.xxljob.task.MyTask#demoJobHandler]-[44]-[xxl-job, JobThread-4-1662601239020] 2022-02-28 21:20:09.100000 market match order, id = strategy1_30, info = ('strategy1_30', 4, 4730.0, 1), code = rb999.shfe
2022-09-08 09:40:47 [com.tq.yuxuan.xxljob.task.MyTask#demoJobHandler]-[44]-[xxl-job, JobThread-4-1662601239020] 2022-02-28 21:20:14.100000 account insert order, id = strategy1_31, price = 4730.0, direction = ORDER_DIRECTION.BUY, code = rb888.shfe
2022-09-08 09:40:47 [com.tq.yuxuan.xxljob.task.MyTask#demoJobHandler]-[44]-[xxl-job, JobThread-4-1662601239020] 2022-02-28 21:20:14.200000 market receive order, id = strategy1_31, price = 4730.0, direction = ORDER_DIRECTION.BUY, code = rb888.shfe
2022-09-08 09:40:47 [com.tq.yuxuan.xxljob.task.MyTask#demoJobHandler]-[44]-[xxl-job, JobThread-4-1662601239020] 2022-02-28 21:20:16.100000 market match order, id = strategy1_31, info = ('strategy1_31', 4, 4730.0, 1), code = rb888.shfe
2022-09-08 09:40:47 [com.tq.yuxuan.xxljob.task.MyTask#demoJobHandler]-[44]-[xxl-job, JobThread-4-1662601239020] 2022-02-28 21:20:54.100000 account insert order, id = strategy0_27, price = 4727.0, direction = ORDER_DIRECTION.SELL, code = rb888.shfe
2022-09-08 09:40:47 [com.tq.yuxuan.xxljob.task.MyTask#demoJobHandler]-[44]-[xxl-job, JobThread-4-1662601239020] 2022-02-28 21:20:54.200000 market receive order, id = strategy0_27, price = 4727.0, direction = ORDER_DIRECTION.SELL, code = rb888.shfe
2022-09-08 09:40:47 [com.tq.yuxuan.xxljob.task.MyTask#demoJobHandler]-[44]-[xxl-job, JobThread-4-1662601239020] 2022-02-28 21:21:01.100000 account cancel order, id = strategy0_27, price = 4727.0, direction = ORDER_DIRECTION.SELL, code = rb888.shfe
2022-09-08 09:40:47 [com.tq.yuxuan.xxljob.task.MyTask#demoJobHandler]-[44]-[xxl-job, JobThread-4-1662601239020] 2022-02-28 21:21:01.200000 market match order, id = strategy0_27, info = ('strategy0_27', 5, None, None), code = rb888.shfe
2022-09-08 09:40:47 [com.tq.yuxuan.xxljob.task.MyTask#demoJobHandler]-[44]-[xxl-job, JobThread-4-1662601239020] 2022-02-28 21:21:07.100000 account insert order, id = strategy1_32, price = 4725.0, direction = ORDER_DIRECTION.BUY, code = rb999.shfe
2022-09-08 09:40:47 [com.tq.yuxuan.xxljob.task.MyTask#demoJobHandler]-[44]-[xxl-job, JobThread-4-1662601239020] 2022-02-28 21:21:07.200000 market receive order, id = strategy1_32, price = 4725.0, direction = ORDER_DIRECTION.BUY, code = rb999.shfe
2022-09-08 09:40:47 [com.tq.yuxuan.xxljob.task.MyTask#demoJobHandler]-[44]-[xxl-job, JobThread-4-1662601239020] 2022-02-28 21:21:09.100000 account cancel order, id = strategy1_32, price = 4725.0, direction = ORDER_DIRECTION.BUY, code = rb999.shfe
2022-09-08 09:40:47 [com.tq.yuxuan.xxljob.task.MyTask#demoJobHandler]-[44]-[xxl-job, JobThread-4-1662601239020] 2022-02-28 21:21:09.200000 market match order, id = strategy1_32, info = ('strategy1_32', 5, None, None), code = rb999.shfe
2022-09-08 09:40:47 [com.tq.yuxuan.xxljob.task.MyTask#demoJobHandler]-[44]-[xxl-job, JobThread-4-1662601239020] 2022-02-28 21:21:38.100000 account insert order, id = strategy1_33, price = 4729.0, direction = ORDER_DIRECTION.BUY, code = rb999.shfe
2022-09-08 09:40:47 [com.tq.yuxuan.xxljob.task.MyTask#demoJobHandler]-[44]-[xxl-job, JobThread-4-1662601239020] 2022-02-28 21:21:38.200000 market receive order, id = strategy1_33, price = 4729.0, direction = ORDER_DIRECTION.BUY, code = rb999.shfe
2022-09-08 09:40:47 [com.tq.yuxuan.xxljob.task.MyTask#demoJobHandler]-[44]-[xxl-job, JobThread-4-1662601239020] 2022-02-28 21:21:40.100000 account cancel order, id = strategy1_33, price = 4729.0, direction = ORDER_DIRECTION.BUY, code = rb999.shfe
2022-09-08 09:40:47 [com.tq.yuxuan.xxljob.task.MyTask#demoJobHandler]-[44]-[xxl-job, JobThread-4-1662601239020] 2022-02-28 21:21:40.200000 market match order, id = strategy1_33, info = ('strategy1_33', 5, None, None), code = rb999.shfe
2022-09-08 09:40:47 [com.tq.yuxuan.xxljob.task.MyTask#demoJobHandler]-[44]-[xxl-job, JobThread-4-1662601239020] 2022-02-28 21:21:51.100000 account insert order, id = strategy1_34, price = 4731.0, direction = ORDER_DIRECTION.SELL, code = rb888.shfe
2022-09-08 09:40:47 [com.tq.yuxuan.xxljob.task.MyTask#demoJobHandler]-[44]-[xxl-job, JobThread-4-1662601239020] 2022-02-28 21:21:51.200000 market receive order, id = strategy1_34, price = 4731.0, direction = ORDER_DIRECTION.SELL, code = rb888.shfe
2022-09-08 09:40:47 [com.tq.yuxuan.xxljob.task.MyTask#demoJobHandler]-[44]-[xxl-job, JobThread-4-1662601239020] 2022-02-28 21:21:51.200000 market match order, id = strategy1_34, info = ('strategy1_34', 4, 4731.0, 1), code = rb888.shfe
2022-09-08 09:40:47 [com.tq.yuxuan.xxljob.task.MyTask#demoJobHandler]-[44]-[xxl-job, JobThread-4-1662601239020] 2022-02-28 21:21:53.100000 account insert order, id = strategy0_28, price = 4731.0, direction = ORDER_DIRECTION.BUY, code = rb999.shfe
2022-09-08 09:40:47 [com.tq.yuxuan.xxljob.task.MyTask#demoJobHandler]-[44]-[xxl-job, JobThread-4-1662601239020] 2022-02-28 21:21:53.200000 market receive order, id = strategy0_28, price = 4731.0, direction = ORDER_DIRECTION.BUY, code = rb999.shfe
2022-09-08 09:40:47 [com.tq.yuxuan.xxljob.task.MyTask#demoJobHandler]-[44]-[xxl-job, JobThread-4-1662601239020] 2022-02-28 21:21:53.200000 market match order, id = strategy0_28, info = ('strategy0_28', 4, 4731.0, 1), code = rb999.shfe
2022-09-08 09:40:47 [com.tq.yuxuan.xxljob.task.MyTask#demoJobHandler]-[44]-[xxl-job, JobThread-4-1662601239020] 2022-02-28 21:21:57.100000 account insert order, id = strategy1_35, price = 4731.0, direction = ORDER_DIRECTION.BUY, code = rb999.shfe
2022-09-08 09:40:47 [com.tq.yuxuan.xxljob.task.MyTask#demoJobHandler]-[44]-[xxl-job, JobThread-4-1662601239020] 2022-02-28 21:21:57.200000 market receive order, id = strategy1_35, price = 4731.0, direction = ORDER_DIRECTION.BUY, code = rb999.shfe
2022-09-08 09:40:47 [com.tq.yuxuan.xxljob.task.MyTask#demoJobHandler]-[44]-[xxl-job, JobThread-4-1662601239020] 2022-02-28 21:21:57.200000 market match order, id = strategy1_35, info = ('strategy1_35', 4, 4731.0, 1), code = rb999.shfe
2022-09-08 09:40:47 [com.tq.yuxuan.xxljob.task.MyTask#demoJobHandler]-[44]-[xxl-job, JobThread-4-1662601239020] 2022-02-28 21:22:21.100000 account insert order, id = strategy1_36, price = 4732.0, direction = ORDER_DIRECTION.SELL, code = rb999.shfe
2022-09-08 09:40:47 [com.tq.yuxuan.xxljob.task.MyTask#demoJobHandler]-[44]-[xxl-job, JobThread-4-1662601239020] 2022-02-28 21:22:21.200000 market receive order, id = strategy1_36, price = 4732.0, direction = ORDER_DIRECTION.SELL, code = rb999.shfe
2022-09-08 09:40:47 [com.tq.yuxuan.xxljob.task.MyTask#demoJobHandler]-[44]-[xxl-job, JobThread-4-1662601239020] 2022-02-28 21:22:24.100000 account insert order, id = strategy0_29, price = 4731.0, direction = ORDER_DIRECTION.BUY, code = rb888.shfe
2022-09-08 09:40:47 [com.tq.yuxuan.xxljob.task.MyTask#demoJobHandler]-[44]-[xxl-job, JobThread-4-1662601239020] 2022-02-28 21:22:24.200000 market receive order, id = strategy0_29, price = 4731.0, direction = ORDER_DIRECTION.BUY, code = rb888.shfe
2022-09-08 09:40:47 [com.tq.yuxuan.xxljob.task.MyTask#demoJobHandler]-[44]-[xxl-job, JobThread-4-1662601239020] 2022-02-28 21:22:26.100000 market match order, id = strategy0_29, info = ('strategy0_29', 4, 4731.0, 1), code = rb888.shfe
2022-09-08 09:40:47 [com.tq.yuxuan.xxljob.task.MyTask#demoJobHandler]-[44]-[xxl-job, JobThread-4-1662601239020] 2022-02-28 21:22:27.100000 account cancel order, id = strategy1_36, price = 4732.0, direction = ORDER_DIRECTION.SELL, code = rb999.shfe
2022-09-08 09:40:47 [com.tq.yuxuan.xxljob.task.MyTask#demoJobHandler]-[44]-[xxl-job, JobThread-4-1662601239020] 2022-02-28 21:22:27.200000 market match order, id = strategy1_36, info = ('strategy1_36', 5, None, None), code = rb999.shfe
2022-09-08 09:40:47 [com.tq.yuxuan.xxljob.task.MyTask#demoJobHandler]-[44]-[xxl-job, JobThread-4-1662601239020] 2022-02-28 21:22:40.100000 account insert order, id = strategy1_37, price = 4733.0, direction = ORDER_DIRECTION.SELL, code = rb999.shfe
2022-09-08 09:40:47 [com.tq.yuxuan.xxljob.task.MyTask#demoJobHandler]-[44]-[xxl-job, JobThread-4-1662601239020] 2022-02-28 21:22:40.200000 market receive order, id = strategy1_37, price = 4733.0, direction = ORDER_DIRECTION.SELL, code = rb999.shfe
2022-09-08 09:40:47 [com.tq.yuxuan.xxljob.task.MyTask#demoJobHandler]-[44]-[xxl-job, JobThread-4-1662601239020] 2022-02-28 21:22:46.100000 market match order, id = strategy1_37, info = ('strategy1_37', 4, 4733.0, 1), code = rb999.shfe
2022-09-08 09:40:47 [com.tq.yuxuan.xxljob.task.MyTask#demoJobHandler]-[44]-[xxl-job, JobThread-4-1662601239020] 2022-02-28 21:23:31.100000 account insert order, id = strategy1_38, price = 4732.0, direction = ORDER_DIRECTION.SELL, code = rb999.shfe
2022-09-08 09:40:47 [com.tq.yuxuan.xxljob.task.MyTask#demoJobHandler]-[44]-[xxl-job, JobThread-4-1662601239020] 2022-02-28 21:23:31.200000 market receive order, id = strategy1_38, price = 4732.0, direction = ORDER_DIRECTION.SELL, code = rb999.shfe
2022-09-08 09:40:47 [com.tq.yuxuan.xxljob.task.MyTask#demoJobHandler]-[44]-[xxl-job, JobThread-4-1662601239020] 2022-02-28 21:23:32.100000 account cancel order, id = strategy1_38, price = 4732.0, direction = ORDER_DIRECTION.SELL, code = rb999.shfe
2022-09-08 09:40:47 [com.tq.yuxuan.xxljob.task.MyTask#demoJobHandler]-[44]-[xxl-job, JobThread-4-1662601239020] 2022-02-28 21:23:32.200000 market match order, id = strategy1_38, info = ('strategy1_38', 5, None, None), code = rb999.shfe
2022-09-08 09:40:47 [com.tq.yuxuan.xxljob.task.MyTask#demoJobHandler]-[44]-[xxl-job, JobThread-4-1662601239020] 2022-02-28 21:23:34.100000 account insert order, id = strategy1_39, price = 4732.0, direction = ORDER_DIRECTION.BUY, code = rb999.shfe
2022-09-08 09:40:47 [com.tq.yuxuan.xxljob.task.MyTask#demoJobHandler]-[44]-[xxl-job, JobThread-4-1662601239020] 2022-02-28 21:23:34.200000 market receive order, id = strategy1_39, price = 4732.0, direction = ORDER_DIRECTION.BUY, code = rb999.shfe
2022-09-08 09:40:47 [com.tq.yuxuan.xxljob.task.MyTask#demoJobHandler]-[44]-[xxl-job, JobThread-4-1662601239020] 2022-02-28 21:23:38.100000 account cancel order, id = strategy1_39, price = 4732.0, direction = ORDER_DIRECTION.BUY, code = rb999.shfe
2022-09-08 09:40:47 [com.tq.yuxuan.xxljob.task.MyTask#demoJobHandler]-[44]-[xxl-job, JobThread-4-1662601239020] 2022-02-28 21:23:38.200000 market match order, id = strategy1_39, info = ('strategy1_39', 5, None, None), code = rb999.shfe
2022-09-08 09:40:47 [com.tq.yuxuan.xxljob.task.MyTask#demoJobHandler]-[44]-[xxl-job, JobThread-4-1662601239020] 2022-02-28 21:23:52.100000 account insert order, id = strategy0_30, price = 4732.0, direction = ORDER_DIRECTION.BUY, code = rb999.shfe
2022-09-08 09:40:47 [com.tq.yuxuan.xxljob.task.MyTask#demoJobHandler]-[44]-[xxl-job, JobThread-4-1662601239020] 2022-02-28 21:23:52.200000 market receive order, id = strategy0_30, price = 4732.0, direction = ORDER_DIRECTION.BUY, code = rb999.shfe
2022-09-08 09:40:47 [com.tq.yuxuan.xxljob.task.MyTask#demoJobHandler]-[44]-[xxl-job, JobThread-4-1662601239020] 2022-02-28 21:23:53.100000 account cancel order, id = strategy0_30, price = 4732.0, direction = ORDER_DIRECTION.BUY, code = rb999.shfe
2022-09-08 09:40:47 [com.tq.yuxuan.xxljob.task.MyTask#demoJobHandler]-[44]-[xxl-job, JobThread-4-1662601239020] 2022-02-28 21:23:53.200000 market match order, id = strategy0_30, info = ('strategy0_30', 5, None, None), code = rb999.shfe
2022-09-08 09:40:47 [com.tq.yuxuan.xxljob.task.MyTask#demoJobHandler]-[44]-[xxl-job, JobThread-4-1662601239020] 2022-02-28 21:24:08.100000 account insert order, id = strategy0_31, price = 4734.0, direction = ORDER_DIRECTION.SELL, code = rb888.shfe
2022-09-08 09:40:47 [com.tq.yuxuan.xxljob.task.MyTask#demoJobHandler]-[44]-[xxl-job, JobThread-4-1662601239020] 2022-02-28 21:24:08.200000 market receive order, id = strategy0_31, price = 4734.0, direction = ORDER_DIRECTION.SELL, code = rb888.shfe
2022-09-08 09:40:47 [com.tq.yuxuan.xxljob.task.MyTask#demoJobHandler]-[44]-[xxl-job, JobThread-4-1662601239020] 2022-02-28 21:24:09.100000 account cancel order, id = strategy0_31, price = 4734.0, direction = ORDER_DIRECTION.SELL, code = rb888.shfe
2022-09-08 09:40:47 [com.tq.yuxuan.xxljob.task.MyTask#demoJobHandler]-[44]-[xxl-job, JobThread-4-1662601239020] 2022-02-28 21:24:09.200000 market match order, id = strategy0_31, info = ('strategy0_31', 5, None, None), code = rb888.shfe
2022-09-08 09:40:47 [com.tq.yuxuan.xxljob.task.MyTask#demoJobHandler]-[44]-[xxl-job, JobThread-4-1662601239020] 2022-02-28 21:24:46.100000 account insert order, id = strategy0_32, price = 4732.0, direction = ORDER_DIRECTION.SELL, code = rb888.shfe
2022-09-08 09:40:47 [com.tq.yuxuan.xxljob.task.MyTask#demoJobHandler]-[44]-[xxl-job, JobThread-4-1662601239020] 2022-02-28 21:24:46.200000 market receive order, id = strategy0_32, price = 4732.0, direction = ORDER_DIRECTION.SELL, code = rb888.shfe
2022-09-08 09:40:47 [com.tq.yuxuan.xxljob.task.MyTask#demoJobHandler]-[44]-[xxl-job, JobThread-4-1662601239020] 2022-02-28 21:24:47.100000 account cancel order, id = strategy0_32, price = 4732.0, direction = ORDER_DIRECTION.SELL, code = rb888.shfe
2022-09-08 09:40:47 [com.tq.yuxuan.xxljob.task.MyTask#demoJobHandler]-[44]-[xxl-job, JobThread-4-1662601239020] 2022-02-28 21:24:47.200000 market match order, id = strategy0_32, info = ('strategy0_32', 5, None, None), code = rb888.shfe
2022-09-08 09:40:47 [com.tq.yuxuan.xxljob.task.MyTask#demoJobHandler]-[44]-[xxl-job, JobThread-4-1662601239020] 2022-02-28 21:25:00.100000 account insert order, id = strategy1_40, price = 4732.0, direction = ORDER_DIRECTION.SELL, code = rb999.shfe
2022-09-08 09:40:47 [com.tq.yuxuan.xxljob.task.MyTask#demoJobHandler]-[44]-[xxl-job, JobThread-4-1662601239020] 2022-02-28 21:25:00.200000 market receive order, id = strategy1_40, price = 4732.0, direction = ORDER_DIRECTION.SELL, code = rb999.shfe
2022-09-08 09:40:47 [com.tq.yuxuan.xxljob.task.MyTask#demoJobHandler]-[44]-[xxl-job, JobThread-4-1662601239020] 2022-02-28 21:25:01.100000 account insert order, id = strategy0_33, price = 4731.0, direction = ORDER_DIRECTION.BUY, code = rb888.shfe
2022-09-08 09:40:47 [com.tq.yuxuan.xxljob.task.MyTask#demoJobHandler]-[44]-[xxl-job, JobThread-4-1662601239020] 2022-02-28 21:25:01.200000 market receive order, id = strategy0_33, price = 4731.0, direction = ORDER_DIRECTION.BUY, code = rb888.shfe
2022-09-08 09:40:47 [com.tq.yuxuan.xxljob.task.MyTask#demoJobHandler]-[44]-[xxl-job, JobThread-4-1662601239020] 2022-02-28 21:25:02.100000 account insert order, id = strategy1_41, price = 4733.0, direction = ORDER_DIRECTION.SELL, code = rb999.shfe
2022-09-08 09:40:47 [com.tq.yuxuan.xxljob.task.MyTask#demoJobHandler]-[44]-[xxl-job, JobThread-4-1662601239020] 2022-02-28 21:25:02.100000 account cancel order, id = strategy0_33, price = 4731.0, direction = ORDER_DIRECTION.BUY, code = rb888.shfe
2022-09-08 09:40:47 [com.tq.yuxuan.xxljob.task.MyTask#demoJobHandler]-[44]-[xxl-job, JobThread-4-1662601239020] 2022-02-28 21:25:02.200000 market receive order, id = strategy1_41, price = 4733.0, direction = ORDER_DIRECTION.SELL, code = rb999.shfe
2022-09-08 09:40:47 [com.tq.yuxuan.xxljob.task.MyTask#demoJobHandler]-[44]-[xxl-job, JobThread-4-1662601239020] 2022-02-28 21:25:02.200000 market match order, id = strategy0_33, info = ('strategy0_33', 5, None, None), code = rb888.shfe
2022-09-08 09:40:47 [com.tq.yuxuan.xxljob.task.MyTask#demoJobHandler]-[44]-[xxl-job, JobThread-4-1662601239020] 2022-02-28 21:25:04.100000 market match order, id = strategy1_40, info = ('strategy1_40', 4, 4732.0, 1), code = rb999.shfe
2022-09-08 09:40:47 [com.tq.yuxuan.xxljob.task.MyTask#demoJobHandler]-[44]-[xxl-job, JobThread-4-1662601239020] 2022-02-28 21:25:06.100000 account cancel order, id = strategy1_41, price = 4733.0, direction = ORDER_DIRECTION.SELL, code = rb999.shfe
2022-09-08 09:40:47 [com.tq.yuxuan.xxljob.task.MyTask#demoJobHandler]-[44]-[xxl-job, JobThread-4-1662601239020] 2022-02-28 21:25:06.200000 market match order, id = strategy1_41, info = ('strategy1_41', 5, None, None), code = rb999.shfe
2022-09-08 09:40:47 [com.tq.yuxuan.xxljob.task.MyTask#demoJobHandler]-[44]-[xxl-job, JobThread-4-1662601239020] 2022-02-28 21:25:24.100000 account insert order, id = strategy1_42, price = 4730.0, direction = ORDER_DIRECTION.BUY, code = rb999.shfe
2022-09-08 09:40:47 [com.tq.yuxuan.xxljob.task.MyTask#demoJobHandler]-[44]-[xxl-job, JobThread-4-1662601239020] 2022-02-28 21:25:24.200000 market receive order, id = strategy1_42, price = 4730.0, direction = ORDER_DIRECTION.BUY, code = rb999.shfe
2022-09-08 09:40:47 [com.tq.yuxuan.xxljob.task.MyTask#demoJobHandler]-[44]-[xxl-job, JobThread-4-1662601239020] 2022-02-28 21:25:25.100000 account cancel order, id = strategy1_42, price = 4730.0, direction = ORDER_DIRECTION.BUY, code = rb999.shfe
2022-09-08 09:40:47 [com.tq.yuxuan.xxljob.task.MyTask#demoJobHandler]-[44]-[xxl-job, JobThread-4-1662601239020] 2022-02-28 21:25:25.200000 market match order, id = strategy1_42, info = ('strategy1_42', 5, None, None), code = rb999.shfe
2022-09-08 09:40:47 [com.tq.yuxuan.xxljob.task.MyTask#demoJobHandler]-[44]-[xxl-job, JobThread-4-1662601239020] 2022-02-28 21:26:26.100000 account insert order, id = strategy1_43, price = 4727.0, direction = ORDER_DIRECTION.SELL, code = rb999.shfe
2022-09-08 09:40:47 [com.tq.yuxuan.xxljob.task.MyTask#demoJobHandler]-[44]-[xxl-job, JobThread-4-1662601239020] 2022-02-28 21:26:26.200000 market receive order, id = strategy1_43, price = 4727.0, direction = ORDER_DIRECTION.SELL, code = rb999.shfe
2022-09-08 09:40:47 [com.tq.yuxuan.xxljob.task.MyTask#demoJobHandler]-[44]-[xxl-job, JobThread-4-1662601239020] 2022-02-28 21:26:27.100000 account cancel order, id = strategy1_43, price = 4727.0, direction = ORDER_DIRECTION.SELL, code = rb999.shfe
2022-09-08 09:40:47 [com.tq.yuxuan.xxljob.task.MyTask#demoJobHandler]-[44]-[xxl-job, JobThread-4-1662601239020] 2022-02-28 21:26:27.200000 market match order, id = strategy1_43, info = ('strategy1_43', 5, None, None), code = rb999.shfe
2022-09-08 09:40:47 [com.tq.yuxuan.xxljob.task.MyTask#demoJobHandler]-[44]-[xxl-job, JobThread-4-1662601239020] 2022-02-28 21:26:40.100000 account insert order, id = strategy1_44, price = 4727.0, direction = ORDER_DIRECTION.SELL, code = rb999.shfe
2022-09-08 09:40:47 [com.tq.yuxuan.xxljob.task.MyTask#demoJobHandler]-[44]-[xxl-job, JobThread-4-1662601239020] 2022-02-28 21:26:40.200000 market receive order, id = strategy1_44, price = 4727.0, direction = ORDER_DIRECTION.SELL, code = rb999.shfe
2022-09-08 09:40:47 [com.tq.yuxuan.xxljob.task.MyTask#demoJobHandler]-[44]-[xxl-job, JobThread-4-1662601239020] 2022-02-28 21:26:43.100000 account cancel order, id = strategy1_44, price = 4727.0, direction = ORDER_DIRECTION.SELL, code = rb999.shfe
2022-09-08 09:40:47 [com.tq.yuxuan.xxljob.task.MyTask#demoJobHandler]-[44]-[xxl-job, JobThread-4-1662601239020] 2022-02-28 21:26:43.200000 market match order, id = strategy1_44, info = ('strategy1_44', 5, None, None), code = rb999.shfe
2022-09-08 09:40:47 [com.tq.yuxuan.xxljob.task.MyTask#demoJobHandler]-[44]-[xxl-job, JobThread-4-1662601239020] 2022-02-28 21:26:47.100000 account insert order, id = strategy1_45, price = 4726.0, direction = ORDER_DIRECTION.BUY, code = rb888.shfe
2022-09-08 09:40:47 [com.tq.yuxuan.xxljob.task.MyTask#demoJobHandler]-[44]-[xxl-job, JobThread-4-1662601239020] 2022-02-28 21:26:47.200000 market receive order, id = strategy1_45, price = 4726.0, direction = ORDER_DIRECTION.BUY, code = rb888.shfe
2022-09-08 09:40:47 [com.tq.yuxuan.xxljob.task.MyTask#demoJobHandler]-[44]-[xxl-job, JobThread-4-1662601239020] 2022-02-28 21:26:48.100000 account cancel order, id = strategy1_45, price = 4726.0, direction = ORDER_DIRECTION.BUY, code = rb888.shfe
2022-09-08 09:40:47 [com.tq.yuxuan.xxljob.task.MyTask#demoJobHandler]-[44]-[xxl-job, JobThread-4-1662601239020] 2022-02-28 21:26:48.200000 market match order, id = strategy1_45, info = ('strategy1_45', 5, None, None), code = rb888.shfe
2022-09-08 09:40:47 [com.tq.yuxuan.xxljob.task.MyTask#demoJobHandler]-[44]-[xxl-job, JobThread-4-1662601239020] 2022-02-28 21:27:05.100000 account insert order, id = strategy1_46, price = 4728.0, direction = ORDER_DIRECTION.BUY, code = rb999.shfe
2022-09-08 09:40:47 [com.tq.yuxuan.xxljob.task.MyTask#demoJobHandler]-[44]-[xxl-job, JobThread-4-1662601239020] 2022-02-28 21:27:05.200000 market receive order, id = strategy1_46, price = 4728.0, direction = ORDER_DIRECTION.BUY, code = rb999.shfe
2022-09-08 09:40:47 [com.tq.yuxuan.xxljob.task.MyTask#demoJobHandler]-[44]-[xxl-job, JobThread-4-1662601239020] 2022-02-28 21:27:07.100000 account cancel order, id = strategy1_46, price = 4728.0, direction = ORDER_DIRECTION.BUY, code = rb999.shfe
2022-09-08 09:40:47 [com.tq.yuxuan.xxljob.task.MyTask#demoJobHandler]-[44]-[xxl-job, JobThread-4-1662601239020] 2022-02-28 21:27:07.200000 market match order, id = strategy1_46, info = ('strategy1_46', 5, None, None), code = rb999.shfe
2022-09-08 09:40:47 [com.tq.yuxuan.xxljob.task.MyTask#demoJobHandler]-[44]-[xxl-job, JobThread-4-1662601239020] 2022-02-28 21:27:22.100000 account insert order, id = strategy1_47, price = 4727.0, direction = ORDER_DIRECTION.SELL, code = rb888.shfe
2022-09-08 09:40:47 [com.tq.yuxuan.xxljob.task.MyTask#demoJobHandler]-[44]-[xxl-job, JobThread-4-1662601239020] 2022-02-28 21:27:22.200000 market receive order, id = strategy1_47, price = 4727.0, direction = ORDER_DIRECTION.SELL, code = rb888.shfe
2022-09-08 09:40:47 [com.tq.yuxuan.xxljob.task.MyTask#demoJobHandler]-[44]-[xxl-job, JobThread-4-1662601239020] 2022-02-28 21:27:28.100000 account cancel order, id = strategy1_47, price = 4727.0, direction = ORDER_DIRECTION.SELL, code = rb888.shfe
2022-09-08 09:40:47 [com.tq.yuxuan.xxljob.task.MyTask#demoJobHandler]-[44]-[xxl-job, JobThread-4-1662601239020] 2022-02-28 21:27:28.200000 market match order, id = strategy1_47, info = ('strategy1_47', 5, None, None), code = rb888.shfe
2022-09-08 09:40:47 [com.tq.yuxuan.xxljob.task.MyTask#demoJobHandler]-[44]-[xxl-job, JobThread-4-1662601239020] 2022-02-28 21:27:43.100000 account insert order, id = strategy1_48, price = 4727.0, direction = ORDER_DIRECTION.BUY, code = rb888.shfe
2022-09-08 09:40:47 [com.tq.yuxuan.xxljob.task.MyTask#demoJobHandler]-[44]-[xxl-job, JobThread-4-1662601239020] 2022-02-28 21:27:43.200000 market receive order, id = strategy1_48, price = 4727.0, direction = ORDER_DIRECTION.BUY, code = rb888.shfe
2022-09-08 09:40:47 [com.tq.yuxuan.xxljob.task.MyTask#demoJobHandler]-[44]-[xxl-job, JobThread-4-1662601239020] 2022-02-28 21:27:44.100000 account cancel order, id = strategy1_48, price = 4727.0, direction = ORDER_DIRECTION.BUY, code = rb888.shfe
2022-09-08 09:40:47 [com.tq.yuxuan.xxljob.task.MyTask#demoJobHandler]-[44]-[xxl-job, JobThread-4-1662601239020] 2022-02-28 21:27:44.200000 market match order, id = strategy1_48, info = ('strategy1_48', 5, None, None), code = rb888.shfe
2022-09-08 09:40:47 [com.tq.yuxuan.xxljob.task.MyTask#demoJobHandler]-[44]-[xxl-job, JobThread-4-1662601239020] 2022-02-28 21:28:04.100000 account insert order, id = strategy1_49, price = 4729.0, direction = ORDER_DIRECTION.SELL, code = rb888.shfe
2022-09-08 09:40:47 [com.tq.yuxuan.xxljob.task.MyTask#demoJobHandler]-[44]-[xxl-job, JobThread-4-1662601239020] 2022-02-28 21:28:04.200000 market receive order, id = strategy1_49, price = 4729.0, direction = ORDER_DIRECTION.SELL, code = rb888.shfe
2022-09-08 09:40:47 [com.tq.yuxuan.xxljob.task.MyTask#demoJobHandler]-[44]-[xxl-job, JobThread-4-1662601239020] 2022-02-28 21:28:05.100000 account cancel order, id = strategy1_49, price = 4729.0, direction = ORDER_DIRECTION.SELL, code = rb888.shfe
2022-09-08 09:40:47 [com.tq.yuxuan.xxljob.task.MyTask#demoJobHandler]-[44]-[xxl-job, JobThread-4-1662601239020] 2022-02-28 21:28:05.200000 market match order, id = strategy1_49, info = ('strategy1_49', 5, None, None), code = rb888.shfe
2022-09-08 09:40:47 [com.tq.yuxuan.xxljob.task.MyTask#demoJobHandler]-[44]-[xxl-job, JobThread-4-1662601239020] 2022-02-28 21:28:19.100000 account insert order, id = strategy0_34, price = 4728.0, direction = ORDER_DIRECTION.SELL, code = rb999.shfe
2022-09-08 09:40:47 [com.tq.yuxuan.xxljob.task.MyTask#demoJobHandler]-[44]-[xxl-job, JobThread-4-1662601239020] 2022-02-28 21:28:19.200000 market receive order, id = strategy0_34, price = 4728.0, direction = ORDER_DIRECTION.SELL, code = rb999.shfe
2022-09-08 09:40:47 [com.tq.yuxuan.xxljob.task.MyTask#demoJobHandler]-[44]-[xxl-job, JobThread-4-1662601239020] 2022-02-28 21:28:20.100000 account cancel order, id = strategy0_34, price = 4728.0, direction = ORDER_DIRECTION.SELL, code = rb999.shfe
2022-09-08 09:40:47 [com.tq.yuxuan.xxljob.task.MyTask#demoJobHandler]-[44]-[xxl-job, JobThread-4-1662601239020] 2022-02-28 21:28:20.200000 market match order, id = strategy0_34, info = ('strategy0_34', 5, None, None), code = rb999.shfe
2022-09-08 09:40:47 [com.tq.yuxuan.xxljob.task.MyTask#demoJobHandler]-[44]-[xxl-job, JobThread-4-1662601239020] 2022-02-28 21:28:36.100000 account insert order, id = strategy0_35, price = 4727.0, direction = ORDER_DIRECTION.SELL, code = rb888.shfe
2022-09-08 09:40:47 [com.tq.yuxuan.xxljob.task.MyTask#demoJobHandler]-[44]-[xxl-job, JobThread-4-1662601239020] 2022-02-28 21:28:36.200000 market receive order, id = strategy0_35, price = 4727.0, direction = ORDER_DIRECTION.SELL, code = rb888.shfe
2022-09-08 09:40:47 [com.tq.yuxuan.xxljob.task.MyTask#demoJobHandler]-[44]-[xxl-job, JobThread-4-1662601239020] 2022-02-28 21:28:37.100000 account cancel order, id = strategy0_35, price = 4727.0, direction = ORDER_DIRECTION.SELL, code = rb888.shfe
2022-09-08 09:40:47 [com.tq.yuxuan.xxljob.task.MyTask#demoJobHandler]-[44]-[xxl-job, JobThread-4-1662601239020] 2022-02-28 21:28:37.200000 market match order, id = strategy0_35, info = ('strategy0_35', 5, None, None), code = rb888.shfe
2022-09-08 09:40:47 [com.tq.yuxuan.xxljob.task.MyTask#demoJobHandler]-[44]-[xxl-job, JobThread-4-1662601239020] 2022-02-28 21:29:36.100000 account insert order, id = strategy1_50, price = 4729.0, direction = ORDER_DIRECTION.BUY, code = rb999.shfe
2022-09-08 09:40:47 [com.tq.yuxuan.xxljob.task.MyTask#demoJobHandler]-[44]-[xxl-job, JobThread-4-1662601239020] 2022-02-28 21:29:36.200000 market receive order, id = strategy1_50, price = 4729.0, direction = ORDER_DIRECTION.BUY, code = rb999.shfe
2022-09-08 09:40:47 [com.tq.yuxuan.xxljob.task.MyTask#demoJobHandler]-[44]-[xxl-job, JobThread-4-1662601239020] 2022-02-28 21:29:37.100000 account cancel order, id = strategy1_50, price = 4729.0, direction = ORDER_DIRECTION.BUY, code = rb999.shfe
2022-09-08 09:40:47 [com.tq.yuxuan.xxljob.task.MyTask#demoJobHandler]-[44]-[xxl-job, JobThread-4-1662601239020] 2022-02-28 21:29:37.200000 market match order, id = strategy1_50, info = ('strategy1_50', 5, None, None), code = rb999.shfe
2022-09-08 09:40:47 [com.tq.yuxuan.xxljob.task.MyTask#demoJobHandler]-[44]-[xxl-job, JobThread-4-1662601239020] strategy0 {'rb888.shfe': [('strategy0_0', 4, 4721.0, 1), ('strategy0_3', 5, None, None), ('strategy0_4', 5, None, None), ('strategy0_6', 5, None, None), ('strategy0_8', 4, 4728.0, 1), ('strategy0_9', 4, 4726.0, 1), ('strategy0_10', 4, 4726.0, 1), ('strategy0_12', 4, 4722.0, 1), ('strategy0_14', 5, None, None), ('strategy0_15', 4, 4723.0, 1), ('strategy0_17', 4, 4725.0, 1), ('strategy0_20', 4, 4730.0, 1), ('strategy0_21', 5, None, None), ('strategy0_22', 4, 4728.0, 1), ('strategy0_24', 5, None, None), ('strategy0_25', 5, None, None), ('strategy0_27', 5, None, None), ('strategy0_29', 4, 4731.0, 1), ('strategy0_31', 5, None, None), ('strategy0_32', 5, None, None), ('strategy0_33', 5, None, None), ('strategy0_35', 5, None, None)], 'rb999.shfe': [('strategy0_1', 4, 4723.0, 1), ('strategy0_2', 5, None, None), ('strategy0_5', 4, 4727.0, 1), ('strategy0_7', 4, 4730.0, 1), ('strategy0_11', 5, None, None), ('strategy0_13', 4, 4719.0, 1), ('strategy0_16', 4, 4724.0, 1), ('strategy0_18', 4, 4730.0, 1), ('strategy0_19', 5, None, None), ('strategy0_23', 4, 4728.0, 1), ('strategy0_26', 4, 4730.0, 1), ('strategy0_28', 4, 4731.0, 1), ('strategy0_30', 5, None, None), ('strategy0_34', 5, None, None)]}
2022-09-08 09:40:47 [com.tq.yuxuan.xxljob.task.MyTask#demoJobHandler]-[44]-[xxl-job, JobThread-4-1662601239020] strategy1 {'rb888.shfe': [('strategy1_1', 4, 4717.0, 1), ('strategy1_3', 4, 4716.0, 1), ('strategy1_4', 4, 4716.0, 1), ('strategy1_6', 5, None, None), ('strategy1_8', 4, 4726.0, 1), ('strategy1_10', 4, 4729.0, 1), ('strategy1_16', 4, 4722.0, 1), ('strategy1_18', 4, 4724.0, 1), ('strategy1_20', 5, None, None), ('strategy1_24', 5, None, None), ('strategy1_26', 5, None, None), ('strategy1_27', 5, None, None), ('strategy1_31', 4, 4730.0, 1), ('strategy1_34', 4, 4731.0, 1), ('strategy1_45', 5, None, None), ('strategy1_47', 5, None, None), ('strategy1_48', 5, None, None), ('strategy1_49', 5, None, None)], 'rb999.shfe': [('strategy1_0', 5, None, None), ('strategy1_2', 4, 4719.0, 1), ('strategy1_5', 5, None, None), ('strategy1_7', 4, 4727.0, 1), ('strategy1_9', 4, 4729.0, 1), ('strategy1_11', 5, None, None), ('strategy1_12', 5, None, None), ('strategy1_13', 4, 4724.0, 1), ('strategy1_15', 4, 4719.0, 1), ('strategy1_14', 5, None, None), ('strategy1_17', 4, 4723.0, 1), ('strategy1_19', 5, None, None), ('strategy1_21', 4, 4726.0, 1), ('strategy1_22', 5, None, None), ('strategy1_23', 4, 4726.0, 1), ('strategy1_25', 5, None, None), ('strategy1_28', 4, 4729.0, 1), ('strategy1_29', 5, None, None), ('strategy1_30', 4, 4730.0, 1), ('strategy1_32', 5, None, None), ('strategy1_33', 5, None, None), ('strategy1_35', 4, 4731.0, 1), ('strategy1_36', 5, None, None), ('strategy1_37', 4, 4733.0, 1), ('strategy1_38', 5, None, None), ('strategy1_39', 5, None, None), ('strategy1_40', 4, 4732.0, 1), ('strategy1_41', 5, None, None), ('strategy1_42', 5, None, None), ('strategy1_43', 5, None, None), ('strategy1_44', 5, None, None), ('strategy1_46', 5, None, None), ('strategy1_50', 5, None, None)]}
2022-09-08 09:40:48 [com.tq.yuxuan.xxljob.task.MyTask#demoJobHandler]-[54]-[xxl-job, JobThread-4-1662601239020] TransQuant tick回测任务完成.
2022-09-08 09:40:48 [com.xxl.job.core.thread.JobThread#run]-[179]-[xxl-job, JobThread-4-1662601239020] <br>----------- xxl-job job execute end(finish) -----------<br>----------- Result: handleCode=200, handleMsg = null
2022-09-08 09:40:48 [com.xxl.job.core.thread.TriggerCallbackThread#callbackLog]-[197]-[xxl-job, executor TriggerCallbackThread] <br>----------- xxl-job job callback finish.
