2022-09-08 09:40:48 [com.xxl.job.core.thread.JobThread#run]-[133]-[xxl-job, JobThread-4-1662601239020] <br>----------- xxl-job job execute start -----------<br>----------- Param:
2022-09-08 09:40:48 [com.tq.yuxuan.xxljob.task.MyTask#demoJobHandler]-[29]-[xxl-job, JobThread-4-1662601239020] TransQuant tick回测任务启动.
2022-09-08 09:40:48 [com.tq.yuxuan.xxljob.task.MyTask#demoJobHandler]-[35]-[xxl-job, JobThread-4-1662601239020] 分片参数：当前分片序号 = 0, 总分片数 = 1
2022-09-08 09:40:55 [com.tq.yuxuan.xxljob.task.MyTask#demoJobHandler]-[44]-[xxl-job, JobThread-4-1662601239020] inserting match-info timestep events...
2022-09-08 09:40:55 [com.tq.yuxuan.xxljob.task.MyTask#demoJobHandler]-[44]-[xxl-job, JobThread-4-1662601239020] inserting market timestep events...
2022-09-08 09:40:55 [com.tq.yuxuan.xxljob.task.MyTask#demoJobHandler]-[44]-[xxl-job, JobThread-4-1662601239020] inserting match-info timestep events...
2022-09-08 09:40:55 [com.tq.yuxuan.xxljob.task.MyTask#demoJobHandler]-[44]-[xxl-job, JobThread-4-1662601239020] 2022-02-28 21:00:03.100000 account insert order, id = strategy0_0, price = 4712.0, direction = ORDER_DIRECTION.BUY, code = rb999.shfe
2022-09-08 09:40:55 [com.tq.yuxuan.xxljob.task.MyTask#demoJobHandler]-[44]-[xxl-job, JobThread-4-1662601239020] 2022-02-28 21:00:03.200000 market receive order, id = strategy0_0, price = 4712.0, direction = ORDER_DIRECTION.BUY, code = rb999.shfe
2022-09-08 09:40:55 [com.tq.yuxuan.xxljob.task.MyTask#demoJobHandler]-[44]-[xxl-job, JobThread-4-1662601239020] 2022-02-28 21:00:05.100000 account cancel order, id = strategy0_0, price = 4712.0, direction = ORDER_DIRECTION.BUY, code = rb999.shfe
2022-09-08 09:40:55 [com.tq.yuxuan.xxljob.task.MyTask#demoJobHandler]-[44]-[xxl-job, JobThread-4-1662601239020] 2022-02-28 21:00:05.200000 market match order, id = strategy0_0, info = ('strategy0_0', 5, None, None), code = rb999.shfe
2022-09-08 09:40:55 [com.tq.yuxuan.xxljob.task.MyTask#demoJobHandler]-[44]-[xxl-job, JobThread-4-1662601239020] 2022-02-28 21:00:37.100000 account insert order, id = strategy1_0, price = 4718.0, direction = ORDER_DIRECTION.BUY, code = rb999.shfe
2022-09-08 09:40:55 [com.tq.yuxuan.xxljob.task.MyTask#demoJobHandler]-[44]-[xxl-job, JobThread-4-1662601239020] 2022-02-28 21:00:37.200000 market receive order, id = strategy1_0, price = 4718.0, direction = ORDER_DIRECTION.BUY, code = rb999.shfe
2022-09-08 09:40:55 [com.tq.yuxuan.xxljob.task.MyTask#demoJobHandler]-[44]-[xxl-job, JobThread-4-1662601239020] 2022-02-28 21:00:37.200000 market match order, id = strategy1_0, info = ('strategy1_0', 4, 4718.0, 1), code = rb999.shfe
2022-09-08 09:40:55 [com.tq.yuxuan.xxljob.task.MyTask#demoJobHandler]-[44]-[xxl-job, JobThread-4-1662601239020] 2022-02-28 21:00:48.100000 account insert order, id = strategy1_1, price = 4716.0, direction = ORDER_DIRECTION.SELL, code = rb888.shfe
2022-09-08 09:40:55 [com.tq.yuxuan.xxljob.task.MyTask#demoJobHandler]-[44]-[xxl-job, JobThread-4-1662601239020] 2022-02-28 21:00:48.200000 market receive order, id = strategy1_1, price = 4716.0, direction = ORDER_DIRECTION.SELL, code = rb888.shfe
2022-09-08 09:40:55 [com.tq.yuxuan.xxljob.task.MyTask#demoJobHandler]-[44]-[xxl-job, JobThread-4-1662601239020] 2022-02-28 21:00:50.100000 market match order, id = strategy1_1, info = ('strategy1_1', 4, 4716.0, 1), code = rb888.shfe
2022-09-08 09:40:55 [com.tq.yuxuan.xxljob.task.MyTask#demoJobHandler]-[44]-[xxl-job, JobThread-4-1662601239020] 2022-02-28 21:01:12.100000 account insert order, id = strategy0_1, price = 4720.0, direction = ORDER_DIRECTION.BUY, code = rb999.shfe
2022-09-08 09:40:55 [com.tq.yuxuan.xxljob.task.MyTask#demoJobHandler]-[44]-[xxl-job, JobThread-4-1662601239020] 2022-02-28 21:01:12.200000 market receive order, id = strategy0_1, price = 4720.0, direction = ORDER_DIRECTION.BUY, code = rb999.shfe
2022-09-08 09:40:55 [com.tq.yuxuan.xxljob.task.MyTask#demoJobHandler]-[44]-[xxl-job, JobThread-4-1662601239020] 2022-02-28 21:01:14.100000 account cancel order, id = strategy0_1, price = 4720.0, direction = ORDER_DIRECTION.BUY, code = rb999.shfe
2022-09-08 09:40:55 [com.tq.yuxuan.xxljob.task.MyTask#demoJobHandler]-[44]-[xxl-job, JobThread-4-1662601239020] 2022-02-28 21:01:14.200000 market match order, id = strategy0_1, info = ('strategy0_1', 5, None, None), code = rb999.shfe
2022-09-08 09:40:55 [com.tq.yuxuan.xxljob.task.MyTask#demoJobHandler]-[44]-[xxl-job, JobThread-4-1662601239020] 2022-02-28 21:01:43.100000 account insert order, id = strategy1_2, price = 4723.0, direction = ORDER_DIRECTION.SELL, code = rb888.shfe
2022-09-08 09:40:55 [com.tq.yuxuan.xxljob.task.MyTask#demoJobHandler]-[44]-[xxl-job, JobThread-4-1662601239020] 2022-02-28 21:01:43.200000 market receive order, id = strategy1_2, price = 4723.0, direction = ORDER_DIRECTION.SELL, code = rb888.shfe
2022-09-08 09:40:55 [com.tq.yuxuan.xxljob.task.MyTask#demoJobHandler]-[44]-[xxl-job, JobThread-4-1662601239020] 2022-02-28 21:01:44.100000 market match order, id = strategy1_2, info = ('strategy1_2', 4, 4723.0, 1), code = rb888.shfe
2022-09-08 09:40:55 [com.tq.yuxuan.xxljob.task.MyTask#demoJobHandler]-[44]-[xxl-job, JobThread-4-1662601239020] 2022-02-28 21:02:03.100000 account insert order, id = strategy1_3, price = 4724.0, direction = ORDER_DIRECTION.SELL, code = rb888.shfe
2022-09-08 09:40:55 [com.tq.yuxuan.xxljob.task.MyTask#demoJobHandler]-[44]-[xxl-job, JobThread-4-1662601239020] 2022-02-28 21:02:03.200000 market receive order, id = strategy1_3, price = 4724.0, direction = ORDER_DIRECTION.SELL, code = rb888.shfe
2022-09-08 09:40:55 [com.tq.yuxuan.xxljob.task.MyTask#demoJobHandler]-[44]-[xxl-job, JobThread-4-1662601239020] 2022-02-28 21:02:05.100000 account cancel order, id = strategy1_3, price = 4724.0, direction = ORDER_DIRECTION.SELL, code = rb888.shfe
2022-09-08 09:40:55 [com.tq.yuxuan.xxljob.task.MyTask#demoJobHandler]-[44]-[xxl-job, JobThread-4-1662601239020] 2022-02-28 21:02:05.200000 market match order, id = strategy1_3, info = ('strategy1_3', 5, None, None), code = rb888.shfe
2022-09-08 09:40:55 [com.tq.yuxuan.xxljob.task.MyTask#demoJobHandler]-[44]-[xxl-job, JobThread-4-1662601239020] 2022-02-28 21:02:13.100000 account insert order, id = strategy0_2, price = 4723.0, direction = ORDER_DIRECTION.BUY, code = rb888.shfe
2022-09-08 09:40:55 [com.tq.yuxuan.xxljob.task.MyTask#demoJobHandler]-[44]-[xxl-job, JobThread-4-1662601239020] 2022-02-28 21:02:13.200000 market receive order, id = strategy0_2, price = 4723.0, direction = ORDER_DIRECTION.BUY, code = rb888.shfe
2022-09-08 09:40:55 [com.tq.yuxuan.xxljob.task.MyTask#demoJobHandler]-[44]-[xxl-job, JobThread-4-1662601239020] 2022-02-28 21:02:14.100000 account insert order, id = strategy0_3, price = 4724.0, direction = ORDER_DIRECTION.SELL, code = rb888.shfe
2022-09-08 09:40:55 [com.tq.yuxuan.xxljob.task.MyTask#demoJobHandler]-[44]-[xxl-job, JobThread-4-1662601239020] 2022-02-28 21:02:14.200000 market receive order, id = strategy0_3, price = 4724.0, direction = ORDER_DIRECTION.SELL, code = rb888.shfe
2022-09-08 09:40:55 [com.tq.yuxuan.xxljob.task.MyTask#demoJobHandler]-[44]-[xxl-job, JobThread-4-1662601239020] 2022-02-28 21:02:15.100000 account cancel order, id = strategy0_2, price = 4723.0, direction = ORDER_DIRECTION.BUY, code = rb888.shfe
2022-09-08 09:40:55 [com.tq.yuxuan.xxljob.task.MyTask#demoJobHandler]-[44]-[xxl-job, JobThread-4-1662601239020] 2022-02-28 21:02:15.100000 account cancel order, id = strategy0_3, price = 4724.0, direction = ORDER_DIRECTION.SELL, code = rb888.shfe
2022-09-08 09:40:55 [com.tq.yuxuan.xxljob.task.MyTask#demoJobHandler]-[44]-[xxl-job, JobThread-4-1662601239020] 2022-02-28 21:02:15.200000 market match order, id = strategy0_2, info = ('strategy0_2', 5, None, None), code = rb888.shfe
2022-09-08 09:40:55 [com.tq.yuxuan.xxljob.task.MyTask#demoJobHandler]-[44]-[xxl-job, JobThread-4-1662601239020] 2022-02-28 21:02:15.200000 market match order, id = strategy0_3, info = ('strategy0_3', 5, None, None), code = rb888.shfe
2022-09-08 09:40:55 [com.tq.yuxuan.xxljob.task.MyTask#demoJobHandler]-[44]-[xxl-job, JobThread-4-1662601239020] 2022-02-28 21:02:53.100000 account insert order, id = strategy1_4, price = 4726.0, direction = ORDER_DIRECTION.BUY, code = rb999.shfe
2022-09-08 09:40:55 [com.tq.yuxuan.xxljob.task.MyTask#demoJobHandler]-[44]-[xxl-job, JobThread-4-1662601239020] 2022-02-28 21:02:53.200000 market receive order, id = strategy1_4, price = 4726.0, direction = ORDER_DIRECTION.BUY, code = rb999.shfe
2022-09-08 09:40:55 [com.tq.yuxuan.xxljob.task.MyTask#demoJobHandler]-[44]-[xxl-job, JobThread-4-1662601239020] 2022-02-28 21:02:56.100000 account insert order, id = strategy1_5, price = 4726.0, direction = ORDER_DIRECTION.BUY, code = rb888.shfe
2022-09-08 09:40:55 [com.tq.yuxuan.xxljob.task.MyTask#demoJobHandler]-[44]-[xxl-job, JobThread-4-1662601239020] 2022-02-28 21:02:56.100000 market match order, id = strategy1_4, info = ('strategy1_4', 4, 4726.0, 1), code = rb999.shfe
2022-09-08 09:40:55 [com.tq.yuxuan.xxljob.task.MyTask#demoJobHandler]-[44]-[xxl-job, JobThread-4-1662601239020] 2022-02-28 21:02:56.200000 market receive order, id = strategy1_5, price = 4726.0, direction = ORDER_DIRECTION.BUY, code = rb888.shfe
2022-09-08 09:40:55 [com.tq.yuxuan.xxljob.task.MyTask#demoJobHandler]-[44]-[xxl-job, JobThread-4-1662601239020] 2022-02-28 21:02:56.200000 market match order, id = strategy1_5, info = ('strategy1_5', 4, 4726.0, 1), code = rb888.shfe
2022-09-08 09:40:55 [com.tq.yuxuan.xxljob.task.MyTask#demoJobHandler]-[44]-[xxl-job, JobThread-4-1662601239020] 2022-02-28 21:03:48.100000 account insert order, id = strategy0_4, price = 4727.0, direction = ORDER_DIRECTION.SELL, code = rb888.shfe
2022-09-08 09:40:55 [com.tq.yuxuan.xxljob.task.MyTask#demoJobHandler]-[44]-[xxl-job, JobThread-4-1662601239020] 2022-02-28 21:03:48.200000 market receive order, id = strategy0_4, price = 4727.0, direction = ORDER_DIRECTION.SELL, code = rb888.shfe
2022-09-08 09:40:55 [com.tq.yuxuan.xxljob.task.MyTask#demoJobHandler]-[44]-[xxl-job, JobThread-4-1662601239020] 2022-02-28 21:03:49.100000 market match order, id = strategy0_4, info = ('strategy0_4', 4, 4727.0, 1), code = rb888.shfe
2022-09-08 09:40:55 [com.tq.yuxuan.xxljob.task.MyTask#demoJobHandler]-[44]-[xxl-job, JobThread-4-1662601239020] 2022-02-28 21:03:59.100000 account insert order, id = strategy1_6, price = 4729.0, direction = ORDER_DIRECTION.SELL, code = rb999.shfe
2022-09-08 09:40:55 [com.tq.yuxuan.xxljob.task.MyTask#demoJobHandler]-[44]-[xxl-job, JobThread-4-1662601239020] 2022-02-28 21:03:59.200000 market receive order, id = strategy1_6, price = 4729.0, direction = ORDER_DIRECTION.SELL, code = rb999.shfe
2022-09-08 09:40:55 [com.tq.yuxuan.xxljob.task.MyTask#demoJobHandler]-[44]-[xxl-job, JobThread-4-1662601239020] 2022-02-28 21:04:02.100000 account cancel order, id = strategy1_6, price = 4729.0, direction = ORDER_DIRECTION.SELL, code = rb999.shfe
2022-09-08 09:40:55 [com.tq.yuxuan.xxljob.task.MyTask#demoJobHandler]-[44]-[xxl-job, JobThread-4-1662601239020] 2022-02-28 21:04:02.200000 market match order, id = strategy1_6, info = ('strategy1_6', 5, None, None), code = rb999.shfe
2022-09-08 09:40:55 [com.tq.yuxuan.xxljob.task.MyTask#demoJobHandler]-[44]-[xxl-job, JobThread-4-1662601239020] 2022-02-28 21:04:17.100000 account insert order, id = strategy1_7, price = 4727.0, direction = ORDER_DIRECTION.BUY, code = rb888.shfe
2022-09-08 09:40:55 [com.tq.yuxuan.xxljob.task.MyTask#demoJobHandler]-[44]-[xxl-job, JobThread-4-1662601239020] 2022-02-28 21:04:17.200000 market receive order, id = strategy1_7, price = 4727.0, direction = ORDER_DIRECTION.BUY, code = rb888.shfe
2022-09-08 09:40:55 [com.tq.yuxuan.xxljob.task.MyTask#demoJobHandler]-[44]-[xxl-job, JobThread-4-1662601239020] 2022-02-28 21:04:18.100000 market match order, id = strategy1_7, info = ('strategy1_7', 4, 4727.0, 1), code = rb888.shfe
2022-09-08 09:40:55 [com.tq.yuxuan.xxljob.task.MyTask#demoJobHandler]-[44]-[xxl-job, JobThread-4-1662601239020] 2022-02-28 21:04:22.100000 account insert order, id = strategy0_5, price = 4725.0, direction = ORDER_DIRECTION.BUY, code = rb999.shfe
2022-09-08 09:40:55 [com.tq.yuxuan.xxljob.task.MyTask#demoJobHandler]-[44]-[xxl-job, JobThread-4-1662601239020] 2022-02-28 21:04:22.200000 market receive order, id = strategy0_5, price = 4725.0, direction = ORDER_DIRECTION.BUY, code = rb999.shfe
2022-09-08 09:40:55 [com.tq.yuxuan.xxljob.task.MyTask#demoJobHandler]-[44]-[xxl-job, JobThread-4-1662601239020] 2022-02-28 21:04:25.100000 account insert order, id = strategy1_8, price = 4725.0, direction = ORDER_DIRECTION.BUY, code = rb999.shfe
2022-09-08 09:40:55 [com.tq.yuxuan.xxljob.task.MyTask#demoJobHandler]-[44]-[xxl-job, JobThread-4-1662601239020] 2022-02-28 21:04:25.200000 market receive order, id = strategy1_8, price = 4725.0, direction = ORDER_DIRECTION.BUY, code = rb999.shfe
2022-09-08 09:40:55 [com.tq.yuxuan.xxljob.task.MyTask#demoJobHandler]-[44]-[xxl-job, JobThread-4-1662601239020] 2022-02-28 21:04:26.100000 account cancel order, id = strategy1_8, price = 4725.0, direction = ORDER_DIRECTION.BUY, code = rb999.shfe
2022-09-08 09:40:55 [com.tq.yuxuan.xxljob.task.MyTask#demoJobHandler]-[44]-[xxl-job, JobThread-4-1662601239020] 2022-02-28 21:04:26.200000 market match order, id = strategy1_8, info = ('strategy1_8', 5, None, None), code = rb999.shfe
2022-09-08 09:40:55 [com.tq.yuxuan.xxljob.task.MyTask#demoJobHandler]-[44]-[xxl-job, JobThread-4-1662601239020] 2022-02-28 21:04:27.100000 account insert order, id = strategy1_9, price = 4728.0, direction = ORDER_DIRECTION.SELL, code = rb999.shfe
2022-09-08 09:40:55 [com.tq.yuxuan.xxljob.task.MyTask#demoJobHandler]-[44]-[xxl-job, JobThread-4-1662601239020] 2022-02-28 21:04:27.200000 market receive order, id = strategy1_9, price = 4728.0, direction = ORDER_DIRECTION.SELL, code = rb999.shfe
2022-09-08 09:40:55 [com.tq.yuxuan.xxljob.task.MyTask#demoJobHandler]-[44]-[xxl-job, JobThread-4-1662601239020] 2022-02-28 21:04:28.100000 account cancel order, id = strategy1_9, price = 4728.0, direction = ORDER_DIRECTION.SELL, code = rb999.shfe
2022-09-08 09:40:55 [com.tq.yuxuan.xxljob.task.MyTask#demoJobHandler]-[44]-[xxl-job, JobThread-4-1662601239020] 2022-02-28 21:04:28.200000 market match order, id = strategy1_9, info = ('strategy1_9', 5, None, None), code = rb999.shfe
2022-09-08 09:40:55 [com.tq.yuxuan.xxljob.task.MyTask#demoJobHandler]-[44]-[xxl-job, JobThread-4-1662601239020] 2022-02-28 21:04:29.100000 account cancel order, id = strategy0_5, price = 4725.0, direction = ORDER_DIRECTION.BUY, code = rb999.shfe
2022-09-08 09:40:55 [com.tq.yuxuan.xxljob.task.MyTask#demoJobHandler]-[44]-[xxl-job, JobThread-4-1662601239020] 2022-02-28 21:04:29.200000 market match order, id = strategy0_5, info = ('strategy0_5', 5, None, None), code = rb999.shfe
2022-09-08 09:40:55 [com.tq.yuxuan.xxljob.task.MyTask#demoJobHandler]-[44]-[xxl-job, JobThread-4-1662601239020] 2022-02-28 21:04:48.100000 account insert order, id = strategy1_10, price = 4725.0, direction = ORDER_DIRECTION.SELL, code = rb888.shfe
2022-09-08 09:40:55 [com.tq.yuxuan.xxljob.task.MyTask#demoJobHandler]-[44]-[xxl-job, JobThread-4-1662601239020] 2022-02-28 21:04:48.200000 market receive order, id = strategy1_10, price = 4725.0, direction = ORDER_DIRECTION.SELL, code = rb888.shfe
2022-09-08 09:40:55 [com.tq.yuxuan.xxljob.task.MyTask#demoJobHandler]-[44]-[xxl-job, JobThread-4-1662601239020] 2022-02-28 21:04:48.200000 market match order, id = strategy1_10, info = ('strategy1_10', 4, 4725.0, 1), code = rb888.shfe
2022-09-08 09:40:55 [com.tq.yuxuan.xxljob.task.MyTask#demoJobHandler]-[44]-[xxl-job, JobThread-4-1662601239020] 2022-02-28 21:04:59.100000 account insert order, id = strategy0_6, price = 4724.0, direction = ORDER_DIRECTION.BUY, code = rb888.shfe
2022-09-08 09:40:55 [com.tq.yuxuan.xxljob.task.MyTask#demoJobHandler]-[44]-[xxl-job, JobThread-4-1662601239020] 2022-02-28 21:04:59.200000 market receive order, id = strategy0_6, price = 4724.0, direction = ORDER_DIRECTION.BUY, code = rb888.shfe
2022-09-08 09:40:55 [com.tq.yuxuan.xxljob.task.MyTask#demoJobHandler]-[44]-[xxl-job, JobThread-4-1662601239020] 2022-02-28 21:05:00.100000 account cancel order, id = strategy0_6, price = 4724.0, direction = ORDER_DIRECTION.BUY, code = rb888.shfe
2022-09-08 09:40:55 [com.tq.yuxuan.xxljob.task.MyTask#demoJobHandler]-[44]-[xxl-job, JobThread-4-1662601239020] 2022-02-28 21:05:00.200000 market match order, id = strategy0_6, info = ('strategy0_6', 5, None, None), code = rb888.shfe
2022-09-08 09:40:55 [com.tq.yuxuan.xxljob.task.MyTask#demoJobHandler]-[44]-[xxl-job, JobThread-4-1662601239020] 2022-02-28 21:05:23.100000 account insert order, id = strategy0_7, price = 4728.0, direction = ORDER_DIRECTION.BUY, code = rb888.shfe
2022-09-08 09:40:55 [com.tq.yuxuan.xxljob.task.MyTask#demoJobHandler]-[44]-[xxl-job, JobThread-4-1662601239020] 2022-02-28 21:05:23.200000 market receive order, id = strategy0_7, price = 4728.0, direction = ORDER_DIRECTION.BUY, code = rb888.shfe
2022-09-08 09:40:55 [com.tq.yuxuan.xxljob.task.MyTask#demoJobHandler]-[44]-[xxl-job, JobThread-4-1662601239020] 2022-02-28 21:05:26.100000 account cancel order, id = strategy0_7, price = 4728.0, direction = ORDER_DIRECTION.BUY, code = rb888.shfe
2022-09-08 09:40:55 [com.tq.yuxuan.xxljob.task.MyTask#demoJobHandler]-[44]-[xxl-job, JobThread-4-1662601239020] 2022-02-28 21:05:26.200000 market match order, id = strategy0_7, info = ('strategy0_7', 5, None, None), code = rb888.shfe
2022-09-08 09:40:55 [com.tq.yuxuan.xxljob.task.MyTask#demoJobHandler]-[44]-[xxl-job, JobThread-4-1662601239020] 2022-02-28 21:05:36.100000 account insert order, id = strategy0_8, price = 4729.0, direction = ORDER_DIRECTION.BUY, code = rb888.shfe
2022-09-08 09:40:55 [com.tq.yuxuan.xxljob.task.MyTask#demoJobHandler]-[44]-[xxl-job, JobThread-4-1662601239020] 2022-02-28 21:05:36.200000 market receive order, id = strategy0_8, price = 4729.0, direction = ORDER_DIRECTION.BUY, code = rb888.shfe
2022-09-08 09:40:55 [com.tq.yuxuan.xxljob.task.MyTask#demoJobHandler]-[44]-[xxl-job, JobThread-4-1662601239020] 2022-02-28 21:05:36.200000 market match order, id = strategy0_8, info = ('strategy0_8', 4, 4729.0, 1), code = rb888.shfe
2022-09-08 09:40:55 [com.tq.yuxuan.xxljob.task.MyTask#demoJobHandler]-[44]-[xxl-job, JobThread-4-1662601239020] 2022-02-28 21:05:52.100000 account insert order, id = strategy0_9, price = 4729.0, direction = ORDER_DIRECTION.BUY, code = rb888.shfe
2022-09-08 09:40:55 [com.tq.yuxuan.xxljob.task.MyTask#demoJobHandler]-[44]-[xxl-job, JobThread-4-1662601239020] 2022-02-28 21:05:52.200000 market receive order, id = strategy0_9, price = 4729.0, direction = ORDER_DIRECTION.BUY, code = rb888.shfe
2022-09-08 09:40:55 [com.tq.yuxuan.xxljob.task.MyTask#demoJobHandler]-[44]-[xxl-job, JobThread-4-1662601239020] 2022-02-28 21:05:52.200000 market match order, id = strategy0_9, info = ('strategy0_9', 4, 4729.0, 1), code = rb888.shfe
2022-09-08 09:40:55 [com.tq.yuxuan.xxljob.task.MyTask#demoJobHandler]-[44]-[xxl-job, JobThread-4-1662601239020] 2022-02-28 21:06:11.100000 account insert order, id = strategy0_10, price = 4728.0, direction = ORDER_DIRECTION.BUY, code = rb888.shfe
2022-09-08 09:40:55 [com.tq.yuxuan.xxljob.task.MyTask#demoJobHandler]-[44]-[xxl-job, JobThread-4-1662601239020] 2022-02-28 21:06:11.200000 market receive order, id = strategy0_10, price = 4728.0, direction = ORDER_DIRECTION.BUY, code = rb888.shfe
2022-09-08 09:40:55 [com.tq.yuxuan.xxljob.task.MyTask#demoJobHandler]-[44]-[xxl-job, JobThread-4-1662601239020] 2022-02-28 21:06:14.100000 account cancel order, id = strategy0_10, price = 4728.0, direction = ORDER_DIRECTION.BUY, code = rb888.shfe
2022-09-08 09:40:55 [com.tq.yuxuan.xxljob.task.MyTask#demoJobHandler]-[44]-[xxl-job, JobThread-4-1662601239020] 2022-02-28 21:06:14.200000 market match order, id = strategy0_10, info = ('strategy0_10', 5, None, None), code = rb888.shfe
2022-09-08 09:40:55 [com.tq.yuxuan.xxljob.task.MyTask#demoJobHandler]-[44]-[xxl-job, JobThread-4-1662601239020] 2022-02-28 21:06:23.100000 account insert order, id = strategy1_11, price = 4728.0, direction = ORDER_DIRECTION.BUY, code = rb888.shfe
2022-09-08 09:40:55 [com.tq.yuxuan.xxljob.task.MyTask#demoJobHandler]-[44]-[xxl-job, JobThread-4-1662601239020] 2022-02-28 21:06:23.200000 market receive order, id = strategy1_11, price = 4728.0, direction = ORDER_DIRECTION.BUY, code = rb888.shfe
2022-09-08 09:40:55 [com.tq.yuxuan.xxljob.task.MyTask#demoJobHandler]-[44]-[xxl-job, JobThread-4-1662601239020] 2022-02-28 21:06:25.100000 account insert order, id = strategy1_12, price = 4729.0, direction = ORDER_DIRECTION.SELL, code = rb888.shfe
2022-09-08 09:40:55 [com.tq.yuxuan.xxljob.task.MyTask#demoJobHandler]-[44]-[xxl-job, JobThread-4-1662601239020] 2022-02-28 21:06:25.200000 market receive order, id = strategy1_12, price = 4729.0, direction = ORDER_DIRECTION.SELL, code = rb888.shfe
2022-09-08 09:40:55 [com.tq.yuxuan.xxljob.task.MyTask#demoJobHandler]-[44]-[xxl-job, JobThread-4-1662601239020] 2022-02-28 21:06:26.100000 account cancel order, id = strategy1_12, price = 4729.0, direction = ORDER_DIRECTION.SELL, code = rb888.shfe
2022-09-08 09:40:55 [com.tq.yuxuan.xxljob.task.MyTask#demoJobHandler]-[44]-[xxl-job, JobThread-4-1662601239020] 2022-02-28 21:06:26.100000 market match order, id = strategy1_11, info = ('strategy1_11', 4, 4728.0, 1), code = rb888.shfe
2022-09-08 09:40:55 [com.tq.yuxuan.xxljob.task.MyTask#demoJobHandler]-[44]-[xxl-job, JobThread-4-1662601239020] 2022-02-28 21:06:26.200000 market match order, id = strategy1_12, info = ('strategy1_12', 5, None, None), code = rb888.shfe
2022-09-08 09:40:55 [com.tq.yuxuan.xxljob.task.MyTask#demoJobHandler]-[44]-[xxl-job, JobThread-4-1662601239020] 2022-02-28 21:06:31.100000 account insert order, id = strategy1_13, price = 4726.0, direction = ORDER_DIRECTION.SELL, code = rb888.shfe
2022-09-08 09:40:55 [com.tq.yuxuan.xxljob.task.MyTask#demoJobHandler]-[44]-[xxl-job, JobThread-4-1662601239020] 2022-02-28 21:06:31.200000 market receive order, id = strategy1_13, price = 4726.0, direction = ORDER_DIRECTION.SELL, code = rb888.shfe
2022-09-08 09:40:55 [com.tq.yuxuan.xxljob.task.MyTask#demoJobHandler]-[44]-[xxl-job, JobThread-4-1662601239020] 2022-02-28 21:06:32.100000 account insert order, id = strategy1_14, price = 4725.0, direction = ORDER_DIRECTION.BUY, code = rb888.shfe
2022-09-08 09:40:55 [com.tq.yuxuan.xxljob.task.MyTask#demoJobHandler]-[44]-[xxl-job, JobThread-4-1662601239020] 2022-02-28 21:06:32.100000 missing order strategy1_13 @ cancelling...
2022-09-08 09:40:55 [com.tq.yuxuan.xxljob.task.MyTask#demoJobHandler]-[44]-[xxl-job, JobThread-4-1662601239020] 2022-02-28 21:06:32.100000 account cancel order, id = strategy1_13, price = 4726.0, direction = ORDER_DIRECTION.SELL, code = rb888.shfe
2022-09-08 09:40:55 [com.tq.yuxuan.xxljob.task.MyTask#demoJobHandler]-[44]-[xxl-job, JobThread-4-1662601239020] 2022-02-28 21:06:32.100000 market match order, id = strategy1_13, info = ('strategy1_13', 4, 4726.0, 1), code = rb888.shfe
2022-09-08 09:40:55 [com.tq.yuxuan.xxljob.task.MyTask#demoJobHandler]-[44]-[xxl-job, JobThread-4-1662601239020] 2022-02-28 21:06:32.200000 market receive order, id = strategy1_14, price = 4725.0, direction = ORDER_DIRECTION.BUY, code = rb888.shfe
2022-09-08 09:40:55 [com.tq.yuxuan.xxljob.task.MyTask#demoJobHandler]-[44]-[xxl-job, JobThread-4-1662601239020] 2022-02-28 21:06:34.100000 account cancel order, id = strategy1_14, price = 4725.0, direction = ORDER_DIRECTION.BUY, code = rb888.shfe
2022-09-08 09:40:55 [com.tq.yuxuan.xxljob.task.MyTask#demoJobHandler]-[44]-[xxl-job, JobThread-4-1662601239020] 2022-02-28 21:06:34.200000 market match order, id = strategy1_14, info = ('strategy1_14', 5, None, None), code = rb888.shfe
2022-09-08 09:40:55 [com.tq.yuxuan.xxljob.task.MyTask#demoJobHandler]-[44]-[xxl-job, JobThread-4-1662601239020] 2022-02-28 21:06:35.100000 account insert order, id = strategy1_15, price = 4727.0, direction = ORDER_DIRECTION.SELL, code = rb888.shfe
2022-09-08 09:40:55 [com.tq.yuxuan.xxljob.task.MyTask#demoJobHandler]-[44]-[xxl-job, JobThread-4-1662601239020] 2022-02-28 21:06:35.200000 market receive order, id = strategy1_15, price = 4727.0, direction = ORDER_DIRECTION.SELL, code = rb888.shfe
2022-09-08 09:40:55 [com.tq.yuxuan.xxljob.task.MyTask#demoJobHandler]-[44]-[xxl-job, JobThread-4-1662601239020] 2022-02-28 21:06:35.200000 market match order, id = strategy1_15, info = ('strategy1_15', 4, 4727.0, 1), code = rb888.shfe
2022-09-08 09:40:55 [com.tq.yuxuan.xxljob.task.MyTask#demoJobHandler]-[44]-[xxl-job, JobThread-4-1662601239020] 2022-02-28 21:06:56.100000 account insert order, id = strategy1_16, price = 4725.0, direction = ORDER_DIRECTION.SELL, code = rb888.shfe
2022-09-08 09:40:55 [com.tq.yuxuan.xxljob.task.MyTask#demoJobHandler]-[44]-[xxl-job, JobThread-4-1662601239020] 2022-02-28 21:06:56.200000 market receive order, id = strategy1_16, price = 4725.0, direction = ORDER_DIRECTION.SELL, code = rb888.shfe
2022-09-08 09:40:55 [com.tq.yuxuan.xxljob.task.MyTask#demoJobHandler]-[44]-[xxl-job, JobThread-4-1662601239020] 2022-02-28 21:06:56.200000 market match order, id = strategy1_16, info = ('strategy1_16', 4, 4725.0, 1), code = rb888.shfe
2022-09-08 09:40:55 [com.tq.yuxuan.xxljob.task.MyTask#demoJobHandler]-[44]-[xxl-job, JobThread-4-1662601239020] 2022-02-28 21:06:59.100000 account insert order, id = strategy1_17, price = 4725.0, direction = ORDER_DIRECTION.BUY, code = rb888.shfe
2022-09-08 09:40:55 [com.tq.yuxuan.xxljob.task.MyTask#demoJobHandler]-[44]-[xxl-job, JobThread-4-1662601239020] 2022-02-28 21:06:59.200000 market receive order, id = strategy1_17, price = 4725.0, direction = ORDER_DIRECTION.BUY, code = rb888.shfe
2022-09-08 09:40:55 [com.tq.yuxuan.xxljob.task.MyTask#demoJobHandler]-[44]-[xxl-job, JobThread-4-1662601239020] 2022-02-28 21:07:00.100000 account cancel order, id = strategy1_17, price = 4725.0, direction = ORDER_DIRECTION.BUY, code = rb888.shfe
2022-09-08 09:40:55 [com.tq.yuxuan.xxljob.task.MyTask#demoJobHandler]-[44]-[xxl-job, JobThread-4-1662601239020] 2022-02-28 21:07:00.200000 market match order, id = strategy1_17, info = ('strategy1_17', 5, None, None), code = rb888.shfe
2022-09-08 09:40:55 [com.tq.yuxuan.xxljob.task.MyTask#demoJobHandler]-[44]-[xxl-job, JobThread-4-1662601239020] 2022-02-28 21:07:19.100000 account insert order, id = strategy1_18, price = 4725.0, direction = ORDER_DIRECTION.SELL, code = rb999.shfe
2022-09-08 09:40:55 [com.tq.yuxuan.xxljob.task.MyTask#demoJobHandler]-[44]-[xxl-job, JobThread-4-1662601239020] 2022-02-28 21:07:19.200000 market receive order, id = strategy1_18, price = 4725.0, direction = ORDER_DIRECTION.SELL, code = rb999.shfe
2022-09-08 09:40:55 [com.tq.yuxuan.xxljob.task.MyTask#demoJobHandler]-[44]-[xxl-job, JobThread-4-1662601239020] 2022-02-28 21:07:20.100000 account cancel order, id = strategy1_18, price = 4725.0, direction = ORDER_DIRECTION.SELL, code = rb999.shfe
2022-09-08 09:40:55 [com.tq.yuxuan.xxljob.task.MyTask#demoJobHandler]-[44]-[xxl-job, JobThread-4-1662601239020] 2022-02-28 21:07:20.200000 market match order, id = strategy1_18, info = ('strategy1_18', 5, None, None), code = rb999.shfe
2022-09-08 09:40:55 [com.tq.yuxuan.xxljob.task.MyTask#demoJobHandler]-[44]-[xxl-job, JobThread-4-1662601239020] 2022-02-28 21:07:49.100000 account insert order, id = strategy1_19, price = 4726.0, direction = ORDER_DIRECTION.SELL, code = rb999.shfe
2022-09-08 09:40:55 [com.tq.yuxuan.xxljob.task.MyTask#demoJobHandler]-[44]-[xxl-job, JobThread-4-1662601239020] 2022-02-28 21:07:49.200000 market receive order, id = strategy1_19, price = 4726.0, direction = ORDER_DIRECTION.SELL, code = rb999.shfe
2022-09-08 09:40:55 [com.tq.yuxuan.xxljob.task.MyTask#demoJobHandler]-[44]-[xxl-job, JobThread-4-1662601239020] 2022-02-28 21:07:50.100000 account cancel order, id = strategy1_19, price = 4726.0, direction = ORDER_DIRECTION.SELL, code = rb999.shfe
2022-09-08 09:40:55 [com.tq.yuxuan.xxljob.task.MyTask#demoJobHandler]-[44]-[xxl-job, JobThread-4-1662601239020] 2022-02-28 21:07:50.200000 market match order, id = strategy1_19, info = ('strategy1_19', 5, None, None), code = rb999.shfe
2022-09-08 09:40:55 [com.tq.yuxuan.xxljob.task.MyTask#demoJobHandler]-[44]-[xxl-job, JobThread-4-1662601239020] 2022-02-28 21:07:51.100000 account insert order, id = strategy1_20, price = 4725.0, direction = ORDER_DIRECTION.SELL, code = rb888.shfe
2022-09-08 09:40:55 [com.tq.yuxuan.xxljob.task.MyTask#demoJobHandler]-[44]-[xxl-job, JobThread-4-1662601239020] 2022-02-28 21:07:51.200000 market receive order, id = strategy1_20, price = 4725.0, direction = ORDER_DIRECTION.SELL, code = rb888.shfe
2022-09-08 09:40:55 [com.tq.yuxuan.xxljob.task.MyTask#demoJobHandler]-[44]-[xxl-job, JobThread-4-1662601239020] 2022-02-28 21:07:52.100000 market match order, id = strategy1_20, info = ('strategy1_20', 4, 4725.0, 1), code = rb888.shfe
2022-09-08 09:40:55 [com.tq.yuxuan.xxljob.task.MyTask#demoJobHandler]-[44]-[xxl-job, JobThread-4-1662601239020] 2022-02-28 21:09:01.100000 account insert order, id = strategy1_21, price = 4722.0, direction = ORDER_DIRECTION.SELL, code = rb888.shfe
2022-09-08 09:40:55 [com.tq.yuxuan.xxljob.task.MyTask#demoJobHandler]-[44]-[xxl-job, JobThread-4-1662601239020] 2022-02-28 21:09:01.200000 market receive order, id = strategy1_21, price = 4722.0, direction = ORDER_DIRECTION.SELL, code = rb888.shfe
2022-09-08 09:40:55 [com.tq.yuxuan.xxljob.task.MyTask#demoJobHandler]-[44]-[xxl-job, JobThread-4-1662601239020] 2022-02-28 21:09:02.100000 account cancel order, id = strategy1_21, price = 4722.0, direction = ORDER_DIRECTION.SELL, code = rb888.shfe
2022-09-08 09:40:55 [com.tq.yuxuan.xxljob.task.MyTask#demoJobHandler]-[44]-[xxl-job, JobThread-4-1662601239020] 2022-02-28 21:09:02.200000 market match order, id = strategy1_21, info = ('strategy1_21', 5, None, None), code = rb888.shfe
2022-09-08 09:40:55 [com.tq.yuxuan.xxljob.task.MyTask#demoJobHandler]-[44]-[xxl-job, JobThread-4-1662601239020] 2022-02-28 21:09:04.100000 account insert order, id = strategy0_11, price = 4720.0, direction = ORDER_DIRECTION.SELL, code = rb999.shfe
2022-09-08 09:40:55 [com.tq.yuxuan.xxljob.task.MyTask#demoJobHandler]-[44]-[xxl-job, JobThread-4-1662601239020] 2022-02-28 21:09:04.200000 market receive order, id = strategy0_11, price = 4720.0, direction = ORDER_DIRECTION.SELL, code = rb999.shfe
2022-09-08 09:40:55 [com.tq.yuxuan.xxljob.task.MyTask#demoJobHandler]-[44]-[xxl-job, JobThread-4-1662601239020] 2022-02-28 21:09:06.100000 account insert order, id = strategy0_12, price = 4720.0, direction = ORDER_DIRECTION.SELL, code = rb999.shfe
2022-09-08 09:40:55 [com.tq.yuxuan.xxljob.task.MyTask#demoJobHandler]-[44]-[xxl-job, JobThread-4-1662601239020] 2022-02-28 21:09:06.200000 market receive order, id = strategy0_12, price = 4720.0, direction = ORDER_DIRECTION.SELL, code = rb999.shfe
2022-09-08 09:40:55 [com.tq.yuxuan.xxljob.task.MyTask#demoJobHandler]-[44]-[xxl-job, JobThread-4-1662601239020] 2022-02-28 21:09:07.100000 account cancel order, id = strategy0_12, price = 4720.0, direction = ORDER_DIRECTION.SELL, code = rb999.shfe
2022-09-08 09:40:55 [com.tq.yuxuan.xxljob.task.MyTask#demoJobHandler]-[44]-[xxl-job, JobThread-4-1662601239020] 2022-02-28 21:09:07.200000 market match order, id = strategy0_12, info = ('strategy0_12', 5, None, None), code = rb999.shfe
2022-09-08 09:40:55 [com.tq.yuxuan.xxljob.task.MyTask#demoJobHandler]-[44]-[xxl-job, JobThread-4-1662601239020] 2022-02-28 21:09:09.100000 account cancel order, id = strategy0_11, price = 4720.0, direction = ORDER_DIRECTION.SELL, code = rb999.shfe
2022-09-08 09:40:55 [com.tq.yuxuan.xxljob.task.MyTask#demoJobHandler]-[44]-[xxl-job, JobThread-4-1662601239020] 2022-02-28 21:09:09.200000 market match order, id = strategy0_11, info = ('strategy0_11', 5, None, None), code = rb999.shfe
2022-09-08 09:40:55 [com.tq.yuxuan.xxljob.task.MyTask#demoJobHandler]-[44]-[xxl-job, JobThread-4-1662601239020] 2022-02-28 21:09:18.100000 account insert order, id = strategy1_22, price = 4719.0, direction = ORDER_DIRECTION.BUY, code = rb999.shfe
2022-09-08 09:40:55 [com.tq.yuxuan.xxljob.task.MyTask#demoJobHandler]-[44]-[xxl-job, JobThread-4-1662601239020] 2022-02-28 21:09:18.200000 market receive order, id = strategy1_22, price = 4719.0, direction = ORDER_DIRECTION.BUY, code = rb999.shfe
2022-09-08 09:40:55 [com.tq.yuxuan.xxljob.task.MyTask#demoJobHandler]-[44]-[xxl-job, JobThread-4-1662601239020] 2022-02-28 21:09:18.200000 market match order, id = strategy1_22, info = ('strategy1_22', 4, 4719.0, 1), code = rb999.shfe
2022-09-08 09:40:55 [com.tq.yuxuan.xxljob.task.MyTask#demoJobHandler]-[44]-[xxl-job, JobThread-4-1662601239020] 2022-02-28 21:09:21.100000 account insert order, id = strategy0_13, price = 4720.0, direction = ORDER_DIRECTION.SELL, code = rb999.shfe
2022-09-08 09:40:55 [com.tq.yuxuan.xxljob.task.MyTask#demoJobHandler]-[44]-[xxl-job, JobThread-4-1662601239020] 2022-02-28 21:09:21.200000 market receive order, id = strategy0_13, price = 4720.0, direction = ORDER_DIRECTION.SELL, code = rb999.shfe
2022-09-08 09:40:55 [com.tq.yuxuan.xxljob.task.MyTask#demoJobHandler]-[44]-[xxl-job, JobThread-4-1662601239020] 2022-02-28 21:09:24.100000 account insert order, id = strategy1_23, price = 4718.0, direction = ORDER_DIRECTION.BUY, code = rb999.shfe
2022-09-08 09:40:55 [com.tq.yuxuan.xxljob.task.MyTask#demoJobHandler]-[44]-[xxl-job, JobThread-4-1662601239020] 2022-02-28 21:09:24.200000 market receive order, id = strategy1_23, price = 4718.0, direction = ORDER_DIRECTION.BUY, code = rb999.shfe
2022-09-08 09:40:55 [com.tq.yuxuan.xxljob.task.MyTask#demoJobHandler]-[44]-[xxl-job, JobThread-4-1662601239020] 2022-02-28 21:09:29.100000 account cancel order, id = strategy0_13, price = 4720.0, direction = ORDER_DIRECTION.SELL, code = rb999.shfe
2022-09-08 09:40:55 [com.tq.yuxuan.xxljob.task.MyTask#demoJobHandler]-[44]-[xxl-job, JobThread-4-1662601239020] 2022-02-28 21:09:29.100000 account cancel order, id = strategy1_23, price = 4718.0, direction = ORDER_DIRECTION.BUY, code = rb999.shfe
2022-09-08 09:40:55 [com.tq.yuxuan.xxljob.task.MyTask#demoJobHandler]-[44]-[xxl-job, JobThread-4-1662601239020] 2022-02-28 21:09:29.200000 market match order, id = strategy0_13, info = ('strategy0_13', 5, None, None), code = rb999.shfe
2022-09-08 09:40:55 [com.tq.yuxuan.xxljob.task.MyTask#demoJobHandler]-[44]-[xxl-job, JobThread-4-1662601239020] 2022-02-28 21:09:29.200000 market match order, id = strategy1_23, info = ('strategy1_23', 5, None, None), code = rb999.shfe
2022-09-08 09:40:55 [com.tq.yuxuan.xxljob.task.MyTask#demoJobHandler]-[44]-[xxl-job, JobThread-4-1662601239020] 2022-02-28 21:09:46.100000 account insert order, id = strategy1_24, price = 4718.0, direction = ORDER_DIRECTION.BUY, code = rb888.shfe
2022-09-08 09:40:55 [com.tq.yuxuan.xxljob.task.MyTask#demoJobHandler]-[44]-[xxl-job, JobThread-4-1662601239020] 2022-02-28 21:09:46.200000 market receive order, id = strategy1_24, price = 4718.0, direction = ORDER_DIRECTION.BUY, code = rb888.shfe
2022-09-08 09:40:55 [com.tq.yuxuan.xxljob.task.MyTask#demoJobHandler]-[44]-[xxl-job, JobThread-4-1662601239020] 2022-02-28 21:09:47.100000 account cancel order, id = strategy1_24, price = 4718.0, direction = ORDER_DIRECTION.BUY, code = rb888.shfe
2022-09-08 09:40:55 [com.tq.yuxuan.xxljob.task.MyTask#demoJobHandler]-[44]-[xxl-job, JobThread-4-1662601239020] 2022-02-28 21:09:47.200000 market match order, id = strategy1_24, info = ('strategy1_24', 5, None, None), code = rb888.shfe
2022-09-08 09:40:55 [com.tq.yuxuan.xxljob.task.MyTask#demoJobHandler]-[44]-[xxl-job, JobThread-4-1662601239020] 2022-02-28 21:10:27.100000 account insert order, id = strategy1_25, price = 4725.0, direction = ORDER_DIRECTION.BUY, code = rb999.shfe
2022-09-08 09:40:55 [com.tq.yuxuan.xxljob.task.MyTask#demoJobHandler]-[44]-[xxl-job, JobThread-4-1662601239020] 2022-02-28 21:10:27.200000 market receive order, id = strategy1_25, price = 4725.0, direction = ORDER_DIRECTION.BUY, code = rb999.shfe
2022-09-08 09:40:55 [com.tq.yuxuan.xxljob.task.MyTask#demoJobHandler]-[44]-[xxl-job, JobThread-4-1662601239020] 2022-02-28 21:10:33.100000 account cancel order, id = strategy1_25, price = 4725.0, direction = ORDER_DIRECTION.BUY, code = rb999.shfe
2022-09-08 09:40:55 [com.tq.yuxuan.xxljob.task.MyTask#demoJobHandler]-[44]-[xxl-job, JobThread-4-1662601239020] 2022-02-28 21:10:33.200000 market match order, id = strategy1_25, info = ('strategy1_25', 5, None, None), code = rb999.shfe
2022-09-08 09:40:55 [com.tq.yuxuan.xxljob.task.MyTask#demoJobHandler]-[44]-[xxl-job, JobThread-4-1662601239020] 2022-02-28 21:10:54.100000 account insert order, id = strategy1_26, price = 4727.0, direction = ORDER_DIRECTION.SELL, code = rb888.shfe
2022-09-08 09:40:55 [com.tq.yuxuan.xxljob.task.MyTask#demoJobHandler]-[44]-[xxl-job, JobThread-4-1662601239020] 2022-02-28 21:10:54.200000 market receive order, id = strategy1_26, price = 4727.0, direction = ORDER_DIRECTION.SELL, code = rb888.shfe
2022-09-08 09:40:55 [com.tq.yuxuan.xxljob.task.MyTask#demoJobHandler]-[44]-[xxl-job, JobThread-4-1662601239020] 2022-02-28 21:10:54.200000 market match order, id = strategy1_26, info = ('strategy1_26', 4, 4727.0, 1), code = rb888.shfe
2022-09-08 09:40:55 [com.tq.yuxuan.xxljob.task.MyTask#demoJobHandler]-[44]-[xxl-job, JobThread-4-1662601239020] 2022-02-28 21:11:15.100000 account insert order, id = strategy1_27, price = 4727.0, direction = ORDER_DIRECTION.SELL, code = rb888.shfe
2022-09-08 09:40:55 [com.tq.yuxuan.xxljob.task.MyTask#demoJobHandler]-[44]-[xxl-job, JobThread-4-1662601239020] 2022-02-28 21:11:15.200000 market receive order, id = strategy1_27, price = 4727.0, direction = ORDER_DIRECTION.SELL, code = rb888.shfe
2022-09-08 09:40:55 [com.tq.yuxuan.xxljob.task.MyTask#demoJobHandler]-[44]-[xxl-job, JobThread-4-1662601239020] 2022-02-28 21:11:16.100000 account cancel order, id = strategy1_27, price = 4727.0, direction = ORDER_DIRECTION.SELL, code = rb888.shfe
2022-09-08 09:40:55 [com.tq.yuxuan.xxljob.task.MyTask#demoJobHandler]-[44]-[xxl-job, JobThread-4-1662601239020] 2022-02-28 21:11:16.200000 market match order, id = strategy1_27, info = ('strategy1_27', 5, None, None), code = rb888.shfe
2022-09-08 09:40:55 [com.tq.yuxuan.xxljob.task.MyTask#demoJobHandler]-[44]-[xxl-job, JobThread-4-1662601239020] 2022-02-28 21:11:23.100000 account insert order, id = strategy0_14, price = 4725.0, direction = ORDER_DIRECTION.SELL, code = rb888.shfe
2022-09-08 09:40:55 [com.tq.yuxuan.xxljob.task.MyTask#demoJobHandler]-[44]-[xxl-job, JobThread-4-1662601239020] 2022-02-28 21:11:23.200000 market receive order, id = strategy0_14, price = 4725.0, direction = ORDER_DIRECTION.SELL, code = rb888.shfe
2022-09-08 09:40:55 [com.tq.yuxuan.xxljob.task.MyTask#demoJobHandler]-[44]-[xxl-job, JobThread-4-1662601239020] 2022-02-28 21:11:23.200000 market match order, id = strategy0_14, info = ('strategy0_14', 4, 4725.0, 1), code = rb888.shfe
2022-09-08 09:40:55 [com.tq.yuxuan.xxljob.task.MyTask#demoJobHandler]-[44]-[xxl-job, JobThread-4-1662601239020] 2022-02-28 21:11:38.100000 account insert order, id = strategy1_28, price = 4726.0, direction = ORDER_DIRECTION.SELL, code = rb999.shfe
2022-09-08 09:40:55 [com.tq.yuxuan.xxljob.task.MyTask#demoJobHandler]-[44]-[xxl-job, JobThread-4-1662601239020] 2022-02-28 21:11:38.200000 market receive order, id = strategy1_28, price = 4726.0, direction = ORDER_DIRECTION.SELL, code = rb999.shfe
2022-09-08 09:40:55 [com.tq.yuxuan.xxljob.task.MyTask#demoJobHandler]-[44]-[xxl-job, JobThread-4-1662601239020] 2022-02-28 21:11:39.100000 missing order strategy1_28 @ cancelling...
2022-09-08 09:40:55 [com.tq.yuxuan.xxljob.task.MyTask#demoJobHandler]-[44]-[xxl-job, JobThread-4-1662601239020] 2022-02-28 21:11:39.100000 account cancel order, id = strategy1_28, price = 4726.0, direction = ORDER_DIRECTION.SELL, code = rb999.shfe
2022-09-08 09:40:55 [com.tq.yuxuan.xxljob.task.MyTask#demoJobHandler]-[44]-[xxl-job, JobThread-4-1662601239020] 2022-02-28 21:11:39.100000 market match order, id = strategy1_28, info = ('strategy1_28', 4, 4726.0, 1), code = rb999.shfe
2022-09-08 09:40:55 [com.tq.yuxuan.xxljob.task.MyTask#demoJobHandler]-[44]-[xxl-job, JobThread-4-1662601239020] 2022-02-28 21:12:33.100000 account insert order, id = strategy0_15, price = 4724.0, direction = ORDER_DIRECTION.SELL, code = rb888.shfe
2022-09-08 09:40:55 [com.tq.yuxuan.xxljob.task.MyTask#demoJobHandler]-[44]-[xxl-job, JobThread-4-1662601239020] 2022-02-28 21:12:33.200000 market receive order, id = strategy0_15, price = 4724.0, direction = ORDER_DIRECTION.SELL, code = rb888.shfe
2022-09-08 09:40:55 [com.tq.yuxuan.xxljob.task.MyTask#demoJobHandler]-[44]-[xxl-job, JobThread-4-1662601239020] 2022-02-28 21:12:36.100000 account insert order, id = strategy1_29, price = 4723.0, direction = ORDER_DIRECTION.SELL, code = rb999.shfe
2022-09-08 09:40:55 [com.tq.yuxuan.xxljob.task.MyTask#demoJobHandler]-[44]-[xxl-job, JobThread-4-1662601239020] 2022-02-28 21:12:36.100000 account cancel order, id = strategy0_15, price = 4724.0, direction = ORDER_DIRECTION.SELL, code = rb888.shfe
2022-09-08 09:40:55 [com.tq.yuxuan.xxljob.task.MyTask#demoJobHandler]-[44]-[xxl-job, JobThread-4-1662601239020] 2022-02-28 21:12:36.200000 market receive order, id = strategy1_29, price = 4723.0, direction = ORDER_DIRECTION.SELL, code = rb999.shfe
2022-09-08 09:40:55 [com.tq.yuxuan.xxljob.task.MyTask#demoJobHandler]-[44]-[xxl-job, JobThread-4-1662601239020] 2022-02-28 21:12:36.200000 market match order, id = strategy0_15, info = ('strategy0_15', 5, None, None), code = rb888.shfe
2022-09-08 09:40:55 [com.tq.yuxuan.xxljob.task.MyTask#demoJobHandler]-[44]-[xxl-job, JobThread-4-1662601239020] 2022-02-28 21:12:44.100000 missing order strategy1_29 @ cancelling...
2022-09-08 09:40:55 [com.tq.yuxuan.xxljob.task.MyTask#demoJobHandler]-[44]-[xxl-job, JobThread-4-1662601239020] 2022-02-28 21:12:44.100000 account cancel order, id = strategy1_29, price = 4723.0, direction = ORDER_DIRECTION.SELL, code = rb999.shfe
2022-09-08 09:40:55 [com.tq.yuxuan.xxljob.task.MyTask#demoJobHandler]-[44]-[xxl-job, JobThread-4-1662601239020] 2022-02-28 21:12:44.100000 market match order, id = strategy1_29, info = ('strategy1_29', 4, 4723.0, 1), code = rb999.shfe
2022-09-08 09:40:55 [com.tq.yuxuan.xxljob.task.MyTask#demoJobHandler]-[44]-[xxl-job, JobThread-4-1662601239020] 2022-02-28 21:13:27.100000 account insert order, id = strategy0_16, price = 4724.0, direction = ORDER_DIRECTION.BUY, code = rb999.shfe
2022-09-08 09:40:55 [com.tq.yuxuan.xxljob.task.MyTask#demoJobHandler]-[44]-[xxl-job, JobThread-4-1662601239020] 2022-02-28 21:13:27.200000 market receive order, id = strategy0_16, price = 4724.0, direction = ORDER_DIRECTION.BUY, code = rb999.shfe
2022-09-08 09:40:55 [com.tq.yuxuan.xxljob.task.MyTask#demoJobHandler]-[44]-[xxl-job, JobThread-4-1662601239020] 2022-02-28 21:13:29.100000 market match order, id = strategy0_16, info = ('strategy0_16', 4, 4724.0, 1), code = rb999.shfe
2022-09-08 09:40:55 [com.tq.yuxuan.xxljob.task.MyTask#demoJobHandler]-[44]-[xxl-job, JobThread-4-1662601239020] 2022-02-28 21:13:52.100000 account insert order, id = strategy0_17, price = 4725.0, direction = ORDER_DIRECTION.SELL, code = rb999.shfe
2022-09-08 09:40:55 [com.tq.yuxuan.xxljob.task.MyTask#demoJobHandler]-[44]-[xxl-job, JobThread-4-1662601239020] 2022-02-28 21:13:52.200000 market receive order, id = strategy0_17, price = 4725.0, direction = ORDER_DIRECTION.SELL, code = rb999.shfe
2022-09-08 09:40:55 [com.tq.yuxuan.xxljob.task.MyTask#demoJobHandler]-[44]-[xxl-job, JobThread-4-1662601239020] 2022-02-28 21:13:54.100000 account cancel order, id = strategy0_17, price = 4725.0, direction = ORDER_DIRECTION.SELL, code = rb999.shfe
2022-09-08 09:40:55 [com.tq.yuxuan.xxljob.task.MyTask#demoJobHandler]-[44]-[xxl-job, JobThread-4-1662601239020] 2022-02-28 21:13:54.200000 market match order, id = strategy0_17, info = ('strategy0_17', 5, None, None), code = rb999.shfe
2022-09-08 09:40:55 [com.tq.yuxuan.xxljob.task.MyTask#demoJobHandler]-[44]-[xxl-job, JobThread-4-1662601239020] 2022-02-28 21:14:15.100000 account insert order, id = strategy1_30, price = 4725.0, direction = ORDER_DIRECTION.SELL, code = rb999.shfe
2022-09-08 09:40:55 [com.tq.yuxuan.xxljob.task.MyTask#demoJobHandler]-[44]-[xxl-job, JobThread-4-1662601239020] 2022-02-28 21:14:15.200000 market receive order, id = strategy1_30, price = 4725.0, direction = ORDER_DIRECTION.SELL, code = rb999.shfe
2022-09-08 09:40:55 [com.tq.yuxuan.xxljob.task.MyTask#demoJobHandler]-[44]-[xxl-job, JobThread-4-1662601239020] 2022-02-28 21:14:17.100000 account cancel order, id = strategy1_30, price = 4725.0, direction = ORDER_DIRECTION.SELL, code = rb999.shfe
2022-09-08 09:40:55 [com.tq.yuxuan.xxljob.task.MyTask#demoJobHandler]-[44]-[xxl-job, JobThread-4-1662601239020] 2022-02-28 21:14:17.200000 market match order, id = strategy1_30, info = ('strategy1_30', 5, None, None), code = rb999.shfe
2022-09-08 09:40:55 [com.tq.yuxuan.xxljob.task.MyTask#demoJobHandler]-[44]-[xxl-job, JobThread-4-1662601239020] 2022-02-28 21:14:32.100000 account insert order, id = strategy1_31, price = 4725.0, direction = ORDER_DIRECTION.BUY, code = rb888.shfe
2022-09-08 09:40:55 [com.tq.yuxuan.xxljob.task.MyTask#demoJobHandler]-[44]-[xxl-job, JobThread-4-1662601239020] 2022-02-28 21:14:32.200000 market receive order, id = strategy1_31, price = 4725.0, direction = ORDER_DIRECTION.BUY, code = rb888.shfe
2022-09-08 09:40:55 [com.tq.yuxuan.xxljob.task.MyTask#demoJobHandler]-[44]-[xxl-job, JobThread-4-1662601239020] 2022-02-28 21:14:34.100000 account insert order, id = strategy1_32, price = 4726.0, direction = ORDER_DIRECTION.BUY, code = rb888.shfe
2022-09-08 09:40:55 [com.tq.yuxuan.xxljob.task.MyTask#demoJobHandler]-[44]-[xxl-job, JobThread-4-1662601239020] 2022-02-28 21:14:34.200000 market receive order, id = strategy1_32, price = 4726.0, direction = ORDER_DIRECTION.BUY, code = rb888.shfe
2022-09-08 09:40:55 [com.tq.yuxuan.xxljob.task.MyTask#demoJobHandler]-[44]-[xxl-job, JobThread-4-1662601239020] 2022-02-28 21:14:35.100000 account cancel order, id = strategy1_31, price = 4725.0, direction = ORDER_DIRECTION.BUY, code = rb888.shfe
2022-09-08 09:40:55 [com.tq.yuxuan.xxljob.task.MyTask#demoJobHandler]-[44]-[xxl-job, JobThread-4-1662601239020] 2022-02-28 21:14:35.200000 market match order, id = strategy1_31, info = ('strategy1_31', 5, None, None), code = rb888.shfe
2022-09-08 09:40:55 [com.tq.yuxuan.xxljob.task.MyTask#demoJobHandler]-[44]-[xxl-job, JobThread-4-1662601239020] 2022-02-28 21:14:37.100000 account cancel order, id = strategy1_32, price = 4726.0, direction = ORDER_DIRECTION.BUY, code = rb888.shfe
2022-09-08 09:40:55 [com.tq.yuxuan.xxljob.task.MyTask#demoJobHandler]-[44]-[xxl-job, JobThread-4-1662601239020] 2022-02-28 21:14:37.200000 market match order, id = strategy1_32, info = ('strategy1_32', 5, None, None), code = rb888.shfe
2022-09-08 09:40:55 [com.tq.yuxuan.xxljob.task.MyTask#demoJobHandler]-[44]-[xxl-job, JobThread-4-1662601239020] 2022-02-28 21:14:46.100000 account insert order, id = strategy1_33, price = 4726.0, direction = ORDER_DIRECTION.SELL, code = rb888.shfe
2022-09-08 09:40:55 [com.tq.yuxuan.xxljob.task.MyTask#demoJobHandler]-[44]-[xxl-job, JobThread-4-1662601239020] 2022-02-28 21:14:46.200000 market receive order, id = strategy1_33, price = 4726.0, direction = ORDER_DIRECTION.SELL, code = rb888.shfe
2022-09-08 09:40:55 [com.tq.yuxuan.xxljob.task.MyTask#demoJobHandler]-[44]-[xxl-job, JobThread-4-1662601239020] 2022-02-28 21:14:46.200000 market match order, id = strategy1_33, info = ('strategy1_33', 4, 4726.0, 1), code = rb888.shfe
2022-09-08 09:40:55 [com.tq.yuxuan.xxljob.task.MyTask#demoJobHandler]-[44]-[xxl-job, JobThread-4-1662601239020] 2022-02-28 21:15:04.100000 account insert order, id = strategy1_34, price = 4729.0, direction = ORDER_DIRECTION.SELL, code = rb999.shfe
2022-09-08 09:40:55 [com.tq.yuxuan.xxljob.task.MyTask#demoJobHandler]-[44]-[xxl-job, JobThread-4-1662601239020] 2022-02-28 21:15:04.200000 market receive order, id = strategy1_34, price = 4729.0, direction = ORDER_DIRECTION.SELL, code = rb999.shfe
2022-09-08 09:40:55 [com.tq.yuxuan.xxljob.task.MyTask#demoJobHandler]-[44]-[xxl-job, JobThread-4-1662601239020] 2022-02-28 21:15:04.200000 market match order, id = strategy1_34, info = ('strategy1_34', 4, 4729.0, 1), code = rb999.shfe
2022-09-08 09:40:55 [com.tq.yuxuan.xxljob.task.MyTask#demoJobHandler]-[44]-[xxl-job, JobThread-4-1662601239020] 2022-02-28 21:15:48.100000 account insert order, id = strategy0_18, price = 4730.0, direction = ORDER_DIRECTION.SELL, code = rb999.shfe
2022-09-08 09:40:55 [com.tq.yuxuan.xxljob.task.MyTask#demoJobHandler]-[44]-[xxl-job, JobThread-4-1662601239020] 2022-02-28 21:15:48.200000 market receive order, id = strategy0_18, price = 4730.0, direction = ORDER_DIRECTION.SELL, code = rb999.shfe
2022-09-08 09:40:55 [com.tq.yuxuan.xxljob.task.MyTask#demoJobHandler]-[44]-[xxl-job, JobThread-4-1662601239020] 2022-02-28 21:15:52.100000 market match order, id = strategy0_18, info = ('strategy0_18', 4, 4730.0, 1), code = rb999.shfe
2022-09-08 09:40:55 [com.tq.yuxuan.xxljob.task.MyTask#demoJobHandler]-[44]-[xxl-job, JobThread-4-1662601239020] 2022-02-28 21:15:53.100000 account insert order, id = strategy0_19, price = 4730.0, direction = ORDER_DIRECTION.BUY, code = rb888.shfe
2022-09-08 09:40:55 [com.tq.yuxuan.xxljob.task.MyTask#demoJobHandler]-[44]-[xxl-job, JobThread-4-1662601239020] 2022-02-28 21:15:53.200000 market receive order, id = strategy0_19, price = 4730.0, direction = ORDER_DIRECTION.BUY, code = rb888.shfe
2022-09-08 09:40:55 [com.tq.yuxuan.xxljob.task.MyTask#demoJobHandler]-[44]-[xxl-job, JobThread-4-1662601239020] 2022-02-28 21:15:58.100000 account cancel order, id = strategy0_19, price = 4730.0, direction = ORDER_DIRECTION.BUY, code = rb888.shfe
2022-09-08 09:40:55 [com.tq.yuxuan.xxljob.task.MyTask#demoJobHandler]-[44]-[xxl-job, JobThread-4-1662601239020] 2022-02-28 21:15:58.200000 market match order, id = strategy0_19, info = ('strategy0_19', 5, None, None), code = rb888.shfe
2022-09-08 09:40:55 [com.tq.yuxuan.xxljob.task.MyTask#demoJobHandler]-[44]-[xxl-job, JobThread-4-1662601239020] 2022-02-28 21:16:01.100000 account insert order, id = strategy0_20, price = 4733.0, direction = ORDER_DIRECTION.BUY, code = rb888.shfe
2022-09-08 09:40:55 [com.tq.yuxuan.xxljob.task.MyTask#demoJobHandler]-[44]-[xxl-job, JobThread-4-1662601239020] 2022-02-28 21:16:01.200000 market receive order, id = strategy0_20, price = 4733.0, direction = ORDER_DIRECTION.BUY, code = rb888.shfe
2022-09-08 09:40:55 [com.tq.yuxuan.xxljob.task.MyTask#demoJobHandler]-[44]-[xxl-job, JobThread-4-1662601239020] 2022-02-28 21:16:03.100000 account cancel order, id = strategy0_20, price = 4733.0, direction = ORDER_DIRECTION.BUY, code = rb888.shfe
2022-09-08 09:40:55 [com.tq.yuxuan.xxljob.task.MyTask#demoJobHandler]-[44]-[xxl-job, JobThread-4-1662601239020] 2022-02-28 21:16:03.200000 market match order, id = strategy0_20, info = ('strategy0_20', 5, None, None), code = rb888.shfe
2022-09-08 09:40:55 [com.tq.yuxuan.xxljob.task.MyTask#demoJobHandler]-[44]-[xxl-job, JobThread-4-1662601239020] 2022-02-28 21:16:15.100000 account insert order, id = strategy0_21, price = 4732.0, direction = ORDER_DIRECTION.SELL, code = rb888.shfe
2022-09-08 09:40:55 [com.tq.yuxuan.xxljob.task.MyTask#demoJobHandler]-[44]-[xxl-job, JobThread-4-1662601239020] 2022-02-28 21:16:15.200000 market receive order, id = strategy0_21, price = 4732.0, direction = ORDER_DIRECTION.SELL, code = rb888.shfe
2022-09-08 09:40:55 [com.tq.yuxuan.xxljob.task.MyTask#demoJobHandler]-[44]-[xxl-job, JobThread-4-1662601239020] 2022-02-28 21:16:16.100000 account insert order, id = strategy0_22, price = 4730.0, direction = ORDER_DIRECTION.BUY, code = rb888.shfe
2022-09-08 09:40:55 [com.tq.yuxuan.xxljob.task.MyTask#demoJobHandler]-[44]-[xxl-job, JobThread-4-1662601239020] 2022-02-28 21:16:16.200000 market receive order, id = strategy0_22, price = 4730.0, direction = ORDER_DIRECTION.BUY, code = rb888.shfe
2022-09-08 09:40:55 [com.tq.yuxuan.xxljob.task.MyTask#demoJobHandler]-[44]-[xxl-job, JobThread-4-1662601239020] 2022-02-28 21:16:18.100000 account cancel order, id = strategy0_22, price = 4730.0, direction = ORDER_DIRECTION.BUY, code = rb888.shfe
2022-09-08 09:40:55 [com.tq.yuxuan.xxljob.task.MyTask#demoJobHandler]-[44]-[xxl-job, JobThread-4-1662601239020] 2022-02-28 21:16:18.200000 market match order, id = strategy0_22, info = ('strategy0_22', 5, None, None), code = rb888.shfe
2022-09-08 09:40:55 [com.tq.yuxuan.xxljob.task.MyTask#demoJobHandler]-[44]-[xxl-job, JobThread-4-1662601239020] 2022-02-28 21:16:20.100000 account cancel order, id = strategy0_21, price = 4732.0, direction = ORDER_DIRECTION.SELL, code = rb888.shfe
2022-09-08 09:40:55 [com.tq.yuxuan.xxljob.task.MyTask#demoJobHandler]-[44]-[xxl-job, JobThread-4-1662601239020] 2022-02-28 21:16:20.200000 market match order, id = strategy0_21, info = ('strategy0_21', 5, None, None), code = rb888.shfe
2022-09-08 09:40:55 [com.tq.yuxuan.xxljob.task.MyTask#demoJobHandler]-[44]-[xxl-job, JobThread-4-1662601239020] 2022-02-28 21:17:03.100000 account insert order, id = strategy0_23, price = 4731.0, direction = ORDER_DIRECTION.SELL, code = rb888.shfe
2022-09-08 09:40:55 [com.tq.yuxuan.xxljob.task.MyTask#demoJobHandler]-[44]-[xxl-job, JobThread-4-1662601239020] 2022-02-28 21:17:03.200000 market receive order, id = strategy0_23, price = 4731.0, direction = ORDER_DIRECTION.SELL, code = rb888.shfe
2022-09-08 09:40:55 [com.tq.yuxuan.xxljob.task.MyTask#demoJobHandler]-[44]-[xxl-job, JobThread-4-1662601239020] 2022-02-28 21:17:05.100000 account insert order, id = strategy0_24, price = 4730.0, direction = ORDER_DIRECTION.SELL, code = rb999.shfe
2022-09-08 09:40:55 [com.tq.yuxuan.xxljob.task.MyTask#demoJobHandler]-[44]-[xxl-job, JobThread-4-1662601239020] 2022-02-28 21:17:05.200000 market receive order, id = strategy0_24, price = 4730.0, direction = ORDER_DIRECTION.SELL, code = rb999.shfe
2022-09-08 09:40:55 [com.tq.yuxuan.xxljob.task.MyTask#demoJobHandler]-[44]-[xxl-job, JobThread-4-1662601239020] 2022-02-28 21:17:06.100000 account cancel order, id = strategy0_24, price = 4730.0, direction = ORDER_DIRECTION.SELL, code = rb999.shfe
2022-09-08 09:40:55 [com.tq.yuxuan.xxljob.task.MyTask#demoJobHandler]-[44]-[xxl-job, JobThread-4-1662601239020] 2022-02-28 21:17:06.100000 account cancel order, id = strategy0_23, price = 4731.0, direction = ORDER_DIRECTION.SELL, code = rb888.shfe
2022-09-08 09:40:55 [com.tq.yuxuan.xxljob.task.MyTask#demoJobHandler]-[44]-[xxl-job, JobThread-4-1662601239020] 2022-02-28 21:17:06.200000 market match order, id = strategy0_24, info = ('strategy0_24', 5, None, None), code = rb999.shfe
2022-09-08 09:40:55 [com.tq.yuxuan.xxljob.task.MyTask#demoJobHandler]-[44]-[xxl-job, JobThread-4-1662601239020] 2022-02-28 21:17:06.200000 market match order, id = strategy0_23, info = ('strategy0_23', 5, None, None), code = rb888.shfe
2022-09-08 09:40:55 [com.tq.yuxuan.xxljob.task.MyTask#demoJobHandler]-[44]-[xxl-job, JobThread-4-1662601239020] 2022-02-28 21:17:07.100000 account insert order, id = strategy1_35, price = 4730.0, direction = ORDER_DIRECTION.SELL, code = rb888.shfe
2022-09-08 09:40:55 [com.tq.yuxuan.xxljob.task.MyTask#demoJobHandler]-[44]-[xxl-job, JobThread-4-1662601239020] 2022-02-28 21:17:07.200000 market receive order, id = strategy1_35, price = 4730.0, direction = ORDER_DIRECTION.SELL, code = rb888.shfe
2022-09-08 09:40:55 [com.tq.yuxuan.xxljob.task.MyTask#demoJobHandler]-[44]-[xxl-job, JobThread-4-1662601239020] 2022-02-28 21:17:09.100000 account insert order, id = strategy1_36, price = 4729.0, direction = ORDER_DIRECTION.BUY, code = rb888.shfe
2022-09-08 09:40:55 [com.tq.yuxuan.xxljob.task.MyTask#demoJobHandler]-[44]-[xxl-job, JobThread-4-1662601239020] 2022-02-28 21:17:09.100000 account cancel order, id = strategy1_35, price = 4730.0, direction = ORDER_DIRECTION.SELL, code = rb888.shfe
2022-09-08 09:40:55 [com.tq.yuxuan.xxljob.task.MyTask#demoJobHandler]-[44]-[xxl-job, JobThread-4-1662601239020] 2022-02-28 21:17:09.200000 market receive order, id = strategy1_36, price = 4729.0, direction = ORDER_DIRECTION.BUY, code = rb888.shfe
2022-09-08 09:40:55 [com.tq.yuxuan.xxljob.task.MyTask#demoJobHandler]-[44]-[xxl-job, JobThread-4-1662601239020] 2022-02-28 21:17:09.200000 market match order, id = strategy1_36, info = ('strategy1_36', 4, 4729.0, 1), code = rb888.shfe
2022-09-08 09:40:55 [com.tq.yuxuan.xxljob.task.MyTask#demoJobHandler]-[44]-[xxl-job, JobThread-4-1662601239020] 2022-02-28 21:17:09.200000 market match order, id = strategy1_35, info = ('strategy1_35', 5, None, None), code = rb888.shfe
2022-09-08 09:40:55 [com.tq.yuxuan.xxljob.task.MyTask#demoJobHandler]-[44]-[xxl-job, JobThread-4-1662601239020] 2022-02-28 21:17:23.100000 account insert order, id = strategy0_25, price = 4726.0, direction = ORDER_DIRECTION.BUY, code = rb999.shfe
2022-09-08 09:40:55 [com.tq.yuxuan.xxljob.task.MyTask#demoJobHandler]-[44]-[xxl-job, JobThread-4-1662601239020] 2022-02-28 21:17:23.200000 market receive order, id = strategy0_25, price = 4726.0, direction = ORDER_DIRECTION.BUY, code = rb999.shfe
2022-09-08 09:40:55 [com.tq.yuxuan.xxljob.task.MyTask#demoJobHandler]-[44]-[xxl-job, JobThread-4-1662601239020] 2022-02-28 21:17:27.100000 account cancel order, id = strategy0_25, price = 4726.0, direction = ORDER_DIRECTION.BUY, code = rb999.shfe
2022-09-08 09:40:55 [com.tq.yuxuan.xxljob.task.MyTask#demoJobHandler]-[44]-[xxl-job, JobThread-4-1662601239020] 2022-02-28 21:17:27.200000 market match order, id = strategy0_25, info = ('strategy0_25', 5, None, None), code = rb999.shfe
2022-09-08 09:40:55 [com.tq.yuxuan.xxljob.task.MyTask#demoJobHandler]-[44]-[xxl-job, JobThread-4-1662601239020] 2022-02-28 21:17:28.100000 account insert order, id = strategy1_37, price = 4728.0, direction = ORDER_DIRECTION.SELL, code = rb888.shfe
2022-09-08 09:40:55 [com.tq.yuxuan.xxljob.task.MyTask#demoJobHandler]-[44]-[xxl-job, JobThread-4-1662601239020] 2022-02-28 21:17:28.200000 market receive order, id = strategy1_37, price = 4728.0, direction = ORDER_DIRECTION.SELL, code = rb888.shfe
2022-09-08 09:40:55 [com.tq.yuxuan.xxljob.task.MyTask#demoJobHandler]-[44]-[xxl-job, JobThread-4-1662601239020] 2022-02-28 21:17:33.100000 account cancel order, id = strategy1_37, price = 4728.0, direction = ORDER_DIRECTION.SELL, code = rb888.shfe
2022-09-08 09:40:55 [com.tq.yuxuan.xxljob.task.MyTask#demoJobHandler]-[44]-[xxl-job, JobThread-4-1662601239020] 2022-02-28 21:17:33.200000 market match order, id = strategy1_37, info = ('strategy1_37', 5, None, None), code = rb888.shfe
2022-09-08 09:40:55 [com.tq.yuxuan.xxljob.task.MyTask#demoJobHandler]-[44]-[xxl-job, JobThread-4-1662601239020] 2022-02-28 21:17:35.100000 account insert order, id = strategy1_38, price = 4728.0, direction = ORDER_DIRECTION.SELL, code = rb888.shfe
2022-09-08 09:40:55 [com.tq.yuxuan.xxljob.task.MyTask#demoJobHandler]-[44]-[xxl-job, JobThread-4-1662601239020] 2022-02-28 21:17:35.200000 market receive order, id = strategy1_38, price = 4728.0, direction = ORDER_DIRECTION.SELL, code = rb888.shfe
2022-09-08 09:40:55 [com.tq.yuxuan.xxljob.task.MyTask#demoJobHandler]-[44]-[xxl-job, JobThread-4-1662601239020] 2022-02-28 21:17:36.100000 account cancel order, id = strategy1_38, price = 4728.0, direction = ORDER_DIRECTION.SELL, code = rb888.shfe
2022-09-08 09:40:55 [com.tq.yuxuan.xxljob.task.MyTask#demoJobHandler]-[44]-[xxl-job, JobThread-4-1662601239020] 2022-02-28 21:17:36.200000 market match order, id = strategy1_38, info = ('strategy1_38', 5, None, None), code = rb888.shfe
2022-09-08 09:40:55 [com.tq.yuxuan.xxljob.task.MyTask#demoJobHandler]-[44]-[xxl-job, JobThread-4-1662601239020] 2022-02-28 21:17:57.100000 account insert order, id = strategy0_26, price = 4731.0, direction = ORDER_DIRECTION.SELL, code = rb888.shfe
2022-09-08 09:40:55 [com.tq.yuxuan.xxljob.task.MyTask#demoJobHandler]-[44]-[xxl-job, JobThread-4-1662601239020] 2022-02-28 21:17:57.200000 market receive order, id = strategy0_26, price = 4731.0, direction = ORDER_DIRECTION.SELL, code = rb888.shfe
2022-09-08 09:40:55 [com.tq.yuxuan.xxljob.task.MyTask#demoJobHandler]-[44]-[xxl-job, JobThread-4-1662601239020] 2022-02-28 21:17:59.100000 account cancel order, id = strategy0_26, price = 4731.0, direction = ORDER_DIRECTION.SELL, code = rb888.shfe
2022-09-08 09:40:55 [com.tq.yuxuan.xxljob.task.MyTask#demoJobHandler]-[44]-[xxl-job, JobThread-4-1662601239020] 2022-02-28 21:17:59.200000 market match order, id = strategy0_26, info = ('strategy0_26', 5, None, None), code = rb888.shfe
2022-09-08 09:40:55 [com.tq.yuxuan.xxljob.task.MyTask#demoJobHandler]-[44]-[xxl-job, JobThread-4-1662601239020] 2022-02-28 21:18:03.100000 account insert order, id = strategy1_39, price = 4730.0, direction = ORDER_DIRECTION.SELL, code = rb888.shfe
2022-09-08 09:40:55 [com.tq.yuxuan.xxljob.task.MyTask#demoJobHandler]-[44]-[xxl-job, JobThread-4-1662601239020] 2022-02-28 21:18:03.200000 market receive order, id = strategy1_39, price = 4730.0, direction = ORDER_DIRECTION.SELL, code = rb888.shfe
2022-09-08 09:40:55 [com.tq.yuxuan.xxljob.task.MyTask#demoJobHandler]-[44]-[xxl-job, JobThread-4-1662601239020] 2022-02-28 21:18:07.100000 account cancel order, id = strategy1_39, price = 4730.0, direction = ORDER_DIRECTION.SELL, code = rb888.shfe
2022-09-08 09:40:55 [com.tq.yuxuan.xxljob.task.MyTask#demoJobHandler]-[44]-[xxl-job, JobThread-4-1662601239020] 2022-02-28 21:18:07.200000 market match order, id = strategy1_39, info = ('strategy1_39', 5, None, None), code = rb888.shfe
2022-09-08 09:40:55 [com.tq.yuxuan.xxljob.task.MyTask#demoJobHandler]-[44]-[xxl-job, JobThread-4-1662601239020] 2022-02-28 21:18:16.100000 account insert order, id = strategy0_27, price = 4729.0, direction = ORDER_DIRECTION.BUY, code = rb999.shfe
2022-09-08 09:40:55 [com.tq.yuxuan.xxljob.task.MyTask#demoJobHandler]-[44]-[xxl-job, JobThread-4-1662601239020] 2022-02-28 21:18:16.200000 market receive order, id = strategy0_27, price = 4729.0, direction = ORDER_DIRECTION.BUY, code = rb999.shfe
2022-09-08 09:40:55 [com.tq.yuxuan.xxljob.task.MyTask#demoJobHandler]-[44]-[xxl-job, JobThread-4-1662601239020] 2022-02-28 21:18:17.100000 account cancel order, id = strategy0_27, price = 4729.0, direction = ORDER_DIRECTION.BUY, code = rb999.shfe
2022-09-08 09:40:55 [com.tq.yuxuan.xxljob.task.MyTask#demoJobHandler]-[44]-[xxl-job, JobThread-4-1662601239020] 2022-02-28 21:18:17.200000 market match order, id = strategy0_27, info = ('strategy0_27', 5, None, None), code = rb999.shfe
2022-09-08 09:40:55 [com.tq.yuxuan.xxljob.task.MyTask#demoJobHandler]-[44]-[xxl-job, JobThread-4-1662601239020] 2022-02-28 21:18:30.100000 account insert order, id = strategy1_40, price = 4731.0, direction = ORDER_DIRECTION.SELL, code = rb999.shfe
2022-09-08 09:40:55 [com.tq.yuxuan.xxljob.task.MyTask#demoJobHandler]-[44]-[xxl-job, JobThread-4-1662601239020] 2022-02-28 21:18:30.200000 market receive order, id = strategy1_40, price = 4731.0, direction = ORDER_DIRECTION.SELL, code = rb999.shfe
2022-09-08 09:40:55 [com.tq.yuxuan.xxljob.task.MyTask#demoJobHandler]-[44]-[xxl-job, JobThread-4-1662601239020] 2022-02-28 21:18:32.100000 account cancel order, id = strategy1_40, price = 4731.0, direction = ORDER_DIRECTION.SELL, code = rb999.shfe
2022-09-08 09:40:55 [com.tq.yuxuan.xxljob.task.MyTask#demoJobHandler]-[44]-[xxl-job, JobThread-4-1662601239020] 2022-02-28 21:18:32.200000 market match order, id = strategy1_40, info = ('strategy1_40', 5, None, None), code = rb999.shfe
2022-09-08 09:40:55 [com.tq.yuxuan.xxljob.task.MyTask#demoJobHandler]-[44]-[xxl-job, JobThread-4-1662601239020] 2022-02-28 21:19:10.100000 account insert order, id = strategy0_28, price = 4728.0, direction = ORDER_DIRECTION.BUY, code = rb888.shfe
2022-09-08 09:40:55 [com.tq.yuxuan.xxljob.task.MyTask#demoJobHandler]-[44]-[xxl-job, JobThread-4-1662601239020] 2022-02-28 21:19:10.200000 market receive order, id = strategy0_28, price = 4728.0, direction = ORDER_DIRECTION.BUY, code = rb888.shfe
2022-09-08 09:40:55 [com.tq.yuxuan.xxljob.task.MyTask#demoJobHandler]-[44]-[xxl-job, JobThread-4-1662601239020] 2022-02-28 21:19:12.100000 account cancel order, id = strategy0_28, price = 4728.0, direction = ORDER_DIRECTION.BUY, code = rb888.shfe
2022-09-08 09:40:55 [com.tq.yuxuan.xxljob.task.MyTask#demoJobHandler]-[44]-[xxl-job, JobThread-4-1662601239020] 2022-02-28 21:19:12.200000 market match order, id = strategy0_28, info = ('strategy0_28', 5, None, None), code = rb888.shfe
2022-09-08 09:40:55 [com.tq.yuxuan.xxljob.task.MyTask#demoJobHandler]-[44]-[xxl-job, JobThread-4-1662601239020] 2022-02-28 21:19:16.100000 account insert order, id = strategy0_29, price = 4729.0, direction = ORDER_DIRECTION.BUY, code = rb999.shfe
2022-09-08 09:40:55 [com.tq.yuxuan.xxljob.task.MyTask#demoJobHandler]-[44]-[xxl-job, JobThread-4-1662601239020] 2022-02-28 21:19:16.200000 market receive order, id = strategy0_29, price = 4729.0, direction = ORDER_DIRECTION.BUY, code = rb999.shfe
2022-09-08 09:40:55 [com.tq.yuxuan.xxljob.task.MyTask#demoJobHandler]-[44]-[xxl-job, JobThread-4-1662601239020] 2022-02-28 21:19:17.100000 account cancel order, id = strategy0_29, price = 4729.0, direction = ORDER_DIRECTION.BUY, code = rb999.shfe
2022-09-08 09:40:55 [com.tq.yuxuan.xxljob.task.MyTask#demoJobHandler]-[44]-[xxl-job, JobThread-4-1662601239020] 2022-02-28 21:19:17.200000 market match order, id = strategy0_29, info = ('strategy0_29', 5, None, None), code = rb999.shfe
2022-09-08 09:40:55 [com.tq.yuxuan.xxljob.task.MyTask#demoJobHandler]-[44]-[xxl-job, JobThread-4-1662601239020] 2022-02-28 21:19:21.100000 account insert order, id = strategy0_30, price = 4731.0, direction = ORDER_DIRECTION.SELL, code = rb999.shfe
2022-09-08 09:40:55 [com.tq.yuxuan.xxljob.task.MyTask#demoJobHandler]-[44]-[xxl-job, JobThread-4-1662601239020] 2022-02-28 21:19:21.200000 market receive order, id = strategy0_30, price = 4731.0, direction = ORDER_DIRECTION.SELL, code = rb999.shfe
2022-09-08 09:40:55 [com.tq.yuxuan.xxljob.task.MyTask#demoJobHandler]-[44]-[xxl-job, JobThread-4-1662601239020] 2022-02-28 21:19:25.100000 account cancel order, id = strategy0_30, price = 4731.0, direction = ORDER_DIRECTION.SELL, code = rb999.shfe
2022-09-08 09:40:55 [com.tq.yuxuan.xxljob.task.MyTask#demoJobHandler]-[44]-[xxl-job, JobThread-4-1662601239020] 2022-02-28 21:19:25.200000 market match order, id = strategy0_30, info = ('strategy0_30', 5, None, None), code = rb999.shfe
2022-09-08 09:40:55 [com.tq.yuxuan.xxljob.task.MyTask#demoJobHandler]-[44]-[xxl-job, JobThread-4-1662601239020] 2022-02-28 21:19:47.100000 account insert order, id = strategy1_41, price = 4731.0, direction = ORDER_DIRECTION.SELL, code = rb888.shfe
2022-09-08 09:40:55 [com.tq.yuxuan.xxljob.task.MyTask#demoJobHandler]-[44]-[xxl-job, JobThread-4-1662601239020] 2022-02-28 21:19:47.200000 market receive order, id = strategy1_41, price = 4731.0, direction = ORDER_DIRECTION.SELL, code = rb888.shfe
2022-09-08 09:40:55 [com.tq.yuxuan.xxljob.task.MyTask#demoJobHandler]-[44]-[xxl-job, JobThread-4-1662601239020] 2022-02-28 21:19:54.100000 account cancel order, id = strategy1_41, price = 4731.0, direction = ORDER_DIRECTION.SELL, code = rb888.shfe
2022-09-08 09:40:55 [com.tq.yuxuan.xxljob.task.MyTask#demoJobHandler]-[44]-[xxl-job, JobThread-4-1662601239020] 2022-02-28 21:19:54.200000 market match order, id = strategy1_41, info = ('strategy1_41', 5, None, None), code = rb888.shfe
2022-09-08 09:40:55 [com.tq.yuxuan.xxljob.task.MyTask#demoJobHandler]-[44]-[xxl-job, JobThread-4-1662601239020] 2022-02-28 21:21:07.100000 account insert order, id = strategy1_42, price = 4725.0, direction = ORDER_DIRECTION.BUY, code = rb999.shfe
2022-09-08 09:40:55 [com.tq.yuxuan.xxljob.task.MyTask#demoJobHandler]-[44]-[xxl-job, JobThread-4-1662601239020] 2022-02-28 21:21:07.200000 market receive order, id = strategy1_42, price = 4725.0, direction = ORDER_DIRECTION.BUY, code = rb999.shfe
2022-09-08 09:40:55 [com.tq.yuxuan.xxljob.task.MyTask#demoJobHandler]-[44]-[xxl-job, JobThread-4-1662601239020] 2022-02-28 21:21:09.100000 account cancel order, id = strategy1_42, price = 4725.0, direction = ORDER_DIRECTION.BUY, code = rb999.shfe
2022-09-08 09:40:55 [com.tq.yuxuan.xxljob.task.MyTask#demoJobHandler]-[44]-[xxl-job, JobThread-4-1662601239020] 2022-02-28 21:21:09.200000 market match order, id = strategy1_42, info = ('strategy1_42', 5, None, None), code = rb999.shfe
2022-09-08 09:40:55 [com.tq.yuxuan.xxljob.task.MyTask#demoJobHandler]-[44]-[xxl-job, JobThread-4-1662601239020] 2022-02-28 21:21:12.100000 account insert order, id = strategy1_43, price = 4727.0, direction = ORDER_DIRECTION.SELL, code = rb999.shfe
2022-09-08 09:40:55 [com.tq.yuxuan.xxljob.task.MyTask#demoJobHandler]-[44]-[xxl-job, JobThread-4-1662601239020] 2022-02-28 21:21:12.200000 market receive order, id = strategy1_43, price = 4727.0, direction = ORDER_DIRECTION.SELL, code = rb999.shfe
2022-09-08 09:40:55 [com.tq.yuxuan.xxljob.task.MyTask#demoJobHandler]-[44]-[xxl-job, JobThread-4-1662601239020] 2022-02-28 21:21:12.200000 market match order, id = strategy1_43, info = ('strategy1_43', 4, 4728.0, 1), code = rb999.shfe
2022-09-08 09:40:55 [com.tq.yuxuan.xxljob.task.MyTask#demoJobHandler]-[44]-[xxl-job, JobThread-4-1662601239020] 2022-02-28 21:21:14.100000 account insert order, id = strategy0_31, price = 4728.0, direction = ORDER_DIRECTION.BUY, code = rb999.shfe
2022-09-08 09:40:55 [com.tq.yuxuan.xxljob.task.MyTask#demoJobHandler]-[44]-[xxl-job, JobThread-4-1662601239020] 2022-02-28 21:21:14.200000 market receive order, id = strategy0_31, price = 4728.0, direction = ORDER_DIRECTION.BUY, code = rb999.shfe
2022-09-08 09:40:55 [com.tq.yuxuan.xxljob.task.MyTask#demoJobHandler]-[44]-[xxl-job, JobThread-4-1662601239020] 2022-02-28 21:21:17.100000 account cancel order, id = strategy0_31, price = 4728.0, direction = ORDER_DIRECTION.BUY, code = rb999.shfe
2022-09-08 09:40:55 [com.tq.yuxuan.xxljob.task.MyTask#demoJobHandler]-[44]-[xxl-job, JobThread-4-1662601239020] 2022-02-28 21:21:17.200000 market match order, id = strategy0_31, info = ('strategy0_31', 5, None, None), code = rb999.shfe
2022-09-08 09:40:55 [com.tq.yuxuan.xxljob.task.MyTask#demoJobHandler]-[44]-[xxl-job, JobThread-4-1662601239020] 2022-02-28 21:21:19.100000 account insert order, id = strategy0_32, price = 4728.0, direction = ORDER_DIRECTION.BUY, code = rb888.shfe
2022-09-08 09:40:55 [com.tq.yuxuan.xxljob.task.MyTask#demoJobHandler]-[44]-[xxl-job, JobThread-4-1662601239020] 2022-02-28 21:21:19.200000 market receive order, id = strategy0_32, price = 4728.0, direction = ORDER_DIRECTION.BUY, code = rb888.shfe
2022-09-08 09:40:55 [com.tq.yuxuan.xxljob.task.MyTask#demoJobHandler]-[44]-[xxl-job, JobThread-4-1662601239020] 2022-02-28 21:21:20.100000 market match order, id = strategy0_32, info = ('strategy0_32', 4, 4728.0, 1), code = rb888.shfe
2022-09-08 09:40:55 [com.tq.yuxuan.xxljob.task.MyTask#demoJobHandler]-[44]-[xxl-job, JobThread-4-1662601239020] 2022-02-28 21:22:14.100000 account insert order, id = strategy1_44, price = 4732.0, direction = ORDER_DIRECTION.SELL, code = rb999.shfe
2022-09-08 09:40:55 [com.tq.yuxuan.xxljob.task.MyTask#demoJobHandler]-[44]-[xxl-job, JobThread-4-1662601239020] 2022-02-28 21:22:14.200000 market receive order, id = strategy1_44, price = 4732.0, direction = ORDER_DIRECTION.SELL, code = rb999.shfe
2022-09-08 09:40:55 [com.tq.yuxuan.xxljob.task.MyTask#demoJobHandler]-[44]-[xxl-job, JobThread-4-1662601239020] 2022-02-28 21:22:15.100000 account cancel order, id = strategy1_44, price = 4732.0, direction = ORDER_DIRECTION.SELL, code = rb999.shfe
2022-09-08 09:40:55 [com.tq.yuxuan.xxljob.task.MyTask#demoJobHandler]-[44]-[xxl-job, JobThread-4-1662601239020] 2022-02-28 21:22:15.200000 market match order, id = strategy1_44, info = ('strategy1_44', 5, None, None), code = rb999.shfe
2022-09-08 09:40:55 [com.tq.yuxuan.xxljob.task.MyTask#demoJobHandler]-[44]-[xxl-job, JobThread-4-1662601239020] 2022-02-28 21:22:25.100000 account insert order, id = strategy0_33, price = 4731.0, direction = ORDER_DIRECTION.BUY, code = rb888.shfe
2022-09-08 09:40:55 [com.tq.yuxuan.xxljob.task.MyTask#demoJobHandler]-[44]-[xxl-job, JobThread-4-1662601239020] 2022-02-28 21:22:25.200000 market receive order, id = strategy0_33, price = 4731.0, direction = ORDER_DIRECTION.BUY, code = rb888.shfe
2022-09-08 09:40:55 [com.tq.yuxuan.xxljob.task.MyTask#demoJobHandler]-[44]-[xxl-job, JobThread-4-1662601239020] 2022-02-28 21:22:26.100000 missing order strategy0_33 @ cancelling...
2022-09-08 09:40:55 [com.tq.yuxuan.xxljob.task.MyTask#demoJobHandler]-[44]-[xxl-job, JobThread-4-1662601239020] 2022-02-28 21:22:26.100000 account cancel order, id = strategy0_33, price = 4731.0, direction = ORDER_DIRECTION.BUY, code = rb888.shfe
2022-09-08 09:40:55 [com.tq.yuxuan.xxljob.task.MyTask#demoJobHandler]-[44]-[xxl-job, JobThread-4-1662601239020] 2022-02-28 21:22:26.100000 market match order, id = strategy0_33, info = ('strategy0_33', 4, 4731.0, 1), code = rb888.shfe
2022-09-08 09:40:55 [com.tq.yuxuan.xxljob.task.MyTask#demoJobHandler]-[44]-[xxl-job, JobThread-4-1662601239020] 2022-02-28 21:22:34.100000 account insert order, id = strategy1_45, price = 4731.0, direction = ORDER_DIRECTION.BUY, code = rb888.shfe
2022-09-08 09:40:55 [com.tq.yuxuan.xxljob.task.MyTask#demoJobHandler]-[44]-[xxl-job, JobThread-4-1662601239020] 2022-02-28 21:22:34.200000 market receive order, id = strategy1_45, price = 4731.0, direction = ORDER_DIRECTION.BUY, code = rb888.shfe
2022-09-08 09:40:55 [com.tq.yuxuan.xxljob.task.MyTask#demoJobHandler]-[44]-[xxl-job, JobThread-4-1662601239020] 2022-02-28 21:22:39.100000 account insert order, id = strategy0_34, price = 4733.0, direction = ORDER_DIRECTION.SELL, code = rb888.shfe
2022-09-08 09:40:55 [com.tq.yuxuan.xxljob.task.MyTask#demoJobHandler]-[44]-[xxl-job, JobThread-4-1662601239020] 2022-02-28 21:22:39.200000 market receive order, id = strategy0_34, price = 4733.0, direction = ORDER_DIRECTION.SELL, code = rb888.shfe
2022-09-08 09:40:55 [com.tq.yuxuan.xxljob.task.MyTask#demoJobHandler]-[44]-[xxl-job, JobThread-4-1662601239020] 2022-02-28 21:22:46.100000 missing order strategy0_34 @ cancelling...
2022-09-08 09:40:55 [com.tq.yuxuan.xxljob.task.MyTask#demoJobHandler]-[44]-[xxl-job, JobThread-4-1662601239020] 2022-02-28 21:22:46.100000 account cancel order, id = strategy0_34, price = 4733.0, direction = ORDER_DIRECTION.SELL, code = rb888.shfe
2022-09-08 09:40:55 [com.tq.yuxuan.xxljob.task.MyTask#demoJobHandler]-[44]-[xxl-job, JobThread-4-1662601239020] 2022-02-28 21:22:46.100000 market match order, id = strategy0_34, info = ('strategy0_34', 4, 4733.0, 1), code = rb888.shfe
2022-09-08 09:40:55 [com.tq.yuxuan.xxljob.task.MyTask#demoJobHandler]-[44]-[xxl-job, JobThread-4-1662601239020] 2022-02-28 21:22:47.100000 account cancel order, id = strategy1_45, price = 4731.0, direction = ORDER_DIRECTION.BUY, code = rb888.shfe
2022-09-08 09:40:55 [com.tq.yuxuan.xxljob.task.MyTask#demoJobHandler]-[44]-[xxl-job, JobThread-4-1662601239020] 2022-02-28 21:22:47.200000 market match order, id = strategy1_45, info = ('strategy1_45', 5, None, None), code = rb888.shfe
2022-09-08 09:40:55 [com.tq.yuxuan.xxljob.task.MyTask#demoJobHandler]-[44]-[xxl-job, JobThread-4-1662601239020] 2022-02-28 21:22:58.100000 account insert order, id = strategy1_46, price = 4734.0, direction = ORDER_DIRECTION.SELL, code = rb888.shfe
2022-09-08 09:40:55 [com.tq.yuxuan.xxljob.task.MyTask#demoJobHandler]-[44]-[xxl-job, JobThread-4-1662601239020] 2022-02-28 21:22:58.200000 market receive order, id = strategy1_46, price = 4734.0, direction = ORDER_DIRECTION.SELL, code = rb888.shfe
2022-09-08 09:40:55 [com.tq.yuxuan.xxljob.task.MyTask#demoJobHandler]-[44]-[xxl-job, JobThread-4-1662601239020] 2022-02-28 21:22:59.100000 account cancel order, id = strategy1_46, price = 4734.0, direction = ORDER_DIRECTION.SELL, code = rb888.shfe
2022-09-08 09:40:55 [com.tq.yuxuan.xxljob.task.MyTask#demoJobHandler]-[44]-[xxl-job, JobThread-4-1662601239020] 2022-02-28 21:22:59.200000 market match order, id = strategy1_46, info = ('strategy1_46', 5, None, None), code = rb888.shfe
2022-09-08 09:40:55 [com.tq.yuxuan.xxljob.task.MyTask#demoJobHandler]-[44]-[xxl-job, JobThread-4-1662601239020] 2022-02-28 21:23:16.100000 account insert order, id = strategy0_35, price = 4732.0, direction = ORDER_DIRECTION.SELL, code = rb888.shfe
2022-09-08 09:40:56 [com.tq.yuxuan.xxljob.task.MyTask#demoJobHandler]-[44]-[xxl-job, JobThread-4-1662601239020] 2022-02-28 21:23:16.100000 account insert order, id = strategy0_36, price = 4732.0, direction = ORDER_DIRECTION.SELL, code = rb999.shfe
2022-09-08 09:40:56 [com.tq.yuxuan.xxljob.task.MyTask#demoJobHandler]-[44]-[xxl-job, JobThread-4-1662601239020] 2022-02-28 21:23:16.200000 market receive order, id = strategy0_35, price = 4732.0, direction = ORDER_DIRECTION.SELL, code = rb888.shfe
2022-09-08 09:40:56 [com.tq.yuxuan.xxljob.task.MyTask#demoJobHandler]-[44]-[xxl-job, JobThread-4-1662601239020] 2022-02-28 21:23:16.200000 market receive order, id = strategy0_36, price = 4732.0, direction = ORDER_DIRECTION.SELL, code = rb999.shfe
2022-09-08 09:40:56 [com.tq.yuxuan.xxljob.task.MyTask#demoJobHandler]-[44]-[xxl-job, JobThread-4-1662601239020] 2022-02-28 21:23:19.100000 account cancel order, id = strategy0_36, price = 4732.0, direction = ORDER_DIRECTION.SELL, code = rb999.shfe
2022-09-08 09:40:56 [com.tq.yuxuan.xxljob.task.MyTask#demoJobHandler]-[44]-[xxl-job, JobThread-4-1662601239020] 2022-02-28 21:23:19.200000 market match order, id = strategy0_36, info = ('strategy0_36', 5, None, None), code = rb999.shfe
2022-09-08 09:40:56 [com.tq.yuxuan.xxljob.task.MyTask#demoJobHandler]-[44]-[xxl-job, JobThread-4-1662601239020] 2022-02-28 21:23:22.100000 account cancel order, id = strategy0_35, price = 4732.0, direction = ORDER_DIRECTION.SELL, code = rb888.shfe
2022-09-08 09:40:56 [com.tq.yuxuan.xxljob.task.MyTask#demoJobHandler]-[44]-[xxl-job, JobThread-4-1662601239020] 2022-02-28 21:23:22.200000 market match order, id = strategy0_35, info = ('strategy0_35', 5, None, None), code = rb888.shfe
2022-09-08 09:40:56 [com.tq.yuxuan.xxljob.task.MyTask#demoJobHandler]-[44]-[xxl-job, JobThread-4-1662601239020] 2022-02-28 21:23:35.100000 account insert order, id = strategy0_37, price = 4732.0, direction = ORDER_DIRECTION.BUY, code = rb888.shfe
2022-09-08 09:40:56 [com.tq.yuxuan.xxljob.task.MyTask#demoJobHandler]-[44]-[xxl-job, JobThread-4-1662601239020] 2022-02-28 21:23:35.200000 market receive order, id = strategy0_37, price = 4732.0, direction = ORDER_DIRECTION.BUY, code = rb888.shfe
2022-09-08 09:40:56 [com.tq.yuxuan.xxljob.task.MyTask#demoJobHandler]-[44]-[xxl-job, JobThread-4-1662601239020] 2022-02-28 21:23:36.100000 account cancel order, id = strategy0_37, price = 4732.0, direction = ORDER_DIRECTION.BUY, code = rb888.shfe
2022-09-08 09:40:56 [com.tq.yuxuan.xxljob.task.MyTask#demoJobHandler]-[44]-[xxl-job, JobThread-4-1662601239020] 2022-02-28 21:23:36.200000 market match order, id = strategy0_37, info = ('strategy0_37', 5, None, None), code = rb888.shfe
2022-09-08 09:40:56 [com.tq.yuxuan.xxljob.task.MyTask#demoJobHandler]-[44]-[xxl-job, JobThread-4-1662601239020] 2022-02-28 21:23:58.100000 account insert order, id = strategy1_47, price = 4732.0, direction = ORDER_DIRECTION.BUY, code = rb888.shfe
2022-09-08 09:40:56 [com.tq.yuxuan.xxljob.task.MyTask#demoJobHandler]-[44]-[xxl-job, JobThread-4-1662601239020] 2022-02-28 21:23:58.200000 market receive order, id = strategy1_47, price = 4732.0, direction = ORDER_DIRECTION.BUY, code = rb888.shfe
2022-09-08 09:40:56 [com.tq.yuxuan.xxljob.task.MyTask#demoJobHandler]-[44]-[xxl-job, JobThread-4-1662601239020] 2022-02-28 21:23:58.200000 market match order, id = strategy1_47, info = ('strategy1_47', 4, 4732.0, 1), code = rb888.shfe
2022-09-08 09:40:56 [com.tq.yuxuan.xxljob.task.MyTask#demoJobHandler]-[44]-[xxl-job, JobThread-4-1662601239020] 2022-02-28 21:24:25.100000 account insert order, id = strategy1_48, price = 4731.0, direction = ORDER_DIRECTION.BUY, code = rb999.shfe
2022-09-08 09:40:56 [com.tq.yuxuan.xxljob.task.MyTask#demoJobHandler]-[44]-[xxl-job, JobThread-4-1662601239020] 2022-02-28 21:24:25.200000 market receive order, id = strategy1_48, price = 4731.0, direction = ORDER_DIRECTION.BUY, code = rb999.shfe
2022-09-08 09:40:56 [com.tq.yuxuan.xxljob.task.MyTask#demoJobHandler]-[44]-[xxl-job, JobThread-4-1662601239020] 2022-02-28 21:24:28.100000 market match order, id = strategy1_48, info = ('strategy1_48', 4, 4731.0, 1), code = rb999.shfe
2022-09-08 09:40:56 [com.tq.yuxuan.xxljob.task.MyTask#demoJobHandler]-[44]-[xxl-job, JobThread-4-1662601239020] 2022-02-28 21:24:46.100000 account insert order, id = strategy0_38, price = 4731.0, direction = ORDER_DIRECTION.BUY, code = rb999.shfe
2022-09-08 09:40:56 [com.tq.yuxuan.xxljob.task.MyTask#demoJobHandler]-[44]-[xxl-job, JobThread-4-1662601239020] 2022-02-28 21:24:46.200000 market receive order, id = strategy0_38, price = 4731.0, direction = ORDER_DIRECTION.BUY, code = rb999.shfe
2022-09-08 09:40:56 [com.tq.yuxuan.xxljob.task.MyTask#demoJobHandler]-[44]-[xxl-job, JobThread-4-1662601239020] 2022-02-28 21:24:47.100000 market match order, id = strategy0_38, info = ('strategy0_38', 4, 4731.0, 1), code = rb999.shfe
2022-09-08 09:40:56 [com.tq.yuxuan.xxljob.task.MyTask#demoJobHandler]-[44]-[xxl-job, JobThread-4-1662601239020] 2022-02-28 21:25:08.100000 account insert order, id = strategy0_39, price = 4733.0, direction = ORDER_DIRECTION.SELL, code = rb999.shfe
2022-09-08 09:40:56 [com.tq.yuxuan.xxljob.task.MyTask#demoJobHandler]-[44]-[xxl-job, JobThread-4-1662601239020] 2022-02-28 21:25:08.200000 market receive order, id = strategy0_39, price = 4733.0, direction = ORDER_DIRECTION.SELL, code = rb999.shfe
2022-09-08 09:40:56 [com.tq.yuxuan.xxljob.task.MyTask#demoJobHandler]-[44]-[xxl-job, JobThread-4-1662601239020] 2022-02-28 21:25:11.100000 account cancel order, id = strategy0_39, price = 4733.0, direction = ORDER_DIRECTION.SELL, code = rb999.shfe
2022-09-08 09:40:56 [com.tq.yuxuan.xxljob.task.MyTask#demoJobHandler]-[44]-[xxl-job, JobThread-4-1662601239020] 2022-02-28 21:25:11.200000 market match order, id = strategy0_39, info = ('strategy0_39', 5, None, None), code = rb999.shfe
2022-09-08 09:40:56 [com.tq.yuxuan.xxljob.task.MyTask#demoJobHandler]-[44]-[xxl-job, JobThread-4-1662601239020] 2022-02-28 21:25:21.100000 account insert order, id = strategy1_49, price = 4730.0, direction = ORDER_DIRECTION.BUY, code = rb888.shfe
2022-09-08 09:40:56 [com.tq.yuxuan.xxljob.task.MyTask#demoJobHandler]-[44]-[xxl-job, JobThread-4-1662601239020] 2022-02-28 21:25:21.200000 market receive order, id = strategy1_49, price = 4730.0, direction = ORDER_DIRECTION.BUY, code = rb888.shfe
2022-09-08 09:40:56 [com.tq.yuxuan.xxljob.task.MyTask#demoJobHandler]-[44]-[xxl-job, JobThread-4-1662601239020] 2022-02-28 21:25:28.100000 account cancel order, id = strategy1_49, price = 4730.0, direction = ORDER_DIRECTION.BUY, code = rb888.shfe
2022-09-08 09:40:56 [com.tq.yuxuan.xxljob.task.MyTask#demoJobHandler]-[44]-[xxl-job, JobThread-4-1662601239020] 2022-02-28 21:25:28.200000 market match order, id = strategy1_49, info = ('strategy1_49', 5, None, None), code = rb888.shfe
2022-09-08 09:40:56 [com.tq.yuxuan.xxljob.task.MyTask#demoJobHandler]-[44]-[xxl-job, JobThread-4-1662601239020] 2022-02-28 21:26:01.100000 account insert order, id = strategy0_40, price = 4728.0, direction = ORDER_DIRECTION.BUY, code = rb888.shfe
2022-09-08 09:40:56 [com.tq.yuxuan.xxljob.task.MyTask#demoJobHandler]-[44]-[xxl-job, JobThread-4-1662601239020] 2022-02-28 21:26:01.200000 market receive order, id = strategy0_40, price = 4728.0, direction = ORDER_DIRECTION.BUY, code = rb888.shfe
2022-09-08 09:40:56 [com.tq.yuxuan.xxljob.task.MyTask#demoJobHandler]-[44]-[xxl-job, JobThread-4-1662601239020] 2022-02-28 21:26:07.100000 account cancel order, id = strategy0_40, price = 4728.0, direction = ORDER_DIRECTION.BUY, code = rb888.shfe
2022-09-08 09:40:56 [com.tq.yuxuan.xxljob.task.MyTask#demoJobHandler]-[44]-[xxl-job, JobThread-4-1662601239020] 2022-02-28 21:26:07.200000 market match order, id = strategy0_40, info = ('strategy0_40', 5, None, None), code = rb888.shfe
2022-09-08 09:40:56 [com.tq.yuxuan.xxljob.task.MyTask#demoJobHandler]-[44]-[xxl-job, JobThread-4-1662601239020] 2022-02-28 21:26:18.100000 account insert order, id = strategy0_41, price = 4727.0, direction = ORDER_DIRECTION.SELL, code = rb999.shfe
2022-09-08 09:40:56 [com.tq.yuxuan.xxljob.task.MyTask#demoJobHandler]-[44]-[xxl-job, JobThread-4-1662601239020] 2022-02-28 21:26:18.200000 market receive order, id = strategy0_41, price = 4727.0, direction = ORDER_DIRECTION.SELL, code = rb999.shfe
2022-09-08 09:40:56 [com.tq.yuxuan.xxljob.task.MyTask#demoJobHandler]-[44]-[xxl-job, JobThread-4-1662601239020] 2022-02-28 21:26:20.100000 account cancel order, id = strategy0_41, price = 4727.0, direction = ORDER_DIRECTION.SELL, code = rb999.shfe
2022-09-08 09:40:56 [com.tq.yuxuan.xxljob.task.MyTask#demoJobHandler]-[44]-[xxl-job, JobThread-4-1662601239020] 2022-02-28 21:26:20.200000 market match order, id = strategy0_41, info = ('strategy0_41', 5, None, None), code = rb999.shfe
2022-09-08 09:40:56 [com.tq.yuxuan.xxljob.task.MyTask#demoJobHandler]-[44]-[xxl-job, JobThread-4-1662601239020] 2022-02-28 21:27:03.100000 account insert order, id = strategy1_50, price = 4728.0, direction = ORDER_DIRECTION.BUY, code = rb888.shfe
2022-09-08 09:40:56 [com.tq.yuxuan.xxljob.task.MyTask#demoJobHandler]-[44]-[xxl-job, JobThread-4-1662601239020] 2022-02-28 21:27:03.200000 market receive order, id = strategy1_50, price = 4728.0, direction = ORDER_DIRECTION.BUY, code = rb888.shfe
2022-09-08 09:40:56 [com.tq.yuxuan.xxljob.task.MyTask#demoJobHandler]-[44]-[xxl-job, JobThread-4-1662601239020] 2022-02-28 21:27:06.100000 account cancel order, id = strategy1_50, price = 4728.0, direction = ORDER_DIRECTION.BUY, code = rb888.shfe
2022-09-08 09:40:56 [com.tq.yuxuan.xxljob.task.MyTask#demoJobHandler]-[44]-[xxl-job, JobThread-4-1662601239020] 2022-02-28 21:27:06.200000 market match order, id = strategy1_50, info = ('strategy1_50', 5, None, None), code = rb888.shfe
2022-09-08 09:40:56 [com.tq.yuxuan.xxljob.task.MyTask#demoJobHandler]-[44]-[xxl-job, JobThread-4-1662601239020] 2022-02-28 21:27:18.100000 account insert order, id = strategy1_51, price = 4726.0, direction = ORDER_DIRECTION.BUY, code = rb888.shfe
2022-09-08 09:40:56 [com.tq.yuxuan.xxljob.task.MyTask#demoJobHandler]-[44]-[xxl-job, JobThread-4-1662601239020] 2022-02-28 21:27:18.200000 market receive order, id = strategy1_51, price = 4726.0, direction = ORDER_DIRECTION.BUY, code = rb888.shfe
2022-09-08 09:40:56 [com.tq.yuxuan.xxljob.task.MyTask#demoJobHandler]-[44]-[xxl-job, JobThread-4-1662601239020] 2022-02-28 21:27:19.100000 account cancel order, id = strategy1_51, price = 4726.0, direction = ORDER_DIRECTION.BUY, code = rb888.shfe
2022-09-08 09:40:56 [com.tq.yuxuan.xxljob.task.MyTask#demoJobHandler]-[44]-[xxl-job, JobThread-4-1662601239020] 2022-02-28 21:27:19.200000 market match order, id = strategy1_51, info = ('strategy1_51', 5, None, None), code = rb888.shfe
2022-09-08 09:40:56 [com.tq.yuxuan.xxljob.task.MyTask#demoJobHandler]-[44]-[xxl-job, JobThread-4-1662601239020] 2022-02-28 21:27:27.100000 account insert order, id = strategy0_42, price = 4726.0, direction = ORDER_DIRECTION.BUY, code = rb888.shfe
2022-09-08 09:40:56 [com.tq.yuxuan.xxljob.task.MyTask#demoJobHandler]-[44]-[xxl-job, JobThread-4-1662601239020] 2022-02-28 21:27:27.200000 market receive order, id = strategy0_42, price = 4726.0, direction = ORDER_DIRECTION.BUY, code = rb888.shfe
2022-09-08 09:40:56 [com.tq.yuxuan.xxljob.task.MyTask#demoJobHandler]-[44]-[xxl-job, JobThread-4-1662601239020] 2022-02-28 21:27:28.100000 account cancel order, id = strategy0_42, price = 4726.0, direction = ORDER_DIRECTION.BUY, code = rb888.shfe
2022-09-08 09:40:56 [com.tq.yuxuan.xxljob.task.MyTask#demoJobHandler]-[44]-[xxl-job, JobThread-4-1662601239020] 2022-02-28 21:27:28.200000 market match order, id = strategy0_42, info = ('strategy0_42', 5, None, None), code = rb888.shfe
2022-09-08 09:40:56 [com.tq.yuxuan.xxljob.task.MyTask#demoJobHandler]-[44]-[xxl-job, JobThread-4-1662601239020] 2022-02-28 21:27:57.100000 account insert order, id = strategy0_43, price = 4727.0, direction = ORDER_DIRECTION.BUY, code = rb888.shfe
2022-09-08 09:40:56 [com.tq.yuxuan.xxljob.task.MyTask#demoJobHandler]-[44]-[xxl-job, JobThread-4-1662601239020] 2022-02-28 21:27:57.200000 market receive order, id = strategy0_43, price = 4727.0, direction = ORDER_DIRECTION.BUY, code = rb888.shfe
2022-09-08 09:40:56 [com.tq.yuxuan.xxljob.task.MyTask#demoJobHandler]-[44]-[xxl-job, JobThread-4-1662601239020] 2022-02-28 21:27:59.100000 account cancel order, id = strategy0_43, price = 4727.0, direction = ORDER_DIRECTION.BUY, code = rb888.shfe
2022-09-08 09:40:56 [com.tq.yuxuan.xxljob.task.MyTask#demoJobHandler]-[44]-[xxl-job, JobThread-4-1662601239020] 2022-02-28 21:27:59.200000 market match order, id = strategy0_43, info = ('strategy0_43', 5, None, None), code = rb888.shfe
2022-09-08 09:40:56 [com.tq.yuxuan.xxljob.task.MyTask#demoJobHandler]-[44]-[xxl-job, JobThread-4-1662601239020] 2022-02-28 21:28:09.100000 account insert order, id = strategy0_44, price = 4728.0, direction = ORDER_DIRECTION.BUY, code = rb999.shfe
2022-09-08 09:40:56 [com.tq.yuxuan.xxljob.task.MyTask#demoJobHandler]-[44]-[xxl-job, JobThread-4-1662601239020] 2022-02-28 21:28:09.200000 market receive order, id = strategy0_44, price = 4728.0, direction = ORDER_DIRECTION.BUY, code = rb999.shfe
2022-09-08 09:40:56 [com.tq.yuxuan.xxljob.task.MyTask#demoJobHandler]-[44]-[xxl-job, JobThread-4-1662601239020] 2022-02-28 21:28:10.100000 missing order strategy0_44 @ cancelling...
2022-09-08 09:40:56 [com.tq.yuxuan.xxljob.task.MyTask#demoJobHandler]-[44]-[xxl-job, JobThread-4-1662601239020] 2022-02-28 21:28:10.100000 account cancel order, id = strategy0_44, price = 4728.0, direction = ORDER_DIRECTION.BUY, code = rb999.shfe
2022-09-08 09:40:56 [com.tq.yuxuan.xxljob.task.MyTask#demoJobHandler]-[44]-[xxl-job, JobThread-4-1662601239020] 2022-02-28 21:28:10.100000 market match order, id = strategy0_44, info = ('strategy0_44', 4, 4728.0, 1), code = rb999.shfe
2022-09-08 09:40:56 [com.tq.yuxuan.xxljob.task.MyTask#demoJobHandler]-[44]-[xxl-job, JobThread-4-1662601239020] 2022-02-28 21:28:13.100000 account insert order, id = strategy0_45, price = 4728.0, direction = ORDER_DIRECTION.SELL, code = rb999.shfe
2022-09-08 09:40:56 [com.tq.yuxuan.xxljob.task.MyTask#demoJobHandler]-[44]-[xxl-job, JobThread-4-1662601239020] 2022-02-28 21:28:13.200000 market receive order, id = strategy0_45, price = 4728.0, direction = ORDER_DIRECTION.SELL, code = rb999.shfe
2022-09-08 09:40:56 [com.tq.yuxuan.xxljob.task.MyTask#demoJobHandler]-[44]-[xxl-job, JobThread-4-1662601239020] 2022-02-28 21:28:15.100000 account cancel order, id = strategy0_45, price = 4728.0, direction = ORDER_DIRECTION.SELL, code = rb999.shfe
2022-09-08 09:40:56 [com.tq.yuxuan.xxljob.task.MyTask#demoJobHandler]-[44]-[xxl-job, JobThread-4-1662601239020] 2022-02-28 21:28:15.200000 market match order, id = strategy0_45, info = ('strategy0_45', 5, None, None), code = rb999.shfe
2022-09-08 09:40:56 [com.tq.yuxuan.xxljob.task.MyTask#demoJobHandler]-[44]-[xxl-job, JobThread-4-1662601239020] 2022-02-28 21:29:06.100000 account insert order, id = strategy1_52, price = 4729.0, direction = ORDER_DIRECTION.BUY, code = rb888.shfe
2022-09-08 09:40:56 [com.tq.yuxuan.xxljob.task.MyTask#demoJobHandler]-[44]-[xxl-job, JobThread-4-1662601239020] 2022-02-28 21:29:06.200000 market receive order, id = strategy1_52, price = 4729.0, direction = ORDER_DIRECTION.BUY, code = rb888.shfe
2022-09-08 09:40:56 [com.tq.yuxuan.xxljob.task.MyTask#demoJobHandler]-[44]-[xxl-job, JobThread-4-1662601239020] 2022-02-28 21:29:06.200000 market match order, id = strategy1_52, info = ('strategy1_52', 4, 4729.0, 1), code = rb888.shfe
2022-09-08 09:40:56 [com.tq.yuxuan.xxljob.task.MyTask#demoJobHandler]-[44]-[xxl-job, JobThread-4-1662601239020] 2022-02-28 21:29:13.100000 account insert order, id = strategy0_46, price = 4728.0, direction = ORDER_DIRECTION.BUY, code = rb888.shfe
2022-09-08 09:40:56 [com.tq.yuxuan.xxljob.task.MyTask#demoJobHandler]-[44]-[xxl-job, JobThread-4-1662601239020] 2022-02-28 21:29:13.200000 market receive order, id = strategy0_46, price = 4728.0, direction = ORDER_DIRECTION.BUY, code = rb888.shfe
2022-09-08 09:40:56 [com.tq.yuxuan.xxljob.task.MyTask#demoJobHandler]-[44]-[xxl-job, JobThread-4-1662601239020] 2022-02-28 21:29:16.100000 account cancel order, id = strategy0_46, price = 4728.0, direction = ORDER_DIRECTION.BUY, code = rb888.shfe
2022-09-08 09:40:56 [com.tq.yuxuan.xxljob.task.MyTask#demoJobHandler]-[44]-[xxl-job, JobThread-4-1662601239020] 2022-02-28 21:29:16.200000 market match order, id = strategy0_46, info = ('strategy0_46', 5, None, None), code = rb888.shfe
2022-09-08 09:40:56 [com.tq.yuxuan.xxljob.task.MyTask#demoJobHandler]-[44]-[xxl-job, JobThread-4-1662601239020] 2022-02-28 21:29:46.100000 account insert order, id = strategy1_53, price = 4731.0, direction = ORDER_DIRECTION.SELL, code = rb999.shfe
2022-09-08 09:40:56 [com.tq.yuxuan.xxljob.task.MyTask#demoJobHandler]-[44]-[xxl-job, JobThread-4-1662601239020] 2022-02-28 21:29:46.200000 market receive order, id = strategy1_53, price = 4731.0, direction = ORDER_DIRECTION.SELL, code = rb999.shfe
2022-09-08 09:40:56 [com.tq.yuxuan.xxljob.task.MyTask#demoJobHandler]-[44]-[xxl-job, JobThread-4-1662601239020] 2022-02-28 21:29:46.200000 market match order, id = strategy1_53, info = ('strategy1_53', 4, 4731.0, 1), code = rb999.shfe
2022-09-08 09:40:56 [com.tq.yuxuan.xxljob.task.MyTask#demoJobHandler]-[44]-[xxl-job, JobThread-4-1662601239020] strategy0 {'rb888.shfe': [('strategy0_2', 5, None, None), ('strategy0_3', 5, None, None), ('strategy0_4', 4, 4727.0, 1), ('strategy0_6', 5, None, None), ('strategy0_7', 5, None, None), ('strategy0_8', 4, 4729.0, 1), ('strategy0_9', 4, 4729.0, 1), ('strategy0_10', 5, None, None), ('strategy0_14', 4, 4725.0, 1), ('strategy0_15', 5, None, None), ('strategy0_19', 5, None, None), ('strategy0_20', 5, None, None), ('strategy0_22', 5, None, None), ('strategy0_21', 5, None, None), ('strategy0_23', 5, None, None), ('strategy0_26', 5, None, None), ('strategy0_28', 5, None, None), ('strategy0_32', 4, 4728.0, 1), ('strategy0_33', 4, 4731.0, 1), ('strategy0_34', 4, 4733.0, 1), ('strategy0_35', 5, None, None), ('strategy0_37', 5, None, None), ('strategy0_40', 5, None, None), ('strategy0_42', 5, None, None), ('strategy0_43', 5, None, None), ('strategy0_46', 5, None, None)], 'rb999.shfe': [('strategy0_0', 5, None, None), ('strategy0_1', 5, None, None), ('strategy0_5', 5, None, None), ('strategy0_12', 5, None, None), ('strategy0_11', 5, None, None), ('strategy0_13', 5, None, None), ('strategy0_16', 4, 4724.0, 1), ('strategy0_17', 5, None, None), ('strategy0_18', 4, 4730.0, 1), ('strategy0_24', 5, None, None), ('strategy0_25', 5, None, None), ('strategy0_27', 5, None, None), ('strategy0_29', 5, None, None), ('strategy0_30', 5, None, None), ('strategy0_31', 5, None, None), ('strategy0_36', 5, None, None), ('strategy0_38', 4, 4731.0, 1), ('strategy0_39', 5, None, None), ('strategy0_41', 5, None, None), ('strategy0_44', 4, 4728.0, 1), ('strategy0_45', 5, None, None)]}
2022-09-08 09:40:56 [com.tq.yuxuan.xxljob.task.MyTask#demoJobHandler]-[44]-[xxl-job, JobThread-4-1662601239020] strategy1 {'rb888.shfe': [('strategy1_1', 4, 4716.0, 1), ('strategy1_2', 4, 4723.0, 1), ('strategy1_3', 5, None, None), ('strategy1_5', 4, 4726.0, 1), ('strategy1_7', 4, 4727.0, 1), ('strategy1_10', 4, 4725.0, 1), ('strategy1_11', 4, 4728.0, 1), ('strategy1_12', 5, None, None), ('strategy1_13', 4, 4726.0, 1), ('strategy1_14', 5, None, None), ('strategy1_15', 4, 4727.0, 1), ('strategy1_16', 4, 4725.0, 1), ('strategy1_17', 5, None, None), ('strategy1_20', 4, 4725.0, 1), ('strategy1_21', 5, None, None), ('strategy1_24', 5, None, None), ('strategy1_26', 4, 4727.0, 1), ('strategy1_27', 5, None, None), ('strategy1_31', 5, None, None), ('strategy1_32', 5, None, None), ('strategy1_33', 4, 4726.0, 1), ('strategy1_36', 4, 4729.0, 1), ('strategy1_35', 5, None, None), ('strategy1_37', 5, None, None), ('strategy1_38', 5, None, None), ('strategy1_39', 5, None, None), ('strategy1_41', 5, None, None), ('strategy1_45', 5, None, None), ('strategy1_46', 5, None, None), ('strategy1_47', 4, 4732.0, 1), ('strategy1_49', 5, None, None), ('strategy1_50', 5, None, None), ('strategy1_51', 5, None, None), ('strategy1_52', 4, 4729.0, 1)], 'rb999.shfe': [('strategy1_0', 4, 4718.0, 1), ('strategy1_4', 4, 4726.0, 1), ('strategy1_6', 5, None, None), ('strategy1_8', 5, None, None), ('strategy1_9', 5, None, None), ('strategy1_18', 5, None, None), ('strategy1_19', 5, None, None), ('strategy1_22', 4, 4719.0, 1), ('strategy1_23', 5, None, None), ('strategy1_25', 5, None, None), ('strategy1_28', 4, 4726.0, 1), ('strategy1_29', 4, 4723.0, 1), ('strategy1_30', 5, None, None), ('strategy1_34', 4, 4729.0, 1), ('strategy1_40', 5, None, None), ('strategy1_42', 5, None, None), ('strategy1_43', 4, 4728.0, 1), ('strategy1_44', 5, None, None), ('strategy1_48', 4, 4731.0, 1), ('strategy1_53', 4, 4731.0, 1)]}
2022-09-08 09:40:56 [com.tq.yuxuan.xxljob.task.MyTask#demoJobHandler]-[54]-[xxl-job, JobThread-4-1662601239020] TransQuant tick回测任务完成.
2022-09-08 09:40:56 [com.xxl.job.core.thread.JobThread#run]-[179]-[xxl-job, JobThread-4-1662601239020] <br>----------- xxl-job job execute end(finish) -----------<br>----------- Result: handleCode=200, handleMsg = null
2022-09-08 09:40:56 [com.xxl.job.core.thread.TriggerCallbackThread#callbackLog]-[197]-[xxl-job, executor TriggerCallbackThread] <br>----------- xxl-job job callback finish.
