2022-09-08 09:41:02 [com.xxl.job.core.thread.JobThread#run]-[133]-[xxl-job, JobThread-4-1662601239020] <br>----------- xxl-job job execute start -----------<br>----------- Param:
2022-09-08 09:41:02 [com.tq.yuxuan.xxljob.task.MyTask#demoJobHandler]-[29]-[xxl-job, JobThread-4-1662601239020] TransQuant tick回测任务启动.
2022-09-08 09:41:02 [com.tq.yuxuan.xxljob.task.MyTask#demoJobHandler]-[35]-[xxl-job, JobThread-4-1662601239020] 分片参数：当前分片序号 = 0, 总分片数 = 1
2022-09-08 09:41:08 [com.tq.yuxuan.xxljob.task.MyTask#demoJobHandler]-[44]-[xxl-job, JobThread-4-1662601239020] inserting match-info timestep events...
2022-09-08 09:41:08 [com.tq.yuxuan.xxljob.task.MyTask#demoJobHandler]-[44]-[xxl-job, JobThread-4-1662601239020] inserting market timestep events...
2022-09-08 09:41:08 [com.tq.yuxuan.xxljob.task.MyTask#demoJobHandler]-[44]-[xxl-job, JobThread-4-1662601239020] inserting match-info timestep events...
2022-09-08 09:41:08 [com.tq.yuxuan.xxljob.task.MyTask#demoJobHandler]-[44]-[xxl-job, JobThread-4-1662601239020] 2022-02-28 21:00:03.100000 account insert order, id = strategy0_0, price = 4712.0, direction = ORDER_DIRECTION.BUY, code = rb888.shfe
2022-09-08 09:41:08 [com.tq.yuxuan.xxljob.task.MyTask#demoJobHandler]-[44]-[xxl-job, JobThread-4-1662601239020] 2022-02-28 21:00:03.200000 market receive order, id = strategy0_0, price = 4712.0, direction = ORDER_DIRECTION.BUY, code = rb888.shfe
2022-09-08 09:41:08 [com.tq.yuxuan.xxljob.task.MyTask#demoJobHandler]-[44]-[xxl-job, JobThread-4-1662601239020] 2022-02-28 21:00:04.100000 account cancel order, id = strategy0_0, price = 4712.0, direction = ORDER_DIRECTION.BUY, code = rb888.shfe
2022-09-08 09:41:08 [com.tq.yuxuan.xxljob.task.MyTask#demoJobHandler]-[44]-[xxl-job, JobThread-4-1662601239020] 2022-02-28 21:00:04.200000 market match order, id = strategy0_0, info = ('strategy0_0', 5, None, None), code = rb888.shfe
2022-09-08 09:41:08 [com.tq.yuxuan.xxljob.task.MyTask#demoJobHandler]-[44]-[xxl-job, JobThread-4-1662601239020] 2022-02-28 21:00:33.100000 account insert order, id = strategy1_0, price = 4717.0, direction = ORDER_DIRECTION.BUY, code = rb888.shfe
2022-09-08 09:41:08 [com.tq.yuxuan.xxljob.task.MyTask#demoJobHandler]-[44]-[xxl-job, JobThread-4-1662601239020] 2022-02-28 21:00:33.200000 market receive order, id = strategy1_0, price = 4717.0, direction = ORDER_DIRECTION.BUY, code = rb888.shfe
2022-09-08 09:41:08 [com.tq.yuxuan.xxljob.task.MyTask#demoJobHandler]-[44]-[xxl-job, JobThread-4-1662601239020] 2022-02-28 21:00:34.100000 account cancel order, id = strategy1_0, price = 4717.0, direction = ORDER_DIRECTION.BUY, code = rb888.shfe
2022-09-08 09:41:08 [com.tq.yuxuan.xxljob.task.MyTask#demoJobHandler]-[44]-[xxl-job, JobThread-4-1662601239020] 2022-02-28 21:00:34.200000 market match order, id = strategy1_0, info = ('strategy1_0', 5, None, None), code = rb888.shfe
2022-09-08 09:41:08 [com.tq.yuxuan.xxljob.task.MyTask#demoJobHandler]-[44]-[xxl-job, JobThread-4-1662601239020] 2022-02-28 21:00:47.100000 account insert order, id = strategy0_1, price = 4717.0, direction = ORDER_DIRECTION.SELL, code = rb888.shfe
2022-09-08 09:41:08 [com.tq.yuxuan.xxljob.task.MyTask#demoJobHandler]-[44]-[xxl-job, JobThread-4-1662601239020] 2022-02-28 21:00:47.200000 market receive order, id = strategy0_1, price = 4717.0, direction = ORDER_DIRECTION.SELL, code = rb888.shfe
2022-09-08 09:41:08 [com.tq.yuxuan.xxljob.task.MyTask#demoJobHandler]-[44]-[xxl-job, JobThread-4-1662601239020] 2022-02-28 21:00:48.100000 account cancel order, id = strategy0_1, price = 4717.0, direction = ORDER_DIRECTION.SELL, code = rb888.shfe
2022-09-08 09:41:08 [com.tq.yuxuan.xxljob.task.MyTask#demoJobHandler]-[44]-[xxl-job, JobThread-4-1662601239020] 2022-02-28 21:00:48.200000 market match order, id = strategy0_1, info = ('strategy0_1', 5, None, None), code = rb888.shfe
2022-09-08 09:41:08 [com.tq.yuxuan.xxljob.task.MyTask#demoJobHandler]-[44]-[xxl-job, JobThread-4-1662601239020] 2022-02-28 21:00:55.100000 account insert order, id = strategy0_2, price = 4715.0, direction = ORDER_DIRECTION.BUY, code = rb999.shfe
2022-09-08 09:41:08 [com.tq.yuxuan.xxljob.task.MyTask#demoJobHandler]-[44]-[xxl-job, JobThread-4-1662601239020] 2022-02-28 21:00:55.200000 market receive order, id = strategy0_2, price = 4715.0, direction = ORDER_DIRECTION.BUY, code = rb999.shfe
2022-09-08 09:41:08 [com.tq.yuxuan.xxljob.task.MyTask#demoJobHandler]-[44]-[xxl-job, JobThread-4-1662601239020] 2022-02-28 21:00:58.100000 account cancel order, id = strategy0_2, price = 4715.0, direction = ORDER_DIRECTION.BUY, code = rb999.shfe
2022-09-08 09:41:08 [com.tq.yuxuan.xxljob.task.MyTask#demoJobHandler]-[44]-[xxl-job, JobThread-4-1662601239020] 2022-02-28 21:00:58.200000 market match order, id = strategy0_2, info = ('strategy0_2', 5, None, None), code = rb999.shfe
2022-09-08 09:41:08 [com.tq.yuxuan.xxljob.task.MyTask#demoJobHandler]-[44]-[xxl-job, JobThread-4-1662601239020] 2022-02-28 21:00:59.100000 account insert order, id = strategy1_1, price = 4716.0, direction = ORDER_DIRECTION.BUY, code = rb999.shfe
2022-09-08 09:41:08 [com.tq.yuxuan.xxljob.task.MyTask#demoJobHandler]-[44]-[xxl-job, JobThread-4-1662601239020] 2022-02-28 21:00:59.200000 market receive order, id = strategy1_1, price = 4716.0, direction = ORDER_DIRECTION.BUY, code = rb999.shfe
2022-09-08 09:41:08 [com.tq.yuxuan.xxljob.task.MyTask#demoJobHandler]-[44]-[xxl-job, JobThread-4-1662601239020] 2022-02-28 21:01:00.100000 account cancel order, id = strategy1_1, price = 4716.0, direction = ORDER_DIRECTION.BUY, code = rb999.shfe
2022-09-08 09:41:08 [com.tq.yuxuan.xxljob.task.MyTask#demoJobHandler]-[44]-[xxl-job, JobThread-4-1662601239020] 2022-02-28 21:01:00.200000 market match order, id = strategy1_1, info = ('strategy1_1', 5, None, None), code = rb999.shfe
2022-09-08 09:41:08 [com.tq.yuxuan.xxljob.task.MyTask#demoJobHandler]-[44]-[xxl-job, JobThread-4-1662601239020] 2022-02-28 21:01:07.100000 account insert order, id = strategy0_3, price = 4719.0, direction = ORDER_DIRECTION.BUY, code = rb888.shfe
2022-09-08 09:41:08 [com.tq.yuxuan.xxljob.task.MyTask#demoJobHandler]-[44]-[xxl-job, JobThread-4-1662601239020] 2022-02-28 21:01:07.200000 market receive order, id = strategy0_3, price = 4719.0, direction = ORDER_DIRECTION.BUY, code = rb888.shfe
2022-09-08 09:41:08 [com.tq.yuxuan.xxljob.task.MyTask#demoJobHandler]-[44]-[xxl-job, JobThread-4-1662601239020] 2022-02-28 21:01:08.100000 account cancel order, id = strategy0_3, price = 4719.0, direction = ORDER_DIRECTION.BUY, code = rb888.shfe
2022-09-08 09:41:08 [com.tq.yuxuan.xxljob.task.MyTask#demoJobHandler]-[44]-[xxl-job, JobThread-4-1662601239020] 2022-02-28 21:01:08.200000 market match order, id = strategy0_3, info = ('strategy0_3', 5, None, None), code = rb888.shfe
2022-09-08 09:41:08 [com.tq.yuxuan.xxljob.task.MyTask#demoJobHandler]-[44]-[xxl-job, JobThread-4-1662601239020] 2022-02-28 21:02:42.100000 account insert order, id = strategy0_4, price = 4726.0, direction = ORDER_DIRECTION.SELL, code = rb888.shfe
2022-09-08 09:41:08 [com.tq.yuxuan.xxljob.task.MyTask#demoJobHandler]-[44]-[xxl-job, JobThread-4-1662601239020] 2022-02-28 21:02:42.200000 market receive order, id = strategy0_4, price = 4726.0, direction = ORDER_DIRECTION.SELL, code = rb888.shfe
2022-09-08 09:41:08 [com.tq.yuxuan.xxljob.task.MyTask#demoJobHandler]-[44]-[xxl-job, JobThread-4-1662601239020] 2022-02-28 21:02:42.200000 market match order, id = strategy0_4, info = ('strategy0_4', 4, 4726.0, 1), code = rb888.shfe
2022-09-08 09:41:08 [com.tq.yuxuan.xxljob.task.MyTask#demoJobHandler]-[44]-[xxl-job, JobThread-4-1662601239020] 2022-02-28 21:02:54.100000 account insert order, id = strategy0_5, price = 4726.0, direction = ORDER_DIRECTION.BUY, code = rb999.shfe
2022-09-08 09:41:08 [com.tq.yuxuan.xxljob.task.MyTask#demoJobHandler]-[44]-[xxl-job, JobThread-4-1662601239020] 2022-02-28 21:02:54.200000 market receive order, id = strategy0_5, price = 4726.0, direction = ORDER_DIRECTION.BUY, code = rb999.shfe
2022-09-08 09:41:08 [com.tq.yuxuan.xxljob.task.MyTask#demoJobHandler]-[44]-[xxl-job, JobThread-4-1662601239020] 2022-02-28 21:02:56.100000 market match order, id = strategy0_5, info = ('strategy0_5', 4, 4726.0, 1), code = rb999.shfe
2022-09-08 09:41:08 [com.tq.yuxuan.xxljob.task.MyTask#demoJobHandler]-[44]-[xxl-job, JobThread-4-1662601239020] 2022-02-28 21:03:34.100000 account insert order, id = strategy0_6, price = 4724.0, direction = ORDER_DIRECTION.BUY, code = rb888.shfe
2022-09-08 09:41:08 [com.tq.yuxuan.xxljob.task.MyTask#demoJobHandler]-[44]-[xxl-job, JobThread-4-1662601239020] 2022-02-28 21:03:34.200000 market receive order, id = strategy0_6, price = 4724.0, direction = ORDER_DIRECTION.BUY, code = rb888.shfe
2022-09-08 09:41:08 [com.tq.yuxuan.xxljob.task.MyTask#demoJobHandler]-[44]-[xxl-job, JobThread-4-1662601239020] 2022-02-28 21:03:35.100000 account insert order, id = strategy1_2, price = 4724.0, direction = ORDER_DIRECTION.BUY, code = rb999.shfe
2022-09-08 09:41:08 [com.tq.yuxuan.xxljob.task.MyTask#demoJobHandler]-[44]-[xxl-job, JobThread-4-1662601239020] 2022-02-28 21:03:35.200000 market receive order, id = strategy1_2, price = 4724.0, direction = ORDER_DIRECTION.BUY, code = rb999.shfe
2022-09-08 09:41:08 [com.tq.yuxuan.xxljob.task.MyTask#demoJobHandler]-[44]-[xxl-job, JobThread-4-1662601239020] 2022-02-28 21:03:36.100000 account cancel order, id = strategy1_2, price = 4724.0, direction = ORDER_DIRECTION.BUY, code = rb999.shfe
2022-09-08 09:41:08 [com.tq.yuxuan.xxljob.task.MyTask#demoJobHandler]-[44]-[xxl-job, JobThread-4-1662601239020] 2022-02-28 21:03:36.200000 market match order, id = strategy1_2, info = ('strategy1_2', 5, None, None), code = rb999.shfe
2022-09-08 09:41:08 [com.tq.yuxuan.xxljob.task.MyTask#demoJobHandler]-[44]-[xxl-job, JobThread-4-1662601239020] 2022-02-28 21:03:51.100000 account cancel order, id = strategy0_6, price = 4724.0, direction = ORDER_DIRECTION.BUY, code = rb888.shfe
2022-09-08 09:41:08 [com.tq.yuxuan.xxljob.task.MyTask#demoJobHandler]-[44]-[xxl-job, JobThread-4-1662601239020] 2022-02-28 21:03:51.200000 market match order, id = strategy0_6, info = ('strategy0_6', 5, None, None), code = rb888.shfe
2022-09-08 09:41:08 [com.tq.yuxuan.xxljob.task.MyTask#demoJobHandler]-[44]-[xxl-job, JobThread-4-1662601239020] 2022-02-28 21:04:00.100000 account insert order, id = strategy0_7, price = 4729.0, direction = ORDER_DIRECTION.SELL, code = rb888.shfe
2022-09-08 09:41:08 [com.tq.yuxuan.xxljob.task.MyTask#demoJobHandler]-[44]-[xxl-job, JobThread-4-1662601239020] 2022-02-28 21:04:00.200000 market receive order, id = strategy0_7, price = 4729.0, direction = ORDER_DIRECTION.SELL, code = rb888.shfe
2022-09-08 09:41:08 [com.tq.yuxuan.xxljob.task.MyTask#demoJobHandler]-[44]-[xxl-job, JobThread-4-1662601239020] 2022-02-28 21:04:04.100000 account cancel order, id = strategy0_7, price = 4729.0, direction = ORDER_DIRECTION.SELL, code = rb888.shfe
2022-09-08 09:41:08 [com.tq.yuxuan.xxljob.task.MyTask#demoJobHandler]-[44]-[xxl-job, JobThread-4-1662601239020] 2022-02-28 21:04:04.200000 market match order, id = strategy0_7, info = ('strategy0_7', 5, None, None), code = rb888.shfe
2022-09-08 09:41:08 [com.tq.yuxuan.xxljob.task.MyTask#demoJobHandler]-[44]-[xxl-job, JobThread-4-1662601239020] 2022-02-28 21:04:48.100000 account insert order, id = strategy1_3, price = 4724.0, direction = ORDER_DIRECTION.BUY, code = rb999.shfe
2022-09-08 09:41:08 [com.tq.yuxuan.xxljob.task.MyTask#demoJobHandler]-[44]-[xxl-job, JobThread-4-1662601239020] 2022-02-28 21:04:48.200000 market receive order, id = strategy1_3, price = 4724.0, direction = ORDER_DIRECTION.BUY, code = rb999.shfe
2022-09-08 09:41:08 [com.tq.yuxuan.xxljob.task.MyTask#demoJobHandler]-[44]-[xxl-job, JobThread-4-1662601239020] 2022-02-28 21:04:51.100000 account cancel order, id = strategy1_3, price = 4724.0, direction = ORDER_DIRECTION.BUY, code = rb999.shfe
2022-09-08 09:41:08 [com.tq.yuxuan.xxljob.task.MyTask#demoJobHandler]-[44]-[xxl-job, JobThread-4-1662601239020] 2022-02-28 21:04:51.200000 market match order, id = strategy1_3, info = ('strategy1_3', 5, None, None), code = rb999.shfe
2022-09-08 09:41:08 [com.tq.yuxuan.xxljob.task.MyTask#demoJobHandler]-[44]-[xxl-job, JobThread-4-1662601239020] 2022-02-28 21:05:04.100000 account insert order, id = strategy0_8, price = 4725.0, direction = ORDER_DIRECTION.BUY, code = rb888.shfe
2022-09-08 09:41:08 [com.tq.yuxuan.xxljob.task.MyTask#demoJobHandler]-[44]-[xxl-job, JobThread-4-1662601239020] 2022-02-28 21:05:04.200000 market receive order, id = strategy0_8, price = 4725.0, direction = ORDER_DIRECTION.BUY, code = rb888.shfe
2022-09-08 09:41:08 [com.tq.yuxuan.xxljob.task.MyTask#demoJobHandler]-[44]-[xxl-job, JobThread-4-1662601239020] 2022-02-28 21:05:04.200000 market match order, id = strategy0_8, info = ('strategy0_8', 4, 4725.0, 1), code = rb888.shfe
2022-09-08 09:41:08 [com.tq.yuxuan.xxljob.task.MyTask#demoJobHandler]-[44]-[xxl-job, JobThread-4-1662601239020] 2022-02-28 21:05:34.100000 account insert order, id = strategy0_9, price = 4728.0, direction = ORDER_DIRECTION.BUY, code = rb888.shfe
2022-09-08 09:41:08 [com.tq.yuxuan.xxljob.task.MyTask#demoJobHandler]-[44]-[xxl-job, JobThread-4-1662601239020] 2022-02-28 21:05:34.200000 market receive order, id = strategy0_9, price = 4728.0, direction = ORDER_DIRECTION.BUY, code = rb888.shfe
2022-09-08 09:41:08 [com.tq.yuxuan.xxljob.task.MyTask#demoJobHandler]-[44]-[xxl-job, JobThread-4-1662601239020] 2022-02-28 21:05:35.100000 account cancel order, id = strategy0_9, price = 4728.0, direction = ORDER_DIRECTION.BUY, code = rb888.shfe
2022-09-08 09:41:08 [com.tq.yuxuan.xxljob.task.MyTask#demoJobHandler]-[44]-[xxl-job, JobThread-4-1662601239020] 2022-02-28 21:05:35.200000 market match order, id = strategy0_9, info = ('strategy0_9', 5, None, None), code = rb888.shfe
2022-09-08 09:41:08 [com.tq.yuxuan.xxljob.task.MyTask#demoJobHandler]-[44]-[xxl-job, JobThread-4-1662601239020] 2022-02-28 21:06:35.100000 account insert order, id = strategy0_10, price = 4726.0, direction = ORDER_DIRECTION.BUY, code = rb888.shfe
2022-09-08 09:41:08 [com.tq.yuxuan.xxljob.task.MyTask#demoJobHandler]-[44]-[xxl-job, JobThread-4-1662601239020] 2022-02-28 21:06:35.200000 market receive order, id = strategy0_10, price = 4726.0, direction = ORDER_DIRECTION.BUY, code = rb888.shfe
2022-09-08 09:41:08 [com.tq.yuxuan.xxljob.task.MyTask#demoJobHandler]-[44]-[xxl-job, JobThread-4-1662601239020] 2022-02-28 21:06:37.100000 market match order, id = strategy0_10, info = ('strategy0_10', 4, 4726.0, 1), code = rb888.shfe
2022-09-08 09:41:08 [com.tq.yuxuan.xxljob.task.MyTask#demoJobHandler]-[44]-[xxl-job, JobThread-4-1662601239020] 2022-02-28 21:07:49.100000 account insert order, id = strategy0_11, price = 4726.0, direction = ORDER_DIRECTION.SELL, code = rb999.shfe
2022-09-08 09:41:08 [com.tq.yuxuan.xxljob.task.MyTask#demoJobHandler]-[44]-[xxl-job, JobThread-4-1662601239020] 2022-02-28 21:07:49.200000 market receive order, id = strategy0_11, price = 4726.0, direction = ORDER_DIRECTION.SELL, code = rb999.shfe
2022-09-08 09:41:08 [com.tq.yuxuan.xxljob.task.MyTask#demoJobHandler]-[44]-[xxl-job, JobThread-4-1662601239020] 2022-02-28 21:07:53.100000 account cancel order, id = strategy0_11, price = 4726.0, direction = ORDER_DIRECTION.SELL, code = rb999.shfe
2022-09-08 09:41:08 [com.tq.yuxuan.xxljob.task.MyTask#demoJobHandler]-[44]-[xxl-job, JobThread-4-1662601239020] 2022-02-28 21:07:53.200000 market match order, id = strategy0_11, info = ('strategy0_11', 5, None, None), code = rb999.shfe
2022-09-08 09:41:08 [com.tq.yuxuan.xxljob.task.MyTask#demoJobHandler]-[44]-[xxl-job, JobThread-4-1662601239020] 2022-02-28 21:08:22.100000 account insert order, id = strategy1_4, price = 4722.0, direction = ORDER_DIRECTION.SELL, code = rb999.shfe
2022-09-08 09:41:08 [com.tq.yuxuan.xxljob.task.MyTask#demoJobHandler]-[44]-[xxl-job, JobThread-4-1662601239020] 2022-02-28 21:08:22.200000 market receive order, id = strategy1_4, price = 4722.0, direction = ORDER_DIRECTION.SELL, code = rb999.shfe
2022-09-08 09:41:08 [com.tq.yuxuan.xxljob.task.MyTask#demoJobHandler]-[44]-[xxl-job, JobThread-4-1662601239020] 2022-02-28 21:08:23.100000 account cancel order, id = strategy1_4, price = 4722.0, direction = ORDER_DIRECTION.SELL, code = rb999.shfe
2022-09-08 09:41:08 [com.tq.yuxuan.xxljob.task.MyTask#demoJobHandler]-[44]-[xxl-job, JobThread-4-1662601239020] 2022-02-28 21:08:23.200000 market match order, id = strategy1_4, info = ('strategy1_4', 5, None, None), code = rb999.shfe
2022-09-08 09:41:08 [com.tq.yuxuan.xxljob.task.MyTask#demoJobHandler]-[44]-[xxl-job, JobThread-4-1662601239020] 2022-02-28 21:08:39.100000 account insert order, id = strategy0_12, price = 4721.0, direction = ORDER_DIRECTION.BUY, code = rb888.shfe
2022-09-08 09:41:08 [com.tq.yuxuan.xxljob.task.MyTask#demoJobHandler]-[44]-[xxl-job, JobThread-4-1662601239020] 2022-02-28 21:08:39.200000 market receive order, id = strategy0_12, price = 4721.0, direction = ORDER_DIRECTION.BUY, code = rb888.shfe
2022-09-08 09:41:08 [com.tq.yuxuan.xxljob.task.MyTask#demoJobHandler]-[44]-[xxl-job, JobThread-4-1662601239020] 2022-02-28 21:08:41.100000 account insert order, id = strategy1_5, price = 4723.0, direction = ORDER_DIRECTION.BUY, code = rb888.shfe
2022-09-08 09:41:08 [com.tq.yuxuan.xxljob.task.MyTask#demoJobHandler]-[44]-[xxl-job, JobThread-4-1662601239020] 2022-02-28 21:08:41.200000 market receive order, id = strategy1_5, price = 4723.0, direction = ORDER_DIRECTION.BUY, code = rb888.shfe
2022-09-08 09:41:08 [com.tq.yuxuan.xxljob.task.MyTask#demoJobHandler]-[44]-[xxl-job, JobThread-4-1662601239020] 2022-02-28 21:08:41.200000 market match order, id = strategy1_5, info = ('strategy1_5', 4, 4723.0, 1), code = rb888.shfe
2022-09-08 09:41:08 [com.tq.yuxuan.xxljob.task.MyTask#demoJobHandler]-[44]-[xxl-job, JobThread-4-1662601239020] 2022-02-28 21:08:42.100000 account cancel order, id = strategy0_12, price = 4721.0, direction = ORDER_DIRECTION.BUY, code = rb888.shfe
2022-09-08 09:41:08 [com.tq.yuxuan.xxljob.task.MyTask#demoJobHandler]-[44]-[xxl-job, JobThread-4-1662601239020] 2022-02-28 21:08:42.200000 market match order, id = strategy0_12, info = ('strategy0_12', 5, None, None), code = rb888.shfe
2022-09-08 09:41:08 [com.tq.yuxuan.xxljob.task.MyTask#demoJobHandler]-[44]-[xxl-job, JobThread-4-1662601239020] 2022-02-28 21:08:50.100000 account insert order, id = strategy0_13, price = 4723.0, direction = ORDER_DIRECTION.SELL, code = rb999.shfe
2022-09-08 09:41:08 [com.tq.yuxuan.xxljob.task.MyTask#demoJobHandler]-[44]-[xxl-job, JobThread-4-1662601239020] 2022-02-28 21:08:50.200000 market receive order, id = strategy0_13, price = 4723.0, direction = ORDER_DIRECTION.SELL, code = rb999.shfe
2022-09-08 09:41:08 [com.tq.yuxuan.xxljob.task.MyTask#demoJobHandler]-[44]-[xxl-job, JobThread-4-1662601239020] 2022-02-28 21:08:53.100000 account cancel order, id = strategy0_13, price = 4723.0, direction = ORDER_DIRECTION.SELL, code = rb999.shfe
2022-09-08 09:41:08 [com.tq.yuxuan.xxljob.task.MyTask#demoJobHandler]-[44]-[xxl-job, JobThread-4-1662601239020] 2022-02-28 21:08:53.200000 market match order, id = strategy0_13, info = ('strategy0_13', 5, None, None), code = rb999.shfe
2022-09-08 09:41:08 [com.tq.yuxuan.xxljob.task.MyTask#demoJobHandler]-[44]-[xxl-job, JobThread-4-1662601239020] 2022-02-28 21:09:10.100000 account insert order, id = strategy1_6, price = 4719.0, direction = ORDER_DIRECTION.SELL, code = rb999.shfe
2022-09-08 09:41:08 [com.tq.yuxuan.xxljob.task.MyTask#demoJobHandler]-[44]-[xxl-job, JobThread-4-1662601239020] 2022-02-28 21:09:10.200000 market receive order, id = strategy1_6, price = 4719.0, direction = ORDER_DIRECTION.SELL, code = rb999.shfe
2022-09-08 09:41:08 [com.tq.yuxuan.xxljob.task.MyTask#demoJobHandler]-[44]-[xxl-job, JobThread-4-1662601239020] 2022-02-28 21:09:11.100000 market match order, id = strategy1_6, info = ('strategy1_6', 4, 4719.0, 1), code = rb999.shfe
2022-09-08 09:41:08 [com.tq.yuxuan.xxljob.task.MyTask#demoJobHandler]-[44]-[xxl-job, JobThread-4-1662601239020] 2022-02-28 21:09:37.100000 account insert order, id = strategy0_14, price = 4717.0, direction = ORDER_DIRECTION.BUY, code = rb999.shfe
2022-09-08 09:41:08 [com.tq.yuxuan.xxljob.task.MyTask#demoJobHandler]-[44]-[xxl-job, JobThread-4-1662601239020] 2022-02-28 21:09:37.200000 market receive order, id = strategy0_14, price = 4717.0, direction = ORDER_DIRECTION.BUY, code = rb999.shfe
2022-09-08 09:41:08 [com.tq.yuxuan.xxljob.task.MyTask#demoJobHandler]-[44]-[xxl-job, JobThread-4-1662601239020] 2022-02-28 21:09:38.100000 account cancel order, id = strategy0_14, price = 4717.0, direction = ORDER_DIRECTION.BUY, code = rb999.shfe
2022-09-08 09:41:08 [com.tq.yuxuan.xxljob.task.MyTask#demoJobHandler]-[44]-[xxl-job, JobThread-4-1662601239020] 2022-02-28 21:09:38.200000 market match order, id = strategy0_14, info = ('strategy0_14', 5, None, None), code = rb999.shfe
2022-09-08 09:41:08 [com.tq.yuxuan.xxljob.task.MyTask#demoJobHandler]-[44]-[xxl-job, JobThread-4-1662601239020] 2022-02-28 21:09:50.100000 account insert order, id = strategy0_15, price = 4720.0, direction = ORDER_DIRECTION.BUY, code = rb888.shfe
2022-09-08 09:41:08 [com.tq.yuxuan.xxljob.task.MyTask#demoJobHandler]-[44]-[xxl-job, JobThread-4-1662601239020] 2022-02-28 21:09:50.200000 market receive order, id = strategy0_15, price = 4720.0, direction = ORDER_DIRECTION.BUY, code = rb888.shfe
2022-09-08 09:41:08 [com.tq.yuxuan.xxljob.task.MyTask#demoJobHandler]-[44]-[xxl-job, JobThread-4-1662601239020] 2022-02-28 21:09:52.100000 account cancel order, id = strategy0_15, price = 4720.0, direction = ORDER_DIRECTION.BUY, code = rb888.shfe
2022-09-08 09:41:08 [com.tq.yuxuan.xxljob.task.MyTask#demoJobHandler]-[44]-[xxl-job, JobThread-4-1662601239020] 2022-02-28 21:09:52.200000 market match order, id = strategy0_15, info = ('strategy0_15', 5, None, None), code = rb888.shfe
2022-09-08 09:41:08 [com.tq.yuxuan.xxljob.task.MyTask#demoJobHandler]-[44]-[xxl-job, JobThread-4-1662601239020] 2022-02-28 21:10:30.100000 account insert order, id = strategy1_7, price = 4727.0, direction = ORDER_DIRECTION.SELL, code = rb888.shfe
2022-09-08 09:41:08 [com.tq.yuxuan.xxljob.task.MyTask#demoJobHandler]-[44]-[xxl-job, JobThread-4-1662601239020] 2022-02-28 21:10:30.200000 market receive order, id = strategy1_7, price = 4727.0, direction = ORDER_DIRECTION.SELL, code = rb888.shfe
2022-09-08 09:41:08 [com.tq.yuxuan.xxljob.task.MyTask#demoJobHandler]-[44]-[xxl-job, JobThread-4-1662601239020] 2022-02-28 21:10:36.100000 account cancel order, id = strategy1_7, price = 4727.0, direction = ORDER_DIRECTION.SELL, code = rb888.shfe
2022-09-08 09:41:08 [com.tq.yuxuan.xxljob.task.MyTask#demoJobHandler]-[44]-[xxl-job, JobThread-4-1662601239020] 2022-02-28 21:10:36.200000 market match order, id = strategy1_7, info = ('strategy1_7', 5, None, None), code = rb888.shfe
2022-09-08 09:41:08 [com.tq.yuxuan.xxljob.task.MyTask#demoJobHandler]-[44]-[xxl-job, JobThread-4-1662601239020] 2022-02-28 21:10:44.100000 account insert order, id = strategy1_8, price = 4726.0, direction = ORDER_DIRECTION.BUY, code = rb888.shfe
2022-09-08 09:41:08 [com.tq.yuxuan.xxljob.task.MyTask#demoJobHandler]-[44]-[xxl-job, JobThread-4-1662601239020] 2022-02-28 21:10:44.200000 market receive order, id = strategy1_8, price = 4726.0, direction = ORDER_DIRECTION.BUY, code = rb888.shfe
2022-09-08 09:41:08 [com.tq.yuxuan.xxljob.task.MyTask#demoJobHandler]-[44]-[xxl-job, JobThread-4-1662601239020] 2022-02-28 21:10:53.100000 account cancel order, id = strategy1_8, price = 4726.0, direction = ORDER_DIRECTION.BUY, code = rb888.shfe
2022-09-08 09:41:08 [com.tq.yuxuan.xxljob.task.MyTask#demoJobHandler]-[44]-[xxl-job, JobThread-4-1662601239020] 2022-02-28 21:10:53.200000 market match order, id = strategy1_8, info = ('strategy1_8', 5, None, None), code = rb888.shfe
2022-09-08 09:41:08 [com.tq.yuxuan.xxljob.task.MyTask#demoJobHandler]-[44]-[xxl-job, JobThread-4-1662601239020] 2022-02-28 21:11:09.100000 account insert order, id = strategy1_9, price = 4724.0, direction = ORDER_DIRECTION.BUY, code = rb888.shfe
2022-09-08 09:41:08 [com.tq.yuxuan.xxljob.task.MyTask#demoJobHandler]-[44]-[xxl-job, JobThread-4-1662601239020] 2022-02-28 21:11:09.200000 market receive order, id = strategy1_9, price = 4724.0, direction = ORDER_DIRECTION.BUY, code = rb888.shfe
2022-09-08 09:41:08 [com.tq.yuxuan.xxljob.task.MyTask#demoJobHandler]-[44]-[xxl-job, JobThread-4-1662601239020] 2022-02-28 21:11:10.100000 account cancel order, id = strategy1_9, price = 4724.0, direction = ORDER_DIRECTION.BUY, code = rb888.shfe
2022-09-08 09:41:08 [com.tq.yuxuan.xxljob.task.MyTask#demoJobHandler]-[44]-[xxl-job, JobThread-4-1662601239020] 2022-02-28 21:11:10.200000 market match order, id = strategy1_9, info = ('strategy1_9', 5, None, None), code = rb888.shfe
2022-09-08 09:41:08 [com.tq.yuxuan.xxljob.task.MyTask#demoJobHandler]-[44]-[xxl-job, JobThread-4-1662601239020] 2022-02-28 21:11:13.100000 account insert order, id = strategy1_10, price = 4725.0, direction = ORDER_DIRECTION.BUY, code = rb999.shfe
2022-09-08 09:41:08 [com.tq.yuxuan.xxljob.task.MyTask#demoJobHandler]-[44]-[xxl-job, JobThread-4-1662601239020] 2022-02-28 21:11:13.200000 market receive order, id = strategy1_10, price = 4725.0, direction = ORDER_DIRECTION.BUY, code = rb999.shfe
2022-09-08 09:41:08 [com.tq.yuxuan.xxljob.task.MyTask#demoJobHandler]-[44]-[xxl-job, JobThread-4-1662601239020] 2022-02-28 21:11:18.100000 account insert order, id = strategy1_11, price = 4726.0, direction = ORDER_DIRECTION.SELL, code = rb888.shfe
2022-09-08 09:41:08 [com.tq.yuxuan.xxljob.task.MyTask#demoJobHandler]-[44]-[xxl-job, JobThread-4-1662601239020] 2022-02-28 21:11:18.200000 market receive order, id = strategy1_11, price = 4726.0, direction = ORDER_DIRECTION.SELL, code = rb888.shfe
2022-09-08 09:41:08 [com.tq.yuxuan.xxljob.task.MyTask#demoJobHandler]-[44]-[xxl-job, JobThread-4-1662601239020] 2022-02-28 21:11:19.100000 account cancel order, id = strategy1_10, price = 4725.0, direction = ORDER_DIRECTION.BUY, code = rb999.shfe
2022-09-08 09:41:08 [com.tq.yuxuan.xxljob.task.MyTask#demoJobHandler]-[44]-[xxl-job, JobThread-4-1662601239020] 2022-02-28 21:11:19.100000 account cancel order, id = strategy1_11, price = 4726.0, direction = ORDER_DIRECTION.SELL, code = rb888.shfe
2022-09-08 09:41:08 [com.tq.yuxuan.xxljob.task.MyTask#demoJobHandler]-[44]-[xxl-job, JobThread-4-1662601239020] 2022-02-28 21:11:19.200000 market match order, id = strategy1_10, info = ('strategy1_10', 5, None, None), code = rb999.shfe
2022-09-08 09:41:08 [com.tq.yuxuan.xxljob.task.MyTask#demoJobHandler]-[44]-[xxl-job, JobThread-4-1662601239020] 2022-02-28 21:11:19.200000 market match order, id = strategy1_11, info = ('strategy1_11', 5, None, None), code = rb888.shfe
2022-09-08 09:41:08 [com.tq.yuxuan.xxljob.task.MyTask#demoJobHandler]-[44]-[xxl-job, JobThread-4-1662601239020] 2022-02-28 21:11:20.100000 account insert order, id = strategy1_12, price = 4725.0, direction = ORDER_DIRECTION.BUY, code = rb888.shfe
2022-09-08 09:41:08 [com.tq.yuxuan.xxljob.task.MyTask#demoJobHandler]-[44]-[xxl-job, JobThread-4-1662601239020] 2022-02-28 21:11:20.200000 market receive order, id = strategy1_12, price = 4725.0, direction = ORDER_DIRECTION.BUY, code = rb888.shfe
2022-09-08 09:41:08 [com.tq.yuxuan.xxljob.task.MyTask#demoJobHandler]-[44]-[xxl-job, JobThread-4-1662601239020] 2022-02-28 21:11:22.100000 market match order, id = strategy1_12, info = ('strategy1_12', 4, 4725.0, 1), code = rb888.shfe
2022-09-08 09:41:08 [com.tq.yuxuan.xxljob.task.MyTask#demoJobHandler]-[44]-[xxl-job, JobThread-4-1662601239020] 2022-02-28 21:11:30.100000 account insert order, id = strategy1_13, price = 4724.0, direction = ORDER_DIRECTION.BUY, code = rb888.shfe
2022-09-08 09:41:08 [com.tq.yuxuan.xxljob.task.MyTask#demoJobHandler]-[44]-[xxl-job, JobThread-4-1662601239020] 2022-02-28 21:11:30.200000 market receive order, id = strategy1_13, price = 4724.0, direction = ORDER_DIRECTION.BUY, code = rb888.shfe
2022-09-08 09:41:08 [com.tq.yuxuan.xxljob.task.MyTask#demoJobHandler]-[44]-[xxl-job, JobThread-4-1662601239020] 2022-02-28 21:11:31.100000 account cancel order, id = strategy1_13, price = 4724.0, direction = ORDER_DIRECTION.BUY, code = rb888.shfe
2022-09-08 09:41:08 [com.tq.yuxuan.xxljob.task.MyTask#demoJobHandler]-[44]-[xxl-job, JobThread-4-1662601239020] 2022-02-28 21:11:31.200000 market match order, id = strategy1_13, info = ('strategy1_13', 5, None, None), code = rb888.shfe
2022-09-08 09:41:08 [com.tq.yuxuan.xxljob.task.MyTask#demoJobHandler]-[44]-[xxl-job, JobThread-4-1662601239020] 2022-02-28 21:11:36.100000 account insert order, id = strategy0_16, price = 4725.0, direction = ORDER_DIRECTION.BUY, code = rb888.shfe
2022-09-08 09:41:08 [com.tq.yuxuan.xxljob.task.MyTask#demoJobHandler]-[44]-[xxl-job, JobThread-4-1662601239020] 2022-02-28 21:11:36.200000 market receive order, id = strategy0_16, price = 4725.0, direction = ORDER_DIRECTION.BUY, code = rb888.shfe
2022-09-08 09:41:08 [com.tq.yuxuan.xxljob.task.MyTask#demoJobHandler]-[44]-[xxl-job, JobThread-4-1662601239020] 2022-02-28 21:11:36.200000 market match order, id = strategy0_16, info = ('strategy0_16', 4, 4725.0, 1), code = rb888.shfe
2022-09-08 09:41:08 [com.tq.yuxuan.xxljob.task.MyTask#demoJobHandler]-[44]-[xxl-job, JobThread-4-1662601239020] 2022-02-28 21:11:39.100000 account insert order, id = strategy0_17, price = 4726.0, direction = ORDER_DIRECTION.SELL, code = rb999.shfe
2022-09-08 09:41:08 [com.tq.yuxuan.xxljob.task.MyTask#demoJobHandler]-[44]-[xxl-job, JobThread-4-1662601239020] 2022-02-28 21:11:39.200000 market receive order, id = strategy0_17, price = 4726.0, direction = ORDER_DIRECTION.SELL, code = rb999.shfe
2022-09-08 09:41:08 [com.tq.yuxuan.xxljob.task.MyTask#demoJobHandler]-[44]-[xxl-job, JobThread-4-1662601239020] 2022-02-28 21:11:39.200000 market match order, id = strategy0_17, info = ('strategy0_17', 4, 4726.0, 1), code = rb999.shfe
2022-09-08 09:41:08 [com.tq.yuxuan.xxljob.task.MyTask#demoJobHandler]-[44]-[xxl-job, JobThread-4-1662601239020] 2022-02-28 21:12:10.100000 account insert order, id = strategy1_14, price = 4727.0, direction = ORDER_DIRECTION.SELL, code = rb888.shfe
2022-09-08 09:41:08 [com.tq.yuxuan.xxljob.task.MyTask#demoJobHandler]-[44]-[xxl-job, JobThread-4-1662601239020] 2022-02-28 21:12:10.100000 account insert order, id = strategy1_15, price = 4727.0, direction = ORDER_DIRECTION.SELL, code = rb999.shfe
2022-09-08 09:41:08 [com.tq.yuxuan.xxljob.task.MyTask#demoJobHandler]-[44]-[xxl-job, JobThread-4-1662601239020] 2022-02-28 21:12:10.200000 market receive order, id = strategy1_14, price = 4727.0, direction = ORDER_DIRECTION.SELL, code = rb888.shfe
2022-09-08 09:41:08 [com.tq.yuxuan.xxljob.task.MyTask#demoJobHandler]-[44]-[xxl-job, JobThread-4-1662601239020] 2022-02-28 21:12:10.200000 market receive order, id = strategy1_15, price = 4727.0, direction = ORDER_DIRECTION.SELL, code = rb999.shfe
2022-09-08 09:41:08 [com.tq.yuxuan.xxljob.task.MyTask#demoJobHandler]-[44]-[xxl-job, JobThread-4-1662601239020] 2022-02-28 21:12:15.100000 account cancel order, id = strategy1_14, price = 4727.0, direction = ORDER_DIRECTION.SELL, code = rb888.shfe
2022-09-08 09:41:08 [com.tq.yuxuan.xxljob.task.MyTask#demoJobHandler]-[44]-[xxl-job, JobThread-4-1662601239020] 2022-02-28 21:12:15.200000 market match order, id = strategy1_14, info = ('strategy1_14', 5, None, None), code = rb888.shfe
2022-09-08 09:41:08 [com.tq.yuxuan.xxljob.task.MyTask#demoJobHandler]-[44]-[xxl-job, JobThread-4-1662601239020] 2022-02-28 21:12:16.100000 account cancel order, id = strategy1_15, price = 4727.0, direction = ORDER_DIRECTION.SELL, code = rb999.shfe
2022-09-08 09:41:08 [com.tq.yuxuan.xxljob.task.MyTask#demoJobHandler]-[44]-[xxl-job, JobThread-4-1662601239020] 2022-02-28 21:12:16.200000 market match order, id = strategy1_15, info = ('strategy1_15', 5, None, None), code = rb999.shfe
2022-09-08 09:41:08 [com.tq.yuxuan.xxljob.task.MyTask#demoJobHandler]-[44]-[xxl-job, JobThread-4-1662601239020] 2022-02-28 21:14:01.100000 account insert order, id = strategy1_16, price = 4727.0, direction = ORDER_DIRECTION.SELL, code = rb999.shfe
2022-09-08 09:41:08 [com.tq.yuxuan.xxljob.task.MyTask#demoJobHandler]-[44]-[xxl-job, JobThread-4-1662601239020] 2022-02-28 21:14:01.200000 market receive order, id = strategy1_16, price = 4727.0, direction = ORDER_DIRECTION.SELL, code = rb999.shfe
2022-09-08 09:41:08 [com.tq.yuxuan.xxljob.task.MyTask#demoJobHandler]-[44]-[xxl-job, JobThread-4-1662601239020] 2022-02-28 21:14:01.200000 market match order, id = strategy1_16, info = ('strategy1_16', 4, 4727.0, 1), code = rb999.shfe
2022-09-08 09:41:08 [com.tq.yuxuan.xxljob.task.MyTask#demoJobHandler]-[44]-[xxl-job, JobThread-4-1662601239020] 2022-02-28 21:14:21.100000 account insert order, id = strategy1_17, price = 4723.0, direction = ORDER_DIRECTION.BUY, code = rb999.shfe
2022-09-08 09:41:08 [com.tq.yuxuan.xxljob.task.MyTask#demoJobHandler]-[44]-[xxl-job, JobThread-4-1662601239020] 2022-02-28 21:14:21.200000 market receive order, id = strategy1_17, price = 4723.0, direction = ORDER_DIRECTION.BUY, code = rb999.shfe
2022-09-08 09:41:08 [com.tq.yuxuan.xxljob.task.MyTask#demoJobHandler]-[44]-[xxl-job, JobThread-4-1662601239020] 2022-02-28 21:14:23.100000 account cancel order, id = strategy1_17, price = 4723.0, direction = ORDER_DIRECTION.BUY, code = rb999.shfe
2022-09-08 09:41:08 [com.tq.yuxuan.xxljob.task.MyTask#demoJobHandler]-[44]-[xxl-job, JobThread-4-1662601239020] 2022-02-28 21:14:23.200000 market match order, id = strategy1_17, info = ('strategy1_17', 5, None, None), code = rb999.shfe
2022-09-08 09:41:08 [com.tq.yuxuan.xxljob.task.MyTask#demoJobHandler]-[44]-[xxl-job, JobThread-4-1662601239020] 2022-02-28 21:14:40.100000 account insert order, id = strategy1_18, price = 4727.0, direction = ORDER_DIRECTION.SELL, code = rb999.shfe
2022-09-08 09:41:08 [com.tq.yuxuan.xxljob.task.MyTask#demoJobHandler]-[44]-[xxl-job, JobThread-4-1662601239020] 2022-02-28 21:14:40.200000 market receive order, id = strategy1_18, price = 4727.0, direction = ORDER_DIRECTION.SELL, code = rb999.shfe
2022-09-08 09:41:08 [com.tq.yuxuan.xxljob.task.MyTask#demoJobHandler]-[44]-[xxl-job, JobThread-4-1662601239020] 2022-02-28 21:14:43.100000 account cancel order, id = strategy1_18, price = 4727.0, direction = ORDER_DIRECTION.SELL, code = rb999.shfe
2022-09-08 09:41:08 [com.tq.yuxuan.xxljob.task.MyTask#demoJobHandler]-[44]-[xxl-job, JobThread-4-1662601239020] 2022-02-28 21:14:43.200000 market match order, id = strategy1_18, info = ('strategy1_18', 5, None, None), code = rb999.shfe
2022-09-08 09:41:08 [com.tq.yuxuan.xxljob.task.MyTask#demoJobHandler]-[44]-[xxl-job, JobThread-4-1662601239020] 2022-02-28 21:15:10.100000 account insert order, id = strategy0_18, price = 4729.0, direction = ORDER_DIRECTION.SELL, code = rb999.shfe
2022-09-08 09:41:08 [com.tq.yuxuan.xxljob.task.MyTask#demoJobHandler]-[44]-[xxl-job, JobThread-4-1662601239020] 2022-02-28 21:15:10.200000 market receive order, id = strategy0_18, price = 4729.0, direction = ORDER_DIRECTION.SELL, code = rb999.shfe
2022-09-08 09:41:08 [com.tq.yuxuan.xxljob.task.MyTask#demoJobHandler]-[44]-[xxl-job, JobThread-4-1662601239020] 2022-02-28 21:15:12.100000 account cancel order, id = strategy0_18, price = 4729.0, direction = ORDER_DIRECTION.SELL, code = rb999.shfe
2022-09-08 09:41:08 [com.tq.yuxuan.xxljob.task.MyTask#demoJobHandler]-[44]-[xxl-job, JobThread-4-1662601239020] 2022-02-28 21:15:12.200000 market match order, id = strategy0_18, info = ('strategy0_18', 5, None, None), code = rb999.shfe
2022-09-08 09:41:08 [com.tq.yuxuan.xxljob.task.MyTask#demoJobHandler]-[44]-[xxl-job, JobThread-4-1662601239020] 2022-02-28 21:15:15.100000 account insert order, id = strategy1_19, price = 4727.0, direction = ORDER_DIRECTION.BUY, code = rb999.shfe
2022-09-08 09:41:08 [com.tq.yuxuan.xxljob.task.MyTask#demoJobHandler]-[44]-[xxl-job, JobThread-4-1662601239020] 2022-02-28 21:15:15.200000 market receive order, id = strategy1_19, price = 4727.0, direction = ORDER_DIRECTION.BUY, code = rb999.shfe
2022-09-08 09:41:08 [com.tq.yuxuan.xxljob.task.MyTask#demoJobHandler]-[44]-[xxl-job, JobThread-4-1662601239020] 2022-02-28 21:15:19.100000 account cancel order, id = strategy1_19, price = 4727.0, direction = ORDER_DIRECTION.BUY, code = rb999.shfe
2022-09-08 09:41:08 [com.tq.yuxuan.xxljob.task.MyTask#demoJobHandler]-[44]-[xxl-job, JobThread-4-1662601239020] 2022-02-28 21:15:19.200000 market match order, id = strategy1_19, info = ('strategy1_19', 5, None, None), code = rb999.shfe
2022-09-08 09:41:08 [com.tq.yuxuan.xxljob.task.MyTask#demoJobHandler]-[44]-[xxl-job, JobThread-4-1662601239020] 2022-02-28 21:15:42.100000 account insert order, id = strategy0_19, price = 4730.0, direction = ORDER_DIRECTION.SELL, code = rb999.shfe
2022-09-08 09:41:08 [com.tq.yuxuan.xxljob.task.MyTask#demoJobHandler]-[44]-[xxl-job, JobThread-4-1662601239020] 2022-02-28 21:15:42.200000 market receive order, id = strategy0_19, price = 4730.0, direction = ORDER_DIRECTION.SELL, code = rb999.shfe
2022-09-08 09:41:08 [com.tq.yuxuan.xxljob.task.MyTask#demoJobHandler]-[44]-[xxl-job, JobThread-4-1662601239020] 2022-02-28 21:15:48.100000 account insert order, id = strategy1_20, price = 4730.0, direction = ORDER_DIRECTION.SELL, code = rb888.shfe
2022-09-08 09:41:08 [com.tq.yuxuan.xxljob.task.MyTask#demoJobHandler]-[44]-[xxl-job, JobThread-4-1662601239020] 2022-02-28 21:15:48.200000 market receive order, id = strategy1_20, price = 4730.0, direction = ORDER_DIRECTION.SELL, code = rb888.shfe
2022-09-08 09:41:08 [com.tq.yuxuan.xxljob.task.MyTask#demoJobHandler]-[44]-[xxl-job, JobThread-4-1662601239020] 2022-02-28 21:15:49.100000 account cancel order, id = strategy1_20, price = 4730.0, direction = ORDER_DIRECTION.SELL, code = rb888.shfe
2022-09-08 09:41:08 [com.tq.yuxuan.xxljob.task.MyTask#demoJobHandler]-[44]-[xxl-job, JobThread-4-1662601239020] 2022-02-28 21:15:49.200000 market match order, id = strategy1_20, info = ('strategy1_20', 5, None, None), code = rb888.shfe
2022-09-08 09:41:08 [com.tq.yuxuan.xxljob.task.MyTask#demoJobHandler]-[44]-[xxl-job, JobThread-4-1662601239020] 2022-02-28 21:15:51.100000 account cancel order, id = strategy0_19, price = 4730.0, direction = ORDER_DIRECTION.SELL, code = rb999.shfe
2022-09-08 09:41:08 [com.tq.yuxuan.xxljob.task.MyTask#demoJobHandler]-[44]-[xxl-job, JobThread-4-1662601239020] 2022-02-28 21:15:51.200000 market match order, id = strategy0_19, info = ('strategy0_19', 5, None, None), code = rb999.shfe
2022-09-08 09:41:08 [com.tq.yuxuan.xxljob.task.MyTask#demoJobHandler]-[44]-[xxl-job, JobThread-4-1662601239020] 2022-02-28 21:16:04.100000 account insert order, id = strategy1_21, price = 4734.0, direction = ORDER_DIRECTION.BUY, code = rb888.shfe
2022-09-08 09:41:08 [com.tq.yuxuan.xxljob.task.MyTask#demoJobHandler]-[44]-[xxl-job, JobThread-4-1662601239020] 2022-02-28 21:16:04.200000 market receive order, id = strategy1_21, price = 4734.0, direction = ORDER_DIRECTION.BUY, code = rb888.shfe
2022-09-08 09:41:08 [com.tq.yuxuan.xxljob.task.MyTask#demoJobHandler]-[44]-[xxl-job, JobThread-4-1662601239020] 2022-02-28 21:16:04.200000 market match order, id = strategy1_21, info = ('strategy1_21', 4, 4734.0, 1), code = rb888.shfe
2022-09-08 09:41:08 [com.tq.yuxuan.xxljob.task.MyTask#demoJobHandler]-[44]-[xxl-job, JobThread-4-1662601239020] 2022-02-28 21:16:18.100000 account insert order, id = strategy0_20, price = 4731.0, direction = ORDER_DIRECTION.SELL, code = rb999.shfe
2022-09-08 09:41:08 [com.tq.yuxuan.xxljob.task.MyTask#demoJobHandler]-[44]-[xxl-job, JobThread-4-1662601239020] 2022-02-28 21:16:18.200000 market receive order, id = strategy0_20, price = 4731.0, direction = ORDER_DIRECTION.SELL, code = rb999.shfe
2022-09-08 09:41:08 [com.tq.yuxuan.xxljob.task.MyTask#demoJobHandler]-[44]-[xxl-job, JobThread-4-1662601239020] 2022-02-28 21:16:18.200000 market match order, id = strategy0_20, info = ('strategy0_20', 4, 4731.0, 1), code = rb999.shfe
2022-09-08 09:41:08 [com.tq.yuxuan.xxljob.task.MyTask#demoJobHandler]-[44]-[xxl-job, JobThread-4-1662601239020] 2022-02-28 21:16:23.100000 account insert order, id = strategy0_21, price = 4731.0, direction = ORDER_DIRECTION.SELL, code = rb888.shfe
2022-09-08 09:41:08 [com.tq.yuxuan.xxljob.task.MyTask#demoJobHandler]-[44]-[xxl-job, JobThread-4-1662601239020] 2022-02-28 21:16:23.200000 market receive order, id = strategy0_21, price = 4731.0, direction = ORDER_DIRECTION.SELL, code = rb888.shfe
2022-09-08 09:41:08 [com.tq.yuxuan.xxljob.task.MyTask#demoJobHandler]-[44]-[xxl-job, JobThread-4-1662601239020] 2022-02-28 21:16:23.200000 market match order, id = strategy0_21, info = ('strategy0_21', 4, 4731.0, 1), code = rb888.shfe
2022-09-08 09:41:08 [com.tq.yuxuan.xxljob.task.MyTask#demoJobHandler]-[44]-[xxl-job, JobThread-4-1662601239020] 2022-02-28 21:16:32.100000 account insert order, id = strategy1_22, price = 4729.0, direction = ORDER_DIRECTION.SELL, code = rb888.shfe
2022-09-08 09:41:08 [com.tq.yuxuan.xxljob.task.MyTask#demoJobHandler]-[44]-[xxl-job, JobThread-4-1662601239020] 2022-02-28 21:16:32.200000 market receive order, id = strategy1_22, price = 4729.0, direction = ORDER_DIRECTION.SELL, code = rb888.shfe
2022-09-08 09:41:08 [com.tq.yuxuan.xxljob.task.MyTask#demoJobHandler]-[44]-[xxl-job, JobThread-4-1662601239020] 2022-02-28 21:16:36.100000 market match order, id = strategy1_22, info = ('strategy1_22', 4, 4729.0, 1), code = rb888.shfe
2022-09-08 09:41:08 [com.tq.yuxuan.xxljob.task.MyTask#demoJobHandler]-[44]-[xxl-job, JobThread-4-1662601239020] 2022-02-28 21:17:10.100000 account insert order, id = strategy0_22, price = 4729.0, direction = ORDER_DIRECTION.SELL, code = rb888.shfe
2022-09-08 09:41:08 [com.tq.yuxuan.xxljob.task.MyTask#demoJobHandler]-[44]-[xxl-job, JobThread-4-1662601239020] 2022-02-28 21:17:10.200000 market receive order, id = strategy0_22, price = 4729.0, direction = ORDER_DIRECTION.SELL, code = rb888.shfe
2022-09-08 09:41:08 [com.tq.yuxuan.xxljob.task.MyTask#demoJobHandler]-[44]-[xxl-job, JobThread-4-1662601239020] 2022-02-28 21:17:10.200000 market match order, id = strategy0_22, info = ('strategy0_22', 4, 4729.0, 1), code = rb888.shfe
2022-09-08 09:41:08 [com.tq.yuxuan.xxljob.task.MyTask#demoJobHandler]-[44]-[xxl-job, JobThread-4-1662601239020] 2022-02-28 21:17:11.100000 account insert order, id = strategy0_23, price = 4730.0, direction = ORDER_DIRECTION.SELL, code = rb888.shfe
2022-09-08 09:41:08 [com.tq.yuxuan.xxljob.task.MyTask#demoJobHandler]-[44]-[xxl-job, JobThread-4-1662601239020] 2022-02-28 21:17:11.200000 market receive order, id = strategy0_23, price = 4730.0, direction = ORDER_DIRECTION.SELL, code = rb888.shfe
2022-09-08 09:41:08 [com.tq.yuxuan.xxljob.task.MyTask#demoJobHandler]-[44]-[xxl-job, JobThread-4-1662601239020] 2022-02-28 21:17:14.100000 account cancel order, id = strategy0_23, price = 4730.0, direction = ORDER_DIRECTION.SELL, code = rb888.shfe
2022-09-08 09:41:08 [com.tq.yuxuan.xxljob.task.MyTask#demoJobHandler]-[44]-[xxl-job, JobThread-4-1662601239020] 2022-02-28 21:17:14.200000 market match order, id = strategy0_23, info = ('strategy0_23', 5, None, None), code = rb888.shfe
2022-09-08 09:41:08 [com.tq.yuxuan.xxljob.task.MyTask#demoJobHandler]-[44]-[xxl-job, JobThread-4-1662601239020] 2022-02-28 21:17:45.100000 account insert order, id = strategy0_24, price = 4730.0, direction = ORDER_DIRECTION.SELL, code = rb888.shfe
2022-09-08 09:41:08 [com.tq.yuxuan.xxljob.task.MyTask#demoJobHandler]-[44]-[xxl-job, JobThread-4-1662601239020] 2022-02-28 21:17:45.200000 market receive order, id = strategy0_24, price = 4730.0, direction = ORDER_DIRECTION.SELL, code = rb888.shfe
2022-09-08 09:41:08 [com.tq.yuxuan.xxljob.task.MyTask#demoJobHandler]-[44]-[xxl-job, JobThread-4-1662601239020] 2022-02-28 21:17:47.100000 account cancel order, id = strategy0_24, price = 4730.0, direction = ORDER_DIRECTION.SELL, code = rb888.shfe
2022-09-08 09:41:08 [com.tq.yuxuan.xxljob.task.MyTask#demoJobHandler]-[44]-[xxl-job, JobThread-4-1662601239020] 2022-02-28 21:17:47.200000 market match order, id = strategy0_24, info = ('strategy0_24', 5, None, None), code = rb888.shfe
2022-09-08 09:41:08 [com.tq.yuxuan.xxljob.task.MyTask#demoJobHandler]-[44]-[xxl-job, JobThread-4-1662601239020] 2022-02-28 21:18:07.100000 account insert order, id = strategy1_23, price = 4730.0, direction = ORDER_DIRECTION.SELL, code = rb999.shfe
2022-09-08 09:41:08 [com.tq.yuxuan.xxljob.task.MyTask#demoJobHandler]-[44]-[xxl-job, JobThread-4-1662601239020] 2022-02-28 21:18:07.200000 market receive order, id = strategy1_23, price = 4730.0, direction = ORDER_DIRECTION.SELL, code = rb999.shfe
2022-09-08 09:41:08 [com.tq.yuxuan.xxljob.task.MyTask#demoJobHandler]-[44]-[xxl-job, JobThread-4-1662601239020] 2022-02-28 21:18:09.100000 market match order, id = strategy1_23, info = ('strategy1_23', 4, 4730.0, 1), code = rb999.shfe
2022-09-08 09:41:08 [com.tq.yuxuan.xxljob.task.MyTask#demoJobHandler]-[44]-[xxl-job, JobThread-4-1662601239020] 2022-02-28 21:18:16.100000 account insert order, id = strategy0_25, price = 4730.0, direction = ORDER_DIRECTION.SELL, code = rb999.shfe
2022-09-08 09:41:08 [com.tq.yuxuan.xxljob.task.MyTask#demoJobHandler]-[44]-[xxl-job, JobThread-4-1662601239020] 2022-02-28 21:18:16.200000 market receive order, id = strategy0_25, price = 4730.0, direction = ORDER_DIRECTION.SELL, code = rb999.shfe
2022-09-08 09:41:08 [com.tq.yuxuan.xxljob.task.MyTask#demoJobHandler]-[44]-[xxl-job, JobThread-4-1662601239020] 2022-02-28 21:18:20.100000 account cancel order, id = strategy0_25, price = 4730.0, direction = ORDER_DIRECTION.SELL, code = rb999.shfe
2022-09-08 09:41:08 [com.tq.yuxuan.xxljob.task.MyTask#demoJobHandler]-[44]-[xxl-job, JobThread-4-1662601239020] 2022-02-28 21:18:20.200000 market match order, id = strategy0_25, info = ('strategy0_25', 5, None, None), code = rb999.shfe
2022-09-08 09:41:08 [com.tq.yuxuan.xxljob.task.MyTask#demoJobHandler]-[44]-[xxl-job, JobThread-4-1662601239020] 2022-02-28 21:18:22.100000 account insert order, id = strategy1_24, price = 4730.0, direction = ORDER_DIRECTION.SELL, code = rb888.shfe
2022-09-08 09:41:08 [com.tq.yuxuan.xxljob.task.MyTask#demoJobHandler]-[44]-[xxl-job, JobThread-4-1662601239020] 2022-02-28 21:18:22.200000 market receive order, id = strategy1_24, price = 4730.0, direction = ORDER_DIRECTION.SELL, code = rb888.shfe
2022-09-08 09:41:08 [com.tq.yuxuan.xxljob.task.MyTask#demoJobHandler]-[44]-[xxl-job, JobThread-4-1662601239020] 2022-02-28 21:18:24.100000 account cancel order, id = strategy1_24, price = 4730.0, direction = ORDER_DIRECTION.SELL, code = rb888.shfe
2022-09-08 09:41:08 [com.tq.yuxuan.xxljob.task.MyTask#demoJobHandler]-[44]-[xxl-job, JobThread-4-1662601239020] 2022-02-28 21:18:24.200000 market match order, id = strategy1_24, info = ('strategy1_24', 5, None, None), code = rb888.shfe
2022-09-08 09:41:08 [com.tq.yuxuan.xxljob.task.MyTask#demoJobHandler]-[44]-[xxl-job, JobThread-4-1662601239020] 2022-02-28 21:20:07.100000 account insert order, id = strategy0_26, price = 4731.0, direction = ORDER_DIRECTION.SELL, code = rb888.shfe
2022-09-08 09:41:08 [com.tq.yuxuan.xxljob.task.MyTask#demoJobHandler]-[44]-[xxl-job, JobThread-4-1662601239020] 2022-02-28 21:20:07.200000 market receive order, id = strategy0_26, price = 4731.0, direction = ORDER_DIRECTION.SELL, code = rb888.shfe
2022-09-08 09:41:08 [com.tq.yuxuan.xxljob.task.MyTask#demoJobHandler]-[44]-[xxl-job, JobThread-4-1662601239020] 2022-02-28 21:20:11.100000 account insert order, id = strategy1_25, price = 4731.0, direction = ORDER_DIRECTION.SELL, code = rb888.shfe
2022-09-08 09:41:08 [com.tq.yuxuan.xxljob.task.MyTask#demoJobHandler]-[44]-[xxl-job, JobThread-4-1662601239020] 2022-02-28 21:20:11.200000 market receive order, id = strategy1_25, price = 4731.0, direction = ORDER_DIRECTION.SELL, code = rb888.shfe
2022-09-08 09:41:08 [com.tq.yuxuan.xxljob.task.MyTask#demoJobHandler]-[44]-[xxl-job, JobThread-4-1662601239020] 2022-02-28 21:20:12.100000 account cancel order, id = strategy0_26, price = 4731.0, direction = ORDER_DIRECTION.SELL, code = rb888.shfe
2022-09-08 09:41:08 [com.tq.yuxuan.xxljob.task.MyTask#demoJobHandler]-[44]-[xxl-job, JobThread-4-1662601239020] 2022-02-28 21:20:12.100000 account cancel order, id = strategy1_25, price = 4731.0, direction = ORDER_DIRECTION.SELL, code = rb888.shfe
2022-09-08 09:41:08 [com.tq.yuxuan.xxljob.task.MyTask#demoJobHandler]-[44]-[xxl-job, JobThread-4-1662601239020] 2022-02-28 21:20:12.200000 market match order, id = strategy0_26, info = ('strategy0_26', 5, None, None), code = rb888.shfe
2022-09-08 09:41:08 [com.tq.yuxuan.xxljob.task.MyTask#demoJobHandler]-[44]-[xxl-job, JobThread-4-1662601239020] 2022-02-28 21:20:12.200000 market match order, id = strategy1_25, info = ('strategy1_25', 5, None, None), code = rb888.shfe
2022-09-08 09:41:08 [com.tq.yuxuan.xxljob.task.MyTask#demoJobHandler]-[44]-[xxl-job, JobThread-4-1662601239020] 2022-02-28 21:20:18.100000 account insert order, id = strategy0_27, price = 4729.0, direction = ORDER_DIRECTION.BUY, code = rb888.shfe
2022-09-08 09:41:08 [com.tq.yuxuan.xxljob.task.MyTask#demoJobHandler]-[44]-[xxl-job, JobThread-4-1662601239020] 2022-02-28 21:20:18.200000 market receive order, id = strategy0_27, price = 4729.0, direction = ORDER_DIRECTION.BUY, code = rb888.shfe
2022-09-08 09:41:08 [com.tq.yuxuan.xxljob.task.MyTask#demoJobHandler]-[44]-[xxl-job, JobThread-4-1662601239020] 2022-02-28 21:20:24.100000 account cancel order, id = strategy0_27, price = 4729.0, direction = ORDER_DIRECTION.BUY, code = rb888.shfe
2022-09-08 09:41:08 [com.tq.yuxuan.xxljob.task.MyTask#demoJobHandler]-[44]-[xxl-job, JobThread-4-1662601239020] 2022-02-28 21:20:24.200000 market match order, id = strategy0_27, info = ('strategy0_27', 5, None, None), code = rb888.shfe
2022-09-08 09:41:08 [com.tq.yuxuan.xxljob.task.MyTask#demoJobHandler]-[44]-[xxl-job, JobThread-4-1662601239020] 2022-02-28 21:20:34.100000 account insert order, id = strategy1_26, price = 4731.0, direction = ORDER_DIRECTION.SELL, code = rb999.shfe
2022-09-08 09:41:08 [com.tq.yuxuan.xxljob.task.MyTask#demoJobHandler]-[44]-[xxl-job, JobThread-4-1662601239020] 2022-02-28 21:20:34.200000 market receive order, id = strategy1_26, price = 4731.0, direction = ORDER_DIRECTION.SELL, code = rb999.shfe
2022-09-08 09:41:08 [com.tq.yuxuan.xxljob.task.MyTask#demoJobHandler]-[44]-[xxl-job, JobThread-4-1662601239020] 2022-02-28 21:20:37.100000 account cancel order, id = strategy1_26, price = 4731.0, direction = ORDER_DIRECTION.SELL, code = rb999.shfe
2022-09-08 09:41:08 [com.tq.yuxuan.xxljob.task.MyTask#demoJobHandler]-[44]-[xxl-job, JobThread-4-1662601239020] 2022-02-28 21:20:37.200000 market match order, id = strategy1_26, info = ('strategy1_26', 5, None, None), code = rb999.shfe
2022-09-08 09:41:08 [com.tq.yuxuan.xxljob.task.MyTask#demoJobHandler]-[44]-[xxl-job, JobThread-4-1662601239020] 2022-02-28 21:21:16.100000 account insert order, id = strategy1_27, price = 4728.0, direction = ORDER_DIRECTION.BUY, code = rb888.shfe
2022-09-08 09:41:08 [com.tq.yuxuan.xxljob.task.MyTask#demoJobHandler]-[44]-[xxl-job, JobThread-4-1662601239020] 2022-02-28 21:21:16.200000 market receive order, id = strategy1_27, price = 4728.0, direction = ORDER_DIRECTION.BUY, code = rb888.shfe
2022-09-08 09:41:08 [com.tq.yuxuan.xxljob.task.MyTask#demoJobHandler]-[44]-[xxl-job, JobThread-4-1662601239020] 2022-02-28 21:21:19.100000 account cancel order, id = strategy1_27, price = 4728.0, direction = ORDER_DIRECTION.BUY, code = rb888.shfe
2022-09-08 09:41:08 [com.tq.yuxuan.xxljob.task.MyTask#demoJobHandler]-[44]-[xxl-job, JobThread-4-1662601239020] 2022-02-28 21:21:19.200000 market match order, id = strategy1_27, info = ('strategy1_27', 5, None, None), code = rb888.shfe
2022-09-08 09:41:08 [com.tq.yuxuan.xxljob.task.MyTask#demoJobHandler]-[44]-[xxl-job, JobThread-4-1662601239020] 2022-02-28 21:21:51.100000 account insert order, id = strategy1_28, price = 4731.0, direction = ORDER_DIRECTION.SELL, code = rb999.shfe
2022-09-08 09:41:08 [com.tq.yuxuan.xxljob.task.MyTask#demoJobHandler]-[44]-[xxl-job, JobThread-4-1662601239020] 2022-02-28 21:21:51.200000 market receive order, id = strategy1_28, price = 4731.0, direction = ORDER_DIRECTION.SELL, code = rb999.shfe
2022-09-08 09:41:08 [com.tq.yuxuan.xxljob.task.MyTask#demoJobHandler]-[44]-[xxl-job, JobThread-4-1662601239020] 2022-02-28 21:21:51.200000 market match order, id = strategy1_28, info = ('strategy1_28', 4, 4731.0, 1), code = rb999.shfe
2022-09-08 09:41:08 [com.tq.yuxuan.xxljob.task.MyTask#demoJobHandler]-[44]-[xxl-job, JobThread-4-1662601239020] 2022-02-28 21:22:04.100000 account insert order, id = strategy0_28, price = 4732.0, direction = ORDER_DIRECTION.SELL, code = rb888.shfe
2022-09-08 09:41:08 [com.tq.yuxuan.xxljob.task.MyTask#demoJobHandler]-[44]-[xxl-job, JobThread-4-1662601239020] 2022-02-28 21:22:04.200000 market receive order, id = strategy0_28, price = 4732.0, direction = ORDER_DIRECTION.SELL, code = rb888.shfe
2022-09-08 09:41:08 [com.tq.yuxuan.xxljob.task.MyTask#demoJobHandler]-[44]-[xxl-job, JobThread-4-1662601239020] 2022-02-28 21:22:05.100000 account insert order, id = strategy1_29, price = 4730.0, direction = ORDER_DIRECTION.BUY, code = rb888.shfe
2022-09-08 09:41:08 [com.tq.yuxuan.xxljob.task.MyTask#demoJobHandler]-[44]-[xxl-job, JobThread-4-1662601239020] 2022-02-28 21:22:05.200000 market receive order, id = strategy1_29, price = 4730.0, direction = ORDER_DIRECTION.BUY, code = rb888.shfe
2022-09-08 09:41:08 [com.tq.yuxuan.xxljob.task.MyTask#demoJobHandler]-[44]-[xxl-job, JobThread-4-1662601239020] 2022-02-28 21:22:06.100000 account cancel order, id = strategy0_28, price = 4732.0, direction = ORDER_DIRECTION.SELL, code = rb888.shfe
2022-09-08 09:41:08 [com.tq.yuxuan.xxljob.task.MyTask#demoJobHandler]-[44]-[xxl-job, JobThread-4-1662601239020] 2022-02-28 21:22:06.200000 market match order, id = strategy0_28, info = ('strategy0_28', 5, None, None), code = rb888.shfe
2022-09-08 09:41:08 [com.tq.yuxuan.xxljob.task.MyTask#demoJobHandler]-[44]-[xxl-job, JobThread-4-1662601239020] 2022-02-28 21:22:07.100000 market match order, id = strategy1_29, info = ('strategy1_29', 4, 4730.0, 1), code = rb888.shfe
2022-09-08 09:41:08 [com.tq.yuxuan.xxljob.task.MyTask#demoJobHandler]-[44]-[xxl-job, JobThread-4-1662601239020] 2022-02-28 21:22:15.100000 account insert order, id = strategy0_29, price = 4732.0, direction = ORDER_DIRECTION.SELL, code = rb888.shfe
2022-09-08 09:41:08 [com.tq.yuxuan.xxljob.task.MyTask#demoJobHandler]-[44]-[xxl-job, JobThread-4-1662601239020] 2022-02-28 21:22:15.200000 market receive order, id = strategy0_29, price = 4732.0, direction = ORDER_DIRECTION.SELL, code = rb888.shfe
2022-09-08 09:41:08 [com.tq.yuxuan.xxljob.task.MyTask#demoJobHandler]-[44]-[xxl-job, JobThread-4-1662601239020] 2022-02-28 21:22:18.100000 account cancel order, id = strategy0_29, price = 4732.0, direction = ORDER_DIRECTION.SELL, code = rb888.shfe
2022-09-08 09:41:08 [com.tq.yuxuan.xxljob.task.MyTask#demoJobHandler]-[44]-[xxl-job, JobThread-4-1662601239020] 2022-02-28 21:22:18.200000 market match order, id = strategy0_29, info = ('strategy0_29', 5, None, None), code = rb888.shfe
2022-09-08 09:41:08 [com.tq.yuxuan.xxljob.task.MyTask#demoJobHandler]-[44]-[xxl-job, JobThread-4-1662601239020] 2022-02-28 21:22:38.100000 account insert order, id = strategy1_30, price = 4732.0, direction = ORDER_DIRECTION.BUY, code = rb888.shfe
2022-09-08 09:41:08 [com.tq.yuxuan.xxljob.task.MyTask#demoJobHandler]-[44]-[xxl-job, JobThread-4-1662601239020] 2022-02-28 21:22:38.200000 market receive order, id = strategy1_30, price = 4732.0, direction = ORDER_DIRECTION.BUY, code = rb888.shfe
2022-09-08 09:41:08 [com.tq.yuxuan.xxljob.task.MyTask#demoJobHandler]-[44]-[xxl-job, JobThread-4-1662601239020] 2022-02-28 21:22:40.100000 account cancel order, id = strategy1_30, price = 4732.0, direction = ORDER_DIRECTION.BUY, code = rb888.shfe
2022-09-08 09:41:08 [com.tq.yuxuan.xxljob.task.MyTask#demoJobHandler]-[44]-[xxl-job, JobThread-4-1662601239020] 2022-02-28 21:22:40.200000 market match order, id = strategy1_30, info = ('strategy1_30', 5, None, None), code = rb888.shfe
2022-09-08 09:41:08 [com.tq.yuxuan.xxljob.task.MyTask#demoJobHandler]-[44]-[xxl-job, JobThread-4-1662601239020] 2022-02-28 21:22:44.100000 account insert order, id = strategy0_30, price = 4732.0, direction = ORDER_DIRECTION.BUY, code = rb888.shfe
2022-09-08 09:41:08 [com.tq.yuxuan.xxljob.task.MyTask#demoJobHandler]-[44]-[xxl-job, JobThread-4-1662601239020] 2022-02-28 21:22:44.200000 market receive order, id = strategy0_30, price = 4732.0, direction = ORDER_DIRECTION.BUY, code = rb888.shfe
2022-09-08 09:41:08 [com.tq.yuxuan.xxljob.task.MyTask#demoJobHandler]-[44]-[xxl-job, JobThread-4-1662601239020] 2022-02-28 21:22:46.100000 account cancel order, id = strategy0_30, price = 4732.0, direction = ORDER_DIRECTION.BUY, code = rb888.shfe
2022-09-08 09:41:08 [com.tq.yuxuan.xxljob.task.MyTask#demoJobHandler]-[44]-[xxl-job, JobThread-4-1662601239020] 2022-02-28 21:22:46.200000 market match order, id = strategy0_30, info = ('strategy0_30', 5, None, None), code = rb888.shfe
2022-09-08 09:41:08 [com.tq.yuxuan.xxljob.task.MyTask#demoJobHandler]-[44]-[xxl-job, JobThread-4-1662601239020] 2022-02-28 21:22:49.100000 account insert order, id = strategy1_31, price = 4733.0, direction = ORDER_DIRECTION.SELL, code = rb888.shfe
2022-09-08 09:41:08 [com.tq.yuxuan.xxljob.task.MyTask#demoJobHandler]-[44]-[xxl-job, JobThread-4-1662601239020] 2022-02-28 21:22:49.200000 market receive order, id = strategy1_31, price = 4733.0, direction = ORDER_DIRECTION.SELL, code = rb888.shfe
2022-09-08 09:41:08 [com.tq.yuxuan.xxljob.task.MyTask#demoJobHandler]-[44]-[xxl-job, JobThread-4-1662601239020] 2022-02-28 21:22:49.200000 market match order, id = strategy1_31, info = ('strategy1_31', 4, 4733.0, 1), code = rb888.shfe
2022-09-08 09:41:08 [com.tq.yuxuan.xxljob.task.MyTask#demoJobHandler]-[44]-[xxl-job, JobThread-4-1662601239020] 2022-02-28 21:22:51.100000 account insert order, id = strategy0_31, price = 4732.0, direction = ORDER_DIRECTION.BUY, code = rb999.shfe
2022-09-08 09:41:08 [com.tq.yuxuan.xxljob.task.MyTask#demoJobHandler]-[44]-[xxl-job, JobThread-4-1662601239020] 2022-02-28 21:22:51.100000 account insert order, id = strategy1_32, price = 4732.0, direction = ORDER_DIRECTION.BUY, code = rb888.shfe
2022-09-08 09:41:08 [com.tq.yuxuan.xxljob.task.MyTask#demoJobHandler]-[44]-[xxl-job, JobThread-4-1662601239020] 2022-02-28 21:22:51.200000 market receive order, id = strategy0_31, price = 4732.0, direction = ORDER_DIRECTION.BUY, code = rb999.shfe
2022-09-08 09:41:08 [com.tq.yuxuan.xxljob.task.MyTask#demoJobHandler]-[44]-[xxl-job, JobThread-4-1662601239020] 2022-02-28 21:22:51.200000 market receive order, id = strategy1_32, price = 4732.0, direction = ORDER_DIRECTION.BUY, code = rb888.shfe
2022-09-08 09:41:08 [com.tq.yuxuan.xxljob.task.MyTask#demoJobHandler]-[44]-[xxl-job, JobThread-4-1662601239020] 2022-02-28 21:22:53.100000 account cancel order, id = strategy0_31, price = 4732.0, direction = ORDER_DIRECTION.BUY, code = rb999.shfe
2022-09-08 09:41:08 [com.tq.yuxuan.xxljob.task.MyTask#demoJobHandler]-[44]-[xxl-job, JobThread-4-1662601239020] 2022-02-28 21:22:53.200000 market match order, id = strategy0_31, info = ('strategy0_31', 5, None, None), code = rb999.shfe
2022-09-08 09:41:08 [com.tq.yuxuan.xxljob.task.MyTask#demoJobHandler]-[44]-[xxl-job, JobThread-4-1662601239020] 2022-02-28 21:22:55.100000 account cancel order, id = strategy1_32, price = 4732.0, direction = ORDER_DIRECTION.BUY, code = rb888.shfe
2022-09-08 09:41:08 [com.tq.yuxuan.xxljob.task.MyTask#demoJobHandler]-[44]-[xxl-job, JobThread-4-1662601239020] 2022-02-28 21:22:55.200000 market match order, id = strategy1_32, info = ('strategy1_32', 5, None, None), code = rb888.shfe
2022-09-08 09:41:08 [com.tq.yuxuan.xxljob.task.MyTask#demoJobHandler]-[44]-[xxl-job, JobThread-4-1662601239020] 2022-02-28 21:22:58.100000 account insert order, id = strategy1_33, price = 4733.0, direction = ORDER_DIRECTION.BUY, code = rb888.shfe
2022-09-08 09:41:08 [com.tq.yuxuan.xxljob.task.MyTask#demoJobHandler]-[44]-[xxl-job, JobThread-4-1662601239020] 2022-02-28 21:22:58.200000 market receive order, id = strategy1_33, price = 4733.0, direction = ORDER_DIRECTION.BUY, code = rb888.shfe
2022-09-08 09:41:08 [com.tq.yuxuan.xxljob.task.MyTask#demoJobHandler]-[44]-[xxl-job, JobThread-4-1662601239020] 2022-02-28 21:22:58.200000 market match order, id = strategy1_33, info = ('strategy1_33', 4, 4733.0, 1), code = rb888.shfe
2022-09-08 09:41:08 [com.tq.yuxuan.xxljob.task.MyTask#demoJobHandler]-[44]-[xxl-job, JobThread-4-1662601239020] 2022-02-28 21:23:32.100000 account insert order, id = strategy0_32, price = 4731.0, direction = ORDER_DIRECTION.BUY, code = rb999.shfe
2022-09-08 09:41:08 [com.tq.yuxuan.xxljob.task.MyTask#demoJobHandler]-[44]-[xxl-job, JobThread-4-1662601239020] 2022-02-28 21:23:32.200000 market receive order, id = strategy0_32, price = 4731.0, direction = ORDER_DIRECTION.BUY, code = rb999.shfe
2022-09-08 09:41:08 [com.tq.yuxuan.xxljob.task.MyTask#demoJobHandler]-[44]-[xxl-job, JobThread-4-1662601239020] 2022-02-28 21:23:34.100000 account cancel order, id = strategy0_32, price = 4731.0, direction = ORDER_DIRECTION.BUY, code = rb999.shfe
2022-09-08 09:41:08 [com.tq.yuxuan.xxljob.task.MyTask#demoJobHandler]-[44]-[xxl-job, JobThread-4-1662601239020] 2022-02-28 21:23:34.200000 market match order, id = strategy0_32, info = ('strategy0_32', 5, None, None), code = rb999.shfe
2022-09-08 09:41:09 [com.tq.yuxuan.xxljob.task.MyTask#demoJobHandler]-[44]-[xxl-job, JobThread-4-1662601239020] 2022-02-28 21:24:21.100000 account insert order, id = strategy0_33, price = 4732.0, direction = ORDER_DIRECTION.BUY, code = rb999.shfe
2022-09-08 09:41:09 [com.tq.yuxuan.xxljob.task.MyTask#demoJobHandler]-[44]-[xxl-job, JobThread-4-1662601239020] 2022-02-28 21:24:21.200000 market receive order, id = strategy0_33, price = 4732.0, direction = ORDER_DIRECTION.BUY, code = rb999.shfe
2022-09-08 09:41:09 [com.tq.yuxuan.xxljob.task.MyTask#demoJobHandler]-[44]-[xxl-job, JobThread-4-1662601239020] 2022-02-28 21:24:23.100000 account cancel order, id = strategy0_33, price = 4732.0, direction = ORDER_DIRECTION.BUY, code = rb999.shfe
2022-09-08 09:41:09 [com.tq.yuxuan.xxljob.task.MyTask#demoJobHandler]-[44]-[xxl-job, JobThread-4-1662601239020] 2022-02-28 21:24:23.200000 market match order, id = strategy0_33, info = ('strategy0_33', 5, None, None), code = rb999.shfe
2022-09-08 09:41:09 [com.tq.yuxuan.xxljob.task.MyTask#demoJobHandler]-[44]-[xxl-job, JobThread-4-1662601239020] 2022-02-28 21:24:25.100000 account insert order, id = strategy1_34, price = 4731.0, direction = ORDER_DIRECTION.BUY, code = rb999.shfe
2022-09-08 09:41:09 [com.tq.yuxuan.xxljob.task.MyTask#demoJobHandler]-[44]-[xxl-job, JobThread-4-1662601239020] 2022-02-28 21:24:25.200000 market receive order, id = strategy1_34, price = 4731.0, direction = ORDER_DIRECTION.BUY, code = rb999.shfe
2022-09-08 09:41:09 [com.tq.yuxuan.xxljob.task.MyTask#demoJobHandler]-[44]-[xxl-job, JobThread-4-1662601239020] 2022-02-28 21:24:28.100000 market match order, id = strategy1_34, info = ('strategy1_34', 4, 4731.0, 1), code = rb999.shfe
2022-09-08 09:41:09 [com.tq.yuxuan.xxljob.task.MyTask#demoJobHandler]-[44]-[xxl-job, JobThread-4-1662601239020] 2022-02-28 21:24:41.100000 account insert order, id = strategy1_35, price = 4732.0, direction = ORDER_DIRECTION.SELL, code = rb888.shfe
2022-09-08 09:41:09 [com.tq.yuxuan.xxljob.task.MyTask#demoJobHandler]-[44]-[xxl-job, JobThread-4-1662601239020] 2022-02-28 21:24:41.200000 market receive order, id = strategy1_35, price = 4732.0, direction = ORDER_DIRECTION.SELL, code = rb888.shfe
2022-09-08 09:41:09 [com.tq.yuxuan.xxljob.task.MyTask#demoJobHandler]-[44]-[xxl-job, JobThread-4-1662601239020] 2022-02-28 21:24:44.100000 account cancel order, id = strategy1_35, price = 4732.0, direction = ORDER_DIRECTION.SELL, code = rb888.shfe
2022-09-08 09:41:09 [com.tq.yuxuan.xxljob.task.MyTask#demoJobHandler]-[44]-[xxl-job, JobThread-4-1662601239020] 2022-02-28 21:24:44.200000 market match order, id = strategy1_35, info = ('strategy1_35', 5, None, None), code = rb888.shfe
2022-09-08 09:41:09 [com.tq.yuxuan.xxljob.task.MyTask#demoJobHandler]-[44]-[xxl-job, JobThread-4-1662601239020] 2022-02-28 21:25:00.100000 account insert order, id = strategy1_36, price = 4732.0, direction = ORDER_DIRECTION.SELL, code = rb999.shfe
2022-09-08 09:41:09 [com.tq.yuxuan.xxljob.task.MyTask#demoJobHandler]-[44]-[xxl-job, JobThread-4-1662601239020] 2022-02-28 21:25:00.200000 market receive order, id = strategy1_36, price = 4732.0, direction = ORDER_DIRECTION.SELL, code = rb999.shfe
2022-09-08 09:41:09 [com.tq.yuxuan.xxljob.task.MyTask#demoJobHandler]-[44]-[xxl-job, JobThread-4-1662601239020] 2022-02-28 21:25:02.100000 account cancel order, id = strategy1_36, price = 4732.0, direction = ORDER_DIRECTION.SELL, code = rb999.shfe
2022-09-08 09:41:09 [com.tq.yuxuan.xxljob.task.MyTask#demoJobHandler]-[44]-[xxl-job, JobThread-4-1662601239020] 2022-02-28 21:25:02.200000 market match order, id = strategy1_36, info = ('strategy1_36', 5, None, None), code = rb999.shfe
2022-09-08 09:41:09 [com.tq.yuxuan.xxljob.task.MyTask#demoJobHandler]-[44]-[xxl-job, JobThread-4-1662601239020] 2022-02-28 21:25:11.100000 account insert order, id = strategy1_37, price = 4731.0, direction = ORDER_DIRECTION.BUY, code = rb999.shfe
2022-09-08 09:41:09 [com.tq.yuxuan.xxljob.task.MyTask#demoJobHandler]-[44]-[xxl-job, JobThread-4-1662601239020] 2022-02-28 21:25:11.200000 market receive order, id = strategy1_37, price = 4731.0, direction = ORDER_DIRECTION.BUY, code = rb999.shfe
2022-09-08 09:41:09 [com.tq.yuxuan.xxljob.task.MyTask#demoJobHandler]-[44]-[xxl-job, JobThread-4-1662601239020] 2022-02-28 21:25:12.100000 account cancel order, id = strategy1_37, price = 4731.0, direction = ORDER_DIRECTION.BUY, code = rb999.shfe
2022-09-08 09:41:09 [com.tq.yuxuan.xxljob.task.MyTask#demoJobHandler]-[44]-[xxl-job, JobThread-4-1662601239020] 2022-02-28 21:25:12.200000 market match order, id = strategy1_37, info = ('strategy1_37', 5, None, None), code = rb999.shfe
2022-09-08 09:41:09 [com.tq.yuxuan.xxljob.task.MyTask#demoJobHandler]-[44]-[xxl-job, JobThread-4-1662601239020] 2022-02-28 21:25:16.100000 account insert order, id = strategy0_34, price = 4732.0, direction = ORDER_DIRECTION.SELL, code = rb999.shfe
2022-09-08 09:41:09 [com.tq.yuxuan.xxljob.task.MyTask#demoJobHandler]-[44]-[xxl-job, JobThread-4-1662601239020] 2022-02-28 21:25:16.200000 market receive order, id = strategy0_34, price = 4732.0, direction = ORDER_DIRECTION.SELL, code = rb999.shfe
2022-09-08 09:41:09 [com.tq.yuxuan.xxljob.task.MyTask#demoJobHandler]-[44]-[xxl-job, JobThread-4-1662601239020] 2022-02-28 21:25:17.100000 account cancel order, id = strategy0_34, price = 4732.0, direction = ORDER_DIRECTION.SELL, code = rb999.shfe
2022-09-08 09:41:09 [com.tq.yuxuan.xxljob.task.MyTask#demoJobHandler]-[44]-[xxl-job, JobThread-4-1662601239020] 2022-02-28 21:25:17.200000 market match order, id = strategy0_34, info = ('strategy0_34', 5, None, None), code = rb999.shfe
2022-09-08 09:41:09 [com.tq.yuxuan.xxljob.task.MyTask#demoJobHandler]-[44]-[xxl-job, JobThread-4-1662601239020] 2022-02-28 21:25:26.100000 account insert order, id = strategy1_38, price = 4731.0, direction = ORDER_DIRECTION.SELL, code = rb999.shfe
2022-09-08 09:41:09 [com.tq.yuxuan.xxljob.task.MyTask#demoJobHandler]-[44]-[xxl-job, JobThread-4-1662601239020] 2022-02-28 21:25:26.200000 market receive order, id = strategy1_38, price = 4731.0, direction = ORDER_DIRECTION.SELL, code = rb999.shfe
2022-09-08 09:41:09 [com.tq.yuxuan.xxljob.task.MyTask#demoJobHandler]-[44]-[xxl-job, JobThread-4-1662601239020] 2022-02-28 21:25:34.100000 account cancel order, id = strategy1_38, price = 4731.0, direction = ORDER_DIRECTION.SELL, code = rb999.shfe
2022-09-08 09:41:09 [com.tq.yuxuan.xxljob.task.MyTask#demoJobHandler]-[44]-[xxl-job, JobThread-4-1662601239020] 2022-02-28 21:25:34.200000 market match order, id = strategy1_38, info = ('strategy1_38', 5, None, None), code = rb999.shfe
2022-09-08 09:41:09 [com.tq.yuxuan.xxljob.task.MyTask#demoJobHandler]-[44]-[xxl-job, JobThread-4-1662601239020] 2022-02-28 21:25:53.100000 account insert order, id = strategy0_35, price = 4728.0, direction = ORDER_DIRECTION.BUY, code = rb888.shfe
2022-09-08 09:41:09 [com.tq.yuxuan.xxljob.task.MyTask#demoJobHandler]-[44]-[xxl-job, JobThread-4-1662601239020] 2022-02-28 21:25:53.200000 market receive order, id = strategy0_35, price = 4728.0, direction = ORDER_DIRECTION.BUY, code = rb888.shfe
2022-09-08 09:41:09 [com.tq.yuxuan.xxljob.task.MyTask#demoJobHandler]-[44]-[xxl-job, JobThread-4-1662601239020] 2022-02-28 21:25:56.100000 account cancel order, id = strategy0_35, price = 4728.0, direction = ORDER_DIRECTION.BUY, code = rb888.shfe
2022-09-08 09:41:09 [com.tq.yuxuan.xxljob.task.MyTask#demoJobHandler]-[44]-[xxl-job, JobThread-4-1662601239020] 2022-02-28 21:25:56.200000 market match order, id = strategy0_35, info = ('strategy0_35', 5, None, None), code = rb888.shfe
2022-09-08 09:41:09 [com.tq.yuxuan.xxljob.task.MyTask#demoJobHandler]-[44]-[xxl-job, JobThread-4-1662601239020] 2022-02-28 21:26:49.100000 account insert order, id = strategy0_36, price = 4727.0, direction = ORDER_DIRECTION.SELL, code = rb999.shfe
2022-09-08 09:41:09 [com.tq.yuxuan.xxljob.task.MyTask#demoJobHandler]-[44]-[xxl-job, JobThread-4-1662601239020] 2022-02-28 21:26:49.200000 market receive order, id = strategy0_36, price = 4727.0, direction = ORDER_DIRECTION.SELL, code = rb999.shfe
2022-09-08 09:41:09 [com.tq.yuxuan.xxljob.task.MyTask#demoJobHandler]-[44]-[xxl-job, JobThread-4-1662601239020] 2022-02-28 21:26:49.200000 market match order, id = strategy0_36, info = ('strategy0_36', 4, 4727.0, 1), code = rb999.shfe
2022-09-08 09:41:09 [com.tq.yuxuan.xxljob.task.MyTask#demoJobHandler]-[44]-[xxl-job, JobThread-4-1662601239020] 2022-02-28 21:27:00.100000 account insert order, id = strategy0_37, price = 4726.0, direction = ORDER_DIRECTION.BUY, code = rb999.shfe
2022-09-08 09:41:09 [com.tq.yuxuan.xxljob.task.MyTask#demoJobHandler]-[44]-[xxl-job, JobThread-4-1662601239020] 2022-02-28 21:27:00.200000 market receive order, id = strategy0_37, price = 4726.0, direction = ORDER_DIRECTION.BUY, code = rb999.shfe
2022-09-08 09:41:09 [com.tq.yuxuan.xxljob.task.MyTask#demoJobHandler]-[44]-[xxl-job, JobThread-4-1662601239020] 2022-02-28 21:27:02.100000 account cancel order, id = strategy0_37, price = 4726.0, direction = ORDER_DIRECTION.BUY, code = rb999.shfe
2022-09-08 09:41:09 [com.tq.yuxuan.xxljob.task.MyTask#demoJobHandler]-[44]-[xxl-job, JobThread-4-1662601239020] 2022-02-28 21:27:02.200000 market match order, id = strategy0_37, info = ('strategy0_37', 5, None, None), code = rb999.shfe
2022-09-08 09:41:09 [com.tq.yuxuan.xxljob.task.MyTask#demoJobHandler]-[44]-[xxl-job, JobThread-4-1662601239020] 2022-02-28 21:27:51.100000 account insert order, id = strategy0_38, price = 4729.0, direction = ORDER_DIRECTION.SELL, code = rb888.shfe
2022-09-08 09:41:09 [com.tq.yuxuan.xxljob.task.MyTask#demoJobHandler]-[44]-[xxl-job, JobThread-4-1662601239020] 2022-02-28 21:27:51.200000 market receive order, id = strategy0_38, price = 4729.0, direction = ORDER_DIRECTION.SELL, code = rb888.shfe
2022-09-08 09:41:09 [com.tq.yuxuan.xxljob.task.MyTask#demoJobHandler]-[44]-[xxl-job, JobThread-4-1662601239020] 2022-02-28 21:27:53.100000 account insert order, id = strategy0_39, price = 4728.0, direction = ORDER_DIRECTION.SELL, code = rb888.shfe
2022-09-08 09:41:09 [com.tq.yuxuan.xxljob.task.MyTask#demoJobHandler]-[44]-[xxl-job, JobThread-4-1662601239020] 2022-02-28 21:27:53.100000 account cancel order, id = strategy0_38, price = 4729.0, direction = ORDER_DIRECTION.SELL, code = rb888.shfe
2022-09-08 09:41:09 [com.tq.yuxuan.xxljob.task.MyTask#demoJobHandler]-[44]-[xxl-job, JobThread-4-1662601239020] 2022-02-28 21:27:53.200000 market receive order, id = strategy0_39, price = 4728.0, direction = ORDER_DIRECTION.SELL, code = rb888.shfe
2022-09-08 09:41:09 [com.tq.yuxuan.xxljob.task.MyTask#demoJobHandler]-[44]-[xxl-job, JobThread-4-1662601239020] 2022-02-28 21:27:53.200000 market match order, id = strategy0_39, info = ('strategy0_39', 4, 4728.0, 1), code = rb888.shfe
2022-09-08 09:41:09 [com.tq.yuxuan.xxljob.task.MyTask#demoJobHandler]-[44]-[xxl-job, JobThread-4-1662601239020] 2022-02-28 21:27:53.200000 market match order, id = strategy0_38, info = ('strategy0_38', 5, None, None), code = rb888.shfe
2022-09-08 09:41:09 [com.tq.yuxuan.xxljob.task.MyTask#demoJobHandler]-[44]-[xxl-job, JobThread-4-1662601239020] 2022-02-28 21:28:00.100000 account insert order, id = strategy1_39, price = 4727.0, direction = ORDER_DIRECTION.BUY, code = rb888.shfe
2022-09-08 09:41:09 [com.tq.yuxuan.xxljob.task.MyTask#demoJobHandler]-[44]-[xxl-job, JobThread-4-1662601239020] 2022-02-28 21:28:00.200000 market receive order, id = strategy1_39, price = 4727.0, direction = ORDER_DIRECTION.BUY, code = rb888.shfe
2022-09-08 09:41:09 [com.tq.yuxuan.xxljob.task.MyTask#demoJobHandler]-[44]-[xxl-job, JobThread-4-1662601239020] 2022-02-28 21:28:01.100000 account cancel order, id = strategy1_39, price = 4727.0, direction = ORDER_DIRECTION.BUY, code = rb888.shfe
2022-09-08 09:41:09 [com.tq.yuxuan.xxljob.task.MyTask#demoJobHandler]-[44]-[xxl-job, JobThread-4-1662601239020] 2022-02-28 21:28:01.200000 market match order, id = strategy1_39, info = ('strategy1_39', 5, None, None), code = rb888.shfe
2022-09-08 09:41:09 [com.tq.yuxuan.xxljob.task.MyTask#demoJobHandler]-[44]-[xxl-job, JobThread-4-1662601239020] 2022-02-28 21:28:03.100000 account insert order, id = strategy0_40, price = 4729.0, direction = ORDER_DIRECTION.SELL, code = rb999.shfe
2022-09-08 09:41:09 [com.tq.yuxuan.xxljob.task.MyTask#demoJobHandler]-[44]-[xxl-job, JobThread-4-1662601239020] 2022-02-28 21:28:03.200000 market receive order, id = strategy0_40, price = 4729.0, direction = ORDER_DIRECTION.SELL, code = rb999.shfe
2022-09-08 09:41:09 [com.tq.yuxuan.xxljob.task.MyTask#demoJobHandler]-[44]-[xxl-job, JobThread-4-1662601239020] 2022-02-28 21:28:04.100000 account cancel order, id = strategy0_40, price = 4729.0, direction = ORDER_DIRECTION.SELL, code = rb999.shfe
2022-09-08 09:41:09 [com.tq.yuxuan.xxljob.task.MyTask#demoJobHandler]-[44]-[xxl-job, JobThread-4-1662601239020] 2022-02-28 21:28:04.200000 market match order, id = strategy0_40, info = ('strategy0_40', 5, None, None), code = rb999.shfe
2022-09-08 09:41:09 [com.tq.yuxuan.xxljob.task.MyTask#demoJobHandler]-[44]-[xxl-job, JobThread-4-1662601239020] 2022-02-28 21:28:31.100000 account insert order, id = strategy0_41, price = 4727.0, direction = ORDER_DIRECTION.SELL, code = rb999.shfe
2022-09-08 09:41:09 [com.tq.yuxuan.xxljob.task.MyTask#demoJobHandler]-[44]-[xxl-job, JobThread-4-1662601239020] 2022-02-28 21:28:31.200000 market receive order, id = strategy0_41, price = 4727.0, direction = ORDER_DIRECTION.SELL, code = rb999.shfe
2022-09-08 09:41:09 [com.tq.yuxuan.xxljob.task.MyTask#demoJobHandler]-[44]-[xxl-job, JobThread-4-1662601239020] 2022-02-28 21:28:32.100000 account cancel order, id = strategy0_41, price = 4727.0, direction = ORDER_DIRECTION.SELL, code = rb999.shfe
2022-09-08 09:41:09 [com.tq.yuxuan.xxljob.task.MyTask#demoJobHandler]-[44]-[xxl-job, JobThread-4-1662601239020] 2022-02-28 21:28:32.200000 market match order, id = strategy0_41, info = ('strategy0_41', 5, None, None), code = rb999.shfe
2022-09-08 09:41:09 [com.tq.yuxuan.xxljob.task.MyTask#demoJobHandler]-[44]-[xxl-job, JobThread-4-1662601239020] 2022-02-28 21:29:11.100000 account insert order, id = strategy0_42, price = 4729.0, direction = ORDER_DIRECTION.SELL, code = rb999.shfe
2022-09-08 09:41:09 [com.tq.yuxuan.xxljob.task.MyTask#demoJobHandler]-[44]-[xxl-job, JobThread-4-1662601239020] 2022-02-28 21:29:11.200000 market receive order, id = strategy0_42, price = 4729.0, direction = ORDER_DIRECTION.SELL, code = rb999.shfe
2022-09-08 09:41:09 [com.tq.yuxuan.xxljob.task.MyTask#demoJobHandler]-[44]-[xxl-job, JobThread-4-1662601239020] 2022-02-28 21:29:14.100000 market match order, id = strategy0_42, info = ('strategy0_42', 4, 4729.0, 1), code = rb999.shfe
2022-09-08 09:41:09 [com.tq.yuxuan.xxljob.task.MyTask#demoJobHandler]-[44]-[xxl-job, JobThread-4-1662601239020] 2022-02-28 21:29:16.100000 account insert order, id = strategy1_40, price = 4730.0, direction = ORDER_DIRECTION.SELL, code = rb999.shfe
2022-09-08 09:41:09 [com.tq.yuxuan.xxljob.task.MyTask#demoJobHandler]-[44]-[xxl-job, JobThread-4-1662601239020] 2022-02-28 21:29:16.200000 market receive order, id = strategy1_40, price = 4730.0, direction = ORDER_DIRECTION.SELL, code = rb999.shfe
2022-09-08 09:41:09 [com.tq.yuxuan.xxljob.task.MyTask#demoJobHandler]-[44]-[xxl-job, JobThread-4-1662601239020] 2022-02-28 21:29:17.100000 account cancel order, id = strategy1_40, price = 4730.0, direction = ORDER_DIRECTION.SELL, code = rb999.shfe
2022-09-08 09:41:09 [com.tq.yuxuan.xxljob.task.MyTask#demoJobHandler]-[44]-[xxl-job, JobThread-4-1662601239020] 2022-02-28 21:29:17.200000 market match order, id = strategy1_40, info = ('strategy1_40', 5, None, None), code = rb999.shfe
2022-09-08 09:41:09 [com.tq.yuxuan.xxljob.task.MyTask#demoJobHandler]-[44]-[xxl-job, JobThread-4-1662601239020] 2022-02-28 21:29:18.100000 account insert order, id = strategy1_41, price = 4729.0, direction = ORDER_DIRECTION.SELL, code = rb888.shfe
2022-09-08 09:41:09 [com.tq.yuxuan.xxljob.task.MyTask#demoJobHandler]-[44]-[xxl-job, JobThread-4-1662601239020] 2022-02-28 21:29:18.200000 market receive order, id = strategy1_41, price = 4729.0, direction = ORDER_DIRECTION.SELL, code = rb888.shfe
2022-09-08 09:41:09 [com.tq.yuxuan.xxljob.task.MyTask#demoJobHandler]-[44]-[xxl-job, JobThread-4-1662601239020] 2022-02-28 21:29:20.100000 account cancel order, id = strategy1_41, price = 4729.0, direction = ORDER_DIRECTION.SELL, code = rb888.shfe
2022-09-08 09:41:09 [com.tq.yuxuan.xxljob.task.MyTask#demoJobHandler]-[44]-[xxl-job, JobThread-4-1662601239020] 2022-02-28 21:29:20.200000 market match order, id = strategy1_41, info = ('strategy1_41', 5, None, None), code = rb888.shfe
2022-09-08 09:41:09 [com.tq.yuxuan.xxljob.task.MyTask#demoJobHandler]-[44]-[xxl-job, JobThread-4-1662601239020] strategy0 {'rb888.shfe': [('strategy0_0', 5, None, None), ('strategy0_1', 5, None, None), ('strategy0_3', 5, None, None), ('strategy0_4', 4, 4726.0, 1), ('strategy0_6', 5, None, None), ('strategy0_7', 5, None, None), ('strategy0_8', 4, 4725.0, 1), ('strategy0_9', 5, None, None), ('strategy0_10', 4, 4726.0, 1), ('strategy0_12', 5, None, None), ('strategy0_15', 5, None, None), ('strategy0_16', 4, 4725.0, 1), ('strategy0_21', 4, 4731.0, 1), ('strategy0_22', 4, 4729.0, 1), ('strategy0_23', 5, None, None), ('strategy0_24', 5, None, None), ('strategy0_26', 5, None, None), ('strategy0_27', 5, None, None), ('strategy0_28', 5, None, None), ('strategy0_29', 5, None, None), ('strategy0_30', 5, None, None), ('strategy0_35', 5, None, None), ('strategy0_39', 4, 4728.0, 1), ('strategy0_38', 5, None, None)], 'rb999.shfe': [('strategy0_2', 5, None, None), ('strategy0_5', 4, 4726.0, 1), ('strategy0_11', 5, None, None), ('strategy0_13', 5, None, None), ('strategy0_14', 5, None, None), ('strategy0_17', 4, 4726.0, 1), ('strategy0_18', 5, None, None), ('strategy0_19', 5, None, None), ('strategy0_20', 4, 4731.0, 1), ('strategy0_25', 5, None, None), ('strategy0_31', 5, None, None), ('strategy0_32', 5, None, None), ('strategy0_33', 5, None, None), ('strategy0_34', 5, None, None), ('strategy0_36', 4, 4727.0, 1), ('strategy0_37', 5, None, None), ('strategy0_40', 5, None, None), ('strategy0_41', 5, None, None), ('strategy0_42', 4, 4729.0, 1)]}
2022-09-08 09:41:09 [com.tq.yuxuan.xxljob.task.MyTask#demoJobHandler]-[44]-[xxl-job, JobThread-4-1662601239020] strategy1 {'rb888.shfe': [('strategy1_0', 5, None, None), ('strategy1_5', 4, 4723.0, 1), ('strategy1_7', 5, None, None), ('strategy1_8', 5, None, None), ('strategy1_9', 5, None, None), ('strategy1_11', 5, None, None), ('strategy1_12', 4, 4725.0, 1), ('strategy1_13', 5, None, None), ('strategy1_14', 5, None, None), ('strategy1_20', 5, None, None), ('strategy1_21', 4, 4734.0, 1), ('strategy1_22', 4, 4729.0, 1), ('strategy1_24', 5, None, None), ('strategy1_25', 5, None, None), ('strategy1_27', 5, None, None), ('strategy1_29', 4, 4730.0, 1), ('strategy1_30', 5, None, None), ('strategy1_31', 4, 4733.0, 1), ('strategy1_32', 5, None, None), ('strategy1_33', 4, 4733.0, 1), ('strategy1_35', 5, None, None), ('strategy1_39', 5, None, None), ('strategy1_41', 5, None, None)], 'rb999.shfe': [('strategy1_1', 5, None, None), ('strategy1_2', 5, None, None), ('strategy1_3', 5, None, None), ('strategy1_4', 5, None, None), ('strategy1_6', 4, 4719.0, 1), ('strategy1_10', 5, None, None), ('strategy1_15', 5, None, None), ('strategy1_16', 4, 4727.0, 1), ('strategy1_17', 5, None, None), ('strategy1_18', 5, None, None), ('strategy1_19', 5, None, None), ('strategy1_23', 4, 4730.0, 1), ('strategy1_26', 5, None, None), ('strategy1_28', 4, 4731.0, 1), ('strategy1_34', 4, 4731.0, 1), ('strategy1_36', 5, None, None), ('strategy1_37', 5, None, None), ('strategy1_38', 5, None, None), ('strategy1_40', 5, None, None)]}
2022-09-08 09:41:09 [com.tq.yuxuan.xxljob.task.MyTask#demoJobHandler]-[54]-[xxl-job, JobThread-4-1662601239020] TransQuant tick回测任务完成.
2022-09-08 09:41:09 [com.xxl.job.core.thread.JobThread#run]-[179]-[xxl-job, JobThread-4-1662601239020] <br>----------- xxl-job job execute end(finish) -----------<br>----------- Result: handleCode=200, handleMsg = null
2022-09-08 09:41:09 [com.xxl.job.core.thread.TriggerCallbackThread#callbackLog]-[197]-[xxl-job, executor TriggerCallbackThread] <br>----------- xxl-job job callback finish.
