2022-09-08 09:41:16 [com.xxl.job.core.thread.JobThread#run]-[133]-[xxl-job, JobThread-4-1662601239020] <br>----------- xxl-job job execute start -----------<br>----------- Param:
2022-09-08 09:41:16 [com.tq.yuxuan.xxljob.task.MyTask#demoJobHandler]-[29]-[xxl-job, JobThread-4-1662601239020] TransQuant tick回测任务启动.
2022-09-08 09:41:16 [com.tq.yuxuan.xxljob.task.MyTask#demoJobHandler]-[35]-[xxl-job, JobThread-4-1662601239020] 分片参数：当前分片序号 = 0, 总分片数 = 1
2022-09-08 09:41:21 [com.tq.yuxuan.xxljob.task.MyTask#demoJobHandler]-[44]-[xxl-job, JobThread-4-1662601239020] inserting match-info timestep events...
2022-09-08 09:41:21 [com.tq.yuxuan.xxljob.task.MyTask#demoJobHandler]-[44]-[xxl-job, JobThread-4-1662601239020] inserting market timestep events...
2022-09-08 09:41:21 [com.tq.yuxuan.xxljob.task.MyTask#demoJobHandler]-[44]-[xxl-job, JobThread-4-1662601239020] inserting match-info timestep events...
2022-09-08 09:41:21 [com.tq.yuxuan.xxljob.task.MyTask#demoJobHandler]-[44]-[xxl-job, JobThread-4-1662601239020] 2022-02-28 21:00:00.100000 account insert order, id = strategy0_0, price = 4711.0, direction = ORDER_DIRECTION.BUY, code = rb999.shfe
2022-09-08 09:41:21 [com.tq.yuxuan.xxljob.task.MyTask#demoJobHandler]-[44]-[xxl-job, JobThread-4-1662601239020] 2022-02-28 21:00:00.200000 market receive order, id = strategy0_0, price = 4711.0, direction = ORDER_DIRECTION.BUY, code = rb999.shfe
2022-09-08 09:41:21 [com.tq.yuxuan.xxljob.task.MyTask#demoJobHandler]-[44]-[xxl-job, JobThread-4-1662601239020] 2022-02-28 21:00:05.100000 account cancel order, id = strategy0_0, price = 4711.0, direction = ORDER_DIRECTION.BUY, code = rb999.shfe
2022-09-08 09:41:21 [com.tq.yuxuan.xxljob.task.MyTask#demoJobHandler]-[44]-[xxl-job, JobThread-4-1662601239020] 2022-02-28 21:00:05.200000 market match order, id = strategy0_0, info = ('strategy0_0', 5, None, None), code = rb999.shfe
2022-09-08 09:41:21 [com.tq.yuxuan.xxljob.task.MyTask#demoJobHandler]-[44]-[xxl-job, JobThread-4-1662601239020] 2022-02-28 21:00:06.100000 account insert order, id = strategy1_0, price = 4717.0, direction = ORDER_DIRECTION.SELL, code = rb999.shfe
2022-09-08 09:41:21 [com.tq.yuxuan.xxljob.task.MyTask#demoJobHandler]-[44]-[xxl-job, JobThread-4-1662601239020] 2022-02-28 21:00:06.200000 market receive order, id = strategy1_0, price = 4717.0, direction = ORDER_DIRECTION.SELL, code = rb999.shfe
2022-09-08 09:41:21 [com.tq.yuxuan.xxljob.task.MyTask#demoJobHandler]-[44]-[xxl-job, JobThread-4-1662601239020] 2022-02-28 21:00:07.100000 account cancel order, id = strategy1_0, price = 4717.0, direction = ORDER_DIRECTION.SELL, code = rb999.shfe
2022-09-08 09:41:21 [com.tq.yuxuan.xxljob.task.MyTask#demoJobHandler]-[44]-[xxl-job, JobThread-4-1662601239020] 2022-02-28 21:00:07.200000 market match order, id = strategy1_0, info = ('strategy1_0', 5, None, None), code = rb999.shfe
2022-09-08 09:41:21 [com.tq.yuxuan.xxljob.task.MyTask#demoJobHandler]-[44]-[xxl-job, JobThread-4-1662601239020] 2022-02-28 21:00:25.100000 account insert order, id = strategy1_1, price = 4716.0, direction = ORDER_DIRECTION.BUY, code = rb999.shfe
2022-09-08 09:41:21 [com.tq.yuxuan.xxljob.task.MyTask#demoJobHandler]-[44]-[xxl-job, JobThread-4-1662601239020] 2022-02-28 21:00:25.200000 market receive order, id = strategy1_1, price = 4716.0, direction = ORDER_DIRECTION.BUY, code = rb999.shfe
2022-09-08 09:41:21 [com.tq.yuxuan.xxljob.task.MyTask#demoJobHandler]-[44]-[xxl-job, JobThread-4-1662601239020] 2022-02-28 21:00:27.100000 market match order, id = strategy1_1, info = ('strategy1_1', 4, 4716.0, 1), code = rb999.shfe
2022-09-08 09:41:21 [com.tq.yuxuan.xxljob.task.MyTask#demoJobHandler]-[44]-[xxl-job, JobThread-4-1662601239020] 2022-02-28 21:00:38.100000 account insert order, id = strategy1_2, price = 4718.0, direction = ORDER_DIRECTION.SELL, code = rb888.shfe
2022-09-08 09:41:21 [com.tq.yuxuan.xxljob.task.MyTask#demoJobHandler]-[44]-[xxl-job, JobThread-4-1662601239020] 2022-02-28 21:00:38.200000 market receive order, id = strategy1_2, price = 4718.0, direction = ORDER_DIRECTION.SELL, code = rb888.shfe
2022-09-08 09:41:21 [com.tq.yuxuan.xxljob.task.MyTask#demoJobHandler]-[44]-[xxl-job, JobThread-4-1662601239020] 2022-02-28 21:00:39.100000 market match order, id = strategy1_2, info = ('strategy1_2', 4, 4719.0, 1), code = rb888.shfe
2022-09-08 09:41:21 [com.tq.yuxuan.xxljob.task.MyTask#demoJobHandler]-[44]-[xxl-job, JobThread-4-1662601239020] 2022-02-28 21:00:46.100000 account insert order, id = strategy1_3, price = 4717.0, direction = ORDER_DIRECTION.BUY, code = rb888.shfe
2022-09-08 09:41:21 [com.tq.yuxuan.xxljob.task.MyTask#demoJobHandler]-[44]-[xxl-job, JobThread-4-1662601239020] 2022-02-28 21:00:46.200000 market receive order, id = strategy1_3, price = 4717.0, direction = ORDER_DIRECTION.BUY, code = rb888.shfe
2022-09-08 09:41:21 [com.tq.yuxuan.xxljob.task.MyTask#demoJobHandler]-[44]-[xxl-job, JobThread-4-1662601239020] 2022-02-28 21:00:46.200000 market match order, id = strategy1_3, info = ('strategy1_3', 4, 4717.0, 1), code = rb888.shfe
2022-09-08 09:41:21 [com.tq.yuxuan.xxljob.task.MyTask#demoJobHandler]-[44]-[xxl-job, JobThread-4-1662601239020] 2022-02-28 21:00:58.100000 account insert order, id = strategy1_4, price = 4715.0, direction = ORDER_DIRECTION.BUY, code = rb999.shfe
2022-09-08 09:41:21 [com.tq.yuxuan.xxljob.task.MyTask#demoJobHandler]-[44]-[xxl-job, JobThread-4-1662601239020] 2022-02-28 21:00:58.200000 market receive order, id = strategy1_4, price = 4715.0, direction = ORDER_DIRECTION.BUY, code = rb999.shfe
2022-09-08 09:41:21 [com.tq.yuxuan.xxljob.task.MyTask#demoJobHandler]-[44]-[xxl-job, JobThread-4-1662601239020] 2022-02-28 21:01:01.100000 account cancel order, id = strategy1_4, price = 4715.0, direction = ORDER_DIRECTION.BUY, code = rb999.shfe
2022-09-08 09:41:21 [com.tq.yuxuan.xxljob.task.MyTask#demoJobHandler]-[44]-[xxl-job, JobThread-4-1662601239020] 2022-02-28 21:01:01.200000 market match order, id = strategy1_4, info = ('strategy1_4', 5, None, None), code = rb999.shfe
2022-09-08 09:41:21 [com.tq.yuxuan.xxljob.task.MyTask#demoJobHandler]-[44]-[xxl-job, JobThread-4-1662601239020] 2022-02-28 21:01:11.100000 account insert order, id = strategy0_1, price = 4721.0, direction = ORDER_DIRECTION.SELL, code = rb999.shfe
2022-09-08 09:41:21 [com.tq.yuxuan.xxljob.task.MyTask#demoJobHandler]-[44]-[xxl-job, JobThread-4-1662601239020] 2022-02-28 21:01:11.200000 market receive order, id = strategy0_1, price = 4721.0, direction = ORDER_DIRECTION.SELL, code = rb999.shfe
2022-09-08 09:41:21 [com.tq.yuxuan.xxljob.task.MyTask#demoJobHandler]-[44]-[xxl-job, JobThread-4-1662601239020] 2022-02-28 21:01:12.100000 market match order, id = strategy0_1, info = ('strategy0_1', 4, 4721.0, 1), code = rb999.shfe
2022-09-08 09:41:21 [com.tq.yuxuan.xxljob.task.MyTask#demoJobHandler]-[44]-[xxl-job, JobThread-4-1662601239020] 2022-02-28 21:01:18.100000 account insert order, id = strategy0_2, price = 4725.0, direction = ORDER_DIRECTION.SELL, code = rb888.shfe
2022-09-08 09:41:21 [com.tq.yuxuan.xxljob.task.MyTask#demoJobHandler]-[44]-[xxl-job, JobThread-4-1662601239020] 2022-02-28 21:01:18.200000 market receive order, id = strategy0_2, price = 4725.0, direction = ORDER_DIRECTION.SELL, code = rb888.shfe
2022-09-08 09:41:21 [com.tq.yuxuan.xxljob.task.MyTask#demoJobHandler]-[44]-[xxl-job, JobThread-4-1662601239020] 2022-02-28 21:01:18.200000 market match order, id = strategy0_2, info = ('strategy0_2', 4, 4725.0, 1), code = rb888.shfe
2022-09-08 09:41:21 [com.tq.yuxuan.xxljob.task.MyTask#demoJobHandler]-[44]-[xxl-job, JobThread-4-1662601239020] 2022-02-28 21:02:17.100000 account insert order, id = strategy0_3, price = 4725.0, direction = ORDER_DIRECTION.SELL, code = rb999.shfe
2022-09-08 09:41:21 [com.tq.yuxuan.xxljob.task.MyTask#demoJobHandler]-[44]-[xxl-job, JobThread-4-1662601239020] 2022-02-28 21:02:17.200000 market receive order, id = strategy0_3, price = 4725.0, direction = ORDER_DIRECTION.SELL, code = rb999.shfe
2022-09-08 09:41:21 [com.tq.yuxuan.xxljob.task.MyTask#demoJobHandler]-[44]-[xxl-job, JobThread-4-1662601239020] 2022-02-28 21:02:18.100000 market match order, id = strategy0_3, info = ('strategy0_3', 4, 4725.0, 1), code = rb999.shfe
2022-09-08 09:41:21 [com.tq.yuxuan.xxljob.task.MyTask#demoJobHandler]-[44]-[xxl-job, JobThread-4-1662601239020] 2022-02-28 21:02:34.100000 account insert order, id = strategy1_5, price = 4727.0, direction = ORDER_DIRECTION.BUY, code = rb999.shfe
2022-09-08 09:41:21 [com.tq.yuxuan.xxljob.task.MyTask#demoJobHandler]-[44]-[xxl-job, JobThread-4-1662601239020] 2022-02-28 21:02:34.200000 market receive order, id = strategy1_5, price = 4727.0, direction = ORDER_DIRECTION.BUY, code = rb999.shfe
2022-09-08 09:41:21 [com.tq.yuxuan.xxljob.task.MyTask#demoJobHandler]-[44]-[xxl-job, JobThread-4-1662601239020] 2022-02-28 21:02:35.100000 account cancel order, id = strategy1_5, price = 4727.0, direction = ORDER_DIRECTION.BUY, code = rb999.shfe
2022-09-08 09:41:21 [com.tq.yuxuan.xxljob.task.MyTask#demoJobHandler]-[44]-[xxl-job, JobThread-4-1662601239020] 2022-02-28 21:02:35.200000 market match order, id = strategy1_5, info = ('strategy1_5', 5, None, None), code = rb999.shfe
2022-09-08 09:41:21 [com.tq.yuxuan.xxljob.task.MyTask#demoJobHandler]-[44]-[xxl-job, JobThread-4-1662601239020] 2022-02-28 21:02:37.100000 account insert order, id = strategy1_6, price = 4728.0, direction = ORDER_DIRECTION.SELL, code = rb999.shfe
2022-09-08 09:41:21 [com.tq.yuxuan.xxljob.task.MyTask#demoJobHandler]-[44]-[xxl-job, JobThread-4-1662601239020] 2022-02-28 21:02:37.200000 market receive order, id = strategy1_6, price = 4728.0, direction = ORDER_DIRECTION.SELL, code = rb999.shfe
2022-09-08 09:41:21 [com.tq.yuxuan.xxljob.task.MyTask#demoJobHandler]-[44]-[xxl-job, JobThread-4-1662601239020] 2022-02-28 21:02:38.100000 account cancel order, id = strategy1_6, price = 4728.0, direction = ORDER_DIRECTION.SELL, code = rb999.shfe
2022-09-08 09:41:21 [com.tq.yuxuan.xxljob.task.MyTask#demoJobHandler]-[44]-[xxl-job, JobThread-4-1662601239020] 2022-02-28 21:02:38.200000 market match order, id = strategy1_6, info = ('strategy1_6', 5, None, None), code = rb999.shfe
2022-09-08 09:41:21 [com.tq.yuxuan.xxljob.task.MyTask#demoJobHandler]-[44]-[xxl-job, JobThread-4-1662601239020] 2022-02-28 21:04:10.100000 account insert order, id = strategy0_4, price = 4728.0, direction = ORDER_DIRECTION.SELL, code = rb999.shfe
2022-09-08 09:41:21 [com.tq.yuxuan.xxljob.task.MyTask#demoJobHandler]-[44]-[xxl-job, JobThread-4-1662601239020] 2022-02-28 21:04:10.200000 market receive order, id = strategy0_4, price = 4728.0, direction = ORDER_DIRECTION.SELL, code = rb999.shfe
2022-09-08 09:41:21 [com.tq.yuxuan.xxljob.task.MyTask#demoJobHandler]-[44]-[xxl-job, JobThread-4-1662601239020] 2022-02-28 21:04:13.100000 account cancel order, id = strategy0_4, price = 4728.0, direction = ORDER_DIRECTION.SELL, code = rb999.shfe
2022-09-08 09:41:21 [com.tq.yuxuan.xxljob.task.MyTask#demoJobHandler]-[44]-[xxl-job, JobThread-4-1662601239020] 2022-02-28 21:04:13.200000 market match order, id = strategy0_4, info = ('strategy0_4', 5, None, None), code = rb999.shfe
2022-09-08 09:41:21 [com.tq.yuxuan.xxljob.task.MyTask#demoJobHandler]-[44]-[xxl-job, JobThread-4-1662601239020] 2022-02-28 21:04:30.100000 account insert order, id = strategy0_5, price = 4728.0, direction = ORDER_DIRECTION.SELL, code = rb999.shfe
2022-09-08 09:41:21 [com.tq.yuxuan.xxljob.task.MyTask#demoJobHandler]-[44]-[xxl-job, JobThread-4-1662601239020] 2022-02-28 21:04:30.200000 market receive order, id = strategy0_5, price = 4728.0, direction = ORDER_DIRECTION.SELL, code = rb999.shfe
2022-09-08 09:41:21 [com.tq.yuxuan.xxljob.task.MyTask#demoJobHandler]-[44]-[xxl-job, JobThread-4-1662601239020] 2022-02-28 21:04:31.100000 account cancel order, id = strategy0_5, price = 4728.0, direction = ORDER_DIRECTION.SELL, code = rb999.shfe
2022-09-08 09:41:21 [com.tq.yuxuan.xxljob.task.MyTask#demoJobHandler]-[44]-[xxl-job, JobThread-4-1662601239020] 2022-02-28 21:04:31.200000 market match order, id = strategy0_5, info = ('strategy0_5', 5, None, None), code = rb999.shfe
2022-09-08 09:41:21 [com.tq.yuxuan.xxljob.task.MyTask#demoJobHandler]-[44]-[xxl-job, JobThread-4-1662601239020] 2022-02-28 21:04:58.100000 account insert order, id = strategy0_6, price = 4725.0, direction = ORDER_DIRECTION.SELL, code = rb999.shfe
2022-09-08 09:41:21 [com.tq.yuxuan.xxljob.task.MyTask#demoJobHandler]-[44]-[xxl-job, JobThread-4-1662601239020] 2022-02-28 21:04:58.200000 market receive order, id = strategy0_6, price = 4725.0, direction = ORDER_DIRECTION.SELL, code = rb999.shfe
2022-09-08 09:41:21 [com.tq.yuxuan.xxljob.task.MyTask#demoJobHandler]-[44]-[xxl-job, JobThread-4-1662601239020] 2022-02-28 21:05:00.100000 market match order, id = strategy0_6, info = ('strategy0_6', 4, 4726.0, 1), code = rb999.shfe
2022-09-08 09:41:21 [com.tq.yuxuan.xxljob.task.MyTask#demoJobHandler]-[44]-[xxl-job, JobThread-4-1662601239020] 2022-02-28 21:05:41.100000 account insert order, id = strategy1_7, price = 4730.0, direction = ORDER_DIRECTION.SELL, code = rb888.shfe
2022-09-08 09:41:21 [com.tq.yuxuan.xxljob.task.MyTask#demoJobHandler]-[44]-[xxl-job, JobThread-4-1662601239020] 2022-02-28 21:05:41.200000 market receive order, id = strategy1_7, price = 4730.0, direction = ORDER_DIRECTION.SELL, code = rb888.shfe
2022-09-08 09:41:21 [com.tq.yuxuan.xxljob.task.MyTask#demoJobHandler]-[44]-[xxl-job, JobThread-4-1662601239020] 2022-02-28 21:05:48.100000 account cancel order, id = strategy1_7, price = 4730.0, direction = ORDER_DIRECTION.SELL, code = rb888.shfe
2022-09-08 09:41:21 [com.tq.yuxuan.xxljob.task.MyTask#demoJobHandler]-[44]-[xxl-job, JobThread-4-1662601239020] 2022-02-28 21:05:48.200000 market match order, id = strategy1_7, info = ('strategy1_7', 5, None, None), code = rb888.shfe
2022-09-08 09:41:21 [com.tq.yuxuan.xxljob.task.MyTask#demoJobHandler]-[44]-[xxl-job, JobThread-4-1662601239020] 2022-02-28 21:06:16.100000 account insert order, id = strategy0_7, price = 4729.0, direction = ORDER_DIRECTION.SELL, code = rb999.shfe
2022-09-08 09:41:21 [com.tq.yuxuan.xxljob.task.MyTask#demoJobHandler]-[44]-[xxl-job, JobThread-4-1662601239020] 2022-02-28 21:06:16.100000 account insert order, id = strategy1_8, price = 4729.0, direction = ORDER_DIRECTION.SELL, code = rb888.shfe
2022-09-08 09:41:21 [com.tq.yuxuan.xxljob.task.MyTask#demoJobHandler]-[44]-[xxl-job, JobThread-4-1662601239020] 2022-02-28 21:06:16.200000 market receive order, id = strategy0_7, price = 4729.0, direction = ORDER_DIRECTION.SELL, code = rb999.shfe
2022-09-08 09:41:21 [com.tq.yuxuan.xxljob.task.MyTask#demoJobHandler]-[44]-[xxl-job, JobThread-4-1662601239020] 2022-02-28 21:06:16.200000 market receive order, id = strategy1_8, price = 4729.0, direction = ORDER_DIRECTION.SELL, code = rb888.shfe
2022-09-08 09:41:21 [com.tq.yuxuan.xxljob.task.MyTask#demoJobHandler]-[44]-[xxl-job, JobThread-4-1662601239020] 2022-02-28 21:06:16.200000 market match order, id = strategy0_7, info = ('strategy0_7', 4, 4730.0, 1), code = rb999.shfe
2022-09-08 09:41:21 [com.tq.yuxuan.xxljob.task.MyTask#demoJobHandler]-[44]-[xxl-job, JobThread-4-1662601239020] 2022-02-28 21:06:16.200000 market match order, id = strategy1_8, info = ('strategy1_8', 4, 4730.0, 1), code = rb888.shfe
2022-09-08 09:41:21 [com.tq.yuxuan.xxljob.task.MyTask#demoJobHandler]-[44]-[xxl-job, JobThread-4-1662601239020] 2022-02-28 21:06:25.100000 account insert order, id = strategy0_8, price = 4728.0, direction = ORDER_DIRECTION.BUY, code = rb888.shfe
2022-09-08 09:41:21 [com.tq.yuxuan.xxljob.task.MyTask#demoJobHandler]-[44]-[xxl-job, JobThread-4-1662601239020] 2022-02-28 21:06:25.200000 market receive order, id = strategy0_8, price = 4728.0, direction = ORDER_DIRECTION.BUY, code = rb888.shfe
2022-09-08 09:41:21 [com.tq.yuxuan.xxljob.task.MyTask#demoJobHandler]-[44]-[xxl-job, JobThread-4-1662601239020] 2022-02-28 21:06:26.100000 account insert order, id = strategy1_9, price = 4728.0, direction = ORDER_DIRECTION.BUY, code = rb999.shfe
2022-09-08 09:41:21 [com.tq.yuxuan.xxljob.task.MyTask#demoJobHandler]-[44]-[xxl-job, JobThread-4-1662601239020] 2022-02-28 21:06:26.100000 market match order, id = strategy0_8, info = ('strategy0_8', 4, 4728.0, 1), code = rb888.shfe
2022-09-08 09:41:21 [com.tq.yuxuan.xxljob.task.MyTask#demoJobHandler]-[44]-[xxl-job, JobThread-4-1662601239020] 2022-02-28 21:06:26.200000 market receive order, id = strategy1_9, price = 4728.0, direction = ORDER_DIRECTION.BUY, code = rb999.shfe
2022-09-08 09:41:21 [com.tq.yuxuan.xxljob.task.MyTask#demoJobHandler]-[44]-[xxl-job, JobThread-4-1662601239020] 2022-02-28 21:06:26.200000 market match order, id = strategy1_9, info = ('strategy1_9', 4, 4728.0, 1), code = rb999.shfe
2022-09-08 09:41:21 [com.tq.yuxuan.xxljob.task.MyTask#demoJobHandler]-[44]-[xxl-job, JobThread-4-1662601239020] 2022-02-28 21:06:38.100000 account insert order, id = strategy1_10, price = 4726.0, direction = ORDER_DIRECTION.SELL, code = rb999.shfe
2022-09-08 09:41:21 [com.tq.yuxuan.xxljob.task.MyTask#demoJobHandler]-[44]-[xxl-job, JobThread-4-1662601239020] 2022-02-28 21:06:38.200000 market receive order, id = strategy1_10, price = 4726.0, direction = ORDER_DIRECTION.SELL, code = rb999.shfe
2022-09-08 09:41:21 [com.tq.yuxuan.xxljob.task.MyTask#demoJobHandler]-[44]-[xxl-job, JobThread-4-1662601239020] 2022-02-28 21:06:38.200000 market match order, id = strategy1_10, info = ('strategy1_10', 4, 4726.0, 1), code = rb999.shfe
2022-09-08 09:41:21 [com.tq.yuxuan.xxljob.task.MyTask#demoJobHandler]-[44]-[xxl-job, JobThread-4-1662601239020] 2022-02-28 21:06:40.100000 account insert order, id = strategy0_9, price = 4727.0, direction = ORDER_DIRECTION.SELL, code = rb888.shfe
2022-09-08 09:41:21 [com.tq.yuxuan.xxljob.task.MyTask#demoJobHandler]-[44]-[xxl-job, JobThread-4-1662601239020] 2022-02-28 21:06:40.200000 market receive order, id = strategy0_9, price = 4727.0, direction = ORDER_DIRECTION.SELL, code = rb888.shfe
2022-09-08 09:41:21 [com.tq.yuxuan.xxljob.task.MyTask#demoJobHandler]-[44]-[xxl-job, JobThread-4-1662601239020] 2022-02-28 21:06:41.100000 account insert order, id = strategy1_11, price = 4727.0, direction = ORDER_DIRECTION.SELL, code = rb999.shfe
2022-09-08 09:41:21 [com.tq.yuxuan.xxljob.task.MyTask#demoJobHandler]-[44]-[xxl-job, JobThread-4-1662601239020] 2022-02-28 21:06:41.200000 market receive order, id = strategy1_11, price = 4727.0, direction = ORDER_DIRECTION.SELL, code = rb999.shfe
2022-09-08 09:41:21 [com.tq.yuxuan.xxljob.task.MyTask#demoJobHandler]-[44]-[xxl-job, JobThread-4-1662601239020] 2022-02-28 21:06:42.100000 account cancel order, id = strategy0_9, price = 4727.0, direction = ORDER_DIRECTION.SELL, code = rb888.shfe
2022-09-08 09:41:21 [com.tq.yuxuan.xxljob.task.MyTask#demoJobHandler]-[44]-[xxl-job, JobThread-4-1662601239020] 2022-02-28 21:06:42.200000 market match order, id = strategy0_9, info = ('strategy0_9', 5, None, None), code = rb888.shfe
2022-09-08 09:41:21 [com.tq.yuxuan.xxljob.task.MyTask#demoJobHandler]-[44]-[xxl-job, JobThread-4-1662601239020] 2022-02-28 21:06:45.100000 account insert order, id = strategy0_10, price = 4726.0, direction = ORDER_DIRECTION.SELL, code = rb888.shfe
2022-09-08 09:41:21 [com.tq.yuxuan.xxljob.task.MyTask#demoJobHandler]-[44]-[xxl-job, JobThread-4-1662601239020] 2022-02-28 21:06:45.200000 market receive order, id = strategy0_10, price = 4726.0, direction = ORDER_DIRECTION.SELL, code = rb888.shfe
2022-09-08 09:41:21 [com.tq.yuxuan.xxljob.task.MyTask#demoJobHandler]-[44]-[xxl-job, JobThread-4-1662601239020] 2022-02-28 21:06:46.100000 account cancel order, id = strategy0_10, price = 4726.0, direction = ORDER_DIRECTION.SELL, code = rb888.shfe
2022-09-08 09:41:21 [com.tq.yuxuan.xxljob.task.MyTask#demoJobHandler]-[44]-[xxl-job, JobThread-4-1662601239020] 2022-02-28 21:06:46.200000 market match order, id = strategy0_10, info = ('strategy0_10', 5, None, None), code = rb888.shfe
2022-09-08 09:41:21 [com.tq.yuxuan.xxljob.task.MyTask#demoJobHandler]-[44]-[xxl-job, JobThread-4-1662601239020] 2022-02-28 21:06:48.100000 account cancel order, id = strategy1_11, price = 4727.0, direction = ORDER_DIRECTION.SELL, code = rb999.shfe
2022-09-08 09:41:21 [com.tq.yuxuan.xxljob.task.MyTask#demoJobHandler]-[44]-[xxl-job, JobThread-4-1662601239020] 2022-02-28 21:06:48.200000 market match order, id = strategy1_11, info = ('strategy1_11', 5, None, None), code = rb999.shfe
2022-09-08 09:41:21 [com.tq.yuxuan.xxljob.task.MyTask#demoJobHandler]-[44]-[xxl-job, JobThread-4-1662601239020] 2022-02-28 21:07:12.100000 account insert order, id = strategy1_12, price = 4721.0, direction = ORDER_DIRECTION.SELL, code = rb888.shfe
2022-09-08 09:41:21 [com.tq.yuxuan.xxljob.task.MyTask#demoJobHandler]-[44]-[xxl-job, JobThread-4-1662601239020] 2022-02-28 21:07:12.200000 market receive order, id = strategy1_12, price = 4721.0, direction = ORDER_DIRECTION.SELL, code = rb888.shfe
2022-09-08 09:41:21 [com.tq.yuxuan.xxljob.task.MyTask#demoJobHandler]-[44]-[xxl-job, JobThread-4-1662601239020] 2022-02-28 21:07:14.100000 market match order, id = strategy1_12, info = ('strategy1_12', 4, 4724.0, 1), code = rb888.shfe
2022-09-08 09:41:21 [com.tq.yuxuan.xxljob.task.MyTask#demoJobHandler]-[44]-[xxl-job, JobThread-4-1662601239020] 2022-02-28 21:07:20.100000 account insert order, id = strategy0_11, price = 4725.0, direction = ORDER_DIRECTION.SELL, code = rb999.shfe
2022-09-08 09:41:21 [com.tq.yuxuan.xxljob.task.MyTask#demoJobHandler]-[44]-[xxl-job, JobThread-4-1662601239020] 2022-02-28 21:07:20.200000 market receive order, id = strategy0_11, price = 4725.0, direction = ORDER_DIRECTION.SELL, code = rb999.shfe
2022-09-08 09:41:21 [com.tq.yuxuan.xxljob.task.MyTask#demoJobHandler]-[44]-[xxl-job, JobThread-4-1662601239020] 2022-02-28 21:07:22.100000 account insert order, id = strategy1_13, price = 4723.0, direction = ORDER_DIRECTION.BUY, code = rb888.shfe
2022-09-08 09:41:21 [com.tq.yuxuan.xxljob.task.MyTask#demoJobHandler]-[44]-[xxl-job, JobThread-4-1662601239020] 2022-02-28 21:07:22.200000 market receive order, id = strategy1_13, price = 4723.0, direction = ORDER_DIRECTION.BUY, code = rb888.shfe
2022-09-08 09:41:21 [com.tq.yuxuan.xxljob.task.MyTask#demoJobHandler]-[44]-[xxl-job, JobThread-4-1662601239020] 2022-02-28 21:07:26.100000 account cancel order, id = strategy1_13, price = 4723.0, direction = ORDER_DIRECTION.BUY, code = rb888.shfe
2022-09-08 09:41:21 [com.tq.yuxuan.xxljob.task.MyTask#demoJobHandler]-[44]-[xxl-job, JobThread-4-1662601239020] 2022-02-28 21:07:26.200000 market match order, id = strategy1_13, info = ('strategy1_13', 5, None, None), code = rb888.shfe
2022-09-08 09:41:21 [com.tq.yuxuan.xxljob.task.MyTask#demoJobHandler]-[44]-[xxl-job, JobThread-4-1662601239020] 2022-02-28 21:07:27.100000 account insert order, id = strategy1_14, price = 4723.0, direction = ORDER_DIRECTION.BUY, code = rb888.shfe
2022-09-08 09:41:21 [com.tq.yuxuan.xxljob.task.MyTask#demoJobHandler]-[44]-[xxl-job, JobThread-4-1662601239020] 2022-02-28 21:07:27.200000 market receive order, id = strategy1_14, price = 4723.0, direction = ORDER_DIRECTION.BUY, code = rb888.shfe
2022-09-08 09:41:21 [com.tq.yuxuan.xxljob.task.MyTask#demoJobHandler]-[44]-[xxl-job, JobThread-4-1662601239020] 2022-02-28 21:07:28.100000 account cancel order, id = strategy1_14, price = 4723.0, direction = ORDER_DIRECTION.BUY, code = rb888.shfe
2022-09-08 09:41:21 [com.tq.yuxuan.xxljob.task.MyTask#demoJobHandler]-[44]-[xxl-job, JobThread-4-1662601239020] 2022-02-28 21:07:28.100000 market match order, id = strategy0_11, info = ('strategy0_11', 4, 4725.0, 1), code = rb999.shfe
2022-09-08 09:41:21 [com.tq.yuxuan.xxljob.task.MyTask#demoJobHandler]-[44]-[xxl-job, JobThread-4-1662601239020] 2022-02-28 21:07:28.200000 market match order, id = strategy1_14, info = ('strategy1_14', 5, None, None), code = rb888.shfe
2022-09-08 09:41:21 [com.tq.yuxuan.xxljob.task.MyTask#demoJobHandler]-[44]-[xxl-job, JobThread-4-1662601239020] 2022-02-28 21:07:49.100000 account insert order, id = strategy1_15, price = 4725.0, direction = ORDER_DIRECTION.BUY, code = rb999.shfe
2022-09-08 09:41:21 [com.tq.yuxuan.xxljob.task.MyTask#demoJobHandler]-[44]-[xxl-job, JobThread-4-1662601239020] 2022-02-28 21:07:49.200000 market receive order, id = strategy1_15, price = 4725.0, direction = ORDER_DIRECTION.BUY, code = rb999.shfe
2022-09-08 09:41:21 [com.tq.yuxuan.xxljob.task.MyTask#demoJobHandler]-[44]-[xxl-job, JobThread-4-1662601239020] 2022-02-28 21:07:50.100000 market match order, id = strategy1_15, info = ('strategy1_15', 4, 4725.0, 1), code = rb999.shfe
2022-09-08 09:41:21 [com.tq.yuxuan.xxljob.task.MyTask#demoJobHandler]-[44]-[xxl-job, JobThread-4-1662601239020] 2022-02-28 21:07:51.100000 account insert order, id = strategy1_16, price = 4725.0, direction = ORDER_DIRECTION.SELL, code = rb999.shfe
2022-09-08 09:41:21 [com.tq.yuxuan.xxljob.task.MyTask#demoJobHandler]-[44]-[xxl-job, JobThread-4-1662601239020] 2022-02-28 21:07:51.200000 market receive order, id = strategy1_16, price = 4725.0, direction = ORDER_DIRECTION.SELL, code = rb999.shfe
2022-09-08 09:41:21 [com.tq.yuxuan.xxljob.task.MyTask#demoJobHandler]-[44]-[xxl-job, JobThread-4-1662601239020] 2022-02-28 21:07:52.100000 market match order, id = strategy1_16, info = ('strategy1_16', 4, 4725.0, 1), code = rb999.shfe
2022-09-08 09:41:21 [com.tq.yuxuan.xxljob.task.MyTask#demoJobHandler]-[44]-[xxl-job, JobThread-4-1662601239020] 2022-02-28 21:08:14.100000 account insert order, id = strategy0_12, price = 4722.0, direction = ORDER_DIRECTION.BUY, code = rb999.shfe
2022-09-08 09:41:21 [com.tq.yuxuan.xxljob.task.MyTask#demoJobHandler]-[44]-[xxl-job, JobThread-4-1662601239020] 2022-02-28 21:08:14.200000 market receive order, id = strategy0_12, price = 4722.0, direction = ORDER_DIRECTION.BUY, code = rb999.shfe
2022-09-08 09:41:21 [com.tq.yuxuan.xxljob.task.MyTask#demoJobHandler]-[44]-[xxl-job, JobThread-4-1662601239020] 2022-02-28 21:08:14.200000 market match order, id = strategy0_12, info = ('strategy0_12', 4, 4722.0, 1), code = rb999.shfe
2022-09-08 09:41:21 [com.tq.yuxuan.xxljob.task.MyTask#demoJobHandler]-[44]-[xxl-job, JobThread-4-1662601239020] 2022-02-28 21:08:35.100000 account insert order, id = strategy0_13, price = 4721.0, direction = ORDER_DIRECTION.BUY, code = rb888.shfe
2022-09-08 09:41:21 [com.tq.yuxuan.xxljob.task.MyTask#demoJobHandler]-[44]-[xxl-job, JobThread-4-1662601239020] 2022-02-28 21:08:35.200000 market receive order, id = strategy0_13, price = 4721.0, direction = ORDER_DIRECTION.BUY, code = rb888.shfe
2022-09-08 09:41:21 [com.tq.yuxuan.xxljob.task.MyTask#demoJobHandler]-[44]-[xxl-job, JobThread-4-1662601239020] 2022-02-28 21:08:36.100000 account cancel order, id = strategy0_13, price = 4721.0, direction = ORDER_DIRECTION.BUY, code = rb888.shfe
2022-09-08 09:41:21 [com.tq.yuxuan.xxljob.task.MyTask#demoJobHandler]-[44]-[xxl-job, JobThread-4-1662601239020] 2022-02-28 21:08:36.200000 market match order, id = strategy0_13, info = ('strategy0_13', 5, None, None), code = rb888.shfe
2022-09-08 09:41:21 [com.tq.yuxuan.xxljob.task.MyTask#demoJobHandler]-[44]-[xxl-job, JobThread-4-1662601239020] 2022-02-28 21:09:39.100000 account insert order, id = strategy0_14, price = 4718.0, direction = ORDER_DIRECTION.SELL, code = rb999.shfe
2022-09-08 09:41:21 [com.tq.yuxuan.xxljob.task.MyTask#demoJobHandler]-[44]-[xxl-job, JobThread-4-1662601239020] 2022-02-28 21:09:39.200000 market receive order, id = strategy0_14, price = 4718.0, direction = ORDER_DIRECTION.SELL, code = rb999.shfe
2022-09-08 09:41:21 [com.tq.yuxuan.xxljob.task.MyTask#demoJobHandler]-[44]-[xxl-job, JobThread-4-1662601239020] 2022-02-28 21:09:42.100000 account cancel order, id = strategy0_14, price = 4718.0, direction = ORDER_DIRECTION.SELL, code = rb999.shfe
2022-09-08 09:41:21 [com.tq.yuxuan.xxljob.task.MyTask#demoJobHandler]-[44]-[xxl-job, JobThread-4-1662601239020] 2022-02-28 21:09:42.200000 market match order, id = strategy0_14, info = ('strategy0_14', 5, None, None), code = rb999.shfe
2022-09-08 09:41:21 [com.tq.yuxuan.xxljob.task.MyTask#demoJobHandler]-[44]-[xxl-job, JobThread-4-1662601239020] 2022-02-28 21:10:09.100000 account insert order, id = strategy0_15, price = 4724.0, direction = ORDER_DIRECTION.SELL, code = rb999.shfe
2022-09-08 09:41:21 [com.tq.yuxuan.xxljob.task.MyTask#demoJobHandler]-[44]-[xxl-job, JobThread-4-1662601239020] 2022-02-28 21:10:09.200000 market receive order, id = strategy0_15, price = 4724.0, direction = ORDER_DIRECTION.SELL, code = rb999.shfe
2022-09-08 09:41:21 [com.tq.yuxuan.xxljob.task.MyTask#demoJobHandler]-[44]-[xxl-job, JobThread-4-1662601239020] 2022-02-28 21:10:09.200000 market match order, id = strategy0_15, info = ('strategy0_15', 4, 4724.0, 1), code = rb999.shfe
2022-09-08 09:41:21 [com.tq.yuxuan.xxljob.task.MyTask#demoJobHandler]-[44]-[xxl-job, JobThread-4-1662601239020] 2022-02-28 21:10:30.100000 account insert order, id = strategy1_17, price = 4726.0, direction = ORDER_DIRECTION.BUY, code = rb888.shfe
2022-09-08 09:41:21 [com.tq.yuxuan.xxljob.task.MyTask#demoJobHandler]-[44]-[xxl-job, JobThread-4-1662601239020] 2022-02-28 21:10:30.200000 market receive order, id = strategy1_17, price = 4726.0, direction = ORDER_DIRECTION.BUY, code = rb888.shfe
2022-09-08 09:41:21 [com.tq.yuxuan.xxljob.task.MyTask#demoJobHandler]-[44]-[xxl-job, JobThread-4-1662601239020] 2022-02-28 21:10:30.200000 market match order, id = strategy1_17, info = ('strategy1_17', 4, 4726.0, 1), code = rb888.shfe
2022-09-08 09:41:21 [com.tq.yuxuan.xxljob.task.MyTask#demoJobHandler]-[44]-[xxl-job, JobThread-4-1662601239020] 2022-02-28 21:10:40.100000 account insert order, id = strategy1_18, price = 4728.0, direction = ORDER_DIRECTION.SELL, code = rb999.shfe
2022-09-08 09:41:21 [com.tq.yuxuan.xxljob.task.MyTask#demoJobHandler]-[44]-[xxl-job, JobThread-4-1662601239020] 2022-02-28 21:10:40.200000 market receive order, id = strategy1_18, price = 4728.0, direction = ORDER_DIRECTION.SELL, code = rb999.shfe
2022-09-08 09:41:21 [com.tq.yuxuan.xxljob.task.MyTask#demoJobHandler]-[44]-[xxl-job, JobThread-4-1662601239020] 2022-02-28 21:10:44.100000 account cancel order, id = strategy1_18, price = 4728.0, direction = ORDER_DIRECTION.SELL, code = rb999.shfe
2022-09-08 09:41:21 [com.tq.yuxuan.xxljob.task.MyTask#demoJobHandler]-[44]-[xxl-job, JobThread-4-1662601239020] 2022-02-28 21:10:44.200000 market match order, id = strategy1_18, info = ('strategy1_18', 5, None, None), code = rb999.shfe
2022-09-08 09:41:21 [com.tq.yuxuan.xxljob.task.MyTask#demoJobHandler]-[44]-[xxl-job, JobThread-4-1662601239020] 2022-02-28 21:11:01.100000 account insert order, id = strategy0_16, price = 4725.0, direction = ORDER_DIRECTION.BUY, code = rb999.shfe
2022-09-08 09:41:21 [com.tq.yuxuan.xxljob.task.MyTask#demoJobHandler]-[44]-[xxl-job, JobThread-4-1662601239020] 2022-02-28 21:11:01.200000 market receive order, id = strategy0_16, price = 4725.0, direction = ORDER_DIRECTION.BUY, code = rb999.shfe
2022-09-08 09:41:21 [com.tq.yuxuan.xxljob.task.MyTask#demoJobHandler]-[44]-[xxl-job, JobThread-4-1662601239020] 2022-02-28 21:11:02.100000 account cancel order, id = strategy0_16, price = 4725.0, direction = ORDER_DIRECTION.BUY, code = rb999.shfe
2022-09-08 09:41:21 [com.tq.yuxuan.xxljob.task.MyTask#demoJobHandler]-[44]-[xxl-job, JobThread-4-1662601239020] 2022-02-28 21:11:02.200000 market match order, id = strategy0_16, info = ('strategy0_16', 5, None, None), code = rb999.shfe
2022-09-08 09:41:21 [com.tq.yuxuan.xxljob.task.MyTask#demoJobHandler]-[44]-[xxl-job, JobThread-4-1662601239020] 2022-02-28 21:11:04.100000 account insert order, id = strategy1_19, price = 4727.0, direction = ORDER_DIRECTION.SELL, code = rb888.shfe
2022-09-08 09:41:21 [com.tq.yuxuan.xxljob.task.MyTask#demoJobHandler]-[44]-[xxl-job, JobThread-4-1662601239020] 2022-02-28 21:11:04.200000 market receive order, id = strategy1_19, price = 4727.0, direction = ORDER_DIRECTION.SELL, code = rb888.shfe
2022-09-08 09:41:21 [com.tq.yuxuan.xxljob.task.MyTask#demoJobHandler]-[44]-[xxl-job, JobThread-4-1662601239020] 2022-02-28 21:11:05.100000 account cancel order, id = strategy1_19, price = 4727.0, direction = ORDER_DIRECTION.SELL, code = rb888.shfe
2022-09-08 09:41:21 [com.tq.yuxuan.xxljob.task.MyTask#demoJobHandler]-[44]-[xxl-job, JobThread-4-1662601239020] 2022-02-28 21:11:05.200000 market match order, id = strategy1_19, info = ('strategy1_19', 5, None, None), code = rb888.shfe
2022-09-08 09:41:21 [com.tq.yuxuan.xxljob.task.MyTask#demoJobHandler]-[44]-[xxl-job, JobThread-4-1662601239020] 2022-02-28 21:11:10.100000 account insert order, id = strategy0_17, price = 4725.0, direction = ORDER_DIRECTION.SELL, code = rb999.shfe
2022-09-08 09:41:21 [com.tq.yuxuan.xxljob.task.MyTask#demoJobHandler]-[44]-[xxl-job, JobThread-4-1662601239020] 2022-02-28 21:11:10.200000 market receive order, id = strategy0_17, price = 4725.0, direction = ORDER_DIRECTION.SELL, code = rb999.shfe
2022-09-08 09:41:21 [com.tq.yuxuan.xxljob.task.MyTask#demoJobHandler]-[44]-[xxl-job, JobThread-4-1662601239020] 2022-02-28 21:11:11.100000 market match order, id = strategy0_17, info = ('strategy0_17', 4, 4725.0, 1), code = rb999.shfe
2022-09-08 09:41:21 [com.tq.yuxuan.xxljob.task.MyTask#demoJobHandler]-[44]-[xxl-job, JobThread-4-1662601239020] 2022-02-28 21:11:26.100000 account insert order, id = strategy1_20, price = 4726.0, direction = ORDER_DIRECTION.SELL, code = rb999.shfe
2022-09-08 09:41:21 [com.tq.yuxuan.xxljob.task.MyTask#demoJobHandler]-[44]-[xxl-job, JobThread-4-1662601239020] 2022-02-28 21:11:26.200000 market receive order, id = strategy1_20, price = 4726.0, direction = ORDER_DIRECTION.SELL, code = rb999.shfe
2022-09-08 09:41:21 [com.tq.yuxuan.xxljob.task.MyTask#demoJobHandler]-[44]-[xxl-job, JobThread-4-1662601239020] 2022-02-28 21:11:27.100000 account cancel order, id = strategy1_20, price = 4726.0, direction = ORDER_DIRECTION.SELL, code = rb999.shfe
2022-09-08 09:41:21 [com.tq.yuxuan.xxljob.task.MyTask#demoJobHandler]-[44]-[xxl-job, JobThread-4-1662601239020] 2022-02-28 21:11:27.200000 market match order, id = strategy1_20, info = ('strategy1_20', 5, None, None), code = rb999.shfe
2022-09-08 09:41:21 [com.tq.yuxuan.xxljob.task.MyTask#demoJobHandler]-[44]-[xxl-job, JobThread-4-1662601239020] 2022-02-28 21:11:33.100000 account insert order, id = strategy1_21, price = 4725.0, direction = ORDER_DIRECTION.BUY, code = rb999.shfe
2022-09-08 09:41:21 [com.tq.yuxuan.xxljob.task.MyTask#demoJobHandler]-[44]-[xxl-job, JobThread-4-1662601239020] 2022-02-28 21:11:33.200000 market receive order, id = strategy1_21, price = 4725.0, direction = ORDER_DIRECTION.BUY, code = rb999.shfe
2022-09-08 09:41:21 [com.tq.yuxuan.xxljob.task.MyTask#demoJobHandler]-[44]-[xxl-job, JobThread-4-1662601239020] 2022-02-28 21:11:36.100000 market match order, id = strategy1_21, info = ('strategy1_21', 4, 4725.0, 1), code = rb999.shfe
2022-09-08 09:41:21 [com.tq.yuxuan.xxljob.task.MyTask#demoJobHandler]-[44]-[xxl-job, JobThread-4-1662601239020] 2022-02-28 21:11:38.100000 account insert order, id = strategy1_22, price = 4725.0, direction = ORDER_DIRECTION.BUY, code = rb999.shfe
2022-09-08 09:41:21 [com.tq.yuxuan.xxljob.task.MyTask#demoJobHandler]-[44]-[xxl-job, JobThread-4-1662601239020] 2022-02-28 21:11:38.200000 market receive order, id = strategy1_22, price = 4725.0, direction = ORDER_DIRECTION.BUY, code = rb999.shfe
2022-09-08 09:41:21 [com.tq.yuxuan.xxljob.task.MyTask#demoJobHandler]-[44]-[xxl-job, JobThread-4-1662601239020] 2022-02-28 21:11:39.100000 account cancel order, id = strategy1_22, price = 4725.0, direction = ORDER_DIRECTION.BUY, code = rb999.shfe
2022-09-08 09:41:21 [com.tq.yuxuan.xxljob.task.MyTask#demoJobHandler]-[44]-[xxl-job, JobThread-4-1662601239020] 2022-02-28 21:11:39.200000 market match order, id = strategy1_22, info = ('strategy1_22', 5, None, None), code = rb999.shfe
2022-09-08 09:41:21 [com.tq.yuxuan.xxljob.task.MyTask#demoJobHandler]-[44]-[xxl-job, JobThread-4-1662601239020] 2022-02-28 21:11:41.100000 account insert order, id = strategy0_18, price = 4725.0, direction = ORDER_DIRECTION.BUY, code = rb888.shfe
2022-09-08 09:41:21 [com.tq.yuxuan.xxljob.task.MyTask#demoJobHandler]-[44]-[xxl-job, JobThread-4-1662601239020] 2022-02-28 21:11:41.200000 market receive order, id = strategy0_18, price = 4725.0, direction = ORDER_DIRECTION.BUY, code = rb888.shfe
2022-09-08 09:41:21 [com.tq.yuxuan.xxljob.task.MyTask#demoJobHandler]-[44]-[xxl-job, JobThread-4-1662601239020] 2022-02-28 21:11:43.100000 account cancel order, id = strategy0_18, price = 4725.0, direction = ORDER_DIRECTION.BUY, code = rb888.shfe
2022-09-08 09:41:21 [com.tq.yuxuan.xxljob.task.MyTask#demoJobHandler]-[44]-[xxl-job, JobThread-4-1662601239020] 2022-02-28 21:11:43.200000 market match order, id = strategy0_18, info = ('strategy0_18', 5, None, None), code = rb888.shfe
2022-09-08 09:41:21 [com.tq.yuxuan.xxljob.task.MyTask#demoJobHandler]-[44]-[xxl-job, JobThread-4-1662601239020] 2022-02-28 21:11:51.100000 account insert order, id = strategy1_23, price = 4725.0, direction = ORDER_DIRECTION.SELL, code = rb888.shfe
2022-09-08 09:41:21 [com.tq.yuxuan.xxljob.task.MyTask#demoJobHandler]-[44]-[xxl-job, JobThread-4-1662601239020] 2022-02-28 21:11:51.200000 market receive order, id = strategy1_23, price = 4725.0, direction = ORDER_DIRECTION.SELL, code = rb888.shfe
2022-09-08 09:41:21 [com.tq.yuxuan.xxljob.task.MyTask#demoJobHandler]-[44]-[xxl-job, JobThread-4-1662601239020] 2022-02-28 21:11:51.200000 market match order, id = strategy1_23, info = ('strategy1_23', 4, 4725.0, 1), code = rb888.shfe
2022-09-08 09:41:21 [com.tq.yuxuan.xxljob.task.MyTask#demoJobHandler]-[44]-[xxl-job, JobThread-4-1662601239020] 2022-02-28 21:11:52.100000 account insert order, id = strategy1_24, price = 4725.0, direction = ORDER_DIRECTION.BUY, code = rb888.shfe
2022-09-08 09:41:21 [com.tq.yuxuan.xxljob.task.MyTask#demoJobHandler]-[44]-[xxl-job, JobThread-4-1662601239020] 2022-02-28 21:11:52.200000 market receive order, id = strategy1_24, price = 4725.0, direction = ORDER_DIRECTION.BUY, code = rb888.shfe
2022-09-08 09:41:21 [com.tq.yuxuan.xxljob.task.MyTask#demoJobHandler]-[44]-[xxl-job, JobThread-4-1662601239020] 2022-02-28 21:11:55.100000 account cancel order, id = strategy1_24, price = 4725.0, direction = ORDER_DIRECTION.BUY, code = rb888.shfe
2022-09-08 09:41:21 [com.tq.yuxuan.xxljob.task.MyTask#demoJobHandler]-[44]-[xxl-job, JobThread-4-1662601239020] 2022-02-28 21:11:55.200000 market match order, id = strategy1_24, info = ('strategy1_24', 5, None, None), code = rb888.shfe
2022-09-08 09:41:21 [com.tq.yuxuan.xxljob.task.MyTask#demoJobHandler]-[44]-[xxl-job, JobThread-4-1662601239020] 2022-02-28 21:12:02.100000 account insert order, id = strategy0_19, price = 4727.0, direction = ORDER_DIRECTION.SELL, code = rb888.shfe
2022-09-08 09:41:21 [com.tq.yuxuan.xxljob.task.MyTask#demoJobHandler]-[44]-[xxl-job, JobThread-4-1662601239020] 2022-02-28 21:12:02.200000 market receive order, id = strategy0_19, price = 4727.0, direction = ORDER_DIRECTION.SELL, code = rb888.shfe
2022-09-08 09:41:21 [com.tq.yuxuan.xxljob.task.MyTask#demoJobHandler]-[44]-[xxl-job, JobThread-4-1662601239020] 2022-02-28 21:12:04.100000 account cancel order, id = strategy0_19, price = 4727.0, direction = ORDER_DIRECTION.SELL, code = rb888.shfe
2022-09-08 09:41:21 [com.tq.yuxuan.xxljob.task.MyTask#demoJobHandler]-[44]-[xxl-job, JobThread-4-1662601239020] 2022-02-28 21:12:04.200000 market match order, id = strategy0_19, info = ('strategy0_19', 5, None, None), code = rb888.shfe
2022-09-08 09:41:21 [com.tq.yuxuan.xxljob.task.MyTask#demoJobHandler]-[44]-[xxl-job, JobThread-4-1662601239020] 2022-02-28 21:12:06.100000 account insert order, id = strategy1_25, price = 4725.0, direction = ORDER_DIRECTION.BUY, code = rb999.shfe
2022-09-08 09:41:21 [com.tq.yuxuan.xxljob.task.MyTask#demoJobHandler]-[44]-[xxl-job, JobThread-4-1662601239020] 2022-02-28 21:12:06.200000 market receive order, id = strategy1_25, price = 4725.0, direction = ORDER_DIRECTION.BUY, code = rb999.shfe
2022-09-08 09:41:21 [com.tq.yuxuan.xxljob.task.MyTask#demoJobHandler]-[44]-[xxl-job, JobThread-4-1662601239020] 2022-02-28 21:12:09.100000 account cancel order, id = strategy1_25, price = 4725.0, direction = ORDER_DIRECTION.BUY, code = rb999.shfe
2022-09-08 09:41:21 [com.tq.yuxuan.xxljob.task.MyTask#demoJobHandler]-[44]-[xxl-job, JobThread-4-1662601239020] 2022-02-28 21:12:09.200000 market match order, id = strategy1_25, info = ('strategy1_25', 5, None, None), code = rb999.shfe
2022-09-08 09:41:21 [com.tq.yuxuan.xxljob.task.MyTask#demoJobHandler]-[44]-[xxl-job, JobThread-4-1662601239020] 2022-02-28 21:12:27.100000 account insert order, id = strategy1_26, price = 4723.0, direction = ORDER_DIRECTION.BUY, code = rb888.shfe
2022-09-08 09:41:21 [com.tq.yuxuan.xxljob.task.MyTask#demoJobHandler]-[44]-[xxl-job, JobThread-4-1662601239020] 2022-02-28 21:12:27.200000 market receive order, id = strategy1_26, price = 4723.0, direction = ORDER_DIRECTION.BUY, code = rb888.shfe
2022-09-08 09:41:21 [com.tq.yuxuan.xxljob.task.MyTask#demoJobHandler]-[44]-[xxl-job, JobThread-4-1662601239020] 2022-02-28 21:12:30.100000 account cancel order, id = strategy1_26, price = 4723.0, direction = ORDER_DIRECTION.BUY, code = rb888.shfe
2022-09-08 09:41:21 [com.tq.yuxuan.xxljob.task.MyTask#demoJobHandler]-[44]-[xxl-job, JobThread-4-1662601239020] 2022-02-28 21:12:30.200000 market match order, id = strategy1_26, info = ('strategy1_26', 5, None, None), code = rb888.shfe
2022-09-08 09:41:21 [com.tq.yuxuan.xxljob.task.MyTask#demoJobHandler]-[44]-[xxl-job, JobThread-4-1662601239020] 2022-02-28 21:12:44.100000 account insert order, id = strategy0_20, price = 4722.0, direction = ORDER_DIRECTION.BUY, code = rb999.shfe
2022-09-08 09:41:21 [com.tq.yuxuan.xxljob.task.MyTask#demoJobHandler]-[44]-[xxl-job, JobThread-4-1662601239020] 2022-02-28 21:12:44.200000 market receive order, id = strategy0_20, price = 4722.0, direction = ORDER_DIRECTION.BUY, code = rb999.shfe
2022-09-08 09:41:21 [com.tq.yuxuan.xxljob.task.MyTask#demoJobHandler]-[44]-[xxl-job, JobThread-4-1662601239020] 2022-02-28 21:12:47.100000 account cancel order, id = strategy0_20, price = 4722.0, direction = ORDER_DIRECTION.BUY, code = rb999.shfe
2022-09-08 09:41:21 [com.tq.yuxuan.xxljob.task.MyTask#demoJobHandler]-[44]-[xxl-job, JobThread-4-1662601239020] 2022-02-28 21:12:47.200000 market match order, id = strategy0_20, info = ('strategy0_20', 5, None, None), code = rb999.shfe
2022-09-08 09:41:21 [com.tq.yuxuan.xxljob.task.MyTask#demoJobHandler]-[44]-[xxl-job, JobThread-4-1662601239020] 2022-02-28 21:12:50.100000 account insert order, id = strategy1_27, price = 4724.0, direction = ORDER_DIRECTION.SELL, code = rb999.shfe
2022-09-08 09:41:21 [com.tq.yuxuan.xxljob.task.MyTask#demoJobHandler]-[44]-[xxl-job, JobThread-4-1662601239020] 2022-02-28 21:12:50.200000 market receive order, id = strategy1_27, price = 4724.0, direction = ORDER_DIRECTION.SELL, code = rb999.shfe
2022-09-08 09:41:21 [com.tq.yuxuan.xxljob.task.MyTask#demoJobHandler]-[44]-[xxl-job, JobThread-4-1662601239020] 2022-02-28 21:12:53.100000 account cancel order, id = strategy1_27, price = 4724.0, direction = ORDER_DIRECTION.SELL, code = rb999.shfe
2022-09-08 09:41:21 [com.tq.yuxuan.xxljob.task.MyTask#demoJobHandler]-[44]-[xxl-job, JobThread-4-1662601239020] 2022-02-28 21:12:53.200000 market match order, id = strategy1_27, info = ('strategy1_27', 5, None, None), code = rb999.shfe
2022-09-08 09:41:21 [com.tq.yuxuan.xxljob.task.MyTask#demoJobHandler]-[44]-[xxl-job, JobThread-4-1662601239020] 2022-02-28 21:13:51.100000 account insert order, id = strategy1_28, price = 4725.0, direction = ORDER_DIRECTION.SELL, code = rb999.shfe
2022-09-08 09:41:21 [com.tq.yuxuan.xxljob.task.MyTask#demoJobHandler]-[44]-[xxl-job, JobThread-4-1662601239020] 2022-02-28 21:13:51.200000 market receive order, id = strategy1_28, price = 4725.0, direction = ORDER_DIRECTION.SELL, code = rb999.shfe
2022-09-08 09:41:21 [com.tq.yuxuan.xxljob.task.MyTask#demoJobHandler]-[44]-[xxl-job, JobThread-4-1662601239020] 2022-02-28 21:13:53.100000 account insert order, id = strategy1_29, price = 4724.0, direction = ORDER_DIRECTION.BUY, code = rb888.shfe
2022-09-08 09:41:21 [com.tq.yuxuan.xxljob.task.MyTask#demoJobHandler]-[44]-[xxl-job, JobThread-4-1662601239020] 2022-02-28 21:13:53.200000 market receive order, id = strategy1_29, price = 4724.0, direction = ORDER_DIRECTION.BUY, code = rb888.shfe
2022-09-08 09:41:21 [com.tq.yuxuan.xxljob.task.MyTask#demoJobHandler]-[44]-[xxl-job, JobThread-4-1662601239020] 2022-02-28 21:13:54.100000 missing order strategy1_29 @ cancelling...
2022-09-08 09:41:21 [com.tq.yuxuan.xxljob.task.MyTask#demoJobHandler]-[44]-[xxl-job, JobThread-4-1662601239020] 2022-02-28 21:13:54.100000 account cancel order, id = strategy1_29, price = 4724.0, direction = ORDER_DIRECTION.BUY, code = rb888.shfe
2022-09-08 09:41:21 [com.tq.yuxuan.xxljob.task.MyTask#demoJobHandler]-[44]-[xxl-job, JobThread-4-1662601239020] 2022-02-28 21:13:54.100000 market match order, id = strategy1_29, info = ('strategy1_29', 4, 4724.0, 1), code = rb888.shfe
2022-09-08 09:41:21 [com.tq.yuxuan.xxljob.task.MyTask#demoJobHandler]-[44]-[xxl-job, JobThread-4-1662601239020] 2022-02-28 21:14:00.100000 missing order strategy1_28 @ cancelling...
2022-09-08 09:41:21 [com.tq.yuxuan.xxljob.task.MyTask#demoJobHandler]-[44]-[xxl-job, JobThread-4-1662601239020] 2022-02-28 21:14:00.100000 account cancel order, id = strategy1_28, price = 4725.0, direction = ORDER_DIRECTION.SELL, code = rb999.shfe
2022-09-08 09:41:21 [com.tq.yuxuan.xxljob.task.MyTask#demoJobHandler]-[44]-[xxl-job, JobThread-4-1662601239020] 2022-02-28 21:14:00.100000 market match order, id = strategy1_28, info = ('strategy1_28', 4, 4725.0, 1), code = rb999.shfe
2022-09-08 09:41:21 [com.tq.yuxuan.xxljob.task.MyTask#demoJobHandler]-[44]-[xxl-job, JobThread-4-1662601239020] 2022-02-28 21:14:12.100000 account insert order, id = strategy0_21, price = 4724.0, direction = ORDER_DIRECTION.SELL, code = rb888.shfe
2022-09-08 09:41:21 [com.tq.yuxuan.xxljob.task.MyTask#demoJobHandler]-[44]-[xxl-job, JobThread-4-1662601239020] 2022-02-28 21:14:12.200000 market receive order, id = strategy0_21, price = 4724.0, direction = ORDER_DIRECTION.SELL, code = rb888.shfe
2022-09-08 09:41:21 [com.tq.yuxuan.xxljob.task.MyTask#demoJobHandler]-[44]-[xxl-job, JobThread-4-1662601239020] 2022-02-28 21:14:12.200000 market match order, id = strategy0_21, info = ('strategy0_21', 4, 4725.0, 1), code = rb888.shfe
2022-09-08 09:41:21 [com.tq.yuxuan.xxljob.task.MyTask#demoJobHandler]-[44]-[xxl-job, JobThread-4-1662601239020] 2022-02-28 21:14:21.100000 account insert order, id = strategy1_30, price = 4723.0, direction = ORDER_DIRECTION.BUY, code = rb999.shfe
2022-09-08 09:41:21 [com.tq.yuxuan.xxljob.task.MyTask#demoJobHandler]-[44]-[xxl-job, JobThread-4-1662601239020] 2022-02-28 21:14:21.200000 market receive order, id = strategy1_30, price = 4723.0, direction = ORDER_DIRECTION.BUY, code = rb999.shfe
2022-09-08 09:41:21 [com.tq.yuxuan.xxljob.task.MyTask#demoJobHandler]-[44]-[xxl-job, JobThread-4-1662601239020] 2022-02-28 21:14:23.100000 account cancel order, id = strategy1_30, price = 4723.0, direction = ORDER_DIRECTION.BUY, code = rb999.shfe
2022-09-08 09:41:21 [com.tq.yuxuan.xxljob.task.MyTask#demoJobHandler]-[44]-[xxl-job, JobThread-4-1662601239020] 2022-02-28 21:14:23.200000 market match order, id = strategy1_30, info = ('strategy1_30', 5, None, None), code = rb999.shfe
2022-09-08 09:41:21 [com.tq.yuxuan.xxljob.task.MyTask#demoJobHandler]-[44]-[xxl-job, JobThread-4-1662601239020] 2022-02-28 21:14:30.100000 account insert order, id = strategy0_22, price = 4725.0, direction = ORDER_DIRECTION.SELL, code = rb888.shfe
2022-09-08 09:41:21 [com.tq.yuxuan.xxljob.task.MyTask#demoJobHandler]-[44]-[xxl-job, JobThread-4-1662601239020] 2022-02-28 21:14:30.200000 market receive order, id = strategy0_22, price = 4725.0, direction = ORDER_DIRECTION.SELL, code = rb888.shfe
2022-09-08 09:41:21 [com.tq.yuxuan.xxljob.task.MyTask#demoJobHandler]-[44]-[xxl-job, JobThread-4-1662601239020] 2022-02-28 21:14:31.100000 market match order, id = strategy0_22, info = ('strategy0_22', 4, 4725.0, 1), code = rb888.shfe
2022-09-08 09:41:21 [com.tq.yuxuan.xxljob.task.MyTask#demoJobHandler]-[44]-[xxl-job, JobThread-4-1662601239020] 2022-02-28 21:14:44.100000 account insert order, id = strategy0_23, price = 4726.0, direction = ORDER_DIRECTION.SELL, code = rb999.shfe
2022-09-08 09:41:21 [com.tq.yuxuan.xxljob.task.MyTask#demoJobHandler]-[44]-[xxl-job, JobThread-4-1662601239020] 2022-02-28 21:14:44.200000 market receive order, id = strategy0_23, price = 4726.0, direction = ORDER_DIRECTION.SELL, code = rb999.shfe
2022-09-08 09:41:21 [com.tq.yuxuan.xxljob.task.MyTask#demoJobHandler]-[44]-[xxl-job, JobThread-4-1662601239020] 2022-02-28 21:14:46.100000 missing order strategy0_23 @ cancelling...
2022-09-08 09:41:21 [com.tq.yuxuan.xxljob.task.MyTask#demoJobHandler]-[44]-[xxl-job, JobThread-4-1662601239020] 2022-02-28 21:14:46.100000 account cancel order, id = strategy0_23, price = 4726.0, direction = ORDER_DIRECTION.SELL, code = rb999.shfe
2022-09-08 09:41:21 [com.tq.yuxuan.xxljob.task.MyTask#demoJobHandler]-[44]-[xxl-job, JobThread-4-1662601239020] 2022-02-28 21:14:46.100000 market match order, id = strategy0_23, info = ('strategy0_23', 4, 4726.0, 1), code = rb999.shfe
2022-09-08 09:41:21 [com.tq.yuxuan.xxljob.task.MyTask#demoJobHandler]-[44]-[xxl-job, JobThread-4-1662601239020] 2022-02-28 21:14:55.100000 account insert order, id = strategy0_24, price = 4727.0, direction = ORDER_DIRECTION.SELL, code = rb999.shfe
2022-09-08 09:41:21 [com.tq.yuxuan.xxljob.task.MyTask#demoJobHandler]-[44]-[xxl-job, JobThread-4-1662601239020] 2022-02-28 21:14:55.200000 market receive order, id = strategy0_24, price = 4727.0, direction = ORDER_DIRECTION.SELL, code = rb999.shfe
2022-09-08 09:41:21 [com.tq.yuxuan.xxljob.task.MyTask#demoJobHandler]-[44]-[xxl-job, JobThread-4-1662601239020] 2022-02-28 21:14:59.100000 account cancel order, id = strategy0_24, price = 4727.0, direction = ORDER_DIRECTION.SELL, code = rb999.shfe
2022-09-08 09:41:21 [com.tq.yuxuan.xxljob.task.MyTask#demoJobHandler]-[44]-[xxl-job, JobThread-4-1662601239020] 2022-02-28 21:14:59.200000 market match order, id = strategy0_24, info = ('strategy0_24', 5, None, None), code = rb999.shfe
2022-09-08 09:41:21 [com.tq.yuxuan.xxljob.task.MyTask#demoJobHandler]-[44]-[xxl-job, JobThread-4-1662601239020] 2022-02-28 21:15:20.100000 account insert order, id = strategy1_31, price = 4728.0, direction = ORDER_DIRECTION.SELL, code = rb999.shfe
2022-09-08 09:41:21 [com.tq.yuxuan.xxljob.task.MyTask#demoJobHandler]-[44]-[xxl-job, JobThread-4-1662601239020] 2022-02-28 21:15:20.200000 market receive order, id = strategy1_31, price = 4728.0, direction = ORDER_DIRECTION.SELL, code = rb999.shfe
2022-09-08 09:41:21 [com.tq.yuxuan.xxljob.task.MyTask#demoJobHandler]-[44]-[xxl-job, JobThread-4-1662601239020] 2022-02-28 21:15:24.100000 missing order strategy1_31 @ cancelling...
2022-09-08 09:41:21 [com.tq.yuxuan.xxljob.task.MyTask#demoJobHandler]-[44]-[xxl-job, JobThread-4-1662601239020] 2022-02-28 21:15:24.100000 account cancel order, id = strategy1_31, price = 4728.0, direction = ORDER_DIRECTION.SELL, code = rb999.shfe
2022-09-08 09:41:21 [com.tq.yuxuan.xxljob.task.MyTask#demoJobHandler]-[44]-[xxl-job, JobThread-4-1662601239020] 2022-02-28 21:15:24.100000 market match order, id = strategy1_31, info = ('strategy1_31', 4, 4728.0, 1), code = rb999.shfe
2022-09-08 09:41:21 [com.tq.yuxuan.xxljob.task.MyTask#demoJobHandler]-[44]-[xxl-job, JobThread-4-1662601239020] 2022-02-28 21:15:37.100000 account insert order, id = strategy1_32, price = 4728.0, direction = ORDER_DIRECTION.SELL, code = rb888.shfe
2022-09-08 09:41:21 [com.tq.yuxuan.xxljob.task.MyTask#demoJobHandler]-[44]-[xxl-job, JobThread-4-1662601239020] 2022-02-28 21:15:37.100000 account insert order, id = strategy0_25, price = 4727.0, direction = ORDER_DIRECTION.BUY, code = rb888.shfe
2022-09-08 09:41:21 [com.tq.yuxuan.xxljob.task.MyTask#demoJobHandler]-[44]-[xxl-job, JobThread-4-1662601239020] 2022-02-28 21:15:37.200000 market receive order, id = strategy1_32, price = 4728.0, direction = ORDER_DIRECTION.SELL, code = rb888.shfe
2022-09-08 09:41:21 [com.tq.yuxuan.xxljob.task.MyTask#demoJobHandler]-[44]-[xxl-job, JobThread-4-1662601239020] 2022-02-28 21:15:37.200000 market receive order, id = strategy0_25, price = 4727.0, direction = ORDER_DIRECTION.BUY, code = rb888.shfe
2022-09-08 09:41:21 [com.tq.yuxuan.xxljob.task.MyTask#demoJobHandler]-[44]-[xxl-job, JobThread-4-1662601239020] 2022-02-28 21:15:37.200000 market match order, id = strategy1_32, info = ('strategy1_32', 4, 4728.0, 1), code = rb888.shfe
2022-09-08 09:41:21 [com.tq.yuxuan.xxljob.task.MyTask#demoJobHandler]-[44]-[xxl-job, JobThread-4-1662601239020] 2022-02-28 21:15:46.100000 account cancel order, id = strategy0_25, price = 4727.0, direction = ORDER_DIRECTION.BUY, code = rb888.shfe
2022-09-08 09:41:21 [com.tq.yuxuan.xxljob.task.MyTask#demoJobHandler]-[44]-[xxl-job, JobThread-4-1662601239020] 2022-02-28 21:15:46.200000 market match order, id = strategy0_25, info = ('strategy0_25', 5, None, None), code = rb888.shfe
2022-09-08 09:41:21 [com.tq.yuxuan.xxljob.task.MyTask#demoJobHandler]-[44]-[xxl-job, JobThread-4-1662601239020] 2022-02-28 21:16:40.100000 account insert order, id = strategy1_33, price = 4731.0, direction = ORDER_DIRECTION.SELL, code = rb999.shfe
2022-09-08 09:41:21 [com.tq.yuxuan.xxljob.task.MyTask#demoJobHandler]-[44]-[xxl-job, JobThread-4-1662601239020] 2022-02-28 21:16:40.200000 market receive order, id = strategy1_33, price = 4731.0, direction = ORDER_DIRECTION.SELL, code = rb999.shfe
2022-09-08 09:41:21 [com.tq.yuxuan.xxljob.task.MyTask#demoJobHandler]-[44]-[xxl-job, JobThread-4-1662601239020] 2022-02-28 21:16:41.100000 account cancel order, id = strategy1_33, price = 4731.0, direction = ORDER_DIRECTION.SELL, code = rb999.shfe
2022-09-08 09:41:21 [com.tq.yuxuan.xxljob.task.MyTask#demoJobHandler]-[44]-[xxl-job, JobThread-4-1662601239020] 2022-02-28 21:16:41.200000 market match order, id = strategy1_33, info = ('strategy1_33', 5, None, None), code = rb999.shfe
2022-09-08 09:41:21 [com.tq.yuxuan.xxljob.task.MyTask#demoJobHandler]-[44]-[xxl-job, JobThread-4-1662601239020] 2022-02-28 21:16:53.100000 account insert order, id = strategy1_34, price = 4729.0, direction = ORDER_DIRECTION.BUY, code = rb888.shfe
2022-09-08 09:41:21 [com.tq.yuxuan.xxljob.task.MyTask#demoJobHandler]-[44]-[xxl-job, JobThread-4-1662601239020] 2022-02-28 21:16:53.200000 market receive order, id = strategy1_34, price = 4729.0, direction = ORDER_DIRECTION.BUY, code = rb888.shfe
2022-09-08 09:41:21 [com.tq.yuxuan.xxljob.task.MyTask#demoJobHandler]-[44]-[xxl-job, JobThread-4-1662601239020] 2022-02-28 21:16:55.100000 account cancel order, id = strategy1_34, price = 4729.0, direction = ORDER_DIRECTION.BUY, code = rb888.shfe
2022-09-08 09:41:21 [com.tq.yuxuan.xxljob.task.MyTask#demoJobHandler]-[44]-[xxl-job, JobThread-4-1662601239020] 2022-02-28 21:16:55.200000 market match order, id = strategy1_34, info = ('strategy1_34', 5, None, None), code = rb888.shfe
2022-09-08 09:41:21 [com.tq.yuxuan.xxljob.task.MyTask#demoJobHandler]-[44]-[xxl-job, JobThread-4-1662601239020] 2022-02-28 21:17:08.100000 account insert order, id = strategy1_35, price = 4730.0, direction = ORDER_DIRECTION.SELL, code = rb999.shfe
2022-09-08 09:41:21 [com.tq.yuxuan.xxljob.task.MyTask#demoJobHandler]-[44]-[xxl-job, JobThread-4-1662601239020] 2022-02-28 21:17:08.200000 market receive order, id = strategy1_35, price = 4730.0, direction = ORDER_DIRECTION.SELL, code = rb999.shfe
2022-09-08 09:41:21 [com.tq.yuxuan.xxljob.task.MyTask#demoJobHandler]-[44]-[xxl-job, JobThread-4-1662601239020] 2022-02-28 21:17:10.100000 account cancel order, id = strategy1_35, price = 4730.0, direction = ORDER_DIRECTION.SELL, code = rb999.shfe
2022-09-08 09:41:21 [com.tq.yuxuan.xxljob.task.MyTask#demoJobHandler]-[44]-[xxl-job, JobThread-4-1662601239020] 2022-02-28 21:17:10.200000 market match order, id = strategy1_35, info = ('strategy1_35', 5, None, None), code = rb999.shfe
2022-09-08 09:41:21 [com.tq.yuxuan.xxljob.task.MyTask#demoJobHandler]-[44]-[xxl-job, JobThread-4-1662601239020] 2022-02-28 21:17:35.100000 account insert order, id = strategy0_26, price = 4727.0, direction = ORDER_DIRECTION.BUY, code = rb999.shfe
2022-09-08 09:41:21 [com.tq.yuxuan.xxljob.task.MyTask#demoJobHandler]-[44]-[xxl-job, JobThread-4-1662601239020] 2022-02-28 21:17:35.200000 market receive order, id = strategy0_26, price = 4727.0, direction = ORDER_DIRECTION.BUY, code = rb999.shfe
2022-09-08 09:41:21 [com.tq.yuxuan.xxljob.task.MyTask#demoJobHandler]-[44]-[xxl-job, JobThread-4-1662601239020] 2022-02-28 21:17:40.100000 account cancel order, id = strategy0_26, price = 4727.0, direction = ORDER_DIRECTION.BUY, code = rb999.shfe
2022-09-08 09:41:21 [com.tq.yuxuan.xxljob.task.MyTask#demoJobHandler]-[44]-[xxl-job, JobThread-4-1662601239020] 2022-02-28 21:17:40.200000 market match order, id = strategy0_26, info = ('strategy0_26', 5, None, None), code = rb999.shfe
2022-09-08 09:41:21 [com.tq.yuxuan.xxljob.task.MyTask#demoJobHandler]-[44]-[xxl-job, JobThread-4-1662601239020] 2022-02-28 21:18:33.100000 account insert order, id = strategy0_27, price = 4731.0, direction = ORDER_DIRECTION.SELL, code = rb888.shfe
2022-09-08 09:41:21 [com.tq.yuxuan.xxljob.task.MyTask#demoJobHandler]-[44]-[xxl-job, JobThread-4-1662601239020] 2022-02-28 21:18:33.200000 market receive order, id = strategy0_27, price = 4731.0, direction = ORDER_DIRECTION.SELL, code = rb888.shfe
2022-09-08 09:41:21 [com.tq.yuxuan.xxljob.task.MyTask#demoJobHandler]-[44]-[xxl-job, JobThread-4-1662601239020] 2022-02-28 21:18:34.100000 account cancel order, id = strategy0_27, price = 4731.0, direction = ORDER_DIRECTION.SELL, code = rb888.shfe
2022-09-08 09:41:21 [com.tq.yuxuan.xxljob.task.MyTask#demoJobHandler]-[44]-[xxl-job, JobThread-4-1662601239020] 2022-02-28 21:18:34.200000 market match order, id = strategy0_27, info = ('strategy0_27', 5, None, None), code = rb888.shfe
2022-09-08 09:41:21 [com.tq.yuxuan.xxljob.task.MyTask#demoJobHandler]-[44]-[xxl-job, JobThread-4-1662601239020] 2022-02-28 21:18:41.100000 account insert order, id = strategy0_28, price = 4729.0, direction = ORDER_DIRECTION.BUY, code = rb888.shfe
2022-09-08 09:41:21 [com.tq.yuxuan.xxljob.task.MyTask#demoJobHandler]-[44]-[xxl-job, JobThread-4-1662601239020] 2022-02-28 21:18:41.200000 market receive order, id = strategy0_28, price = 4729.0, direction = ORDER_DIRECTION.BUY, code = rb888.shfe
2022-09-08 09:41:21 [com.tq.yuxuan.xxljob.task.MyTask#demoJobHandler]-[44]-[xxl-job, JobThread-4-1662601239020] 2022-02-28 21:18:42.100000 account cancel order, id = strategy0_28, price = 4729.0, direction = ORDER_DIRECTION.BUY, code = rb888.shfe
2022-09-08 09:41:21 [com.tq.yuxuan.xxljob.task.MyTask#demoJobHandler]-[44]-[xxl-job, JobThread-4-1662601239020] 2022-02-28 21:18:42.200000 market match order, id = strategy0_28, info = ('strategy0_28', 5, None, None), code = rb888.shfe
2022-09-08 09:41:21 [com.tq.yuxuan.xxljob.task.MyTask#demoJobHandler]-[44]-[xxl-job, JobThread-4-1662601239020] 2022-02-28 21:19:02.100000 account insert order, id = strategy1_36, price = 4731.0, direction = ORDER_DIRECTION.SELL, code = rb999.shfe
2022-09-08 09:41:21 [com.tq.yuxuan.xxljob.task.MyTask#demoJobHandler]-[44]-[xxl-job, JobThread-4-1662601239020] 2022-02-28 21:19:02.200000 market receive order, id = strategy1_36, price = 4731.0, direction = ORDER_DIRECTION.SELL, code = rb999.shfe
2022-09-08 09:41:21 [com.tq.yuxuan.xxljob.task.MyTask#demoJobHandler]-[44]-[xxl-job, JobThread-4-1662601239020] 2022-02-28 21:19:03.100000 account cancel order, id = strategy1_36, price = 4731.0, direction = ORDER_DIRECTION.SELL, code = rb999.shfe
2022-09-08 09:41:21 [com.tq.yuxuan.xxljob.task.MyTask#demoJobHandler]-[44]-[xxl-job, JobThread-4-1662601239020] 2022-02-28 21:19:03.200000 market match order, id = strategy1_36, info = ('strategy1_36', 5, None, None), code = rb999.shfe
2022-09-08 09:41:21 [com.tq.yuxuan.xxljob.task.MyTask#demoJobHandler]-[44]-[xxl-job, JobThread-4-1662601239020] 2022-02-28 21:20:11.100000 account insert order, id = strategy0_29, price = 4731.0, direction = ORDER_DIRECTION.SELL, code = rb888.shfe
2022-09-08 09:41:21 [com.tq.yuxuan.xxljob.task.MyTask#demoJobHandler]-[44]-[xxl-job, JobThread-4-1662601239020] 2022-02-28 21:20:11.200000 market receive order, id = strategy0_29, price = 4731.0, direction = ORDER_DIRECTION.SELL, code = rb888.shfe
2022-09-08 09:41:21 [com.tq.yuxuan.xxljob.task.MyTask#demoJobHandler]-[44]-[xxl-job, JobThread-4-1662601239020] 2022-02-28 21:20:14.100000 account cancel order, id = strategy0_29, price = 4731.0, direction = ORDER_DIRECTION.SELL, code = rb888.shfe
2022-09-08 09:41:21 [com.tq.yuxuan.xxljob.task.MyTask#demoJobHandler]-[44]-[xxl-job, JobThread-4-1662601239020] 2022-02-28 21:20:14.200000 market match order, id = strategy0_29, info = ('strategy0_29', 5, None, None), code = rb888.shfe
2022-09-08 09:41:21 [com.tq.yuxuan.xxljob.task.MyTask#demoJobHandler]-[44]-[xxl-job, JobThread-4-1662601239020] 2022-02-28 21:20:33.100000 account insert order, id = strategy0_30, price = 4730.0, direction = ORDER_DIRECTION.SELL, code = rb888.shfe
2022-09-08 09:41:21 [com.tq.yuxuan.xxljob.task.MyTask#demoJobHandler]-[44]-[xxl-job, JobThread-4-1662601239020] 2022-02-28 21:20:33.100000 account insert order, id = strategy0_31, price = 4730.0, direction = ORDER_DIRECTION.SELL, code = rb888.shfe
2022-09-08 09:41:21 [com.tq.yuxuan.xxljob.task.MyTask#demoJobHandler]-[44]-[xxl-job, JobThread-4-1662601239020] 2022-02-28 21:20:33.200000 market receive order, id = strategy0_30, price = 4730.0, direction = ORDER_DIRECTION.SELL, code = rb888.shfe
2022-09-08 09:41:21 [com.tq.yuxuan.xxljob.task.MyTask#demoJobHandler]-[44]-[xxl-job, JobThread-4-1662601239020] 2022-02-28 21:20:33.200000 market receive order, id = strategy0_31, price = 4730.0, direction = ORDER_DIRECTION.SELL, code = rb888.shfe
2022-09-08 09:41:21 [com.tq.yuxuan.xxljob.task.MyTask#demoJobHandler]-[44]-[xxl-job, JobThread-4-1662601239020] 2022-02-28 21:20:33.200000 market match order, id = strategy0_30, info = ('strategy0_30', 4, 4730.0, 1), code = rb888.shfe
2022-09-08 09:41:21 [com.tq.yuxuan.xxljob.task.MyTask#demoJobHandler]-[44]-[xxl-job, JobThread-4-1662601239020] 2022-02-28 21:20:33.200000 market match order, id = strategy0_31, info = ('strategy0_31', 4, 4730.0, 1), code = rb888.shfe
2022-09-08 09:41:21 [com.tq.yuxuan.xxljob.task.MyTask#demoJobHandler]-[44]-[xxl-job, JobThread-4-1662601239020] 2022-02-28 21:21:21.100000 account insert order, id = strategy0_32, price = 4728.0, direction = ORDER_DIRECTION.SELL, code = rb999.shfe
2022-09-08 09:41:21 [com.tq.yuxuan.xxljob.task.MyTask#demoJobHandler]-[44]-[xxl-job, JobThread-4-1662601239020] 2022-02-28 21:21:21.200000 market receive order, id = strategy0_32, price = 4728.0, direction = ORDER_DIRECTION.SELL, code = rb999.shfe
2022-09-08 09:41:21 [com.tq.yuxuan.xxljob.task.MyTask#demoJobHandler]-[44]-[xxl-job, JobThread-4-1662601239020] 2022-02-28 21:21:22.100000 account insert order, id = strategy0_33, price = 4728.0, direction = ORDER_DIRECTION.SELL, code = rb999.shfe
2022-09-08 09:41:21 [com.tq.yuxuan.xxljob.task.MyTask#demoJobHandler]-[44]-[xxl-job, JobThread-4-1662601239020] 2022-02-28 21:21:22.200000 market receive order, id = strategy0_33, price = 4728.0, direction = ORDER_DIRECTION.SELL, code = rb999.shfe
2022-09-08 09:41:21 [com.tq.yuxuan.xxljob.task.MyTask#demoJobHandler]-[44]-[xxl-job, JobThread-4-1662601239020] 2022-02-28 21:21:23.100000 account cancel order, id = strategy0_33, price = 4728.0, direction = ORDER_DIRECTION.SELL, code = rb999.shfe
2022-09-08 09:41:21 [com.tq.yuxuan.xxljob.task.MyTask#demoJobHandler]-[44]-[xxl-job, JobThread-4-1662601239020] 2022-02-28 21:21:23.200000 market match order, id = strategy0_33, info = ('strategy0_33', 5, None, None), code = rb999.shfe
2022-09-08 09:41:21 [com.tq.yuxuan.xxljob.task.MyTask#demoJobHandler]-[44]-[xxl-job, JobThread-4-1662601239020] 2022-02-28 21:21:24.100000 market match order, id = strategy0_32, info = ('strategy0_32', 4, 4728.0, 1), code = rb999.shfe
2022-09-08 09:41:21 [com.tq.yuxuan.xxljob.task.MyTask#demoJobHandler]-[44]-[xxl-job, JobThread-4-1662601239020] 2022-02-28 21:22:07.100000 account insert order, id = strategy1_37, price = 4731.0, direction = ORDER_DIRECTION.SELL, code = rb888.shfe
2022-09-08 09:41:21 [com.tq.yuxuan.xxljob.task.MyTask#demoJobHandler]-[44]-[xxl-job, JobThread-4-1662601239020] 2022-02-28 21:22:07.200000 market receive order, id = strategy1_37, price = 4731.0, direction = ORDER_DIRECTION.SELL, code = rb888.shfe
2022-09-08 09:41:21 [com.tq.yuxuan.xxljob.task.MyTask#demoJobHandler]-[44]-[xxl-job, JobThread-4-1662601239020] 2022-02-28 21:22:10.100000 account cancel order, id = strategy1_37, price = 4731.0, direction = ORDER_DIRECTION.SELL, code = rb888.shfe
2022-09-08 09:41:21 [com.tq.yuxuan.xxljob.task.MyTask#demoJobHandler]-[44]-[xxl-job, JobThread-4-1662601239020] 2022-02-28 21:22:10.200000 market match order, id = strategy1_37, info = ('strategy1_37', 5, None, None), code = rb888.shfe
2022-09-08 09:41:21 [com.tq.yuxuan.xxljob.task.MyTask#demoJobHandler]-[44]-[xxl-job, JobThread-4-1662601239020] 2022-02-28 21:22:20.100000 account insert order, id = strategy1_38, price = 4732.0, direction = ORDER_DIRECTION.SELL, code = rb999.shfe
2022-09-08 09:41:21 [com.tq.yuxuan.xxljob.task.MyTask#demoJobHandler]-[44]-[xxl-job, JobThread-4-1662601239020] 2022-02-28 21:22:20.200000 market receive order, id = strategy1_38, price = 4732.0, direction = ORDER_DIRECTION.SELL, code = rb999.shfe
2022-09-08 09:41:21 [com.tq.yuxuan.xxljob.task.MyTask#demoJobHandler]-[44]-[xxl-job, JobThread-4-1662601239020] 2022-02-28 21:22:22.100000 account cancel order, id = strategy1_38, price = 4732.0, direction = ORDER_DIRECTION.SELL, code = rb999.shfe
2022-09-08 09:41:21 [com.tq.yuxuan.xxljob.task.MyTask#demoJobHandler]-[44]-[xxl-job, JobThread-4-1662601239020] 2022-02-28 21:22:22.200000 market match order, id = strategy1_38, info = ('strategy1_38', 5, None, None), code = rb999.shfe
2022-09-08 09:41:21 [com.tq.yuxuan.xxljob.task.MyTask#demoJobHandler]-[44]-[xxl-job, JobThread-4-1662601239020] 2022-02-28 21:22:37.100000 account insert order, id = strategy1_39, price = 4733.0, direction = ORDER_DIRECTION.SELL, code = rb888.shfe
2022-09-08 09:41:21 [com.tq.yuxuan.xxljob.task.MyTask#demoJobHandler]-[44]-[xxl-job, JobThread-4-1662601239020] 2022-02-28 21:22:37.200000 market receive order, id = strategy1_39, price = 4733.0, direction = ORDER_DIRECTION.SELL, code = rb888.shfe
2022-09-08 09:41:21 [com.tq.yuxuan.xxljob.task.MyTask#demoJobHandler]-[44]-[xxl-job, JobThread-4-1662601239020] 2022-02-28 21:22:40.100000 account cancel order, id = strategy1_39, price = 4733.0, direction = ORDER_DIRECTION.SELL, code = rb888.shfe
2022-09-08 09:41:21 [com.tq.yuxuan.xxljob.task.MyTask#demoJobHandler]-[44]-[xxl-job, JobThread-4-1662601239020] 2022-02-28 21:22:40.200000 market match order, id = strategy1_39, info = ('strategy1_39', 5, None, None), code = rb888.shfe
2022-09-08 09:41:21 [com.tq.yuxuan.xxljob.task.MyTask#demoJobHandler]-[44]-[xxl-job, JobThread-4-1662601239020] 2022-02-28 21:22:49.100000 account insert order, id = strategy0_34, price = 4732.0, direction = ORDER_DIRECTION.BUY, code = rb999.shfe
2022-09-08 09:41:21 [com.tq.yuxuan.xxljob.task.MyTask#demoJobHandler]-[44]-[xxl-job, JobThread-4-1662601239020] 2022-02-28 21:22:49.200000 market receive order, id = strategy0_34, price = 4732.0, direction = ORDER_DIRECTION.BUY, code = rb999.shfe
2022-09-08 09:41:21 [com.tq.yuxuan.xxljob.task.MyTask#demoJobHandler]-[44]-[xxl-job, JobThread-4-1662601239020] 2022-02-28 21:22:50.100000 account cancel order, id = strategy0_34, price = 4732.0, direction = ORDER_DIRECTION.BUY, code = rb999.shfe
2022-09-08 09:41:21 [com.tq.yuxuan.xxljob.task.MyTask#demoJobHandler]-[44]-[xxl-job, JobThread-4-1662601239020] 2022-02-28 21:22:50.200000 market match order, id = strategy0_34, info = ('strategy0_34', 5, None, None), code = rb999.shfe
2022-09-08 09:41:21 [com.tq.yuxuan.xxljob.task.MyTask#demoJobHandler]-[44]-[xxl-job, JobThread-4-1662601239020] 2022-02-28 21:23:17.100000 account insert order, id = strategy1_40, price = 4732.0, direction = ORDER_DIRECTION.SELL, code = rb999.shfe
2022-09-08 09:41:21 [com.tq.yuxuan.xxljob.task.MyTask#demoJobHandler]-[44]-[xxl-job, JobThread-4-1662601239020] 2022-02-28 21:23:17.200000 market receive order, id = strategy1_40, price = 4732.0, direction = ORDER_DIRECTION.SELL, code = rb999.shfe
2022-09-08 09:41:21 [com.tq.yuxuan.xxljob.task.MyTask#demoJobHandler]-[44]-[xxl-job, JobThread-4-1662601239020] 2022-02-28 21:23:18.100000 account cancel order, id = strategy1_40, price = 4732.0, direction = ORDER_DIRECTION.SELL, code = rb999.shfe
2022-09-08 09:41:21 [com.tq.yuxuan.xxljob.task.MyTask#demoJobHandler]-[44]-[xxl-job, JobThread-4-1662601239020] 2022-02-28 21:23:18.200000 market match order, id = strategy1_40, info = ('strategy1_40', 5, None, None), code = rb999.shfe
2022-09-08 09:41:21 [com.tq.yuxuan.xxljob.task.MyTask#demoJobHandler]-[44]-[xxl-job, JobThread-4-1662601239020] 2022-02-28 21:23:23.100000 account insert order, id = strategy0_35, price = 4732.0, direction = ORDER_DIRECTION.SELL, code = rb888.shfe
2022-09-08 09:41:21 [com.tq.yuxuan.xxljob.task.MyTask#demoJobHandler]-[44]-[xxl-job, JobThread-4-1662601239020] 2022-02-28 21:23:23.200000 market receive order, id = strategy0_35, price = 4732.0, direction = ORDER_DIRECTION.SELL, code = rb888.shfe
2022-09-08 09:41:21 [com.tq.yuxuan.xxljob.task.MyTask#demoJobHandler]-[44]-[xxl-job, JobThread-4-1662601239020] 2022-02-28 21:23:24.100000 account cancel order, id = strategy0_35, price = 4732.0, direction = ORDER_DIRECTION.SELL, code = rb888.shfe
2022-09-08 09:41:21 [com.tq.yuxuan.xxljob.task.MyTask#demoJobHandler]-[44]-[xxl-job, JobThread-4-1662601239020] 2022-02-28 21:23:24.200000 market match order, id = strategy0_35, info = ('strategy0_35', 5, None, None), code = rb888.shfe
2022-09-08 09:41:21 [com.tq.yuxuan.xxljob.task.MyTask#demoJobHandler]-[44]-[xxl-job, JobThread-4-1662601239020] 2022-02-28 21:23:28.100000 account insert order, id = strategy1_41, price = 4731.0, direction = ORDER_DIRECTION.SELL, code = rb999.shfe
2022-09-08 09:41:21 [com.tq.yuxuan.xxljob.task.MyTask#demoJobHandler]-[44]-[xxl-job, JobThread-4-1662601239020] 2022-02-28 21:23:28.200000 market receive order, id = strategy1_41, price = 4731.0, direction = ORDER_DIRECTION.SELL, code = rb999.shfe
2022-09-08 09:41:21 [com.tq.yuxuan.xxljob.task.MyTask#demoJobHandler]-[44]-[xxl-job, JobThread-4-1662601239020] 2022-02-28 21:23:29.100000 market match order, id = strategy1_41, info = ('strategy1_41', 4, 4731.0, 1), code = rb999.shfe
2022-09-08 09:41:21 [com.tq.yuxuan.xxljob.task.MyTask#demoJobHandler]-[44]-[xxl-job, JobThread-4-1662601239020] 2022-02-28 21:23:39.100000 account insert order, id = strategy0_36, price = 4733.0, direction = ORDER_DIRECTION.SELL, code = rb999.shfe
2022-09-08 09:41:21 [com.tq.yuxuan.xxljob.task.MyTask#demoJobHandler]-[44]-[xxl-job, JobThread-4-1662601239020] 2022-02-28 21:23:39.200000 market receive order, id = strategy0_36, price = 4733.0, direction = ORDER_DIRECTION.SELL, code = rb999.shfe
2022-09-08 09:41:21 [com.tq.yuxuan.xxljob.task.MyTask#demoJobHandler]-[44]-[xxl-job, JobThread-4-1662601239020] 2022-02-28 21:23:45.100000 account insert order, id = strategy1_42, price = 4732.0, direction = ORDER_DIRECTION.BUY, code = rb999.shfe
2022-09-08 09:41:21 [com.tq.yuxuan.xxljob.task.MyTask#demoJobHandler]-[44]-[xxl-job, JobThread-4-1662601239020] 2022-02-28 21:23:45.200000 market receive order, id = strategy1_42, price = 4732.0, direction = ORDER_DIRECTION.BUY, code = rb999.shfe
2022-09-08 09:41:21 [com.tq.yuxuan.xxljob.task.MyTask#demoJobHandler]-[44]-[xxl-job, JobThread-4-1662601239020] 2022-02-28 21:23:46.100000 account cancel order, id = strategy1_42, price = 4732.0, direction = ORDER_DIRECTION.BUY, code = rb999.shfe
2022-09-08 09:41:21 [com.tq.yuxuan.xxljob.task.MyTask#demoJobHandler]-[44]-[xxl-job, JobThread-4-1662601239020] 2022-02-28 21:23:46.100000 market match order, id = strategy0_36, info = ('strategy0_36', 4, 4733.0, 1), code = rb999.shfe
2022-09-08 09:41:21 [com.tq.yuxuan.xxljob.task.MyTask#demoJobHandler]-[44]-[xxl-job, JobThread-4-1662601239020] 2022-02-28 21:23:46.200000 market match order, id = strategy1_42, info = ('strategy1_42', 5, None, None), code = rb999.shfe
2022-09-08 09:41:21 [com.tq.yuxuan.xxljob.task.MyTask#demoJobHandler]-[44]-[xxl-job, JobThread-4-1662601239020] 2022-02-28 21:23:49.100000 account insert order, id = strategy0_37, price = 4733.0, direction = ORDER_DIRECTION.BUY, code = rb999.shfe
2022-09-08 09:41:21 [com.tq.yuxuan.xxljob.task.MyTask#demoJobHandler]-[44]-[xxl-job, JobThread-4-1662601239020] 2022-02-28 21:23:49.200000 market receive order, id = strategy0_37, price = 4733.0, direction = ORDER_DIRECTION.BUY, code = rb999.shfe
2022-09-08 09:41:21 [com.tq.yuxuan.xxljob.task.MyTask#demoJobHandler]-[44]-[xxl-job, JobThread-4-1662601239020] 2022-02-28 21:23:50.100000 missing order strategy0_37 @ cancelling...
2022-09-08 09:41:21 [com.tq.yuxuan.xxljob.task.MyTask#demoJobHandler]-[44]-[xxl-job, JobThread-4-1662601239020] 2022-02-28 21:23:50.100000 account cancel order, id = strategy0_37, price = 4733.0, direction = ORDER_DIRECTION.BUY, code = rb999.shfe
2022-09-08 09:41:21 [com.tq.yuxuan.xxljob.task.MyTask#demoJobHandler]-[44]-[xxl-job, JobThread-4-1662601239020] 2022-02-28 21:23:50.100000 market match order, id = strategy0_37, info = ('strategy0_37', 4, 4733.0, 1), code = rb999.shfe
2022-09-08 09:41:21 [com.tq.yuxuan.xxljob.task.MyTask#demoJobHandler]-[44]-[xxl-job, JobThread-4-1662601239020] 2022-02-28 21:24:44.100000 account insert order, id = strategy1_43, price = 4731.0, direction = ORDER_DIRECTION.BUY, code = rb888.shfe
2022-09-08 09:41:21 [com.tq.yuxuan.xxljob.task.MyTask#demoJobHandler]-[44]-[xxl-job, JobThread-4-1662601239020] 2022-02-28 21:24:44.200000 market receive order, id = strategy1_43, price = 4731.0, direction = ORDER_DIRECTION.BUY, code = rb888.shfe
2022-09-08 09:41:21 [com.tq.yuxuan.xxljob.task.MyTask#demoJobHandler]-[44]-[xxl-job, JobThread-4-1662601239020] 2022-02-28 21:24:46.100000 account cancel order, id = strategy1_43, price = 4731.0, direction = ORDER_DIRECTION.BUY, code = rb888.shfe
2022-09-08 09:41:21 [com.tq.yuxuan.xxljob.task.MyTask#demoJobHandler]-[44]-[xxl-job, JobThread-4-1662601239020] 2022-02-28 21:24:46.200000 market match order, id = strategy1_43, info = ('strategy1_43', 5, None, None), code = rb888.shfe
2022-09-08 09:41:21 [com.tq.yuxuan.xxljob.task.MyTask#demoJobHandler]-[44]-[xxl-job, JobThread-4-1662601239020] 2022-02-28 21:25:01.100000 account insert order, id = strategy0_38, price = 4732.0, direction = ORDER_DIRECTION.SELL, code = rb888.shfe
2022-09-08 09:41:21 [com.tq.yuxuan.xxljob.task.MyTask#demoJobHandler]-[44]-[xxl-job, JobThread-4-1662601239020] 2022-02-28 21:25:01.200000 market receive order, id = strategy0_38, price = 4732.0, direction = ORDER_DIRECTION.SELL, code = rb888.shfe
2022-09-08 09:41:21 [com.tq.yuxuan.xxljob.task.MyTask#demoJobHandler]-[44]-[xxl-job, JobThread-4-1662601239020] 2022-02-28 21:25:02.100000 account cancel order, id = strategy0_38, price = 4732.0, direction = ORDER_DIRECTION.SELL, code = rb888.shfe
2022-09-08 09:41:21 [com.tq.yuxuan.xxljob.task.MyTask#demoJobHandler]-[44]-[xxl-job, JobThread-4-1662601239020] 2022-02-28 21:25:02.200000 market match order, id = strategy0_38, info = ('strategy0_38', 5, None, None), code = rb888.shfe
2022-09-08 09:41:21 [com.tq.yuxuan.xxljob.task.MyTask#demoJobHandler]-[44]-[xxl-job, JobThread-4-1662601239020] 2022-02-28 21:25:38.100000 account insert order, id = strategy0_39, price = 4732.0, direction = ORDER_DIRECTION.SELL, code = rb888.shfe
2022-09-08 09:41:21 [com.tq.yuxuan.xxljob.task.MyTask#demoJobHandler]-[44]-[xxl-job, JobThread-4-1662601239020] 2022-02-28 21:25:38.100000 account insert order, id = strategy1_44, price = 4731.0, direction = ORDER_DIRECTION.BUY, code = rb999.shfe
2022-09-08 09:41:21 [com.tq.yuxuan.xxljob.task.MyTask#demoJobHandler]-[44]-[xxl-job, JobThread-4-1662601239020] 2022-02-28 21:25:38.200000 market receive order, id = strategy0_39, price = 4732.0, direction = ORDER_DIRECTION.SELL, code = rb888.shfe
2022-09-08 09:41:21 [com.tq.yuxuan.xxljob.task.MyTask#demoJobHandler]-[44]-[xxl-job, JobThread-4-1662601239020] 2022-02-28 21:25:38.200000 market receive order, id = strategy1_44, price = 4731.0, direction = ORDER_DIRECTION.BUY, code = rb999.shfe
2022-09-08 09:41:21 [com.tq.yuxuan.xxljob.task.MyTask#demoJobHandler]-[44]-[xxl-job, JobThread-4-1662601239020] 2022-02-28 21:25:38.200000 market match order, id = strategy1_44, info = ('strategy1_44', 4, 4731.0, 1), code = rb999.shfe
2022-09-08 09:41:21 [com.tq.yuxuan.xxljob.task.MyTask#demoJobHandler]-[44]-[xxl-job, JobThread-4-1662601239020] 2022-02-28 21:25:42.100000 account cancel order, id = strategy0_39, price = 4732.0, direction = ORDER_DIRECTION.SELL, code = rb888.shfe
2022-09-08 09:41:21 [com.tq.yuxuan.xxljob.task.MyTask#demoJobHandler]-[44]-[xxl-job, JobThread-4-1662601239020] 2022-02-28 21:25:42.200000 market match order, id = strategy0_39, info = ('strategy0_39', 5, None, None), code = rb888.shfe
2022-09-08 09:41:21 [com.tq.yuxuan.xxljob.task.MyTask#demoJobHandler]-[44]-[xxl-job, JobThread-4-1662601239020] 2022-02-28 21:26:05.100000 account insert order, id = strategy0_40, price = 4729.0, direction = ORDER_DIRECTION.BUY, code = rb888.shfe
2022-09-08 09:41:21 [com.tq.yuxuan.xxljob.task.MyTask#demoJobHandler]-[44]-[xxl-job, JobThread-4-1662601239020] 2022-02-28 21:26:05.200000 market receive order, id = strategy0_40, price = 4729.0, direction = ORDER_DIRECTION.BUY, code = rb888.shfe
2022-09-08 09:41:21 [com.tq.yuxuan.xxljob.task.MyTask#demoJobHandler]-[44]-[xxl-job, JobThread-4-1662601239020] 2022-02-28 21:26:09.100000 missing order strategy0_40 @ cancelling...
2022-09-08 09:41:21 [com.tq.yuxuan.xxljob.task.MyTask#demoJobHandler]-[44]-[xxl-job, JobThread-4-1662601239020] 2022-02-28 21:26:09.100000 account cancel order, id = strategy0_40, price = 4729.0, direction = ORDER_DIRECTION.BUY, code = rb888.shfe
2022-09-08 09:41:21 [com.tq.yuxuan.xxljob.task.MyTask#demoJobHandler]-[44]-[xxl-job, JobThread-4-1662601239020] 2022-02-28 21:26:09.100000 market match order, id = strategy0_40, info = ('strategy0_40', 4, 4729.0, 1), code = rb888.shfe
2022-09-08 09:41:21 [com.tq.yuxuan.xxljob.task.MyTask#demoJobHandler]-[44]-[xxl-job, JobThread-4-1662601239020] 2022-02-28 21:26:10.100000 account insert order, id = strategy0_41, price = 4729.0, direction = ORDER_DIRECTION.SELL, code = rb888.shfe
2022-09-08 09:41:21 [com.tq.yuxuan.xxljob.task.MyTask#demoJobHandler]-[44]-[xxl-job, JobThread-4-1662601239020] 2022-02-28 21:26:10.200000 market receive order, id = strategy0_41, price = 4729.0, direction = ORDER_DIRECTION.SELL, code = rb888.shfe
2022-09-08 09:41:21 [com.tq.yuxuan.xxljob.task.MyTask#demoJobHandler]-[44]-[xxl-job, JobThread-4-1662601239020] 2022-02-28 21:26:11.100000 account cancel order, id = strategy0_41, price = 4729.0, direction = ORDER_DIRECTION.SELL, code = rb888.shfe
2022-09-08 09:41:21 [com.tq.yuxuan.xxljob.task.MyTask#demoJobHandler]-[44]-[xxl-job, JobThread-4-1662601239020] 2022-02-28 21:26:11.200000 market match order, id = strategy0_41, info = ('strategy0_41', 5, None, None), code = rb888.shfe
2022-09-08 09:41:21 [com.tq.yuxuan.xxljob.task.MyTask#demoJobHandler]-[44]-[xxl-job, JobThread-4-1662601239020] 2022-02-28 21:26:54.100000 account insert order, id = strategy0_42, price = 4728.0, direction = ORDER_DIRECTION.SELL, code = rb999.shfe
2022-09-08 09:41:21 [com.tq.yuxuan.xxljob.task.MyTask#demoJobHandler]-[44]-[xxl-job, JobThread-4-1662601239020] 2022-02-28 21:26:54.200000 market receive order, id = strategy0_42, price = 4728.0, direction = ORDER_DIRECTION.SELL, code = rb999.shfe
2022-09-08 09:41:21 [com.tq.yuxuan.xxljob.task.MyTask#demoJobHandler]-[44]-[xxl-job, JobThread-4-1662601239020] 2022-02-28 21:26:55.100000 account cancel order, id = strategy0_42, price = 4728.0, direction = ORDER_DIRECTION.SELL, code = rb999.shfe
2022-09-08 09:41:21 [com.tq.yuxuan.xxljob.task.MyTask#demoJobHandler]-[44]-[xxl-job, JobThread-4-1662601239020] 2022-02-28 21:26:55.200000 market match order, id = strategy0_42, info = ('strategy0_42', 5, None, None), code = rb999.shfe
2022-09-08 09:41:21 [com.tq.yuxuan.xxljob.task.MyTask#demoJobHandler]-[44]-[xxl-job, JobThread-4-1662601239020] 2022-02-28 21:27:01.100000 account insert order, id = strategy1_45, price = 4728.0, direction = ORDER_DIRECTION.SELL, code = rb999.shfe
2022-09-08 09:41:21 [com.tq.yuxuan.xxljob.task.MyTask#demoJobHandler]-[44]-[xxl-job, JobThread-4-1662601239020] 2022-02-28 21:27:01.200000 market receive order, id = strategy1_45, price = 4728.0, direction = ORDER_DIRECTION.SELL, code = rb999.shfe
2022-09-08 09:41:21 [com.tq.yuxuan.xxljob.task.MyTask#demoJobHandler]-[44]-[xxl-job, JobThread-4-1662601239020] 2022-02-28 21:27:02.100000 market match order, id = strategy1_45, info = ('strategy1_45', 4, 4728.0, 1), code = rb999.shfe
2022-09-08 09:41:21 [com.tq.yuxuan.xxljob.task.MyTask#demoJobHandler]-[44]-[xxl-job, JobThread-4-1662601239020] 2022-02-28 21:27:39.100000 account insert order, id = strategy1_46, price = 4729.0, direction = ORDER_DIRECTION.SELL, code = rb888.shfe
2022-09-08 09:41:21 [com.tq.yuxuan.xxljob.task.MyTask#demoJobHandler]-[44]-[xxl-job, JobThread-4-1662601239020] 2022-02-28 21:27:39.200000 market receive order, id = strategy1_46, price = 4729.0, direction = ORDER_DIRECTION.SELL, code = rb888.shfe
2022-09-08 09:41:21 [com.tq.yuxuan.xxljob.task.MyTask#demoJobHandler]-[44]-[xxl-job, JobThread-4-1662601239020] 2022-02-28 21:27:45.100000 account cancel order, id = strategy1_46, price = 4729.0, direction = ORDER_DIRECTION.SELL, code = rb888.shfe
2022-09-08 09:41:21 [com.tq.yuxuan.xxljob.task.MyTask#demoJobHandler]-[44]-[xxl-job, JobThread-4-1662601239020] 2022-02-28 21:27:45.200000 market match order, id = strategy1_46, info = ('strategy1_46', 5, None, None), code = rb888.shfe
2022-09-08 09:41:21 [com.tq.yuxuan.xxljob.task.MyTask#demoJobHandler]-[44]-[xxl-job, JobThread-4-1662601239020] 2022-02-28 21:28:12.100000 account insert order, id = strategy1_47, price = 4728.0, direction = ORDER_DIRECTION.SELL, code = rb888.shfe
2022-09-08 09:41:21 [com.tq.yuxuan.xxljob.task.MyTask#demoJobHandler]-[44]-[xxl-job, JobThread-4-1662601239020] 2022-02-28 21:28:12.200000 market receive order, id = strategy1_47, price = 4728.0, direction = ORDER_DIRECTION.SELL, code = rb888.shfe
2022-09-08 09:41:21 [com.tq.yuxuan.xxljob.task.MyTask#demoJobHandler]-[44]-[xxl-job, JobThread-4-1662601239020] 2022-02-28 21:28:17.100000 account cancel order, id = strategy1_47, price = 4728.0, direction = ORDER_DIRECTION.SELL, code = rb888.shfe
2022-09-08 09:41:21 [com.tq.yuxuan.xxljob.task.MyTask#demoJobHandler]-[44]-[xxl-job, JobThread-4-1662601239020] 2022-02-28 21:28:17.200000 market match order, id = strategy1_47, info = ('strategy1_47', 5, None, None), code = rb888.shfe
2022-09-08 09:41:21 [com.tq.yuxuan.xxljob.task.MyTask#demoJobHandler]-[44]-[xxl-job, JobThread-4-1662601239020] 2022-02-28 21:28:20.100000 account insert order, id = strategy0_43, price = 4727.0, direction = ORDER_DIRECTION.BUY, code = rb999.shfe
2022-09-08 09:41:21 [com.tq.yuxuan.xxljob.task.MyTask#demoJobHandler]-[44]-[xxl-job, JobThread-4-1662601239020] 2022-02-28 21:28:20.200000 market receive order, id = strategy0_43, price = 4727.0, direction = ORDER_DIRECTION.BUY, code = rb999.shfe
2022-09-08 09:41:21 [com.tq.yuxuan.xxljob.task.MyTask#demoJobHandler]-[44]-[xxl-job, JobThread-4-1662601239020] 2022-02-28 21:28:21.100000 market match order, id = strategy0_43, info = ('strategy0_43', 4, 4727.0, 1), code = rb999.shfe
2022-09-08 09:41:21 [com.tq.yuxuan.xxljob.task.MyTask#demoJobHandler]-[44]-[xxl-job, JobThread-4-1662601239020] 2022-02-28 21:28:56.100000 account insert order, id = strategy1_48, price = 4728.0, direction = ORDER_DIRECTION.SELL, code = rb999.shfe
2022-09-08 09:41:21 [com.tq.yuxuan.xxljob.task.MyTask#demoJobHandler]-[44]-[xxl-job, JobThread-4-1662601239020] 2022-02-28 21:28:56.200000 market receive order, id = strategy1_48, price = 4728.0, direction = ORDER_DIRECTION.SELL, code = rb999.shfe
2022-09-08 09:41:21 [com.tq.yuxuan.xxljob.task.MyTask#demoJobHandler]-[44]-[xxl-job, JobThread-4-1662601239020] 2022-02-28 21:28:58.100000 account cancel order, id = strategy1_48, price = 4728.0, direction = ORDER_DIRECTION.SELL, code = rb999.shfe
2022-09-08 09:41:21 [com.tq.yuxuan.xxljob.task.MyTask#demoJobHandler]-[44]-[xxl-job, JobThread-4-1662601239020] 2022-02-28 21:28:58.200000 market match order, id = strategy1_48, info = ('strategy1_48', 5, None, None), code = rb999.shfe
2022-09-08 09:41:21 [com.tq.yuxuan.xxljob.task.MyTask#demoJobHandler]-[44]-[xxl-job, JobThread-4-1662601239020] 2022-02-28 21:29:24.100000 account insert order, id = strategy1_49, price = 4729.0, direction = ORDER_DIRECTION.SELL, code = rb888.shfe
2022-09-08 09:41:21 [com.tq.yuxuan.xxljob.task.MyTask#demoJobHandler]-[44]-[xxl-job, JobThread-4-1662601239020] 2022-02-28 21:29:24.200000 market receive order, id = strategy1_49, price = 4729.0, direction = ORDER_DIRECTION.SELL, code = rb888.shfe
2022-09-08 09:41:21 [com.tq.yuxuan.xxljob.task.MyTask#demoJobHandler]-[44]-[xxl-job, JobThread-4-1662601239020] 2022-02-28 21:29:27.100000 market match order, id = strategy1_49, info = ('strategy1_49', 4, 4729.0, 1), code = rb888.shfe
2022-09-08 09:41:21 [com.tq.yuxuan.xxljob.task.MyTask#demoJobHandler]-[44]-[xxl-job, JobThread-4-1662601239020] strategy0 {'rb888.shfe': [('strategy0_2', 4, 4725.0, 1), ('strategy0_8', 4, 4728.0, 1), ('strategy0_9', 5, None, None), ('strategy0_10', 5, None, None), ('strategy0_13', 5, None, None), ('strategy0_18', 5, None, None), ('strategy0_19', 5, None, None), ('strategy0_21', 4, 4725.0, 1), ('strategy0_22', 4, 4725.0, 1), ('strategy0_25', 5, None, None), ('strategy0_27', 5, None, None), ('strategy0_28', 5, None, None), ('strategy0_29', 5, None, None), ('strategy0_30', 4, 4730.0, 1), ('strategy0_31', 4, 4730.0, 1), ('strategy0_35', 5, None, None), ('strategy0_38', 5, None, None), ('strategy0_39', 5, None, None), ('strategy0_40', 4, 4729.0, 1), ('strategy0_41', 5, None, None)], 'rb999.shfe': [('strategy0_0', 5, None, None), ('strategy0_1', 4, 4721.0, 1), ('strategy0_3', 4, 4725.0, 1), ('strategy0_4', 5, None, None), ('strategy0_5', 5, None, None), ('strategy0_6', 4, 4726.0, 1), ('strategy0_7', 4, 4730.0, 1), ('strategy0_11', 4, 4725.0, 1), ('strategy0_12', 4, 4722.0, 1), ('strategy0_14', 5, None, None), ('strategy0_15', 4, 4724.0, 1), ('strategy0_16', 5, None, None), ('strategy0_17', 4, 4725.0, 1), ('strategy0_20', 5, None, None), ('strategy0_23', 4, 4726.0, 1), ('strategy0_24', 5, None, None), ('strategy0_26', 5, None, None), ('strategy0_33', 5, None, None), ('strategy0_32', 4, 4728.0, 1), ('strategy0_34', 5, None, None), ('strategy0_36', 4, 4733.0, 1), ('strategy0_37', 4, 4733.0, 1), ('strategy0_42', 5, None, None), ('strategy0_43', 4, 4727.0, 1)]}
2022-09-08 09:41:21 [com.tq.yuxuan.xxljob.task.MyTask#demoJobHandler]-[44]-[xxl-job, JobThread-4-1662601239020] strategy1 {'rb888.shfe': [('strategy1_2', 4, 4719.0, 1), ('strategy1_3', 4, 4717.0, 1), ('strategy1_7', 5, None, None), ('strategy1_8', 4, 4730.0, 1), ('strategy1_12', 4, 4724.0, 1), ('strategy1_13', 5, None, None), ('strategy1_14', 5, None, None), ('strategy1_17', 4, 4726.0, 1), ('strategy1_19', 5, None, None), ('strategy1_23', 4, 4725.0, 1), ('strategy1_24', 5, None, None), ('strategy1_26', 5, None, None), ('strategy1_29', 4, 4724.0, 1), ('strategy1_32', 4, 4728.0, 1), ('strategy1_34', 5, None, None), ('strategy1_37', 5, None, None), ('strategy1_39', 5, None, None), ('strategy1_43', 5, None, None), ('strategy1_46', 5, None, None), ('strategy1_47', 5, None, None), ('strategy1_49', 4, 4729.0, 1)], 'rb999.shfe': [('strategy1_0', 5, None, None), ('strategy1_1', 4, 4716.0, 1), ('strategy1_4', 5, None, None), ('strategy1_5', 5, None, None), ('strategy1_6', 5, None, None), ('strategy1_9', 4, 4728.0, 1), ('strategy1_10', 4, 4726.0, 1), ('strategy1_11', 5, None, None), ('strategy1_15', 4, 4725.0, 1), ('strategy1_16', 4, 4725.0, 1), ('strategy1_18', 5, None, None), ('strategy1_20', 5, None, None), ('strategy1_21', 4, 4725.0, 1), ('strategy1_22', 5, None, None), ('strategy1_25', 5, None, None), ('strategy1_27', 5, None, None), ('strategy1_28', 4, 4725.0, 1), ('strategy1_30', 5, None, None), ('strategy1_31', 4, 4728.0, 1), ('strategy1_33', 5, None, None), ('strategy1_35', 5, None, None), ('strategy1_36', 5, None, None), ('strategy1_38', 5, None, None), ('strategy1_40', 5, None, None), ('strategy1_41', 4, 4731.0, 1), ('strategy1_42', 5, None, None), ('strategy1_44', 4, 4731.0, 1), ('strategy1_45', 4, 4728.0, 1), ('strategy1_48', 5, None, None)]}
2022-09-08 09:41:22 [com.tq.yuxuan.xxljob.task.MyTask#demoJobHandler]-[54]-[xxl-job, JobThread-4-1662601239020] TransQuant tick回测任务完成.
2022-09-08 09:41:22 [com.xxl.job.core.thread.JobThread#run]-[179]-[xxl-job, JobThread-4-1662601239020] <br>----------- xxl-job job execute end(finish) -----------<br>----------- Result: handleCode=200, handleMsg = null
2022-09-08 09:41:22 [com.xxl.job.core.thread.TriggerCallbackThread#callbackLog]-[197]-[xxl-job, executor TriggerCallbackThread] <br>----------- xxl-job job callback finish.
