2022-09-08 09:41:54 [com.xxl.job.core.thread.JobThread#run]-[133]-[xxl-job, JobThread-4-1662601239020] <br>----------- xxl-job job execute start -----------<br>----------- Param:
2022-09-08 09:41:54 [com.tq.yuxuan.xxljob.task.MyTask#demoJobHandler]-[29]-[xxl-job, JobThread-4-1662601239020] TransQuant tick回测任务启动.
2022-09-08 09:41:54 [com.tq.yuxuan.xxljob.task.MyTask#demoJobHandler]-[35]-[xxl-job, JobThread-4-1662601239020] 分片参数：当前分片序号 = 0, 总分片数 = 1
2022-09-08 09:41:59 [com.tq.yuxuan.xxljob.task.MyTask#demoJobHandler]-[44]-[xxl-job, JobThread-4-1662601239020] inserting match-info timestep events...
2022-09-08 09:41:59 [com.tq.yuxuan.xxljob.task.MyTask#demoJobHandler]-[44]-[xxl-job, JobThread-4-1662601239020] inserting market timestep events...
2022-09-08 09:41:59 [com.tq.yuxuan.xxljob.task.MyTask#demoJobHandler]-[44]-[xxl-job, JobThread-4-1662601239020] inserting match-info timestep events...
2022-09-08 09:41:59 [com.tq.yuxuan.xxljob.task.MyTask#demoJobHandler]-[44]-[xxl-job, JobThread-4-1662601239020] 2022-02-28 21:00:04.100000 account insert order, id = strategy0_0, price = 4717.0, direction = ORDER_DIRECTION.SELL, code = rb888.shfe
2022-09-08 09:41:59 [com.tq.yuxuan.xxljob.task.MyTask#demoJobHandler]-[44]-[xxl-job, JobThread-4-1662601239020] 2022-02-28 21:00:04.200000 market receive order, id = strategy0_0, price = 4717.0, direction = ORDER_DIRECTION.SELL, code = rb888.shfe
2022-09-08 09:41:59 [com.tq.yuxuan.xxljob.task.MyTask#demoJobHandler]-[44]-[xxl-job, JobThread-4-1662601239020] 2022-02-28 21:00:09.100000 market match order, id = strategy0_0, info = ('strategy0_0', 4, 4717.0, 1), code = rb888.shfe
2022-09-08 09:41:59 [com.tq.yuxuan.xxljob.task.MyTask#demoJobHandler]-[44]-[xxl-job, JobThread-4-1662601239020] 2022-02-28 21:00:14.100000 account insert order, id = strategy1_0, price = 4719.0, direction = ORDER_DIRECTION.SELL, code = rb999.shfe
2022-09-08 09:41:59 [com.tq.yuxuan.xxljob.task.MyTask#demoJobHandler]-[44]-[xxl-job, JobThread-4-1662601239020] 2022-02-28 21:00:14.200000 market receive order, id = strategy1_0, price = 4719.0, direction = ORDER_DIRECTION.SELL, code = rb999.shfe
2022-09-08 09:41:59 [com.tq.yuxuan.xxljob.task.MyTask#demoJobHandler]-[44]-[xxl-job, JobThread-4-1662601239020] 2022-02-28 21:00:15.100000 market match order, id = strategy1_0, info = ('strategy1_0', 4, 4719.0, 1), code = rb999.shfe
2022-09-08 09:41:59 [com.tq.yuxuan.xxljob.task.MyTask#demoJobHandler]-[44]-[xxl-job, JobThread-4-1662601239020] 2022-02-28 21:00:36.100000 account insert order, id = strategy0_1, price = 4718.0, direction = ORDER_DIRECTION.BUY, code = rb999.shfe
2022-09-08 09:41:59 [com.tq.yuxuan.xxljob.task.MyTask#demoJobHandler]-[44]-[xxl-job, JobThread-4-1662601239020] 2022-02-28 21:00:36.200000 market receive order, id = strategy0_1, price = 4718.0, direction = ORDER_DIRECTION.BUY, code = rb999.shfe
2022-09-08 09:41:59 [com.tq.yuxuan.xxljob.task.MyTask#demoJobHandler]-[44]-[xxl-job, JobThread-4-1662601239020] 2022-02-28 21:00:37.100000 market match order, id = strategy0_1, info = ('strategy0_1', 4, 4718.0, 1), code = rb999.shfe
2022-09-08 09:41:59 [com.tq.yuxuan.xxljob.task.MyTask#demoJobHandler]-[44]-[xxl-job, JobThread-4-1662601239020] 2022-02-28 21:01:16.100000 account insert order, id = strategy1_1, price = 4724.0, direction = ORDER_DIRECTION.SELL, code = rb888.shfe
2022-09-08 09:41:59 [com.tq.yuxuan.xxljob.task.MyTask#demoJobHandler]-[44]-[xxl-job, JobThread-4-1662601239020] 2022-02-28 21:01:16.200000 market receive order, id = strategy1_1, price = 4724.0, direction = ORDER_DIRECTION.SELL, code = rb888.shfe
2022-09-08 09:41:59 [com.tq.yuxuan.xxljob.task.MyTask#demoJobHandler]-[44]-[xxl-job, JobThread-4-1662601239020] 2022-02-28 21:01:17.100000 market match order, id = strategy1_1, info = ('strategy1_1', 4, 4724.0, 1), code = rb888.shfe
2022-09-08 09:41:59 [com.tq.yuxuan.xxljob.task.MyTask#demoJobHandler]-[44]-[xxl-job, JobThread-4-1662601239020] 2022-02-28 21:01:35.100000 account insert order, id = strategy1_2, price = 4724.0, direction = ORDER_DIRECTION.BUY, code = rb888.shfe
2022-09-08 09:41:59 [com.tq.yuxuan.xxljob.task.MyTask#demoJobHandler]-[44]-[xxl-job, JobThread-4-1662601239020] 2022-02-28 21:01:35.200000 market receive order, id = strategy1_2, price = 4724.0, direction = ORDER_DIRECTION.BUY, code = rb888.shfe
2022-09-08 09:41:59 [com.tq.yuxuan.xxljob.task.MyTask#demoJobHandler]-[44]-[xxl-job, JobThread-4-1662601239020] 2022-02-28 21:01:37.100000 market match order, id = strategy1_2, info = ('strategy1_2', 4, 4724.0, 1), code = rb888.shfe
2022-09-08 09:41:59 [com.tq.yuxuan.xxljob.task.MyTask#demoJobHandler]-[44]-[xxl-job, JobThread-4-1662601239020] 2022-02-28 21:02:44.100000 account insert order, id = strategy1_3, price = 4726.0, direction = ORDER_DIRECTION.BUY, code = rb999.shfe
2022-09-08 09:41:59 [com.tq.yuxuan.xxljob.task.MyTask#demoJobHandler]-[44]-[xxl-job, JobThread-4-1662601239020] 2022-02-28 21:02:44.200000 market receive order, id = strategy1_3, price = 4726.0, direction = ORDER_DIRECTION.BUY, code = rb999.shfe
2022-09-08 09:41:59 [com.tq.yuxuan.xxljob.task.MyTask#demoJobHandler]-[44]-[xxl-job, JobThread-4-1662601239020] 2022-02-28 21:02:44.200000 market match order, id = strategy1_3, info = ('strategy1_3', 4, 4726.0, 1), code = rb999.shfe
2022-09-08 09:41:59 [com.tq.yuxuan.xxljob.task.MyTask#demoJobHandler]-[44]-[xxl-job, JobThread-4-1662601239020] 2022-02-28 21:03:28.100000 account insert order, id = strategy0_2, price = 4725.0, direction = ORDER_DIRECTION.BUY, code = rb888.shfe
2022-09-08 09:41:59 [com.tq.yuxuan.xxljob.task.MyTask#demoJobHandler]-[44]-[xxl-job, JobThread-4-1662601239020] 2022-02-28 21:03:28.200000 market receive order, id = strategy0_2, price = 4725.0, direction = ORDER_DIRECTION.BUY, code = rb888.shfe
2022-09-08 09:41:59 [com.tq.yuxuan.xxljob.task.MyTask#demoJobHandler]-[44]-[xxl-job, JobThread-4-1662601239020] 2022-02-28 21:03:28.200000 market match order, id = strategy0_2, info = ('strategy0_2', 4, 4725.0, 1), code = rb888.shfe
2022-09-08 09:41:59 [com.tq.yuxuan.xxljob.task.MyTask#demoJobHandler]-[44]-[xxl-job, JobThread-4-1662601239020] 2022-02-28 21:03:34.100000 account insert order, id = strategy0_3, price = 4724.0, direction = ORDER_DIRECTION.BUY, code = rb999.shfe
2022-09-08 09:41:59 [com.tq.yuxuan.xxljob.task.MyTask#demoJobHandler]-[44]-[xxl-job, JobThread-4-1662601239020] 2022-02-28 21:03:34.200000 market receive order, id = strategy0_3, price = 4724.0, direction = ORDER_DIRECTION.BUY, code = rb999.shfe
2022-09-08 09:41:59 [com.tq.yuxuan.xxljob.task.MyTask#demoJobHandler]-[44]-[xxl-job, JobThread-4-1662601239020] 2022-02-28 21:03:35.100000 account cancel order, id = strategy0_3, price = 4724.0, direction = ORDER_DIRECTION.BUY, code = rb999.shfe
2022-09-08 09:41:59 [com.tq.yuxuan.xxljob.task.MyTask#demoJobHandler]-[44]-[xxl-job, JobThread-4-1662601239020] 2022-02-28 21:03:35.200000 market match order, id = strategy0_3, info = ('strategy0_3', 5, None, None), code = rb999.shfe
2022-09-08 09:41:59 [com.tq.yuxuan.xxljob.task.MyTask#demoJobHandler]-[44]-[xxl-job, JobThread-4-1662601239020] 2022-02-28 21:04:10.100000 account insert order, id = strategy1_4, price = 4728.0, direction = ORDER_DIRECTION.SELL, code = rb888.shfe
2022-09-08 09:41:59 [com.tq.yuxuan.xxljob.task.MyTask#demoJobHandler]-[44]-[xxl-job, JobThread-4-1662601239020] 2022-02-28 21:04:10.200000 market receive order, id = strategy1_4, price = 4728.0, direction = ORDER_DIRECTION.SELL, code = rb888.shfe
2022-09-08 09:41:59 [com.tq.yuxuan.xxljob.task.MyTask#demoJobHandler]-[44]-[xxl-job, JobThread-4-1662601239020] 2022-02-28 21:04:11.100000 account cancel order, id = strategy1_4, price = 4728.0, direction = ORDER_DIRECTION.SELL, code = rb888.shfe
2022-09-08 09:41:59 [com.tq.yuxuan.xxljob.task.MyTask#demoJobHandler]-[44]-[xxl-job, JobThread-4-1662601239020] 2022-02-28 21:04:11.200000 market match order, id = strategy1_4, info = ('strategy1_4', 5, None, None), code = rb888.shfe
2022-09-08 09:41:59 [com.tq.yuxuan.xxljob.task.MyTask#demoJobHandler]-[44]-[xxl-job, JobThread-4-1662601239020] 2022-02-28 21:04:48.100000 account insert order, id = strategy1_5, price = 4724.0, direction = ORDER_DIRECTION.BUY, code = rb999.shfe
2022-09-08 09:41:59 [com.tq.yuxuan.xxljob.task.MyTask#demoJobHandler]-[44]-[xxl-job, JobThread-4-1662601239020] 2022-02-28 21:04:48.200000 market receive order, id = strategy1_5, price = 4724.0, direction = ORDER_DIRECTION.BUY, code = rb999.shfe
2022-09-08 09:41:59 [com.tq.yuxuan.xxljob.task.MyTask#demoJobHandler]-[44]-[xxl-job, JobThread-4-1662601239020] 2022-02-28 21:04:50.100000 account cancel order, id = strategy1_5, price = 4724.0, direction = ORDER_DIRECTION.BUY, code = rb999.shfe
2022-09-08 09:41:59 [com.tq.yuxuan.xxljob.task.MyTask#demoJobHandler]-[44]-[xxl-job, JobThread-4-1662601239020] 2022-02-28 21:04:50.200000 market match order, id = strategy1_5, info = ('strategy1_5', 5, None, None), code = rb999.shfe
2022-09-08 09:41:59 [com.tq.yuxuan.xxljob.task.MyTask#demoJobHandler]-[44]-[xxl-job, JobThread-4-1662601239020] 2022-02-28 21:05:07.100000 account insert order, id = strategy1_6, price = 4727.0, direction = ORDER_DIRECTION.BUY, code = rb888.shfe
2022-09-08 09:41:59 [com.tq.yuxuan.xxljob.task.MyTask#demoJobHandler]-[44]-[xxl-job, JobThread-4-1662601239020] 2022-02-28 21:05:07.200000 market receive order, id = strategy1_6, price = 4727.0, direction = ORDER_DIRECTION.BUY, code = rb888.shfe
2022-09-08 09:41:59 [com.tq.yuxuan.xxljob.task.MyTask#demoJobHandler]-[44]-[xxl-job, JobThread-4-1662601239020] 2022-02-28 21:05:08.100000 account cancel order, id = strategy1_6, price = 4727.0, direction = ORDER_DIRECTION.BUY, code = rb888.shfe
2022-09-08 09:41:59 [com.tq.yuxuan.xxljob.task.MyTask#demoJobHandler]-[44]-[xxl-job, JobThread-4-1662601239020] 2022-02-28 21:05:08.200000 market match order, id = strategy1_6, info = ('strategy1_6', 5, None, None), code = rb888.shfe
2022-09-08 09:41:59 [com.tq.yuxuan.xxljob.task.MyTask#demoJobHandler]-[44]-[xxl-job, JobThread-4-1662601239020] 2022-02-28 21:05:19.100000 account insert order, id = strategy1_7, price = 4729.0, direction = ORDER_DIRECTION.BUY, code = rb888.shfe
2022-09-08 09:41:59 [com.tq.yuxuan.xxljob.task.MyTask#demoJobHandler]-[44]-[xxl-job, JobThread-4-1662601239020] 2022-02-28 21:05:19.200000 market receive order, id = strategy1_7, price = 4729.0, direction = ORDER_DIRECTION.BUY, code = rb888.shfe
2022-09-08 09:41:59 [com.tq.yuxuan.xxljob.task.MyTask#demoJobHandler]-[44]-[xxl-job, JobThread-4-1662601239020] 2022-02-28 21:05:20.100000 account cancel order, id = strategy1_7, price = 4729.0, direction = ORDER_DIRECTION.BUY, code = rb888.shfe
2022-09-08 09:41:59 [com.tq.yuxuan.xxljob.task.MyTask#demoJobHandler]-[44]-[xxl-job, JobThread-4-1662601239020] 2022-02-28 21:05:20.200000 market match order, id = strategy1_7, info = ('strategy1_7', 5, None, None), code = rb888.shfe
2022-09-08 09:41:59 [com.tq.yuxuan.xxljob.task.MyTask#demoJobHandler]-[44]-[xxl-job, JobThread-4-1662601239020] 2022-02-28 21:05:24.100000 account insert order, id = strategy0_4, price = 4730.0, direction = ORDER_DIRECTION.SELL, code = rb888.shfe
2022-09-08 09:41:59 [com.tq.yuxuan.xxljob.task.MyTask#demoJobHandler]-[44]-[xxl-job, JobThread-4-1662601239020] 2022-02-28 21:05:24.200000 market receive order, id = strategy0_4, price = 4730.0, direction = ORDER_DIRECTION.SELL, code = rb888.shfe
2022-09-08 09:41:59 [com.tq.yuxuan.xxljob.task.MyTask#demoJobHandler]-[44]-[xxl-job, JobThread-4-1662601239020] 2022-02-28 21:05:24.200000 market match order, id = strategy0_4, info = ('strategy0_4', 4, 4730.0, 1), code = rb888.shfe
2022-09-08 09:41:59 [com.tq.yuxuan.xxljob.task.MyTask#demoJobHandler]-[44]-[xxl-job, JobThread-4-1662601239020] 2022-02-28 21:05:35.100000 account insert order, id = strategy1_8, price = 4730.0, direction = ORDER_DIRECTION.SELL, code = rb888.shfe
2022-09-08 09:41:59 [com.tq.yuxuan.xxljob.task.MyTask#demoJobHandler]-[44]-[xxl-job, JobThread-4-1662601239020] 2022-02-28 21:05:35.200000 market receive order, id = strategy1_8, price = 4730.0, direction = ORDER_DIRECTION.SELL, code = rb888.shfe
2022-09-08 09:41:59 [com.tq.yuxuan.xxljob.task.MyTask#demoJobHandler]-[44]-[xxl-job, JobThread-4-1662601239020] 2022-02-28 21:05:38.100000 account cancel order, id = strategy1_8, price = 4730.0, direction = ORDER_DIRECTION.SELL, code = rb888.shfe
2022-09-08 09:41:59 [com.tq.yuxuan.xxljob.task.MyTask#demoJobHandler]-[44]-[xxl-job, JobThread-4-1662601239020] 2022-02-28 21:05:38.200000 market match order, id = strategy1_8, info = ('strategy1_8', 5, None, None), code = rb888.shfe
2022-09-08 09:41:59 [com.tq.yuxuan.xxljob.task.MyTask#demoJobHandler]-[44]-[xxl-job, JobThread-4-1662601239020] 2022-02-28 21:05:42.100000 account insert order, id = strategy0_5, price = 4729.0, direction = ORDER_DIRECTION.BUY, code = rb888.shfe
2022-09-08 09:41:59 [com.tq.yuxuan.xxljob.task.MyTask#demoJobHandler]-[44]-[xxl-job, JobThread-4-1662601239020] 2022-02-28 21:05:42.200000 market receive order, id = strategy0_5, price = 4729.0, direction = ORDER_DIRECTION.BUY, code = rb888.shfe
2022-09-08 09:41:59 [com.tq.yuxuan.xxljob.task.MyTask#demoJobHandler]-[44]-[xxl-job, JobThread-4-1662601239020] 2022-02-28 21:05:43.100000 account cancel order, id = strategy0_5, price = 4729.0, direction = ORDER_DIRECTION.BUY, code = rb888.shfe
2022-09-08 09:41:59 [com.tq.yuxuan.xxljob.task.MyTask#demoJobHandler]-[44]-[xxl-job, JobThread-4-1662601239020] 2022-02-28 21:05:43.200000 market match order, id = strategy0_5, info = ('strategy0_5', 5, None, None), code = rb888.shfe
2022-09-08 09:41:59 [com.tq.yuxuan.xxljob.task.MyTask#demoJobHandler]-[44]-[xxl-job, JobThread-4-1662601239020] 2022-02-28 21:06:35.100000 account insert order, id = strategy1_9, price = 4727.0, direction = ORDER_DIRECTION.SELL, code = rb999.shfe
2022-09-08 09:41:59 [com.tq.yuxuan.xxljob.task.MyTask#demoJobHandler]-[44]-[xxl-job, JobThread-4-1662601239020] 2022-02-28 21:06:35.200000 market receive order, id = strategy1_9, price = 4727.0, direction = ORDER_DIRECTION.SELL, code = rb999.shfe
2022-09-08 09:41:59 [com.tq.yuxuan.xxljob.task.MyTask#demoJobHandler]-[44]-[xxl-job, JobThread-4-1662601239020] 2022-02-28 21:06:35.200000 market match order, id = strategy1_9, info = ('strategy1_9', 4, 4727.0, 1), code = rb999.shfe
2022-09-08 09:41:59 [com.tq.yuxuan.xxljob.task.MyTask#demoJobHandler]-[44]-[xxl-job, JobThread-4-1662601239020] 2022-02-28 21:06:56.100000 account insert order, id = strategy1_10, price = 4725.0, direction = ORDER_DIRECTION.SELL, code = rb999.shfe
2022-09-08 09:41:59 [com.tq.yuxuan.xxljob.task.MyTask#demoJobHandler]-[44]-[xxl-job, JobThread-4-1662601239020] 2022-02-28 21:06:56.200000 market receive order, id = strategy1_10, price = 4725.0, direction = ORDER_DIRECTION.SELL, code = rb999.shfe
2022-09-08 09:41:59 [com.tq.yuxuan.xxljob.task.MyTask#demoJobHandler]-[44]-[xxl-job, JobThread-4-1662601239020] 2022-02-28 21:06:56.200000 market match order, id = strategy1_10, info = ('strategy1_10', 4, 4725.0, 1), code = rb999.shfe
2022-09-08 09:41:59 [com.tq.yuxuan.xxljob.task.MyTask#demoJobHandler]-[44]-[xxl-job, JobThread-4-1662601239020] 2022-02-28 21:07:39.100000 account insert order, id = strategy1_11, price = 4724.0, direction = ORDER_DIRECTION.BUY, code = rb999.shfe
2022-09-08 09:41:59 [com.tq.yuxuan.xxljob.task.MyTask#demoJobHandler]-[44]-[xxl-job, JobThread-4-1662601239020] 2022-02-28 21:07:39.200000 market receive order, id = strategy1_11, price = 4724.0, direction = ORDER_DIRECTION.BUY, code = rb999.shfe
2022-09-08 09:41:59 [com.tq.yuxuan.xxljob.task.MyTask#demoJobHandler]-[44]-[xxl-job, JobThread-4-1662601239020] 2022-02-28 21:07:40.100000 account cancel order, id = strategy1_11, price = 4724.0, direction = ORDER_DIRECTION.BUY, code = rb999.shfe
2022-09-08 09:41:59 [com.tq.yuxuan.xxljob.task.MyTask#demoJobHandler]-[44]-[xxl-job, JobThread-4-1662601239020] 2022-02-28 21:07:40.200000 market match order, id = strategy1_11, info = ('strategy1_11', 5, None, None), code = rb999.shfe
2022-09-08 09:41:59 [com.tq.yuxuan.xxljob.task.MyTask#demoJobHandler]-[44]-[xxl-job, JobThread-4-1662601239020] 2022-02-28 21:08:09.100000 account insert order, id = strategy1_12, price = 4722.0, direction = ORDER_DIRECTION.BUY, code = rb999.shfe
2022-09-08 09:41:59 [com.tq.yuxuan.xxljob.task.MyTask#demoJobHandler]-[44]-[xxl-job, JobThread-4-1662601239020] 2022-02-28 21:08:09.200000 market receive order, id = strategy1_12, price = 4722.0, direction = ORDER_DIRECTION.BUY, code = rb999.shfe
2022-09-08 09:41:59 [com.tq.yuxuan.xxljob.task.MyTask#demoJobHandler]-[44]-[xxl-job, JobThread-4-1662601239020] 2022-02-28 21:08:09.200000 market match order, id = strategy1_12, info = ('strategy1_12', 4, 4722.0, 1), code = rb999.shfe
2022-09-08 09:41:59 [com.tq.yuxuan.xxljob.task.MyTask#demoJobHandler]-[44]-[xxl-job, JobThread-4-1662601239020] 2022-02-28 21:08:33.100000 account insert order, id = strategy0_6, price = 4723.0, direction = ORDER_DIRECTION.SELL, code = rb999.shfe
2022-09-08 09:41:59 [com.tq.yuxuan.xxljob.task.MyTask#demoJobHandler]-[44]-[xxl-job, JobThread-4-1662601239020] 2022-02-28 21:08:33.200000 market receive order, id = strategy0_6, price = 4723.0, direction = ORDER_DIRECTION.SELL, code = rb999.shfe
2022-09-08 09:41:59 [com.tq.yuxuan.xxljob.task.MyTask#demoJobHandler]-[44]-[xxl-job, JobThread-4-1662601239020] 2022-02-28 21:08:36.100000 account cancel order, id = strategy0_6, price = 4723.0, direction = ORDER_DIRECTION.SELL, code = rb999.shfe
2022-09-08 09:41:59 [com.tq.yuxuan.xxljob.task.MyTask#demoJobHandler]-[44]-[xxl-job, JobThread-4-1662601239020] 2022-02-28 21:08:36.200000 market match order, id = strategy0_6, info = ('strategy0_6', 5, None, None), code = rb999.shfe
2022-09-08 09:41:59 [com.tq.yuxuan.xxljob.task.MyTask#demoJobHandler]-[44]-[xxl-job, JobThread-4-1662601239020] 2022-02-28 21:08:43.100000 account insert order, id = strategy0_7, price = 4724.0, direction = ORDER_DIRECTION.SELL, code = rb888.shfe
2022-09-08 09:41:59 [com.tq.yuxuan.xxljob.task.MyTask#demoJobHandler]-[44]-[xxl-job, JobThread-4-1662601239020] 2022-02-28 21:08:43.200000 market receive order, id = strategy0_7, price = 4724.0, direction = ORDER_DIRECTION.SELL, code = rb888.shfe
2022-09-08 09:41:59 [com.tq.yuxuan.xxljob.task.MyTask#demoJobHandler]-[44]-[xxl-job, JobThread-4-1662601239020] 2022-02-28 21:08:46.100000 account cancel order, id = strategy0_7, price = 4724.0, direction = ORDER_DIRECTION.SELL, code = rb888.shfe
2022-09-08 09:41:59 [com.tq.yuxuan.xxljob.task.MyTask#demoJobHandler]-[44]-[xxl-job, JobThread-4-1662601239020] 2022-02-28 21:08:46.200000 market match order, id = strategy0_7, info = ('strategy0_7', 5, None, None), code = rb888.shfe
2022-09-08 09:41:59 [com.tq.yuxuan.xxljob.task.MyTask#demoJobHandler]-[44]-[xxl-job, JobThread-4-1662601239020] 2022-02-28 21:09:23.100000 account insert order, id = strategy0_8, price = 4720.0, direction = ORDER_DIRECTION.SELL, code = rb999.shfe
2022-09-08 09:41:59 [com.tq.yuxuan.xxljob.task.MyTask#demoJobHandler]-[44]-[xxl-job, JobThread-4-1662601239020] 2022-02-28 21:09:23.100000 account insert order, id = strategy0_9, price = 4720.0, direction = ORDER_DIRECTION.SELL, code = rb888.shfe
2022-09-08 09:41:59 [com.tq.yuxuan.xxljob.task.MyTask#demoJobHandler]-[44]-[xxl-job, JobThread-4-1662601239020] 2022-02-28 21:09:23.200000 market receive order, id = strategy0_8, price = 4720.0, direction = ORDER_DIRECTION.SELL, code = rb999.shfe
2022-09-08 09:41:59 [com.tq.yuxuan.xxljob.task.MyTask#demoJobHandler]-[44]-[xxl-job, JobThread-4-1662601239020] 2022-02-28 21:09:23.200000 market receive order, id = strategy0_9, price = 4720.0, direction = ORDER_DIRECTION.SELL, code = rb888.shfe
2022-09-08 09:41:59 [com.tq.yuxuan.xxljob.task.MyTask#demoJobHandler]-[44]-[xxl-job, JobThread-4-1662601239020] 2022-02-28 21:09:25.100000 account cancel order, id = strategy0_9, price = 4720.0, direction = ORDER_DIRECTION.SELL, code = rb888.shfe
2022-09-08 09:41:59 [com.tq.yuxuan.xxljob.task.MyTask#demoJobHandler]-[44]-[xxl-job, JobThread-4-1662601239020] 2022-02-28 21:09:25.200000 market match order, id = strategy0_9, info = ('strategy0_9', 5, None, None), code = rb888.shfe
2022-09-08 09:41:59 [com.tq.yuxuan.xxljob.task.MyTask#demoJobHandler]-[44]-[xxl-job, JobThread-4-1662601239020] 2022-02-28 21:09:29.100000 account cancel order, id = strategy0_8, price = 4720.0, direction = ORDER_DIRECTION.SELL, code = rb999.shfe
2022-09-08 09:41:59 [com.tq.yuxuan.xxljob.task.MyTask#demoJobHandler]-[44]-[xxl-job, JobThread-4-1662601239020] 2022-02-28 21:09:29.200000 market match order, id = strategy0_8, info = ('strategy0_8', 5, None, None), code = rb999.shfe
2022-09-08 09:41:59 [com.tq.yuxuan.xxljob.task.MyTask#demoJobHandler]-[44]-[xxl-job, JobThread-4-1662601239020] 2022-02-28 21:10:20.100000 account insert order, id = strategy0_10, price = 4724.0, direction = ORDER_DIRECTION.BUY, code = rb888.shfe
2022-09-08 09:41:59 [com.tq.yuxuan.xxljob.task.MyTask#demoJobHandler]-[44]-[xxl-job, JobThread-4-1662601239020] 2022-02-28 21:10:20.100000 account insert order, id = strategy0_11, price = 4724.0, direction = ORDER_DIRECTION.BUY, code = rb888.shfe
2022-09-08 09:41:59 [com.tq.yuxuan.xxljob.task.MyTask#demoJobHandler]-[44]-[xxl-job, JobThread-4-1662601239020] 2022-02-28 21:10:20.200000 market receive order, id = strategy0_10, price = 4724.0, direction = ORDER_DIRECTION.BUY, code = rb888.shfe
2022-09-08 09:41:59 [com.tq.yuxuan.xxljob.task.MyTask#demoJobHandler]-[44]-[xxl-job, JobThread-4-1662601239020] 2022-02-28 21:10:20.200000 market receive order, id = strategy0_11, price = 4724.0, direction = ORDER_DIRECTION.BUY, code = rb888.shfe
2022-09-08 09:41:59 [com.tq.yuxuan.xxljob.task.MyTask#demoJobHandler]-[44]-[xxl-job, JobThread-4-1662601239020] 2022-02-28 21:10:21.100000 missing order strategy0_11 @ cancelling...
2022-09-08 09:41:59 [com.tq.yuxuan.xxljob.task.MyTask#demoJobHandler]-[44]-[xxl-job, JobThread-4-1662601239020] 2022-02-28 21:10:21.100000 account cancel order, id = strategy0_11, price = 4724.0, direction = ORDER_DIRECTION.BUY, code = rb888.shfe
2022-09-08 09:41:59 [com.tq.yuxuan.xxljob.task.MyTask#demoJobHandler]-[44]-[xxl-job, JobThread-4-1662601239020] 2022-02-28 21:10:21.100000 market match order, id = strategy0_10, info = ('strategy0_10', 4, 4724.0, 1), code = rb888.shfe
2022-09-08 09:41:59 [com.tq.yuxuan.xxljob.task.MyTask#demoJobHandler]-[44]-[xxl-job, JobThread-4-1662601239020] 2022-02-28 21:10:21.100000 market match order, id = strategy0_11, info = ('strategy0_11', 4, 4724.0, 1), code = rb888.shfe
2022-09-08 09:41:59 [com.tq.yuxuan.xxljob.task.MyTask#demoJobHandler]-[44]-[xxl-job, JobThread-4-1662601239020] 2022-02-28 21:10:26.100000 account insert order, id = strategy1_13, price = 4725.0, direction = ORDER_DIRECTION.BUY, code = rb888.shfe
2022-09-08 09:41:59 [com.tq.yuxuan.xxljob.task.MyTask#demoJobHandler]-[44]-[xxl-job, JobThread-4-1662601239020] 2022-02-28 21:10:26.200000 market receive order, id = strategy1_13, price = 4725.0, direction = ORDER_DIRECTION.BUY, code = rb888.shfe
2022-09-08 09:41:59 [com.tq.yuxuan.xxljob.task.MyTask#demoJobHandler]-[44]-[xxl-job, JobThread-4-1662601239020] 2022-02-28 21:10:27.100000 account cancel order, id = strategy1_13, price = 4725.0, direction = ORDER_DIRECTION.BUY, code = rb888.shfe
2022-09-08 09:41:59 [com.tq.yuxuan.xxljob.task.MyTask#demoJobHandler]-[44]-[xxl-job, JobThread-4-1662601239020] 2022-02-28 21:10:27.200000 market match order, id = strategy1_13, info = ('strategy1_13', 5, None, None), code = rb888.shfe
2022-09-08 09:41:59 [com.tq.yuxuan.xxljob.task.MyTask#demoJobHandler]-[44]-[xxl-job, JobThread-4-1662601239020] 2022-02-28 21:10:50.100000 account insert order, id = strategy0_12, price = 4727.0, direction = ORDER_DIRECTION.SELL, code = rb888.shfe
2022-09-08 09:41:59 [com.tq.yuxuan.xxljob.task.MyTask#demoJobHandler]-[44]-[xxl-job, JobThread-4-1662601239020] 2022-02-28 21:10:50.200000 market receive order, id = strategy0_12, price = 4727.0, direction = ORDER_DIRECTION.SELL, code = rb888.shfe
2022-09-08 09:41:59 [com.tq.yuxuan.xxljob.task.MyTask#demoJobHandler]-[44]-[xxl-job, JobThread-4-1662601239020] 2022-02-28 21:10:50.200000 market match order, id = strategy0_12, info = ('strategy0_12', 4, 4727.0, 1), code = rb888.shfe
2022-09-08 09:41:59 [com.tq.yuxuan.xxljob.task.MyTask#demoJobHandler]-[44]-[xxl-job, JobThread-4-1662601239020] 2022-02-28 21:11:10.100000 account insert order, id = strategy0_13, price = 4724.0, direction = ORDER_DIRECTION.BUY, code = rb999.shfe
2022-09-08 09:41:59 [com.tq.yuxuan.xxljob.task.MyTask#demoJobHandler]-[44]-[xxl-job, JobThread-4-1662601239020] 2022-02-28 21:11:10.200000 market receive order, id = strategy0_13, price = 4724.0, direction = ORDER_DIRECTION.BUY, code = rb999.shfe
2022-09-08 09:41:59 [com.tq.yuxuan.xxljob.task.MyTask#demoJobHandler]-[44]-[xxl-job, JobThread-4-1662601239020] 2022-02-28 21:11:11.100000 account cancel order, id = strategy0_13, price = 4724.0, direction = ORDER_DIRECTION.BUY, code = rb999.shfe
2022-09-08 09:41:59 [com.tq.yuxuan.xxljob.task.MyTask#demoJobHandler]-[44]-[xxl-job, JobThread-4-1662601239020] 2022-02-28 21:11:11.200000 market match order, id = strategy0_13, info = ('strategy0_13', 5, None, None), code = rb999.shfe
2022-09-08 09:41:59 [com.tq.yuxuan.xxljob.task.MyTask#demoJobHandler]-[44]-[xxl-job, JobThread-4-1662601239020] 2022-02-28 21:11:19.100000 account insert order, id = strategy1_14, price = 4726.0, direction = ORDER_DIRECTION.SELL, code = rb999.shfe
2022-09-08 09:41:59 [com.tq.yuxuan.xxljob.task.MyTask#demoJobHandler]-[44]-[xxl-job, JobThread-4-1662601239020] 2022-02-28 21:11:19.200000 market receive order, id = strategy1_14, price = 4726.0, direction = ORDER_DIRECTION.SELL, code = rb999.shfe
2022-09-08 09:41:59 [com.tq.yuxuan.xxljob.task.MyTask#demoJobHandler]-[44]-[xxl-job, JobThread-4-1662601239020] 2022-02-28 21:11:21.100000 account insert order, id = strategy1_15, price = 4726.0, direction = ORDER_DIRECTION.SELL, code = rb999.shfe
2022-09-08 09:41:59 [com.tq.yuxuan.xxljob.task.MyTask#demoJobHandler]-[44]-[xxl-job, JobThread-4-1662601239020] 2022-02-28 21:11:21.100000 missing order strategy1_14 @ cancelling...
2022-09-08 09:41:59 [com.tq.yuxuan.xxljob.task.MyTask#demoJobHandler]-[44]-[xxl-job, JobThread-4-1662601239020] 2022-02-28 21:11:21.100000 account cancel order, id = strategy1_14, price = 4726.0, direction = ORDER_DIRECTION.SELL, code = rb999.shfe
2022-09-08 09:41:59 [com.tq.yuxuan.xxljob.task.MyTask#demoJobHandler]-[44]-[xxl-job, JobThread-4-1662601239020] 2022-02-28 21:11:21.100000 market match order, id = strategy1_14, info = ('strategy1_14', 4, 4726.0, 1), code = rb999.shfe
2022-09-08 09:41:59 [com.tq.yuxuan.xxljob.task.MyTask#demoJobHandler]-[44]-[xxl-job, JobThread-4-1662601239020] 2022-02-28 21:11:21.200000 market receive order, id = strategy1_15, price = 4726.0, direction = ORDER_DIRECTION.SELL, code = rb999.shfe
2022-09-08 09:41:59 [com.tq.yuxuan.xxljob.task.MyTask#demoJobHandler]-[44]-[xxl-job, JobThread-4-1662601239020] 2022-02-28 21:11:21.200000 market match order, id = strategy1_15, info = ('strategy1_15', 4, 4726.0, 1), code = rb999.shfe
2022-09-08 09:41:59 [com.tq.yuxuan.xxljob.task.MyTask#demoJobHandler]-[44]-[xxl-job, JobThread-4-1662601239020] 2022-02-28 21:11:46.100000 account insert order, id = strategy0_14, price = 4727.0, direction = ORDER_DIRECTION.SELL, code = rb888.shfe
2022-09-08 09:41:59 [com.tq.yuxuan.xxljob.task.MyTask#demoJobHandler]-[44]-[xxl-job, JobThread-4-1662601239020] 2022-02-28 21:11:46.200000 market receive order, id = strategy0_14, price = 4727.0, direction = ORDER_DIRECTION.SELL, code = rb888.shfe
2022-09-08 09:41:59 [com.tq.yuxuan.xxljob.task.MyTask#demoJobHandler]-[44]-[xxl-job, JobThread-4-1662601239020] 2022-02-28 21:11:50.100000 account insert order, id = strategy0_15, price = 4726.0, direction = ORDER_DIRECTION.SELL, code = rb999.shfe
2022-09-08 09:41:59 [com.tq.yuxuan.xxljob.task.MyTask#demoJobHandler]-[44]-[xxl-job, JobThread-4-1662601239020] 2022-02-28 21:11:50.100000 account cancel order, id = strategy0_14, price = 4727.0, direction = ORDER_DIRECTION.SELL, code = rb888.shfe
2022-09-08 09:41:59 [com.tq.yuxuan.xxljob.task.MyTask#demoJobHandler]-[44]-[xxl-job, JobThread-4-1662601239020] 2022-02-28 21:11:50.200000 market receive order, id = strategy0_15, price = 4726.0, direction = ORDER_DIRECTION.SELL, code = rb999.shfe
2022-09-08 09:41:59 [com.tq.yuxuan.xxljob.task.MyTask#demoJobHandler]-[44]-[xxl-job, JobThread-4-1662601239020] 2022-02-28 21:11:50.200000 market match order, id = strategy0_14, info = ('strategy0_14', 5, None, None), code = rb888.shfe
2022-09-08 09:41:59 [com.tq.yuxuan.xxljob.task.MyTask#demoJobHandler]-[44]-[xxl-job, JobThread-4-1662601239020] 2022-02-28 21:11:52.100000 account cancel order, id = strategy0_15, price = 4726.0, direction = ORDER_DIRECTION.SELL, code = rb999.shfe
2022-09-08 09:41:59 [com.tq.yuxuan.xxljob.task.MyTask#demoJobHandler]-[44]-[xxl-job, JobThread-4-1662601239020] 2022-02-28 21:11:52.200000 market match order, id = strategy0_15, info = ('strategy0_15', 5, None, None), code = rb999.shfe
2022-09-08 09:41:59 [com.tq.yuxuan.xxljob.task.MyTask#demoJobHandler]-[44]-[xxl-job, JobThread-4-1662601239020] 2022-02-28 21:12:01.100000 account insert order, id = strategy1_16, price = 4728.0, direction = ORDER_DIRECTION.SELL, code = rb999.shfe
2022-09-08 09:41:59 [com.tq.yuxuan.xxljob.task.MyTask#demoJobHandler]-[44]-[xxl-job, JobThread-4-1662601239020] 2022-02-28 21:12:01.200000 market receive order, id = strategy1_16, price = 4728.0, direction = ORDER_DIRECTION.SELL, code = rb999.shfe
2022-09-08 09:41:59 [com.tq.yuxuan.xxljob.task.MyTask#demoJobHandler]-[44]-[xxl-job, JobThread-4-1662601239020] 2022-02-28 21:12:10.100000 account cancel order, id = strategy1_16, price = 4728.0, direction = ORDER_DIRECTION.SELL, code = rb999.shfe
2022-09-08 09:41:59 [com.tq.yuxuan.xxljob.task.MyTask#demoJobHandler]-[44]-[xxl-job, JobThread-4-1662601239020] 2022-02-28 21:12:10.200000 market match order, id = strategy1_16, info = ('strategy1_16', 5, None, None), code = rb999.shfe
2022-09-08 09:41:59 [com.tq.yuxuan.xxljob.task.MyTask#demoJobHandler]-[44]-[xxl-job, JobThread-4-1662601239020] 2022-02-28 21:12:42.100000 account insert order, id = strategy0_16, price = 4723.0, direction = ORDER_DIRECTION.SELL, code = rb888.shfe
2022-09-08 09:41:59 [com.tq.yuxuan.xxljob.task.MyTask#demoJobHandler]-[44]-[xxl-job, JobThread-4-1662601239020] 2022-02-28 21:12:42.200000 market receive order, id = strategy0_16, price = 4723.0, direction = ORDER_DIRECTION.SELL, code = rb888.shfe
2022-09-08 09:41:59 [com.tq.yuxuan.xxljob.task.MyTask#demoJobHandler]-[44]-[xxl-job, JobThread-4-1662601239020] 2022-02-28 21:12:44.100000 missing order strategy0_16 @ cancelling...
2022-09-08 09:41:59 [com.tq.yuxuan.xxljob.task.MyTask#demoJobHandler]-[44]-[xxl-job, JobThread-4-1662601239020] 2022-02-28 21:12:44.100000 account cancel order, id = strategy0_16, price = 4723.0, direction = ORDER_DIRECTION.SELL, code = rb888.shfe
2022-09-08 09:41:59 [com.tq.yuxuan.xxljob.task.MyTask#demoJobHandler]-[44]-[xxl-job, JobThread-4-1662601239020] 2022-02-28 21:12:44.100000 market match order, id = strategy0_16, info = ('strategy0_16', 4, 4723.0, 1), code = rb888.shfe
2022-09-08 09:41:59 [com.tq.yuxuan.xxljob.task.MyTask#demoJobHandler]-[44]-[xxl-job, JobThread-4-1662601239020] 2022-02-28 21:13:35.100000 account insert order, id = strategy0_17, price = 4723.0, direction = ORDER_DIRECTION.BUY, code = rb999.shfe
2022-09-08 09:41:59 [com.tq.yuxuan.xxljob.task.MyTask#demoJobHandler]-[44]-[xxl-job, JobThread-4-1662601239020] 2022-02-28 21:13:35.200000 market receive order, id = strategy0_17, price = 4723.0, direction = ORDER_DIRECTION.BUY, code = rb999.shfe
2022-09-08 09:41:59 [com.tq.yuxuan.xxljob.task.MyTask#demoJobHandler]-[44]-[xxl-job, JobThread-4-1662601239020] 2022-02-28 21:13:38.100000 account cancel order, id = strategy0_17, price = 4723.0, direction = ORDER_DIRECTION.BUY, code = rb999.shfe
2022-09-08 09:41:59 [com.tq.yuxuan.xxljob.task.MyTask#demoJobHandler]-[44]-[xxl-job, JobThread-4-1662601239020] 2022-02-28 21:13:38.200000 market match order, id = strategy0_17, info = ('strategy0_17', 5, None, None), code = rb999.shfe
2022-09-08 09:41:59 [com.tq.yuxuan.xxljob.task.MyTask#demoJobHandler]-[44]-[xxl-job, JobThread-4-1662601239020] 2022-02-28 21:13:55.100000 account insert order, id = strategy1_17, price = 4723.0, direction = ORDER_DIRECTION.BUY, code = rb999.shfe
2022-09-08 09:41:59 [com.tq.yuxuan.xxljob.task.MyTask#demoJobHandler]-[44]-[xxl-job, JobThread-4-1662601239020] 2022-02-28 21:13:55.200000 market receive order, id = strategy1_17, price = 4723.0, direction = ORDER_DIRECTION.BUY, code = rb999.shfe
2022-09-08 09:41:59 [com.tq.yuxuan.xxljob.task.MyTask#demoJobHandler]-[44]-[xxl-job, JobThread-4-1662601239020] 2022-02-28 21:13:57.100000 account cancel order, id = strategy1_17, price = 4723.0, direction = ORDER_DIRECTION.BUY, code = rb999.shfe
2022-09-08 09:41:59 [com.tq.yuxuan.xxljob.task.MyTask#demoJobHandler]-[44]-[xxl-job, JobThread-4-1662601239020] 2022-02-28 21:13:57.200000 market match order, id = strategy1_17, info = ('strategy1_17', 5, None, None), code = rb999.shfe
2022-09-08 09:41:59 [com.tq.yuxuan.xxljob.task.MyTask#demoJobHandler]-[44]-[xxl-job, JobThread-4-1662601239020] 2022-02-28 21:14:21.100000 account insert order, id = strategy0_18, price = 4724.0, direction = ORDER_DIRECTION.SELL, code = rb888.shfe
2022-09-08 09:41:59 [com.tq.yuxuan.xxljob.task.MyTask#demoJobHandler]-[44]-[xxl-job, JobThread-4-1662601239020] 2022-02-28 21:14:21.200000 market receive order, id = strategy0_18, price = 4724.0, direction = ORDER_DIRECTION.SELL, code = rb888.shfe
2022-09-08 09:41:59 [com.tq.yuxuan.xxljob.task.MyTask#demoJobHandler]-[44]-[xxl-job, JobThread-4-1662601239020] 2022-02-28 21:14:21.200000 market match order, id = strategy0_18, info = ('strategy0_18', 4, 4724.0, 1), code = rb888.shfe
2022-09-08 09:41:59 [com.tq.yuxuan.xxljob.task.MyTask#demoJobHandler]-[44]-[xxl-job, JobThread-4-1662601239020] 2022-02-28 21:14:25.100000 account insert order, id = strategy1_18, price = 4726.0, direction = ORDER_DIRECTION.SELL, code = rb999.shfe
2022-09-08 09:41:59 [com.tq.yuxuan.xxljob.task.MyTask#demoJobHandler]-[44]-[xxl-job, JobThread-4-1662601239020] 2022-02-28 21:14:25.200000 market receive order, id = strategy1_18, price = 4726.0, direction = ORDER_DIRECTION.SELL, code = rb999.shfe
2022-09-08 09:41:59 [com.tq.yuxuan.xxljob.task.MyTask#demoJobHandler]-[44]-[xxl-job, JobThread-4-1662601239020] 2022-02-28 21:14:26.100000 account insert order, id = strategy1_19, price = 4724.0, direction = ORDER_DIRECTION.BUY, code = rb888.shfe
2022-09-08 09:41:59 [com.tq.yuxuan.xxljob.task.MyTask#demoJobHandler]-[44]-[xxl-job, JobThread-4-1662601239020] 2022-02-28 21:14:26.200000 market receive order, id = strategy1_19, price = 4724.0, direction = ORDER_DIRECTION.BUY, code = rb888.shfe
2022-09-08 09:41:59 [com.tq.yuxuan.xxljob.task.MyTask#demoJobHandler]-[44]-[xxl-job, JobThread-4-1662601239020] 2022-02-28 21:14:28.100000 account cancel order, id = strategy1_19, price = 4724.0, direction = ORDER_DIRECTION.BUY, code = rb888.shfe
2022-09-08 09:41:59 [com.tq.yuxuan.xxljob.task.MyTask#demoJobHandler]-[44]-[xxl-job, JobThread-4-1662601239020] 2022-02-28 21:14:28.200000 market match order, id = strategy1_19, info = ('strategy1_19', 5, None, None), code = rb888.shfe
2022-09-08 09:41:59 [com.tq.yuxuan.xxljob.task.MyTask#demoJobHandler]-[44]-[xxl-job, JobThread-4-1662601239020] 2022-02-28 21:14:30.100000 account cancel order, id = strategy1_18, price = 4726.0, direction = ORDER_DIRECTION.SELL, code = rb999.shfe
2022-09-08 09:41:59 [com.tq.yuxuan.xxljob.task.MyTask#demoJobHandler]-[44]-[xxl-job, JobThread-4-1662601239020] 2022-02-28 21:14:30.200000 market match order, id = strategy1_18, info = ('strategy1_18', 5, None, None), code = rb999.shfe
2022-09-08 09:41:59 [com.tq.yuxuan.xxljob.task.MyTask#demoJobHandler]-[44]-[xxl-job, JobThread-4-1662601239020] 2022-02-28 21:14:43.100000 account insert order, id = strategy0_19, price = 4726.0, direction = ORDER_DIRECTION.BUY, code = rb888.shfe
2022-09-08 09:41:59 [com.tq.yuxuan.xxljob.task.MyTask#demoJobHandler]-[44]-[xxl-job, JobThread-4-1662601239020] 2022-02-28 21:14:43.200000 market receive order, id = strategy0_19, price = 4726.0, direction = ORDER_DIRECTION.BUY, code = rb888.shfe
2022-09-08 09:41:59 [com.tq.yuxuan.xxljob.task.MyTask#demoJobHandler]-[44]-[xxl-job, JobThread-4-1662601239020] 2022-02-28 21:14:43.200000 market match order, id = strategy0_19, info = ('strategy0_19', 4, 4726.0, 1), code = rb888.shfe
2022-09-08 09:41:59 [com.tq.yuxuan.xxljob.task.MyTask#demoJobHandler]-[44]-[xxl-job, JobThread-4-1662601239020] 2022-02-28 21:15:03.100000 account insert order, id = strategy1_20, price = 4727.0, direction = ORDER_DIRECTION.BUY, code = rb999.shfe
2022-09-08 09:41:59 [com.tq.yuxuan.xxljob.task.MyTask#demoJobHandler]-[44]-[xxl-job, JobThread-4-1662601239020] 2022-02-28 21:15:03.200000 market receive order, id = strategy1_20, price = 4727.0, direction = ORDER_DIRECTION.BUY, code = rb999.shfe
2022-09-08 09:41:59 [com.tq.yuxuan.xxljob.task.MyTask#demoJobHandler]-[44]-[xxl-job, JobThread-4-1662601239020] 2022-02-28 21:15:04.100000 account cancel order, id = strategy1_20, price = 4727.0, direction = ORDER_DIRECTION.BUY, code = rb999.shfe
2022-09-08 09:41:59 [com.tq.yuxuan.xxljob.task.MyTask#demoJobHandler]-[44]-[xxl-job, JobThread-4-1662601239020] 2022-02-28 21:15:04.200000 market match order, id = strategy1_20, info = ('strategy1_20', 5, None, None), code = rb999.shfe
2022-09-08 09:41:59 [com.tq.yuxuan.xxljob.task.MyTask#demoJobHandler]-[44]-[xxl-job, JobThread-4-1662601239020] 2022-02-28 21:15:10.100000 account insert order, id = strategy1_21, price = 4729.0, direction = ORDER_DIRECTION.SELL, code = rb888.shfe
2022-09-08 09:41:59 [com.tq.yuxuan.xxljob.task.MyTask#demoJobHandler]-[44]-[xxl-job, JobThread-4-1662601239020] 2022-02-28 21:15:10.200000 market receive order, id = strategy1_21, price = 4729.0, direction = ORDER_DIRECTION.SELL, code = rb888.shfe
2022-09-08 09:41:59 [com.tq.yuxuan.xxljob.task.MyTask#demoJobHandler]-[44]-[xxl-job, JobThread-4-1662601239020] 2022-02-28 21:15:15.100000 account cancel order, id = strategy1_21, price = 4729.0, direction = ORDER_DIRECTION.SELL, code = rb888.shfe
2022-09-08 09:41:59 [com.tq.yuxuan.xxljob.task.MyTask#demoJobHandler]-[44]-[xxl-job, JobThread-4-1662601239020] 2022-02-28 21:15:15.200000 market match order, id = strategy1_21, info = ('strategy1_21', 5, None, None), code = rb888.shfe
2022-09-08 09:41:59 [com.tq.yuxuan.xxljob.task.MyTask#demoJobHandler]-[44]-[xxl-job, JobThread-4-1662601239020] 2022-02-28 21:15:43.100000 account insert order, id = strategy1_22, price = 4729.0, direction = ORDER_DIRECTION.SELL, code = rb888.shfe
2022-09-08 09:41:59 [com.tq.yuxuan.xxljob.task.MyTask#demoJobHandler]-[44]-[xxl-job, JobThread-4-1662601239020] 2022-02-28 21:15:43.200000 market receive order, id = strategy1_22, price = 4729.0, direction = ORDER_DIRECTION.SELL, code = rb888.shfe
2022-09-08 09:41:59 [com.tq.yuxuan.xxljob.task.MyTask#demoJobHandler]-[44]-[xxl-job, JobThread-4-1662601239020] 2022-02-28 21:15:43.200000 market match order, id = strategy1_22, info = ('strategy1_22', 4, 4729.0, 1), code = rb888.shfe
2022-09-08 09:41:59 [com.tq.yuxuan.xxljob.task.MyTask#demoJobHandler]-[44]-[xxl-job, JobThread-4-1662601239020] 2022-02-28 21:16:51.100000 account insert order, id = strategy1_23, price = 4730.0, direction = ORDER_DIRECTION.BUY, code = rb999.shfe
2022-09-08 09:41:59 [com.tq.yuxuan.xxljob.task.MyTask#demoJobHandler]-[44]-[xxl-job, JobThread-4-1662601239020] 2022-02-28 21:16:51.200000 market receive order, id = strategy1_23, price = 4730.0, direction = ORDER_DIRECTION.BUY, code = rb999.shfe
2022-09-08 09:41:59 [com.tq.yuxuan.xxljob.task.MyTask#demoJobHandler]-[44]-[xxl-job, JobThread-4-1662601239020] 2022-02-28 21:16:52.100000 market match order, id = strategy1_23, info = ('strategy1_23', 4, 4730.0, 1), code = rb999.shfe
2022-09-08 09:41:59 [com.tq.yuxuan.xxljob.task.MyTask#demoJobHandler]-[44]-[xxl-job, JobThread-4-1662601239020] 2022-02-28 21:17:34.100000 account insert order, id = strategy0_20, price = 4727.0, direction = ORDER_DIRECTION.BUY, code = rb888.shfe
2022-09-08 09:41:59 [com.tq.yuxuan.xxljob.task.MyTask#demoJobHandler]-[44]-[xxl-job, JobThread-4-1662601239020] 2022-02-28 21:17:34.200000 market receive order, id = strategy0_20, price = 4727.0, direction = ORDER_DIRECTION.BUY, code = rb888.shfe
2022-09-08 09:41:59 [com.tq.yuxuan.xxljob.task.MyTask#demoJobHandler]-[44]-[xxl-job, JobThread-4-1662601239020] 2022-02-28 21:17:36.100000 account cancel order, id = strategy0_20, price = 4727.0, direction = ORDER_DIRECTION.BUY, code = rb888.shfe
2022-09-08 09:41:59 [com.tq.yuxuan.xxljob.task.MyTask#demoJobHandler]-[44]-[xxl-job, JobThread-4-1662601239020] 2022-02-28 21:17:36.200000 market match order, id = strategy0_20, info = ('strategy0_20', 5, None, None), code = rb888.shfe
2022-09-08 09:41:59 [com.tq.yuxuan.xxljob.task.MyTask#demoJobHandler]-[44]-[xxl-job, JobThread-4-1662601239020] 2022-02-28 21:18:22.100000 account insert order, id = strategy0_21, price = 4730.0, direction = ORDER_DIRECTION.SELL, code = rb999.shfe
2022-09-08 09:41:59 [com.tq.yuxuan.xxljob.task.MyTask#demoJobHandler]-[44]-[xxl-job, JobThread-4-1662601239020] 2022-02-28 21:18:22.200000 market receive order, id = strategy0_21, price = 4730.0, direction = ORDER_DIRECTION.SELL, code = rb999.shfe
2022-09-08 09:41:59 [com.tq.yuxuan.xxljob.task.MyTask#demoJobHandler]-[44]-[xxl-job, JobThread-4-1662601239020] 2022-02-28 21:18:23.100000 account cancel order, id = strategy0_21, price = 4730.0, direction = ORDER_DIRECTION.SELL, code = rb999.shfe
2022-09-08 09:41:59 [com.tq.yuxuan.xxljob.task.MyTask#demoJobHandler]-[44]-[xxl-job, JobThread-4-1662601239020] 2022-02-28 21:18:23.200000 market match order, id = strategy0_21, info = ('strategy0_21', 5, None, None), code = rb999.shfe
2022-09-08 09:41:59 [com.tq.yuxuan.xxljob.task.MyTask#demoJobHandler]-[44]-[xxl-job, JobThread-4-1662601239020] 2022-02-28 21:18:28.100000 account insert order, id = strategy1_24, price = 4731.0, direction = ORDER_DIRECTION.SELL, code = rb888.shfe
2022-09-08 09:41:59 [com.tq.yuxuan.xxljob.task.MyTask#demoJobHandler]-[44]-[xxl-job, JobThread-4-1662601239020] 2022-02-28 21:18:28.200000 market receive order, id = strategy1_24, price = 4731.0, direction = ORDER_DIRECTION.SELL, code = rb888.shfe
2022-09-08 09:41:59 [com.tq.yuxuan.xxljob.task.MyTask#demoJobHandler]-[44]-[xxl-job, JobThread-4-1662601239020] 2022-02-28 21:18:33.100000 account insert order, id = strategy1_25, price = 4731.0, direction = ORDER_DIRECTION.SELL, code = rb888.shfe
2022-09-08 09:41:59 [com.tq.yuxuan.xxljob.task.MyTask#demoJobHandler]-[44]-[xxl-job, JobThread-4-1662601239020] 2022-02-28 21:18:33.200000 market receive order, id = strategy1_25, price = 4731.0, direction = ORDER_DIRECTION.SELL, code = rb888.shfe
2022-09-08 09:41:59 [com.tq.yuxuan.xxljob.task.MyTask#demoJobHandler]-[44]-[xxl-job, JobThread-4-1662601239020] 2022-02-28 21:18:36.100000 account cancel order, id = strategy1_24, price = 4731.0, direction = ORDER_DIRECTION.SELL, code = rb888.shfe
2022-09-08 09:41:59 [com.tq.yuxuan.xxljob.task.MyTask#demoJobHandler]-[44]-[xxl-job, JobThread-4-1662601239020] 2022-02-28 21:18:36.200000 market match order, id = strategy1_24, info = ('strategy1_24', 5, None, None), code = rb888.shfe
2022-09-08 09:41:59 [com.tq.yuxuan.xxljob.task.MyTask#demoJobHandler]-[44]-[xxl-job, JobThread-4-1662601239020] 2022-02-28 21:18:39.100000 account cancel order, id = strategy1_25, price = 4731.0, direction = ORDER_DIRECTION.SELL, code = rb888.shfe
2022-09-08 09:41:59 [com.tq.yuxuan.xxljob.task.MyTask#demoJobHandler]-[44]-[xxl-job, JobThread-4-1662601239020] 2022-02-28 21:18:39.200000 market match order, id = strategy1_25, info = ('strategy1_25', 5, None, None), code = rb888.shfe
2022-09-08 09:41:59 [com.tq.yuxuan.xxljob.task.MyTask#demoJobHandler]-[44]-[xxl-job, JobThread-4-1662601239020] 2022-02-28 21:19:00.100000 account insert order, id = strategy0_22, price = 4730.0, direction = ORDER_DIRECTION.SELL, code = rb888.shfe
2022-09-08 09:41:59 [com.tq.yuxuan.xxljob.task.MyTask#demoJobHandler]-[44]-[xxl-job, JobThread-4-1662601239020] 2022-02-28 21:19:00.200000 market receive order, id = strategy0_22, price = 4730.0, direction = ORDER_DIRECTION.SELL, code = rb888.shfe
2022-09-08 09:41:59 [com.tq.yuxuan.xxljob.task.MyTask#demoJobHandler]-[44]-[xxl-job, JobThread-4-1662601239020] 2022-02-28 21:19:00.200000 market match order, id = strategy0_22, info = ('strategy0_22', 4, 4730.0, 1), code = rb888.shfe
2022-09-08 09:41:59 [com.tq.yuxuan.xxljob.task.MyTask#demoJobHandler]-[44]-[xxl-job, JobThread-4-1662601239020] 2022-02-28 21:19:01.100000 account insert order, id = strategy0_23, price = 4730.0, direction = ORDER_DIRECTION.BUY, code = rb999.shfe
2022-09-08 09:41:59 [com.tq.yuxuan.xxljob.task.MyTask#demoJobHandler]-[44]-[xxl-job, JobThread-4-1662601239020] 2022-02-28 21:19:01.200000 market receive order, id = strategy0_23, price = 4730.0, direction = ORDER_DIRECTION.BUY, code = rb999.shfe
2022-09-08 09:41:59 [com.tq.yuxuan.xxljob.task.MyTask#demoJobHandler]-[44]-[xxl-job, JobThread-4-1662601239020] 2022-02-28 21:19:02.100000 market match order, id = strategy0_23, info = ('strategy0_23', 4, 4730.0, 1), code = rb999.shfe
2022-09-08 09:41:59 [com.tq.yuxuan.xxljob.task.MyTask#demoJobHandler]-[44]-[xxl-job, JobThread-4-1662601239020] 2022-02-28 21:20:14.100000 account insert order, id = strategy1_26, price = 4731.0, direction = ORDER_DIRECTION.SELL, code = rb888.shfe
2022-09-08 09:41:59 [com.tq.yuxuan.xxljob.task.MyTask#demoJobHandler]-[44]-[xxl-job, JobThread-4-1662601239020] 2022-02-28 21:20:14.200000 market receive order, id = strategy1_26, price = 4731.0, direction = ORDER_DIRECTION.SELL, code = rb888.shfe
2022-09-08 09:41:59 [com.tq.yuxuan.xxljob.task.MyTask#demoJobHandler]-[44]-[xxl-job, JobThread-4-1662601239020] 2022-02-28 21:20:16.100000 account cancel order, id = strategy1_26, price = 4731.0, direction = ORDER_DIRECTION.SELL, code = rb888.shfe
2022-09-08 09:41:59 [com.tq.yuxuan.xxljob.task.MyTask#demoJobHandler]-[44]-[xxl-job, JobThread-4-1662601239020] 2022-02-28 21:20:16.200000 market match order, id = strategy1_26, info = ('strategy1_26', 5, None, None), code = rb888.shfe
2022-09-08 09:41:59 [com.tq.yuxuan.xxljob.task.MyTask#demoJobHandler]-[44]-[xxl-job, JobThread-4-1662601239020] 2022-02-28 21:20:28.100000 account insert order, id = strategy1_27, price = 4729.0, direction = ORDER_DIRECTION.BUY, code = rb999.shfe
2022-09-08 09:41:59 [com.tq.yuxuan.xxljob.task.MyTask#demoJobHandler]-[44]-[xxl-job, JobThread-4-1662601239020] 2022-02-28 21:20:28.200000 market receive order, id = strategy1_27, price = 4729.0, direction = ORDER_DIRECTION.BUY, code = rb999.shfe
2022-09-08 09:41:59 [com.tq.yuxuan.xxljob.task.MyTask#demoJobHandler]-[44]-[xxl-job, JobThread-4-1662601239020] 2022-02-28 21:20:30.100000 account cancel order, id = strategy1_27, price = 4729.0, direction = ORDER_DIRECTION.BUY, code = rb999.shfe
2022-09-08 09:41:59 [com.tq.yuxuan.xxljob.task.MyTask#demoJobHandler]-[44]-[xxl-job, JobThread-4-1662601239020] 2022-02-28 21:20:30.200000 market match order, id = strategy1_27, info = ('strategy1_27', 5, None, None), code = rb999.shfe
2022-09-08 09:41:59 [com.tq.yuxuan.xxljob.task.MyTask#demoJobHandler]-[44]-[xxl-job, JobThread-4-1662601239020] 2022-02-28 21:20:44.100000 account insert order, id = strategy0_24, price = 4728.0, direction = ORDER_DIRECTION.BUY, code = rb999.shfe
2022-09-08 09:41:59 [com.tq.yuxuan.xxljob.task.MyTask#demoJobHandler]-[44]-[xxl-job, JobThread-4-1662601239020] 2022-02-28 21:20:44.200000 market receive order, id = strategy0_24, price = 4728.0, direction = ORDER_DIRECTION.BUY, code = rb999.shfe
2022-09-08 09:41:59 [com.tq.yuxuan.xxljob.task.MyTask#demoJobHandler]-[44]-[xxl-job, JobThread-4-1662601239020] 2022-02-28 21:20:45.100000 account cancel order, id = strategy0_24, price = 4728.0, direction = ORDER_DIRECTION.BUY, code = rb999.shfe
2022-09-08 09:41:59 [com.tq.yuxuan.xxljob.task.MyTask#demoJobHandler]-[44]-[xxl-job, JobThread-4-1662601239020] 2022-02-28 21:20:45.200000 market match order, id = strategy0_24, info = ('strategy0_24', 5, None, None), code = rb999.shfe
2022-09-08 09:41:59 [com.tq.yuxuan.xxljob.task.MyTask#demoJobHandler]-[44]-[xxl-job, JobThread-4-1662601239020] 2022-02-28 21:20:46.100000 account insert order, id = strategy1_28, price = 4729.0, direction = ORDER_DIRECTION.SELL, code = rb888.shfe
2022-09-08 09:41:59 [com.tq.yuxuan.xxljob.task.MyTask#demoJobHandler]-[44]-[xxl-job, JobThread-4-1662601239020] 2022-02-28 21:20:46.200000 market receive order, id = strategy1_28, price = 4729.0, direction = ORDER_DIRECTION.SELL, code = rb888.shfe
2022-09-08 09:41:59 [com.tq.yuxuan.xxljob.task.MyTask#demoJobHandler]-[44]-[xxl-job, JobThread-4-1662601239020] 2022-02-28 21:20:55.100000 account cancel order, id = strategy1_28, price = 4729.0, direction = ORDER_DIRECTION.SELL, code = rb888.shfe
2022-09-08 09:41:59 [com.tq.yuxuan.xxljob.task.MyTask#demoJobHandler]-[44]-[xxl-job, JobThread-4-1662601239020] 2022-02-28 21:20:55.200000 market match order, id = strategy1_28, info = ('strategy1_28', 5, None, None), code = rb888.shfe
2022-09-08 09:41:59 [com.tq.yuxuan.xxljob.task.MyTask#demoJobHandler]-[44]-[xxl-job, JobThread-4-1662601239020] 2022-02-28 21:21:17.100000 account insert order, id = strategy1_29, price = 4730.0, direction = ORDER_DIRECTION.SELL, code = rb999.shfe
2022-09-08 09:41:59 [com.tq.yuxuan.xxljob.task.MyTask#demoJobHandler]-[44]-[xxl-job, JobThread-4-1662601239020] 2022-02-28 21:21:17.200000 market receive order, id = strategy1_29, price = 4730.0, direction = ORDER_DIRECTION.SELL, code = rb999.shfe
2022-09-08 09:41:59 [com.tq.yuxuan.xxljob.task.MyTask#demoJobHandler]-[44]-[xxl-job, JobThread-4-1662601239020] 2022-02-28 21:21:19.100000 account cancel order, id = strategy1_29, price = 4730.0, direction = ORDER_DIRECTION.SELL, code = rb999.shfe
2022-09-08 09:41:59 [com.tq.yuxuan.xxljob.task.MyTask#demoJobHandler]-[44]-[xxl-job, JobThread-4-1662601239020] 2022-02-28 21:21:19.200000 market match order, id = strategy1_29, info = ('strategy1_29', 5, None, None), code = rb999.shfe
2022-09-08 09:41:59 [com.tq.yuxuan.xxljob.task.MyTask#demoJobHandler]-[44]-[xxl-job, JobThread-4-1662601239020] 2022-02-28 21:21:35.100000 account insert order, id = strategy1_30, price = 4729.0, direction = ORDER_DIRECTION.SELL, code = rb999.shfe
2022-09-08 09:41:59 [com.tq.yuxuan.xxljob.task.MyTask#demoJobHandler]-[44]-[xxl-job, JobThread-4-1662601239020] 2022-02-28 21:21:35.200000 market receive order, id = strategy1_30, price = 4729.0, direction = ORDER_DIRECTION.SELL, code = rb999.shfe
2022-09-08 09:41:59 [com.tq.yuxuan.xxljob.task.MyTask#demoJobHandler]-[44]-[xxl-job, JobThread-4-1662601239020] 2022-02-28 21:21:35.200000 market match order, id = strategy1_30, info = ('strategy1_30', 4, 4729.0, 1), code = rb999.shfe
2022-09-08 09:41:59 [com.tq.yuxuan.xxljob.task.MyTask#demoJobHandler]-[44]-[xxl-job, JobThread-4-1662601239020] 2022-02-28 21:22:19.100000 account insert order, id = strategy0_25, price = 4732.0, direction = ORDER_DIRECTION.SELL, code = rb999.shfe
2022-09-08 09:41:59 [com.tq.yuxuan.xxljob.task.MyTask#demoJobHandler]-[44]-[xxl-job, JobThread-4-1662601239020] 2022-02-28 21:22:19.200000 market receive order, id = strategy0_25, price = 4732.0, direction = ORDER_DIRECTION.SELL, code = rb999.shfe
2022-09-08 09:41:59 [com.tq.yuxuan.xxljob.task.MyTask#demoJobHandler]-[44]-[xxl-job, JobThread-4-1662601239020] 2022-02-28 21:22:20.100000 account cancel order, id = strategy0_25, price = 4732.0, direction = ORDER_DIRECTION.SELL, code = rb999.shfe
2022-09-08 09:41:59 [com.tq.yuxuan.xxljob.task.MyTask#demoJobHandler]-[44]-[xxl-job, JobThread-4-1662601239020] 2022-02-28 21:22:20.200000 market match order, id = strategy0_25, info = ('strategy0_25', 5, None, None), code = rb999.shfe
2022-09-08 09:41:59 [com.tq.yuxuan.xxljob.task.MyTask#demoJobHandler]-[44]-[xxl-job, JobThread-4-1662601239020] 2022-02-28 21:22:21.100000 account insert order, id = strategy0_26, price = 4732.0, direction = ORDER_DIRECTION.SELL, code = rb999.shfe
2022-09-08 09:41:59 [com.tq.yuxuan.xxljob.task.MyTask#demoJobHandler]-[44]-[xxl-job, JobThread-4-1662601239020] 2022-02-28 21:22:21.200000 market receive order, id = strategy0_26, price = 4732.0, direction = ORDER_DIRECTION.SELL, code = rb999.shfe
2022-09-08 09:41:59 [com.tq.yuxuan.xxljob.task.MyTask#demoJobHandler]-[44]-[xxl-job, JobThread-4-1662601239020] 2022-02-28 21:22:23.100000 account cancel order, id = strategy0_26, price = 4732.0, direction = ORDER_DIRECTION.SELL, code = rb999.shfe
2022-09-08 09:41:59 [com.tq.yuxuan.xxljob.task.MyTask#demoJobHandler]-[44]-[xxl-job, JobThread-4-1662601239020] 2022-02-28 21:22:23.200000 market match order, id = strategy0_26, info = ('strategy0_26', 5, None, None), code = rb999.shfe
2022-09-08 09:41:59 [com.tq.yuxuan.xxljob.task.MyTask#demoJobHandler]-[44]-[xxl-job, JobThread-4-1662601239020] 2022-02-28 21:22:26.100000 account insert order, id = strategy1_31, price = 4732.0, direction = ORDER_DIRECTION.SELL, code = rb999.shfe
2022-09-08 09:41:59 [com.tq.yuxuan.xxljob.task.MyTask#demoJobHandler]-[44]-[xxl-job, JobThread-4-1662601239020] 2022-02-28 21:22:26.200000 market receive order, id = strategy1_31, price = 4732.0, direction = ORDER_DIRECTION.SELL, code = rb999.shfe
2022-09-08 09:41:59 [com.tq.yuxuan.xxljob.task.MyTask#demoJobHandler]-[44]-[xxl-job, JobThread-4-1662601239020] 2022-02-28 21:22:33.100000 account cancel order, id = strategy1_31, price = 4732.0, direction = ORDER_DIRECTION.SELL, code = rb999.shfe
2022-09-08 09:41:59 [com.tq.yuxuan.xxljob.task.MyTask#demoJobHandler]-[44]-[xxl-job, JobThread-4-1662601239020] 2022-02-28 21:22:33.200000 market match order, id = strategy1_31, info = ('strategy1_31', 5, None, None), code = rb999.shfe
2022-09-08 09:41:59 [com.tq.yuxuan.xxljob.task.MyTask#demoJobHandler]-[44]-[xxl-job, JobThread-4-1662601239020] 2022-02-28 21:23:02.100000 account insert order, id = strategy1_32, price = 4732.0, direction = ORDER_DIRECTION.BUY, code = rb888.shfe
2022-09-08 09:41:59 [com.tq.yuxuan.xxljob.task.MyTask#demoJobHandler]-[44]-[xxl-job, JobThread-4-1662601239020] 2022-02-28 21:23:02.200000 market receive order, id = strategy1_32, price = 4732.0, direction = ORDER_DIRECTION.BUY, code = rb888.shfe
2022-09-08 09:41:59 [com.tq.yuxuan.xxljob.task.MyTask#demoJobHandler]-[44]-[xxl-job, JobThread-4-1662601239020] 2022-02-28 21:23:02.200000 market match order, id = strategy1_32, info = ('strategy1_32', 4, 4732.0, 1), code = rb888.shfe
2022-09-08 09:41:59 [com.tq.yuxuan.xxljob.task.MyTask#demoJobHandler]-[44]-[xxl-job, JobThread-4-1662601239020] 2022-02-28 21:23:56.100000 account insert order, id = strategy1_33, price = 4733.0, direction = ORDER_DIRECTION.SELL, code = rb999.shfe
2022-09-08 09:41:59 [com.tq.yuxuan.xxljob.task.MyTask#demoJobHandler]-[44]-[xxl-job, JobThread-4-1662601239020] 2022-02-28 21:23:56.200000 market receive order, id = strategy1_33, price = 4733.0, direction = ORDER_DIRECTION.SELL, code = rb999.shfe
2022-09-08 09:41:59 [com.tq.yuxuan.xxljob.task.MyTask#demoJobHandler]-[44]-[xxl-job, JobThread-4-1662601239020] 2022-02-28 21:24:00.100000 account cancel order, id = strategy1_33, price = 4733.0, direction = ORDER_DIRECTION.SELL, code = rb999.shfe
2022-09-08 09:41:59 [com.tq.yuxuan.xxljob.task.MyTask#demoJobHandler]-[44]-[xxl-job, JobThread-4-1662601239020] 2022-02-28 21:24:00.200000 market match order, id = strategy1_33, info = ('strategy1_33', 5, None, None), code = rb999.shfe
2022-09-08 09:41:59 [com.tq.yuxuan.xxljob.task.MyTask#demoJobHandler]-[44]-[xxl-job, JobThread-4-1662601239020] 2022-02-28 21:25:02.100000 account insert order, id = strategy1_34, price = 4733.0, direction = ORDER_DIRECTION.SELL, code = rb999.shfe
2022-09-08 09:41:59 [com.tq.yuxuan.xxljob.task.MyTask#demoJobHandler]-[44]-[xxl-job, JobThread-4-1662601239020] 2022-02-28 21:25:02.200000 market receive order, id = strategy1_34, price = 4733.0, direction = ORDER_DIRECTION.SELL, code = rb999.shfe
2022-09-08 09:41:59 [com.tq.yuxuan.xxljob.task.MyTask#demoJobHandler]-[44]-[xxl-job, JobThread-4-1662601239020] 2022-02-28 21:25:03.100000 account cancel order, id = strategy1_34, price = 4733.0, direction = ORDER_DIRECTION.SELL, code = rb999.shfe
2022-09-08 09:41:59 [com.tq.yuxuan.xxljob.task.MyTask#demoJobHandler]-[44]-[xxl-job, JobThread-4-1662601239020] 2022-02-28 21:25:03.200000 market match order, id = strategy1_34, info = ('strategy1_34', 5, None, None), code = rb999.shfe
2022-09-08 09:41:59 [com.tq.yuxuan.xxljob.task.MyTask#demoJobHandler]-[44]-[xxl-job, JobThread-4-1662601239020] 2022-02-28 21:25:33.100000 account insert order, id = strategy1_35, price = 4731.0, direction = ORDER_DIRECTION.SELL, code = rb999.shfe
2022-09-08 09:41:59 [com.tq.yuxuan.xxljob.task.MyTask#demoJobHandler]-[44]-[xxl-job, JobThread-4-1662601239020] 2022-02-28 21:25:33.200000 market receive order, id = strategy1_35, price = 4731.0, direction = ORDER_DIRECTION.SELL, code = rb999.shfe
2022-09-08 09:41:59 [com.tq.yuxuan.xxljob.task.MyTask#demoJobHandler]-[44]-[xxl-job, JobThread-4-1662601239020] 2022-02-28 21:25:35.100000 account cancel order, id = strategy1_35, price = 4731.0, direction = ORDER_DIRECTION.SELL, code = rb999.shfe
2022-09-08 09:41:59 [com.tq.yuxuan.xxljob.task.MyTask#demoJobHandler]-[44]-[xxl-job, JobThread-4-1662601239020] 2022-02-28 21:25:35.200000 market match order, id = strategy1_35, info = ('strategy1_35', 5, None, None), code = rb999.shfe
2022-09-08 09:41:59 [com.tq.yuxuan.xxljob.task.MyTask#demoJobHandler]-[44]-[xxl-job, JobThread-4-1662601239020] 2022-02-28 21:25:36.100000 account insert order, id = strategy1_36, price = 4730.0, direction = ORDER_DIRECTION.BUY, code = rb999.shfe
2022-09-08 09:41:59 [com.tq.yuxuan.xxljob.task.MyTask#demoJobHandler]-[44]-[xxl-job, JobThread-4-1662601239020] 2022-02-28 21:25:36.200000 market receive order, id = strategy1_36, price = 4730.0, direction = ORDER_DIRECTION.BUY, code = rb999.shfe
2022-09-08 09:41:59 [com.tq.yuxuan.xxljob.task.MyTask#demoJobHandler]-[44]-[xxl-job, JobThread-4-1662601239020] 2022-02-28 21:25:38.100000 account cancel order, id = strategy1_36, price = 4730.0, direction = ORDER_DIRECTION.BUY, code = rb999.shfe
2022-09-08 09:41:59 [com.tq.yuxuan.xxljob.task.MyTask#demoJobHandler]-[44]-[xxl-job, JobThread-4-1662601239020] 2022-02-28 21:25:38.200000 market match order, id = strategy1_36, info = ('strategy1_36', 5, None, None), code = rb999.shfe
2022-09-08 09:41:59 [com.tq.yuxuan.xxljob.task.MyTask#demoJobHandler]-[44]-[xxl-job, JobThread-4-1662601239020] 2022-02-28 21:25:50.100000 account insert order, id = strategy1_37, price = 4728.0, direction = ORDER_DIRECTION.BUY, code = rb888.shfe
2022-09-08 09:41:59 [com.tq.yuxuan.xxljob.task.MyTask#demoJobHandler]-[44]-[xxl-job, JobThread-4-1662601239020] 2022-02-28 21:25:50.200000 market receive order, id = strategy1_37, price = 4728.0, direction = ORDER_DIRECTION.BUY, code = rb888.shfe
2022-09-08 09:41:59 [com.tq.yuxuan.xxljob.task.MyTask#demoJobHandler]-[44]-[xxl-job, JobThread-4-1662601239020] 2022-02-28 21:25:52.100000 account insert order, id = strategy0_27, price = 4729.0, direction = ORDER_DIRECTION.BUY, code = rb888.shfe
2022-09-08 09:41:59 [com.tq.yuxuan.xxljob.task.MyTask#demoJobHandler]-[44]-[xxl-job, JobThread-4-1662601239020] 2022-02-28 21:25:52.100000 account cancel order, id = strategy1_37, price = 4728.0, direction = ORDER_DIRECTION.BUY, code = rb888.shfe
2022-09-08 09:41:59 [com.tq.yuxuan.xxljob.task.MyTask#demoJobHandler]-[44]-[xxl-job, JobThread-4-1662601239020] 2022-02-28 21:25:52.200000 market receive order, id = strategy0_27, price = 4729.0, direction = ORDER_DIRECTION.BUY, code = rb888.shfe
2022-09-08 09:41:59 [com.tq.yuxuan.xxljob.task.MyTask#demoJobHandler]-[44]-[xxl-job, JobThread-4-1662601239020] 2022-02-28 21:25:52.200000 market match order, id = strategy0_27, info = ('strategy0_27', 4, 4729.0, 1), code = rb888.shfe
2022-09-08 09:41:59 [com.tq.yuxuan.xxljob.task.MyTask#demoJobHandler]-[44]-[xxl-job, JobThread-4-1662601239020] 2022-02-28 21:25:52.200000 market match order, id = strategy1_37, info = ('strategy1_37', 5, None, None), code = rb888.shfe
2022-09-08 09:41:59 [com.tq.yuxuan.xxljob.task.MyTask#demoJobHandler]-[44]-[xxl-job, JobThread-4-1662601239020] 2022-02-28 21:25:55.100000 account insert order, id = strategy1_38, price = 4728.0, direction = ORDER_DIRECTION.BUY, code = rb888.shfe
2022-09-08 09:41:59 [com.tq.yuxuan.xxljob.task.MyTask#demoJobHandler]-[44]-[xxl-job, JobThread-4-1662601239020] 2022-02-28 21:25:55.200000 market receive order, id = strategy1_38, price = 4728.0, direction = ORDER_DIRECTION.BUY, code = rb888.shfe
2022-09-08 09:41:59 [com.tq.yuxuan.xxljob.task.MyTask#demoJobHandler]-[44]-[xxl-job, JobThread-4-1662601239020] 2022-02-28 21:25:58.100000 account cancel order, id = strategy1_38, price = 4728.0, direction = ORDER_DIRECTION.BUY, code = rb888.shfe
2022-09-08 09:41:59 [com.tq.yuxuan.xxljob.task.MyTask#demoJobHandler]-[44]-[xxl-job, JobThread-4-1662601239020] 2022-02-28 21:25:58.200000 market match order, id = strategy1_38, info = ('strategy1_38', 5, None, None), code = rb888.shfe
2022-09-08 09:41:59 [com.tq.yuxuan.xxljob.task.MyTask#demoJobHandler]-[44]-[xxl-job, JobThread-4-1662601239020] 2022-02-28 21:26:17.100000 account insert order, id = strategy1_39, price = 4728.0, direction = ORDER_DIRECTION.BUY, code = rb999.shfe
2022-09-08 09:41:59 [com.tq.yuxuan.xxljob.task.MyTask#demoJobHandler]-[44]-[xxl-job, JobThread-4-1662601239020] 2022-02-28 21:26:17.200000 market receive order, id = strategy1_39, price = 4728.0, direction = ORDER_DIRECTION.BUY, code = rb999.shfe
2022-09-08 09:41:59 [com.tq.yuxuan.xxljob.task.MyTask#demoJobHandler]-[44]-[xxl-job, JobThread-4-1662601239020] 2022-02-28 21:26:17.200000 market match order, id = strategy1_39, info = ('strategy1_39', 4, 4727.0, 1), code = rb999.shfe
2022-09-08 09:41:59 [com.tq.yuxuan.xxljob.task.MyTask#demoJobHandler]-[44]-[xxl-job, JobThread-4-1662601239020] 2022-02-28 21:26:46.100000 account insert order, id = strategy1_40, price = 4726.0, direction = ORDER_DIRECTION.BUY, code = rb999.shfe
2022-09-08 09:41:59 [com.tq.yuxuan.xxljob.task.MyTask#demoJobHandler]-[44]-[xxl-job, JobThread-4-1662601239020] 2022-02-28 21:26:46.200000 market receive order, id = strategy1_40, price = 4726.0, direction = ORDER_DIRECTION.BUY, code = rb999.shfe
2022-09-08 09:41:59 [com.tq.yuxuan.xxljob.task.MyTask#demoJobHandler]-[44]-[xxl-job, JobThread-4-1662601239020] 2022-02-28 21:26:50.100000 account cancel order, id = strategy1_40, price = 4726.0, direction = ORDER_DIRECTION.BUY, code = rb999.shfe
2022-09-08 09:41:59 [com.tq.yuxuan.xxljob.task.MyTask#demoJobHandler]-[44]-[xxl-job, JobThread-4-1662601239020] 2022-02-28 21:26:50.200000 market match order, id = strategy1_40, info = ('strategy1_40', 5, None, None), code = rb999.shfe
2022-09-08 09:41:59 [com.tq.yuxuan.xxljob.task.MyTask#demoJobHandler]-[44]-[xxl-job, JobThread-4-1662601239020] 2022-02-28 21:27:43.100000 account insert order, id = strategy0_28, price = 4727.0, direction = ORDER_DIRECTION.BUY, code = rb999.shfe
2022-09-08 09:41:59 [com.tq.yuxuan.xxljob.task.MyTask#demoJobHandler]-[44]-[xxl-job, JobThread-4-1662601239020] 2022-02-28 21:27:43.200000 market receive order, id = strategy0_28, price = 4727.0, direction = ORDER_DIRECTION.BUY, code = rb999.shfe
2022-09-08 09:41:59 [com.tq.yuxuan.xxljob.task.MyTask#demoJobHandler]-[44]-[xxl-job, JobThread-4-1662601239020] 2022-02-28 21:27:49.100000 account insert order, id = strategy0_29, price = 4728.0, direction = ORDER_DIRECTION.SELL, code = rb888.shfe
2022-09-08 09:41:59 [com.tq.yuxuan.xxljob.task.MyTask#demoJobHandler]-[44]-[xxl-job, JobThread-4-1662601239020] 2022-02-28 21:27:49.200000 market receive order, id = strategy0_29, price = 4728.0, direction = ORDER_DIRECTION.SELL, code = rb888.shfe
2022-09-08 09:41:59 [com.tq.yuxuan.xxljob.task.MyTask#demoJobHandler]-[44]-[xxl-job, JobThread-4-1662601239020] 2022-02-28 21:27:49.200000 market match order, id = strategy0_29, info = ('strategy0_29', 4, 4728.0, 1), code = rb888.shfe
2022-09-08 09:41:59 [com.tq.yuxuan.xxljob.task.MyTask#demoJobHandler]-[44]-[xxl-job, JobThread-4-1662601239020] 2022-02-28 21:27:54.100000 account cancel order, id = strategy0_28, price = 4727.0, direction = ORDER_DIRECTION.BUY, code = rb999.shfe
2022-09-08 09:41:59 [com.tq.yuxuan.xxljob.task.MyTask#demoJobHandler]-[44]-[xxl-job, JobThread-4-1662601239020] 2022-02-28 21:27:54.200000 market match order, id = strategy0_28, info = ('strategy0_28', 5, None, None), code = rb999.shfe
2022-09-08 09:41:59 [com.tq.yuxuan.xxljob.task.MyTask#demoJobHandler]-[44]-[xxl-job, JobThread-4-1662601239020] 2022-02-28 21:28:12.100000 account insert order, id = strategy1_41, price = 4728.0, direction = ORDER_DIRECTION.SELL, code = rb888.shfe
2022-09-08 09:41:59 [com.tq.yuxuan.xxljob.task.MyTask#demoJobHandler]-[44]-[xxl-job, JobThread-4-1662601239020] 2022-02-28 21:28:12.200000 market receive order, id = strategy1_41, price = 4728.0, direction = ORDER_DIRECTION.SELL, code = rb888.shfe
2022-09-08 09:41:59 [com.tq.yuxuan.xxljob.task.MyTask#demoJobHandler]-[44]-[xxl-job, JobThread-4-1662601239020] 2022-02-28 21:28:14.100000 account insert order, id = strategy1_42, price = 4727.0, direction = ORDER_DIRECTION.BUY, code = rb888.shfe
2022-09-08 09:41:59 [com.tq.yuxuan.xxljob.task.MyTask#demoJobHandler]-[44]-[xxl-job, JobThread-4-1662601239020] 2022-02-28 21:28:14.100000 account cancel order, id = strategy1_41, price = 4728.0, direction = ORDER_DIRECTION.SELL, code = rb888.shfe
2022-09-08 09:41:59 [com.tq.yuxuan.xxljob.task.MyTask#demoJobHandler]-[44]-[xxl-job, JobThread-4-1662601239020] 2022-02-28 21:28:14.200000 market receive order, id = strategy1_42, price = 4727.0, direction = ORDER_DIRECTION.BUY, code = rb888.shfe
2022-09-08 09:41:59 [com.tq.yuxuan.xxljob.task.MyTask#demoJobHandler]-[44]-[xxl-job, JobThread-4-1662601239020] 2022-02-28 21:28:14.200000 market match order, id = strategy1_41, info = ('strategy1_41', 5, None, None), code = rb888.shfe
2022-09-08 09:41:59 [com.tq.yuxuan.xxljob.task.MyTask#demoJobHandler]-[44]-[xxl-job, JobThread-4-1662601239020] 2022-02-28 21:28:15.100000 account cancel order, id = strategy1_42, price = 4727.0, direction = ORDER_DIRECTION.BUY, code = rb888.shfe
2022-09-08 09:41:59 [com.tq.yuxuan.xxljob.task.MyTask#demoJobHandler]-[44]-[xxl-job, JobThread-4-1662601239020] 2022-02-28 21:28:15.200000 market match order, id = strategy1_42, info = ('strategy1_42', 5, None, None), code = rb888.shfe
2022-09-08 09:41:59 [com.tq.yuxuan.xxljob.task.MyTask#demoJobHandler]-[44]-[xxl-job, JobThread-4-1662601239020] 2022-02-28 21:28:54.100000 account insert order, id = strategy1_43, price = 4728.0, direction = ORDER_DIRECTION.SELL, code = rb888.shfe
2022-09-08 09:41:59 [com.tq.yuxuan.xxljob.task.MyTask#demoJobHandler]-[44]-[xxl-job, JobThread-4-1662601239020] 2022-02-28 21:28:54.200000 market receive order, id = strategy1_43, price = 4728.0, direction = ORDER_DIRECTION.SELL, code = rb888.shfe
2022-09-08 09:41:59 [com.tq.yuxuan.xxljob.task.MyTask#demoJobHandler]-[44]-[xxl-job, JobThread-4-1662601239020] 2022-02-28 21:28:55.100000 account cancel order, id = strategy1_43, price = 4728.0, direction = ORDER_DIRECTION.SELL, code = rb888.shfe
2022-09-08 09:41:59 [com.tq.yuxuan.xxljob.task.MyTask#demoJobHandler]-[44]-[xxl-job, JobThread-4-1662601239020] 2022-02-28 21:28:55.200000 market match order, id = strategy1_43, info = ('strategy1_43', 5, None, None), code = rb888.shfe
2022-09-08 09:41:59 [com.tq.yuxuan.xxljob.task.MyTask#demoJobHandler]-[44]-[xxl-job, JobThread-4-1662601239020] 2022-02-28 21:29:06.100000 account insert order, id = strategy1_44, price = 4730.0, direction = ORDER_DIRECTION.SELL, code = rb888.shfe
2022-09-08 09:41:59 [com.tq.yuxuan.xxljob.task.MyTask#demoJobHandler]-[44]-[xxl-job, JobThread-4-1662601239020] 2022-02-28 21:29:06.200000 market receive order, id = strategy1_44, price = 4730.0, direction = ORDER_DIRECTION.SELL, code = rb888.shfe
2022-09-08 09:41:59 [com.tq.yuxuan.xxljob.task.MyTask#demoJobHandler]-[44]-[xxl-job, JobThread-4-1662601239020] 2022-02-28 21:29:12.100000 account cancel order, id = strategy1_44, price = 4730.0, direction = ORDER_DIRECTION.SELL, code = rb888.shfe
2022-09-08 09:41:59 [com.tq.yuxuan.xxljob.task.MyTask#demoJobHandler]-[44]-[xxl-job, JobThread-4-1662601239020] 2022-02-28 21:29:12.200000 market match order, id = strategy1_44, info = ('strategy1_44', 5, None, None), code = rb888.shfe
2022-09-08 09:41:59 [com.tq.yuxuan.xxljob.task.MyTask#demoJobHandler]-[44]-[xxl-job, JobThread-4-1662601239020] 2022-02-28 21:29:18.100000 account insert order, id = strategy1_45, price = 4729.0, direction = ORDER_DIRECTION.SELL, code = rb999.shfe
2022-09-08 09:41:59 [com.tq.yuxuan.xxljob.task.MyTask#demoJobHandler]-[44]-[xxl-job, JobThread-4-1662601239020] 2022-02-28 21:29:18.200000 market receive order, id = strategy1_45, price = 4729.0, direction = ORDER_DIRECTION.SELL, code = rb999.shfe
2022-09-08 09:41:59 [com.tq.yuxuan.xxljob.task.MyTask#demoJobHandler]-[44]-[xxl-job, JobThread-4-1662601239020] 2022-02-28 21:29:19.100000 account cancel order, id = strategy1_45, price = 4729.0, direction = ORDER_DIRECTION.SELL, code = rb999.shfe
2022-09-08 09:41:59 [com.tq.yuxuan.xxljob.task.MyTask#demoJobHandler]-[44]-[xxl-job, JobThread-4-1662601239020] 2022-02-28 21:29:19.200000 market match order, id = strategy1_45, info = ('strategy1_45', 5, None, None), code = rb999.shfe
2022-09-08 09:41:59 [com.tq.yuxuan.xxljob.task.MyTask#demoJobHandler]-[44]-[xxl-job, JobThread-4-1662601239020] 2022-02-28 21:29:24.100000 account insert order, id = strategy1_46, price = 4729.0, direction = ORDER_DIRECTION.SELL, code = rb999.shfe
2022-09-08 09:41:59 [com.tq.yuxuan.xxljob.task.MyTask#demoJobHandler]-[44]-[xxl-job, JobThread-4-1662601239020] 2022-02-28 21:29:24.200000 market receive order, id = strategy1_46, price = 4729.0, direction = ORDER_DIRECTION.SELL, code = rb999.shfe
2022-09-08 09:41:59 [com.tq.yuxuan.xxljob.task.MyTask#demoJobHandler]-[44]-[xxl-job, JobThread-4-1662601239020] 2022-02-28 21:29:25.100000 account cancel order, id = strategy1_46, price = 4729.0, direction = ORDER_DIRECTION.SELL, code = rb999.shfe
2022-09-08 09:41:59 [com.tq.yuxuan.xxljob.task.MyTask#demoJobHandler]-[44]-[xxl-job, JobThread-4-1662601239020] 2022-02-28 21:29:25.200000 market match order, id = strategy1_46, info = ('strategy1_46', 5, None, None), code = rb999.shfe
2022-09-08 09:41:59 [com.tq.yuxuan.xxljob.task.MyTask#demoJobHandler]-[44]-[xxl-job, JobThread-4-1662601239020] 2022-02-28 21:29:46.100000 account insert order, id = strategy0_30, price = 4730.0, direction = ORDER_DIRECTION.BUY, code = rb999.shfe
2022-09-08 09:41:59 [com.tq.yuxuan.xxljob.task.MyTask#demoJobHandler]-[44]-[xxl-job, JobThread-4-1662601239020] 2022-02-28 21:29:46.200000 market receive order, id = strategy0_30, price = 4730.0, direction = ORDER_DIRECTION.BUY, code = rb999.shfe
2022-09-08 09:41:59 [com.tq.yuxuan.xxljob.task.MyTask#demoJobHandler]-[44]-[xxl-job, JobThread-4-1662601239020] 2022-02-28 21:29:50.100000 account cancel order, id = strategy0_30, price = 4730.0, direction = ORDER_DIRECTION.BUY, code = rb999.shfe
2022-09-08 09:41:59 [com.tq.yuxuan.xxljob.task.MyTask#demoJobHandler]-[44]-[xxl-job, JobThread-4-1662601239020] 2022-02-28 21:29:50.200000 market match order, id = strategy0_30, info = ('strategy0_30', 5, None, None), code = rb999.shfe
2022-09-08 09:41:59 [com.tq.yuxuan.xxljob.task.MyTask#demoJobHandler]-[44]-[xxl-job, JobThread-4-1662601239020] 2022-02-28 21:29:55.100000 account insert order, id = strategy0_31, price = 4730.0, direction = ORDER_DIRECTION.BUY, code = rb999.shfe
2022-09-08 09:41:59 [com.tq.yuxuan.xxljob.task.MyTask#demoJobHandler]-[44]-[xxl-job, JobThread-4-1662601239020] 2022-02-28 21:29:55.200000 market receive order, id = strategy0_31, price = 4730.0, direction = ORDER_DIRECTION.BUY, code = rb999.shfe
2022-09-08 09:41:59 [com.tq.yuxuan.xxljob.task.MyTask#demoJobHandler]-[44]-[xxl-job, JobThread-4-1662601239020] 2022-02-28 21:29:56.100000 account cancel order, id = strategy0_31, price = 4730.0, direction = ORDER_DIRECTION.BUY, code = rb999.shfe
2022-09-08 09:41:59 [com.tq.yuxuan.xxljob.task.MyTask#demoJobHandler]-[44]-[xxl-job, JobThread-4-1662601239020] 2022-02-28 21:29:56.200000 market match order, id = strategy0_31, info = ('strategy0_31', 5, None, None), code = rb999.shfe
2022-09-08 09:41:59 [com.tq.yuxuan.xxljob.task.MyTask#demoJobHandler]-[44]-[xxl-job, JobThread-4-1662601239020] strategy0 {'rb888.shfe': [('strategy0_0', 4, 4717.0, 1), ('strategy0_2', 4, 4725.0, 1), ('strategy0_4', 4, 4730.0, 1), ('strategy0_5', 5, None, None), ('strategy0_7', 5, None, None), ('strategy0_9', 5, None, None), ('strategy0_10', 4, 4724.0, 1), ('strategy0_11', 4, 4724.0, 1), ('strategy0_12', 4, 4727.0, 1), ('strategy0_14', 5, None, None), ('strategy0_16', 4, 4723.0, 1), ('strategy0_18', 4, 4724.0, 1), ('strategy0_19', 4, 4726.0, 1), ('strategy0_20', 5, None, None), ('strategy0_22', 4, 4730.0, 1), ('strategy0_27', 4, 4729.0, 1), ('strategy0_29', 4, 4728.0, 1)], 'rb999.shfe': [('strategy0_1', 4, 4718.0, 1), ('strategy0_3', 5, None, None), ('strategy0_6', 5, None, None), ('strategy0_8', 5, None, None), ('strategy0_13', 5, None, None), ('strategy0_15', 5, None, None), ('strategy0_17', 5, None, None), ('strategy0_21', 5, None, None), ('strategy0_23', 4, 4730.0, 1), ('strategy0_24', 5, None, None), ('strategy0_25', 5, None, None), ('strategy0_26', 5, None, None), ('strategy0_28', 5, None, None), ('strategy0_30', 5, None, None), ('strategy0_31', 5, None, None)]}
2022-09-08 09:41:59 [com.tq.yuxuan.xxljob.task.MyTask#demoJobHandler]-[44]-[xxl-job, JobThread-4-1662601239020] strategy1 {'rb888.shfe': [('strategy1_1', 4, 4724.0, 1), ('strategy1_2', 4, 4724.0, 1), ('strategy1_4', 5, None, None), ('strategy1_6', 5, None, None), ('strategy1_7', 5, None, None), ('strategy1_8', 5, None, None), ('strategy1_13', 5, None, None), ('strategy1_19', 5, None, None), ('strategy1_21', 5, None, None), ('strategy1_22', 4, 4729.0, 1), ('strategy1_24', 5, None, None), ('strategy1_25', 5, None, None), ('strategy1_26', 5, None, None), ('strategy1_28', 5, None, None), ('strategy1_32', 4, 4732.0, 1), ('strategy1_37', 5, None, None), ('strategy1_38', 5, None, None), ('strategy1_41', 5, None, None), ('strategy1_42', 5, None, None), ('strategy1_43', 5, None, None), ('strategy1_44', 5, None, None)], 'rb999.shfe': [('strategy1_0', 4, 4719.0, 1), ('strategy1_3', 4, 4726.0, 1), ('strategy1_5', 5, None, None), ('strategy1_9', 4, 4727.0, 1), ('strategy1_10', 4, 4725.0, 1), ('strategy1_11', 5, None, None), ('strategy1_12', 4, 4722.0, 1), ('strategy1_14', 4, 4726.0, 1), ('strategy1_15', 4, 4726.0, 1), ('strategy1_16', 5, None, None), ('strategy1_17', 5, None, None), ('strategy1_18', 5, None, None), ('strategy1_20', 5, None, None), ('strategy1_23', 4, 4730.0, 1), ('strategy1_27', 5, None, None), ('strategy1_29', 5, None, None), ('strategy1_30', 4, 4729.0, 1), ('strategy1_31', 5, None, None), ('strategy1_33', 5, None, None), ('strategy1_34', 5, None, None), ('strategy1_35', 5, None, None), ('strategy1_36', 5, None, None), ('strategy1_39', 4, 4727.0, 1), ('strategy1_40', 5, None, None), ('strategy1_45', 5, None, None), ('strategy1_46', 5, None, None)]}
2022-09-08 09:42:00 [com.tq.yuxuan.xxljob.task.MyTask#demoJobHandler]-[54]-[xxl-job, JobThread-4-1662601239020] TransQuant tick回测任务完成.
2022-09-08 09:42:00 [com.xxl.job.core.thread.JobThread#run]-[179]-[xxl-job, JobThread-4-1662601239020] <br>----------- xxl-job job execute end(finish) -----------<br>----------- Result: handleCode=200, handleMsg = null
2022-09-08 09:42:00 [com.xxl.job.core.thread.TriggerCallbackThread#callbackLog]-[197]-[xxl-job, executor TriggerCallbackThread] <br>----------- xxl-job job callback finish.
