2022-09-15 16:14:31 [com.xxl.job.core.thread.JobThread#run]-[133]-[xxl-job, JobThread-6-1663229671118] <br>----------- xxl-job job execute start -----------<br>----------- Param:
2022-09-15 16:14:31 [com.xxl.job.core.handler.impl.ScriptJobHandler#execute]-[80]-[xxl-job, JobThread-6-1663229671118] ----------- script file:./data/applogs/xxl-job/jobhandler/gluesource/6_1662601072000.py -----------
inserting match-info timestep events...
inserting market timestep events...
inserting match-info timestep events...
2021-07-01 10:00:00.100000 account insert order, id = strategy1_0, price = 22.9331, direction = ORDER_DIRECTION.SELL, code = 000002.SZSE
2021-07-01 10:00:00.200000 market receive order, id = strategy1_0, price = 22.9331, direction = ORDER_DIRECTION.SELL, code = 000002.SZSE
2021-07-01 10:30:00.100000 market match order, id = strategy1_0, info = ('strategy1_0', 4, 22.9331, 100), code = 000002.SZSE
2021-07-01 11:30:00.100000 account insert order, id = strategy1_1, price = 23.075, direction = ORDER_DIRECTION.BUY, code = 000002.SZSE
2021-07-01 11:30:00.200000 market receive order, id = strategy1_1, price = 23.075, direction = ORDER_DIRECTION.BUY, code = 000002.SZSE
2021-07-02 10:00:00.100000 market match order, id = strategy1_1, info = ('strategy1_1', 4, 23.075, 100), code = 000002.SZSE
2021-07-02 14:30:00.100000 account insert order, id = strategy1_2, price = 240.9419, direction = ORDER_DIRECTION.BUY, code = 002594.SZSE
2021-07-02 14:30:00.200000 market receive order, id = strategy1_2, price = 240.9419, direction = ORDER_DIRECTION.BUY, code = 002594.SZSE
2021-07-02 15:00:00.100000 market match order, id = strategy1_2, info = ('strategy1_2', 4, 240.9419, 100), code = 002594.SZSE
2021-07-05 11:00:00.100000 account insert order, id = strategy0_0, price = 22.3941, direction = ORDER_DIRECTION.BUY, code = 000002.SZSE
2021-07-05 11:00:00.200000 market receive order, id = strategy0_0, price = 22.3941, direction = ORDER_DIRECTION.BUY, code = 000002.SZSE
2021-07-05 11:30:00.100000 market match order, id = strategy0_0, info = ('strategy0_0', 4, 22.3941, 100), code = 000002.SZSE
2021-07-05 14:00:00.100000 account insert order, id = strategy1_3, price = 248.858, direction = ORDER_DIRECTION.SELL, code = 002594.SZSE
2021-07-05 14:00:00.200000 market receive order, id = strategy1_3, price = 248.858, direction = ORDER_DIRECTION.SELL, code = 002594.SZSE
2021-07-05 14:30:00.100000 market match order, id = strategy1_3, info = ('strategy1_3', 4, 248.858, 100), code = 002594.SZSE
2021-07-05 15:00:00.100000 account insert order, id = strategy0_1, price = 249.4277, direction = ORDER_DIRECTION.BUY, code = 002594.SZSE
2021-07-05 15:00:00.200000 market receive order, id = strategy0_1, price = 249.4277, direction = ORDER_DIRECTION.BUY, code = 002594.SZSE
2021-07-06 10:30:00.100000 account insert order, id = strategy1_4, price = 255.7846, direction = ORDER_DIRECTION.BUY, code = 002594.SZSE
2021-07-06 10:30:00.200000 market receive order, id = strategy1_4, price = 255.7846, direction = ORDER_DIRECTION.BUY, code = 002594.SZSE
2021-07-06 11:00:00.100000 account insert order, id = strategy0_2, price = 251.9765, direction = ORDER_DIRECTION.SELL, code = 002594.SZSE
2021-07-06 11:00:00.100000 market match order, id = strategy1_4, info = ('strategy1_4', 4, 255.7846, 100), code = 002594.SZSE
2021-07-06 11:00:00.200000 market receive order, id = strategy0_2, price = 251.9765, direction = ORDER_DIRECTION.SELL, code = 002594.SZSE
2021-07-06 11:30:00.100000 account insert order, id = strategy0_3, price = 23.283, direction = ORDER_DIRECTION.BUY, code = 000002.SZSE
2021-07-06 11:30:00.100000 account insert order, id = strategy1_5, price = 251.8765, direction = ORDER_DIRECTION.SELL, code = 002594.SZSE
2021-07-06 11:30:00.100000 market match order, id = strategy0_1, info = ('strategy0_1', 4, 249.4277, 100), code = 002594.SZSE
2021-07-06 11:30:00.100000 market match order, id = strategy0_2, info = ('strategy0_2', 4, 251.9765, 100), code = 002594.SZSE
2021-07-06 11:30:00.200000 market receive order, id = strategy0_3, price = 23.283, direction = ORDER_DIRECTION.BUY, code = 000002.SZSE
2021-07-06 11:30:00.200000 market receive order, id = strategy1_5, price = 251.8765, direction = ORDER_DIRECTION.SELL, code = 002594.SZSE
2021-07-06 13:30:00.100000 market match order, id = strategy0_3, info = ('strategy0_3', 4, 23.283, 100), code = 000002.SZSE
2021-07-06 13:30:00.100000 market match order, id = strategy1_5, info = ('strategy1_5', 4, 251.8765, 100), code = 002594.SZSE
2021-07-06 14:30:00.100000 account insert order, id = strategy0_4, price = 23.1506, direction = ORDER_DIRECTION.SELL, code = 000002.SZSE
2021-07-06 14:30:00.100000 account insert order, id = strategy1_6, price = 23.1506, direction = ORDER_DIRECTION.SELL, code = 000002.SZSE
2021-07-06 14:30:00.200000 market receive order, id = strategy0_4, price = 23.1506, direction = ORDER_DIRECTION.SELL, code = 000002.SZSE
2021-07-06 14:30:00.200000 market receive order, id = strategy1_6, price = 23.1506, direction = ORDER_DIRECTION.SELL, code = 000002.SZSE
2021-07-06 15:00:00.100000 market match order, id = strategy0_4, info = ('strategy0_4', 4, 23.1506, 100), code = 000002.SZSE
2021-07-06 15:00:00.100000 market match order, id = strategy1_6, info = ('strategy1_6', 4, 23.1506, 100), code = 000002.SZSE
2021-07-07 11:00:00.100000 account insert order, id = strategy0_5, price = 251.3768, direction = ORDER_DIRECTION.SELL, code = 002594.SZSE
2021-07-07 11:00:00.200000 market receive order, id = strategy0_5, price = 251.3768, direction = ORDER_DIRECTION.SELL, code = 002594.SZSE
2021-07-07 11:30:00.100000 account insert order, id = strategy1_7, price = 253.016, direction = ORDER_DIRECTION.SELL, code = 002594.SZSE
2021-07-07 11:30:00.100000 market match order, id = strategy0_5, info = ('strategy0_5', 4, 251.3768, 100), code = 002594.SZSE
2021-07-07 11:30:00.200000 market receive order, id = strategy1_7, price = 253.016, direction = ORDER_DIRECTION.SELL, code = 002594.SZSE
2021-07-07 13:30:00.100000 account insert order, id = strategy0_6, price = 22.7251, direction = ORDER_DIRECTION.SELL, code = 000002.SZSE
2021-07-07 13:30:00.100000 market match order, id = strategy1_7, info = ('strategy1_7', 4, 253.016, 100), code = 002594.SZSE
2021-07-07 13:30:00.200000 market receive order, id = strategy0_6, price = 22.7251, direction = ORDER_DIRECTION.SELL, code = 000002.SZSE
2021-07-07 14:00:00.100000 market match order, id = strategy0_6, info = ('strategy0_6', 4, 22.7251, 100), code = 000002.SZSE
2021-07-07 14:30:00.100000 account insert order, id = strategy1_8, price = 22.7535, direction = ORDER_DIRECTION.SELL, code = 000002.SZSE
2021-07-07 14:30:00.200000 market receive order, id = strategy1_8, price = 22.7535, direction = ORDER_DIRECTION.SELL, code = 000002.SZSE
2021-07-07 15:00:00.100000 account insert order, id = strategy0_7, price = 254.965, direction = ORDER_DIRECTION.BUY, code = 002594.SZSE
2021-07-07 15:00:00.100000 market match order, id = strategy1_8, info = ('strategy1_8', 4, 22.7535, 100), code = 000002.SZSE
2021-07-07 15:00:00.200000 market receive order, id = strategy0_7, price = 254.965, direction = ORDER_DIRECTION.BUY, code = 002594.SZSE
2021-07-08 10:00:00.100000 market match order, id = strategy0_7, info = ('strategy0_7', 4, 254.965, 100), code = 002594.SZSE
2021-07-08 13:30:00.100000 account insert order, id = strategy1_9, price = 256.944, direction = ORDER_DIRECTION.BUY, code = 002594.SZSE
2021-07-08 13:30:00.200000 market receive order, id = strategy1_9, price = 256.944, direction = ORDER_DIRECTION.BUY, code = 002594.SZSE
2021-07-08 14:00:00.100000 market match order, id = strategy1_9, info = ('strategy1_9', 4, 256.944, 100), code = 002594.SZSE
2021-07-08 14:30:00.100000 account insert order, id = strategy0_8, price = 22.7535, direction = ORDER_DIRECTION.SELL, code = 000002.SZSE
2021-07-08 14:30:00.200000 market receive order, id = strategy0_8, price = 22.7535, direction = ORDER_DIRECTION.SELL, code = 000002.SZSE
2021-07-08 15:00:00.100000 market match order, id = strategy0_8, info = ('strategy0_8', 4, 22.7535, 100), code = 000002.SZSE
2021-07-09 11:30:00.100000 account insert order, id = strategy1_10, price = 247.3787, direction = ORDER_DIRECTION.SELL, code = 002594.SZSE
2021-07-09 11:30:00.200000 market receive order, id = strategy1_10, price = 247.3787, direction = ORDER_DIRECTION.SELL, code = 002594.SZSE
2021-07-09 13:30:00.100000 market match order, id = strategy1_10, info = ('strategy1_10', 4, 247.3787, 100), code = 002594.SZSE
2021-07-12 11:30:00.100000 account insert order, id = strategy1_11, price = 269.1481, direction = ORDER_DIRECTION.SELL, code = 002594.SZSE
2021-07-12 11:30:00.200000 market receive order, id = strategy1_11, price = 269.1481, direction = ORDER_DIRECTION.SELL, code = 002594.SZSE
2021-07-12 13:30:00.100000 market match order, id = strategy1_11, info = ('strategy1_11', 4, 269.1481, 100), code = 002594.SZSE
2021-07-13 10:30:00.100000 account insert order, id = strategy0_9, price = 265.0001, direction = ORDER_DIRECTION.BUY, code = 002594.SZSE
2021-07-13 10:30:00.100000 account insert order, id = strategy1_12, price = 265.0001, direction = ORDER_DIRECTION.BUY, code = 002594.SZSE
2021-07-13 10:30:00.200000 market receive order, id = strategy0_9, price = 265.0001, direction = ORDER_DIRECTION.BUY, code = 002594.SZSE
2021-07-13 10:30:00.200000 market receive order, id = strategy1_12, price = 265.0001, direction = ORDER_DIRECTION.BUY, code = 002594.SZSE
2021-07-13 11:00:00.100000 market match order, id = strategy0_9, info = ('strategy0_9', 4, 265.0001, 100), code = 002594.SZSE
2021-07-13 11:00:00.100000 market match order, id = strategy1_12, info = ('strategy1_12', 4, 265.0001, 100), code = 002594.SZSE
2021-07-13 11:30:00.100000 account insert order, id = strategy0_10, price = 22.5832, direction = ORDER_DIRECTION.SELL, code = 000002.SZSE
2021-07-13 11:30:00.200000 market receive order, id = strategy0_10, price = 22.5832, direction = ORDER_DIRECTION.SELL, code = 000002.SZSE
2021-07-13 13:30:00.100000 market match order, id = strategy0_10, info = ('strategy0_10', 4, 22.5832, 100), code = 000002.SZSE
2021-07-13 14:00:00.100000 account insert order, id = strategy1_13, price = 22.5549, direction = ORDER_DIRECTION.BUY, code = 000002.SZSE
2021-07-13 14:00:00.200000 market receive order, id = strategy1_13, price = 22.5549, direction = ORDER_DIRECTION.BUY, code = 000002.SZSE
2021-07-13 14:30:00.100000 market match order, id = strategy1_13, info = ('strategy1_13', 4, 22.5549, 100), code = 000002.SZSE
2021-07-14 11:00:00.100000 account insert order, id = strategy0_11, price = 249.7576, direction = ORDER_DIRECTION.SELL, code = 002594.SZSE
2021-07-14 11:00:00.200000 market receive order, id = strategy0_11, price = 249.7576, direction = ORDER_DIRECTION.SELL, code = 002594.SZSE
2021-07-14 11:30:00.100000 market match order, id = strategy0_11, info = ('strategy0_11', 4, 249.7576, 100), code = 002594.SZSE
2021-07-15 10:00:00.100000 account insert order, id = strategy0_12, price = 240.782, direction = ORDER_DIRECTION.SELL, code = 002594.SZSE
2021-07-15 10:00:00.200000 market receive order, id = strategy0_12, price = 240.782, direction = ORDER_DIRECTION.SELL, code = 002594.SZSE
2021-07-15 10:30:00.100000 account insert order, id = strategy0_13, price = 22.186, direction = ORDER_DIRECTION.BUY, code = 000002.SZSE
2021-07-15 10:30:00.100000 market match order, id = strategy0_12, info = ('strategy0_12', 4, 240.782, 100), code = 002594.SZSE
2021-07-15 10:30:00.200000 market receive order, id = strategy0_13, price = 22.186, direction = ORDER_DIRECTION.BUY, code = 000002.SZSE
2021-07-15 11:00:00.100000 account insert order, id = strategy0_14, price = 235.9343, direction = ORDER_DIRECTION.BUY, code = 002594.SZSE
2021-07-15 11:00:00.100000 market match order, id = strategy0_13, info = ('strategy0_13', 4, 22.186, 100), code = 000002.SZSE
2021-07-15 11:00:00.200000 market receive order, id = strategy0_14, price = 235.9343, direction = ORDER_DIRECTION.BUY, code = 002594.SZSE
2021-07-15 11:30:00.100000 market match order, id = strategy0_14, info = ('strategy0_14', 4, 235.9343, 100), code = 002594.SZSE
2021-07-16 10:00:00.100000 account insert order, id = strategy0_15, price = 228.5679, direction = ORDER_DIRECTION.SELL, code = 002594.SZSE
2021-07-16 10:00:00.200000 market receive order, id = strategy0_15, price = 228.5679, direction = ORDER_DIRECTION.SELL, code = 002594.SZSE
2021-07-16 10:30:00.100000 account insert order, id = strategy0_16, price = 230.2771, direction = ORDER_DIRECTION.SELL, code = 002594.SZSE
2021-07-16 10:30:00.100000 market match order, id = strategy0_15, info = ('strategy0_15', 4, 228.5679, 100), code = 002594.SZSE
2021-07-16 10:30:00.200000 market receive order, id = strategy0_16, price = 230.2771, direction = ORDER_DIRECTION.SELL, code = 002594.SZSE
2021-07-16 11:30:00.100000 account insert order, id = strategy1_14, price = 228.2381, direction = ORDER_DIRECTION.SELL, code = 002594.SZSE
2021-07-16 11:30:00.200000 market receive order, id = strategy1_14, price = 228.2381, direction = ORDER_DIRECTION.SELL, code = 002594.SZSE
2021-07-16 13:30:00.100000 market match order, id = strategy0_16, info = ('strategy0_16', 4, 230.2771, 100), code = 002594.SZSE
2021-07-16 13:30:00.100000 market match order, id = strategy1_14, info = ('strategy1_14', 4, 228.2381, 100), code = 002594.SZSE
2021-07-16 14:30:00.100000 account insert order, id = strategy0_17, price = 224.8997, direction = ORDER_DIRECTION.BUY, code = 002594.SZSE
2021-07-16 14:30:00.200000 market receive order, id = strategy0_17, price = 224.8997, direction = ORDER_DIRECTION.BUY, code = 002594.SZSE
2021-07-16 15:00:00.100000 account insert order, id = strategy0_18, price = 22.6494, direction = ORDER_DIRECTION.BUY, code = 000002.SZSE
2021-07-16 15:00:00.100000 market match order, id = strategy0_17, info = ('strategy0_17', 4, 224.8997, 100), code = 002594.SZSE
2021-07-16 15:00:00.200000 market receive order, id = strategy0_18, price = 22.6494, direction = ORDER_DIRECTION.BUY, code = 000002.SZSE
2021-07-19 10:00:00.100000 market match order, id = strategy0_18, info = ('strategy0_18', 4, 22.6494, 100), code = 000002.SZSE
2021-07-19 11:30:00.100000 account insert order, id = strategy1_15, price = 226.0792, direction = ORDER_DIRECTION.BUY, code = 002594.SZSE
2021-07-19 11:30:00.200000 market receive order, id = strategy1_15, price = 226.0792, direction = ORDER_DIRECTION.BUY, code = 002594.SZSE
2021-07-19 13:30:00.100000 market match order, id = strategy1_15, info = ('strategy1_15', 4, 226.0792, 100), code = 002594.SZSE
2021-07-19 14:00:00.100000 account insert order, id = strategy0_19, price = 22.1293, direction = ORDER_DIRECTION.BUY, code = 000002.SZSE
2021-07-19 14:00:00.200000 market receive order, id = strategy0_19, price = 22.1293, direction = ORDER_DIRECTION.BUY, code = 000002.SZSE
2021-07-19 14:30:00.100000 market match order, id = strategy0_19, info = ('strategy0_19', 4, 22.1293, 100), code = 000002.SZSE
2021-07-20 11:00:00.100000 account insert order, id = strategy0_20, price = 21.874000000000002, direction = ORDER_DIRECTION.SELL, code = 000002.SZSE
2021-07-20 11:00:00.200000 market receive order, id = strategy0_20, price = 21.874000000000002, direction = ORDER_DIRECTION.SELL, code = 000002.SZSE
2021-07-20 14:30:00.100000 market match order, id = strategy0_20, info = ('strategy0_20', 4, 21.874000000000002, 100), code = 000002.SZSE
2021-07-21 10:00:00.100000 account insert order, id = strategy1_16, price = 236.3841, direction = ORDER_DIRECTION.SELL, code = 002594.SZSE
2021-07-21 10:00:00.200000 market receive order, id = strategy1_16, price = 236.3841, direction = ORDER_DIRECTION.SELL, code = 002594.SZSE
2021-07-21 10:30:00.100000 market match order, id = strategy1_16, info = ('strategy1_16', 4, 236.3841, 100), code = 002594.SZSE
2021-07-21 11:30:00.100000 account insert order, id = strategy0_21, price = 21.4484, direction = ORDER_DIRECTION.SELL, code = 000002.SZSE
2021-07-21 11:30:00.200000 market receive order, id = strategy0_21, price = 21.4484, direction = ORDER_DIRECTION.SELL, code = 000002.SZSE
2021-07-21 13:30:00.100000 market match order, id = strategy0_21, info = ('strategy0_21', 4, 21.4484, 100), code = 000002.SZSE
2021-07-22 14:00:00.100000 account insert order, id = strategy0_22, price = 247.4787, direction = ORDER_DIRECTION.SELL, code = 002594.SZSE
2021-07-22 14:00:00.200000 market receive order, id = strategy0_22, price = 247.4787, direction = ORDER_DIRECTION.SELL, code = 002594.SZSE
2021-07-22 14:30:00.100000 account insert order, id = strategy1_17, price = 247.7885, direction = ORDER_DIRECTION.SELL, code = 002594.SZSE
2021-07-22 14:30:00.100000 market match order, id = strategy0_22, info = ('strategy0_22', 4, 247.4787, 100), code = 002594.SZSE
2021-07-22 14:30:00.200000 market receive order, id = strategy1_17, price = 247.7885, direction = ORDER_DIRECTION.SELL, code = 002594.SZSE
2021-07-22 15:00:00.100000 market match order, id = strategy1_17, info = ('strategy1_17', 4, 247.7885, 100), code = 002594.SZSE
2021-07-23 14:30:00.100000 account insert order, id = strategy0_23, price = 21.8361, direction = ORDER_DIRECTION.BUY, code = 000002.SZSE
2021-07-23 14:30:00.200000 market receive order, id = strategy0_23, price = 21.8361, direction = ORDER_DIRECTION.BUY, code = 000002.SZSE
2021-07-23 15:00:00.100000 account insert order, id = strategy1_18, price = 258.5532, direction = ORDER_DIRECTION.BUY, code = 002594.SZSE
2021-07-23 15:00:00.100000 market match order, id = strategy0_23, info = ('strategy0_23', 4, 21.8361, 100), code = 000002.SZSE
2021-07-23 15:00:00.200000 market receive order, id = strategy1_18, price = 258.5532, direction = ORDER_DIRECTION.BUY, code = 002594.SZSE
2021-07-26 10:00:00.100000 account insert order, id = strategy1_19, price = 21.0323, direction = ORDER_DIRECTION.BUY, code = 000002.SZSE
2021-07-26 10:00:00.100000 market match order, id = strategy1_18, info = ('strategy1_18', 4, 258.5532, 100), code = 002594.SZSE
2021-07-26 10:00:00.200000 market receive order, id = strategy1_19, price = 21.0323, direction = ORDER_DIRECTION.BUY, code = 000002.SZSE
2021-07-26 10:30:00.100000 market match order, id = strategy1_19, info = ('strategy1_19', 4, 21.0323, 100), code = 000002.SZSE
2021-07-26 15:00:00.100000 account insert order, id = strategy0_24, price = 20.2001, direction = ORDER_DIRECTION.SELL, code = 000002.SZSE
2021-07-26 15:00:00.200000 market receive order, id = strategy0_24, price = 20.2001, direction = ORDER_DIRECTION.SELL, code = 000002.SZSE
2021-07-27 11:00:00.100000 account insert order, id = strategy1_20, price = 252.3763, direction = ORDER_DIRECTION.SELL, code = 002594.SZSE
2021-07-27 11:00:00.200000 market receive order, id = strategy1_20, price = 252.3763, direction = ORDER_DIRECTION.SELL, code = 002594.SZSE
2021-07-27 11:30:00.100000 market match order, id = strategy1_20, info = ('strategy1_20', 4, 252.3763, 100), code = 002594.SZSE
2021-07-27 13:30:00.100000 account insert order, id = strategy0_25, price = 19.3489, direction = ORDER_DIRECTION.BUY, code = 000002.SZSE
2021-07-27 13:30:00.200000 market receive order, id = strategy0_25, price = 19.3489, direction = ORDER_DIRECTION.BUY, code = 000002.SZSE
2021-07-27 14:00:00.100000 market match order, id = strategy0_25, info = ('strategy0_25', 4, 19.3489, 100), code = 000002.SZSE
2021-07-28 11:00:00.100000 account insert order, id = strategy0_26, price = 19.1125, direction = ORDER_DIRECTION.SELL, code = 000002.SZSE
2021-07-28 11:00:00.200000 market receive order, id = strategy0_26, price = 19.1125, direction = ORDER_DIRECTION.SELL, code = 000002.SZSE
2021-07-28 11:30:00.100000 account insert order, id = strategy0_27, price = 19.3111, direction = ORDER_DIRECTION.BUY, code = 000002.SZSE
2021-07-28 11:30:00.100000 market match order, id = strategy0_26, info = ('strategy0_26', 4, 19.1125, 100), code = 000002.SZSE
2021-07-28 11:30:00.200000 market receive order, id = strategy0_27, price = 19.3111, direction = ORDER_DIRECTION.BUY, code = 000002.SZSE
2021-07-28 15:00:00.100000 account insert order, id = strategy0_28, price = 19.3773, direction = ORDER_DIRECTION.SELL, code = 000002.SZSE
2021-07-28 15:00:00.200000 market receive order, id = strategy0_28, price = 19.3773, direction = ORDER_DIRECTION.SELL, code = 000002.SZSE
2021-07-29 10:00:00.100000 account insert order, id = strategy0_29, price = 19.5475, direction = ORDER_DIRECTION.SELL, code = 000002.SZSE
2021-07-29 10:00:00.100000 market match order, id = strategy0_28, info = ('strategy0_28', 4, 19.3773, 100), code = 000002.SZSE
2021-07-29 10:00:00.200000 market receive order, id = strategy0_29, price = 19.5475, direction = ORDER_DIRECTION.SELL, code = 000002.SZSE
2021-07-29 10:30:00.100000 account insert order, id = strategy1_21, price = 245.7795, direction = ORDER_DIRECTION.SELL, code = 002594.SZSE
2021-07-29 10:30:00.100000 market match order, id = strategy0_27, info = ('strategy0_27', 4, 19.3111, 100), code = 000002.SZSE
2021-07-29 10:30:00.100000 market match order, id = strategy0_29, info = ('strategy0_29', 4, 19.5475, 100), code = 000002.SZSE
2021-07-29 10:30:00.200000 market receive order, id = strategy1_21, price = 245.7795, direction = ORDER_DIRECTION.SELL, code = 002594.SZSE
2021-07-29 11:00:00.100000 market match order, id = strategy1_21, info = ('strategy1_21', 4, 245.7795, 100), code = 002594.SZSE
2021-07-29 13:30:00.100000 account insert order, id = strategy0_30, price = 255.3848, direction = ORDER_DIRECTION.SELL, code = 002594.SZSE
2021-07-29 13:30:00.200000 market receive order, id = strategy0_30, price = 255.3848, direction = ORDER_DIRECTION.SELL, code = 002594.SZSE
2021-07-29 14:00:00.100000 market match order, id = strategy0_30, info = ('strategy0_30', 4, 255.3848, 100), code = 002594.SZSE
2021-07-29 14:30:00.100000 account insert order, id = strategy0_31, price = 254.3753, direction = ORDER_DIRECTION.SELL, code = 002594.SZSE
2021-07-29 14:30:00.200000 market receive order, id = strategy0_31, price = 254.3753, direction = ORDER_DIRECTION.SELL, code = 002594.SZSE
2021-07-29 15:00:00.100000 market match order, id = strategy0_31, info = ('strategy0_31', 4, 254.3753, 100), code = 002594.SZSE
2022-09-15 16:14:38 [com.xxl.job.core.thread.JobThread#run]-[179]-[xxl-job, JobThread-6-1663229671118] <br>----------- xxl-job job execute end(finish) -----------<br>----------- Result: handleCode=200, handleMsg = null
2022-09-15 16:14:38 [com.xxl.job.core.thread.TriggerCallbackThread#callbackLog]-[197]-[xxl-job, executor TriggerCallbackThread] <br>----------- xxl-job job callback finish.
