2022-09-15 16:52:46 [com.xxl.job.core.thread.JobThread#run]-[133]-[xxl-job, JobThread-5-1663231966850] <br>----------- xxl-job job execute start -----------<br>----------- Param:
2022-09-15 16:52:46 [com.tq.yuxuan.xxljob.task.MyTask#demoJobHandler]-[30]-[xxl-job, JobThread-5-1663231966850] TransQuant tick回测任务启动.
2022-09-15 16:52:46 [com.tq.yuxuan.xxljob.task.MyTask#demoJobHandler]-[36]-[xxl-job, JobThread-5-1663231966850] 分片参数：当前分片序号 = 0, 总分片数 = 2
2022-09-15 16:52:54 [com.tq.yuxuan.xxljob.task.MyTask#demoJobHandler]-[45]-[xxl-job, JobThread-5-1663231966850] inserting match-info timestep events...
2022-09-15 16:52:54 [com.tq.yuxuan.xxljob.task.MyTask#demoJobHandler]-[45]-[xxl-job, JobThread-5-1663231966850] inserting market timestep events...
2022-09-15 16:52:54 [com.tq.yuxuan.xxljob.task.MyTask#demoJobHandler]-[45]-[xxl-job, JobThread-5-1663231966850] inserting match-info timestep events...
2022-09-15 16:52:54 [com.tq.yuxuan.xxljob.task.MyTask#demoJobHandler]-[45]-[xxl-job, JobThread-5-1663231966850] 2022-02-28 21:00:20.100000 account insert order, id = strategy1_0, price = 4719.0, direction = ORDER_DIRECTION.BUY, code = rb888.shfe
2022-09-15 16:52:54 [com.tq.yuxuan.xxljob.task.MyTask#demoJobHandler]-[45]-[xxl-job, JobThread-5-1663231966850] 2022-02-28 21:00:20.200000 market receive order, id = strategy1_0, price = 4719.0, direction = ORDER_DIRECTION.BUY, code = rb888.shfe
2022-09-15 16:52:54 [com.tq.yuxuan.xxljob.task.MyTask#demoJobHandler]-[45]-[xxl-job, JobThread-5-1663231966850] 2022-02-28 21:00:21.100000 market match order, id = strategy1_0, info = ('strategy1_0', 4, 4718.0, 1), code = rb888.shfe
2022-09-15 16:52:54 [com.tq.yuxuan.xxljob.task.MyTask#demoJobHandler]-[45]-[xxl-job, JobThread-5-1663231966850] 2022-02-28 21:00:31.100000 account insert order, id = strategy0_0, price = 4716.0, direction = ORDER_DIRECTION.BUY, code = rb999.shfe
2022-09-15 16:52:54 [com.tq.yuxuan.xxljob.task.MyTask#demoJobHandler]-[45]-[xxl-job, JobThread-5-1663231966850] 2022-02-28 21:00:31.200000 market receive order, id = strategy0_0, price = 4716.0, direction = ORDER_DIRECTION.BUY, code = rb999.shfe
2022-09-15 16:52:54 [com.tq.yuxuan.xxljob.task.MyTask#demoJobHandler]-[45]-[xxl-job, JobThread-5-1663231966850] 2022-02-28 21:00:35.100000 account cancel order, id = strategy0_0, price = 4716.0, direction = ORDER_DIRECTION.BUY, code = rb999.shfe
2022-09-15 16:52:54 [com.tq.yuxuan.xxljob.task.MyTask#demoJobHandler]-[45]-[xxl-job, JobThread-5-1663231966850] 2022-02-28 21:00:35.200000 market match order, id = strategy0_0, info = ('strategy0_0', 5, None, None), code = rb999.shfe
2022-09-15 16:52:54 [com.tq.yuxuan.xxljob.task.MyTask#demoJobHandler]-[45]-[xxl-job, JobThread-5-1663231966850] 2022-02-28 21:00:41.100000 account insert order, id = strategy0_1, price = 4719.0, direction = ORDER_DIRECTION.SELL, code = rb999.shfe
2022-09-15 16:52:54 [com.tq.yuxuan.xxljob.task.MyTask#demoJobHandler]-[45]-[xxl-job, JobThread-5-1663231966850] 2022-02-28 21:00:41.200000 market receive order, id = strategy0_1, price = 4719.0, direction = ORDER_DIRECTION.SELL, code = rb999.shfe
2022-09-15 16:52:54 [com.tq.yuxuan.xxljob.task.MyTask#demoJobHandler]-[45]-[xxl-job, JobThread-5-1663231966850] 2022-02-28 21:00:44.100000 account cancel order, id = strategy0_1, price = 4719.0, direction = ORDER_DIRECTION.SELL, code = rb999.shfe
2022-09-15 16:52:54 [com.tq.yuxuan.xxljob.task.MyTask#demoJobHandler]-[45]-[xxl-job, JobThread-5-1663231966850] 2022-02-28 21:00:44.200000 market match order, id = strategy0_1, info = ('strategy0_1', 5, None, None), code = rb999.shfe
2022-09-15 16:52:54 [com.tq.yuxuan.xxljob.task.MyTask#demoJobHandler]-[45]-[xxl-job, JobThread-5-1663231966850] 2022-02-28 21:00:48.100000 account insert order, id = strategy0_2, price = 4716.0, direction = ORDER_DIRECTION.SELL, code = rb999.shfe
2022-09-15 16:52:54 [com.tq.yuxuan.xxljob.task.MyTask#demoJobHandler]-[45]-[xxl-job, JobThread-5-1663231966850] 2022-02-28 21:00:48.200000 market receive order, id = strategy0_2, price = 4716.0, direction = ORDER_DIRECTION.SELL, code = rb999.shfe
2022-09-15 16:52:54 [com.tq.yuxuan.xxljob.task.MyTask#demoJobHandler]-[45]-[xxl-job, JobThread-5-1663231966850] 2022-02-28 21:00:49.100000 account cancel order, id = strategy0_2, price = 4716.0, direction = ORDER_DIRECTION.SELL, code = rb999.shfe
2022-09-15 16:52:54 [com.tq.yuxuan.xxljob.task.MyTask#demoJobHandler]-[45]-[xxl-job, JobThread-5-1663231966850] 2022-02-28 21:00:49.200000 market match order, id = strategy0_2, info = ('strategy0_2', 5, None, None), code = rb999.shfe
2022-09-15 16:52:54 [com.tq.yuxuan.xxljob.task.MyTask#demoJobHandler]-[45]-[xxl-job, JobThread-5-1663231966850] 2022-02-28 21:01:01.100000 account insert order, id = strategy1_1, price = 4719.0, direction = ORDER_DIRECTION.BUY, code = rb999.shfe
2022-09-15 16:52:54 [com.tq.yuxuan.xxljob.task.MyTask#demoJobHandler]-[45]-[xxl-job, JobThread-5-1663231966850] 2022-02-28 21:01:01.200000 market receive order, id = strategy1_1, price = 4719.0, direction = ORDER_DIRECTION.BUY, code = rb999.shfe
2022-09-15 16:52:54 [com.tq.yuxuan.xxljob.task.MyTask#demoJobHandler]-[45]-[xxl-job, JobThread-5-1663231966850] 2022-02-28 21:01:04.100000 market match order, id = strategy1_1, info = ('strategy1_1', 4, 4719.0, 1), code = rb999.shfe
2022-09-15 16:52:54 [com.tq.yuxuan.xxljob.task.MyTask#demoJobHandler]-[45]-[xxl-job, JobThread-5-1663231966850] 2022-02-28 21:01:30.100000 account insert order, id = strategy0_3, price = 4724.0, direction = ORDER_DIRECTION.SELL, code = rb999.shfe
2022-09-15 16:52:54 [com.tq.yuxuan.xxljob.task.MyTask#demoJobHandler]-[45]-[xxl-job, JobThread-5-1663231966850] 2022-02-28 21:01:30.200000 market receive order, id = strategy0_3, price = 4724.0, direction = ORDER_DIRECTION.SELL, code = rb999.shfe
2022-09-15 16:52:54 [com.tq.yuxuan.xxljob.task.MyTask#demoJobHandler]-[45]-[xxl-job, JobThread-5-1663231966850] 2022-02-28 21:01:31.100000 market match order, id = strategy0_3, info = ('strategy0_3', 4, 4724.0, 1), code = rb999.shfe
2022-09-15 16:52:54 [com.tq.yuxuan.xxljob.task.MyTask#demoJobHandler]-[45]-[xxl-job, JobThread-5-1663231966850] 2022-02-28 21:01:50.100000 account insert order, id = strategy1_2, price = 4725.0, direction = ORDER_DIRECTION.SELL, code = rb888.shfe
2022-09-15 16:52:54 [com.tq.yuxuan.xxljob.task.MyTask#demoJobHandler]-[45]-[xxl-job, JobThread-5-1663231966850] 2022-02-28 21:01:50.200000 market receive order, id = strategy1_2, price = 4725.0, direction = ORDER_DIRECTION.SELL, code = rb888.shfe
2022-09-15 16:52:54 [com.tq.yuxuan.xxljob.task.MyTask#demoJobHandler]-[45]-[xxl-job, JobThread-5-1663231966850] 2022-02-28 21:01:51.100000 account cancel order, id = strategy1_2, price = 4725.0, direction = ORDER_DIRECTION.SELL, code = rb888.shfe
2022-09-15 16:52:54 [com.tq.yuxuan.xxljob.task.MyTask#demoJobHandler]-[45]-[xxl-job, JobThread-5-1663231966850] 2022-02-28 21:01:51.200000 market match order, id = strategy1_2, info = ('strategy1_2', 5, None, None), code = rb888.shfe
2022-09-15 16:52:54 [com.tq.yuxuan.xxljob.task.MyTask#demoJobHandler]-[45]-[xxl-job, JobThread-5-1663231966850] 2022-02-28 21:02:00.100000 account insert order, id = strategy0_4, price = 4724.0, direction = ORDER_DIRECTION.BUY, code = rb999.shfe
2022-09-15 16:52:54 [com.tq.yuxuan.xxljob.task.MyTask#demoJobHandler]-[45]-[xxl-job, JobThread-5-1663231966850] 2022-02-28 21:02:00.200000 market receive order, id = strategy0_4, price = 4724.0, direction = ORDER_DIRECTION.BUY, code = rb999.shfe
2022-09-15 16:52:54 [com.tq.yuxuan.xxljob.task.MyTask#demoJobHandler]-[45]-[xxl-job, JobThread-5-1663231966850] 2022-02-28 21:02:01.100000 account cancel order, id = strategy0_4, price = 4724.0, direction = ORDER_DIRECTION.BUY, code = rb999.shfe
2022-09-15 16:52:54 [com.tq.yuxuan.xxljob.task.MyTask#demoJobHandler]-[45]-[xxl-job, JobThread-5-1663231966850] 2022-02-28 21:02:01.200000 market match order, id = strategy0_4, info = ('strategy0_4', 5, None, None), code = rb999.shfe
2022-09-15 16:52:54 [com.tq.yuxuan.xxljob.task.MyTask#demoJobHandler]-[45]-[xxl-job, JobThread-5-1663231966850] 2022-02-28 21:02:30.100000 account insert order, id = strategy1_3, price = 4725.0, direction = ORDER_DIRECTION.BUY, code = rb999.shfe
2022-09-15 16:52:54 [com.tq.yuxuan.xxljob.task.MyTask#demoJobHandler]-[45]-[xxl-job, JobThread-5-1663231966850] 2022-02-28 21:02:30.200000 market receive order, id = strategy1_3, price = 4725.0, direction = ORDER_DIRECTION.BUY, code = rb999.shfe
2022-09-15 16:52:54 [com.tq.yuxuan.xxljob.task.MyTask#demoJobHandler]-[45]-[xxl-job, JobThread-5-1663231966850] 2022-02-28 21:02:39.100000 account cancel order, id = strategy1_3, price = 4725.0, direction = ORDER_DIRECTION.BUY, code = rb999.shfe
2022-09-15 16:52:54 [com.tq.yuxuan.xxljob.task.MyTask#demoJobHandler]-[45]-[xxl-job, JobThread-5-1663231966850] 2022-02-28 21:02:39.200000 market match order, id = strategy1_3, info = ('strategy1_3', 5, None, None), code = rb999.shfe
2022-09-15 16:52:54 [com.tq.yuxuan.xxljob.task.MyTask#demoJobHandler]-[45]-[xxl-job, JobThread-5-1663231966850] 2022-02-28 21:03:15.100000 account insert order, id = strategy0_5, price = 4727.0, direction = ORDER_DIRECTION.BUY, code = rb888.shfe
2022-09-15 16:52:54 [com.tq.yuxuan.xxljob.task.MyTask#demoJobHandler]-[45]-[xxl-job, JobThread-5-1663231966850] 2022-02-28 21:03:15.200000 market receive order, id = strategy0_5, price = 4727.0, direction = ORDER_DIRECTION.BUY, code = rb888.shfe
2022-09-15 16:52:54 [com.tq.yuxuan.xxljob.task.MyTask#demoJobHandler]-[45]-[xxl-job, JobThread-5-1663231966850] 2022-02-28 21:03:17.100000 account cancel order, id = strategy0_5, price = 4727.0, direction = ORDER_DIRECTION.BUY, code = rb888.shfe
2022-09-15 16:52:54 [com.tq.yuxuan.xxljob.task.MyTask#demoJobHandler]-[45]-[xxl-job, JobThread-5-1663231966850] 2022-02-28 21:03:17.200000 market match order, id = strategy0_5, info = ('strategy0_5', 5, None, None), code = rb888.shfe
2022-09-15 16:52:54 [com.tq.yuxuan.xxljob.task.MyTask#demoJobHandler]-[45]-[xxl-job, JobThread-5-1663231966850] 2022-02-28 21:03:49.100000 account insert order, id = strategy0_6, price = 4727.0, direction = ORDER_DIRECTION.SELL, code = rb888.shfe
2022-09-15 16:52:54 [com.tq.yuxuan.xxljob.task.MyTask#demoJobHandler]-[45]-[xxl-job, JobThread-5-1663231966850] 2022-02-28 21:03:49.200000 market receive order, id = strategy0_6, price = 4727.0, direction = ORDER_DIRECTION.SELL, code = rb888.shfe
2022-09-15 16:52:54 [com.tq.yuxuan.xxljob.task.MyTask#demoJobHandler]-[45]-[xxl-job, JobThread-5-1663231966850] 2022-02-28 21:03:49.200000 market match order, id = strategy0_6, info = ('strategy0_6', 4, 4727.0, 1), code = rb888.shfe
2022-09-15 16:52:54 [com.tq.yuxuan.xxljob.task.MyTask#demoJobHandler]-[45]-[xxl-job, JobThread-5-1663231966850] 2022-02-28 21:04:35.100000 account insert order, id = strategy0_7, price = 4728.0, direction = ORDER_DIRECTION.BUY, code = rb999.shfe
2022-09-15 16:52:54 [com.tq.yuxuan.xxljob.task.MyTask#demoJobHandler]-[45]-[xxl-job, JobThread-5-1663231966850] 2022-02-28 21:04:35.200000 market receive order, id = strategy0_7, price = 4728.0, direction = ORDER_DIRECTION.BUY, code = rb999.shfe
2022-09-15 16:52:54 [com.tq.yuxuan.xxljob.task.MyTask#demoJobHandler]-[45]-[xxl-job, JobThread-5-1663231966850] 2022-02-28 21:04:38.100000 account cancel order, id = strategy0_7, price = 4728.0, direction = ORDER_DIRECTION.BUY, code = rb999.shfe
2022-09-15 16:52:54 [com.tq.yuxuan.xxljob.task.MyTask#demoJobHandler]-[45]-[xxl-job, JobThread-5-1663231966850] 2022-02-28 21:04:38.200000 market match order, id = strategy0_7, info = ('strategy0_7', 5, None, None), code = rb999.shfe
2022-09-15 16:52:54 [com.tq.yuxuan.xxljob.task.MyTask#demoJobHandler]-[45]-[xxl-job, JobThread-5-1663231966850] 2022-02-28 21:04:56.100000 account insert order, id = strategy0_8, price = 4725.0, direction = ORDER_DIRECTION.BUY, code = rb888.shfe
2022-09-15 16:52:54 [com.tq.yuxuan.xxljob.task.MyTask#demoJobHandler]-[45]-[xxl-job, JobThread-5-1663231966850] 2022-02-28 21:04:56.200000 market receive order, id = strategy0_8, price = 4725.0, direction = ORDER_DIRECTION.BUY, code = rb888.shfe
2022-09-15 16:52:54 [com.tq.yuxuan.xxljob.task.MyTask#demoJobHandler]-[45]-[xxl-job, JobThread-5-1663231966850] 2022-02-28 21:04:57.100000 missing order strategy0_8 @ cancelling...
2022-09-15 16:52:54 [com.tq.yuxuan.xxljob.task.MyTask#demoJobHandler]-[45]-[xxl-job, JobThread-5-1663231966850] 2022-02-28 21:04:57.100000 account cancel order, id = strategy0_8, price = 4725.0, direction = ORDER_DIRECTION.BUY, code = rb888.shfe
2022-09-15 16:52:54 [com.tq.yuxuan.xxljob.task.MyTask#demoJobHandler]-[45]-[xxl-job, JobThread-5-1663231966850] 2022-02-28 21:04:57.100000 market match order, id = strategy0_8, info = ('strategy0_8', 4, 4725.0, 1), code = rb888.shfe
2022-09-15 16:52:54 [com.tq.yuxuan.xxljob.task.MyTask#demoJobHandler]-[45]-[xxl-job, JobThread-5-1663231966850] 2022-02-28 21:05:15.100000 account insert order, id = strategy0_9, price = 4728.0, direction = ORDER_DIRECTION.BUY, code = rb999.shfe
2022-09-15 16:52:54 [com.tq.yuxuan.xxljob.task.MyTask#demoJobHandler]-[45]-[xxl-job, JobThread-5-1663231966850] 2022-02-28 21:05:15.200000 market receive order, id = strategy0_9, price = 4728.0, direction = ORDER_DIRECTION.BUY, code = rb999.shfe
2022-09-15 16:52:54 [com.tq.yuxuan.xxljob.task.MyTask#demoJobHandler]-[45]-[xxl-job, JobThread-5-1663231966850] 2022-02-28 21:05:16.100000 account insert order, id = strategy1_4, price = 4730.0, direction = ORDER_DIRECTION.SELL, code = rb999.shfe
2022-09-15 16:52:54 [com.tq.yuxuan.xxljob.task.MyTask#demoJobHandler]-[45]-[xxl-job, JobThread-5-1663231966850] 2022-02-28 21:05:16.100000 account cancel order, id = strategy0_9, price = 4728.0, direction = ORDER_DIRECTION.BUY, code = rb999.shfe
2022-09-15 16:52:54 [com.tq.yuxuan.xxljob.task.MyTask#demoJobHandler]-[45]-[xxl-job, JobThread-5-1663231966850] 2022-02-28 21:05:16.200000 market receive order, id = strategy1_4, price = 4730.0, direction = ORDER_DIRECTION.SELL, code = rb999.shfe
2022-09-15 16:52:54 [com.tq.yuxuan.xxljob.task.MyTask#demoJobHandler]-[45]-[xxl-job, JobThread-5-1663231966850] 2022-02-28 21:05:16.200000 market match order, id = strategy0_9, info = ('strategy0_9', 5, None, None), code = rb999.shfe
2022-09-15 16:52:54 [com.tq.yuxuan.xxljob.task.MyTask#demoJobHandler]-[45]-[xxl-job, JobThread-5-1663231966850] 2022-02-28 21:05:18.100000 account cancel order, id = strategy1_4, price = 4730.0, direction = ORDER_DIRECTION.SELL, code = rb999.shfe
2022-09-15 16:52:54 [com.tq.yuxuan.xxljob.task.MyTask#demoJobHandler]-[45]-[xxl-job, JobThread-5-1663231966850] 2022-02-28 21:05:18.200000 market match order, id = strategy1_4, info = ('strategy1_4', 5, None, None), code = rb999.shfe
2022-09-15 16:52:54 [com.tq.yuxuan.xxljob.task.MyTask#demoJobHandler]-[45]-[xxl-job, JobThread-5-1663231966850] 2022-02-28 21:05:20.100000 account insert order, id = strategy0_10, price = 4730.0, direction = ORDER_DIRECTION.SELL, code = rb888.shfe
2022-09-15 16:52:54 [com.tq.yuxuan.xxljob.task.MyTask#demoJobHandler]-[45]-[xxl-job, JobThread-5-1663231966850] 2022-02-28 21:05:20.200000 market receive order, id = strategy0_10, price = 4730.0, direction = ORDER_DIRECTION.SELL, code = rb888.shfe
2022-09-15 16:52:54 [com.tq.yuxuan.xxljob.task.MyTask#demoJobHandler]-[45]-[xxl-job, JobThread-5-1663231966850] 2022-02-28 21:05:20.200000 market match order, id = strategy0_10, info = ('strategy0_10', 4, 4730.0, 1), code = rb888.shfe
2022-09-15 16:52:54 [com.tq.yuxuan.xxljob.task.MyTask#demoJobHandler]-[45]-[xxl-job, JobThread-5-1663231966850] 2022-02-28 21:05:54.100000 account insert order, id = strategy0_11, price = 4729.0, direction = ORDER_DIRECTION.BUY, code = rb999.shfe
2022-09-15 16:52:54 [com.tq.yuxuan.xxljob.task.MyTask#demoJobHandler]-[45]-[xxl-job, JobThread-5-1663231966850] 2022-02-28 21:05:54.200000 market receive order, id = strategy0_11, price = 4729.0, direction = ORDER_DIRECTION.BUY, code = rb999.shfe
2022-09-15 16:52:54 [com.tq.yuxuan.xxljob.task.MyTask#demoJobHandler]-[45]-[xxl-job, JobThread-5-1663231966850] 2022-02-28 21:05:54.200000 market match order, id = strategy0_11, info = ('strategy0_11', 4, 4729.0, 1), code = rb999.shfe
2022-09-15 16:52:54 [com.tq.yuxuan.xxljob.task.MyTask#demoJobHandler]-[45]-[xxl-job, JobThread-5-1663231966850] 2022-02-28 21:06:16.100000 account insert order, id = strategy0_12, price = 4728.0, direction = ORDER_DIRECTION.BUY, code = rb999.shfe
2022-09-15 16:52:54 [com.tq.yuxuan.xxljob.task.MyTask#demoJobHandler]-[45]-[xxl-job, JobThread-5-1663231966850] 2022-02-28 21:06:16.200000 market receive order, id = strategy0_12, price = 4728.0, direction = ORDER_DIRECTION.BUY, code = rb999.shfe
2022-09-15 16:52:54 [com.tq.yuxuan.xxljob.task.MyTask#demoJobHandler]-[45]-[xxl-job, JobThread-5-1663231966850] 2022-02-28 21:06:17.100000 account cancel order, id = strategy0_12, price = 4728.0, direction = ORDER_DIRECTION.BUY, code = rb999.shfe
2022-09-15 16:52:54 [com.tq.yuxuan.xxljob.task.MyTask#demoJobHandler]-[45]-[xxl-job, JobThread-5-1663231966850] 2022-02-28 21:06:17.200000 market match order, id = strategy0_12, info = ('strategy0_12', 5, None, None), code = rb999.shfe
2022-09-15 16:52:54 [com.tq.yuxuan.xxljob.task.MyTask#demoJobHandler]-[45]-[xxl-job, JobThread-5-1663231966850] 2022-02-28 21:06:23.100000 account insert order, id = strategy0_13, price = 4729.0, direction = ORDER_DIRECTION.SELL, code = rb999.shfe
2022-09-15 16:52:54 [com.tq.yuxuan.xxljob.task.MyTask#demoJobHandler]-[45]-[xxl-job, JobThread-5-1663231966850] 2022-02-28 21:06:23.200000 market receive order, id = strategy0_13, price = 4729.0, direction = ORDER_DIRECTION.SELL, code = rb999.shfe
2022-09-15 16:52:54 [com.tq.yuxuan.xxljob.task.MyTask#demoJobHandler]-[45]-[xxl-job, JobThread-5-1663231966850] 2022-02-28 21:06:25.100000 account cancel order, id = strategy0_13, price = 4729.0, direction = ORDER_DIRECTION.SELL, code = rb999.shfe
2022-09-15 16:52:54 [com.tq.yuxuan.xxljob.task.MyTask#demoJobHandler]-[45]-[xxl-job, JobThread-5-1663231966850] 2022-02-28 21:06:25.200000 market match order, id = strategy0_13, info = ('strategy0_13', 5, None, None), code = rb999.shfe
2022-09-15 16:52:54 [com.tq.yuxuan.xxljob.task.MyTask#demoJobHandler]-[45]-[xxl-job, JobThread-5-1663231966850] 2022-02-28 21:06:29.100000 account insert order, id = strategy1_5, price = 4726.0, direction = ORDER_DIRECTION.BUY, code = rb999.shfe
2022-09-15 16:52:54 [com.tq.yuxuan.xxljob.task.MyTask#demoJobHandler]-[45]-[xxl-job, JobThread-5-1663231966850] 2022-02-28 21:06:29.200000 market receive order, id = strategy1_5, price = 4726.0, direction = ORDER_DIRECTION.BUY, code = rb999.shfe
2022-09-15 16:52:54 [com.tq.yuxuan.xxljob.task.MyTask#demoJobHandler]-[45]-[xxl-job, JobThread-5-1663231966850] 2022-02-28 21:06:30.100000 missing order strategy1_5 @ cancelling...
2022-09-15 16:52:54 [com.tq.yuxuan.xxljob.task.MyTask#demoJobHandler]-[45]-[xxl-job, JobThread-5-1663231966850] 2022-02-28 21:06:30.100000 account cancel order, id = strategy1_5, price = 4726.0, direction = ORDER_DIRECTION.BUY, code = rb999.shfe
2022-09-15 16:52:54 [com.tq.yuxuan.xxljob.task.MyTask#demoJobHandler]-[45]-[xxl-job, JobThread-5-1663231966850] 2022-02-28 21:06:30.100000 market match order, id = strategy1_5, info = ('strategy1_5', 4, 4726.0, 1), code = rb999.shfe
2022-09-15 16:52:54 [com.tq.yuxuan.xxljob.task.MyTask#demoJobHandler]-[45]-[xxl-job, JobThread-5-1663231966850] 2022-02-28 21:06:46.100000 account insert order, id = strategy1_6, price = 4725.0, direction = ORDER_DIRECTION.BUY, code = rb999.shfe
2022-09-15 16:52:54 [com.tq.yuxuan.xxljob.task.MyTask#demoJobHandler]-[45]-[xxl-job, JobThread-5-1663231966850] 2022-02-28 21:06:46.200000 market receive order, id = strategy1_6, price = 4725.0, direction = ORDER_DIRECTION.BUY, code = rb999.shfe
2022-09-15 16:52:54 [com.tq.yuxuan.xxljob.task.MyTask#demoJobHandler]-[45]-[xxl-job, JobThread-5-1663231966850] 2022-02-28 21:06:48.100000 market match order, id = strategy1_6, info = ('strategy1_6', 4, 4725.0, 1), code = rb999.shfe
2022-09-15 16:52:54 [com.tq.yuxuan.xxljob.task.MyTask#demoJobHandler]-[45]-[xxl-job, JobThread-5-1663231966850] 2022-02-28 21:06:55.100000 account insert order, id = strategy1_7, price = 4725.0, direction = ORDER_DIRECTION.BUY, code = rb888.shfe
2022-09-15 16:52:54 [com.tq.yuxuan.xxljob.task.MyTask#demoJobHandler]-[45]-[xxl-job, JobThread-5-1663231966850] 2022-02-28 21:06:55.200000 market receive order, id = strategy1_7, price = 4725.0, direction = ORDER_DIRECTION.BUY, code = rb888.shfe
2022-09-15 16:52:54 [com.tq.yuxuan.xxljob.task.MyTask#demoJobHandler]-[45]-[xxl-job, JobThread-5-1663231966850] 2022-02-28 21:06:55.200000 market match order, id = strategy1_7, info = ('strategy1_7', 4, 4725.0, 1), code = rb888.shfe
2022-09-15 16:52:54 [com.tq.yuxuan.xxljob.task.MyTask#demoJobHandler]-[45]-[xxl-job, JobThread-5-1663231966850] 2022-02-28 21:07:21.100000 account insert order, id = strategy1_8, price = 4725.0, direction = ORDER_DIRECTION.SELL, code = rb888.shfe
2022-09-15 16:52:54 [com.tq.yuxuan.xxljob.task.MyTask#demoJobHandler]-[45]-[xxl-job, JobThread-5-1663231966850] 2022-02-28 21:07:21.200000 market receive order, id = strategy1_8, price = 4725.0, direction = ORDER_DIRECTION.SELL, code = rb888.shfe
2022-09-15 16:52:54 [com.tq.yuxuan.xxljob.task.MyTask#demoJobHandler]-[45]-[xxl-job, JobThread-5-1663231966850] 2022-02-28 21:07:23.100000 account cancel order, id = strategy1_8, price = 4725.0, direction = ORDER_DIRECTION.SELL, code = rb888.shfe
2022-09-15 16:52:54 [com.tq.yuxuan.xxljob.task.MyTask#demoJobHandler]-[45]-[xxl-job, JobThread-5-1663231966850] 2022-02-28 21:07:23.200000 market match order, id = strategy1_8, info = ('strategy1_8', 5, None, None), code = rb888.shfe
2022-09-15 16:52:54 [com.tq.yuxuan.xxljob.task.MyTask#demoJobHandler]-[45]-[xxl-job, JobThread-5-1663231966850] 2022-02-28 21:07:29.100000 account insert order, id = strategy1_9, price = 4726.0, direction = ORDER_DIRECTION.SELL, code = rb999.shfe
2022-09-15 16:52:54 [com.tq.yuxuan.xxljob.task.MyTask#demoJobHandler]-[45]-[xxl-job, JobThread-5-1663231966850] 2022-02-28 21:07:29.200000 market receive order, id = strategy1_9, price = 4726.0, direction = ORDER_DIRECTION.SELL, code = rb999.shfe
2022-09-15 16:52:54 [com.tq.yuxuan.xxljob.task.MyTask#demoJobHandler]-[45]-[xxl-job, JobThread-5-1663231966850] 2022-02-28 21:07:31.100000 market match order, id = strategy1_9, info = ('strategy1_9', 4, 4726.0, 1), code = rb999.shfe
2022-09-15 16:52:54 [com.tq.yuxuan.xxljob.task.MyTask#demoJobHandler]-[45]-[xxl-job, JobThread-5-1663231966850] 2022-02-28 21:08:17.100000 account insert order, id = strategy0_14, price = 4722.0, direction = ORDER_DIRECTION.BUY, code = rb999.shfe
2022-09-15 16:52:54 [com.tq.yuxuan.xxljob.task.MyTask#demoJobHandler]-[45]-[xxl-job, JobThread-5-1663231966850] 2022-02-28 21:08:17.200000 market receive order, id = strategy0_14, price = 4722.0, direction = ORDER_DIRECTION.BUY, code = rb999.shfe
2022-09-15 16:52:54 [com.tq.yuxuan.xxljob.task.MyTask#demoJobHandler]-[45]-[xxl-job, JobThread-5-1663231966850] 2022-02-28 21:08:17.200000 market match order, id = strategy0_14, info = ('strategy0_14', 4, 4722.0, 1), code = rb999.shfe
2022-09-15 16:52:54 [com.tq.yuxuan.xxljob.task.MyTask#demoJobHandler]-[45]-[xxl-job, JobThread-5-1663231966850] 2022-02-28 21:08:36.100000 account insert order, id = strategy1_10, price = 4721.0, direction = ORDER_DIRECTION.BUY, code = rb888.shfe
2022-09-15 16:52:54 [com.tq.yuxuan.xxljob.task.MyTask#demoJobHandler]-[45]-[xxl-job, JobThread-5-1663231966850] 2022-02-28 21:08:36.200000 market receive order, id = strategy1_10, price = 4721.0, direction = ORDER_DIRECTION.BUY, code = rb888.shfe
2022-09-15 16:52:54 [com.tq.yuxuan.xxljob.task.MyTask#demoJobHandler]-[45]-[xxl-job, JobThread-5-1663231966850] 2022-02-28 21:08:41.100000 account insert order, id = strategy1_11, price = 4724.0, direction = ORDER_DIRECTION.SELL, code = rb999.shfe
2022-09-15 16:52:54 [com.tq.yuxuan.xxljob.task.MyTask#demoJobHandler]-[45]-[xxl-job, JobThread-5-1663231966850] 2022-02-28 21:08:41.200000 market receive order, id = strategy1_11, price = 4724.0, direction = ORDER_DIRECTION.SELL, code = rb999.shfe
2022-09-15 16:52:54 [com.tq.yuxuan.xxljob.task.MyTask#demoJobHandler]-[45]-[xxl-job, JobThread-5-1663231966850] 2022-02-28 21:08:46.100000 account insert order, id = strategy0_15, price = 4722.0, direction = ORDER_DIRECTION.SELL, code = rb999.shfe
2022-09-15 16:52:54 [com.tq.yuxuan.xxljob.task.MyTask#demoJobHandler]-[45]-[xxl-job, JobThread-5-1663231966850] 2022-02-28 21:08:46.100000 account cancel order, id = strategy1_10, price = 4721.0, direction = ORDER_DIRECTION.BUY, code = rb888.shfe
2022-09-15 16:52:54 [com.tq.yuxuan.xxljob.task.MyTask#demoJobHandler]-[45]-[xxl-job, JobThread-5-1663231966850] 2022-02-28 21:08:46.200000 market receive order, id = strategy0_15, price = 4722.0, direction = ORDER_DIRECTION.SELL, code = rb999.shfe
2022-09-15 16:52:54 [com.tq.yuxuan.xxljob.task.MyTask#demoJobHandler]-[45]-[xxl-job, JobThread-5-1663231966850] 2022-02-28 21:08:46.200000 market match order, id = strategy0_15, info = ('strategy0_15', 4, 4722.0, 1), code = rb999.shfe
2022-09-15 16:52:54 [com.tq.yuxuan.xxljob.task.MyTask#demoJobHandler]-[45]-[xxl-job, JobThread-5-1663231966850] 2022-02-28 21:08:46.200000 market match order, id = strategy1_10, info = ('strategy1_10', 5, None, None), code = rb888.shfe
2022-09-15 16:52:54 [com.tq.yuxuan.xxljob.task.MyTask#demoJobHandler]-[45]-[xxl-job, JobThread-5-1663231966850] 2022-02-28 21:08:48.100000 account cancel order, id = strategy1_11, price = 4724.0, direction = ORDER_DIRECTION.SELL, code = rb999.shfe
2022-09-15 16:52:54 [com.tq.yuxuan.xxljob.task.MyTask#demoJobHandler]-[45]-[xxl-job, JobThread-5-1663231966850] 2022-02-28 21:08:48.200000 market match order, id = strategy1_11, info = ('strategy1_11', 5, None, None), code = rb999.shfe
2022-09-15 16:52:54 [com.tq.yuxuan.xxljob.task.MyTask#demoJobHandler]-[45]-[xxl-job, JobThread-5-1663231966850] 2022-02-28 21:09:02.100000 account insert order, id = strategy0_16, price = 4721.0, direction = ORDER_DIRECTION.SELL, code = rb999.shfe
2022-09-15 16:52:54 [com.tq.yuxuan.xxljob.task.MyTask#demoJobHandler]-[45]-[xxl-job, JobThread-5-1663231966850] 2022-02-28 21:09:02.200000 market receive order, id = strategy0_16, price = 4721.0, direction = ORDER_DIRECTION.SELL, code = rb999.shfe
2022-09-15 16:52:54 [com.tq.yuxuan.xxljob.task.MyTask#demoJobHandler]-[45]-[xxl-job, JobThread-5-1663231966850] 2022-02-28 21:09:03.100000 account insert order, id = strategy1_12, price = 4720.0, direction = ORDER_DIRECTION.BUY, code = rb888.shfe
2022-09-15 16:52:54 [com.tq.yuxuan.xxljob.task.MyTask#demoJobHandler]-[45]-[xxl-job, JobThread-5-1663231966850] 2022-02-28 21:09:03.200000 market receive order, id = strategy1_12, price = 4720.0, direction = ORDER_DIRECTION.BUY, code = rb888.shfe
2022-09-15 16:52:54 [com.tq.yuxuan.xxljob.task.MyTask#demoJobHandler]-[45]-[xxl-job, JobThread-5-1663231966850] 2022-02-28 21:09:03.200000 market match order, id = strategy1_12, info = ('strategy1_12', 4, 4720.0, 1), code = rb888.shfe
2022-09-15 16:52:54 [com.tq.yuxuan.xxljob.task.MyTask#demoJobHandler]-[45]-[xxl-job, JobThread-5-1663231966850] 2022-02-28 21:09:04.100000 account cancel order, id = strategy0_16, price = 4721.0, direction = ORDER_DIRECTION.SELL, code = rb999.shfe
2022-09-15 16:52:54 [com.tq.yuxuan.xxljob.task.MyTask#demoJobHandler]-[45]-[xxl-job, JobThread-5-1663231966850] 2022-02-28 21:09:04.200000 market match order, id = strategy0_16, info = ('strategy0_16', 5, None, None), code = rb999.shfe
2022-09-15 16:52:54 [com.tq.yuxuan.xxljob.task.MyTask#demoJobHandler]-[45]-[xxl-job, JobThread-5-1663231966850] 2022-02-28 21:09:33.100000 account insert order, id = strategy0_17, price = 4720.0, direction = ORDER_DIRECTION.SELL, code = rb888.shfe
2022-09-15 16:52:54 [com.tq.yuxuan.xxljob.task.MyTask#demoJobHandler]-[45]-[xxl-job, JobThread-5-1663231966850] 2022-02-28 21:09:33.100000 account insert order, id = strategy1_13, price = 4719.0, direction = ORDER_DIRECTION.BUY, code = rb888.shfe
2022-09-15 16:52:54 [com.tq.yuxuan.xxljob.task.MyTask#demoJobHandler]-[45]-[xxl-job, JobThread-5-1663231966850] 2022-02-28 21:09:33.200000 market receive order, id = strategy0_17, price = 4720.0, direction = ORDER_DIRECTION.SELL, code = rb888.shfe
2022-09-15 16:52:54 [com.tq.yuxuan.xxljob.task.MyTask#demoJobHandler]-[45]-[xxl-job, JobThread-5-1663231966850] 2022-02-28 21:09:33.200000 market receive order, id = strategy1_13, price = 4719.0, direction = ORDER_DIRECTION.BUY, code = rb888.shfe
2022-09-15 16:52:54 [com.tq.yuxuan.xxljob.task.MyTask#demoJobHandler]-[45]-[xxl-job, JobThread-5-1663231966850] 2022-02-28 21:09:33.200000 market match order, id = strategy1_13, info = ('strategy1_13', 4, 4719.0, 1), code = rb888.shfe
2022-09-15 16:52:54 [com.tq.yuxuan.xxljob.task.MyTask#demoJobHandler]-[45]-[xxl-job, JobThread-5-1663231966850] 2022-02-28 21:09:36.100000 account cancel order, id = strategy0_17, price = 4720.0, direction = ORDER_DIRECTION.SELL, code = rb888.shfe
2022-09-15 16:52:54 [com.tq.yuxuan.xxljob.task.MyTask#demoJobHandler]-[45]-[xxl-job, JobThread-5-1663231966850] 2022-02-28 21:09:36.200000 market match order, id = strategy0_17, info = ('strategy0_17', 5, None, None), code = rb888.shfe
2022-09-15 16:52:54 [com.tq.yuxuan.xxljob.task.MyTask#demoJobHandler]-[45]-[xxl-job, JobThread-5-1663231966850] 2022-02-28 21:09:43.100000 account insert order, id = strategy1_14, price = 4717.0, direction = ORDER_DIRECTION.BUY, code = rb888.shfe
2022-09-15 16:52:54 [com.tq.yuxuan.xxljob.task.MyTask#demoJobHandler]-[45]-[xxl-job, JobThread-5-1663231966850] 2022-02-28 21:09:43.200000 market receive order, id = strategy1_14, price = 4717.0, direction = ORDER_DIRECTION.BUY, code = rb888.shfe
2022-09-15 16:52:54 [com.tq.yuxuan.xxljob.task.MyTask#demoJobHandler]-[45]-[xxl-job, JobThread-5-1663231966850] 2022-02-28 21:09:44.100000 account cancel order, id = strategy1_14, price = 4717.0, direction = ORDER_DIRECTION.BUY, code = rb888.shfe
2022-09-15 16:52:54 [com.tq.yuxuan.xxljob.task.MyTask#demoJobHandler]-[45]-[xxl-job, JobThread-5-1663231966850] 2022-02-28 21:09:44.200000 market match order, id = strategy1_14, info = ('strategy1_14', 5, None, None), code = rb888.shfe
2022-09-15 16:52:54 [com.tq.yuxuan.xxljob.task.MyTask#demoJobHandler]-[45]-[xxl-job, JobThread-5-1663231966850] 2022-02-28 21:10:00.100000 account insert order, id = strategy0_18, price = 4724.0, direction = ORDER_DIRECTION.SELL, code = rb888.shfe
2022-09-15 16:52:54 [com.tq.yuxuan.xxljob.task.MyTask#demoJobHandler]-[45]-[xxl-job, JobThread-5-1663231966850] 2022-02-28 21:10:00.200000 market receive order, id = strategy0_18, price = 4724.0, direction = ORDER_DIRECTION.SELL, code = rb888.shfe
2022-09-15 16:52:54 [com.tq.yuxuan.xxljob.task.MyTask#demoJobHandler]-[45]-[xxl-job, JobThread-5-1663231966850] 2022-02-28 21:10:07.100000 market match order, id = strategy0_18, info = ('strategy0_18', 4, 4724.0, 1), code = rb888.shfe
2022-09-15 16:52:54 [com.tq.yuxuan.xxljob.task.MyTask#demoJobHandler]-[45]-[xxl-job, JobThread-5-1663231966850] 2022-02-28 21:10:48.100000 account insert order, id = strategy0_19, price = 4726.0, direction = ORDER_DIRECTION.BUY, code = rb999.shfe
2022-09-15 16:52:54 [com.tq.yuxuan.xxljob.task.MyTask#demoJobHandler]-[45]-[xxl-job, JobThread-5-1663231966850] 2022-02-28 21:10:48.200000 market receive order, id = strategy0_19, price = 4726.0, direction = ORDER_DIRECTION.BUY, code = rb999.shfe
2022-09-15 16:52:54 [com.tq.yuxuan.xxljob.task.MyTask#demoJobHandler]-[45]-[xxl-job, JobThread-5-1663231966850] 2022-02-28 21:10:53.100000 account cancel order, id = strategy0_19, price = 4726.0, direction = ORDER_DIRECTION.BUY, code = rb999.shfe
2022-09-15 16:52:54 [com.tq.yuxuan.xxljob.task.MyTask#demoJobHandler]-[45]-[xxl-job, JobThread-5-1663231966850] 2022-02-28 21:10:53.200000 market match order, id = strategy0_19, info = ('strategy0_19', 5, None, None), code = rb999.shfe
2022-09-15 16:52:54 [com.tq.yuxuan.xxljob.task.MyTask#demoJobHandler]-[45]-[xxl-job, JobThread-5-1663231966850] 2022-02-28 21:11:22.100000 account insert order, id = strategy0_20, price = 4726.0, direction = ORDER_DIRECTION.BUY, code = rb999.shfe
2022-09-15 16:52:54 [com.tq.yuxuan.xxljob.task.MyTask#demoJobHandler]-[45]-[xxl-job, JobThread-5-1663231966850] 2022-02-28 21:11:22.200000 market receive order, id = strategy0_20, price = 4726.0, direction = ORDER_DIRECTION.BUY, code = rb999.shfe
2022-09-15 16:52:54 [com.tq.yuxuan.xxljob.task.MyTask#demoJobHandler]-[45]-[xxl-job, JobThread-5-1663231966850] 2022-02-28 21:11:22.200000 market match order, id = strategy0_20, info = ('strategy0_20', 4, 4725.0, 1), code = rb999.shfe
2022-09-15 16:52:54 [com.tq.yuxuan.xxljob.task.MyTask#demoJobHandler]-[45]-[xxl-job, JobThread-5-1663231966850] 2022-02-28 21:11:23.100000 account insert order, id = strategy1_15, price = 4725.0, direction = ORDER_DIRECTION.SELL, code = rb888.shfe
2022-09-15 16:52:54 [com.tq.yuxuan.xxljob.task.MyTask#demoJobHandler]-[45]-[xxl-job, JobThread-5-1663231966850] 2022-02-28 21:11:23.200000 market receive order, id = strategy1_15, price = 4725.0, direction = ORDER_DIRECTION.SELL, code = rb888.shfe
2022-09-15 16:52:54 [com.tq.yuxuan.xxljob.task.MyTask#demoJobHandler]-[45]-[xxl-job, JobThread-5-1663231966850] 2022-02-28 21:11:23.200000 market match order, id = strategy1_15, info = ('strategy1_15', 4, 4725.0, 1), code = rb888.shfe
2022-09-15 16:52:54 [com.tq.yuxuan.xxljob.task.MyTask#demoJobHandler]-[45]-[xxl-job, JobThread-5-1663231966850] 2022-02-28 21:12:07.100000 account insert order, id = strategy0_21, price = 4727.0, direction = ORDER_DIRECTION.SELL, code = rb888.shfe
2022-09-15 16:52:54 [com.tq.yuxuan.xxljob.task.MyTask#demoJobHandler]-[45]-[xxl-job, JobThread-5-1663231966850] 2022-02-28 21:12:07.200000 market receive order, id = strategy0_21, price = 4727.0, direction = ORDER_DIRECTION.SELL, code = rb888.shfe
2022-09-15 16:52:54 [com.tq.yuxuan.xxljob.task.MyTask#demoJobHandler]-[45]-[xxl-job, JobThread-5-1663231966850] 2022-02-28 21:12:11.100000 account cancel order, id = strategy0_21, price = 4727.0, direction = ORDER_DIRECTION.SELL, code = rb888.shfe
2022-09-15 16:52:54 [com.tq.yuxuan.xxljob.task.MyTask#demoJobHandler]-[45]-[xxl-job, JobThread-5-1663231966850] 2022-02-28 21:12:11.200000 market match order, id = strategy0_21, info = ('strategy0_21', 5, None, None), code = rb888.shfe
2022-09-15 16:52:54 [com.tq.yuxuan.xxljob.task.MyTask#demoJobHandler]-[45]-[xxl-job, JobThread-5-1663231966850] 2022-02-28 21:12:25.100000 account insert order, id = strategy0_22, price = 4723.0, direction = ORDER_DIRECTION.BUY, code = rb888.shfe
2022-09-15 16:52:54 [com.tq.yuxuan.xxljob.task.MyTask#demoJobHandler]-[45]-[xxl-job, JobThread-5-1663231966850] 2022-02-28 21:12:25.200000 market receive order, id = strategy0_22, price = 4723.0, direction = ORDER_DIRECTION.BUY, code = rb888.shfe
2022-09-15 16:52:54 [com.tq.yuxuan.xxljob.task.MyTask#demoJobHandler]-[45]-[xxl-job, JobThread-5-1663231966850] 2022-02-28 21:12:26.100000 account cancel order, id = strategy0_22, price = 4723.0, direction = ORDER_DIRECTION.BUY, code = rb888.shfe
2022-09-15 16:52:54 [com.tq.yuxuan.xxljob.task.MyTask#demoJobHandler]-[45]-[xxl-job, JobThread-5-1663231966850] 2022-02-28 21:12:26.200000 market match order, id = strategy0_22, info = ('strategy0_22', 5, None, None), code = rb888.shfe
2022-09-15 16:52:54 [com.tq.yuxuan.xxljob.task.MyTask#demoJobHandler]-[45]-[xxl-job, JobThread-5-1663231966850] 2022-02-28 21:12:41.100000 account insert order, id = strategy1_16, price = 4721.0, direction = ORDER_DIRECTION.BUY, code = rb888.shfe
2022-09-15 16:52:54 [com.tq.yuxuan.xxljob.task.MyTask#demoJobHandler]-[45]-[xxl-job, JobThread-5-1663231966850] 2022-02-28 21:12:41.200000 market receive order, id = strategy1_16, price = 4721.0, direction = ORDER_DIRECTION.BUY, code = rb888.shfe
2022-09-15 16:52:54 [com.tq.yuxuan.xxljob.task.MyTask#demoJobHandler]-[45]-[xxl-job, JobThread-5-1663231966850] 2022-02-28 21:12:42.100000 account insert order, id = strategy1_17, price = 4722.0, direction = ORDER_DIRECTION.BUY, code = rb999.shfe
2022-09-15 16:52:54 [com.tq.yuxuan.xxljob.task.MyTask#demoJobHandler]-[45]-[xxl-job, JobThread-5-1663231966850] 2022-02-28 21:12:42.100000 account cancel order, id = strategy1_16, price = 4721.0, direction = ORDER_DIRECTION.BUY, code = rb888.shfe
2022-09-15 16:52:54 [com.tq.yuxuan.xxljob.task.MyTask#demoJobHandler]-[45]-[xxl-job, JobThread-5-1663231966850] 2022-02-28 21:12:42.200000 market receive order, id = strategy1_17, price = 4722.0, direction = ORDER_DIRECTION.BUY, code = rb999.shfe
2022-09-15 16:52:54 [com.tq.yuxuan.xxljob.task.MyTask#demoJobHandler]-[45]-[xxl-job, JobThread-5-1663231966850] 2022-02-28 21:12:42.200000 market match order, id = strategy1_16, info = ('strategy1_16', 5, None, None), code = rb888.shfe
2022-09-15 16:52:54 [com.tq.yuxuan.xxljob.task.MyTask#demoJobHandler]-[45]-[xxl-job, JobThread-5-1663231966850] 2022-02-28 21:12:48.100000 account insert order, id = strategy1_18, price = 4723.0, direction = ORDER_DIRECTION.SELL, code = rb999.shfe
2022-09-15 16:52:54 [com.tq.yuxuan.xxljob.task.MyTask#demoJobHandler]-[45]-[xxl-job, JobThread-5-1663231966850] 2022-02-28 21:12:48.100000 account cancel order, id = strategy1_17, price = 4722.0, direction = ORDER_DIRECTION.BUY, code = rb999.shfe
2022-09-15 16:52:54 [com.tq.yuxuan.xxljob.task.MyTask#demoJobHandler]-[45]-[xxl-job, JobThread-5-1663231966850] 2022-02-28 21:12:48.200000 market receive order, id = strategy1_18, price = 4723.0, direction = ORDER_DIRECTION.SELL, code = rb999.shfe
2022-09-15 16:52:54 [com.tq.yuxuan.xxljob.task.MyTask#demoJobHandler]-[45]-[xxl-job, JobThread-5-1663231966850] 2022-02-28 21:12:48.200000 market match order, id = strategy1_18, info = ('strategy1_18', 4, 4723.0, 1), code = rb999.shfe
2022-09-15 16:52:54 [com.tq.yuxuan.xxljob.task.MyTask#demoJobHandler]-[45]-[xxl-job, JobThread-5-1663231966850] 2022-02-28 21:12:48.200000 market match order, id = strategy1_17, info = ('strategy1_17', 5, None, None), code = rb999.shfe
2022-09-15 16:52:54 [com.tq.yuxuan.xxljob.task.MyTask#demoJobHandler]-[45]-[xxl-job, JobThread-5-1663231966850] 2022-02-28 21:12:52.100000 account insert order, id = strategy0_23, price = 4723.0, direction = ORDER_DIRECTION.BUY, code = rb888.shfe
2022-09-15 16:52:54 [com.tq.yuxuan.xxljob.task.MyTask#demoJobHandler]-[45]-[xxl-job, JobThread-5-1663231966850] 2022-02-28 21:12:52.200000 market receive order, id = strategy0_23, price = 4723.0, direction = ORDER_DIRECTION.BUY, code = rb888.shfe
2022-09-15 16:52:54 [com.tq.yuxuan.xxljob.task.MyTask#demoJobHandler]-[45]-[xxl-job, JobThread-5-1663231966850] 2022-02-28 21:12:53.100000 missing order strategy0_23 @ cancelling...
2022-09-15 16:52:55 [com.tq.yuxuan.xxljob.task.MyTask#demoJobHandler]-[45]-[xxl-job, JobThread-5-1663231966850] 2022-02-28 21:12:53.100000 account cancel order, id = strategy0_23, price = 4723.0, direction = ORDER_DIRECTION.BUY, code = rb888.shfe
2022-09-15 16:52:55 [com.tq.yuxuan.xxljob.task.MyTask#demoJobHandler]-[45]-[xxl-job, JobThread-5-1663231966850] 2022-02-28 21:12:53.100000 market match order, id = strategy0_23, info = ('strategy0_23', 4, 4723.0, 1), code = rb888.shfe
2022-09-15 16:52:55 [com.tq.yuxuan.xxljob.task.MyTask#demoJobHandler]-[45]-[xxl-job, JobThread-5-1663231966850] 2022-02-28 21:13:05.100000 account insert order, id = strategy1_19, price = 4723.0, direction = ORDER_DIRECTION.SELL, code = rb999.shfe
2022-09-15 16:52:55 [com.tq.yuxuan.xxljob.task.MyTask#demoJobHandler]-[45]-[xxl-job, JobThread-5-1663231966850] 2022-02-28 21:13:05.200000 market receive order, id = strategy1_19, price = 4723.0, direction = ORDER_DIRECTION.SELL, code = rb999.shfe
2022-09-15 16:52:55 [com.tq.yuxuan.xxljob.task.MyTask#demoJobHandler]-[45]-[xxl-job, JobThread-5-1663231966850] 2022-02-28 21:13:06.100000 account cancel order, id = strategy1_19, price = 4723.0, direction = ORDER_DIRECTION.SELL, code = rb999.shfe
2022-09-15 16:52:55 [com.tq.yuxuan.xxljob.task.MyTask#demoJobHandler]-[45]-[xxl-job, JobThread-5-1663231966850] 2022-02-28 21:13:06.200000 market match order, id = strategy1_19, info = ('strategy1_19', 5, None, None), code = rb999.shfe
2022-09-15 16:52:55 [com.tq.yuxuan.xxljob.task.MyTask#demoJobHandler]-[45]-[xxl-job, JobThread-5-1663231966850] 2022-02-28 21:13:43.100000 account insert order, id = strategy1_20, price = 4724.0, direction = ORDER_DIRECTION.BUY, code = rb888.shfe
2022-09-15 16:52:55 [com.tq.yuxuan.xxljob.task.MyTask#demoJobHandler]-[45]-[xxl-job, JobThread-5-1663231966850] 2022-02-28 21:13:43.200000 market receive order, id = strategy1_20, price = 4724.0, direction = ORDER_DIRECTION.BUY, code = rb888.shfe
2022-09-15 16:52:55 [com.tq.yuxuan.xxljob.task.MyTask#demoJobHandler]-[45]-[xxl-job, JobThread-5-1663231966850] 2022-02-28 21:13:45.100000 account cancel order, id = strategy1_20, price = 4724.0, direction = ORDER_DIRECTION.BUY, code = rb888.shfe
2022-09-15 16:52:55 [com.tq.yuxuan.xxljob.task.MyTask#demoJobHandler]-[45]-[xxl-job, JobThread-5-1663231966850] 2022-02-28 21:13:45.200000 market match order, id = strategy1_20, info = ('strategy1_20', 5, None, None), code = rb888.shfe
2022-09-15 16:52:55 [com.tq.yuxuan.xxljob.task.MyTask#demoJobHandler]-[45]-[xxl-job, JobThread-5-1663231966850] 2022-02-28 21:13:48.100000 account insert order, id = strategy1_21, price = 4725.0, direction = ORDER_DIRECTION.SELL, code = rb888.shfe
2022-09-15 16:52:55 [com.tq.yuxuan.xxljob.task.MyTask#demoJobHandler]-[45]-[xxl-job, JobThread-5-1663231966850] 2022-02-28 21:13:48.200000 market receive order, id = strategy1_21, price = 4725.0, direction = ORDER_DIRECTION.SELL, code = rb888.shfe
2022-09-15 16:52:55 [com.tq.yuxuan.xxljob.task.MyTask#demoJobHandler]-[45]-[xxl-job, JobThread-5-1663231966850] 2022-02-28 21:13:51.100000 account cancel order, id = strategy1_21, price = 4725.0, direction = ORDER_DIRECTION.SELL, code = rb888.shfe
2022-09-15 16:52:55 [com.tq.yuxuan.xxljob.task.MyTask#demoJobHandler]-[45]-[xxl-job, JobThread-5-1663231966850] 2022-02-28 21:13:51.200000 market match order, id = strategy1_21, info = ('strategy1_21', 5, None, None), code = rb888.shfe
2022-09-15 16:52:55 [com.tq.yuxuan.xxljob.task.MyTask#demoJobHandler]-[45]-[xxl-job, JobThread-5-1663231966850] 2022-02-28 21:13:57.100000 account insert order, id = strategy1_22, price = 4724.0, direction = ORDER_DIRECTION.SELL, code = rb888.shfe
2022-09-15 16:52:55 [com.tq.yuxuan.xxljob.task.MyTask#demoJobHandler]-[45]-[xxl-job, JobThread-5-1663231966850] 2022-02-28 21:13:57.200000 market receive order, id = strategy1_22, price = 4724.0, direction = ORDER_DIRECTION.SELL, code = rb888.shfe
2022-09-15 16:52:55 [com.tq.yuxuan.xxljob.task.MyTask#demoJobHandler]-[45]-[xxl-job, JobThread-5-1663231966850] 2022-02-28 21:13:58.100000 missing order strategy1_22 @ cancelling...
2022-09-15 16:52:55 [com.tq.yuxuan.xxljob.task.MyTask#demoJobHandler]-[45]-[xxl-job, JobThread-5-1663231966850] 2022-02-28 21:13:58.100000 account cancel order, id = strategy1_22, price = 4724.0, direction = ORDER_DIRECTION.SELL, code = rb888.shfe
2022-09-15 16:52:55 [com.tq.yuxuan.xxljob.task.MyTask#demoJobHandler]-[45]-[xxl-job, JobThread-5-1663231966850] 2022-02-28 21:13:58.100000 market match order, id = strategy1_22, info = ('strategy1_22', 4, 4724.0, 1), code = rb888.shfe
2022-09-15 16:52:55 [com.tq.yuxuan.xxljob.task.MyTask#demoJobHandler]-[45]-[xxl-job, JobThread-5-1663231966850] 2022-02-28 21:14:01.100000 account insert order, id = strategy1_23, price = 4727.0, direction = ORDER_DIRECTION.SELL, code = rb999.shfe
2022-09-15 16:52:55 [com.tq.yuxuan.xxljob.task.MyTask#demoJobHandler]-[45]-[xxl-job, JobThread-5-1663231966850] 2022-02-28 21:14:01.200000 market receive order, id = strategy1_23, price = 4727.0, direction = ORDER_DIRECTION.SELL, code = rb999.shfe
2022-09-15 16:52:55 [com.tq.yuxuan.xxljob.task.MyTask#demoJobHandler]-[45]-[xxl-job, JobThread-5-1663231966850] 2022-02-28 21:14:01.200000 market match order, id = strategy1_23, info = ('strategy1_23', 4, 4727.0, 1), code = rb999.shfe
2022-09-15 16:52:55 [com.tq.yuxuan.xxljob.task.MyTask#demoJobHandler]-[45]-[xxl-job, JobThread-5-1663231966850] 2022-02-28 21:15:04.100000 account insert order, id = strategy0_24, price = 4728.0, direction = ORDER_DIRECTION.BUY, code = rb999.shfe
2022-09-15 16:52:55 [com.tq.yuxuan.xxljob.task.MyTask#demoJobHandler]-[45]-[xxl-job, JobThread-5-1663231966850] 2022-02-28 21:15:04.200000 market receive order, id = strategy0_24, price = 4728.0, direction = ORDER_DIRECTION.BUY, code = rb999.shfe
2022-09-15 16:52:55 [com.tq.yuxuan.xxljob.task.MyTask#demoJobHandler]-[45]-[xxl-job, JobThread-5-1663231966850] 2022-02-28 21:15:06.100000 account cancel order, id = strategy0_24, price = 4728.0, direction = ORDER_DIRECTION.BUY, code = rb999.shfe
2022-09-15 16:52:55 [com.tq.yuxuan.xxljob.task.MyTask#demoJobHandler]-[45]-[xxl-job, JobThread-5-1663231966850] 2022-02-28 21:15:06.200000 market match order, id = strategy0_24, info = ('strategy0_24', 5, None, None), code = rb999.shfe
2022-09-15 16:52:55 [com.tq.yuxuan.xxljob.task.MyTask#demoJobHandler]-[45]-[xxl-job, JobThread-5-1663231966850] 2022-02-28 21:15:15.100000 account insert order, id = strategy1_24, price = 4728.0, direction = ORDER_DIRECTION.SELL, code = rb999.shfe
2022-09-15 16:52:55 [com.tq.yuxuan.xxljob.task.MyTask#demoJobHandler]-[45]-[xxl-job, JobThread-5-1663231966850] 2022-02-28 21:15:15.200000 market receive order, id = strategy1_24, price = 4728.0, direction = ORDER_DIRECTION.SELL, code = rb999.shfe
2022-09-15 16:52:55 [com.tq.yuxuan.xxljob.task.MyTask#demoJobHandler]-[45]-[xxl-job, JobThread-5-1663231966850] 2022-02-28 21:15:17.100000 account cancel order, id = strategy1_24, price = 4728.0, direction = ORDER_DIRECTION.SELL, code = rb999.shfe
2022-09-15 16:52:55 [com.tq.yuxuan.xxljob.task.MyTask#demoJobHandler]-[45]-[xxl-job, JobThread-5-1663231966850] 2022-02-28 21:15:17.200000 market match order, id = strategy1_24, info = ('strategy1_24', 5, None, None), code = rb999.shfe
2022-09-15 16:52:55 [com.tq.yuxuan.xxljob.task.MyTask#demoJobHandler]-[45]-[xxl-job, JobThread-5-1663231966850] 2022-02-28 21:15:18.100000 account insert order, id = strategy1_25, price = 4728.0, direction = ORDER_DIRECTION.SELL, code = rb999.shfe
2022-09-15 16:52:55 [com.tq.yuxuan.xxljob.task.MyTask#demoJobHandler]-[45]-[xxl-job, JobThread-5-1663231966850] 2022-02-28 21:15:18.200000 market receive order, id = strategy1_25, price = 4728.0, direction = ORDER_DIRECTION.SELL, code = rb999.shfe
2022-09-15 16:52:55 [com.tq.yuxuan.xxljob.task.MyTask#demoJobHandler]-[45]-[xxl-job, JobThread-5-1663231966850] 2022-02-28 21:15:23.100000 account cancel order, id = strategy1_25, price = 4728.0, direction = ORDER_DIRECTION.SELL, code = rb999.shfe
2022-09-15 16:52:55 [com.tq.yuxuan.xxljob.task.MyTask#demoJobHandler]-[45]-[xxl-job, JobThread-5-1663231966850] 2022-02-28 21:15:23.200000 market match order, id = strategy1_25, info = ('strategy1_25', 5, None, None), code = rb999.shfe
2022-09-15 16:52:55 [com.tq.yuxuan.xxljob.task.MyTask#demoJobHandler]-[45]-[xxl-job, JobThread-5-1663231966850] 2022-02-28 21:15:55.100000 account insert order, id = strategy1_26, price = 4731.0, direction = ORDER_DIRECTION.SELL, code = rb888.shfe
2022-09-15 16:52:55 [com.tq.yuxuan.xxljob.task.MyTask#demoJobHandler]-[45]-[xxl-job, JobThread-5-1663231966850] 2022-02-28 21:15:55.200000 market receive order, id = strategy1_26, price = 4731.0, direction = ORDER_DIRECTION.SELL, code = rb888.shfe
2022-09-15 16:52:55 [com.tq.yuxuan.xxljob.task.MyTask#demoJobHandler]-[45]-[xxl-job, JobThread-5-1663231966850] 2022-02-28 21:15:55.200000 market match order, id = strategy1_26, info = ('strategy1_26', 4, 4731.0, 1), code = rb888.shfe
2022-09-15 16:52:55 [com.tq.yuxuan.xxljob.task.MyTask#demoJobHandler]-[45]-[xxl-job, JobThread-5-1663231966850] 2022-02-28 21:16:17.100000 account insert order, id = strategy1_27, price = 4730.0, direction = ORDER_DIRECTION.BUY, code = rb888.shfe
2022-09-15 16:52:55 [com.tq.yuxuan.xxljob.task.MyTask#demoJobHandler]-[45]-[xxl-job, JobThread-5-1663231966850] 2022-02-28 21:16:17.200000 market receive order, id = strategy1_27, price = 4730.0, direction = ORDER_DIRECTION.BUY, code = rb888.shfe
2022-09-15 16:52:55 [com.tq.yuxuan.xxljob.task.MyTask#demoJobHandler]-[45]-[xxl-job, JobThread-5-1663231966850] 2022-02-28 21:16:19.100000 account cancel order, id = strategy1_27, price = 4730.0, direction = ORDER_DIRECTION.BUY, code = rb888.shfe
2022-09-15 16:52:55 [com.tq.yuxuan.xxljob.task.MyTask#demoJobHandler]-[45]-[xxl-job, JobThread-5-1663231966850] 2022-02-28 21:16:19.200000 market match order, id = strategy1_27, info = ('strategy1_27', 5, None, None), code = rb888.shfe
2022-09-15 16:52:55 [com.tq.yuxuan.xxljob.task.MyTask#demoJobHandler]-[45]-[xxl-job, JobThread-5-1663231966850] 2022-02-28 21:16:25.100000 account insert order, id = strategy1_28, price = 4730.0, direction = ORDER_DIRECTION.BUY, code = rb999.shfe
2022-09-15 16:52:55 [com.tq.yuxuan.xxljob.task.MyTask#demoJobHandler]-[45]-[xxl-job, JobThread-5-1663231966850] 2022-02-28 21:16:25.200000 market receive order, id = strategy1_28, price = 4730.0, direction = ORDER_DIRECTION.BUY, code = rb999.shfe
2022-09-15 16:52:55 [com.tq.yuxuan.xxljob.task.MyTask#demoJobHandler]-[45]-[xxl-job, JobThread-5-1663231966850] 2022-02-28 21:16:27.100000 market match order, id = strategy1_28, info = ('strategy1_28', 4, 4730.0, 1), code = rb999.shfe
2022-09-15 16:52:55 [com.tq.yuxuan.xxljob.task.MyTask#demoJobHandler]-[45]-[xxl-job, JobThread-5-1663231966850] 2022-02-28 21:16:41.100000 account insert order, id = strategy1_29, price = 4731.0, direction = ORDER_DIRECTION.SELL, code = rb999.shfe
2022-09-15 16:52:55 [com.tq.yuxuan.xxljob.task.MyTask#demoJobHandler]-[45]-[xxl-job, JobThread-5-1663231966850] 2022-02-28 21:16:41.200000 market receive order, id = strategy1_29, price = 4731.0, direction = ORDER_DIRECTION.SELL, code = rb999.shfe
2022-09-15 16:52:55 [com.tq.yuxuan.xxljob.task.MyTask#demoJobHandler]-[45]-[xxl-job, JobThread-5-1663231966850] 2022-02-28 21:16:43.100000 account insert order, id = strategy0_25, price = 4730.0, direction = ORDER_DIRECTION.SELL, code = rb888.shfe
2022-09-15 16:52:55 [com.tq.yuxuan.xxljob.task.MyTask#demoJobHandler]-[45]-[xxl-job, JobThread-5-1663231966850] 2022-02-28 21:16:43.200000 market receive order, id = strategy0_25, price = 4730.0, direction = ORDER_DIRECTION.SELL, code = rb888.shfe
2022-09-15 16:52:55 [com.tq.yuxuan.xxljob.task.MyTask#demoJobHandler]-[45]-[xxl-job, JobThread-5-1663231966850] 2022-02-28 21:16:44.100000 market match order, id = strategy0_25, info = ('strategy0_25', 4, 4730.0, 1), code = rb888.shfe
2022-09-15 16:52:55 [com.tq.yuxuan.xxljob.task.MyTask#demoJobHandler]-[45]-[xxl-job, JobThread-5-1663231966850] 2022-02-28 21:16:48.100000 account cancel order, id = strategy1_29, price = 4731.0, direction = ORDER_DIRECTION.SELL, code = rb999.shfe
2022-09-15 16:52:55 [com.tq.yuxuan.xxljob.task.MyTask#demoJobHandler]-[45]-[xxl-job, JobThread-5-1663231966850] 2022-02-28 21:16:48.200000 market match order, id = strategy1_29, info = ('strategy1_29', 5, None, None), code = rb999.shfe
2022-09-15 16:52:55 [com.tq.yuxuan.xxljob.task.MyTask#demoJobHandler]-[45]-[xxl-job, JobThread-5-1663231966850] 2022-02-28 21:16:50.100000 account insert order, id = strategy0_26, price = 4731.0, direction = ORDER_DIRECTION.SELL, code = rb999.shfe
2022-09-15 16:52:55 [com.tq.yuxuan.xxljob.task.MyTask#demoJobHandler]-[45]-[xxl-job, JobThread-5-1663231966850] 2022-02-28 21:16:50.200000 market receive order, id = strategy0_26, price = 4731.0, direction = ORDER_DIRECTION.SELL, code = rb999.shfe
2022-09-15 16:52:55 [com.tq.yuxuan.xxljob.task.MyTask#demoJobHandler]-[45]-[xxl-job, JobThread-5-1663231966850] 2022-02-28 21:16:53.100000 account cancel order, id = strategy0_26, price = 4731.0, direction = ORDER_DIRECTION.SELL, code = rb999.shfe
2022-09-15 16:52:55 [com.tq.yuxuan.xxljob.task.MyTask#demoJobHandler]-[45]-[xxl-job, JobThread-5-1663231966850] 2022-02-28 21:16:53.200000 market match order, id = strategy0_26, info = ('strategy0_26', 5, None, None), code = rb999.shfe
2022-09-15 16:52:55 [com.tq.yuxuan.xxljob.task.MyTask#demoJobHandler]-[45]-[xxl-job, JobThread-5-1663231966850] 2022-02-28 21:17:00.100000 account insert order, id = strategy0_27, price = 4729.0, direction = ORDER_DIRECTION.BUY, code = rb888.shfe
2022-09-15 16:52:55 [com.tq.yuxuan.xxljob.task.MyTask#demoJobHandler]-[45]-[xxl-job, JobThread-5-1663231966850] 2022-02-28 21:17:00.200000 market receive order, id = strategy0_27, price = 4729.0, direction = ORDER_DIRECTION.BUY, code = rb888.shfe
2022-09-15 16:52:55 [com.tq.yuxuan.xxljob.task.MyTask#demoJobHandler]-[45]-[xxl-job, JobThread-5-1663231966850] 2022-02-28 21:17:04.100000 account cancel order, id = strategy0_27, price = 4729.0, direction = ORDER_DIRECTION.BUY, code = rb888.shfe
2022-09-15 16:52:55 [com.tq.yuxuan.xxljob.task.MyTask#demoJobHandler]-[45]-[xxl-job, JobThread-5-1663231966850] 2022-02-28 21:17:04.200000 market match order, id = strategy0_27, info = ('strategy0_27', 5, None, None), code = rb888.shfe
2022-09-15 16:52:55 [com.tq.yuxuan.xxljob.task.MyTask#demoJobHandler]-[45]-[xxl-job, JobThread-5-1663231966850] 2022-02-28 21:17:06.100000 account insert order, id = strategy1_30, price = 4729.0, direction = ORDER_DIRECTION.BUY, code = rb999.shfe
2022-09-15 16:52:55 [com.tq.yuxuan.xxljob.task.MyTask#demoJobHandler]-[45]-[xxl-job, JobThread-5-1663231966850] 2022-02-28 21:17:06.200000 market receive order, id = strategy1_30, price = 4729.0, direction = ORDER_DIRECTION.BUY, code = rb999.shfe
2022-09-15 16:52:55 [com.tq.yuxuan.xxljob.task.MyTask#demoJobHandler]-[45]-[xxl-job, JobThread-5-1663231966850] 2022-02-28 21:17:09.100000 market match order, id = strategy1_30, info = ('strategy1_30', 4, 4729.0, 1), code = rb999.shfe
2022-09-15 16:52:55 [com.tq.yuxuan.xxljob.task.MyTask#demoJobHandler]-[45]-[xxl-job, JobThread-5-1663231966850] 2022-02-28 21:17:39.100000 account insert order, id = strategy0_28, price = 4729.0, direction = ORDER_DIRECTION.BUY, code = rb888.shfe
2022-09-15 16:52:55 [com.tq.yuxuan.xxljob.task.MyTask#demoJobHandler]-[45]-[xxl-job, JobThread-5-1663231966850] 2022-02-28 21:17:39.200000 market receive order, id = strategy0_28, price = 4729.0, direction = ORDER_DIRECTION.BUY, code = rb888.shfe
2022-09-15 16:52:55 [com.tq.yuxuan.xxljob.task.MyTask#demoJobHandler]-[45]-[xxl-job, JobThread-5-1663231966850] 2022-02-28 21:17:41.100000 account cancel order, id = strategy0_28, price = 4729.0, direction = ORDER_DIRECTION.BUY, code = rb888.shfe
2022-09-15 16:52:55 [com.tq.yuxuan.xxljob.task.MyTask#demoJobHandler]-[45]-[xxl-job, JobThread-5-1663231966850] 2022-02-28 21:17:41.200000 market match order, id = strategy0_28, info = ('strategy0_28', 5, None, None), code = rb888.shfe
2022-09-15 16:52:55 [com.tq.yuxuan.xxljob.task.MyTask#demoJobHandler]-[45]-[xxl-job, JobThread-5-1663231966850] 2022-02-28 21:17:42.100000 account insert order, id = strategy0_29, price = 4729.0, direction = ORDER_DIRECTION.BUY, code = rb888.shfe
2022-09-15 16:52:55 [com.tq.yuxuan.xxljob.task.MyTask#demoJobHandler]-[45]-[xxl-job, JobThread-5-1663231966850] 2022-02-28 21:17:42.200000 market receive order, id = strategy0_29, price = 4729.0, direction = ORDER_DIRECTION.BUY, code = rb888.shfe
2022-09-15 16:52:55 [com.tq.yuxuan.xxljob.task.MyTask#demoJobHandler]-[45]-[xxl-job, JobThread-5-1663231966850] 2022-02-28 21:17:46.100000 account cancel order, id = strategy0_29, price = 4729.0, direction = ORDER_DIRECTION.BUY, code = rb888.shfe
2022-09-15 16:52:55 [com.tq.yuxuan.xxljob.task.MyTask#demoJobHandler]-[45]-[xxl-job, JobThread-5-1663231966850] 2022-02-28 21:17:46.200000 market match order, id = strategy0_29, info = ('strategy0_29', 5, None, None), code = rb888.shfe
2022-09-15 16:52:55 [com.tq.yuxuan.xxljob.task.MyTask#demoJobHandler]-[45]-[xxl-job, JobThread-5-1663231966850] 2022-02-28 21:18:02.100000 account insert order, id = strategy0_30, price = 4731.0, direction = ORDER_DIRECTION.SELL, code = rb888.shfe
2022-09-15 16:52:55 [com.tq.yuxuan.xxljob.task.MyTask#demoJobHandler]-[45]-[xxl-job, JobThread-5-1663231966850] 2022-02-28 21:18:02.200000 market receive order, id = strategy0_30, price = 4731.0, direction = ORDER_DIRECTION.SELL, code = rb888.shfe
2022-09-15 16:52:55 [com.tq.yuxuan.xxljob.task.MyTask#demoJobHandler]-[45]-[xxl-job, JobThread-5-1663231966850] 2022-02-28 21:18:03.100000 account cancel order, id = strategy0_30, price = 4731.0, direction = ORDER_DIRECTION.SELL, code = rb888.shfe
2022-09-15 16:52:55 [com.tq.yuxuan.xxljob.task.MyTask#demoJobHandler]-[45]-[xxl-job, JobThread-5-1663231966850] 2022-02-28 21:18:03.200000 market match order, id = strategy0_30, info = ('strategy0_30', 5, None, None), code = rb888.shfe
2022-09-15 16:52:55 [com.tq.yuxuan.xxljob.task.MyTask#demoJobHandler]-[45]-[xxl-job, JobThread-5-1663231966850] 2022-02-28 21:18:34.100000 account insert order, id = strategy0_31, price = 4730.0, direction = ORDER_DIRECTION.BUY, code = rb888.shfe
2022-09-15 16:52:55 [com.tq.yuxuan.xxljob.task.MyTask#demoJobHandler]-[45]-[xxl-job, JobThread-5-1663231966850] 2022-02-28 21:18:34.200000 market receive order, id = strategy0_31, price = 4730.0, direction = ORDER_DIRECTION.BUY, code = rb888.shfe
2022-09-15 16:52:55 [com.tq.yuxuan.xxljob.task.MyTask#demoJobHandler]-[45]-[xxl-job, JobThread-5-1663231966850] 2022-02-28 21:18:36.100000 account cancel order, id = strategy0_31, price = 4730.0, direction = ORDER_DIRECTION.BUY, code = rb888.shfe
2022-09-15 16:52:55 [com.tq.yuxuan.xxljob.task.MyTask#demoJobHandler]-[45]-[xxl-job, JobThread-5-1663231966850] 2022-02-28 21:18:36.200000 market match order, id = strategy0_31, info = ('strategy0_31', 5, None, None), code = rb888.shfe
2022-09-15 16:52:55 [com.tq.yuxuan.xxljob.task.MyTask#demoJobHandler]-[45]-[xxl-job, JobThread-5-1663231966850] 2022-02-28 21:19:07.100000 account insert order, id = strategy1_31, price = 4728.0, direction = ORDER_DIRECTION.BUY, code = rb888.shfe
2022-09-15 16:52:55 [com.tq.yuxuan.xxljob.task.MyTask#demoJobHandler]-[45]-[xxl-job, JobThread-5-1663231966850] 2022-02-28 21:19:07.200000 market receive order, id = strategy1_31, price = 4728.0, direction = ORDER_DIRECTION.BUY, code = rb888.shfe
2022-09-15 16:52:55 [com.tq.yuxuan.xxljob.task.MyTask#demoJobHandler]-[45]-[xxl-job, JobThread-5-1663231966850] 2022-02-28 21:19:11.100000 account cancel order, id = strategy1_31, price = 4728.0, direction = ORDER_DIRECTION.BUY, code = rb888.shfe
2022-09-15 16:52:55 [com.tq.yuxuan.xxljob.task.MyTask#demoJobHandler]-[45]-[xxl-job, JobThread-5-1663231966850] 2022-02-28 21:19:11.200000 market match order, id = strategy1_31, info = ('strategy1_31', 5, None, None), code = rb888.shfe
2022-09-15 16:52:55 [com.tq.yuxuan.xxljob.task.MyTask#demoJobHandler]-[45]-[xxl-job, JobThread-5-1663231966850] 2022-02-28 21:19:27.100000 account insert order, id = strategy0_32, price = 4731.0, direction = ORDER_DIRECTION.SELL, code = rb999.shfe
2022-09-15 16:52:55 [com.tq.yuxuan.xxljob.task.MyTask#demoJobHandler]-[45]-[xxl-job, JobThread-5-1663231966850] 2022-02-28 21:19:27.200000 market receive order, id = strategy0_32, price = 4731.0, direction = ORDER_DIRECTION.SELL, code = rb999.shfe
2022-09-15 16:52:55 [com.tq.yuxuan.xxljob.task.MyTask#demoJobHandler]-[45]-[xxl-job, JobThread-5-1663231966850] 2022-02-28 21:19:33.100000 account cancel order, id = strategy0_32, price = 4731.0, direction = ORDER_DIRECTION.SELL, code = rb999.shfe
2022-09-15 16:52:55 [com.tq.yuxuan.xxljob.task.MyTask#demoJobHandler]-[45]-[xxl-job, JobThread-5-1663231966850] 2022-02-28 21:19:33.200000 market match order, id = strategy0_32, info = ('strategy0_32', 5, None, None), code = rb999.shfe
2022-09-15 16:52:55 [com.tq.yuxuan.xxljob.task.MyTask#demoJobHandler]-[45]-[xxl-job, JobThread-5-1663231966850] 2022-02-28 21:19:52.100000 account insert order, id = strategy1_32, price = 4729.0, direction = ORDER_DIRECTION.BUY, code = rb999.shfe
2022-09-15 16:52:55 [com.tq.yuxuan.xxljob.task.MyTask#demoJobHandler]-[45]-[xxl-job, JobThread-5-1663231966850] 2022-02-28 21:19:52.200000 market receive order, id = strategy1_32, price = 4729.0, direction = ORDER_DIRECTION.BUY, code = rb999.shfe
2022-09-15 16:52:55 [com.tq.yuxuan.xxljob.task.MyTask#demoJobHandler]-[45]-[xxl-job, JobThread-5-1663231966850] 2022-02-28 21:20:03.100000 account cancel order, id = strategy1_32, price = 4729.0, direction = ORDER_DIRECTION.BUY, code = rb999.shfe
2022-09-15 16:52:55 [com.tq.yuxuan.xxljob.task.MyTask#demoJobHandler]-[45]-[xxl-job, JobThread-5-1663231966850] 2022-02-28 21:20:03.200000 market match order, id = strategy1_32, info = ('strategy1_32', 5, None, None), code = rb999.shfe
2022-09-15 16:52:55 [com.tq.yuxuan.xxljob.task.MyTask#demoJobHandler]-[45]-[xxl-job, JobThread-5-1663231966850] 2022-02-28 21:20:06.100000 account insert order, id = strategy0_33, price = 4732.0, direction = ORDER_DIRECTION.SELL, code = rb999.shfe
2022-09-15 16:52:55 [com.tq.yuxuan.xxljob.task.MyTask#demoJobHandler]-[45]-[xxl-job, JobThread-5-1663231966850] 2022-02-28 21:20:06.200000 market receive order, id = strategy0_33, price = 4732.0, direction = ORDER_DIRECTION.SELL, code = rb999.shfe
2022-09-15 16:52:55 [com.tq.yuxuan.xxljob.task.MyTask#demoJobHandler]-[45]-[xxl-job, JobThread-5-1663231966850] 2022-02-28 21:20:15.100000 account cancel order, id = strategy0_33, price = 4732.0, direction = ORDER_DIRECTION.SELL, code = rb999.shfe
2022-09-15 16:52:55 [com.tq.yuxuan.xxljob.task.MyTask#demoJobHandler]-[45]-[xxl-job, JobThread-5-1663231966850] 2022-02-28 21:20:15.200000 market match order, id = strategy0_33, info = ('strategy0_33', 5, None, None), code = rb999.shfe
2022-09-15 16:52:55 [com.tq.yuxuan.xxljob.task.MyTask#demoJobHandler]-[45]-[xxl-job, JobThread-5-1663231966850] 2022-02-28 21:21:19.100000 account insert order, id = strategy0_34, price = 4728.0, direction = ORDER_DIRECTION.BUY, code = rb999.shfe
2022-09-15 16:52:55 [com.tq.yuxuan.xxljob.task.MyTask#demoJobHandler]-[45]-[xxl-job, JobThread-5-1663231966850] 2022-02-28 21:21:19.200000 market receive order, id = strategy0_34, price = 4728.0, direction = ORDER_DIRECTION.BUY, code = rb999.shfe
2022-09-15 16:52:55 [com.tq.yuxuan.xxljob.task.MyTask#demoJobHandler]-[45]-[xxl-job, JobThread-5-1663231966850] 2022-02-28 21:21:20.100000 missing order strategy0_34 @ cancelling...
2022-09-15 16:52:55 [com.tq.yuxuan.xxljob.task.MyTask#demoJobHandler]-[45]-[xxl-job, JobThread-5-1663231966850] 2022-02-28 21:21:20.100000 account cancel order, id = strategy0_34, price = 4728.0, direction = ORDER_DIRECTION.BUY, code = rb999.shfe
2022-09-15 16:52:55 [com.tq.yuxuan.xxljob.task.MyTask#demoJobHandler]-[45]-[xxl-job, JobThread-5-1663231966850] 2022-02-28 21:21:20.100000 market match order, id = strategy0_34, info = ('strategy0_34', 4, 4728.0, 1), code = rb999.shfe
2022-09-15 16:52:55 [com.tq.yuxuan.xxljob.task.MyTask#demoJobHandler]-[45]-[xxl-job, JobThread-5-1663231966850] 2022-02-28 21:22:00.100000 account insert order, id = strategy1_33, price = 4732.0, direction = ORDER_DIRECTION.SELL, code = rb888.shfe
2022-09-15 16:52:55 [com.tq.yuxuan.xxljob.task.MyTask#demoJobHandler]-[45]-[xxl-job, JobThread-5-1663231966850] 2022-02-28 21:22:00.200000 market receive order, id = strategy1_33, price = 4732.0, direction = ORDER_DIRECTION.SELL, code = rb888.shfe
2022-09-15 16:52:55 [com.tq.yuxuan.xxljob.task.MyTask#demoJobHandler]-[45]-[xxl-job, JobThread-5-1663231966850] 2022-02-28 21:22:04.100000 account cancel order, id = strategy1_33, price = 4732.0, direction = ORDER_DIRECTION.SELL, code = rb888.shfe
2022-09-15 16:52:55 [com.tq.yuxuan.xxljob.task.MyTask#demoJobHandler]-[45]-[xxl-job, JobThread-5-1663231966850] 2022-02-28 21:22:04.200000 market match order, id = strategy1_33, info = ('strategy1_33', 5, None, None), code = rb888.shfe
2022-09-15 16:52:55 [com.tq.yuxuan.xxljob.task.MyTask#demoJobHandler]-[45]-[xxl-job, JobThread-5-1663231966850] 2022-02-28 21:22:15.100000 account insert order, id = strategy0_35, price = 4732.0, direction = ORDER_DIRECTION.SELL, code = rb999.shfe
2022-09-15 16:52:55 [com.tq.yuxuan.xxljob.task.MyTask#demoJobHandler]-[45]-[xxl-job, JobThread-5-1663231966850] 2022-02-28 21:22:15.200000 market receive order, id = strategy0_35, price = 4732.0, direction = ORDER_DIRECTION.SELL, code = rb999.shfe
2022-09-15 16:52:55 [com.tq.yuxuan.xxljob.task.MyTask#demoJobHandler]-[45]-[xxl-job, JobThread-5-1663231966850] 2022-02-28 21:22:16.100000 account cancel order, id = strategy0_35, price = 4732.0, direction = ORDER_DIRECTION.SELL, code = rb999.shfe
2022-09-15 16:52:55 [com.tq.yuxuan.xxljob.task.MyTask#demoJobHandler]-[45]-[xxl-job, JobThread-5-1663231966850] 2022-02-28 21:22:16.200000 market match order, id = strategy0_35, info = ('strategy0_35', 5, None, None), code = rb999.shfe
2022-09-15 16:52:55 [com.tq.yuxuan.xxljob.task.MyTask#demoJobHandler]-[45]-[xxl-job, JobThread-5-1663231966850] 2022-02-28 21:22:33.100000 account insert order, id = strategy0_36, price = 4732.0, direction = ORDER_DIRECTION.SELL, code = rb888.shfe
2022-09-15 16:52:55 [com.tq.yuxuan.xxljob.task.MyTask#demoJobHandler]-[45]-[xxl-job, JobThread-5-1663231966850] 2022-02-28 21:22:33.200000 market receive order, id = strategy0_36, price = 4732.0, direction = ORDER_DIRECTION.SELL, code = rb888.shfe
2022-09-15 16:52:55 [com.tq.yuxuan.xxljob.task.MyTask#demoJobHandler]-[45]-[xxl-job, JobThread-5-1663231966850] 2022-02-28 21:22:35.100000 missing order strategy0_36 @ cancelling...
2022-09-15 16:52:55 [com.tq.yuxuan.xxljob.task.MyTask#demoJobHandler]-[45]-[xxl-job, JobThread-5-1663231966850] 2022-02-28 21:22:35.100000 account cancel order, id = strategy0_36, price = 4732.0, direction = ORDER_DIRECTION.SELL, code = rb888.shfe
2022-09-15 16:52:55 [com.tq.yuxuan.xxljob.task.MyTask#demoJobHandler]-[45]-[xxl-job, JobThread-5-1663231966850] 2022-02-28 21:22:35.100000 market match order, id = strategy0_36, info = ('strategy0_36', 4, 4732.0, 1), code = rb888.shfe
2022-09-15 16:52:55 [com.tq.yuxuan.xxljob.task.MyTask#demoJobHandler]-[45]-[xxl-job, JobThread-5-1663231966850] 2022-02-28 21:23:07.100000 account insert order, id = strategy1_34, price = 4732.0, direction = ORDER_DIRECTION.SELL, code = rb888.shfe
2022-09-15 16:52:55 [com.tq.yuxuan.xxljob.task.MyTask#demoJobHandler]-[45]-[xxl-job, JobThread-5-1663231966850] 2022-02-28 21:23:07.200000 market receive order, id = strategy1_34, price = 4732.0, direction = ORDER_DIRECTION.SELL, code = rb888.shfe
2022-09-15 16:52:55 [com.tq.yuxuan.xxljob.task.MyTask#demoJobHandler]-[45]-[xxl-job, JobThread-5-1663231966850] 2022-02-28 21:23:09.100000 account cancel order, id = strategy1_34, price = 4732.0, direction = ORDER_DIRECTION.SELL, code = rb888.shfe
2022-09-15 16:52:55 [com.tq.yuxuan.xxljob.task.MyTask#demoJobHandler]-[45]-[xxl-job, JobThread-5-1663231966850] 2022-02-28 21:23:09.200000 market match order, id = strategy1_34, info = ('strategy1_34', 5, None, None), code = rb888.shfe
2022-09-15 16:52:55 [com.tq.yuxuan.xxljob.task.MyTask#demoJobHandler]-[45]-[xxl-job, JobThread-5-1663231966850] 2022-02-28 21:23:29.100000 account insert order, id = strategy1_35, price = 4731.0, direction = ORDER_DIRECTION.SELL, code = rb888.shfe
2022-09-15 16:52:55 [com.tq.yuxuan.xxljob.task.MyTask#demoJobHandler]-[45]-[xxl-job, JobThread-5-1663231966850] 2022-02-28 21:23:29.200000 market receive order, id = strategy1_35, price = 4731.0, direction = ORDER_DIRECTION.SELL, code = rb888.shfe
2022-09-15 16:52:55 [com.tq.yuxuan.xxljob.task.MyTask#demoJobHandler]-[45]-[xxl-job, JobThread-5-1663231966850] 2022-02-28 21:23:29.200000 market match order, id = strategy1_35, info = ('strategy1_35', 4, 4731.0, 1), code = rb888.shfe
2022-09-15 16:52:55 [com.tq.yuxuan.xxljob.task.MyTask#demoJobHandler]-[45]-[xxl-job, JobThread-5-1663231966850] 2022-02-28 21:23:39.100000 account insert order, id = strategy1_36, price = 4732.0, direction = ORDER_DIRECTION.BUY, code = rb999.shfe
2022-09-15 16:52:55 [com.tq.yuxuan.xxljob.task.MyTask#demoJobHandler]-[45]-[xxl-job, JobThread-5-1663231966850] 2022-02-28 21:23:39.200000 market receive order, id = strategy1_36, price = 4732.0, direction = ORDER_DIRECTION.BUY, code = rb999.shfe
2022-09-15 16:52:55 [com.tq.yuxuan.xxljob.task.MyTask#demoJobHandler]-[45]-[xxl-job, JobThread-5-1663231966850] 2022-02-28 21:23:41.100000 account cancel order, id = strategy1_36, price = 4732.0, direction = ORDER_DIRECTION.BUY, code = rb999.shfe
2022-09-15 16:52:55 [com.tq.yuxuan.xxljob.task.MyTask#demoJobHandler]-[45]-[xxl-job, JobThread-5-1663231966850] 2022-02-28 21:23:41.200000 market match order, id = strategy1_36, info = ('strategy1_36', 5, None, None), code = rb999.shfe
2022-09-15 16:52:55 [com.tq.yuxuan.xxljob.task.MyTask#demoJobHandler]-[45]-[xxl-job, JobThread-5-1663231966850] 2022-02-28 21:23:43.100000 account insert order, id = strategy0_37, price = 4733.0, direction = ORDER_DIRECTION.SELL, code = rb888.shfe
2022-09-15 16:52:55 [com.tq.yuxuan.xxljob.task.MyTask#demoJobHandler]-[45]-[xxl-job, JobThread-5-1663231966850] 2022-02-28 21:23:43.200000 market receive order, id = strategy0_37, price = 4733.0, direction = ORDER_DIRECTION.SELL, code = rb888.shfe
2022-09-15 16:52:55 [com.tq.yuxuan.xxljob.task.MyTask#demoJobHandler]-[45]-[xxl-job, JobThread-5-1663231966850] 2022-02-28 21:23:44.100000 account cancel order, id = strategy0_37, price = 4733.0, direction = ORDER_DIRECTION.SELL, code = rb888.shfe
2022-09-15 16:52:55 [com.tq.yuxuan.xxljob.task.MyTask#demoJobHandler]-[45]-[xxl-job, JobThread-5-1663231966850] 2022-02-28 21:23:44.200000 market match order, id = strategy0_37, info = ('strategy0_37', 5, None, None), code = rb888.shfe
2022-09-15 16:52:55 [com.tq.yuxuan.xxljob.task.MyTask#demoJobHandler]-[45]-[xxl-job, JobThread-5-1663231966850] 2022-02-28 21:23:51.100000 account insert order, id = strategy1_37, price = 4733.0, direction = ORDER_DIRECTION.SELL, code = rb888.shfe
2022-09-15 16:52:55 [com.tq.yuxuan.xxljob.task.MyTask#demoJobHandler]-[45]-[xxl-job, JobThread-5-1663231966850] 2022-02-28 21:23:51.200000 market receive order, id = strategy1_37, price = 4733.0, direction = ORDER_DIRECTION.SELL, code = rb888.shfe
2022-09-15 16:52:55 [com.tq.yuxuan.xxljob.task.MyTask#demoJobHandler]-[45]-[xxl-job, JobThread-5-1663231966850] 2022-02-28 21:23:52.100000 account cancel order, id = strategy1_37, price = 4733.0, direction = ORDER_DIRECTION.SELL, code = rb888.shfe
2022-09-15 16:52:55 [com.tq.yuxuan.xxljob.task.MyTask#demoJobHandler]-[45]-[xxl-job, JobThread-5-1663231966850] 2022-02-28 21:23:52.200000 market match order, id = strategy1_37, info = ('strategy1_37', 5, None, None), code = rb888.shfe
2022-09-15 16:52:55 [com.tq.yuxuan.xxljob.task.MyTask#demoJobHandler]-[45]-[xxl-job, JobThread-5-1663231966850] 2022-02-28 21:24:01.100000 account insert order, id = strategy1_38, price = 4732.0, direction = ORDER_DIRECTION.BUY, code = rb999.shfe
2022-09-15 16:52:55 [com.tq.yuxuan.xxljob.task.MyTask#demoJobHandler]-[45]-[xxl-job, JobThread-5-1663231966850] 2022-02-28 21:24:01.200000 market receive order, id = strategy1_38, price = 4732.0, direction = ORDER_DIRECTION.BUY, code = rb999.shfe
2022-09-15 16:52:55 [com.tq.yuxuan.xxljob.task.MyTask#demoJobHandler]-[45]-[xxl-job, JobThread-5-1663231966850] 2022-02-28 21:24:02.100000 account cancel order, id = strategy1_38, price = 4732.0, direction = ORDER_DIRECTION.BUY, code = rb999.shfe
2022-09-15 16:52:55 [com.tq.yuxuan.xxljob.task.MyTask#demoJobHandler]-[45]-[xxl-job, JobThread-5-1663231966850] 2022-02-28 21:24:02.200000 market match order, id = strategy1_38, info = ('strategy1_38', 5, None, None), code = rb999.shfe
2022-09-15 16:52:55 [com.tq.yuxuan.xxljob.task.MyTask#demoJobHandler]-[45]-[xxl-job, JobThread-5-1663231966850] 2022-02-28 21:24:20.100000 account insert order, id = strategy1_39, price = 4732.0, direction = ORDER_DIRECTION.BUY, code = rb999.shfe
2022-09-15 16:52:55 [com.tq.yuxuan.xxljob.task.MyTask#demoJobHandler]-[45]-[xxl-job, JobThread-5-1663231966850] 2022-02-28 21:24:20.200000 market receive order, id = strategy1_39, price = 4732.0, direction = ORDER_DIRECTION.BUY, code = rb999.shfe
2022-09-15 16:52:55 [com.tq.yuxuan.xxljob.task.MyTask#demoJobHandler]-[45]-[xxl-job, JobThread-5-1663231966850] 2022-02-28 21:24:24.100000 market match order, id = strategy1_39, info = ('strategy1_39', 4, 4732.0, 1), code = rb999.shfe
2022-09-15 16:52:55 [com.tq.yuxuan.xxljob.task.MyTask#demoJobHandler]-[45]-[xxl-job, JobThread-5-1663231966850] 2022-02-28 21:24:42.100000 account insert order, id = strategy0_38, price = 4730.0, direction = ORDER_DIRECTION.BUY, code = rb888.shfe
2022-09-15 16:52:55 [com.tq.yuxuan.xxljob.task.MyTask#demoJobHandler]-[45]-[xxl-job, JobThread-5-1663231966850] 2022-02-28 21:24:42.200000 market receive order, id = strategy0_38, price = 4730.0, direction = ORDER_DIRECTION.BUY, code = rb888.shfe
2022-09-15 16:52:55 [com.tq.yuxuan.xxljob.task.MyTask#demoJobHandler]-[45]-[xxl-job, JobThread-5-1663231966850] 2022-02-28 21:24:46.100000 account cancel order, id = strategy0_38, price = 4730.0, direction = ORDER_DIRECTION.BUY, code = rb888.shfe
2022-09-15 16:52:55 [com.tq.yuxuan.xxljob.task.MyTask#demoJobHandler]-[45]-[xxl-job, JobThread-5-1663231966850] 2022-02-28 21:24:46.200000 market match order, id = strategy0_38, info = ('strategy0_38', 5, None, None), code = rb888.shfe
2022-09-15 16:52:55 [com.tq.yuxuan.xxljob.task.MyTask#demoJobHandler]-[45]-[xxl-job, JobThread-5-1663231966850] 2022-02-28 21:25:18.100000 account insert order, id = strategy0_39, price = 4730.0, direction = ORDER_DIRECTION.BUY, code = rb999.shfe
2022-09-15 16:52:55 [com.tq.yuxuan.xxljob.task.MyTask#demoJobHandler]-[45]-[xxl-job, JobThread-5-1663231966850] 2022-02-28 21:25:18.200000 market receive order, id = strategy0_39, price = 4730.0, direction = ORDER_DIRECTION.BUY, code = rb999.shfe
2022-09-15 16:52:55 [com.tq.yuxuan.xxljob.task.MyTask#demoJobHandler]-[45]-[xxl-job, JobThread-5-1663231966850] 2022-02-28 21:25:19.100000 account cancel order, id = strategy0_39, price = 4730.0, direction = ORDER_DIRECTION.BUY, code = rb999.shfe
2022-09-15 16:52:55 [com.tq.yuxuan.xxljob.task.MyTask#demoJobHandler]-[45]-[xxl-job, JobThread-5-1663231966850] 2022-02-28 21:25:19.200000 market match order, id = strategy0_39, info = ('strategy0_39', 5, None, None), code = rb999.shfe
2022-09-15 16:52:55 [com.tq.yuxuan.xxljob.task.MyTask#demoJobHandler]-[45]-[xxl-job, JobThread-5-1663231966850] 2022-02-28 21:25:50.100000 account insert order, id = strategy1_40, price = 4729.0, direction = ORDER_DIRECTION.SELL, code = rb888.shfe
2022-09-15 16:52:55 [com.tq.yuxuan.xxljob.task.MyTask#demoJobHandler]-[45]-[xxl-job, JobThread-5-1663231966850] 2022-02-28 21:25:50.200000 market receive order, id = strategy1_40, price = 4729.0, direction = ORDER_DIRECTION.SELL, code = rb888.shfe
2022-09-15 16:52:55 [com.tq.yuxuan.xxljob.task.MyTask#demoJobHandler]-[45]-[xxl-job, JobThread-5-1663231966850] 2022-02-28 21:25:50.200000 market match order, id = strategy1_40, info = ('strategy1_40', 4, 4729.0, 1), code = rb888.shfe
2022-09-15 16:52:55 [com.tq.yuxuan.xxljob.task.MyTask#demoJobHandler]-[45]-[xxl-job, JobThread-5-1663231966850] 2022-02-28 21:25:52.100000 account insert order, id = strategy0_40, price = 4729.0, direction = ORDER_DIRECTION.BUY, code = rb888.shfe
2022-09-15 16:52:55 [com.tq.yuxuan.xxljob.task.MyTask#demoJobHandler]-[45]-[xxl-job, JobThread-5-1663231966850] 2022-02-28 21:25:52.200000 market receive order, id = strategy0_40, price = 4729.0, direction = ORDER_DIRECTION.BUY, code = rb888.shfe
2022-09-15 16:52:55 [com.tq.yuxuan.xxljob.task.MyTask#demoJobHandler]-[45]-[xxl-job, JobThread-5-1663231966850] 2022-02-28 21:25:52.200000 market match order, id = strategy0_40, info = ('strategy0_40', 4, 4729.0, 1), code = rb888.shfe
2022-09-15 16:52:55 [com.tq.yuxuan.xxljob.task.MyTask#demoJobHandler]-[45]-[xxl-job, JobThread-5-1663231966850] 2022-02-28 21:25:56.100000 account insert order, id = strategy0_41, price = 4730.0, direction = ORDER_DIRECTION.SELL, code = rb888.shfe
2022-09-15 16:52:55 [com.tq.yuxuan.xxljob.task.MyTask#demoJobHandler]-[45]-[xxl-job, JobThread-5-1663231966850] 2022-02-28 21:25:56.200000 market receive order, id = strategy0_41, price = 4730.0, direction = ORDER_DIRECTION.SELL, code = rb888.shfe
2022-09-15 16:52:55 [com.tq.yuxuan.xxljob.task.MyTask#demoJobHandler]-[45]-[xxl-job, JobThread-5-1663231966850] 2022-02-28 21:26:00.100000 account cancel order, id = strategy0_41, price = 4730.0, direction = ORDER_DIRECTION.SELL, code = rb888.shfe
2022-09-15 16:52:55 [com.tq.yuxuan.xxljob.task.MyTask#demoJobHandler]-[45]-[xxl-job, JobThread-5-1663231966850] 2022-02-28 21:26:00.200000 market match order, id = strategy0_41, info = ('strategy0_41', 5, None, None), code = rb888.shfe
2022-09-15 16:52:55 [com.tq.yuxuan.xxljob.task.MyTask#demoJobHandler]-[45]-[xxl-job, JobThread-5-1663231966850] 2022-02-28 21:26:47.100000 account insert order, id = strategy0_42, price = 4726.0, direction = ORDER_DIRECTION.BUY, code = rb999.shfe
2022-09-15 16:52:55 [com.tq.yuxuan.xxljob.task.MyTask#demoJobHandler]-[45]-[xxl-job, JobThread-5-1663231966850] 2022-02-28 21:26:47.200000 market receive order, id = strategy0_42, price = 4726.0, direction = ORDER_DIRECTION.BUY, code = rb999.shfe
2022-09-15 16:52:55 [com.tq.yuxuan.xxljob.task.MyTask#demoJobHandler]-[45]-[xxl-job, JobThread-5-1663231966850] 2022-02-28 21:26:48.100000 account cancel order, id = strategy0_42, price = 4726.0, direction = ORDER_DIRECTION.BUY, code = rb999.shfe
2022-09-15 16:52:55 [com.tq.yuxuan.xxljob.task.MyTask#demoJobHandler]-[45]-[xxl-job, JobThread-5-1663231966850] 2022-02-28 21:26:48.200000 market match order, id = strategy0_42, info = ('strategy0_42', 5, None, None), code = rb999.shfe
2022-09-15 16:52:55 [com.tq.yuxuan.xxljob.task.MyTask#demoJobHandler]-[45]-[xxl-job, JobThread-5-1663231966850] 2022-02-28 21:26:49.100000 account insert order, id = strategy1_41, price = 4727.0, direction = ORDER_DIRECTION.SELL, code = rb999.shfe
2022-09-15 16:52:55 [com.tq.yuxuan.xxljob.task.MyTask#demoJobHandler]-[45]-[xxl-job, JobThread-5-1663231966850] 2022-02-28 21:26:49.200000 market receive order, id = strategy1_41, price = 4727.0, direction = ORDER_DIRECTION.SELL, code = rb999.shfe
2022-09-15 16:52:55 [com.tq.yuxuan.xxljob.task.MyTask#demoJobHandler]-[45]-[xxl-job, JobThread-5-1663231966850] 2022-02-28 21:26:49.200000 market match order, id = strategy1_41, info = ('strategy1_41', 4, 4727.0, 1), code = rb999.shfe
2022-09-15 16:52:55 [com.tq.yuxuan.xxljob.task.MyTask#demoJobHandler]-[45]-[xxl-job, JobThread-5-1663231966850] 2022-02-28 21:26:53.100000 account insert order, id = strategy0_43, price = 4728.0, direction = ORDER_DIRECTION.SELL, code = rb888.shfe
2022-09-15 16:52:55 [com.tq.yuxuan.xxljob.task.MyTask#demoJobHandler]-[45]-[xxl-job, JobThread-5-1663231966850] 2022-02-28 21:26:53.200000 market receive order, id = strategy0_43, price = 4728.0, direction = ORDER_DIRECTION.SELL, code = rb888.shfe
2022-09-15 16:52:55 [com.tq.yuxuan.xxljob.task.MyTask#demoJobHandler]-[45]-[xxl-job, JobThread-5-1663231966850] 2022-02-28 21:26:57.100000 account cancel order, id = strategy0_43, price = 4728.0, direction = ORDER_DIRECTION.SELL, code = rb888.shfe
2022-09-15 16:52:55 [com.tq.yuxuan.xxljob.task.MyTask#demoJobHandler]-[45]-[xxl-job, JobThread-5-1663231966850] 2022-02-28 21:26:57.200000 market match order, id = strategy0_43, info = ('strategy0_43', 5, None, None), code = rb888.shfe
2022-09-15 16:52:55 [com.tq.yuxuan.xxljob.task.MyTask#demoJobHandler]-[45]-[xxl-job, JobThread-5-1663231966850] 2022-02-28 21:27:01.100000 account insert order, id = strategy0_44, price = 4727.0, direction = ORDER_DIRECTION.BUY, code = rb999.shfe
2022-09-15 16:52:55 [com.tq.yuxuan.xxljob.task.MyTask#demoJobHandler]-[45]-[xxl-job, JobThread-5-1663231966850] 2022-02-28 21:27:01.200000 market receive order, id = strategy0_44, price = 4727.0, direction = ORDER_DIRECTION.BUY, code = rb999.shfe
2022-09-15 16:52:55 [com.tq.yuxuan.xxljob.task.MyTask#demoJobHandler]-[45]-[xxl-job, JobThread-5-1663231966850] 2022-02-28 21:27:03.100000 account cancel order, id = strategy0_44, price = 4727.0, direction = ORDER_DIRECTION.BUY, code = rb999.shfe
2022-09-15 16:52:55 [com.tq.yuxuan.xxljob.task.MyTask#demoJobHandler]-[45]-[xxl-job, JobThread-5-1663231966850] 2022-02-28 21:27:03.200000 market match order, id = strategy0_44, info = ('strategy0_44', 5, None, None), code = rb999.shfe
2022-09-15 16:52:55 [com.tq.yuxuan.xxljob.task.MyTask#demoJobHandler]-[45]-[xxl-job, JobThread-5-1663231966850] 2022-02-28 21:27:06.100000 account insert order, id = strategy0_45, price = 4729.0, direction = ORDER_DIRECTION.SELL, code = rb888.shfe
2022-09-15 16:52:55 [com.tq.yuxuan.xxljob.task.MyTask#demoJobHandler]-[45]-[xxl-job, JobThread-5-1663231966850] 2022-02-28 21:27:06.200000 market receive order, id = strategy0_45, price = 4729.0, direction = ORDER_DIRECTION.SELL, code = rb888.shfe
2022-09-15 16:52:55 [com.tq.yuxuan.xxljob.task.MyTask#demoJobHandler]-[45]-[xxl-job, JobThread-5-1663231966850] 2022-02-28 21:27:07.100000 account cancel order, id = strategy0_45, price = 4729.0, direction = ORDER_DIRECTION.SELL, code = rb888.shfe
2022-09-15 16:52:55 [com.tq.yuxuan.xxljob.task.MyTask#demoJobHandler]-[45]-[xxl-job, JobThread-5-1663231966850] 2022-02-28 21:27:07.200000 market match order, id = strategy0_45, info = ('strategy0_45', 5, None, None), code = rb888.shfe
2022-09-15 16:52:55 [com.tq.yuxuan.xxljob.task.MyTask#demoJobHandler]-[45]-[xxl-job, JobThread-5-1663231966850] 2022-02-28 21:27:10.100000 account insert order, id = strategy1_42, price = 4729.0, direction = ORDER_DIRECTION.SELL, code = rb888.shfe
2022-09-15 16:52:55 [com.tq.yuxuan.xxljob.task.MyTask#demoJobHandler]-[45]-[xxl-job, JobThread-5-1663231966850] 2022-02-28 21:27:10.200000 market receive order, id = strategy1_42, price = 4729.0, direction = ORDER_DIRECTION.SELL, code = rb888.shfe
2022-09-15 16:52:55 [com.tq.yuxuan.xxljob.task.MyTask#demoJobHandler]-[45]-[xxl-job, JobThread-5-1663231966850] 2022-02-28 21:27:15.100000 account cancel order, id = strategy1_42, price = 4729.0, direction = ORDER_DIRECTION.SELL, code = rb888.shfe
2022-09-15 16:52:55 [com.tq.yuxuan.xxljob.task.MyTask#demoJobHandler]-[45]-[xxl-job, JobThread-5-1663231966850] 2022-02-28 21:27:15.200000 market match order, id = strategy1_42, info = ('strategy1_42', 5, None, None), code = rb888.shfe
2022-09-15 16:52:55 [com.tq.yuxuan.xxljob.task.MyTask#demoJobHandler]-[45]-[xxl-job, JobThread-5-1663231966850] 2022-02-28 21:27:37.100000 account insert order, id = strategy1_43, price = 4727.0, direction = ORDER_DIRECTION.BUY, code = rb888.shfe
2022-09-15 16:52:55 [com.tq.yuxuan.xxljob.task.MyTask#demoJobHandler]-[45]-[xxl-job, JobThread-5-1663231966850] 2022-02-28 21:27:37.200000 market receive order, id = strategy1_43, price = 4727.0, direction = ORDER_DIRECTION.BUY, code = rb888.shfe
2022-09-15 16:52:55 [com.tq.yuxuan.xxljob.task.MyTask#demoJobHandler]-[45]-[xxl-job, JobThread-5-1663231966850] 2022-02-28 21:27:39.100000 account cancel order, id = strategy1_43, price = 4727.0, direction = ORDER_DIRECTION.BUY, code = rb888.shfe
2022-09-15 16:52:55 [com.tq.yuxuan.xxljob.task.MyTask#demoJobHandler]-[45]-[xxl-job, JobThread-5-1663231966850] 2022-02-28 21:27:39.200000 market match order, id = strategy1_43, info = ('strategy1_43', 5, None, None), code = rb888.shfe
2022-09-15 16:52:55 [com.tq.yuxuan.xxljob.task.MyTask#demoJobHandler]-[45]-[xxl-job, JobThread-5-1663231966850] 2022-02-28 21:27:52.100000 account insert order, id = strategy1_44, price = 4729.0, direction = ORDER_DIRECTION.SELL, code = rb999.shfe
2022-09-15 16:52:55 [com.tq.yuxuan.xxljob.task.MyTask#demoJobHandler]-[45]-[xxl-job, JobThread-5-1663231966850] 2022-02-28 21:27:52.200000 market receive order, id = strategy1_44, price = 4729.0, direction = ORDER_DIRECTION.SELL, code = rb999.shfe
2022-09-15 16:52:55 [com.tq.yuxuan.xxljob.task.MyTask#demoJobHandler]-[45]-[xxl-job, JobThread-5-1663231966850] 2022-02-28 21:27:57.100000 account cancel order, id = strategy1_44, price = 4729.0, direction = ORDER_DIRECTION.SELL, code = rb999.shfe
2022-09-15 16:52:55 [com.tq.yuxuan.xxljob.task.MyTask#demoJobHandler]-[45]-[xxl-job, JobThread-5-1663231966850] 2022-02-28 21:27:57.200000 market match order, id = strategy1_44, info = ('strategy1_44', 5, None, None), code = rb999.shfe
2022-09-15 16:52:55 [com.tq.yuxuan.xxljob.task.MyTask#demoJobHandler]-[45]-[xxl-job, JobThread-5-1663231966850] 2022-02-28 21:28:35.100000 account insert order, id = strategy0_46, price = 4726.0, direction = ORDER_DIRECTION.BUY, code = rb999.shfe
2022-09-15 16:52:55 [com.tq.yuxuan.xxljob.task.MyTask#demoJobHandler]-[45]-[xxl-job, JobThread-5-1663231966850] 2022-02-28 21:28:35.200000 market receive order, id = strategy0_46, price = 4726.0, direction = ORDER_DIRECTION.BUY, code = rb999.shfe
2022-09-15 16:52:55 [com.tq.yuxuan.xxljob.task.MyTask#demoJobHandler]-[45]-[xxl-job, JobThread-5-1663231966850] 2022-02-28 21:28:36.100000 account insert order, id = strategy1_45, price = 4726.0, direction = ORDER_DIRECTION.BUY, code = rb888.shfe
2022-09-15 16:52:55 [com.tq.yuxuan.xxljob.task.MyTask#demoJobHandler]-[45]-[xxl-job, JobThread-5-1663231966850] 2022-02-28 21:28:36.200000 market receive order, id = strategy1_45, price = 4726.0, direction = ORDER_DIRECTION.BUY, code = rb888.shfe
2022-09-15 16:52:55 [com.tq.yuxuan.xxljob.task.MyTask#demoJobHandler]-[45]-[xxl-job, JobThread-5-1663231966850] 2022-02-28 21:28:40.100000 account cancel order, id = strategy1_45, price = 4726.0, direction = ORDER_DIRECTION.BUY, code = rb888.shfe
2022-09-15 16:52:55 [com.tq.yuxuan.xxljob.task.MyTask#demoJobHandler]-[45]-[xxl-job, JobThread-5-1663231966850] 2022-02-28 21:28:40.100000 account cancel order, id = strategy0_46, price = 4726.0, direction = ORDER_DIRECTION.BUY, code = rb999.shfe
2022-09-15 16:52:55 [com.tq.yuxuan.xxljob.task.MyTask#demoJobHandler]-[45]-[xxl-job, JobThread-5-1663231966850] 2022-02-28 21:28:40.200000 market match order, id = strategy1_45, info = ('strategy1_45', 5, None, None), code = rb888.shfe
2022-09-15 16:52:55 [com.tq.yuxuan.xxljob.task.MyTask#demoJobHandler]-[45]-[xxl-job, JobThread-5-1663231966850] 2022-02-28 21:28:40.200000 market match order, id = strategy0_46, info = ('strategy0_46', 5, None, None), code = rb999.shfe
2022-09-15 16:52:55 [com.tq.yuxuan.xxljob.task.MyTask#demoJobHandler]-[45]-[xxl-job, JobThread-5-1663231966850] 2022-02-28 21:29:49.100000 account insert order, id = strategy1_46, price = 4731.0, direction = ORDER_DIRECTION.SELL, code = rb999.shfe
2022-09-15 16:52:55 [com.tq.yuxuan.xxljob.task.MyTask#demoJobHandler]-[45]-[xxl-job, JobThread-5-1663231966850] 2022-02-28 21:29:49.200000 market receive order, id = strategy1_46, price = 4731.0, direction = ORDER_DIRECTION.SELL, code = rb999.shfe
2022-09-15 16:52:55 [com.tq.yuxuan.xxljob.task.MyTask#demoJobHandler]-[45]-[xxl-job, JobThread-5-1663231966850] 2022-02-28 21:29:50.100000 account cancel order, id = strategy1_46, price = 4731.0, direction = ORDER_DIRECTION.SELL, code = rb999.shfe
2022-09-15 16:52:55 [com.tq.yuxuan.xxljob.task.MyTask#demoJobHandler]-[45]-[xxl-job, JobThread-5-1663231966850] 2022-02-28 21:29:50.200000 market match order, id = strategy1_46, info = ('strategy1_46', 5, None, None), code = rb999.shfe
2022-09-15 16:52:55 [com.tq.yuxuan.xxljob.task.MyTask#demoJobHandler]-[45]-[xxl-job, JobThread-5-1663231966850] strategy0 {'rb888.shfe': [('strategy0_5', 5, None, None), ('strategy0_6', 4, 4727.0, 1), ('strategy0_8', 4, 4725.0, 1), ('strategy0_10', 4, 4730.0, 1), ('strategy0_17', 5, None, None), ('strategy0_18', 4, 4724.0, 1), ('strategy0_21', 5, None, None), ('strategy0_22', 5, None, None), ('strategy0_23', 4, 4723.0, 1), ('strategy0_25', 4, 4730.0, 1), ('strategy0_27', 5, None, None), ('strategy0_28', 5, None, None), ('strategy0_29', 5, None, None), ('strategy0_30', 5, None, None), ('strategy0_31', 5, None, None), ('strategy0_36', 4, 4732.0, 1), ('strategy0_37', 5, None, None), ('strategy0_38', 5, None, None), ('strategy0_40', 4, 4729.0, 1), ('strategy0_41', 5, None, None), ('strategy0_43', 5, None, None), ('strategy0_45', 5, None, None)], 'rb999.shfe': [('strategy0_0', 5, None, None), ('strategy0_1', 5, None, None), ('strategy0_2', 5, None, None), ('strategy0_3', 4, 4724.0, 1), ('strategy0_4', 5, None, None), ('strategy0_7', 5, None, None), ('strategy0_9', 5, None, None), ('strategy0_11', 4, 4729.0, 1), ('strategy0_12', 5, None, None), ('strategy0_13', 5, None, None), ('strategy0_14', 4, 4722.0, 1), ('strategy0_15', 4, 4722.0, 1), ('strategy0_16', 5, None, None), ('strategy0_19', 5, None, None), ('strategy0_20', 4, 4725.0, 1), ('strategy0_24', 5, None, None), ('strategy0_26', 5, None, None), ('strategy0_32', 5, None, None), ('strategy0_33', 5, None, None), ('strategy0_34', 4, 4728.0, 1), ('strategy0_35', 5, None, None), ('strategy0_39', 5, None, None), ('strategy0_42', 5, None, None), ('strategy0_44', 5, None, None), ('strategy0_46', 5, None, None)]}
2022-09-15 16:52:55 [com.tq.yuxuan.xxljob.task.MyTask#demoJobHandler]-[45]-[xxl-job, JobThread-5-1663231966850] strategy1 {'rb888.shfe': [('strategy1_0', 4, 4718.0, 1), ('strategy1_2', 5, None, None), ('strategy1_7', 4, 4725.0, 1), ('strategy1_8', 5, None, None), ('strategy1_10', 5, None, None), ('strategy1_12', 4, 4720.0, 1), ('strategy1_13', 4, 4719.0, 1), ('strategy1_14', 5, None, None), ('strategy1_15', 4, 4725.0, 1), ('strategy1_16', 5, None, None), ('strategy1_20', 5, None, None), ('strategy1_21', 5, None, None), ('strategy1_22', 4, 4724.0, 1), ('strategy1_26', 4, 4731.0, 1), ('strategy1_27', 5, None, None), ('strategy1_31', 5, None, None), ('strategy1_33', 5, None, None), ('strategy1_34', 5, None, None), ('strategy1_35', 4, 4731.0, 1), ('strategy1_37', 5, None, None), ('strategy1_40', 4, 4729.0, 1), ('strategy1_42', 5, None, None), ('strategy1_43', 5, None, None), ('strategy1_45', 5, None, None)], 'rb999.shfe': [('strategy1_1', 4, 4719.0, 1), ('strategy1_3', 5, None, None), ('strategy1_4', 5, None, None), ('strategy1_5', 4, 4726.0, 1), ('strategy1_6', 4, 4725.0, 1), ('strategy1_9', 4, 4726.0, 1), ('strategy1_11', 5, None, None), ('strategy1_18', 4, 4723.0, 1), ('strategy1_17', 5, None, None), ('strategy1_19', 5, None, None), ('strategy1_23', 4, 4727.0, 1), ('strategy1_24', 5, None, None), ('strategy1_25', 5, None, None), ('strategy1_28', 4, 4730.0, 1), ('strategy1_29', 5, None, None), ('strategy1_30', 4, 4729.0, 1), ('strategy1_32', 5, None, None), ('strategy1_36', 5, None, None), ('strategy1_38', 5, None, None), ('strategy1_39', 4, 4732.0, 1), ('strategy1_41', 4, 4727.0, 1), ('strategy1_44', 5, None, None), ('strategy1_46', 5, None, None)]}
2022-09-15 16:52:55 [com.tq.yuxuan.xxljob.task.MyTask#demoJobHandler]-[55]-[xxl-job, JobThread-5-1663231966850] TransQuant tick回测任务完成.
2022-09-15 16:52:55 [com.xxl.job.core.thread.JobThread#run]-[179]-[xxl-job, JobThread-5-1663231966850] <br>----------- xxl-job job execute end(finish) -----------<br>----------- Result: handleCode=200, handleMsg = null
2022-09-15 16:52:55 [com.xxl.job.core.thread.TriggerCallbackThread#callbackLog]-[197]-[xxl-job, executor TriggerCallbackThread] <br>----------- xxl-job job callback finish.
