2022-09-15 16:52:52 [com.xxl.job.core.thread.JobThread#run]-[133]-[xxl-job, JobThread-5-1663231972008] <br>----------- xxl-job job execute start -----------<br>----------- Param:
2022-09-15 16:52:52 [com.tq.yuxuan.xxljob.task.MyTask#demoJobHandler]-[30]-[xxl-job, JobThread-5-1663231972008] TransQuant tick回测任务启动.
2022-09-15 16:52:52 [com.tq.yuxuan.xxljob.task.MyTask#demoJobHandler]-[36]-[xxl-job, JobThread-5-1663231972008] 分片参数：当前分片序号 = 1, 总分片数 = 2
2022-09-15 16:52:57 [com.tq.yuxuan.xxljob.task.MyTask#demoJobHandler]-[45]-[xxl-job, JobThread-5-1663231972008] inserting match-info timestep events...
2022-09-15 16:52:57 [com.tq.yuxuan.xxljob.task.MyTask#demoJobHandler]-[45]-[xxl-job, JobThread-5-1663231972008] inserting market timestep events...
2022-09-15 16:52:57 [com.tq.yuxuan.xxljob.task.MyTask#demoJobHandler]-[45]-[xxl-job, JobThread-5-1663231972008] inserting match-info timestep events...
2022-09-15 16:52:57 [com.tq.yuxuan.xxljob.task.MyTask#demoJobHandler]-[45]-[xxl-job, JobThread-5-1663231972008] 2022-02-28 21:00:01.100000 account insert order, id = strategy1_0, price = 4711.0, direction = ORDER_DIRECTION.BUY, code = rb999.shfe
2022-09-15 16:52:57 [com.tq.yuxuan.xxljob.task.MyTask#demoJobHandler]-[45]-[xxl-job, JobThread-5-1663231972008] 2022-02-28 21:00:01.200000 market receive order, id = strategy1_0, price = 4711.0, direction = ORDER_DIRECTION.BUY, code = rb999.shfe
2022-09-15 16:52:57 [com.tq.yuxuan.xxljob.task.MyTask#demoJobHandler]-[45]-[xxl-job, JobThread-5-1663231972008] 2022-02-28 21:00:04.100000 account insert order, id = strategy0_0, price = 4716.0, direction = ORDER_DIRECTION.BUY, code = rb888.shfe
2022-09-15 16:52:57 [com.tq.yuxuan.xxljob.task.MyTask#demoJobHandler]-[45]-[xxl-job, JobThread-5-1663231972008] 2022-02-28 21:00:04.200000 market receive order, id = strategy0_0, price = 4716.0, direction = ORDER_DIRECTION.BUY, code = rb888.shfe
2022-09-15 16:52:57 [com.tq.yuxuan.xxljob.task.MyTask#demoJobHandler]-[45]-[xxl-job, JobThread-5-1663231972008] 2022-02-28 21:00:04.200000 market match order, id = strategy0_0, info = ('strategy0_0', 4, 4716.0, 1), code = rb888.shfe
2022-09-15 16:52:57 [com.tq.yuxuan.xxljob.task.MyTask#demoJobHandler]-[45]-[xxl-job, JobThread-5-1663231972008] 2022-02-28 21:00:07.100000 account cancel order, id = strategy1_0, price = 4711.0, direction = ORDER_DIRECTION.BUY, code = rb999.shfe
2022-09-15 16:52:57 [com.tq.yuxuan.xxljob.task.MyTask#demoJobHandler]-[45]-[xxl-job, JobThread-5-1663231972008] 2022-02-28 21:00:07.200000 market match order, id = strategy1_0, info = ('strategy1_0', 5, None, None), code = rb999.shfe
2022-09-15 16:52:57 [com.tq.yuxuan.xxljob.task.MyTask#demoJobHandler]-[45]-[xxl-job, JobThread-5-1663231972008] 2022-02-28 21:00:20.100000 account insert order, id = strategy1_1, price = 4719.0, direction = ORDER_DIRECTION.BUY, code = rb888.shfe
2022-09-15 16:52:57 [com.tq.yuxuan.xxljob.task.MyTask#demoJobHandler]-[45]-[xxl-job, JobThread-5-1663231972008] 2022-02-28 21:00:20.200000 market receive order, id = strategy1_1, price = 4719.0, direction = ORDER_DIRECTION.BUY, code = rb888.shfe
2022-09-15 16:52:57 [com.tq.yuxuan.xxljob.task.MyTask#demoJobHandler]-[45]-[xxl-job, JobThread-5-1663231972008] 2022-02-28 21:00:21.100000 market match order, id = strategy1_1, info = ('strategy1_1', 4, 4718.0, 1), code = rb888.shfe
2022-09-15 16:52:57 [com.tq.yuxuan.xxljob.task.MyTask#demoJobHandler]-[45]-[xxl-job, JobThread-5-1663231972008] 2022-02-28 21:00:37.100000 account insert order, id = strategy0_1, price = 4719.0, direction = ORDER_DIRECTION.SELL, code = rb888.shfe
2022-09-15 16:52:57 [com.tq.yuxuan.xxljob.task.MyTask#demoJobHandler]-[45]-[xxl-job, JobThread-5-1663231972008] 2022-02-28 21:00:37.200000 market receive order, id = strategy0_1, price = 4719.0, direction = ORDER_DIRECTION.SELL, code = rb888.shfe
2022-09-15 16:52:57 [com.tq.yuxuan.xxljob.task.MyTask#demoJobHandler]-[45]-[xxl-job, JobThread-5-1663231972008] 2022-02-28 21:00:38.100000 account insert order, id = strategy1_2, price = 4717.0, direction = ORDER_DIRECTION.BUY, code = rb999.shfe
2022-09-15 16:52:57 [com.tq.yuxuan.xxljob.task.MyTask#demoJobHandler]-[45]-[xxl-job, JobThread-5-1663231972008] 2022-02-28 21:00:38.200000 market receive order, id = strategy1_2, price = 4717.0, direction = ORDER_DIRECTION.BUY, code = rb999.shfe
2022-09-15 16:52:57 [com.tq.yuxuan.xxljob.task.MyTask#demoJobHandler]-[45]-[xxl-job, JobThread-5-1663231972008] 2022-02-28 21:00:39.100000 missing order strategy0_1 @ cancelling...
2022-09-15 16:52:57 [com.tq.yuxuan.xxljob.task.MyTask#demoJobHandler]-[45]-[xxl-job, JobThread-5-1663231972008] 2022-02-28 21:00:39.100000 account cancel order, id = strategy0_1, price = 4719.0, direction = ORDER_DIRECTION.SELL, code = rb888.shfe
2022-09-15 16:52:57 [com.tq.yuxuan.xxljob.task.MyTask#demoJobHandler]-[45]-[xxl-job, JobThread-5-1663231972008] 2022-02-28 21:00:39.100000 market match order, id = strategy0_1, info = ('strategy0_1', 4, 4719.0, 1), code = rb888.shfe
2022-09-15 16:52:57 [com.tq.yuxuan.xxljob.task.MyTask#demoJobHandler]-[45]-[xxl-job, JobThread-5-1663231972008] 2022-02-28 21:00:41.100000 account insert order, id = strategy1_3, price = 4719.0, direction = ORDER_DIRECTION.SELL, code = rb999.shfe
2022-09-15 16:52:57 [com.tq.yuxuan.xxljob.task.MyTask#demoJobHandler]-[45]-[xxl-job, JobThread-5-1663231972008] 2022-02-28 21:00:41.200000 market receive order, id = strategy1_3, price = 4719.0, direction = ORDER_DIRECTION.SELL, code = rb999.shfe
2022-09-15 16:52:57 [com.tq.yuxuan.xxljob.task.MyTask#demoJobHandler]-[45]-[xxl-job, JobThread-5-1663231972008] 2022-02-28 21:00:42.100000 account cancel order, id = strategy1_2, price = 4717.0, direction = ORDER_DIRECTION.BUY, code = rb999.shfe
2022-09-15 16:52:57 [com.tq.yuxuan.xxljob.task.MyTask#demoJobHandler]-[45]-[xxl-job, JobThread-5-1663231972008] 2022-02-28 21:00:42.100000 account cancel order, id = strategy1_3, price = 4719.0, direction = ORDER_DIRECTION.SELL, code = rb999.shfe
2022-09-15 16:52:57 [com.tq.yuxuan.xxljob.task.MyTask#demoJobHandler]-[45]-[xxl-job, JobThread-5-1663231972008] 2022-02-28 21:00:42.200000 market match order, id = strategy1_2, info = ('strategy1_2', 5, None, None), code = rb999.shfe
2022-09-15 16:52:57 [com.tq.yuxuan.xxljob.task.MyTask#demoJobHandler]-[45]-[xxl-job, JobThread-5-1663231972008] 2022-02-28 21:00:42.200000 market match order, id = strategy1_3, info = ('strategy1_3', 5, None, None), code = rb999.shfe
2022-09-15 16:52:57 [com.tq.yuxuan.xxljob.task.MyTask#demoJobHandler]-[45]-[xxl-job, JobThread-5-1663231972008] 2022-02-28 21:01:03.100000 account insert order, id = strategy0_2, price = 4721.0, direction = ORDER_DIRECTION.BUY, code = rb999.shfe
2022-09-15 16:52:57 [com.tq.yuxuan.xxljob.task.MyTask#demoJobHandler]-[45]-[xxl-job, JobThread-5-1663231972008] 2022-02-28 21:01:03.200000 market receive order, id = strategy0_2, price = 4721.0, direction = ORDER_DIRECTION.BUY, code = rb999.shfe
2022-09-15 16:52:57 [com.tq.yuxuan.xxljob.task.MyTask#demoJobHandler]-[45]-[xxl-job, JobThread-5-1663231972008] 2022-02-28 21:01:04.100000 market match order, id = strategy0_2, info = ('strategy0_2', 4, 4719.0, 1), code = rb999.shfe
2022-09-15 16:52:57 [com.tq.yuxuan.xxljob.task.MyTask#demoJobHandler]-[45]-[xxl-job, JobThread-5-1663231972008] 2022-02-28 21:01:32.100000 account insert order, id = strategy0_3, price = 4725.0, direction = ORDER_DIRECTION.SELL, code = rb888.shfe
2022-09-15 16:52:57 [com.tq.yuxuan.xxljob.task.MyTask#demoJobHandler]-[45]-[xxl-job, JobThread-5-1663231972008] 2022-02-28 21:01:32.200000 market receive order, id = strategy0_3, price = 4725.0, direction = ORDER_DIRECTION.SELL, code = rb888.shfe
2022-09-15 16:52:57 [com.tq.yuxuan.xxljob.task.MyTask#demoJobHandler]-[45]-[xxl-job, JobThread-5-1663231972008] 2022-02-28 21:01:34.100000 account cancel order, id = strategy0_3, price = 4725.0, direction = ORDER_DIRECTION.SELL, code = rb888.shfe
2022-09-15 16:52:57 [com.tq.yuxuan.xxljob.task.MyTask#demoJobHandler]-[45]-[xxl-job, JobThread-5-1663231972008] 2022-02-28 21:01:34.200000 market match order, id = strategy0_3, info = ('strategy0_3', 5, None, None), code = rb888.shfe
2022-09-15 16:52:57 [com.tq.yuxuan.xxljob.task.MyTask#demoJobHandler]-[45]-[xxl-job, JobThread-5-1663231972008] 2022-02-28 21:02:16.100000 account insert order, id = strategy0_4, price = 4724.0, direction = ORDER_DIRECTION.SELL, code = rb888.shfe
2022-09-15 16:52:57 [com.tq.yuxuan.xxljob.task.MyTask#demoJobHandler]-[45]-[xxl-job, JobThread-5-1663231972008] 2022-02-28 21:02:16.200000 market receive order, id = strategy0_4, price = 4724.0, direction = ORDER_DIRECTION.SELL, code = rb888.shfe
2022-09-15 16:52:57 [com.tq.yuxuan.xxljob.task.MyTask#demoJobHandler]-[45]-[xxl-job, JobThread-5-1663231972008] 2022-02-28 21:02:16.200000 market match order, id = strategy0_4, info = ('strategy0_4', 4, 4724.0, 1), code = rb888.shfe
2022-09-15 16:52:57 [com.tq.yuxuan.xxljob.task.MyTask#demoJobHandler]-[45]-[xxl-job, JobThread-5-1663231972008] 2022-02-28 21:02:25.100000 account insert order, id = strategy1_4, price = 4724.0, direction = ORDER_DIRECTION.BUY, code = rb999.shfe
2022-09-15 16:52:57 [com.tq.yuxuan.xxljob.task.MyTask#demoJobHandler]-[45]-[xxl-job, JobThread-5-1663231972008] 2022-02-28 21:02:25.200000 market receive order, id = strategy1_4, price = 4724.0, direction = ORDER_DIRECTION.BUY, code = rb999.shfe
2022-09-15 16:52:57 [com.tq.yuxuan.xxljob.task.MyTask#demoJobHandler]-[45]-[xxl-job, JobThread-5-1663231972008] 2022-02-28 21:02:25.200000 market match order, id = strategy1_4, info = ('strategy1_4', 4, 4724.0, 1), code = rb999.shfe
2022-09-15 16:52:57 [com.tq.yuxuan.xxljob.task.MyTask#demoJobHandler]-[45]-[xxl-job, JobThread-5-1663231972008] 2022-02-28 21:02:27.100000 account insert order, id = strategy0_5, price = 4724.0, direction = ORDER_DIRECTION.SELL, code = rb888.shfe
2022-09-15 16:52:57 [com.tq.yuxuan.xxljob.task.MyTask#demoJobHandler]-[45]-[xxl-job, JobThread-5-1663231972008] 2022-02-28 21:02:27.200000 market receive order, id = strategy0_5, price = 4724.0, direction = ORDER_DIRECTION.SELL, code = rb888.shfe
2022-09-15 16:52:57 [com.tq.yuxuan.xxljob.task.MyTask#demoJobHandler]-[45]-[xxl-job, JobThread-5-1663231972008] 2022-02-28 21:02:28.100000 market match order, id = strategy0_5, info = ('strategy0_5', 4, 4724.0, 1), code = rb888.shfe
2022-09-15 16:52:57 [com.tq.yuxuan.xxljob.task.MyTask#demoJobHandler]-[45]-[xxl-job, JobThread-5-1663231972008] 2022-02-28 21:02:41.100000 account insert order, id = strategy1_5, price = 4728.0, direction = ORDER_DIRECTION.SELL, code = rb999.shfe
2022-09-15 16:52:57 [com.tq.yuxuan.xxljob.task.MyTask#demoJobHandler]-[45]-[xxl-job, JobThread-5-1663231972008] 2022-02-28 21:02:41.200000 market receive order, id = strategy1_5, price = 4728.0, direction = ORDER_DIRECTION.SELL, code = rb999.shfe
2022-09-15 16:52:57 [com.tq.yuxuan.xxljob.task.MyTask#demoJobHandler]-[45]-[xxl-job, JobThread-5-1663231972008] 2022-02-28 21:02:42.100000 account cancel order, id = strategy1_5, price = 4728.0, direction = ORDER_DIRECTION.SELL, code = rb999.shfe
2022-09-15 16:52:57 [com.tq.yuxuan.xxljob.task.MyTask#demoJobHandler]-[45]-[xxl-job, JobThread-5-1663231972008] 2022-02-28 21:02:42.200000 market match order, id = strategy1_5, info = ('strategy1_5', 5, None, None), code = rb999.shfe
2022-09-15 16:52:57 [com.tq.yuxuan.xxljob.task.MyTask#demoJobHandler]-[45]-[xxl-job, JobThread-5-1663231972008] 2022-02-28 21:02:44.100000 account insert order, id = strategy0_6, price = 4726.0, direction = ORDER_DIRECTION.BUY, code = rb999.shfe
2022-09-15 16:52:57 [com.tq.yuxuan.xxljob.task.MyTask#demoJobHandler]-[45]-[xxl-job, JobThread-5-1663231972008] 2022-02-28 21:02:44.200000 market receive order, id = strategy0_6, price = 4726.0, direction = ORDER_DIRECTION.BUY, code = rb999.shfe
2022-09-15 16:52:57 [com.tq.yuxuan.xxljob.task.MyTask#demoJobHandler]-[45]-[xxl-job, JobThread-5-1663231972008] 2022-02-28 21:02:44.200000 market match order, id = strategy0_6, info = ('strategy0_6', 4, 4726.0, 1), code = rb999.shfe
2022-09-15 16:52:57 [com.tq.yuxuan.xxljob.task.MyTask#demoJobHandler]-[45]-[xxl-job, JobThread-5-1663231972008] 2022-02-28 21:03:01.100000 account insert order, id = strategy1_6, price = 4726.0, direction = ORDER_DIRECTION.BUY, code = rb888.shfe
2022-09-15 16:52:57 [com.tq.yuxuan.xxljob.task.MyTask#demoJobHandler]-[45]-[xxl-job, JobThread-5-1663231972008] 2022-02-28 21:03:01.200000 market receive order, id = strategy1_6, price = 4726.0, direction = ORDER_DIRECTION.BUY, code = rb888.shfe
2022-09-15 16:52:57 [com.tq.yuxuan.xxljob.task.MyTask#demoJobHandler]-[45]-[xxl-job, JobThread-5-1663231972008] 2022-02-28 21:03:02.100000 account cancel order, id = strategy1_6, price = 4726.0, direction = ORDER_DIRECTION.BUY, code = rb888.shfe
2022-09-15 16:52:57 [com.tq.yuxuan.xxljob.task.MyTask#demoJobHandler]-[45]-[xxl-job, JobThread-5-1663231972008] 2022-02-28 21:03:02.200000 market match order, id = strategy1_6, info = ('strategy1_6', 5, None, None), code = rb888.shfe
2022-09-15 16:52:57 [com.tq.yuxuan.xxljob.task.MyTask#demoJobHandler]-[45]-[xxl-job, JobThread-5-1663231972008] 2022-02-28 21:03:11.100000 account insert order, id = strategy0_7, price = 4728.0, direction = ORDER_DIRECTION.BUY, code = rb888.shfe
2022-09-15 16:52:57 [com.tq.yuxuan.xxljob.task.MyTask#demoJobHandler]-[45]-[xxl-job, JobThread-5-1663231972008] 2022-02-28 21:03:11.200000 market receive order, id = strategy0_7, price = 4728.0, direction = ORDER_DIRECTION.BUY, code = rb888.shfe
2022-09-15 16:52:57 [com.tq.yuxuan.xxljob.task.MyTask#demoJobHandler]-[45]-[xxl-job, JobThread-5-1663231972008] 2022-02-28 21:03:14.100000 market match order, id = strategy0_7, info = ('strategy0_7', 4, 4728.0, 1), code = rb888.shfe
2022-09-15 16:52:57 [com.tq.yuxuan.xxljob.task.MyTask#demoJobHandler]-[45]-[xxl-job, JobThread-5-1663231972008] 2022-02-28 21:03:19.100000 account insert order, id = strategy1_7, price = 4728.0, direction = ORDER_DIRECTION.SELL, code = rb888.shfe
2022-09-15 16:52:57 [com.tq.yuxuan.xxljob.task.MyTask#demoJobHandler]-[45]-[xxl-job, JobThread-5-1663231972008] 2022-02-28 21:03:19.200000 market receive order, id = strategy1_7, price = 4728.0, direction = ORDER_DIRECTION.SELL, code = rb888.shfe
2022-09-15 16:52:57 [com.tq.yuxuan.xxljob.task.MyTask#demoJobHandler]-[45]-[xxl-job, JobThread-5-1663231972008] 2022-02-28 21:03:21.100000 account cancel order, id = strategy1_7, price = 4728.0, direction = ORDER_DIRECTION.SELL, code = rb888.shfe
2022-09-15 16:52:57 [com.tq.yuxuan.xxljob.task.MyTask#demoJobHandler]-[45]-[xxl-job, JobThread-5-1663231972008] 2022-02-28 21:03:21.200000 market match order, id = strategy1_7, info = ('strategy1_7', 5, None, None), code = rb888.shfe
2022-09-15 16:52:57 [com.tq.yuxuan.xxljob.task.MyTask#demoJobHandler]-[45]-[xxl-job, JobThread-5-1663231972008] 2022-02-28 21:03:42.100000 account insert order, id = strategy1_8, price = 4725.0, direction = ORDER_DIRECTION.BUY, code = rb888.shfe
2022-09-15 16:52:57 [com.tq.yuxuan.xxljob.task.MyTask#demoJobHandler]-[45]-[xxl-job, JobThread-5-1663231972008] 2022-02-28 21:03:42.200000 market receive order, id = strategy1_8, price = 4725.0, direction = ORDER_DIRECTION.BUY, code = rb888.shfe
2022-09-15 16:52:57 [com.tq.yuxuan.xxljob.task.MyTask#demoJobHandler]-[45]-[xxl-job, JobThread-5-1663231972008] 2022-02-28 21:03:43.100000 missing order strategy1_8 @ cancelling...
2022-09-15 16:52:57 [com.tq.yuxuan.xxljob.task.MyTask#demoJobHandler]-[45]-[xxl-job, JobThread-5-1663231972008] 2022-02-28 21:03:43.100000 account cancel order, id = strategy1_8, price = 4725.0, direction = ORDER_DIRECTION.BUY, code = rb888.shfe
2022-09-15 16:52:57 [com.tq.yuxuan.xxljob.task.MyTask#demoJobHandler]-[45]-[xxl-job, JobThread-5-1663231972008] 2022-02-28 21:03:43.100000 market match order, id = strategy1_8, info = ('strategy1_8', 4, 4725.0, 1), code = rb888.shfe
2022-09-15 16:52:57 [com.tq.yuxuan.xxljob.task.MyTask#demoJobHandler]-[45]-[xxl-job, JobThread-5-1663231972008] 2022-02-28 21:03:54.100000 account insert order, id = strategy0_8, price = 4727.0, direction = ORDER_DIRECTION.BUY, code = rb999.shfe
2022-09-15 16:52:57 [com.tq.yuxuan.xxljob.task.MyTask#demoJobHandler]-[45]-[xxl-job, JobThread-5-1663231972008] 2022-02-28 21:03:54.200000 market receive order, id = strategy0_8, price = 4727.0, direction = ORDER_DIRECTION.BUY, code = rb999.shfe
2022-09-15 16:52:57 [com.tq.yuxuan.xxljob.task.MyTask#demoJobHandler]-[45]-[xxl-job, JobThread-5-1663231972008] 2022-02-28 21:03:54.200000 market match order, id = strategy0_8, info = ('strategy0_8', 4, 4727.0, 1), code = rb999.shfe
2022-09-15 16:52:57 [com.tq.yuxuan.xxljob.task.MyTask#demoJobHandler]-[45]-[xxl-job, JobThread-5-1663231972008] 2022-02-28 21:04:22.100000 account insert order, id = strategy1_9, price = 4726.0, direction = ORDER_DIRECTION.SELL, code = rb999.shfe
2022-09-15 16:52:57 [com.tq.yuxuan.xxljob.task.MyTask#demoJobHandler]-[45]-[xxl-job, JobThread-5-1663231972008] 2022-02-28 21:04:22.200000 market receive order, id = strategy1_9, price = 4726.0, direction = ORDER_DIRECTION.SELL, code = rb999.shfe
2022-09-15 16:52:57 [com.tq.yuxuan.xxljob.task.MyTask#demoJobHandler]-[45]-[xxl-job, JobThread-5-1663231972008] 2022-02-28 21:04:23.100000 account cancel order, id = strategy1_9, price = 4726.0, direction = ORDER_DIRECTION.SELL, code = rb999.shfe
2022-09-15 16:52:57 [com.tq.yuxuan.xxljob.task.MyTask#demoJobHandler]-[45]-[xxl-job, JobThread-5-1663231972008] 2022-02-28 21:04:23.200000 market match order, id = strategy1_9, info = ('strategy1_9', 5, None, None), code = rb999.shfe
2022-09-15 16:52:57 [com.tq.yuxuan.xxljob.task.MyTask#demoJobHandler]-[45]-[xxl-job, JobThread-5-1663231972008] 2022-02-28 21:04:35.100000 account insert order, id = strategy0_9, price = 4728.0, direction = ORDER_DIRECTION.BUY, code = rb999.shfe
2022-09-15 16:52:57 [com.tq.yuxuan.xxljob.task.MyTask#demoJobHandler]-[45]-[xxl-job, JobThread-5-1663231972008] 2022-02-28 21:04:35.200000 market receive order, id = strategy0_9, price = 4728.0, direction = ORDER_DIRECTION.BUY, code = rb999.shfe
2022-09-15 16:52:57 [com.tq.yuxuan.xxljob.task.MyTask#demoJobHandler]-[45]-[xxl-job, JobThread-5-1663231972008] 2022-02-28 21:04:38.100000 account insert order, id = strategy0_10, price = 4728.0, direction = ORDER_DIRECTION.BUY, code = rb999.shfe
2022-09-15 16:52:57 [com.tq.yuxuan.xxljob.task.MyTask#demoJobHandler]-[45]-[xxl-job, JobThread-5-1663231972008] 2022-02-28 21:04:38.200000 market receive order, id = strategy0_10, price = 4728.0, direction = ORDER_DIRECTION.BUY, code = rb999.shfe
2022-09-15 16:52:57 [com.tq.yuxuan.xxljob.task.MyTask#demoJobHandler]-[45]-[xxl-job, JobThread-5-1663231972008] 2022-02-28 21:04:39.100000 market match order, id = strategy0_9, info = ('strategy0_9', 4, 4728.0, 1), code = rb999.shfe
2022-09-15 16:52:57 [com.tq.yuxuan.xxljob.task.MyTask#demoJobHandler]-[45]-[xxl-job, JobThread-5-1663231972008] 2022-02-28 21:04:39.100000 market match order, id = strategy0_10, info = ('strategy0_10', 4, 4728.0, 1), code = rb999.shfe
2022-09-15 16:52:57 [com.tq.yuxuan.xxljob.task.MyTask#demoJobHandler]-[45]-[xxl-job, JobThread-5-1663231972008] 2022-02-28 21:04:51.100000 account insert order, id = strategy1_10, price = 4724.0, direction = ORDER_DIRECTION.BUY, code = rb888.shfe
2022-09-15 16:52:57 [com.tq.yuxuan.xxljob.task.MyTask#demoJobHandler]-[45]-[xxl-job, JobThread-5-1663231972008] 2022-02-28 21:04:51.200000 market receive order, id = strategy1_10, price = 4724.0, direction = ORDER_DIRECTION.BUY, code = rb888.shfe
2022-09-15 16:52:57 [com.tq.yuxuan.xxljob.task.MyTask#demoJobHandler]-[45]-[xxl-job, JobThread-5-1663231972008] 2022-02-28 21:04:52.100000 account cancel order, id = strategy1_10, price = 4724.0, direction = ORDER_DIRECTION.BUY, code = rb888.shfe
2022-09-15 16:52:57 [com.tq.yuxuan.xxljob.task.MyTask#demoJobHandler]-[45]-[xxl-job, JobThread-5-1663231972008] 2022-02-28 21:04:52.200000 market match order, id = strategy1_10, info = ('strategy1_10', 5, None, None), code = rb888.shfe
2022-09-15 16:52:57 [com.tq.yuxuan.xxljob.task.MyTask#demoJobHandler]-[45]-[xxl-job, JobThread-5-1663231972008] 2022-02-28 21:05:07.100000 account insert order, id = strategy1_11, price = 4728.0, direction = ORDER_DIRECTION.SELL, code = rb999.shfe
2022-09-15 16:52:57 [com.tq.yuxuan.xxljob.task.MyTask#demoJobHandler]-[45]-[xxl-job, JobThread-5-1663231972008] 2022-02-28 21:05:07.200000 market receive order, id = strategy1_11, price = 4728.0, direction = ORDER_DIRECTION.SELL, code = rb999.shfe
2022-09-15 16:52:57 [com.tq.yuxuan.xxljob.task.MyTask#demoJobHandler]-[45]-[xxl-job, JobThread-5-1663231972008] 2022-02-28 21:05:07.200000 market match order, id = strategy1_11, info = ('strategy1_11', 4, 4728.0, 1), code = rb999.shfe
2022-09-15 16:52:57 [com.tq.yuxuan.xxljob.task.MyTask#demoJobHandler]-[45]-[xxl-job, JobThread-5-1663231972008] 2022-02-28 21:05:28.100000 account insert order, id = strategy0_11, price = 4729.0, direction = ORDER_DIRECTION.BUY, code = rb888.shfe
2022-09-15 16:52:57 [com.tq.yuxuan.xxljob.task.MyTask#demoJobHandler]-[45]-[xxl-job, JobThread-5-1663231972008] 2022-02-28 21:05:28.200000 market receive order, id = strategy0_11, price = 4729.0, direction = ORDER_DIRECTION.BUY, code = rb888.shfe
2022-09-15 16:52:57 [com.tq.yuxuan.xxljob.task.MyTask#demoJobHandler]-[45]-[xxl-job, JobThread-5-1663231972008] 2022-02-28 21:05:28.200000 market match order, id = strategy0_11, info = ('strategy0_11', 4, 4729.0, 1), code = rb888.shfe
2022-09-15 16:52:57 [com.tq.yuxuan.xxljob.task.MyTask#demoJobHandler]-[45]-[xxl-job, JobThread-5-1663231972008] 2022-02-28 21:05:56.100000 account insert order, id = strategy1_12, price = 4729.0, direction = ORDER_DIRECTION.SELL, code = rb999.shfe
2022-09-15 16:52:57 [com.tq.yuxuan.xxljob.task.MyTask#demoJobHandler]-[45]-[xxl-job, JobThread-5-1663231972008] 2022-02-28 21:05:56.200000 market receive order, id = strategy1_12, price = 4729.0, direction = ORDER_DIRECTION.SELL, code = rb999.shfe
2022-09-15 16:52:57 [com.tq.yuxuan.xxljob.task.MyTask#demoJobHandler]-[45]-[xxl-job, JobThread-5-1663231972008] 2022-02-28 21:05:59.100000 market match order, id = strategy1_12, info = ('strategy1_12', 4, 4729.0, 1), code = rb999.shfe
2022-09-15 16:52:57 [com.tq.yuxuan.xxljob.task.MyTask#demoJobHandler]-[45]-[xxl-job, JobThread-5-1663231972008] 2022-02-28 21:07:14.100000 account insert order, id = strategy0_12, price = 4720.0, direction = ORDER_DIRECTION.BUY, code = rb999.shfe
2022-09-15 16:52:57 [com.tq.yuxuan.xxljob.task.MyTask#demoJobHandler]-[45]-[xxl-job, JobThread-5-1663231972008] 2022-02-28 21:07:14.200000 market receive order, id = strategy0_12, price = 4720.0, direction = ORDER_DIRECTION.BUY, code = rb999.shfe
2022-09-15 16:52:57 [com.tq.yuxuan.xxljob.task.MyTask#demoJobHandler]-[45]-[xxl-job, JobThread-5-1663231972008] 2022-02-28 21:07:15.100000 account cancel order, id = strategy0_12, price = 4720.0, direction = ORDER_DIRECTION.BUY, code = rb999.shfe
2022-09-15 16:52:57 [com.tq.yuxuan.xxljob.task.MyTask#demoJobHandler]-[45]-[xxl-job, JobThread-5-1663231972008] 2022-02-28 21:07:15.200000 market match order, id = strategy0_12, info = ('strategy0_12', 5, None, None), code = rb999.shfe
2022-09-15 16:52:57 [com.tq.yuxuan.xxljob.task.MyTask#demoJobHandler]-[45]-[xxl-job, JobThread-5-1663231972008] 2022-02-28 21:07:19.100000 account insert order, id = strategy1_13, price = 4724.0, direction = ORDER_DIRECTION.BUY, code = rb999.shfe
2022-09-15 16:52:57 [com.tq.yuxuan.xxljob.task.MyTask#demoJobHandler]-[45]-[xxl-job, JobThread-5-1663231972008] 2022-02-28 21:07:19.200000 market receive order, id = strategy1_13, price = 4724.0, direction = ORDER_DIRECTION.BUY, code = rb999.shfe
2022-09-15 16:52:57 [com.tq.yuxuan.xxljob.task.MyTask#demoJobHandler]-[45]-[xxl-job, JobThread-5-1663231972008] 2022-02-28 21:07:21.100000 missing order strategy1_13 @ cancelling...
2022-09-15 16:52:57 [com.tq.yuxuan.xxljob.task.MyTask#demoJobHandler]-[45]-[xxl-job, JobThread-5-1663231972008] 2022-02-28 21:07:21.100000 account cancel order, id = strategy1_13, price = 4724.0, direction = ORDER_DIRECTION.BUY, code = rb999.shfe
2022-09-15 16:52:57 [com.tq.yuxuan.xxljob.task.MyTask#demoJobHandler]-[45]-[xxl-job, JobThread-5-1663231972008] 2022-02-28 21:07:21.100000 market match order, id = strategy1_13, info = ('strategy1_13', 4, 4724.0, 1), code = rb999.shfe
2022-09-15 16:52:57 [com.tq.yuxuan.xxljob.task.MyTask#demoJobHandler]-[45]-[xxl-job, JobThread-5-1663231972008] 2022-02-28 21:07:37.100000 account insert order, id = strategy1_14, price = 4724.0, direction = ORDER_DIRECTION.BUY, code = rb999.shfe
2022-09-15 16:52:57 [com.tq.yuxuan.xxljob.task.MyTask#demoJobHandler]-[45]-[xxl-job, JobThread-5-1663231972008] 2022-02-28 21:07:37.100000 account insert order, id = strategy0_13, price = 4725.0, direction = ORDER_DIRECTION.SELL, code = rb999.shfe
2022-09-15 16:52:57 [com.tq.yuxuan.xxljob.task.MyTask#demoJobHandler]-[45]-[xxl-job, JobThread-5-1663231972008] 2022-02-28 21:07:37.200000 market receive order, id = strategy1_14, price = 4724.0, direction = ORDER_DIRECTION.BUY, code = rb999.shfe
2022-09-15 16:52:57 [com.tq.yuxuan.xxljob.task.MyTask#demoJobHandler]-[45]-[xxl-job, JobThread-5-1663231972008] 2022-02-28 21:07:37.200000 market receive order, id = strategy0_13, price = 4725.0, direction = ORDER_DIRECTION.SELL, code = rb999.shfe
2022-09-15 16:52:57 [com.tq.yuxuan.xxljob.task.MyTask#demoJobHandler]-[45]-[xxl-job, JobThread-5-1663231972008] 2022-02-28 21:07:37.200000 market match order, id = strategy1_14, info = ('strategy1_14', 4, 4724.0, 1), code = rb999.shfe
2022-09-15 16:52:57 [com.tq.yuxuan.xxljob.task.MyTask#demoJobHandler]-[45]-[xxl-job, JobThread-5-1663231972008] 2022-02-28 21:07:38.100000 account cancel order, id = strategy0_13, price = 4725.0, direction = ORDER_DIRECTION.SELL, code = rb999.shfe
2022-09-15 16:52:57 [com.tq.yuxuan.xxljob.task.MyTask#demoJobHandler]-[45]-[xxl-job, JobThread-5-1663231972008] 2022-02-28 21:07:38.200000 market match order, id = strategy0_13, info = ('strategy0_13', 5, None, None), code = rb999.shfe
2022-09-15 16:52:57 [com.tq.yuxuan.xxljob.task.MyTask#demoJobHandler]-[45]-[xxl-job, JobThread-5-1663231972008] 2022-02-28 21:07:39.100000 account insert order, id = strategy1_15, price = 4724.0, direction = ORDER_DIRECTION.BUY, code = rb999.shfe
2022-09-15 16:52:57 [com.tq.yuxuan.xxljob.task.MyTask#demoJobHandler]-[45]-[xxl-job, JobThread-5-1663231972008] 2022-02-28 21:07:39.200000 market receive order, id = strategy1_15, price = 4724.0, direction = ORDER_DIRECTION.BUY, code = rb999.shfe
2022-09-15 16:52:57 [com.tq.yuxuan.xxljob.task.MyTask#demoJobHandler]-[45]-[xxl-job, JobThread-5-1663231972008] 2022-02-28 21:07:49.100000 account cancel order, id = strategy1_15, price = 4724.0, direction = ORDER_DIRECTION.BUY, code = rb999.shfe
2022-09-15 16:52:57 [com.tq.yuxuan.xxljob.task.MyTask#demoJobHandler]-[45]-[xxl-job, JobThread-5-1663231972008] 2022-02-28 21:07:49.200000 market match order, id = strategy1_15, info = ('strategy1_15', 5, None, None), code = rb999.shfe
2022-09-15 16:52:57 [com.tq.yuxuan.xxljob.task.MyTask#demoJobHandler]-[45]-[xxl-job, JobThread-5-1663231972008] 2022-02-28 21:08:18.100000 account insert order, id = strategy0_14, price = 4722.0, direction = ORDER_DIRECTION.SELL, code = rb888.shfe
2022-09-15 16:52:57 [com.tq.yuxuan.xxljob.task.MyTask#demoJobHandler]-[45]-[xxl-job, JobThread-5-1663231972008] 2022-02-28 21:08:18.200000 market receive order, id = strategy0_14, price = 4722.0, direction = ORDER_DIRECTION.SELL, code = rb888.shfe
2022-09-15 16:52:57 [com.tq.yuxuan.xxljob.task.MyTask#demoJobHandler]-[45]-[xxl-job, JobThread-5-1663231972008] 2022-02-28 21:08:19.100000 account cancel order, id = strategy0_14, price = 4722.0, direction = ORDER_DIRECTION.SELL, code = rb888.shfe
2022-09-15 16:52:57 [com.tq.yuxuan.xxljob.task.MyTask#demoJobHandler]-[45]-[xxl-job, JobThread-5-1663231972008] 2022-02-28 21:08:19.200000 market match order, id = strategy0_14, info = ('strategy0_14', 5, None, None), code = rb888.shfe
2022-09-15 16:52:57 [com.tq.yuxuan.xxljob.task.MyTask#demoJobHandler]-[45]-[xxl-job, JobThread-5-1663231972008] 2022-02-28 21:08:50.100000 account insert order, id = strategy0_15, price = 4723.0, direction = ORDER_DIRECTION.SELL, code = rb999.shfe
2022-09-15 16:52:57 [com.tq.yuxuan.xxljob.task.MyTask#demoJobHandler]-[45]-[xxl-job, JobThread-5-1663231972008] 2022-02-28 21:08:50.200000 market receive order, id = strategy0_15, price = 4723.0, direction = ORDER_DIRECTION.SELL, code = rb999.shfe
2022-09-15 16:52:57 [com.tq.yuxuan.xxljob.task.MyTask#demoJobHandler]-[45]-[xxl-job, JobThread-5-1663231972008] 2022-02-28 21:08:52.100000 account cancel order, id = strategy0_15, price = 4723.0, direction = ORDER_DIRECTION.SELL, code = rb999.shfe
2022-09-15 16:52:57 [com.tq.yuxuan.xxljob.task.MyTask#demoJobHandler]-[45]-[xxl-job, JobThread-5-1663231972008] 2022-02-28 21:08:52.200000 market match order, id = strategy0_15, info = ('strategy0_15', 5, None, None), code = rb999.shfe
2022-09-15 16:52:57 [com.tq.yuxuan.xxljob.task.MyTask#demoJobHandler]-[45]-[xxl-job, JobThread-5-1663231972008] 2022-02-28 21:09:42.100000 account insert order, id = strategy1_16, price = 4717.0, direction = ORDER_DIRECTION.BUY, code = rb999.shfe
2022-09-15 16:52:57 [com.tq.yuxuan.xxljob.task.MyTask#demoJobHandler]-[45]-[xxl-job, JobThread-5-1663231972008] 2022-02-28 21:09:42.200000 market receive order, id = strategy1_16, price = 4717.0, direction = ORDER_DIRECTION.BUY, code = rb999.shfe
2022-09-15 16:52:57 [com.tq.yuxuan.xxljob.task.MyTask#demoJobHandler]-[45]-[xxl-job, JobThread-5-1663231972008] 2022-02-28 21:09:43.100000 account cancel order, id = strategy1_16, price = 4717.0, direction = ORDER_DIRECTION.BUY, code = rb999.shfe
2022-09-15 16:52:57 [com.tq.yuxuan.xxljob.task.MyTask#demoJobHandler]-[45]-[xxl-job, JobThread-5-1663231972008] 2022-02-28 21:09:43.200000 market match order, id = strategy1_16, info = ('strategy1_16', 5, None, None), code = rb999.shfe
2022-09-15 16:52:57 [com.tq.yuxuan.xxljob.task.MyTask#demoJobHandler]-[45]-[xxl-job, JobThread-5-1663231972008] 2022-02-28 21:09:53.100000 account insert order, id = strategy0_16, price = 4721.0, direction = ORDER_DIRECTION.BUY, code = rb888.shfe
2022-09-15 16:52:57 [com.tq.yuxuan.xxljob.task.MyTask#demoJobHandler]-[45]-[xxl-job, JobThread-5-1663231972008] 2022-02-28 21:09:53.200000 market receive order, id = strategy0_16, price = 4721.0, direction = ORDER_DIRECTION.BUY, code = rb888.shfe
2022-09-15 16:52:57 [com.tq.yuxuan.xxljob.task.MyTask#demoJobHandler]-[45]-[xxl-job, JobThread-5-1663231972008] 2022-02-28 21:09:54.100000 missing order strategy0_16 @ cancelling...
2022-09-15 16:52:57 [com.tq.yuxuan.xxljob.task.MyTask#demoJobHandler]-[45]-[xxl-job, JobThread-5-1663231972008] 2022-02-28 21:09:54.100000 account cancel order, id = strategy0_16, price = 4721.0, direction = ORDER_DIRECTION.BUY, code = rb888.shfe
2022-09-15 16:52:57 [com.tq.yuxuan.xxljob.task.MyTask#demoJobHandler]-[45]-[xxl-job, JobThread-5-1663231972008] 2022-02-28 21:09:54.100000 market match order, id = strategy0_16, info = ('strategy0_16', 4, 4721.0, 1), code = rb888.shfe
2022-09-15 16:52:57 [com.tq.yuxuan.xxljob.task.MyTask#demoJobHandler]-[45]-[xxl-job, JobThread-5-1663231972008] 2022-02-28 21:09:56.100000 account insert order, id = strategy0_17, price = 4720.0, direction = ORDER_DIRECTION.BUY, code = rb888.shfe
2022-09-15 16:52:57 [com.tq.yuxuan.xxljob.task.MyTask#demoJobHandler]-[45]-[xxl-job, JobThread-5-1663231972008] 2022-02-28 21:09:56.200000 market receive order, id = strategy0_17, price = 4720.0, direction = ORDER_DIRECTION.BUY, code = rb888.shfe
2022-09-15 16:52:57 [com.tq.yuxuan.xxljob.task.MyTask#demoJobHandler]-[45]-[xxl-job, JobThread-5-1663231972008] 2022-02-28 21:09:57.100000 account cancel order, id = strategy0_17, price = 4720.0, direction = ORDER_DIRECTION.BUY, code = rb888.shfe
2022-09-15 16:52:57 [com.tq.yuxuan.xxljob.task.MyTask#demoJobHandler]-[45]-[xxl-job, JobThread-5-1663231972008] 2022-02-28 21:09:57.200000 market match order, id = strategy0_17, info = ('strategy0_17', 5, None, None), code = rb888.shfe
2022-09-15 16:52:57 [com.tq.yuxuan.xxljob.task.MyTask#demoJobHandler]-[45]-[xxl-job, JobThread-5-1663231972008] 2022-02-28 21:10:14.100000 account insert order, id = strategy0_18, price = 4724.0, direction = ORDER_DIRECTION.SELL, code = rb888.shfe
2022-09-15 16:52:57 [com.tq.yuxuan.xxljob.task.MyTask#demoJobHandler]-[45]-[xxl-job, JobThread-5-1663231972008] 2022-02-28 21:10:14.200000 market receive order, id = strategy0_18, price = 4724.0, direction = ORDER_DIRECTION.SELL, code = rb888.shfe
2022-09-15 16:52:57 [com.tq.yuxuan.xxljob.task.MyTask#demoJobHandler]-[45]-[xxl-job, JobThread-5-1663231972008] 2022-02-28 21:10:16.100000 market match order, id = strategy0_18, info = ('strategy0_18', 4, 4724.0, 1), code = rb888.shfe
2022-09-15 16:52:57 [com.tq.yuxuan.xxljob.task.MyTask#demoJobHandler]-[45]-[xxl-job, JobThread-5-1663231972008] 2022-02-28 21:11:40.100000 account insert order, id = strategy1_17, price = 4727.0, direction = ORDER_DIRECTION.SELL, code = rb888.shfe
2022-09-15 16:52:57 [com.tq.yuxuan.xxljob.task.MyTask#demoJobHandler]-[45]-[xxl-job, JobThread-5-1663231972008] 2022-02-28 21:11:40.200000 market receive order, id = strategy1_17, price = 4727.0, direction = ORDER_DIRECTION.SELL, code = rb888.shfe
2022-09-15 16:52:57 [com.tq.yuxuan.xxljob.task.MyTask#demoJobHandler]-[45]-[xxl-job, JobThread-5-1663231972008] 2022-02-28 21:11:41.100000 account cancel order, id = strategy1_17, price = 4727.0, direction = ORDER_DIRECTION.SELL, code = rb888.shfe
2022-09-15 16:52:57 [com.tq.yuxuan.xxljob.task.MyTask#demoJobHandler]-[45]-[xxl-job, JobThread-5-1663231972008] 2022-02-28 21:11:41.200000 market match order, id = strategy1_17, info = ('strategy1_17', 5, None, None), code = rb888.shfe
2022-09-15 16:52:57 [com.tq.yuxuan.xxljob.task.MyTask#demoJobHandler]-[45]-[xxl-job, JobThread-5-1663231972008] 2022-02-28 21:11:46.100000 account insert order, id = strategy1_18, price = 4727.0, direction = ORDER_DIRECTION.SELL, code = rb888.shfe
2022-09-15 16:52:57 [com.tq.yuxuan.xxljob.task.MyTask#demoJobHandler]-[45]-[xxl-job, JobThread-5-1663231972008] 2022-02-28 21:11:46.200000 market receive order, id = strategy1_18, price = 4727.0, direction = ORDER_DIRECTION.SELL, code = rb888.shfe
2022-09-15 16:52:57 [com.tq.yuxuan.xxljob.task.MyTask#demoJobHandler]-[45]-[xxl-job, JobThread-5-1663231972008] 2022-02-28 21:11:47.100000 account cancel order, id = strategy1_18, price = 4727.0, direction = ORDER_DIRECTION.SELL, code = rb888.shfe
2022-09-15 16:52:57 [com.tq.yuxuan.xxljob.task.MyTask#demoJobHandler]-[45]-[xxl-job, JobThread-5-1663231972008] 2022-02-28 21:11:47.200000 market match order, id = strategy1_18, info = ('strategy1_18', 5, None, None), code = rb888.shfe
2022-09-15 16:52:57 [com.tq.yuxuan.xxljob.task.MyTask#demoJobHandler]-[45]-[xxl-job, JobThread-5-1663231972008] 2022-02-28 21:12:01.100000 account insert order, id = strategy1_19, price = 4728.0, direction = ORDER_DIRECTION.SELL, code = rb888.shfe
2022-09-15 16:52:57 [com.tq.yuxuan.xxljob.task.MyTask#demoJobHandler]-[45]-[xxl-job, JobThread-5-1663231972008] 2022-02-28 21:12:01.200000 market receive order, id = strategy1_19, price = 4728.0, direction = ORDER_DIRECTION.SELL, code = rb888.shfe
2022-09-15 16:52:57 [com.tq.yuxuan.xxljob.task.MyTask#demoJobHandler]-[45]-[xxl-job, JobThread-5-1663231972008] 2022-02-28 21:12:02.100000 account cancel order, id = strategy1_19, price = 4728.0, direction = ORDER_DIRECTION.SELL, code = rb888.shfe
2022-09-15 16:52:57 [com.tq.yuxuan.xxljob.task.MyTask#demoJobHandler]-[45]-[xxl-job, JobThread-5-1663231972008] 2022-02-28 21:12:02.200000 market match order, id = strategy1_19, info = ('strategy1_19', 5, None, None), code = rb888.shfe
2022-09-15 16:52:57 [com.tq.yuxuan.xxljob.task.MyTask#demoJobHandler]-[45]-[xxl-job, JobThread-5-1663231972008] 2022-02-28 21:12:44.100000 account insert order, id = strategy0_19, price = 4722.0, direction = ORDER_DIRECTION.BUY, code = rb888.shfe
2022-09-15 16:52:57 [com.tq.yuxuan.xxljob.task.MyTask#demoJobHandler]-[45]-[xxl-job, JobThread-5-1663231972008] 2022-02-28 21:12:44.200000 market receive order, id = strategy0_19, price = 4722.0, direction = ORDER_DIRECTION.BUY, code = rb888.shfe
2022-09-15 16:52:57 [com.tq.yuxuan.xxljob.task.MyTask#demoJobHandler]-[45]-[xxl-job, JobThread-5-1663231972008] 2022-02-28 21:12:47.100000 account cancel order, id = strategy0_19, price = 4722.0, direction = ORDER_DIRECTION.BUY, code = rb888.shfe
2022-09-15 16:52:57 [com.tq.yuxuan.xxljob.task.MyTask#demoJobHandler]-[45]-[xxl-job, JobThread-5-1663231972008] 2022-02-28 21:12:47.200000 market match order, id = strategy0_19, info = ('strategy0_19', 5, None, None), code = rb888.shfe
2022-09-15 16:52:57 [com.tq.yuxuan.xxljob.task.MyTask#demoJobHandler]-[45]-[xxl-job, JobThread-5-1663231972008] 2022-02-28 21:13:09.100000 account insert order, id = strategy0_20, price = 4723.0, direction = ORDER_DIRECTION.BUY, code = rb999.shfe
2022-09-15 16:52:57 [com.tq.yuxuan.xxljob.task.MyTask#demoJobHandler]-[45]-[xxl-job, JobThread-5-1663231972008] 2022-02-28 21:13:09.200000 market receive order, id = strategy0_20, price = 4723.0, direction = ORDER_DIRECTION.BUY, code = rb999.shfe
2022-09-15 16:52:57 [com.tq.yuxuan.xxljob.task.MyTask#demoJobHandler]-[45]-[xxl-job, JobThread-5-1663231972008] 2022-02-28 21:13:11.100000 account cancel order, id = strategy0_20, price = 4723.0, direction = ORDER_DIRECTION.BUY, code = rb999.shfe
2022-09-15 16:52:57 [com.tq.yuxuan.xxljob.task.MyTask#demoJobHandler]-[45]-[xxl-job, JobThread-5-1663231972008] 2022-02-28 21:13:11.200000 market match order, id = strategy0_20, info = ('strategy0_20', 5, None, None), code = rb999.shfe
2022-09-15 16:52:57 [com.tq.yuxuan.xxljob.task.MyTask#demoJobHandler]-[45]-[xxl-job, JobThread-5-1663231972008] 2022-02-28 21:13:38.100000 account insert order, id = strategy0_21, price = 4723.0, direction = ORDER_DIRECTION.BUY, code = rb999.shfe
2022-09-15 16:52:57 [com.tq.yuxuan.xxljob.task.MyTask#demoJobHandler]-[45]-[xxl-job, JobThread-5-1663231972008] 2022-02-28 21:13:38.200000 market receive order, id = strategy0_21, price = 4723.0, direction = ORDER_DIRECTION.BUY, code = rb999.shfe
2022-09-15 16:52:57 [com.tq.yuxuan.xxljob.task.MyTask#demoJobHandler]-[45]-[xxl-job, JobThread-5-1663231972008] 2022-02-28 21:13:45.100000 account cancel order, id = strategy0_21, price = 4723.0, direction = ORDER_DIRECTION.BUY, code = rb999.shfe
2022-09-15 16:52:57 [com.tq.yuxuan.xxljob.task.MyTask#demoJobHandler]-[45]-[xxl-job, JobThread-5-1663231972008] 2022-02-28 21:13:45.200000 market match order, id = strategy0_21, info = ('strategy0_21', 5, None, None), code = rb999.shfe
2022-09-15 16:52:57 [com.tq.yuxuan.xxljob.task.MyTask#demoJobHandler]-[45]-[xxl-job, JobThread-5-1663231972008] 2022-02-28 21:14:20.100000 account insert order, id = strategy1_20, price = 4725.0, direction = ORDER_DIRECTION.SELL, code = rb999.shfe
2022-09-15 16:52:57 [com.tq.yuxuan.xxljob.task.MyTask#demoJobHandler]-[45]-[xxl-job, JobThread-5-1663231972008] 2022-02-28 21:14:20.200000 market receive order, id = strategy1_20, price = 4725.0, direction = ORDER_DIRECTION.SELL, code = rb999.shfe
2022-09-15 16:52:57 [com.tq.yuxuan.xxljob.task.MyTask#demoJobHandler]-[45]-[xxl-job, JobThread-5-1663231972008] 2022-02-28 21:14:21.100000 account cancel order, id = strategy1_20, price = 4725.0, direction = ORDER_DIRECTION.SELL, code = rb999.shfe
2022-09-15 16:52:57 [com.tq.yuxuan.xxljob.task.MyTask#demoJobHandler]-[45]-[xxl-job, JobThread-5-1663231972008] 2022-02-28 21:14:21.200000 market match order, id = strategy1_20, info = ('strategy1_20', 5, None, None), code = rb999.shfe
2022-09-15 16:52:57 [com.tq.yuxuan.xxljob.task.MyTask#demoJobHandler]-[45]-[xxl-job, JobThread-5-1663231972008] 2022-02-28 21:14:22.100000 account insert order, id = strategy0_22, price = 4725.0, direction = ORDER_DIRECTION.SELL, code = rb999.shfe
2022-09-15 16:52:57 [com.tq.yuxuan.xxljob.task.MyTask#demoJobHandler]-[45]-[xxl-job, JobThread-5-1663231972008] 2022-02-28 21:14:22.200000 market receive order, id = strategy0_22, price = 4725.0, direction = ORDER_DIRECTION.SELL, code = rb999.shfe
2022-09-15 16:52:57 [com.tq.yuxuan.xxljob.task.MyTask#demoJobHandler]-[45]-[xxl-job, JobThread-5-1663231972008] 2022-02-28 21:14:22.200000 market match order, id = strategy0_22, info = ('strategy0_22', 4, 4725.0, 1), code = rb999.shfe
2022-09-15 16:52:57 [com.tq.yuxuan.xxljob.task.MyTask#demoJobHandler]-[45]-[xxl-job, JobThread-5-1663231972008] 2022-02-28 21:14:27.100000 account insert order, id = strategy0_23, price = 4725.0, direction = ORDER_DIRECTION.SELL, code = rb888.shfe
2022-09-15 16:52:57 [com.tq.yuxuan.xxljob.task.MyTask#demoJobHandler]-[45]-[xxl-job, JobThread-5-1663231972008] 2022-02-28 21:14:27.200000 market receive order, id = strategy0_23, price = 4725.0, direction = ORDER_DIRECTION.SELL, code = rb888.shfe
2022-09-15 16:52:57 [com.tq.yuxuan.xxljob.task.MyTask#demoJobHandler]-[45]-[xxl-job, JobThread-5-1663231972008] 2022-02-28 21:14:28.100000 account cancel order, id = strategy0_23, price = 4725.0, direction = ORDER_DIRECTION.SELL, code = rb888.shfe
2022-09-15 16:52:57 [com.tq.yuxuan.xxljob.task.MyTask#demoJobHandler]-[45]-[xxl-job, JobThread-5-1663231972008] 2022-02-28 21:14:28.200000 market match order, id = strategy0_23, info = ('strategy0_23', 5, None, None), code = rb888.shfe
2022-09-15 16:52:57 [com.tq.yuxuan.xxljob.task.MyTask#demoJobHandler]-[45]-[xxl-job, JobThread-5-1663231972008] 2022-02-28 21:15:16.100000 account insert order, id = strategy1_21, price = 4728.0, direction = ORDER_DIRECTION.SELL, code = rb999.shfe
2022-09-15 16:52:57 [com.tq.yuxuan.xxljob.task.MyTask#demoJobHandler]-[45]-[xxl-job, JobThread-5-1663231972008] 2022-02-28 21:15:16.200000 market receive order, id = strategy1_21, price = 4728.0, direction = ORDER_DIRECTION.SELL, code = rb999.shfe
2022-09-15 16:52:57 [com.tq.yuxuan.xxljob.task.MyTask#demoJobHandler]-[45]-[xxl-job, JobThread-5-1663231972008] 2022-02-28 21:15:17.100000 account cancel order, id = strategy1_21, price = 4728.0, direction = ORDER_DIRECTION.SELL, code = rb999.shfe
2022-09-15 16:52:57 [com.tq.yuxuan.xxljob.task.MyTask#demoJobHandler]-[45]-[xxl-job, JobThread-5-1663231972008] 2022-02-28 21:15:17.200000 market match order, id = strategy1_21, info = ('strategy1_21', 5, None, None), code = rb999.shfe
2022-09-15 16:52:57 [com.tq.yuxuan.xxljob.task.MyTask#demoJobHandler]-[45]-[xxl-job, JobThread-5-1663231972008] 2022-02-28 21:15:27.100000 account insert order, id = strategy0_24, price = 4729.0, direction = ORDER_DIRECTION.SELL, code = rb888.shfe
2022-09-15 16:52:57 [com.tq.yuxuan.xxljob.task.MyTask#demoJobHandler]-[45]-[xxl-job, JobThread-5-1663231972008] 2022-02-28 21:15:27.200000 market receive order, id = strategy0_24, price = 4729.0, direction = ORDER_DIRECTION.SELL, code = rb888.shfe
2022-09-15 16:52:57 [com.tq.yuxuan.xxljob.task.MyTask#demoJobHandler]-[45]-[xxl-job, JobThread-5-1663231972008] 2022-02-28 21:15:29.100000 account cancel order, id = strategy0_24, price = 4729.0, direction = ORDER_DIRECTION.SELL, code = rb888.shfe
2022-09-15 16:52:57 [com.tq.yuxuan.xxljob.task.MyTask#demoJobHandler]-[45]-[xxl-job, JobThread-5-1663231972008] 2022-02-28 21:15:29.200000 market match order, id = strategy0_24, info = ('strategy0_24', 5, None, None), code = rb888.shfe
2022-09-15 16:52:57 [com.tq.yuxuan.xxljob.task.MyTask#demoJobHandler]-[45]-[xxl-job, JobThread-5-1663231972008] 2022-02-28 21:16:13.100000 account insert order, id = strategy1_22, price = 4732.0, direction = ORDER_DIRECTION.SELL, code = rb888.shfe
2022-09-15 16:52:57 [com.tq.yuxuan.xxljob.task.MyTask#demoJobHandler]-[45]-[xxl-job, JobThread-5-1663231972008] 2022-02-28 21:16:13.200000 market receive order, id = strategy1_22, price = 4732.0, direction = ORDER_DIRECTION.SELL, code = rb888.shfe
2022-09-15 16:52:57 [com.tq.yuxuan.xxljob.task.MyTask#demoJobHandler]-[45]-[xxl-job, JobThread-5-1663231972008] 2022-02-28 21:16:16.100000 account cancel order, id = strategy1_22, price = 4732.0, direction = ORDER_DIRECTION.SELL, code = rb888.shfe
2022-09-15 16:52:57 [com.tq.yuxuan.xxljob.task.MyTask#demoJobHandler]-[45]-[xxl-job, JobThread-5-1663231972008] 2022-02-28 21:16:16.200000 market match order, id = strategy1_22, info = ('strategy1_22', 5, None, None), code = rb888.shfe
2022-09-15 16:52:57 [com.tq.yuxuan.xxljob.task.MyTask#demoJobHandler]-[45]-[xxl-job, JobThread-5-1663231972008] 2022-02-28 21:16:20.100000 account insert order, id = strategy0_25, price = 4732.0, direction = ORDER_DIRECTION.SELL, code = rb888.shfe
2022-09-15 16:52:57 [com.tq.yuxuan.xxljob.task.MyTask#demoJobHandler]-[45]-[xxl-job, JobThread-5-1663231972008] 2022-02-28 21:16:20.200000 market receive order, id = strategy0_25, price = 4732.0, direction = ORDER_DIRECTION.SELL, code = rb888.shfe
2022-09-15 16:52:57 [com.tq.yuxuan.xxljob.task.MyTask#demoJobHandler]-[45]-[xxl-job, JobThread-5-1663231972008] 2022-02-28 21:16:24.100000 account cancel order, id = strategy0_25, price = 4732.0, direction = ORDER_DIRECTION.SELL, code = rb888.shfe
2022-09-15 16:52:57 [com.tq.yuxuan.xxljob.task.MyTask#demoJobHandler]-[45]-[xxl-job, JobThread-5-1663231972008] 2022-02-28 21:16:24.200000 market match order, id = strategy0_25, info = ('strategy0_25', 5, None, None), code = rb888.shfe
2022-09-15 16:52:57 [com.tq.yuxuan.xxljob.task.MyTask#demoJobHandler]-[45]-[xxl-job, JobThread-5-1663231972008] 2022-02-28 21:16:28.100000 account insert order, id = strategy1_23, price = 4729.0, direction = ORDER_DIRECTION.BUY, code = rb888.shfe
2022-09-15 16:52:57 [com.tq.yuxuan.xxljob.task.MyTask#demoJobHandler]-[45]-[xxl-job, JobThread-5-1663231972008] 2022-02-28 21:16:28.200000 market receive order, id = strategy1_23, price = 4729.0, direction = ORDER_DIRECTION.BUY, code = rb888.shfe
2022-09-15 16:52:57 [com.tq.yuxuan.xxljob.task.MyTask#demoJobHandler]-[45]-[xxl-job, JobThread-5-1663231972008] 2022-02-28 21:16:30.100000 market match order, id = strategy1_23, info = ('strategy1_23', 4, 4729.0, 1), code = rb888.shfe
2022-09-15 16:52:57 [com.tq.yuxuan.xxljob.task.MyTask#demoJobHandler]-[45]-[xxl-job, JobThread-5-1663231972008] 2022-02-28 21:16:41.100000 account insert order, id = strategy1_24, price = 4731.0, direction = ORDER_DIRECTION.SELL, code = rb888.shfe
2022-09-15 16:52:57 [com.tq.yuxuan.xxljob.task.MyTask#demoJobHandler]-[45]-[xxl-job, JobThread-5-1663231972008] 2022-02-28 21:16:41.200000 market receive order, id = strategy1_24, price = 4731.0, direction = ORDER_DIRECTION.SELL, code = rb888.shfe
2022-09-15 16:52:57 [com.tq.yuxuan.xxljob.task.MyTask#demoJobHandler]-[45]-[xxl-job, JobThread-5-1663231972008] 2022-02-28 21:16:46.100000 account insert order, id = strategy1_25, price = 4730.0, direction = ORDER_DIRECTION.SELL, code = rb888.shfe
2022-09-15 16:52:57 [com.tq.yuxuan.xxljob.task.MyTask#demoJobHandler]-[45]-[xxl-job, JobThread-5-1663231972008] 2022-02-28 21:16:46.100000 account cancel order, id = strategy1_24, price = 4731.0, direction = ORDER_DIRECTION.SELL, code = rb888.shfe
2022-09-15 16:52:57 [com.tq.yuxuan.xxljob.task.MyTask#demoJobHandler]-[45]-[xxl-job, JobThread-5-1663231972008] 2022-02-28 21:16:46.200000 market receive order, id = strategy1_25, price = 4730.0, direction = ORDER_DIRECTION.SELL, code = rb888.shfe
2022-09-15 16:52:57 [com.tq.yuxuan.xxljob.task.MyTask#demoJobHandler]-[45]-[xxl-job, JobThread-5-1663231972008] 2022-02-28 21:16:46.200000 market match order, id = strategy1_25, info = ('strategy1_25', 4, 4730.0, 1), code = rb888.shfe
2022-09-15 16:52:57 [com.tq.yuxuan.xxljob.task.MyTask#demoJobHandler]-[45]-[xxl-job, JobThread-5-1663231972008] 2022-02-28 21:16:46.200000 market match order, id = strategy1_24, info = ('strategy1_24', 5, None, None), code = rb888.shfe
2022-09-15 16:52:57 [com.tq.yuxuan.xxljob.task.MyTask#demoJobHandler]-[45]-[xxl-job, JobThread-5-1663231972008] 2022-02-28 21:17:41.100000 account insert order, id = strategy1_26, price = 4730.0, direction = ORDER_DIRECTION.SELL, code = rb888.shfe
2022-09-15 16:52:57 [com.tq.yuxuan.xxljob.task.MyTask#demoJobHandler]-[45]-[xxl-job, JobThread-5-1663231972008] 2022-02-28 21:17:41.200000 market receive order, id = strategy1_26, price = 4730.0, direction = ORDER_DIRECTION.SELL, code = rb888.shfe
2022-09-15 16:52:57 [com.tq.yuxuan.xxljob.task.MyTask#demoJobHandler]-[45]-[xxl-job, JobThread-5-1663231972008] 2022-02-28 21:17:44.100000 account cancel order, id = strategy1_26, price = 4730.0, direction = ORDER_DIRECTION.SELL, code = rb888.shfe
2022-09-15 16:52:57 [com.tq.yuxuan.xxljob.task.MyTask#demoJobHandler]-[45]-[xxl-job, JobThread-5-1663231972008] 2022-02-28 21:17:44.200000 market match order, id = strategy1_26, info = ('strategy1_26', 5, None, None), code = rb888.shfe
2022-09-15 16:52:57 [com.tq.yuxuan.xxljob.task.MyTask#demoJobHandler]-[45]-[xxl-job, JobThread-5-1663231972008] 2022-02-28 21:17:53.100000 account insert order, id = strategy0_26, price = 4730.0, direction = ORDER_DIRECTION.BUY, code = rb999.shfe
2022-09-15 16:52:57 [com.tq.yuxuan.xxljob.task.MyTask#demoJobHandler]-[45]-[xxl-job, JobThread-5-1663231972008] 2022-02-28 21:17:53.200000 market receive order, id = strategy0_26, price = 4730.0, direction = ORDER_DIRECTION.BUY, code = rb999.shfe
2022-09-15 16:52:57 [com.tq.yuxuan.xxljob.task.MyTask#demoJobHandler]-[45]-[xxl-job, JobThread-5-1663231972008] 2022-02-28 21:17:53.200000 market match order, id = strategy0_26, info = ('strategy0_26', 4, 4730.0, 1), code = rb999.shfe
2022-09-15 16:52:57 [com.tq.yuxuan.xxljob.task.MyTask#demoJobHandler]-[45]-[xxl-job, JobThread-5-1663231972008] 2022-02-28 21:18:02.100000 account insert order, id = strategy0_27, price = 4730.0, direction = ORDER_DIRECTION.BUY, code = rb999.shfe
2022-09-15 16:52:57 [com.tq.yuxuan.xxljob.task.MyTask#demoJobHandler]-[45]-[xxl-job, JobThread-5-1663231972008] 2022-02-28 21:18:02.200000 market receive order, id = strategy0_27, price = 4730.0, direction = ORDER_DIRECTION.BUY, code = rb999.shfe
2022-09-15 16:52:57 [com.tq.yuxuan.xxljob.task.MyTask#demoJobHandler]-[45]-[xxl-job, JobThread-5-1663231972008] 2022-02-28 21:18:02.200000 market match order, id = strategy0_27, info = ('strategy0_27', 4, 4730.0, 1), code = rb999.shfe
2022-09-15 16:52:57 [com.tq.yuxuan.xxljob.task.MyTask#demoJobHandler]-[45]-[xxl-job, JobThread-5-1663231972008] 2022-02-28 21:18:05.100000 account insert order, id = strategy0_28, price = 4730.0, direction = ORDER_DIRECTION.SELL, code = rb999.shfe
2022-09-15 16:52:57 [com.tq.yuxuan.xxljob.task.MyTask#demoJobHandler]-[45]-[xxl-job, JobThread-5-1663231972008] 2022-02-28 21:18:05.200000 market receive order, id = strategy0_28, price = 4730.0, direction = ORDER_DIRECTION.SELL, code = rb999.shfe
2022-09-15 16:52:57 [com.tq.yuxuan.xxljob.task.MyTask#demoJobHandler]-[45]-[xxl-job, JobThread-5-1663231972008] 2022-02-28 21:18:09.100000 missing order strategy0_28 @ cancelling...
2022-09-15 16:52:57 [com.tq.yuxuan.xxljob.task.MyTask#demoJobHandler]-[45]-[xxl-job, JobThread-5-1663231972008] 2022-02-28 21:18:09.100000 account cancel order, id = strategy0_28, price = 4730.0, direction = ORDER_DIRECTION.SELL, code = rb999.shfe
2022-09-15 16:52:57 [com.tq.yuxuan.xxljob.task.MyTask#demoJobHandler]-[45]-[xxl-job, JobThread-5-1663231972008] 2022-02-28 21:18:09.100000 market match order, id = strategy0_28, info = ('strategy0_28', 4, 4730.0, 1), code = rb999.shfe
2022-09-15 16:52:57 [com.tq.yuxuan.xxljob.task.MyTask#demoJobHandler]-[45]-[xxl-job, JobThread-5-1663231972008] 2022-02-28 21:18:30.100000 account insert order, id = strategy1_27, price = 4731.0, direction = ORDER_DIRECTION.SELL, code = rb999.shfe
2022-09-15 16:52:57 [com.tq.yuxuan.xxljob.task.MyTask#demoJobHandler]-[45]-[xxl-job, JobThread-5-1663231972008] 2022-02-28 21:18:30.200000 market receive order, id = strategy1_27, price = 4731.0, direction = ORDER_DIRECTION.SELL, code = rb999.shfe
2022-09-15 16:52:57 [com.tq.yuxuan.xxljob.task.MyTask#demoJobHandler]-[45]-[xxl-job, JobThread-5-1663231972008] 2022-02-28 21:18:31.100000 account cancel order, id = strategy1_27, price = 4731.0, direction = ORDER_DIRECTION.SELL, code = rb999.shfe
2022-09-15 16:52:57 [com.tq.yuxuan.xxljob.task.MyTask#demoJobHandler]-[45]-[xxl-job, JobThread-5-1663231972008] 2022-02-28 21:18:31.200000 market match order, id = strategy1_27, info = ('strategy1_27', 5, None, None), code = rb999.shfe
2022-09-15 16:52:57 [com.tq.yuxuan.xxljob.task.MyTask#demoJobHandler]-[45]-[xxl-job, JobThread-5-1663231972008] 2022-02-28 21:18:36.100000 account insert order, id = strategy1_28, price = 4730.0, direction = ORDER_DIRECTION.BUY, code = rb999.shfe
2022-09-15 16:52:57 [com.tq.yuxuan.xxljob.task.MyTask#demoJobHandler]-[45]-[xxl-job, JobThread-5-1663231972008] 2022-02-28 21:18:36.200000 market receive order, id = strategy1_28, price = 4730.0, direction = ORDER_DIRECTION.BUY, code = rb999.shfe
2022-09-15 16:52:57 [com.tq.yuxuan.xxljob.task.MyTask#demoJobHandler]-[45]-[xxl-job, JobThread-5-1663231972008] 2022-02-28 21:18:37.100000 account cancel order, id = strategy1_28, price = 4730.0, direction = ORDER_DIRECTION.BUY, code = rb999.shfe
2022-09-15 16:52:57 [com.tq.yuxuan.xxljob.task.MyTask#demoJobHandler]-[45]-[xxl-job, JobThread-5-1663231972008] 2022-02-28 21:18:37.200000 market match order, id = strategy1_28, info = ('strategy1_28', 5, None, None), code = rb999.shfe
2022-09-15 16:52:57 [com.tq.yuxuan.xxljob.task.MyTask#demoJobHandler]-[45]-[xxl-job, JobThread-5-1663231972008] 2022-02-28 21:18:38.100000 account insert order, id = strategy1_29, price = 4730.0, direction = ORDER_DIRECTION.BUY, code = rb999.shfe
2022-09-15 16:52:57 [com.tq.yuxuan.xxljob.task.MyTask#demoJobHandler]-[45]-[xxl-job, JobThread-5-1663231972008] 2022-02-28 21:18:38.200000 market receive order, id = strategy1_29, price = 4730.0, direction = ORDER_DIRECTION.BUY, code = rb999.shfe
2022-09-15 16:52:57 [com.tq.yuxuan.xxljob.task.MyTask#demoJobHandler]-[45]-[xxl-job, JobThread-5-1663231972008] 2022-02-28 21:18:39.100000 market match order, id = strategy1_29, info = ('strategy1_29', 4, 4730.0, 1), code = rb999.shfe
2022-09-15 16:52:57 [com.tq.yuxuan.xxljob.task.MyTask#demoJobHandler]-[45]-[xxl-job, JobThread-5-1663231972008] 2022-02-28 21:19:23.100000 account insert order, id = strategy0_29, price = 4731.0, direction = ORDER_DIRECTION.SELL, code = rb888.shfe
2022-09-15 16:52:57 [com.tq.yuxuan.xxljob.task.MyTask#demoJobHandler]-[45]-[xxl-job, JobThread-5-1663231972008] 2022-02-28 21:19:23.200000 market receive order, id = strategy0_29, price = 4731.0, direction = ORDER_DIRECTION.SELL, code = rb888.shfe
2022-09-15 16:52:57 [com.tq.yuxuan.xxljob.task.MyTask#demoJobHandler]-[45]-[xxl-job, JobThread-5-1663231972008] 2022-02-28 21:19:27.100000 account cancel order, id = strategy0_29, price = 4731.0, direction = ORDER_DIRECTION.SELL, code = rb888.shfe
2022-09-15 16:52:57 [com.tq.yuxuan.xxljob.task.MyTask#demoJobHandler]-[45]-[xxl-job, JobThread-5-1663231972008] 2022-02-28 21:19:27.200000 market match order, id = strategy0_29, info = ('strategy0_29', 5, None, None), code = rb888.shfe
2022-09-15 16:52:57 [com.tq.yuxuan.xxljob.task.MyTask#demoJobHandler]-[45]-[xxl-job, JobThread-5-1663231972008] 2022-02-28 21:19:48.100000 account insert order, id = strategy1_30, price = 4730.0, direction = ORDER_DIRECTION.BUY, code = rb999.shfe
2022-09-15 16:52:57 [com.tq.yuxuan.xxljob.task.MyTask#demoJobHandler]-[45]-[xxl-job, JobThread-5-1663231972008] 2022-02-28 21:19:48.200000 market receive order, id = strategy1_30, price = 4730.0, direction = ORDER_DIRECTION.BUY, code = rb999.shfe
2022-09-15 16:52:57 [com.tq.yuxuan.xxljob.task.MyTask#demoJobHandler]-[45]-[xxl-job, JobThread-5-1663231972008] 2022-02-28 21:19:49.100000 missing order strategy1_30 @ cancelling...
2022-09-15 16:52:57 [com.tq.yuxuan.xxljob.task.MyTask#demoJobHandler]-[45]-[xxl-job, JobThread-5-1663231972008] 2022-02-28 21:19:49.100000 account cancel order, id = strategy1_30, price = 4730.0, direction = ORDER_DIRECTION.BUY, code = rb999.shfe
2022-09-15 16:52:57 [com.tq.yuxuan.xxljob.task.MyTask#demoJobHandler]-[45]-[xxl-job, JobThread-5-1663231972008] 2022-02-28 21:19:49.100000 market match order, id = strategy1_30, info = ('strategy1_30', 4, 4730.0, 1), code = rb999.shfe
2022-09-15 16:52:57 [com.tq.yuxuan.xxljob.task.MyTask#demoJobHandler]-[45]-[xxl-job, JobThread-5-1663231972008] 2022-02-28 21:20:46.100000 account insert order, id = strategy0_30, price = 4728.0, direction = ORDER_DIRECTION.BUY, code = rb888.shfe
2022-09-15 16:52:57 [com.tq.yuxuan.xxljob.task.MyTask#demoJobHandler]-[45]-[xxl-job, JobThread-5-1663231972008] 2022-02-28 21:20:46.200000 market receive order, id = strategy0_30, price = 4728.0, direction = ORDER_DIRECTION.BUY, code = rb888.shfe
2022-09-15 16:52:57 [com.tq.yuxuan.xxljob.task.MyTask#demoJobHandler]-[45]-[xxl-job, JobThread-5-1663231972008] 2022-02-28 21:20:46.200000 market match order, id = strategy0_30, info = ('strategy0_30', 4, 4728.0, 1), code = rb888.shfe
2022-09-15 16:52:57 [com.tq.yuxuan.xxljob.task.MyTask#demoJobHandler]-[45]-[xxl-job, JobThread-5-1663231972008] 2022-02-28 21:20:50.100000 account insert order, id = strategy0_31, price = 4727.0, direction = ORDER_DIRECTION.BUY, code = rb999.shfe
2022-09-15 16:52:57 [com.tq.yuxuan.xxljob.task.MyTask#demoJobHandler]-[45]-[xxl-job, JobThread-5-1663231972008] 2022-02-28 21:20:50.200000 market receive order, id = strategy0_31, price = 4727.0, direction = ORDER_DIRECTION.BUY, code = rb999.shfe
2022-09-15 16:52:57 [com.tq.yuxuan.xxljob.task.MyTask#demoJobHandler]-[45]-[xxl-job, JobThread-5-1663231972008] 2022-02-28 21:20:51.100000 market match order, id = strategy0_31, info = ('strategy0_31', 4, 4727.0, 1), code = rb999.shfe
2022-09-15 16:52:57 [com.tq.yuxuan.xxljob.task.MyTask#demoJobHandler]-[45]-[xxl-job, JobThread-5-1663231972008] 2022-02-28 21:20:59.100000 account insert order, id = strategy0_32, price = 4725.0, direction = ORDER_DIRECTION.BUY, code = rb888.shfe
2022-09-15 16:52:57 [com.tq.yuxuan.xxljob.task.MyTask#demoJobHandler]-[45]-[xxl-job, JobThread-5-1663231972008] 2022-02-28 21:20:59.200000 market receive order, id = strategy0_32, price = 4725.0, direction = ORDER_DIRECTION.BUY, code = rb888.shfe
2022-09-15 16:52:57 [com.tq.yuxuan.xxljob.task.MyTask#demoJobHandler]-[45]-[xxl-job, JobThread-5-1663231972008] 2022-02-28 21:21:02.100000 account cancel order, id = strategy0_32, price = 4725.0, direction = ORDER_DIRECTION.BUY, code = rb888.shfe
2022-09-15 16:52:57 [com.tq.yuxuan.xxljob.task.MyTask#demoJobHandler]-[45]-[xxl-job, JobThread-5-1663231972008] 2022-02-28 21:21:02.200000 market match order, id = strategy0_32, info = ('strategy0_32', 5, None, None), code = rb888.shfe
2022-09-15 16:52:57 [com.tq.yuxuan.xxljob.task.MyTask#demoJobHandler]-[45]-[xxl-job, JobThread-5-1663231972008] 2022-02-28 21:21:07.100000 account insert order, id = strategy0_33, price = 4726.0, direction = ORDER_DIRECTION.SELL, code = rb888.shfe
2022-09-15 16:52:57 [com.tq.yuxuan.xxljob.task.MyTask#demoJobHandler]-[45]-[xxl-job, JobThread-5-1663231972008] 2022-02-28 21:21:07.200000 market receive order, id = strategy0_33, price = 4726.0, direction = ORDER_DIRECTION.SELL, code = rb888.shfe
2022-09-15 16:52:57 [com.tq.yuxuan.xxljob.task.MyTask#demoJobHandler]-[45]-[xxl-job, JobThread-5-1663231972008] 2022-02-28 21:21:08.100000 missing order strategy0_33 @ cancelling...
2022-09-15 16:52:57 [com.tq.yuxuan.xxljob.task.MyTask#demoJobHandler]-[45]-[xxl-job, JobThread-5-1663231972008] 2022-02-28 21:21:08.100000 account cancel order, id = strategy0_33, price = 4726.0, direction = ORDER_DIRECTION.SELL, code = rb888.shfe
2022-09-15 16:52:57 [com.tq.yuxuan.xxljob.task.MyTask#demoJobHandler]-[45]-[xxl-job, JobThread-5-1663231972008] 2022-02-28 21:21:08.100000 market match order, id = strategy0_33, info = ('strategy0_33', 4, 4726.0, 1), code = rb888.shfe
2022-09-15 16:52:57 [com.tq.yuxuan.xxljob.task.MyTask#demoJobHandler]-[45]-[xxl-job, JobThread-5-1663231972008] 2022-02-28 21:21:11.100000 account insert order, id = strategy1_31, price = 4727.0, direction = ORDER_DIRECTION.SELL, code = rb999.shfe
2022-09-15 16:52:57 [com.tq.yuxuan.xxljob.task.MyTask#demoJobHandler]-[45]-[xxl-job, JobThread-5-1663231972008] 2022-02-28 21:21:11.200000 market receive order, id = strategy1_31, price = 4727.0, direction = ORDER_DIRECTION.SELL, code = rb999.shfe
2022-09-15 16:52:57 [com.tq.yuxuan.xxljob.task.MyTask#demoJobHandler]-[45]-[xxl-job, JobThread-5-1663231972008] 2022-02-28 21:21:12.100000 market match order, id = strategy1_31, info = ('strategy1_31', 4, 4728.0, 1), code = rb999.shfe
2022-09-15 16:52:57 [com.tq.yuxuan.xxljob.task.MyTask#demoJobHandler]-[45]-[xxl-job, JobThread-5-1663231972008] 2022-02-28 21:21:17.100000 account insert order, id = strategy1_32, price = 4729.0, direction = ORDER_DIRECTION.BUY, code = rb888.shfe
2022-09-15 16:52:57 [com.tq.yuxuan.xxljob.task.MyTask#demoJobHandler]-[45]-[xxl-job, JobThread-5-1663231972008] 2022-02-28 21:21:17.200000 market receive order, id = strategy1_32, price = 4729.0, direction = ORDER_DIRECTION.BUY, code = rb888.shfe
2022-09-15 16:52:57 [com.tq.yuxuan.xxljob.task.MyTask#demoJobHandler]-[45]-[xxl-job, JobThread-5-1663231972008] 2022-02-28 21:21:17.200000 market match order, id = strategy1_32, info = ('strategy1_32', 4, 4729.0, 1), code = rb888.shfe
2022-09-15 16:52:57 [com.tq.yuxuan.xxljob.task.MyTask#demoJobHandler]-[45]-[xxl-job, JobThread-5-1663231972008] 2022-02-28 21:21:18.100000 account insert order, id = strategy1_33, price = 4729.0, direction = ORDER_DIRECTION.SELL, code = rb888.shfe
2022-09-15 16:52:57 [com.tq.yuxuan.xxljob.task.MyTask#demoJobHandler]-[45]-[xxl-job, JobThread-5-1663231972008] 2022-02-28 21:21:18.200000 market receive order, id = strategy1_33, price = 4729.0, direction = ORDER_DIRECTION.SELL, code = rb888.shfe
2022-09-15 16:52:57 [com.tq.yuxuan.xxljob.task.MyTask#demoJobHandler]-[45]-[xxl-job, JobThread-5-1663231972008] 2022-02-28 21:21:24.100000 account cancel order, id = strategy1_33, price = 4729.0, direction = ORDER_DIRECTION.SELL, code = rb888.shfe
2022-09-15 16:52:57 [com.tq.yuxuan.xxljob.task.MyTask#demoJobHandler]-[45]-[xxl-job, JobThread-5-1663231972008] 2022-02-28 21:21:24.200000 market match order, id = strategy1_33, info = ('strategy1_33', 5, None, None), code = rb888.shfe
2022-09-15 16:52:57 [com.tq.yuxuan.xxljob.task.MyTask#demoJobHandler]-[45]-[xxl-job, JobThread-5-1663231972008] 2022-02-28 21:21:33.100000 account insert order, id = strategy0_34, price = 4728.0, direction = ORDER_DIRECTION.BUY, code = rb888.shfe
2022-09-15 16:52:57 [com.tq.yuxuan.xxljob.task.MyTask#demoJobHandler]-[45]-[xxl-job, JobThread-5-1663231972008] 2022-02-28 21:21:33.200000 market receive order, id = strategy0_34, price = 4728.0, direction = ORDER_DIRECTION.BUY, code = rb888.shfe
2022-09-15 16:52:57 [com.tq.yuxuan.xxljob.task.MyTask#demoJobHandler]-[45]-[xxl-job, JobThread-5-1663231972008] 2022-02-28 21:21:35.100000 account cancel order, id = strategy0_34, price = 4728.0, direction = ORDER_DIRECTION.BUY, code = rb888.shfe
2022-09-15 16:52:57 [com.tq.yuxuan.xxljob.task.MyTask#demoJobHandler]-[45]-[xxl-job, JobThread-5-1663231972008] 2022-02-28 21:21:35.200000 market match order, id = strategy0_34, info = ('strategy0_34', 5, None, None), code = rb888.shfe
2022-09-15 16:52:57 [com.tq.yuxuan.xxljob.task.MyTask#demoJobHandler]-[45]-[xxl-job, JobThread-5-1663231972008] 2022-02-28 21:22:17.100000 account insert order, id = strategy0_35, price = 4732.0, direction = ORDER_DIRECTION.SELL, code = rb999.shfe
2022-09-15 16:52:57 [com.tq.yuxuan.xxljob.task.MyTask#demoJobHandler]-[45]-[xxl-job, JobThread-5-1663231972008] 2022-02-28 21:22:17.200000 market receive order, id = strategy0_35, price = 4732.0, direction = ORDER_DIRECTION.SELL, code = rb999.shfe
2022-09-15 16:52:57 [com.tq.yuxuan.xxljob.task.MyTask#demoJobHandler]-[45]-[xxl-job, JobThread-5-1663231972008] 2022-02-28 21:22:19.100000 account cancel order, id = strategy0_35, price = 4732.0, direction = ORDER_DIRECTION.SELL, code = rb999.shfe
2022-09-15 16:52:57 [com.tq.yuxuan.xxljob.task.MyTask#demoJobHandler]-[45]-[xxl-job, JobThread-5-1663231972008] 2022-02-28 21:22:19.200000 market match order, id = strategy0_35, info = ('strategy0_35', 5, None, None), code = rb999.shfe
2022-09-15 16:52:57 [com.tq.yuxuan.xxljob.task.MyTask#demoJobHandler]-[45]-[xxl-job, JobThread-5-1663231972008] 2022-02-28 21:22:31.100000 account insert order, id = strategy1_34, price = 4731.0, direction = ORDER_DIRECTION.BUY, code = rb888.shfe
2022-09-15 16:52:57 [com.tq.yuxuan.xxljob.task.MyTask#demoJobHandler]-[45]-[xxl-job, JobThread-5-1663231972008] 2022-02-28 21:22:31.200000 market receive order, id = strategy1_34, price = 4731.0, direction = ORDER_DIRECTION.BUY, code = rb888.shfe
2022-09-15 16:52:57 [com.tq.yuxuan.xxljob.task.MyTask#demoJobHandler]-[45]-[xxl-job, JobThread-5-1663231972008] 2022-02-28 21:22:32.100000 account cancel order, id = strategy1_34, price = 4731.0, direction = ORDER_DIRECTION.BUY, code = rb888.shfe
2022-09-15 16:52:57 [com.tq.yuxuan.xxljob.task.MyTask#demoJobHandler]-[45]-[xxl-job, JobThread-5-1663231972008] 2022-02-28 21:22:32.200000 market match order, id = strategy1_34, info = ('strategy1_34', 5, None, None), code = rb888.shfe
2022-09-15 16:52:57 [com.tq.yuxuan.xxljob.task.MyTask#demoJobHandler]-[45]-[xxl-job, JobThread-5-1663231972008] 2022-02-28 21:22:42.100000 account insert order, id = strategy0_36, price = 4733.0, direction = ORDER_DIRECTION.SELL, code = rb888.shfe
2022-09-15 16:52:57 [com.tq.yuxuan.xxljob.task.MyTask#demoJobHandler]-[45]-[xxl-job, JobThread-5-1663231972008] 2022-02-28 21:22:42.200000 market receive order, id = strategy0_36, price = 4733.0, direction = ORDER_DIRECTION.SELL, code = rb888.shfe
2022-09-15 16:52:57 [com.tq.yuxuan.xxljob.task.MyTask#demoJobHandler]-[45]-[xxl-job, JobThread-5-1663231972008] 2022-02-28 21:22:46.100000 market match order, id = strategy0_36, info = ('strategy0_36', 4, 4733.0, 1), code = rb888.shfe
2022-09-15 16:52:57 [com.tq.yuxuan.xxljob.task.MyTask#demoJobHandler]-[45]-[xxl-job, JobThread-5-1663231972008] 2022-02-28 21:24:21.100000 account insert order, id = strategy1_35, price = 4733.0, direction = ORDER_DIRECTION.SELL, code = rb888.shfe
2022-09-15 16:52:57 [com.tq.yuxuan.xxljob.task.MyTask#demoJobHandler]-[45]-[xxl-job, JobThread-5-1663231972008] 2022-02-28 21:24:21.200000 market receive order, id = strategy1_35, price = 4733.0, direction = ORDER_DIRECTION.SELL, code = rb888.shfe
2022-09-15 16:52:57 [com.tq.yuxuan.xxljob.task.MyTask#demoJobHandler]-[45]-[xxl-job, JobThread-5-1663231972008] 2022-02-28 21:24:22.100000 account cancel order, id = strategy1_35, price = 4733.0, direction = ORDER_DIRECTION.SELL, code = rb888.shfe
2022-09-15 16:52:57 [com.tq.yuxuan.xxljob.task.MyTask#demoJobHandler]-[45]-[xxl-job, JobThread-5-1663231972008] 2022-02-28 21:24:22.200000 market match order, id = strategy1_35, info = ('strategy1_35', 5, None, None), code = rb888.shfe
2022-09-15 16:52:57 [com.tq.yuxuan.xxljob.task.MyTask#demoJobHandler]-[45]-[xxl-job, JobThread-5-1663231972008] 2022-02-28 21:24:24.100000 account insert order, id = strategy1_36, price = 4732.0, direction = ORDER_DIRECTION.BUY, code = rb888.shfe
2022-09-15 16:52:57 [com.tq.yuxuan.xxljob.task.MyTask#demoJobHandler]-[45]-[xxl-job, JobThread-5-1663231972008] 2022-02-28 21:24:24.200000 market receive order, id = strategy1_36, price = 4732.0, direction = ORDER_DIRECTION.BUY, code = rb888.shfe
2022-09-15 16:52:57 [com.tq.yuxuan.xxljob.task.MyTask#demoJobHandler]-[45]-[xxl-job, JobThread-5-1663231972008] 2022-02-28 21:24:24.200000 market match order, id = strategy1_36, info = ('strategy1_36', 4, 4732.0, 1), code = rb888.shfe
2022-09-15 16:52:57 [com.tq.yuxuan.xxljob.task.MyTask#demoJobHandler]-[45]-[xxl-job, JobThread-5-1663231972008] 2022-02-28 21:24:55.100000 account insert order, id = strategy0_37, price = 4732.0, direction = ORDER_DIRECTION.SELL, code = rb999.shfe
2022-09-15 16:52:57 [com.tq.yuxuan.xxljob.task.MyTask#demoJobHandler]-[45]-[xxl-job, JobThread-5-1663231972008] 2022-02-28 21:24:55.100000 account insert order, id = strategy0_38, price = 4732.0, direction = ORDER_DIRECTION.SELL, code = rb888.shfe
2022-09-15 16:52:57 [com.tq.yuxuan.xxljob.task.MyTask#demoJobHandler]-[45]-[xxl-job, JobThread-5-1663231972008] 2022-02-28 21:24:55.200000 market receive order, id = strategy0_37, price = 4732.0, direction = ORDER_DIRECTION.SELL, code = rb999.shfe
2022-09-15 16:52:57 [com.tq.yuxuan.xxljob.task.MyTask#demoJobHandler]-[45]-[xxl-job, JobThread-5-1663231972008] 2022-02-28 21:24:55.200000 market receive order, id = strategy0_38, price = 4732.0, direction = ORDER_DIRECTION.SELL, code = rb888.shfe
2022-09-15 16:52:57 [com.tq.yuxuan.xxljob.task.MyTask#demoJobHandler]-[45]-[xxl-job, JobThread-5-1663231972008] 2022-02-28 21:24:58.100000 account cancel order, id = strategy0_37, price = 4732.0, direction = ORDER_DIRECTION.SELL, code = rb999.shfe
2022-09-15 16:52:57 [com.tq.yuxuan.xxljob.task.MyTask#demoJobHandler]-[45]-[xxl-job, JobThread-5-1663231972008] 2022-02-28 21:24:58.200000 market match order, id = strategy0_37, info = ('strategy0_37', 5, None, None), code = rb999.shfe
2022-09-15 16:52:57 [com.tq.yuxuan.xxljob.task.MyTask#demoJobHandler]-[45]-[xxl-job, JobThread-5-1663231972008] 2022-02-28 21:24:59.100000 account cancel order, id = strategy0_38, price = 4732.0, direction = ORDER_DIRECTION.SELL, code = rb888.shfe
2022-09-15 16:52:57 [com.tq.yuxuan.xxljob.task.MyTask#demoJobHandler]-[45]-[xxl-job, JobThread-5-1663231972008] 2022-02-28 21:24:59.200000 market match order, id = strategy0_38, info = ('strategy0_38', 5, None, None), code = rb888.shfe
2022-09-15 16:52:57 [com.tq.yuxuan.xxljob.task.MyTask#demoJobHandler]-[45]-[xxl-job, JobThread-5-1663231972008] 2022-02-28 21:25:14.100000 account insert order, id = strategy1_37, price = 4732.0, direction = ORDER_DIRECTION.SELL, code = rb999.shfe
2022-09-15 16:52:57 [com.tq.yuxuan.xxljob.task.MyTask#demoJobHandler]-[45]-[xxl-job, JobThread-5-1663231972008] 2022-02-28 21:25:14.200000 market receive order, id = strategy1_37, price = 4732.0, direction = ORDER_DIRECTION.SELL, code = rb999.shfe
2022-09-15 16:52:57 [com.tq.yuxuan.xxljob.task.MyTask#demoJobHandler]-[45]-[xxl-job, JobThread-5-1663231972008] 2022-02-28 21:25:15.100000 account cancel order, id = strategy1_37, price = 4732.0, direction = ORDER_DIRECTION.SELL, code = rb999.shfe
2022-09-15 16:52:57 [com.tq.yuxuan.xxljob.task.MyTask#demoJobHandler]-[45]-[xxl-job, JobThread-5-1663231972008] 2022-02-28 21:25:15.200000 market match order, id = strategy1_37, info = ('strategy1_37', 5, None, None), code = rb999.shfe
2022-09-15 16:52:57 [com.tq.yuxuan.xxljob.task.MyTask#demoJobHandler]-[45]-[xxl-job, JobThread-5-1663231972008] 2022-02-28 21:25:28.100000 account insert order, id = strategy1_38, price = 4730.0, direction = ORDER_DIRECTION.BUY, code = rb999.shfe
2022-09-15 16:52:57 [com.tq.yuxuan.xxljob.task.MyTask#demoJobHandler]-[45]-[xxl-job, JobThread-5-1663231972008] 2022-02-28 21:25:28.200000 market receive order, id = strategy1_38, price = 4730.0, direction = ORDER_DIRECTION.BUY, code = rb999.shfe
2022-09-15 16:52:57 [com.tq.yuxuan.xxljob.task.MyTask#demoJobHandler]-[45]-[xxl-job, JobThread-5-1663231972008] 2022-02-28 21:25:29.100000 account insert order, id = strategy1_39, price = 4730.0, direction = ORDER_DIRECTION.BUY, code = rb888.shfe
2022-09-15 16:52:57 [com.tq.yuxuan.xxljob.task.MyTask#demoJobHandler]-[45]-[xxl-job, JobThread-5-1663231972008] 2022-02-28 21:25:29.200000 market receive order, id = strategy1_39, price = 4730.0, direction = ORDER_DIRECTION.BUY, code = rb888.shfe
2022-09-15 16:52:57 [com.tq.yuxuan.xxljob.task.MyTask#demoJobHandler]-[45]-[xxl-job, JobThread-5-1663231972008] 2022-02-28 21:25:30.100000 account cancel order, id = strategy1_38, price = 4730.0, direction = ORDER_DIRECTION.BUY, code = rb999.shfe
2022-09-15 16:52:57 [com.tq.yuxuan.xxljob.task.MyTask#demoJobHandler]-[45]-[xxl-job, JobThread-5-1663231972008] 2022-02-28 21:25:30.200000 market match order, id = strategy1_38, info = ('strategy1_38', 5, None, None), code = rb999.shfe
2022-09-15 16:52:57 [com.tq.yuxuan.xxljob.task.MyTask#demoJobHandler]-[45]-[xxl-job, JobThread-5-1663231972008] 2022-02-28 21:25:34.100000 account cancel order, id = strategy1_39, price = 4730.0, direction = ORDER_DIRECTION.BUY, code = rb888.shfe
2022-09-15 16:52:57 [com.tq.yuxuan.xxljob.task.MyTask#demoJobHandler]-[45]-[xxl-job, JobThread-5-1663231972008] 2022-02-28 21:25:34.200000 market match order, id = strategy1_39, info = ('strategy1_39', 5, None, None), code = rb888.shfe
2022-09-15 16:52:57 [com.tq.yuxuan.xxljob.task.MyTask#demoJobHandler]-[45]-[xxl-job, JobThread-5-1663231972008] 2022-02-28 21:25:37.100000 account insert order, id = strategy0_39, price = 4731.0, direction = ORDER_DIRECTION.BUY, code = rb888.shfe
2022-09-15 16:52:57 [com.tq.yuxuan.xxljob.task.MyTask#demoJobHandler]-[45]-[xxl-job, JobThread-5-1663231972008] 2022-02-28 21:25:37.200000 market receive order, id = strategy0_39, price = 4731.0, direction = ORDER_DIRECTION.BUY, code = rb888.shfe
2022-09-15 16:52:57 [com.tq.yuxuan.xxljob.task.MyTask#demoJobHandler]-[45]-[xxl-job, JobThread-5-1663231972008] 2022-02-28 21:25:38.100000 market match order, id = strategy0_39, info = ('strategy0_39', 4, 4731.0, 1), code = rb888.shfe
2022-09-15 16:52:57 [com.tq.yuxuan.xxljob.task.MyTask#demoJobHandler]-[45]-[xxl-job, JobThread-5-1663231972008] 2022-02-28 21:25:52.100000 account insert order, id = strategy0_40, price = 4730.0, direction = ORDER_DIRECTION.SELL, code = rb999.shfe
2022-09-15 16:52:57 [com.tq.yuxuan.xxljob.task.MyTask#demoJobHandler]-[45]-[xxl-job, JobThread-5-1663231972008] 2022-02-28 21:25:52.200000 market receive order, id = strategy0_40, price = 4730.0, direction = ORDER_DIRECTION.SELL, code = rb999.shfe
2022-09-15 16:52:57 [com.tq.yuxuan.xxljob.task.MyTask#demoJobHandler]-[45]-[xxl-job, JobThread-5-1663231972008] 2022-02-28 21:25:54.100000 account cancel order, id = strategy0_40, price = 4730.0, direction = ORDER_DIRECTION.SELL, code = rb999.shfe
2022-09-15 16:52:57 [com.tq.yuxuan.xxljob.task.MyTask#demoJobHandler]-[45]-[xxl-job, JobThread-5-1663231972008] 2022-02-28 21:25:54.200000 market match order, id = strategy0_40, info = ('strategy0_40', 5, None, None), code = rb999.shfe
2022-09-15 16:52:57 [com.tq.yuxuan.xxljob.task.MyTask#demoJobHandler]-[45]-[xxl-job, JobThread-5-1663231972008] 2022-02-28 21:26:14.100000 account insert order, id = strategy0_41, price = 4727.0, direction = ORDER_DIRECTION.BUY, code = rb999.shfe
2022-09-15 16:52:57 [com.tq.yuxuan.xxljob.task.MyTask#demoJobHandler]-[45]-[xxl-job, JobThread-5-1663231972008] 2022-02-28 21:26:14.200000 market receive order, id = strategy0_41, price = 4727.0, direction = ORDER_DIRECTION.BUY, code = rb999.shfe
2022-09-15 16:52:57 [com.tq.yuxuan.xxljob.task.MyTask#demoJobHandler]-[45]-[xxl-job, JobThread-5-1663231972008] 2022-02-28 21:26:17.100000 market match order, id = strategy0_41, info = ('strategy0_41', 4, 4727.0, 1), code = rb999.shfe
2022-09-15 16:52:57 [com.tq.yuxuan.xxljob.task.MyTask#demoJobHandler]-[45]-[xxl-job, JobThread-5-1663231972008] 2022-02-28 21:26:54.100000 account insert order, id = strategy1_40, price = 4727.0, direction = ORDER_DIRECTION.BUY, code = rb999.shfe
2022-09-15 16:52:57 [com.tq.yuxuan.xxljob.task.MyTask#demoJobHandler]-[45]-[xxl-job, JobThread-5-1663231972008] 2022-02-28 21:26:54.200000 market receive order, id = strategy1_40, price = 4727.0, direction = ORDER_DIRECTION.BUY, code = rb999.shfe
2022-09-15 16:52:57 [com.tq.yuxuan.xxljob.task.MyTask#demoJobHandler]-[45]-[xxl-job, JobThread-5-1663231972008] 2022-02-28 21:26:56.100000 account cancel order, id = strategy1_40, price = 4727.0, direction = ORDER_DIRECTION.BUY, code = rb999.shfe
2022-09-15 16:52:57 [com.tq.yuxuan.xxljob.task.MyTask#demoJobHandler]-[45]-[xxl-job, JobThread-5-1663231972008] 2022-02-28 21:26:56.200000 market match order, id = strategy1_40, info = ('strategy1_40', 5, None, None), code = rb999.shfe
2022-09-15 16:52:57 [com.tq.yuxuan.xxljob.task.MyTask#demoJobHandler]-[45]-[xxl-job, JobThread-5-1663231972008] 2022-02-28 21:27:21.100000 account insert order, id = strategy1_41, price = 4726.0, direction = ORDER_DIRECTION.BUY, code = rb888.shfe
2022-09-15 16:52:57 [com.tq.yuxuan.xxljob.task.MyTask#demoJobHandler]-[45]-[xxl-job, JobThread-5-1663231972008] 2022-02-28 21:27:21.200000 market receive order, id = strategy1_41, price = 4726.0, direction = ORDER_DIRECTION.BUY, code = rb888.shfe
2022-09-15 16:52:57 [com.tq.yuxuan.xxljob.task.MyTask#demoJobHandler]-[45]-[xxl-job, JobThread-5-1663231972008] 2022-02-28 21:27:26.100000 account cancel order, id = strategy1_41, price = 4726.0, direction = ORDER_DIRECTION.BUY, code = rb888.shfe
2022-09-15 16:52:57 [com.tq.yuxuan.xxljob.task.MyTask#demoJobHandler]-[45]-[xxl-job, JobThread-5-1663231972008] 2022-02-28 21:27:26.200000 market match order, id = strategy1_41, info = ('strategy1_41', 5, None, None), code = rb888.shfe
2022-09-15 16:52:57 [com.tq.yuxuan.xxljob.task.MyTask#demoJobHandler]-[45]-[xxl-job, JobThread-5-1663231972008] 2022-02-28 21:27:58.100000 account insert order, id = strategy1_42, price = 4727.0, direction = ORDER_DIRECTION.BUY, code = rb999.shfe
2022-09-15 16:52:57 [com.tq.yuxuan.xxljob.task.MyTask#demoJobHandler]-[45]-[xxl-job, JobThread-5-1663231972008] 2022-02-28 21:27:58.200000 market receive order, id = strategy1_42, price = 4727.0, direction = ORDER_DIRECTION.BUY, code = rb999.shfe
2022-09-15 16:52:57 [com.tq.yuxuan.xxljob.task.MyTask#demoJobHandler]-[45]-[xxl-job, JobThread-5-1663231972008] 2022-02-28 21:28:00.100000 account cancel order, id = strategy1_42, price = 4727.0, direction = ORDER_DIRECTION.BUY, code = rb999.shfe
2022-09-15 16:52:57 [com.tq.yuxuan.xxljob.task.MyTask#demoJobHandler]-[45]-[xxl-job, JobThread-5-1663231972008] 2022-02-28 21:28:00.200000 market match order, id = strategy1_42, info = ('strategy1_42', 5, None, None), code = rb999.shfe
2022-09-15 16:52:57 [com.tq.yuxuan.xxljob.task.MyTask#demoJobHandler]-[45]-[xxl-job, JobThread-5-1663231972008] 2022-02-28 21:28:31.100000 account insert order, id = strategy1_43, price = 4727.0, direction = ORDER_DIRECTION.SELL, code = rb888.shfe
2022-09-15 16:52:57 [com.tq.yuxuan.xxljob.task.MyTask#demoJobHandler]-[45]-[xxl-job, JobThread-5-1663231972008] 2022-02-28 21:28:31.200000 market receive order, id = strategy1_43, price = 4727.0, direction = ORDER_DIRECTION.SELL, code = rb888.shfe
2022-09-15 16:52:57 [com.tq.yuxuan.xxljob.task.MyTask#demoJobHandler]-[45]-[xxl-job, JobThread-5-1663231972008] 2022-02-28 21:28:32.100000 account cancel order, id = strategy1_43, price = 4727.0, direction = ORDER_DIRECTION.SELL, code = rb888.shfe
2022-09-15 16:52:57 [com.tq.yuxuan.xxljob.task.MyTask#demoJobHandler]-[45]-[xxl-job, JobThread-5-1663231972008] 2022-02-28 21:28:32.200000 market match order, id = strategy1_43, info = ('strategy1_43', 5, None, None), code = rb888.shfe
2022-09-15 16:52:57 [com.tq.yuxuan.xxljob.task.MyTask#demoJobHandler]-[45]-[xxl-job, JobThread-5-1663231972008] 2022-02-28 21:28:34.100000 account insert order, id = strategy1_44, price = 4726.0, direction = ORDER_DIRECTION.BUY, code = rb999.shfe
2022-09-15 16:52:57 [com.tq.yuxuan.xxljob.task.MyTask#demoJobHandler]-[45]-[xxl-job, JobThread-5-1663231972008] 2022-02-28 21:28:34.200000 market receive order, id = strategy1_44, price = 4726.0, direction = ORDER_DIRECTION.BUY, code = rb999.shfe
2022-09-15 16:52:57 [com.tq.yuxuan.xxljob.task.MyTask#demoJobHandler]-[45]-[xxl-job, JobThread-5-1663231972008] 2022-02-28 21:28:36.100000 account cancel order, id = strategy1_44, price = 4726.0, direction = ORDER_DIRECTION.BUY, code = rb999.shfe
2022-09-15 16:52:57 [com.tq.yuxuan.xxljob.task.MyTask#demoJobHandler]-[45]-[xxl-job, JobThread-5-1663231972008] 2022-02-28 21:28:36.200000 market match order, id = strategy1_44, info = ('strategy1_44', 5, None, None), code = rb999.shfe
2022-09-15 16:52:57 [com.tq.yuxuan.xxljob.task.MyTask#demoJobHandler]-[45]-[xxl-job, JobThread-5-1663231972008] 2022-02-28 21:29:34.100000 account insert order, id = strategy0_42, price = 4730.0, direction = ORDER_DIRECTION.SELL, code = rb999.shfe
2022-09-15 16:52:57 [com.tq.yuxuan.xxljob.task.MyTask#demoJobHandler]-[45]-[xxl-job, JobThread-5-1663231972008] 2022-02-28 21:29:34.200000 market receive order, id = strategy0_42, price = 4730.0, direction = ORDER_DIRECTION.SELL, code = rb999.shfe
2022-09-15 16:52:57 [com.tq.yuxuan.xxljob.task.MyTask#demoJobHandler]-[45]-[xxl-job, JobThread-5-1663231972008] 2022-02-28 21:29:36.100000 account cancel order, id = strategy0_42, price = 4730.0, direction = ORDER_DIRECTION.SELL, code = rb999.shfe
2022-09-15 16:52:57 [com.tq.yuxuan.xxljob.task.MyTask#demoJobHandler]-[45]-[xxl-job, JobThread-5-1663231972008] 2022-02-28 21:29:36.200000 market match order, id = strategy0_42, info = ('strategy0_42', 5, None, None), code = rb999.shfe
2022-09-15 16:52:57 [com.tq.yuxuan.xxljob.task.MyTask#demoJobHandler]-[45]-[xxl-job, JobThread-5-1663231972008] 2022-02-28 21:29:44.100000 account insert order, id = strategy1_45, price = 4730.0, direction = ORDER_DIRECTION.BUY, code = rb999.shfe
2022-09-15 16:52:57 [com.tq.yuxuan.xxljob.task.MyTask#demoJobHandler]-[45]-[xxl-job, JobThread-5-1663231972008] 2022-02-28 21:29:44.200000 market receive order, id = strategy1_45, price = 4730.0, direction = ORDER_DIRECTION.BUY, code = rb999.shfe
2022-09-15 16:52:57 [com.tq.yuxuan.xxljob.task.MyTask#demoJobHandler]-[45]-[xxl-job, JobThread-5-1663231972008] 2022-02-28 21:29:45.100000 account cancel order, id = strategy1_45, price = 4730.0, direction = ORDER_DIRECTION.BUY, code = rb999.shfe
2022-09-15 16:52:57 [com.tq.yuxuan.xxljob.task.MyTask#demoJobHandler]-[45]-[xxl-job, JobThread-5-1663231972008] 2022-02-28 21:29:45.200000 market match order, id = strategy1_45, info = ('strategy1_45', 5, None, None), code = rb999.shfe
2022-09-15 16:52:57 [com.tq.yuxuan.xxljob.task.MyTask#demoJobHandler]-[45]-[xxl-job, JobThread-5-1663231972008] 2022-02-28 21:29:46.100000 account insert order, id = strategy1_46, price = 4731.0, direction = ORDER_DIRECTION.SELL, code = rb999.shfe
2022-09-15 16:52:57 [com.tq.yuxuan.xxljob.task.MyTask#demoJobHandler]-[45]-[xxl-job, JobThread-5-1663231972008] 2022-02-28 21:29:46.200000 market receive order, id = strategy1_46, price = 4731.0, direction = ORDER_DIRECTION.SELL, code = rb999.shfe
2022-09-15 16:52:57 [com.tq.yuxuan.xxljob.task.MyTask#demoJobHandler]-[45]-[xxl-job, JobThread-5-1663231972008] 2022-02-28 21:29:46.200000 market match order, id = strategy1_46, info = ('strategy1_46', 4, 4731.0, 1), code = rb999.shfe
2022-09-15 16:52:57 [com.tq.yuxuan.xxljob.task.MyTask#demoJobHandler]-[45]-[xxl-job, JobThread-5-1663231972008] 2022-02-28 21:29:49.100000 account insert order, id = strategy1_47, price = 4731.0, direction = ORDER_DIRECTION.SELL, code = rb888.shfe
2022-09-15 16:52:57 [com.tq.yuxuan.xxljob.task.MyTask#demoJobHandler]-[45]-[xxl-job, JobThread-5-1663231972008] 2022-02-28 21:29:49.200000 market receive order, id = strategy1_47, price = 4731.0, direction = ORDER_DIRECTION.SELL, code = rb888.shfe
2022-09-15 16:52:57 [com.tq.yuxuan.xxljob.task.MyTask#demoJobHandler]-[45]-[xxl-job, JobThread-5-1663231972008] 2022-02-28 21:29:57.100000 account cancel order, id = strategy1_47, price = 4731.0, direction = ORDER_DIRECTION.SELL, code = rb888.shfe
2022-09-15 16:52:57 [com.tq.yuxuan.xxljob.task.MyTask#demoJobHandler]-[45]-[xxl-job, JobThread-5-1663231972008] 2022-02-28 21:29:57.200000 market match order, id = strategy1_47, info = ('strategy1_47', 5, None, None), code = rb888.shfe
2022-09-15 16:52:57 [com.tq.yuxuan.xxljob.task.MyTask#demoJobHandler]-[45]-[xxl-job, JobThread-5-1663231972008] strategy0 {'rb888.shfe': [('strategy0_0', 4, 4716.0, 1), ('strategy0_1', 4, 4719.0, 1), ('strategy0_3', 5, None, None), ('strategy0_4', 4, 4724.0, 1), ('strategy0_5', 4, 4724.0, 1), ('strategy0_7', 4, 4728.0, 1), ('strategy0_11', 4, 4729.0, 1), ('strategy0_14', 5, None, None), ('strategy0_16', 4, 4721.0, 1), ('strategy0_17', 5, None, None), ('strategy0_18', 4, 4724.0, 1), ('strategy0_19', 5, None, None), ('strategy0_23', 5, None, None), ('strategy0_24', 5, None, None), ('strategy0_25', 5, None, None), ('strategy0_29', 5, None, None), ('strategy0_30', 4, 4728.0, 1), ('strategy0_32', 5, None, None), ('strategy0_33', 4, 4726.0, 1), ('strategy0_34', 5, None, None), ('strategy0_36', 4, 4733.0, 1), ('strategy0_38', 5, None, None), ('strategy0_39', 4, 4731.0, 1)], 'rb999.shfe': [('strategy0_2', 4, 4719.0, 1), ('strategy0_6', 4, 4726.0, 1), ('strategy0_8', 4, 4727.0, 1), ('strategy0_9', 4, 4728.0, 1), ('strategy0_10', 4, 4728.0, 1), ('strategy0_12', 5, None, None), ('strategy0_13', 5, None, None), ('strategy0_15', 5, None, None), ('strategy0_20', 5, None, None), ('strategy0_21', 5, None, None), ('strategy0_22', 4, 4725.0, 1), ('strategy0_26', 4, 4730.0, 1), ('strategy0_27', 4, 4730.0, 1), ('strategy0_28', 4, 4730.0, 1), ('strategy0_31', 4, 4727.0, 1), ('strategy0_35', 5, None, None), ('strategy0_37', 5, None, None), ('strategy0_40', 5, None, None), ('strategy0_41', 4, 4727.0, 1), ('strategy0_42', 5, None, None)]}
2022-09-15 16:52:57 [com.tq.yuxuan.xxljob.task.MyTask#demoJobHandler]-[45]-[xxl-job, JobThread-5-1663231972008] strategy1 {'rb888.shfe': [('strategy1_1', 4, 4718.0, 1), ('strategy1_6', 5, None, None), ('strategy1_7', 5, None, None), ('strategy1_8', 4, 4725.0, 1), ('strategy1_10', 5, None, None), ('strategy1_17', 5, None, None), ('strategy1_18', 5, None, None), ('strategy1_19', 5, None, None), ('strategy1_22', 5, None, None), ('strategy1_23', 4, 4729.0, 1), ('strategy1_25', 4, 4730.0, 1), ('strategy1_24', 5, None, None), ('strategy1_26', 5, None, None), ('strategy1_32', 4, 4729.0, 1), ('strategy1_33', 5, None, None), ('strategy1_34', 5, None, None), ('strategy1_35', 5, None, None), ('strategy1_36', 4, 4732.0, 1), ('strategy1_39', 5, None, None), ('strategy1_41', 5, None, None), ('strategy1_43', 5, None, None), ('strategy1_47', 5, None, None)], 'rb999.shfe': [('strategy1_0', 5, None, None), ('strategy1_2', 5, None, None), ('strategy1_3', 5, None, None), ('strategy1_4', 4, 4724.0, 1), ('strategy1_5', 5, None, None), ('strategy1_9', 5, None, None), ('strategy1_11', 4, 4728.0, 1), ('strategy1_12', 4, 4729.0, 1), ('strategy1_13', 4, 4724.0, 1), ('strategy1_14', 4, 4724.0, 1), ('strategy1_15', 5, None, None), ('strategy1_16', 5, None, None), ('strategy1_20', 5, None, None), ('strategy1_21', 5, None, None), ('strategy1_27', 5, None, None), ('strategy1_28', 5, None, None), ('strategy1_29', 4, 4730.0, 1), ('strategy1_30', 4, 4730.0, 1), ('strategy1_31', 4, 4728.0, 1), ('strategy1_37', 5, None, None), ('strategy1_38', 5, None, None), ('strategy1_40', 5, None, None), ('strategy1_42', 5, None, None), ('strategy1_44', 5, None, None), ('strategy1_45', 5, None, None), ('strategy1_46', 4, 4731.0, 1)]}
2022-09-15 16:52:57 [com.tq.yuxuan.xxljob.task.MyTask#demoJobHandler]-[55]-[xxl-job, JobThread-5-1663231972008] TransQuant tick回测任务完成.
2022-09-15 16:52:57 [com.xxl.job.core.thread.JobThread#run]-[179]-[xxl-job, JobThread-5-1663231972008] <br>----------- xxl-job job execute end(finish) -----------<br>----------- Result: handleCode=200, handleMsg = null
2022-09-15 16:52:57 [com.xxl.job.core.thread.TriggerCallbackThread#callbackLog]-[197]-[xxl-job, executor TriggerCallbackThread] <br>----------- xxl-job job callback finish.
