2022-09-07 15:54:26 [com.xxl.job.core.thread.JobThread#run]-[133]-[xxl-job, JobThread-5-1662537266772] <br>----------- xxl-job job execute start -----------<br>----------- Param:
2022-09-07 15:54:26 [com.tq.yuxuan.xxljob.task.MyTask#demoJobHandler]-[27]-[xxl-job, JobThread-5-1662537266772] TransQuant tick回测任务启动.
2022-09-07 15:54:26 [com.xxl.job.core.thread.JobThread#run]-[204]-[xxl-job, JobThread-5-1662537266772] <br>----------- JobThread Exception:java.lang.reflect.InvocationTargetException
	at sun.reflect.NativeMethodAccessorImpl.invoke0(Native Method)
	at sun.reflect.NativeMethodAccessorImpl.invoke(NativeMethodAccessorImpl.java:62)
	at sun.reflect.DelegatingMethodAccessorImpl.invoke(DelegatingMethodAccessorImpl.java:43)
	at java.lang.reflect.Method.invoke(Method.java:498)
	at com.xxl.job.core.handler.impl.MethodJobHandler.execute(MethodJobHandler.java:31)
	at com.xxl.job.core.thread.JobThread.run(JobThread.java:166)
Caused by: java.lang.NullPointerException
	at com.tq.yuxuan.xxljob.task.MyTask.demoJobHandler(MyTask.java:34)
	... 6 more
<br>----------- xxl-job job execute end(error) -----------
2022-09-07 15:54:26 [com.xxl.job.core.thread.TriggerCallbackThread#callbackLog]-[197]-[xxl-job, executor TriggerCallbackThread] <br>----------- xxl-job job callback finish.
2022-09-07 15:54:47 [com.xxl.job.core.thread.JobThread#run]-[194]-[xxl-job, JobThread-5-1662537266772] <br>----------- JobThread toStop, stopReason:web container destroy and kill the job.
2022-09-07 15:54:47 [com.xxl.job.core.thread.JobThread#run]-[204]-[xxl-job, JobThread-5-1662537266772] <br>----------- JobThread Exception:java.lang.InterruptedException
	at java.util.concurrent.locks.AbstractQueuedSynchronizer$ConditionObject.reportInterruptAfterWait(AbstractQueuedSynchronizer.java:2014)
	at java.util.concurrent.locks.AbstractQueuedSynchronizer$ConditionObject.awaitNanos(AbstractQueuedSynchronizer.java:2088)
	at java.util.concurrent.LinkedBlockingQueue.poll(LinkedBlockingQueue.java:467)
	at com.xxl.job.core.thread.JobThread.run(JobThread.java:114)
<br>----------- xxl-job job execute end(error) -----------
